WARNING: A terminally deprecated method in sun.misc.Unsafe has been called
WARNING: sun.misc.Unsafe::staticFieldBase has been called by com.google.inject.internal.aop.HiddenClassDefiner (file:/home/poddingue/.sdkman/candidates/maven/current/lib/guice-5.1.0-classes.jar)
WARNING: Please consider reporting this to the maintainers of class com.google.inject.internal.aop.HiddenClassDefiner
WARNING: sun.misc.Unsafe::staticFieldBase will be removed in a future release
[INFO] Scanning for projects...
[INFO] 
[INFO] Using the MultiThreadedBuilder implementation with a thread count of 4
[INFO] 
[INFO] ---------------< io.jenkins.plugins:analysis-model-api >----------------
[INFO] Building Analysis Model API Plugin 13.8.0-999999-SNAPSHOT
[INFO]   from pom.xml
[INFO] --------------------------------[ hpi ]---------------------------------
[INFO] 
[INFO] --- clean:3.5.0:clean (default-clean) @ analysis-model-api ---
[INFO] 
[INFO] --- hpi:3.66:validate (default-validate) @ analysis-model-api ---
[INFO] Created marker file /tmp/plugin-builds/analysis-model-api/target/java-level/17
[INFO] 
[INFO] --- hpi:3.66:validate-hpi (default-validate-hpi) @ analysis-model-api ---
[INFO] 
[INFO] --- enforcer:3.5.0:enforce (display-info) @ analysis-model-api ---
[INFO] Ignoring requireUpperBoundDeps in org.ow2.asm:asm
[INFO] Rule 0: org.apache.maven.enforcer.rules.dependency.RequireUpperBoundDeps passed
[INFO] Rule 1: io.jenkins.tools.incrementals.enforcer.RequireExtensionVersion passed
[INFO] Rule 2: org.apache.maven.enforcer.rules.version.RequireMavenVersion passed
[INFO] Rule 3: org.apache.maven.enforcer.rules.version.RequireJavaVersion passed
[INFO] Rule 4: org.codehaus.mojo.extraenforcer.dependencies.EnforceBytecodeVersion passed
[INFO] Rule 5: org.apache.maven.enforcer.rules.dependency.BannedDependencies passed
[INFO] Rule 6: org.apache.maven.enforcer.rules.dependency.BannedDependencies passed
[INFO] 
[INFO] --- enforcer:3.5.0:enforce (no-snapshots-in-release) @ analysis-model-api ---
[INFO] Rule 0: org.apache.maven.enforcer.rules.dependency.RequireReleaseDeps passed
[INFO] 
[INFO] --- localizer:1.31:generate (default) @ analysis-model-api ---
[INFO] 
[INFO] >>> javadoc:3.11.2:javadoc (default) > generate-sources @ analysis-model-api >>>
[INFO] 
[INFO] --- hpi:3.66:validate (default-validate) @ analysis-model-api ---
[INFO] 
[INFO] --- hpi:3.66:validate-hpi (default-validate-hpi) @ analysis-model-api ---
[INFO] 
[INFO] --- enforcer:3.5.0:enforce (display-info) @ analysis-model-api ---
[INFO] Ignoring requireUpperBoundDeps in org.ow2.asm:asm
[INFO] Rule 0: org.apache.maven.enforcer.rules.dependency.RequireUpperBoundDeps passed
[INFO] Rule 4: org.codehaus.mojo.extraenforcer.dependencies.EnforceBytecodeVersion passed
[INFO] Rule 5: org.apache.maven.enforcer.rules.dependency.BannedDependencies passed
[INFO] Rule 6: org.apache.maven.enforcer.rules.dependency.BannedDependencies passed
[INFO] 
[INFO] --- enforcer:3.5.0:enforce (no-snapshots-in-release) @ analysis-model-api ---
[INFO] Rule 0: org.apache.maven.enforcer.rules.dependency.RequireReleaseDeps passed
[INFO] 
[INFO] --- localizer:1.31:generate (default) @ analysis-model-api ---
[INFO] 
[INFO] <<< javadoc:3.11.2:javadoc (default) < generate-sources @ analysis-model-api <<<
[INFO] 
[INFO] 
[INFO] --- javadoc:3.11.2:javadoc (default) @ analysis-model-api ---
[INFO] No previous run data found, generating javadoc.
[INFO] 
[INFO] --- resources:3.3.1:resources (default-resources) @ analysis-model-api ---
[INFO] Copying 2 resources from src/main/resources to target/classes
[INFO] 
[INFO] --- flatten:1.7.1:flatten (flatten) @ analysis-model-api ---
[INFO] Generating flattened POM of project io.jenkins.plugins:analysis-model-api:hpi:13.8.0-999999-SNAPSHOT...
[INFO] 
[INFO] --- compiler:3.14.0:compile (default-compile) @ analysis-model-api ---
[INFO] Recompiling the module because of changed source code.
[INFO] Compiling 1 source file with javac [debug parameters release 17] to target/classes
[INFO] 
[INFO] --- access-modifier-checker:1.35:enforce (default-enforce) @ analysis-model-api ---
[INFO] 
[INFO] --- bridge-method-injector:1.31:process (default) @ analysis-model-api ---
[INFO] 
[INFO] --- hpi:3.66:insert-test (default-insert-test) @ analysis-model-api ---
[INFO] 
[INFO] --- antrun:3.1.0:run (createTempDir) @ analysis-model-api ---
[INFO] Executing tasks
[INFO]     [mkdir] Created dir: /tmp/plugin-builds/analysis-model-api/target/tmp
[INFO] Executed tasks
[INFO] 
[INFO] --- resources:3.3.1:testResources (default-testResources) @ analysis-model-api ---
[INFO] Not copying test resources
[INFO] 
[INFO] --- compiler:3.14.0:testCompile (default-testCompile) @ analysis-model-api ---
[INFO] Not compiling test sources
[INFO] 
[INFO] --- hpi:3.66:test-hpl (default-test-hpl) @ analysis-model-api ---
[INFO] Generating /tmp/plugin-builds/analysis-model-api/target/test-classes/the.hpl
[INFO] 
[INFO] --- hpi:3.66:resolve-test-dependencies (default-resolve-test-dependencies) @ analysis-model-api ---
[INFO] 
[INFO] --- hpi:3.66:test-runtime (default-test-runtime) @ analysis-model-api ---
[INFO] Tests are skipped.
[INFO] 
[INFO] --- jacoco:0.8.13:prepare-agent (default) @ analysis-model-api ---
[INFO] argLine set to -javaagent:/home/poddingue/.m2/repository/org/jacoco/org.jacoco.agent/0.8.13/org.jacoco.agent-0.8.13-runtime.jar=destfile=/tmp/plugin-builds/analysis-model-api/target/jacoco.exec,includes=io/jenkins/plugins/**/* -Xms768M -Xmx768M -XX:+HeapDumpOnOutOfMemoryError -XX:+TieredCompilation -XX:TieredStopAtLevel=1 @{jenkins.addOpens} @{jenkins.insaneHook} @{jenkins.javaAgent}
[INFO] 
[INFO] --- surefire:3.5.3:test (default-test) @ analysis-model-api ---
[INFO] Tests are skipped.
[INFO] 
[INFO] --- license:165.v7e11f4e4a_325:process (default) @ analysis-model-api ---
[INFO] ------------------------------------------------------------------------
[INFO] BUILD FAILURE
[INFO] ------------------------------------------------------------------------
[INFO] Total time:  37.219 s (Wall Clock)
[INFO] Finished at: 2025-09-01T09:51:17+02:00
[INFO] ------------------------------------------------------------------------
[ERROR] BUG! exception in phase 'semantic analysis' in source unit 'inlineScript' Unsupported class file major version 69 -> [Help 1]
[ERROR] BUG! exception in phase 'semantic analysis' in source unit 'inlineScript' Unsupported class file major version 69
[ERROR] 
[ERROR] To see the full stack trace of the errors, re-run Maven with the -e switch.
[ERROR] Re-run Maven using the -X switch to enable full debug logging.
[ERROR] 
[ERROR] For more information about the errors and possible solutions, please read the following articles:
[ERROR] [Help 1] http://cwiki.apache.org/confluence/display/MAVEN/GroovyBugError
