WARNING: A terminally deprecated method in sun.misc.Unsafe has been called
WARNING: sun.misc.Unsafe::staticFieldBase has been called by com.google.inject.internal.aop.HiddenClassDefiner (file:/home/poddingue/.sdkman/candidates/maven/current/lib/guice-5.1.0-classes.jar)
WARNING: Please consider reporting this to the maintainers of class com.google.inject.internal.aop.HiddenClassDefiner
WARNING: sun.misc.Unsafe::staticFieldBase will be removed in a future release
[INFO] Scanning for projects...
[INFO] 
[INFO] Using the MultiThreadedBuilder implementation with a thread count of 4
[INFO] 
[INFO] ---------------------< org.jenkins-ci.plugins:ant >---------------------
[INFO] Building Ant Plugin 999999-SNAPSHOT
[INFO]   from pom.xml
[INFO] --------------------------------[ hpi ]---------------------------------
[INFO] 
[INFO] --- clean:3.5.0:clean (default-clean) @ ant ---
[INFO] 
[INFO] --- hpi:3.66:validate (default-validate) @ ant ---
[INFO] Created marker file /tmp/plugin-builds/ant/target/java-level/17
[INFO] 
[INFO] --- hpi:3.66:validate-hpi (default-validate-hpi) @ ant ---
[INFO] 
[INFO] --- enforcer:3.5.0:enforce (display-info) @ ant ---
[INFO] Rule 0: io.jenkins.tools.incrementals.enforcer.RequireExtensionVersion passed
[INFO] Rule 1: org.apache.maven.enforcer.rules.version.RequireMavenVersion passed
[INFO] Rule 2: org.apache.maven.enforcer.rules.version.RequireJavaVersion passed
[INFO] Rule 3: org.codehaus.mojo.extraenforcer.dependencies.EnforceBytecodeVersion passed
[INFO] Rule 4: org.apache.maven.enforcer.rules.dependency.BannedDependencies passed
[INFO] Rule 5: org.apache.maven.enforcer.rules.dependency.BannedDependencies passed
[INFO] Rule 6: org.apache.maven.enforcer.rules.dependency.RequireUpperBoundDeps passed
[INFO] 
[INFO] --- enforcer:3.5.0:enforce (no-snapshots-in-release) @ ant ---
[INFO] Rule 0: org.apache.maven.enforcer.rules.dependency.RequireReleaseDeps passed
[INFO] 
[INFO] --- localizer:1.31:generate (default) @ ant ---
[INFO] 
[INFO] --- resources:3.3.1:resources (default-resources) @ ant ---
[INFO] Copying 105 resources from src/main/resources to target/classes
[INFO] 
[INFO] --- flatten:1.7.1:flatten (flatten) @ ant ---
[INFO] Generating flattened POM of project org.jenkins-ci.plugins:ant:hpi:999999-SNAPSHOT...
[INFO] 
[INFO] --- compiler:3.14.0:compile (default-compile) @ ant ---
[INFO] Recompiling the module because of changed source code.
[INFO] Compiling 6 source files with javac [debug parameters release 17] to target/classes
[INFO] hudson.tasks.Ant.DescriptorImpl indexed under hudson.Extension
[INFO] hudson.tasks.Ant.AntInstallation.DescriptorImpl indexed under hudson.Extension
[INFO] hudson.tasks.Ant.AntInstaller.DescriptorImpl indexed under hudson.Extension
[INFO] hudson.tasks.AntWrapper.DescriptorImpl indexed under hudson.Extension
[INFO] hudson.tasks._ant.AntOutcomeNote.DescriptorImpl indexed under hudson.Extension
[INFO] hudson.tasks._ant.AntTargetNote.DescriptorImpl indexed under hudson.Extension
[INFO] /tmp/plugin-builds/ant/src/main/java/hudson/tasks/Ant.java:[358,16] Generating hudson/tasks/Ant/AntInstallation.stapler
[INFO] /tmp/plugin-builds/ant/src/main/java/hudson/tasks/Ant.java:[505,16] Generating hudson/tasks/Ant/AntInstaller.stapler
[INFO] /tmp/plugin-builds/ant/src/main/java/hudson/tasks/Ant.java:[107,12] Generating hudson/tasks/Ant.stapler
[INFO] /tmp/plugin-builds/ant/src/main/java/hudson/tasks/AntWrapper.java:[59,12] Generating hudson/tasks/AntWrapper.stapler
[INFO] /tmp/plugin-builds/ant/src/main/java/hudson/tasks/Ant.java:[469,35] Generating hudson/tasks/Ant/AntInstallation/DescriptorImpl/doCheckHome.stapler
[INFO] /tmp/plugin-builds/ant/src/main/java/hudson/tasks/Ant.java:[487,35] Generating hudson/tasks/Ant/AntInstallation/DescriptorImpl/doCheckName.stapler
[WARNING] /tmp/plugin-builds/ant/src/main/java/hudson/tasks/Ant.java:[388,23] deprecated item is not annotated with @Deprecated
[INFO] 
[INFO] --- access-modifier-checker:1.35:enforce (default-enforce) @ ant ---
[INFO] 
[INFO] --- bridge-method-injector:1.31:process (default) @ ant ---
[INFO] 
[INFO] --- hpi:3.66:insert-test (default-insert-test) @ ant ---
[INFO] 
[INFO] --- antrun:3.1.0:run (createTempDir) @ ant ---
[INFO] Executing tasks
[INFO]     [mkdir] Created dir: /tmp/plugin-builds/ant/target/tmp
[INFO] Executed tasks
[INFO] 
[INFO] --- resources:3.3.1:testResources (default-testResources) @ ant ---
[INFO] Not copying test resources
[INFO] 
[INFO] --- compiler:3.14.0:testCompile (default-testCompile) @ ant ---
[INFO] Not compiling test sources
[INFO] 
[INFO] --- hpi:3.66:test-hpl (default-test-hpl) @ ant ---
[INFO] Generating /tmp/plugin-builds/ant/target/test-classes/the.hpl
[INFO] 
[INFO] --- hpi:3.66:resolve-test-dependencies (default-resolve-test-dependencies) @ ant ---
[INFO] 
[INFO] --- hpi:3.66:test-runtime (default-test-runtime) @ ant ---
[INFO] Tests are skipped.
[INFO] 
[INFO] --- surefire:3.5.3:test (default-test) @ ant ---
[INFO] Tests are skipped.
[INFO] 
[INFO] --- license:165.v7e11f4e4a_325:process (default) @ ant ---
[INFO] ------------------------------------------------------------------------
[INFO] BUILD FAILURE
[INFO] ------------------------------------------------------------------------
[INFO] Total time:  20.994 s (Wall Clock)
[INFO] Finished at: 2025-08-22T18:07:19+02:00
[INFO] ------------------------------------------------------------------------
[ERROR] BUG! exception in phase 'semantic analysis' in source unit 'inlineScript' Unsupported class file major version 69 -> [Help 1]
[ERROR] BUG! exception in phase 'semantic analysis' in source unit 'inlineScript' Unsupported class file major version 69
[ERROR] 
[ERROR] To see the full stack trace of the errors, re-run Maven with the -e switch.
[ERROR] Re-run Maven using the -X switch to enable full debug logging.
[ERROR] 
[ERROR] For more information about the errors and possible solutions, please read the following articles:
[ERROR] [Help 1] http://cwiki.apache.org/confluence/display/MAVEN/GroovyBugError
