WARNING: A terminally deprecated method in sun.misc.Unsafe has been called
WARNING: sun.misc.Unsafe::staticFieldBase has been called by com.google.inject.internal.aop.HiddenClassDefiner (file:/home/poddingue/.sdkman/candidates/maven/current/lib/guice-5.1.0-classes.jar)
WARNING: Please consider reporting this to the maintainers of class com.google.inject.internal.aop.HiddenClassDefiner
WARNING: sun.misc.Unsafe::staticFieldBase will be removed in a future release
[INFO] Scanning for projects...
[INFO] 
[INFO] Using the MultiThreadedBuilder implementation with a thread count of 4
[INFO] 
[INFO] ---------------< org.jenkins-ci.plugins:aws-credentials >---------------
[INFO] Building AWS Credentials Plugin 999999-SNAPSHOT
[INFO]   from pom.xml
[INFO] --------------------------------[ hpi ]---------------------------------
[INFO] 
[INFO] --- clean:3.4.1:clean (default-clean) @ aws-credentials ---
[INFO] 
[INFO] --- hpi:3.65:validate (default-validate) @ aws-credentials ---
[INFO] Created marker file /tmp/plugin-builds/aws-credentials/target/java-level/17
[INFO] 
[INFO] --- hpi:3.65:validate-hpi (default-validate-hpi) @ aws-credentials ---
[INFO] 
[INFO] --- enforcer:3.5.0:enforce (display-info) @ aws-credentials ---
[INFO] Rule 0: io.jenkins.tools.incrementals.enforcer.RequireExtensionVersion passed
[INFO] Rule 1: org.apache.maven.enforcer.rules.version.RequireMavenVersion passed
[INFO] Rule 2: org.apache.maven.enforcer.rules.version.RequireJavaVersion passed
[INFO] Rule 3: org.codehaus.mojo.extraenforcer.dependencies.EnforceBytecodeVersion passed
[INFO] Rule 4: org.apache.maven.enforcer.rules.dependency.BannedDependencies passed
[INFO] Rule 5: org.apache.maven.enforcer.rules.dependency.BannedDependencies passed
[INFO] Rule 6: org.apache.maven.enforcer.rules.dependency.RequireUpperBoundDeps passed
[INFO] 
[INFO] --- enforcer:3.5.0:enforce (no-snapshots-in-release) @ aws-credentials ---
[INFO] Rule 0: org.apache.maven.enforcer.rules.dependency.RequireReleaseDeps passed
[INFO] 
[INFO] --- localizer:1.31:generate (default) @ aws-credentials ---
[INFO] 
[INFO] --- resources:3.3.1:resources (default-resources) @ aws-credentials ---
[INFO] Copying 12 resources from src/main/resources to target/classes
[INFO] 
[INFO] --- flatten:1.7.0:flatten (flatten) @ aws-credentials ---
[INFO] Generating flattened POM of project org.jenkins-ci.plugins:aws-credentials:hpi:999999-SNAPSHOT...
[INFO] 
[INFO] --- compiler:3.14.0:compile (default-compile) @ aws-credentials ---
[INFO] Recompiling the module because of changed source code.
[INFO] Compiling 7 source files with javac [debug parameters release 17] to target/classes
[INFO] com.cloudbees.jenkins.plugins.awscredentials.AWSDeclarativeCredentialsHandler indexed under org.jenkinsci.plugins.variant.OptionalExtension
[INFO] com.cloudbees.jenkins.plugins.awscredentials.AWSCredentialsImpl.DescriptorImpl indexed under hudson.Extension
[INFO] com.cloudbees.jenkins.plugins.awscredentials.AmazonWebServicesCredentialsBinding.DescriptorImpl indexed under hudson.Extension
[INFO] /tmp/plugin-builds/aws-credentials/src/main/java/com/cloudbees/jenkins/plugins/awscredentials/AWSCredentialsImpl.java:[114,12] Generating com/cloudbees/jenkins/plugins/awscredentials/AWSCredentialsImpl.stapler
[INFO] /tmp/plugin-builds/aws-credentials/src/main/java/com/cloudbees/jenkins/plugins/awscredentials/AmazonWebServicesCredentialsBinding.java:[80,12] Generating com/cloudbees/jenkins/plugins/awscredentials/AmazonWebServicesCredentialsBinding.stapler
[INFO] /tmp/plugin-builds/aws-credentials/src/main/java/com/cloudbees/jenkins/plugins/awscredentials/AWSCredentialsImpl.java:[362,31] Generating com/cloudbees/jenkins/plugins/awscredentials/AWSCredentialsImpl/DescriptorImpl/doCheckSecretKey.stapler
[INFO] /tmp/plugin-builds/aws-credentials/src/main/java/com/cloudbees/jenkins/plugins/awscredentials/AWSCredentialsHelper.java: Some input files use or override a deprecated API.
[INFO] /tmp/plugin-builds/aws-credentials/src/main/java/com/cloudbees/jenkins/plugins/awscredentials/AWSCredentialsHelper.java: Recompile with -Xlint:deprecation for details.
[INFO] /tmp/plugin-builds/aws-credentials/src/main/java/com/cloudbees/jenkins/plugins/awscredentials/AWSCredentialsHelper.java: /tmp/plugin-builds/aws-credentials/src/main/java/com/cloudbees/jenkins/plugins/awscredentials/AWSCredentialsHelper.java uses unchecked or unsafe operations.
[INFO] /tmp/plugin-builds/aws-credentials/src/main/java/com/cloudbees/jenkins/plugins/awscredentials/AWSCredentialsHelper.java: Recompile with -Xlint:unchecked for details.
[INFO] 
[INFO] --- access-modifier-checker:1.35:enforce (default-enforce) @ aws-credentials ---
[INFO] 
[INFO] --- bridge-method-injector:1.31:process (default) @ aws-credentials ---
[INFO] 
[INFO] --- hpi:3.65:insert-test (default-insert-test) @ aws-credentials ---
[INFO] 
[INFO] --- antrun:3.1.0:run (createTempDir) @ aws-credentials ---
[INFO] Executing tasks
[INFO]     [mkdir] Created dir: /tmp/plugin-builds/aws-credentials/target/tmp
[INFO] Executed tasks
[INFO] 
[INFO] --- resources:3.3.1:testResources (default-testResources) @ aws-credentials ---
[INFO] Not copying test resources
[INFO] 
[INFO] --- compiler:3.14.0:testCompile (default-testCompile) @ aws-credentials ---
[INFO] Not compiling test sources
[INFO] 
[INFO] --- hpi:3.65:test-hpl (default-test-hpl) @ aws-credentials ---
[INFO] Generating /tmp/plugin-builds/aws-credentials/target/test-classes/the.hpl
[INFO] 
[INFO] --- hpi:3.65:resolve-test-dependencies (default-resolve-test-dependencies) @ aws-credentials ---
[INFO] 
[INFO] --- hpi:3.65:test-runtime (default-test-runtime) @ aws-credentials ---
[INFO] Tests are skipped.
[INFO] 
[INFO] --- surefire:3.5.3:test (default-test) @ aws-credentials ---
[INFO] Tests are skipped.
[INFO] 
[INFO] --- license:165.v7e11f4e4a_325:process (default) @ aws-credentials ---
[INFO] ------------------------------------------------------------------------
[INFO] BUILD FAILURE
[INFO] ------------------------------------------------------------------------
[INFO] Total time:  27.114 s (Wall Clock)
[INFO] Finished at: 2025-08-22T18:25:42+02:00
[INFO] ------------------------------------------------------------------------
[ERROR] BUG! exception in phase 'semantic analysis' in source unit 'inlineScript' Unsupported class file major version 69 -> [Help 1]
[ERROR] BUG! exception in phase 'semantic analysis' in source unit 'inlineScript' Unsupported class file major version 69
[ERROR] 
[ERROR] To see the full stack trace of the errors, re-run Maven with the -e switch.
[ERROR] Re-run Maven using the -X switch to enable full debug logging.
[ERROR] 
[ERROR] For more information about the errors and possible solutions, please read the following articles:
[ERROR] [Help 1] http://cwiki.apache.org/confluence/display/MAVEN/GroovyBugError
