WARNING: A terminally deprecated method in sun.misc.Unsafe has been called
WARNING: sun.misc.Unsafe::staticFieldBase has been called by com.google.inject.internal.aop.HiddenClassDefiner (file:/home/poddingue/.sdkman/candidates/maven/current/lib/guice-5.1.0-classes.jar)
WARNING: Please consider reporting this to the maintainers of class com.google.inject.internal.aop.HiddenClassDefiner
WARNING: sun.misc.Unsafe::staticFieldBase will be removed in a future release
[INFO] Scanning for projects...
[INFO] 
[INFO] Using the MultiThreadedBuilder implementation with a thread count of 4
[INFO] 
[INFO] -----------< org.jenkins-ci.plugins:blueocean-autofavorite >------------
[INFO] Building Autofavorite for Blue Ocean 1.2.6-SNAPSHOT
[INFO]   from pom.xml
[INFO] --------------------------------[ hpi ]---------------------------------
[INFO] 
[INFO] --- clean:3.4.0:clean (default-clean) @ blueocean-autofavorite ---
[INFO] 
[INFO] --- hpi:3.56:validate (default-validate) @ blueocean-autofavorite ---
[INFO] Created marker file /tmp/plugin-builds/blueocean-autofavorite/target/java-level/11
[WARNING] Ignoring deprecated java.level property. This property should be removed from your plugin's POM. In the future this warning will be changed to an error and will break the build.
[INFO] 
[INFO] --- hpi:3.56:validate-hpi (default-validate-hpi) @ blueocean-autofavorite ---
[INFO] 
[INFO] --- enforcer:3.5.0:enforce (display-info) @ blueocean-autofavorite ---
[INFO] Rule 0: org.apache.maven.enforcer.rules.version.RequireMavenVersion passed
[INFO] Rule 1: org.apache.maven.enforcer.rules.version.RequireJavaVersion passed
[INFO] Rule 2: org.codehaus.mojo.extraenforcer.dependencies.EnforceBytecodeVersion passed
[INFO] Rule 3: org.apache.maven.enforcer.rules.dependency.BannedDependencies passed
[INFO] Rule 4: org.apache.maven.enforcer.rules.dependency.RequireUpperBoundDeps passed
[INFO] 
[INFO] --- enforcer:3.5.0:enforce (no-snapshots-in-release) @ blueocean-autofavorite ---
[INFO] Rule 0: org.apache.maven.enforcer.rules.dependency.RequireReleaseDeps passed
[INFO] 
[INFO] --- localizer:1.31:generate (default) @ blueocean-autofavorite ---
[INFO] 
[INFO] --- resources:3.3.1:resources (default-resources) @ blueocean-autofavorite ---
[INFO] Copying 4 resources from src/main/resources to target/classes
[INFO] 
[INFO] --- compiler:3.13.0:compile (default-compile) @ blueocean-autofavorite ---
[INFO] Recompiling the module because of changed source code.
[INFO] Compiling 3 source files with javac [debug parameters release 11] to target/classes
[INFO] io.jenkins.blueocean.autofavorite.FavoritingScmListener indexed under hudson.Extension
[INFO] io.jenkins.blueocean.autofavorite.user.FavoritingUserProperty.DescriptorImpl indexed under hudson.Extension
[INFO] 
[INFO] --- access-modifier-checker:1.33:enforce (default-enforce) @ blueocean-autofavorite ---
[INFO] 
[INFO] --- hpi:3.56:insert-test (default-insert-test) @ blueocean-autofavorite ---
[INFO] 
[INFO] --- antrun:3.1.0:run (createTempDir) @ blueocean-autofavorite ---
[INFO] Executing tasks
[INFO]     [mkdir] Created dir: /tmp/plugin-builds/blueocean-autofavorite/target/tmp
[INFO] Executed tasks
[INFO] 
[INFO] --- resources:3.3.1:testResources (default-testResources) @ blueocean-autofavorite ---
[INFO] Not copying test resources
[INFO] 
[INFO] --- compiler:3.13.0:testCompile (default-testCompile) @ blueocean-autofavorite ---
[INFO] Not compiling test sources
[INFO] 
[INFO] --- hpi:3.56:test-hpl (default-test-hpl) @ blueocean-autofavorite ---
[INFO] Generating /tmp/plugin-builds/blueocean-autofavorite/target/test-classes/the.hpl
[INFO] 
[INFO] --- hpi:3.56:resolve-test-dependencies (default-resolve-test-dependencies) @ blueocean-autofavorite ---
[INFO] 
[INFO] --- hpi:3.56:test-runtime (default-test-runtime) @ blueocean-autofavorite ---
[INFO] Tests are skipped.
[INFO] 
[INFO] --- surefire:3.3.1:test (default-test) @ blueocean-autofavorite ---
[INFO] Tests are skipped.
[INFO] 
[INFO] --- license:139.v9b_5625f30dcb_:process (default) @ blueocean-autofavorite ---
[INFO] ------------------------------------------------------------------------
[INFO] BUILD FAILURE
[INFO] ------------------------------------------------------------------------
[INFO] Total time:  36.360 s (Wall Clock)
[INFO] Finished at: 2025-09-01T09:41:52+02:00
[INFO] ------------------------------------------------------------------------
[ERROR] BUG! exception in phase 'semantic analysis' in source unit 'inlineScript' Unsupported class file major version 69 -> [Help 1]
[ERROR] BUG! exception in phase 'semantic analysis' in source unit 'inlineScript' Unsupported class file major version 69
[ERROR] 
[ERROR] To see the full stack trace of the errors, re-run Maven with the -e switch.
[ERROR] Re-run Maven using the -X switch to enable full debug logging.
[ERROR] 
[ERROR] For more information about the errors and possible solutions, please read the following articles:
[ERROR] [Help 1] http://cwiki.apache.org/confluence/display/MAVEN/GroovyBugError
