WARNING: A terminally deprecated method in sun.misc.Unsafe has been called
WARNING: sun.misc.Unsafe::staticFieldBase has been called by com.google.inject.internal.aop.HiddenClassDefiner (file:/usr/share/apache-maven-3.9.11/lib/guice-5.1.0-classes.jar)
WARNING: Please consider reporting this to the maintainers of class com.google.inject.internal.aop.HiddenClassDefiner
WARNING: sun.misc.Unsafe::staticFieldBase will be removed in a future release
[INFO] Scanning for projects...
[INFO] Artifact org.jenkins-ci.tools:maven-hpi-plugin:pom:3.27 is present in the local repository, but cached from a remote repository ID that is unavailable in current build context, verifying that is downloadable from [incrementals (https://repo.jenkins-ci.org/incrementals/, default, releases), central (https://repo.maven.apache.org/maven2, default, releases)]
[INFO] Artifact org.jenkins-ci.tools:maven-hpi-plugin:pom:3.27 is present in the local repository, but cached from a remote repository ID that is unavailable in current build context, verifying that is downloadable from [incrementals (https://repo.jenkins-ci.org/incrementals/, default, releases), central (https://repo.maven.apache.org/maven2, default, releases)]
[WARNING] The POM for org.jenkins-ci.tools:maven-hpi-plugin:jar:3.27 is missing, no dependency information available
[INFO] Artifact org.jenkins-ci.tools:maven-hpi-plugin:jar:3.27 is present in the local repository, but cached from a remote repository ID that is unavailable in current build context, verifying that is downloadable from [incrementals (https://repo.jenkins-ci.org/incrementals/, default, releases), central (https://repo.maven.apache.org/maven2, default, releases)]
[INFO] Artifact org.jenkins-ci.tools:maven-hpi-plugin:jar:3.27 is present in the local repository, but cached from a remote repository ID that is unavailable in current build context, verifying that is downloadable from [incrementals (https://repo.jenkins-ci.org/incrementals/, default, releases), central (https://repo.maven.apache.org/maven2, default, releases)]
[WARNING] Failed to build parent project for org.jvnet.hudson.plugins:analysis-pom:pom:5.24.0
[WARNING] Failed to build parent project for io.jenkins.plugins:bootstrap4-api:hpi:4.6.0-7-SNAPSHOT
[INFO] 
[INFO] -----------------< io.jenkins.plugins:bootstrap4-api >------------------
[INFO] Building Bootstrap 4 API Plugin 4.6.0-7-SNAPSHOT
[INFO]   from pom.xml
[INFO] --------------------------------[ hpi ]---------------------------------
[WARNING] Parameter 'showDeprecation' is unknown for plugin 'maven-hpi-plugin:3.27:validate (default-validate)'
[WARNING] Parameter 'showDeprecation' is unknown for plugin 'maven-hpi-plugin:3.27:validate-hpi (default-validate-hpi)'
[WARNING] Parameter 'showDeprecation' is unknown for plugin 'maven-hpi-plugin:3.27:initialize (default-initialize)'
[WARNING] Parameter 'showDeprecation' is unknown for plugin 'maven-hpi-plugin:3.27:validate (default-validate)'
[WARNING] Parameter 'showDeprecation' is unknown for plugin 'maven-hpi-plugin:3.27:validate-hpi (default-validate-hpi)'
[WARNING] Parameter 'showDeprecation' is unknown for plugin 'maven-hpi-plugin:3.27:initialize (default-initialize)'
[WARNING] Parameter 'showDeprecation' is unknown for plugin 'maven-hpi-plugin:3.27:insert-test (default-insert-test)'
[WARNING] Parameter 'showDeprecation' is unknown for plugin 'maven-hpi-plugin:3.27:test-hpl (default-test-hpl)'
[WARNING] Parameter 'showDeprecation' is unknown for plugin 'maven-hpi-plugin:3.27:resolve-test-dependencies (default-resolve-test-dependencies)'
[WARNING] Parameter 'showDeprecation' is unknown for plugin 'maven-hpi-plugin:3.27:test-runtime (default-test-runtime)'
[WARNING] Parameter 'showDeprecation' is unknown for plugin 'maven-hpi-plugin:3.27:hpi (default-hpi)'
[INFO] 
[INFO] --- clean:3.2.0:clean (default-clean) @ bootstrap4-api ---
[INFO] 
[INFO] --- hpi:3.27:validate (default-validate) @ bootstrap4-api ---
[INFO] 
[INFO] --- hpi:3.27:validate-hpi (default-validate-hpi) @ bootstrap4-api ---
[INFO] 
[INFO] --- enforcer:3.0.0:display-info (display-info) @ bootstrap4-api ---
[INFO] Maven Version: 3.9.11
[INFO] JDK Version: 25.0.3-beta normalized as: 25.0.3
[INFO] Java Vendor: Eclipse Adoptium
[INFO] OS Info: Arch: amd64 Family: unix Name: linux Version: 6.11.0-1018-azure
[INFO] 
[INFO] --- enforcer:3.0.0:enforce (display-info) @ bootstrap4-api ---
[INFO] Ignoring requireUpperBoundDeps in javax.servlet:javax.servlet-api
[INFO] Ignoring requireUpperBoundDeps in org.kohsuke:access-modifier-annotation
[INFO] Ignoring requireUpperBoundDeps in org.ow2.asm:asm
[INFO] Adding ignore: module-info
[INFO] Adding ignore: module-info
[INFO] Adding ignore: */ModuleUtils*
[INFO] Adding ignore: com/tngtech/archunit/core/importer/Module*
[INFO] Adding ignore: com/tngtech/archunit/core/domain/Java9DomainPlugin*
[INFO] 
[INFO] --- enforcer:3.0.0:enforce (no-snapshots-in-release) @ bootstrap4-api ---
[INFO] 
[INFO] --- hpi:3.27:initialize (default-initialize) @ bootstrap4-api ---
[INFO] 
[INFO] --- gplus:1.13.1:addTestSources (test-in-groovy) @ bootstrap4-api ---
[INFO] 
[INFO] --- localizer:1.31:generate (default) @ bootstrap4-api ---
[INFO] 
[INFO] >>> javadoc:3.4.0:javadoc (default) > generate-sources @ bootstrap4-api >>>
[INFO] 
[INFO] --- hpi:3.27:validate (default-validate) @ bootstrap4-api ---
[INFO] 
[INFO] --- hpi:3.27:validate-hpi (default-validate-hpi) @ bootstrap4-api ---
[INFO] 
[INFO] --- enforcer:3.0.0:display-info (display-info) @ bootstrap4-api ---
[INFO] Maven Version: 3.9.11
[INFO] JDK Version: 25.0.3-beta normalized as: 25.0.3
[INFO] Java Vendor: Eclipse Adoptium
[INFO] OS Info: Arch: amd64 Family: unix Name: linux Version: 6.11.0-1018-azure
[INFO] 
[INFO] --- enforcer:3.0.0:enforce (display-info) @ bootstrap4-api ---
[INFO] Ignoring requireUpperBoundDeps in javax.servlet:javax.servlet-api
[INFO] Ignoring requireUpperBoundDeps in org.kohsuke:access-modifier-annotation
[INFO] Ignoring requireUpperBoundDeps in org.ow2.asm:asm
[INFO] Adding ignore: module-info
[INFO] Adding ignore: module-info
[INFO] Adding ignore: */ModuleUtils*
[INFO] Adding ignore: com/tngtech/archunit/core/importer/Module*
[INFO] Adding ignore: com/tngtech/archunit/core/domain/Java9DomainPlugin*
[INFO] 
[INFO] --- enforcer:3.0.0:enforce (no-snapshots-in-release) @ bootstrap4-api ---
[INFO] 
[INFO] --- hpi:3.27:initialize (default-initialize) @ bootstrap4-api ---
[INFO] 
[INFO] --- gplus:1.13.1:addTestSources (test-in-groovy) @ bootstrap4-api ---
[INFO] 
[INFO] --- localizer:1.31:generate (default) @ bootstrap4-api ---
[INFO] 
[INFO] <<< javadoc:3.4.0:javadoc (default) < generate-sources @ bootstrap4-api <<<
[INFO] 
[INFO] 
[INFO] --- javadoc:3.4.0:javadoc (default) @ bootstrap4-api ---
[INFO] No previous run data found, generating javadoc.
[INFO] 
[INFO] --- frontend:1.12.0:install-node-and-npm (install node and npm) @ bootstrap4-api ---
[INFO] Installing node version v14.16.1
[INFO] Unpacking /home/runner/.m2/repository/com/github/eirslett/node/14.16.1/node-14.16.1-linux-x64.tar.gz into /tmp/plugin-builds/bootstrap4-api/node/tmp
[INFO] Copying node binary from /tmp/plugin-builds/bootstrap4-api/node/tmp/node-v14.16.1-linux-x64/bin/node to /tmp/plugin-builds/bootstrap4-api/node/node
[INFO] Extracting NPM
[INFO] Installed node locally.
[INFO] 
[INFO] --- frontend:1.12.0:npm (npm install) @ bootstrap4-api ---
[INFO] Running 'npm install' in /tmp/plugin-builds/bootstrap4-api
[INFO] 
[INFO] > node-sass@7.0.0 install /tmp/plugin-builds/bootstrap4-api/node_modules/node-sass
[INFO] > node scripts/install.js
[INFO] 
[INFO] Downloading binary from https://github.com/sass/node-sass/releases/download/v7.0.0/linux-x64-83_binding.node
[INFO] Download complete
[INFO] Binary saved to /tmp/plugin-builds/bootstrap4-api/node_modules/node-sass/vendor/linux-x64-83/binding.node
[INFO] Caching binary to /home/runner/.npm/node-sass/7.0.0/linux-x64-83_binding.node
[INFO] 
[INFO] > node-sass@7.0.0 postinstall /tmp/plugin-builds/bootstrap4-api/node_modules/node-sass
[INFO] > node scripts/build.js
[INFO] 
[INFO] Binary found at /tmp/plugin-builds/bootstrap4-api/node_modules/node-sass/vendor/linux-x64-83/binding.node
[INFO] Testing binary
[INFO] Binary is fine
[INFO] npm WARN optional SKIPPING OPTIONAL DEPENDENCY: fsevents@2.3.2 (node_modules/fsevents):
[INFO] npm WARN notsup SKIPPING OPTIONAL DEPENDENCY: Unsupported platform for fsevents@2.3.2: wanted {"os":"darwin","arch":"any"} (current: {"os":"linux","arch":"x64"})
[INFO] 
[INFO] added 407 packages from 289 contributors and audited 408 packages in 14.776s
[INFO] 
[INFO] 117 packages are looking for funding
[INFO]   run `npm fund` for details
[INFO] 
[INFO] found 24 vulnerabilities (3 low, 6 moderate, 13 high, 2 critical)
[INFO]   run `npm audit fix` to fix them, or `npm audit` for details
[INFO] 
[INFO] --- resources:3.2.0:resources (default-resources) @ bootstrap4-api ---
[INFO] Using 'UTF-8' encoding to copy filtered resources.
[INFO] Using 'UTF-8' encoding to copy filtered properties files.
[INFO] Copying 6 resources
[INFO] 
[INFO] --- flatten:1.2.7:flatten (flatten) @ bootstrap4-api ---
[INFO] Generating flattened POM of project io.jenkins.plugins:bootstrap4-api:hpi:4.6.0-7-SNAPSHOT...
[INFO] 
[INFO] --- resources:3.2.0:copy-resources (copy-resources) @ bootstrap4-api ---
[INFO] Using 'UTF-8' encoding to copy filtered resources.
[INFO] Using 'UTF-8' encoding to copy filtered properties files.
[INFO] Copying 8 resources
[INFO] 
[INFO] --- compiler:3.10.1:compile (default-compile) @ bootstrap4-api ---
[INFO] Changes detected - recompiling the module!
[INFO] Compiling 1 source file to /tmp/plugin-builds/bootstrap4-api/target/classes
[INFO] 
[INFO] --- frontend:1.12.0:npm (npm build) @ bootstrap4-api ---
[INFO] Running 'npm run build' in /tmp/plugin-builds/bootstrap4-api
[INFO] 
[INFO] > bootstrap4@4.6.0 build /tmp/plugin-builds/bootstrap4-api
[INFO] > node-sass --output-style expanded --source-map true --source-map-contents true --precision 6 etc -o target/bootstrap4-api/css
[INFO] 
[INFO] Rendering Complete, saving .css file...
[INFO] Wrote CSS to /tmp/plugin-builds/bootstrap4-api/target/bootstrap4-api/css/bootstrap-custom-build.css
[INFO] Wrote Source Map to /tmp/plugin-builds/bootstrap4-api/target/bootstrap4-api/css/bootstrap-custom-build.css.map
[INFO] Rendering Complete, saving .css file...
[INFO] Wrote CSS to /tmp/plugin-builds/bootstrap4-api/target/bootstrap4-api/css/bootstrap-reboot.css
[INFO] Wrote Source Map to /tmp/plugin-builds/bootstrap4-api/target/bootstrap4-api/css/bootstrap-reboot.css.map
[INFO] Wrote 2 CSS files to /tmp/plugin-builds/bootstrap4-api/target/bootstrap4-api/css
[INFO] 
[INFO] --- access-modifier-checker:1.27:enforce (default-enforce) @ bootstrap4-api ---
[INFO] 
[INFO] --- hpi:3.27:insert-test (default-insert-test) @ bootstrap4-api ---
[INFO] 
[INFO] --- gplus:1.13.1:generateTestStubs (test-in-groovy) @ bootstrap4-api ---
[INFO] Generation of test stubs is skipped.
[INFO] 
[INFO] --- antrun:3.0.0:run (createTempDir) @ bootstrap4-api ---
[INFO] Executing tasks
[INFO]     [mkdir] Created dir: /tmp/plugin-builds/bootstrap4-api/target/tmp
[INFO] Executed tasks
[INFO] 
[INFO] --- resources:3.2.0:testResources (default-testResources) @ bootstrap4-api ---
[INFO] Not copying test resources
[INFO] 
[INFO] --- compiler:3.10.1:testCompile (default-testCompile) @ bootstrap4-api ---
[INFO] Not compiling test sources
[INFO] 
[INFO] --- hpi:3.27:test-hpl (default-test-hpl) @ bootstrap4-api ---
[INFO] Generating /tmp/plugin-builds/bootstrap4-api/target/test-classes/the.hpl
[INFO] 
[INFO] --- hpi:3.27:resolve-test-dependencies (default-resolve-test-dependencies) @ bootstrap4-api ---
[INFO] 
[INFO] --- gplus:1.13.1:compileTests (test-in-groovy) @ bootstrap4-api ---
[INFO] Compilation of tests is skipped.
[INFO] 
[INFO] --- jacoco:0.8.8:prepare-agent (default) @ bootstrap4-api ---
[INFO] argLine set to -javaagent:/home/runner/.m2/repository/org/jacoco/org.jacoco.agent/0.8.8/org.jacoco.agent-0.8.8-runtime.jar=destfile=/tmp/plugin-builds/bootstrap4-api/target/jacoco.exec,includes=io/jenkins/plugins/**/* -Xms768M -Xmx768M -XX:+HeapDumpOnOutOfMemoryError -XX:+TieredCompilation -XX:TieredStopAtLevel=1 @{jenkins.addOpens} @{jenkins.insaneHook}
[INFO] 
[INFO] --- hpi:3.27:test-runtime (default-test-runtime) @ bootstrap4-api ---
[INFO] Tests are skipped.
[INFO] 
[INFO] --- surefire:3.0.0-M6:test (default-test) @ bootstrap4-api ---
[INFO] Tests are skipped.
[INFO] 
[INFO] --- animal-sniffer:1.21:check (check) @ bootstrap4-api ---
[INFO] Signature checking is skipped.
[INFO] 
[INFO] --- maven-license-plugin:1.10:process (default) @ bootstrap4-api ---
[INFO] ------------------------------------------------------------------------
[INFO] BUILD FAILURE
[INFO] ------------------------------------------------------------------------
[INFO] Total time:  02:52 min
[INFO] Finished at: 2025-12-30T02:44:50Z
[INFO] ------------------------------------------------------------------------
[ERROR] Failed to execute goal com.cloudbees:maven-license-plugin:1.10:process (default) on project bootstrap4-api: Execution default of goal com.cloudbees:maven-license-plugin:1.10:process failed: startup failed:
[ERROR] General error during conversion: Unsupported class file major version 69
[ERROR] 
[ERROR] java.lang.IllegalArgumentException: Unsupported class file major version 69
[ERROR] 	at groovyjarjarasm.asm.ClassReader.<init>(ClassReader.java:199)
[ERROR] 	at groovyjarjarasm.asm.ClassReader.<init>(ClassReader.java:180)
[ERROR] 	at groovyjarjarasm.asm.ClassReader.<init>(ClassReader.java:166)
[ERROR] 	at groovyjarjarasm.asm.ClassReader.<init>(ClassReader.java:287)
[ERROR] 	at org.codehaus.groovy.ast.decompiled.AsmDecompiler.parseClass(AsmDecompiler.java:81)
[ERROR] 	at org.codehaus.groovy.control.ClassNodeResolver.findDecompiled(ClassNodeResolver.java:251)
[ERROR] 	at org.codehaus.groovy.control.ClassNodeResolver.tryAsLoaderClassOrScript(ClassNodeResolver.java:189)
[ERROR] 	at org.codehaus.groovy.control.ClassNodeResolver.findClassNode(ClassNodeResolver.java:169)
[ERROR] 	at org.codehaus.groovy.control.ClassNodeResolver.resolveName(ClassNodeResolver.java:125)
[ERROR] 	at org.codehaus.groovy.ast.decompiled.AsmReferenceResolver.resolveClassNullable(AsmReferenceResolver.java:57)
[ERROR] 	at org.codehaus.groovy.ast.decompiled.AsmReferenceResolver.resolveClass(AsmReferenceResolver.java:44)
[ERROR] 	at org.codehaus.groovy.ast.decompiled.ClassSignatureParser.configureClass(ClassSignatureParser.java:42)
[ERROR] 	at org.codehaus.groovy.ast.decompiled.DecompiledClassNode.lazyInitSupers(DecompiledClassNode.java:185)
[ERROR] 	at org.codehaus.groovy.ast.decompiled.DecompiledClassNode.isUsingGenerics(DecompiledClassNode.java:86)
[ERROR] 	at org.codehaus.groovy.ast.tools.GenericsUtils.nonGeneric(GenericsUtils.java:275)
[ERROR] 	at org.codehaus.groovy.ast.decompiled.MemberSignatureParser.createFieldNode(MemberSignatureParser.java:176)
[ERROR] 	at org.codehaus.groovy.ast.decompiled.DecompiledClassNode.lambda$createFieldNode$0(DecompiledClassNode.java:220)
[ERROR] 	at org.codehaus.groovy.ast.decompiled.DecompiledClassNode.createFieldNode(DecompiledClassNode.java:226)
[ERROR] 	at org.codehaus.groovy.ast.decompiled.DecompiledClassNode.lazyInitMembers(DecompiledClassNode.java:210)
[ERROR] 	at org.codehaus.groovy.ast.decompiled.DecompiledClassNode.getDeclaredMethods(DecompiledClassNode.java:122)
[ERROR] 	at org.codehaus.groovy.ast.ClassNode.tryFindPossibleMethod(ClassNode.java:1283)
[ERROR] 	at org.codehaus.groovy.control.StaticImportVisitor.transformMethodCallExpression(StaticImportVisitor.java:251)
[ERROR] 	at org.codehaus.groovy.control.StaticImportVisitor.transform(StaticImportVisitor.java:133)
[ERROR] 	at org.codehaus.groovy.ast.ClassCodeExpressionTransformer.visitExpressionStatement(ClassCodeExpressionTransformer.java:108)
[ERROR] 	at org.codehaus.groovy.ast.stmt.ExpressionStatement.visit(ExpressionStatement.java:40)
[ERROR] 	at org.codehaus.groovy.ast.ClassCodeVisitorSupport.visitClassCodeContainer(ClassCodeVisitorSupport.java:138)
[ERROR] 	at org.codehaus.groovy.ast.ClassCodeVisitorSupport.visitConstructorOrMethod(ClassCodeVisitorSupport.java:111)
[ERROR] 	at org.codehaus.groovy.ast.ClassCodeExpressionTransformer.visitConstructorOrMethod(ClassCodeExpressionTransformer.java:66)
[ERROR] 	at org.codehaus.groovy.control.StaticImportVisitor.visitConstructorOrMethod(StaticImportVisitor.java:108)
[ERROR] 	at org.codehaus.groovy.ast.ClassCodeVisitorSupport.visitConstructor(ClassCodeVisitorSupport.java:101)
[ERROR] 	at org.codehaus.groovy.ast.ClassNode.visitContents(ClassNode.java:1089)
[ERROR] 	at org.codehaus.groovy.ast.ClassCodeVisitorSupport.visitClass(ClassCodeVisitorSupport.java:52)
[ERROR] 	at org.codehaus.groovy.control.CompilationUnit.lambda$addPhaseOperations$3(CompilationUnit.java:209)
[ERROR] 	at org.codehaus.groovy.control.CompilationUnit$IPrimaryClassNodeOperation.doPhaseOperation(CompilationUnit.java:942)
[ERROR] 	at org.codehaus.groovy.control.CompilationUnit.processPhaseOperations(CompilationUnit.java:671)
[ERROR] 	at org.codehaus.groovy.control.CompilationUnit.compile(CompilationUnit.java:635)
[ERROR] 	at groovy.lang.GroovyClassLoader.doParseClass(GroovyClassLoader.java:389)
[ERROR] 	at groovy.lang.GroovyClassLoader.lambda$parseClass$3(GroovyClassLoader.java:332)
[ERROR] 	at org.codehaus.groovy.runtime.memoize.StampedCommonCache.compute(StampedCommonCache.java:163)
[ERROR] 	at org.codehaus.groovy.runtime.memoize.StampedCommonCache.getAndPut(StampedCommonCache.java:154)
[ERROR] 	at groovy.lang.GroovyClassLoader.parseClass(GroovyClassLoader.java:330)
[ERROR] 	at groovy.lang.GroovyShell.parseClass(GroovyShell.java:526)
[ERROR] 	at groovy.lang.GroovyShell.parse(GroovyShell.java:538)
[ERROR] 	at groovy.lang.GroovyShell.parse(GroovyShell.java:556)
[ERROR] 	at com.cloudbees.maven.license.ProcessMojo.execute(ProcessMojo.java:152)
[ERROR] 	at org.apache.maven.plugin.DefaultBuildPluginManager.executeMojo(DefaultBuildPluginManager.java:126)
[ERROR] 	at org.apache.maven.lifecycle.internal.MojoExecutor.doExecute2(MojoExecutor.java:328)
[ERROR] 	at org.apache.maven.lifecycle.internal.MojoExecutor.doExecute(MojoExecutor.java:316)
[ERROR] 	at org.apache.maven.lifecycle.internal.MojoExecutor.execute(MojoExecutor.java:212)
[ERROR] 	at org.apache.maven.lifecycle.internal.MojoExecutor.execute(MojoExecutor.java:174)
[ERROR] 	at org.apache.maven.lifecycle.internal.MojoExecutor.access$000(MojoExecutor.java:75)
[ERROR] 	at org.apache.maven.lifecycle.internal.MojoExecutor$1.run(MojoExecutor.java:162)
[ERROR] 	at org.apache.maven.plugin.DefaultMojosExecutionStrategy.execute(DefaultMojosExecutionStrategy.java:39)
[ERROR] 	at org.apache.maven.lifecycle.internal.MojoExecutor.execute(MojoExecutor.java:159)
[ERROR] 	at org.apache.maven.lifecycle.internal.LifecycleModuleBuilder.buildProject(LifecycleModuleBuilder.java:105)
[ERROR] 	at org.apache.maven.lifecycle.internal.LifecycleModuleBuilder.buildProject(LifecycleModuleBuilder.java:73)
[ERROR] 	at org.apache.maven.lifecycle.internal.builder.singlethreaded.SingleThreadedBuilder.build(SingleThreadedBuilder.java:53)
[ERROR] 	at org.apache.maven.lifecycle.internal.LifecycleStarter.execute(LifecycleStarter.java:118)
[ERROR] 	at org.apache.maven.DefaultMaven.doExecute(DefaultMaven.java:261)
[ERROR] 	at org.apache.maven.DefaultMaven.doExecute(DefaultMaven.java:173)
[ERROR] 	at org.apache.maven.DefaultMaven.execute(DefaultMaven.java:101)
[ERROR] 	at org.apache.maven.cli.MavenCli.execute(MavenCli.java:906)
[ERROR] 	at org.apache.maven.cli.MavenCli.doMain(MavenCli.java:283)
[ERROR] 	at org.apache.maven.cli.MavenCli.main(MavenCli.java:206)
[ERROR] 	at java.base/jdk.internal.reflect.DirectMethodHandleAccessor.invoke(DirectMethodHandleAccessor.java:104)
[ERROR] 	at java.base/java.lang.reflect.Method.invoke(Method.java:565)
[ERROR] 	at org.codehaus.plexus.classworlds.launcher.Launcher.launchEnhanced(Launcher.java:255)
[ERROR] 	at org.codehaus.plexus.classworlds.launcher.Launcher.launch(Launcher.java:201)
[ERROR] 	at org.codehaus.plexus.classworlds.launcher.Launcher.mainWithExitCode(Launcher.java:361)
[ERROR] 	at org.codehaus.plexus.classworlds.launcher.Launcher.main(Launcher.java:314)
[ERROR] 
[ERROR] 1 error
[ERROR] -> [Help 1]
[ERROR] 
[ERROR] To see the full stack trace of the errors, re-run Maven with the -e switch.
[ERROR] Re-run Maven using the -X switch to enable full debug logging.
[ERROR] 
[ERROR] For more information about the errors and possible solutions, please read the following articles:
[ERROR] [Help 1] http://cwiki.apache.org/confluence/display/MAVEN/PluginExecutionException
