WARNING: A terminally deprecated method in sun.misc.Unsafe has been called
WARNING: sun.misc.Unsafe::staticFieldBase has been called by com.google.inject.internal.aop.HiddenClassDefiner (file:/home/poddingue/.sdkman/candidates/maven/current/lib/guice-5.1.0-classes.jar)
WARNING: Please consider reporting this to the maintainers of class com.google.inject.internal.aop.HiddenClassDefiner
WARNING: sun.misc.Unsafe::staticFieldBase will be removed in a future release
[INFO] Scanning for projects...
[INFO] 
[INFO] Using the MultiThreadedBuilder implementation with a thread count of 4
[INFO] 
[INFO] -----------< org.jenkins-ci.plugins:build-user-vars-plugin >------------
[INFO] Building Jenkins build user vars plugin 999999-SNAPSHOT
[INFO]   from pom.xml
[INFO] --------------------------------[ hpi ]---------------------------------
[INFO] 
[INFO] --- clean:3.5.0:clean (default-clean) @ build-user-vars-plugin ---
[INFO] 
[INFO] --- hpi:3.66:validate (default-validate) @ build-user-vars-plugin ---
[INFO] Created marker file /tmp/plugin-builds/build-user-vars-plugin/target/java-level/17
[INFO] 
[INFO] --- hpi:3.66:validate-hpi (default-validate-hpi) @ build-user-vars-plugin ---
[INFO] 
[INFO] --- enforcer:3.5.0:enforce (display-info) @ build-user-vars-plugin ---
[INFO] Rule 0: io.jenkins.tools.incrementals.enforcer.RequireExtensionVersion passed
[INFO] Rule 1: org.apache.maven.enforcer.rules.version.RequireMavenVersion passed
[INFO] Rule 2: org.apache.maven.enforcer.rules.version.RequireJavaVersion passed
[INFO] Rule 3: org.codehaus.mojo.extraenforcer.dependencies.EnforceBytecodeVersion passed
[INFO] Rule 4: org.apache.maven.enforcer.rules.dependency.BannedDependencies passed
[INFO] Rule 5: org.apache.maven.enforcer.rules.dependency.BannedDependencies passed
[INFO] Rule 6: org.apache.maven.enforcer.rules.dependency.RequireUpperBoundDeps passed
[INFO] 
[INFO] --- enforcer:3.5.0:enforce (no-snapshots-in-release) @ build-user-vars-plugin ---
[INFO] Rule 0: org.apache.maven.enforcer.rules.dependency.RequireReleaseDeps passed
[INFO] 
[INFO] --- localizer:1.31:generate (default) @ build-user-vars-plugin ---
[INFO] 
[INFO] --- resources:3.3.1:resources (default-resources) @ build-user-vars-plugin ---
[INFO] Copying 6 resources from src/main/resources to target/classes
[INFO] 
[INFO] --- flatten:1.7.1:flatten (flatten) @ build-user-vars-plugin ---
[INFO] Generating flattened POM of project org.jenkins-ci.plugins:build-user-vars-plugin:hpi:999999-SNAPSHOT...
[INFO] 
[INFO] --- compiler:3.14.0:compile (default-compile) @ build-user-vars-plugin ---
[INFO] Recompiling the module because of changed source code.
[INFO] Compiling 12 source files with javac [debug parameters release 17] to target/classes
[INFO] org.jenkinsci.plugins.builduser.BuildUser.DescriptorImpl indexed under hudson.Extension
[INFO] org.jenkinsci.plugins.builduser.BuildUserVarsConfig indexed under hudson.Extension
[INFO] org.jenkinsci.plugins.builduser.BuildUserVarsEnvironmentContributor indexed under hudson.Extension
[INFO] /tmp/plugin-builds/build-user-vars-plugin/src/main/java/org/jenkinsci/plugins/builduser/BuildUser.java:[49,12] Generating org/jenkinsci/plugins/builduser/BuildUser.stapler
[INFO] 
[INFO] --- access-modifier-checker:1.35:enforce (default-enforce) @ build-user-vars-plugin ---
[INFO] 
[INFO] --- bridge-method-injector:1.31:process (default) @ build-user-vars-plugin ---
[INFO] 
[INFO] --- hpi:3.66:insert-test (default-insert-test) @ build-user-vars-plugin ---
[INFO] 
[INFO] --- antrun:3.1.0:run (createTempDir) @ build-user-vars-plugin ---
[INFO] Executing tasks
[INFO]     [mkdir] Created dir: /tmp/plugin-builds/build-user-vars-plugin/target/tmp
[INFO] Executed tasks
[INFO] 
[INFO] --- resources:3.3.1:testResources (default-testResources) @ build-user-vars-plugin ---
[INFO] Not copying test resources
[INFO] 
[INFO] --- compiler:3.14.0:testCompile (default-testCompile) @ build-user-vars-plugin ---
[INFO] Not compiling test sources
[INFO] 
[INFO] --- hpi:3.66:test-hpl (default-test-hpl) @ build-user-vars-plugin ---
[INFO] Generating /tmp/plugin-builds/build-user-vars-plugin/target/test-classes/the.hpl
[INFO] 
[INFO] --- hpi:3.66:resolve-test-dependencies (default-resolve-test-dependencies) @ build-user-vars-plugin ---
[INFO] 
[INFO] --- hpi:3.66:test-runtime (default-test-runtime) @ build-user-vars-plugin ---
[INFO] Tests are skipped.
[INFO] 
[INFO] --- surefire:3.5.3:test (default-test) @ build-user-vars-plugin ---
[INFO] Tests are skipped.
[INFO] 
[INFO] --- surefire:3.5.3:test (without-optional-test) @ build-user-vars-plugin ---
[INFO] Tests are skipped.
[INFO] 
[INFO] --- license:165.v7e11f4e4a_325:process (default) @ build-user-vars-plugin ---
[INFO] ------------------------------------------------------------------------
[INFO] BUILD FAILURE
[INFO] ------------------------------------------------------------------------
[INFO] Total time:  36.427 s (Wall Clock)
[INFO] Finished at: 2025-09-01T09:40:06+02:00
[INFO] ------------------------------------------------------------------------
[ERROR] BUG! exception in phase 'semantic analysis' in source unit 'inlineScript' Unsupported class file major version 69 -> [Help 1]
[ERROR] BUG! exception in phase 'semantic analysis' in source unit 'inlineScript' Unsupported class file major version 69
[ERROR] 
[ERROR] To see the full stack trace of the errors, re-run Maven with the -e switch.
[ERROR] Re-run Maven using the -X switch to enable full debug logging.
[ERROR] 
[ERROR] For more information about the errors and possible solutions, please read the following articles:
[ERROR] [Help 1] http://cwiki.apache.org/confluence/display/MAVEN/GroovyBugError
