WARNING: A restricted method in java.lang.System has been called
WARNING: java.lang.System::load has been called by org.fusesource.jansi.internal.JansiLoader in an unnamed module (file:/home/poddingue/.sdkman/candidates/maven/current/lib/jansi-2.4.1.jar)
WARNING: Use --enable-native-access=ALL-UNNAMED to avoid a warning for callers in this module
WARNING: Restricted methods will be blocked in a future release unless native access is enabled

WARNING: A terminally deprecated method in sun.misc.Unsafe has been called
WARNING: sun.misc.Unsafe::objectFieldOffset has been called by com.google.common.util.concurrent.AbstractFuture$UnsafeAtomicHelper (file:/home/poddingue/.sdkman/candidates/maven/current/lib/guava-33.2.1-jre.jar)
WARNING: Please consider reporting this to the maintainers of class com.google.common.util.concurrent.AbstractFuture$UnsafeAtomicHelper
WARNING: sun.misc.Unsafe::objectFieldOffset will be removed in a future release
[INFO] Scanning for projects...
[INFO] 
[INFO] ----------------< org.jenkins-ci.plugins:build-timeout >----------------
[INFO] Building Build Timeout 1.39-SNAPSHOT
[INFO]   from pom.xml
[INFO] --------------------------------[ hpi ]---------------------------------
[INFO] 
[INFO] --- clean:3.4.1:clean (default-clean) @ build-timeout ---
[INFO] 
[INFO] --- hpi:3.65:validate (default-validate) @ build-timeout ---
[INFO] Created marker file /tmp/plugin-builds/build-timeout/target/java-level/17
[INFO] 
[INFO] --- hpi:3.65:validate-hpi (default-validate-hpi) @ build-timeout ---
[INFO] 
[INFO] --- enforcer:3.5.0:enforce (display-info) @ build-timeout ---
[INFO] Rule 0: io.jenkins.tools.incrementals.enforcer.RequireExtensionVersion passed
[INFO] Rule 1: org.apache.maven.enforcer.rules.version.RequireMavenVersion passed
[INFO] Rule 2: org.apache.maven.enforcer.rules.version.RequireJavaVersion passed
[INFO] Rule 3: org.codehaus.mojo.extraenforcer.dependencies.EnforceBytecodeVersion passed
[INFO] Rule 4: org.apache.maven.enforcer.rules.dependency.BannedDependencies passed
[INFO] Rule 5: org.apache.maven.enforcer.rules.dependency.BannedDependencies passed
[INFO] Ignoring requireUpperBoundDeps in org.ow2.asm:asm
[INFO] Rule 6: org.apache.maven.enforcer.rules.dependency.RequireUpperBoundDeps passed
[INFO] 
[INFO] --- enforcer:3.5.0:enforce (no-snapshots-in-release) @ build-timeout ---
[INFO] Rule 0: org.apache.maven.enforcer.rules.dependency.RequireReleaseDeps passed
[INFO] 
[INFO] --- localizer:1.31:generate (default) @ build-timeout ---
[INFO] 
[INFO] --- resources:3.3.1:resources (default-resources) @ build-timeout ---
[INFO] Copying 104 resources from src/main/resources to target/classes
[INFO] 
[INFO] --- flatten:1.7.0:flatten (flatten) @ build-timeout ---
[INFO] Generating flattened POM of project org.jenkins-ci.plugins:build-timeout:hpi:1.39-SNAPSHOT...
[INFO] 
[INFO] --- compiler:3.14.0:compile (default-compile) @ build-timeout ---
[WARNING]  Parameter 'forceJavacCompilerUse' (user property 'maven.compiler.forceJavacCompilerUse') is deprecated: Use forceLegacyJavacApi instead
[INFO] Recompiling the module because of changed source code.
[INFO] Compiling 29 source files with javac [debug deprecation parameters release 17] to target/classes
[WARNING] unknown enum constant When.ALWAYS
[WARNING]   reason: class file for javax.annotation.meta.When not found
Note: hudson.plugins.build_timeout.BuildStepWithTimeout.DescriptorImpl indexed under hudson.Extension
Note: hudson.plugins.build_timeout.BuildTimeoutWrapper.DESCRIPTOR indexed under hudson.Extension
Note: hudson.plugins.build_timeout.global.GlobalTimeOutConfiguration indexed under hudson.Extension
Note: hudson.plugins.build_timeout.global.GlobalTimeOutModule indexed under hudson.Extension
Note: hudson.plugins.build_timeout.global.GlobalTimeOutRunListener indexed under hudson.Extension
Note: hudson.plugins.build_timeout.global.Lifecycle indexed under hudson.Extension
Note: hudson.plugins.build_timeout.impl.AbsoluteTimeOutStrategy.DESCRIPTOR indexed under hudson.Extension
Note: hudson.plugins.build_timeout.impl.DeadlineTimeOutStrategy.DescriptorImpl indexed under hudson.Extension
Note: hudson.plugins.build_timeout.impl.ElasticTimeOutStrategy.DESCRIPTOR indexed under hudson.Extension
Note: hudson.plugins.build_timeout.impl.LikelyStuckTimeOutStrategy.DESCRIPTOR indexed under hudson.Extension
Note: hudson.plugins.build_timeout.impl.NoActivityTimeOutStrategy.DescriptorImpl indexed under hudson.Extension
Note: hudson.plugins.build_timeout.operations.AbortAndRestartOperation.DescriptorImpl indexed under hudson.Extension
Note: hudson.plugins.build_timeout.operations.AbortOperation.DescriptorImpl indexed under hudson.Extension
Note: hudson.plugins.build_timeout.operations.BuildStepOperation.DescriptorImpl indexed under hudson.Extension
Note: hudson.plugins.build_timeout.operations.FailOperation.DescriptorImpl indexed under hudson.Extension
Note: hudson.plugins.build_timeout.operations.WriteDescriptionOperation.DescriptorImpl indexed under hudson.Extension
/tmp/plugin-builds/build-timeout/src/main/java/hudson/plugins/build_timeout/BuildStepWithTimeout.java:[40,11] Note: Generating hudson/plugins/build_timeout/BuildStepWithTimeout.stapler
[WARNING] /tmp/plugin-builds/build-timeout/src/main/java/hudson/plugins/build_timeout/BuildTimeoutWrapper.java:[115,11] Note: Generating hudson/plugins/build_timeout/BuildTimeoutWrapper.stapler
[WARNING] /tmp/plugin-builds/build-timeout/src/main/java/hudson/plugins/build_timeout/impl/AbsoluteTimeOutStrategy.java:[37,11] Note: Generating hudson/plugins/build_timeout/impl/AbsoluteTimeOutStrategy.stapler
[WARNING] /tmp/plugin-builds/build-timeout/src/main/java/hudson/plugins/build_timeout/impl/DeadlineTimeOutStrategy.java:[56,11] Note: Generating hudson/plugins/build_timeout/impl/DeadlineTimeOutStrategy.stapler
[WARNING] /tmp/plugin-builds/build-timeout/src/main/java/hudson/plugins/build_timeout/impl/ElasticTimeOutStrategy.java:[72,11] Note: Generating hudson/plugins/build_timeout/impl/ElasticTimeOutStrategy.stapler
[WARNING] /tmp/plugin-builds/build-timeout/src/main/java/hudson/plugins/build_timeout/impl/LikelyStuckTimeOutStrategy.java:[29,11] Note: Generating hudson/plugins/build_timeout/impl/LikelyStuckTimeOutStrategy.stapler
[WARNING] /tmp/plugin-builds/build-timeout/src/main/java/hudson/plugins/build_timeout/impl/NoActivityTimeOutStrategy.java:[76,11] Note: Generating hudson/plugins/build_timeout/impl/NoActivityTimeOutStrategy.stapler
[WARNING] /tmp/plugin-builds/build-timeout/src/main/java/hudson/plugins/build_timeout/operations/AbortAndRestartOperation.java:[59,11] Note: Generating hudson/plugins/build_timeout/operations/AbortAndRestartOperation.stapler
[WARNING] /tmp/plugin-builds/build-timeout/src/main/java/hudson/plugins/build_timeout/operations/AbortOperation.java:[45,11] Note: Generating hudson/plugins/build_timeout/operations/AbortOperation.stapler
[WARNING] /tmp/plugin-builds/build-timeout/src/main/java/hudson/plugins/build_timeout/operations/BuildStepOperation.java:[106,11] Note: Generating hudson/plugins/build_timeout/operations/BuildStepOperation.stapler
[WARNING] /tmp/plugin-builds/build-timeout/src/main/java/hudson/plugins/build_timeout/operations/FailOperation.java:[45,11] Note: Generating hudson/plugins/build_timeout/operations/FailOperation.stapler
[WARNING] /tmp/plugin-builds/build-timeout/src/main/java/hudson/plugins/build_timeout/operations/WriteDescriptionOperation.java:[55,11] Note: Generating hudson/plugins/build_timeout/operations/WriteDescriptionOperation.stapler
[WARNING] /tmp/plugin-builds/build-timeout/src/main/java/hudson/plugins/build_timeout/impl/DeadlineTimeOutStrategy.java:[130,30] Note: Generating hudson/plugins/build_timeout/impl/DeadlineTimeOutStrategy/DescriptorImpl/doCheckDeadlineTime.stapler
[WARNING] unknown enum constant When.ALWAYS
[WARNING]   reason: class file for javax.annotation.meta.When not found
warning: unknown enum constant When.ALWAYS
  reason: class file for javax.annotation.meta.When not found
/tmp/plugin-builds/build-timeout/src/main/java/hudson/plugins/build_timeout/BuildStepWithTimeout.java:[34,7] [deprecation] getProjectAction(AbstractProject<?,?>) in BuildStep has been deprecated
[WARNING] /tmp/plugin-builds/build-timeout/src/main/java/hudson/plugins/build_timeout/BuildStepWithTimeout.java:[78,19] [deprecation] perform(Build<?,?>,Launcher,BuildListener) in BuildStepCompatibilityLayer has been deprecated
[WARNING] /tmp/plugin-builds/build-timeout/src/main/java/hudson/plugins/build_timeout/BuildStepWithTimeout.java:[79,35] [deprecation] timer in Trigger has been deprecated
[WARNING] /tmp/plugin-builds/build-timeout/src/main/java/hudson/plugins/build_timeout/BuildStepWithTimeout.java:[140,70] [deprecation] getActiveInstance() in Jenkins has been deprecated
[WARNING] /tmp/plugin-builds/build-timeout/src/main/java/hudson/plugins/build_timeout/BuildTimeOutStrategy.java:[97,22] [deprecation] getActiveInstance() in Jenkins has been deprecated
[WARNING] /tmp/plugin-builds/build-timeout/src/main/java/hudson/plugins/build_timeout/BuildTimeOutOperation.java:[58,55] [deprecation] getActiveInstance() in Jenkins has been deprecated
[WARNING] /tmp/plugin-builds/build-timeout/src/main/java/hudson/plugins/build_timeout/BuildTimeOutOperationDescriptor.java:[53,64] [deprecation] getActiveInstance() in Jenkins has been deprecated
[WARNING] /tmp/plugin-builds/build-timeout/src/main/java/hudson/plugins/build_timeout/BuildTimeOutUtility.java:[59,92] [deprecation] getActiveInstance() in Jenkins has been deprecated
[WARNING] /tmp/plugin-builds/build-timeout/src/main/java/hudson/plugins/build_timeout/BuildTimeOutUtility.java:[60,37] [deprecation] getActiveInstance() in Jenkins has been deprecated
[WARNING] /tmp/plugin-builds/build-timeout/src/main/java/hudson/plugins/build_timeout/BuildTimeoutWrapper.java:[178,27] [deprecation] timer in Trigger has been deprecated
[WARNING] /tmp/plugin-builds/build-timeout/src/main/java/hudson/plugins/build_timeout/BuildTimeoutWrapper.java:[181,23] [deprecation] timer in Trigger has been deprecated
[WARNING] /tmp/plugin-builds/build-timeout/src/main/java/hudson/plugins/build_timeout/BuildTimeoutWrapper.java:[197,27] [deprecation] timer in Trigger has been deprecated
[WARNING] /tmp/plugin-builds/build-timeout/src/main/java/hudson/plugins/build_timeout/BuildTimeoutWrapper.java:[223,23] [deprecation] ElasticTimeOutStrategy(int,int,int) in ElasticTimeOutStrategy has been deprecated
[WARNING] /tmp/plugin-builds/build-timeout/src/main/java/hudson/plugins/build_timeout/BuildTimeoutWrapper.java:[229,23] [deprecation] AbsoluteTimeOutStrategy(int) in AbsoluteTimeOutStrategy has been deprecated
[WARNING] /tmp/plugin-builds/build-timeout/src/main/java/hudson/plugins/build_timeout/BuildTimeoutWrapper.java:[279,26] [deprecation] getActiveInstance() in Jenkins has been deprecated
[INFO] 
[INFO] --- access-modifier-checker:1.35:enforce (default-enforce) @ build-timeout ---
[INFO] Skipping access modifier checks
[INFO] 
[INFO] --- bridge-method-injector:1.31:process (default) @ build-timeout ---
[INFO] 
[INFO] --- hpi:3.65:insert-test (default-insert-test) @ build-timeout ---
[INFO] 
[INFO] --- antrun:3.1.0:run (createTempDir) @ build-timeout ---
[INFO] Executing tasks
[INFO]     [mkdir] Created dir: /tmp/plugin-builds/build-timeout/target/tmp
[INFO] Executed tasks
[INFO] 
[INFO] --- resources:3.3.1:testResources (default-testResources) @ build-timeout ---
[INFO] Copying 8 resources from src/test/resources to target/test-classes
[INFO] 
[INFO] --- compiler:3.14.0:testCompile (default-testCompile) @ build-timeout ---
[WARNING]  Parameter 'forceJavacCompilerUse' (user property 'maven.compiler.forceJavacCompilerUse') is deprecated: Use forceLegacyJavacApi instead
[INFO] Recompiling the module because of changed dependency.
[INFO] Compiling 16 source files with javac [debug deprecation parameters release 17] to target/test-classes
[WARNING] unknown enum constant When.ALWAYS
[WARNING]   reason: class file for javax.annotation.meta.When not found
Note: hudson.plugins.build_timeout.BuildTimeoutWrapperIntegrationTest.ExecutionCheckBuilder.DescriptorImpl indexed under org.jvnet.hudson.test.TestExtension
Note: hudson.plugins.build_timeout.BuildTimeoutWrapperIntegrationTest.ExecutionCheckPublisher.DescriptorImpl indexed under org.jvnet.hudson.test.TestExtension
Note: hudson.plugins.build_timeout.FakeBuildStep.DescriptorImpl indexed under hudson.Extension
Note: hudson.plugins.build_timeout.operations.BuildStepOperationTest.NoDataBoundConstructorBuilder.DescriptorImpl indexed under hudson.Extension
warning: unknown enum constant When.ALWAYS
  reason: class file for javax.annotation.meta.When not found
warning: unknown enum constant When.ALWAYS
  reason: class file for javax.annotation.meta.When not found
/tmp/plugin-builds/build-timeout/src/test/java/hudson/plugins/build_timeout/BuildTimeoutWrapperIntegrationTest.java:[51,37] [deprecation] BuildTimeoutWrapper(BuildTimeOutStrategy,boolean,boolean) in BuildTimeoutWrapper has been deprecated
[WARNING] /tmp/plugin-builds/build-timeout/src/test/java/hudson/plugins/build_timeout/BuildTimeoutWrapperIntegrationTest.java:[124,37] [deprecation] BuildTimeoutWrapper(BuildTimeOutStrategy,boolean,boolean) in BuildTimeoutWrapper has been deprecated
[WARNING] /tmp/plugin-builds/build-timeout/src/test/java/hudson/plugins/build_timeout/BuildTimeoutWrapperIntegrationTest.java:[194,47] [deprecation] BuildTimeoutWrapper(BuildTimeOutStrategy,boolean,boolean) in BuildTimeoutWrapper has been deprecated
[WARNING] /tmp/plugin-builds/build-timeout/src/test/java/hudson/plugins/build_timeout/BuildTimeoutWrapperIntegrationTest.java:[216,47] [deprecation] BuildTimeoutWrapper(BuildTimeOutStrategy,boolean,boolean) in BuildTimeoutWrapper has been deprecated
[WARNING] /tmp/plugin-builds/build-timeout/src/test/java/hudson/plugins/build_timeout/BuildTimeoutWrapperIntegrationTest.java:[239,47] [deprecation] BuildTimeoutWrapper(BuildTimeOutStrategy,boolean,boolean) in BuildTimeoutWrapper has been deprecated
[WARNING] /tmp/plugin-builds/build-timeout/src/test/java/hudson/plugins/build_timeout/BuildTimeoutWrapperIntegrationTest.java:[265,47] [deprecation] BuildTimeoutWrapper(BuildTimeOutStrategy,boolean,boolean) in BuildTimeoutWrapper has been deprecated
[WARNING] /tmp/plugin-builds/build-timeout/src/test/java/hudson/plugins/build_timeout/BuildTimeoutWrapperIntegrationTest.java:[287,47] [deprecation] BuildTimeoutWrapper(BuildTimeOutStrategy,boolean,boolean) in BuildTimeoutWrapper has been deprecated
[WARNING] /tmp/plugin-builds/build-timeout/src/test/java/hudson/plugins/build_timeout/BuildTimeoutWrapperIntegrationTest.java:[310,47] [deprecation] BuildTimeoutWrapper(BuildTimeOutStrategy,boolean,boolean) in BuildTimeoutWrapper has been deprecated
[WARNING] /tmp/plugin-builds/build-timeout/src/test/java/hudson/plugins/build_timeout/BuildTimeoutWrapperIntegrationTest.java:[483,43] [deprecation] BuildTimeoutWrapper(BuildTimeOutStrategy,List<BuildTimeOutOperation>) in BuildTimeoutWrapper has been deprecated
[WARNING] /tmp/plugin-builds/build-timeout/src/test/java/hudson/plugins/build_timeout/BuildTimeoutWrapperIntegrationTest.java:[517,43] [deprecation] BuildTimeoutWrapper(BuildTimeOutStrategy,List<BuildTimeOutOperation>) in BuildTimeoutWrapper has been deprecated
[WARNING] /tmp/plugin-builds/build-timeout/src/test/java/hudson/plugins/build_timeout/BuildTimeoutWrapperIntegrationTest.java:[548,16] [deprecation] AbsoluteTimeOutStrategy(int) in AbsoluteTimeOutStrategy has been deprecated
[WARNING] /tmp/plugin-builds/build-timeout/src/test/java/hudson/plugins/build_timeout/BuildTimeoutWrapperIntegrationTest.java:[591,16] [deprecation] AbsoluteTimeOutStrategy(int) in AbsoluteTimeOutStrategy has been deprecated
[WARNING] /tmp/plugin-builds/build-timeout/src/test/java/hudson/plugins/build_timeout/BuildTimeoutWrapperIntegrationTest.java:[643,16] [deprecation] AbsoluteTimeOutStrategy(int) in AbsoluteTimeOutStrategy has been deprecated
[WARNING] /tmp/plugin-builds/build-timeout/src/test/java/hudson/plugins/build_timeout/BuildTimeoutWrapperIntegrationTest.java:[703,32] [deprecation] getTimeoutSeconds() in NoActivityTimeOutStrategy has been deprecated
[WARNING] /tmp/plugin-builds/build-timeout/src/test/java/hudson/plugins/build_timeout/FakeBuildStep.java:[12,7] [deprecation] getProjectAction(AbstractProject<?,?>) in BuildStep has been deprecated
[WARNING] /tmp/plugin-builds/build-timeout/src/test/java/hudson/plugins/build_timeout/QuickBuildTimeOutStrategy.java:[40,26] [deprecation] getTimeOut(Run) in BuildTimeOutStrategy has been deprecated
[WARNING] /tmp/plugin-builds/build-timeout/src/test/java/hudson/plugins/build_timeout/impl/AbsoluteTimeOutStrategyTest.java:[85,25] [deprecation] UserCause in Cause has been deprecated
[WARNING] /tmp/plugin-builds/build-timeout/src/test/java/hudson/plugins/build_timeout/impl/AbsoluteTimeOutStrategyTest.java:[92,25] [deprecation] UserCause in Cause has been deprecated
[WARNING] /tmp/plugin-builds/build-timeout/src/test/java/hudson/plugins/build_timeout/impl/ElasticTimeOutStrategyJenkinsTest.java:[62,24] [deprecation] ElasticTimeOutStrategy(String,String,String) in ElasticTimeOutStrategy has been deprecated
[WARNING] /tmp/plugin-builds/build-timeout/src/test/java/hudson/plugins/build_timeout/impl/ElasticTimeOutStrategyTest.java:[29,40] [deprecation] ElasticTimeOutStrategy(int,int,int) in ElasticTimeOutStrategy has been deprecated
[WARNING] /tmp/plugin-builds/build-timeout/src/test/java/hudson/plugins/build_timeout/impl/ElasticTimeOutStrategyTest.java:[38,40] [deprecation] ElasticTimeOutStrategy(int,int,int) in ElasticTimeOutStrategy has been deprecated
[WARNING] /tmp/plugin-builds/build-timeout/src/test/java/hudson/plugins/build_timeout/impl/ElasticTimeOutStrategyTest.java:[47,40] [deprecation] ElasticTimeOutStrategy(int,int,int) in ElasticTimeOutStrategy has been deprecated
[WARNING] /tmp/plugin-builds/build-timeout/src/test/java/hudson/plugins/build_timeout/impl/NoActivityTimeOutStrategyTest.java:[125,16] [deprecation] NoActivityTimeOutStrategy(long) in NoActivityTimeOutStrategy has been deprecated
[WARNING] /tmp/plugin-builds/build-timeout/src/test/java/hudson/plugins/build_timeout/impl/NoActivityTimeOutStrategyTest.java:[124,37] [deprecation] BuildTimeoutWrapper(BuildTimeOutStrategy,boolean,boolean) in BuildTimeoutWrapper has been deprecated
[WARNING] /tmp/plugin-builds/build-timeout/src/test/java/hudson/plugins/build_timeout/impl/NoActivityTimeOutStrategyTest.java:[138,16] [deprecation] NoActivityTimeOutStrategy(long) in NoActivityTimeOutStrategy has been deprecated
[WARNING] /tmp/plugin-builds/build-timeout/src/test/java/hudson/plugins/build_timeout/impl/NoActivityTimeOutStrategyTest.java:[137,37] [deprecation] BuildTimeoutWrapper(BuildTimeOutStrategy,boolean,boolean) in BuildTimeoutWrapper has been deprecated
[WARNING] /tmp/plugin-builds/build-timeout/src/test/java/hudson/plugins/build_timeout/impl/NoActivityTimeOutStrategyTest.java:[164,16] [deprecation] NoActivityTimeOutStrategy(long) in NoActivityTimeOutStrategy has been deprecated
[WARNING] /tmp/plugin-builds/build-timeout/src/test/java/hudson/plugins/build_timeout/impl/NoActivityTimeOutStrategyTest.java:[193,37] [deprecation] getTimeoutSeconds() in NoActivityTimeOutStrategy has been deprecated
[WARNING] /tmp/plugin-builds/build-timeout/src/test/java/hudson/plugins/build_timeout/impl/NoActivityTimeOutStrategyTest.java:[208,37] [deprecation] getTimeoutSeconds() in NoActivityTimeOutStrategy has been deprecated
[WARNING] /tmp/plugin-builds/build-timeout/src/test/java/hudson/plugins/build_timeout/impl/NoActivityTimeOutStrategyTest.java:[230,36] [deprecation] getTimeoutSeconds() in NoActivityTimeOutStrategy has been deprecated
[WARNING] /tmp/plugin-builds/build-timeout/src/test/java/hudson/plugins/build_timeout/impl/NoActivityTimeOutStrategyTest.java:[245,36] [deprecation] getTimeoutSeconds() in NoActivityTimeOutStrategy has been deprecated
[WARNING] /tmp/plugin-builds/build-timeout/src/test/java/hudson/plugins/build_timeout/impl/NoActivityTimeOutStrategyTest.java:[266,25] [deprecation] UserCause in Cause has been deprecated
[WARNING] /tmp/plugin-builds/build-timeout/src/test/java/hudson/plugins/build_timeout/impl/NoActivityTimeOutStrategyTest.java:[273,25] [deprecation] UserCause in Cause has been deprecated
[WARNING] /tmp/plugin-builds/build-timeout/src/test/java/hudson/plugins/build_timeout/operations/AbortAndRestartOperationTest.java:[73,47] [deprecation] size() in RunList has been deprecated
[WARNING] /tmp/plugin-builds/build-timeout/src/test/java/hudson/plugins/build_timeout/operations/AbortAndRestartOperationTest.java:[101,47] [deprecation] size() in RunList has been deprecated
[WARNING] /tmp/plugin-builds/build-timeout/src/test/java/hudson/plugins/build_timeout/operations/AbortAndRestartOperationTest.java:[131,37] [deprecation] size() in RunList has been deprecated
[WARNING] /tmp/plugin-builds/build-timeout/src/test/java/hudson/plugins/build_timeout/operations/AbortAndRestartOperationTest.java:[156,37] [deprecation] size() in RunList has been deprecated
[WARNING] /tmp/plugin-builds/build-timeout/src/test/java/hudson/plugins/build_timeout/operations/BuildStepOperationTest.java:[145,37] [deprecation] BuildTimeoutWrapper(BuildTimeOutStrategy,List<BuildTimeOutOperation>) in BuildTimeoutWrapper has been deprecated
[WARNING] /tmp/plugin-builds/build-timeout/src/test/java/hudson/plugins/build_timeout/operations/BuildStepOperationTest.java:[148,24] [deprecation] BuildStepOperation(BuildStep,boolean) in BuildStepOperation has been deprecated
[WARNING] /tmp/plugin-builds/build-timeout/src/test/java/hudson/plugins/build_timeout/operations/BuildStepOperationTest.java:[149,24] [deprecation] BuildStepOperation(BuildStep,boolean) in BuildStepOperation has been deprecated
[WARNING] /tmp/plugin-builds/build-timeout/src/test/java/hudson/plugins/build_timeout/operations/BuildStepOperationTest.java:[168,37] [deprecation] BuildTimeoutWrapper(BuildTimeOutStrategy,List<BuildTimeOutOperation>) in BuildTimeoutWrapper has been deprecated
[WARNING] /tmp/plugin-builds/build-timeout/src/test/java/hudson/plugins/build_timeout/operations/BuildStepOperationTest.java:[171,24] [deprecation] BuildStepOperation(BuildStep,boolean) in BuildStepOperation has been deprecated
[WARNING] /tmp/plugin-builds/build-timeout/src/test/java/hudson/plugins/build_timeout/operations/BuildStepOperationTest.java:[172,24] [deprecation] BuildStepOperation(BuildStep,boolean) in BuildStepOperation has been deprecated
[WARNING] /tmp/plugin-builds/build-timeout/src/test/java/hudson/plugins/build_timeout/operations/BuildStepOperationTest.java:[193,37] [deprecation] BuildTimeoutWrapper(BuildTimeOutStrategy,List<BuildTimeOutOperation>) in BuildTimeoutWrapper has been deprecated
[WARNING] /tmp/plugin-builds/build-timeout/src/test/java/hudson/plugins/build_timeout/operations/BuildStepOperationTest.java:[196,24] [deprecation] BuildStepOperation(BuildStep,boolean) in BuildStepOperation has been deprecated
[WARNING] /tmp/plugin-builds/build-timeout/src/test/java/hudson/plugins/build_timeout/operations/BuildStepOperationTest.java:[197,24] [deprecation] BuildStepOperation(BuildStep,boolean) in BuildStepOperation has been deprecated
[WARNING] /tmp/plugin-builds/build-timeout/src/test/java/hudson/plugins/build_timeout/operations/BuildStepOperationTest.java:[218,37] [deprecation] BuildTimeoutWrapper(BuildTimeOutStrategy,List<BuildTimeOutOperation>) in BuildTimeoutWrapper has been deprecated
[WARNING] /tmp/plugin-builds/build-timeout/src/test/java/hudson/plugins/build_timeout/operations/BuildStepOperationTest.java:[221,24] [deprecation] BuildStepOperation(BuildStep,boolean) in BuildStepOperation has been deprecated
[WARNING] /tmp/plugin-builds/build-timeout/src/test/java/hudson/plugins/build_timeout/operations/BuildStepOperationTest.java:[222,24] [deprecation] BuildStepOperation(BuildStep,boolean) in BuildStepOperation has been deprecated
[WARNING] /tmp/plugin-builds/build-timeout/src/test/java/hudson/plugins/build_timeout/operations/BuildStepOperationTest.java:[239,36] [deprecation] ArtifactArchiver(String,String,boolean) in ArtifactArchiver has been deprecated
[WARNING] /tmp/plugin-builds/build-timeout/src/test/java/hudson/plugins/build_timeout/operations/BuildStepOperationTest.java:[243,16] [deprecation] AbsoluteTimeOutStrategy(int) in AbsoluteTimeOutStrategy has been deprecated
[WARNING] /tmp/plugin-builds/build-timeout/src/test/java/hudson/plugins/build_timeout/operations/BuildStepOperationTest.java:[242,38] [deprecation] BuildTimeoutWrapper(BuildTimeOutStrategy,List<BuildTimeOutOperation>) in BuildTimeoutWrapper has been deprecated
[WARNING] /tmp/plugin-builds/build-timeout/src/test/java/hudson/plugins/build_timeout/operations/BuildStepOperationTest.java:[270,28] [deprecation] isLatestOnly() in ArtifactArchiver has been deprecated
[WARNING] /tmp/plugin-builds/build-timeout/src/test/java/hudson/plugins/build_timeout/operations/BuildStepOperationTest.java:[338,25] [deprecation] UserCause in Cause has been deprecated
[WARNING] /tmp/plugin-builds/build-timeout/src/test/java/hudson/plugins/build_timeout/operations/BuildStepOperationTest.java:[368,25] [deprecation] UserCause in Cause has been deprecated
[WARNING] /tmp/plugin-builds/build-timeout/src/test/java/hudson/plugins/build_timeout/operations/WriteDescriptionOperationTest.java:[58,37] [deprecation] BuildTimeoutWrapper(BuildTimeOutStrategy,List<BuildTimeOutOperation>) in BuildTimeoutWrapper has been deprecated
[WARNING] /tmp/plugin-builds/build-timeout/src/test/java/hudson/plugins/build_timeout/operations/WriteDescriptionOperationTest.java:[79,37] [deprecation] BuildTimeoutWrapper(BuildTimeOutStrategy,List<BuildTimeOutOperation>) in BuildTimeoutWrapper has been deprecated
[WARNING] /tmp/plugin-builds/build-timeout/src/test/java/hudson/plugins/build_timeout/operations/WriteDescriptionOperationTest.java:[100,37] [deprecation] BuildTimeoutWrapper(BuildTimeOutStrategy,List<BuildTimeOutOperation>) in BuildTimeoutWrapper has been deprecated
[INFO] 
[INFO] --- hpi:3.65:test-hpl (default-test-hpl) @ build-timeout ---
[INFO] Generating /tmp/plugin-builds/build-timeout/target/test-classes/the.hpl
[INFO] 
[INFO] --- hpi:3.65:resolve-test-dependencies (default-resolve-test-dependencies) @ build-timeout ---
[INFO] 
[INFO] --- hpi:3.65:test-runtime (default-test-runtime) @ build-timeout ---
[INFO] Tests are skipped.
[INFO] 
[INFO] --- surefire:3.5.3:test (default-test) @ build-timeout ---
[INFO] Tests are skipped.
[INFO] 
[INFO] --- license:165.v7e11f4e4a_325:process (default) @ build-timeout ---
[INFO] ------------------------------------------------------------------------
[INFO] BUILD FAILURE
[INFO] ------------------------------------------------------------------------
[INFO] Total time:  9.691 s
[INFO] Finished at: 2025-06-05T12:34:09+02:00
[INFO] ------------------------------------------------------------------------
---------------------------------------------------
constituent[0]: file:/home/poddingue/.sdkman/candidates/maven/current/conf/logging/
constituent[1]: file:/home/poddingue/.sdkman/candidates/maven/current/lib/plexus-cipher-2.0.jar
constituent[2]: file:/home/poddingue/.sdkman/candidates/maven/current/lib/maven-shared-utils-3.4.2.jar
constituent[3]: file:/home/poddingue/.sdkman/candidates/maven/current/lib/wagon-provider-api-3.5.3.jar
constituent[4]: file:/home/poddingue/.sdkman/candidates/maven/current/lib/guice-5.1.0.jar
constituent[5]: file:/home/poddingue/.sdkman/candidates/maven/current/lib/httpclient-4.5.14.jar
constituent[6]: file:/home/poddingue/.sdkman/candidates/maven/current/lib/slf4j-api-1.7.36.jar
constituent[7]: file:/home/poddingue/.sdkman/candidates/maven/current/lib/commons-codec-1.17.1.jar
constituent[8]: file:/home/poddingue/.sdkman/candidates/maven/current/lib/maven-resolver-impl-1.9.22.jar
constituent[9]: file:/home/poddingue/.sdkman/candidates/maven/current/lib/maven-resolver-named-locks-1.9.22.jar
constituent[10]: file:/home/poddingue/.sdkman/candidates/maven/current/lib/maven-resolver-util-1.9.22.jar
constituent[11]: file:/home/poddingue/.sdkman/candidates/maven/current/lib/maven-resolver-transport-http-1.9.22.jar
constituent[12]: file:/home/poddingue/.sdkman/candidates/maven/current/lib/plexus-sec-dispatcher-2.0.jar
constituent[13]: file:/home/poddingue/.sdkman/candidates/maven/current/lib/maven-resolver-api-1.9.22.jar
constituent[14]: file:/home/poddingue/.sdkman/candidates/maven/current/lib/guava-33.2.1-jre.jar
constituent[15]: file:/home/poddingue/.sdkman/candidates/maven/current/lib/maven-settings-3.9.9.jar
constituent[16]: file:/home/poddingue/.sdkman/candidates/maven/current/lib/maven-resolver-transport-file-1.9.22.jar
constituent[17]: file:/home/poddingue/.sdkman/candidates/maven/current/lib/wagon-http-shared-3.5.3.jar
constituent[18]: file:/home/poddingue/.sdkman/candidates/maven/current/lib/maven-resolver-transport-wagon-1.9.22.jar
constituent[19]: file:/home/poddingue/.sdkman/candidates/maven/current/lib/plexus-interpolation-1.27.jar
constituent[20]: file:/home/poddingue/.sdkman/candidates/maven/current/lib/maven-model-3.9.9.jar
constituent[21]: file:/home/poddingue/.sdkman/candidates/maven/current/lib/maven-settings-builder-3.9.9.jar
constituent[22]: file:/home/poddingue/.sdkman/candidates/maven/current/lib/jansi-2.4.1.jar
constituent[23]: file:/home/poddingue/.sdkman/candidates/maven/current/lib/commons-cli-1.8.0.jar
constituent[24]: file:/home/poddingue/.sdkman/candidates/maven/current/lib/httpcore-4.4.16.jar
constituent[25]: file:/home/poddingue/.sdkman/candidates/maven/current/lib/maven-builder-support-3.9.9.jar
constituent[26]: file:/home/poddingue/.sdkman/candidates/maven/current/lib/maven-embedder-3.9.9.jar
constituent[27]: file:/home/poddingue/.sdkman/candidates/maven/current/lib/maven-artifact-3.9.9.jar
constituent[28]: file:/home/poddingue/.sdkman/candidates/maven/current/lib/maven-compat-3.9.9.jar
constituent[29]: file:/home/poddingue/.sdkman/candidates/maven/current/lib/wagon-http-3.5.3.jar
constituent[30]: file:/home/poddingue/.sdkman/candidates/maven/current/lib/maven-model-builder-3.9.9.jar
constituent[31]: file:/home/poddingue/.sdkman/candidates/maven/current/lib/aopalliance-1.0.jar
constituent[32]: file:/home/poddingue/.sdkman/candidates/maven/current/lib/maven-slf4j-provider-3.9.9.jar
constituent[33]: file:/home/poddingue/.sdkman/candidates/maven/current/lib/maven-resolver-connector-basic-1.9.22.jar
constituent[34]: file:/home/poddingue/.sdkman/candidates/maven/current/lib/maven-plugin-api-3.9.9.jar
constituent[35]: file:/home/poddingue/.sdkman/candidates/maven/current/lib/javax.annotation-api-1.3.2.jar
constituent[36]: file:/home/poddingue/.sdkman/candidates/maven/current/lib/org.eclipse.sisu.inject-0.9.0.M3.jar
constituent[37]: file:/home/poddingue/.sdkman/candidates/maven/current/lib/jcl-over-slf4j-1.7.36.jar
constituent[38]: file:/home/poddingue/.sdkman/candidates/maven/current/lib/plexus-xml-3.0.1.jar
constituent[39]: file:/home/poddingue/.sdkman/candidates/maven/current/lib/plexus-utils-3.5.1.jar
constituent[40]: file:/home/poddingue/.sdkman/candidates/maven/current/lib/maven-resolver-provider-3.9.9.jar
constituent[41]: file:/home/poddingue/.sdkman/candidates/maven/current/lib/org.eclipse.sisu.plexus-0.9.0.M3.jar
constituent[42]: file:/home/poddingue/.sdkman/candidates/maven/current/lib/maven-resolver-spi-1.9.22.jar
constituent[43]: file:/home/poddingue/.sdkman/candidates/maven/current/lib/javax.inject-1.jar
constituent[44]: file:/home/poddingue/.sdkman/candidates/maven/current/lib/maven-core-3.9.9.jar
constituent[45]: file:/home/poddingue/.sdkman/candidates/maven/current/lib/wagon-file-3.5.3.jar
constituent[46]: file:/home/poddingue/.sdkman/candidates/maven/current/lib/plexus-component-annotations-2.1.0.jar
constituent[47]: file:/home/poddingue/.sdkman/candidates/maven/current/lib/failureaccess-1.0.2.jar
constituent[48]: file:/home/poddingue/.sdkman/candidates/maven/current/lib/maven-repository-metadata-3.9.9.jar
---------------------------------------------------
Exception in thread "main" BUG! exception in phase 'semantic analysis' in source unit 'inlineScript' Unsupported class file major version 69
	at org.codehaus.groovy.control.CompilationUnit$ISourceUnitOperation.doPhaseOperation(CompilationUnit.java:901)
	at org.codehaus.groovy.control.CompilationUnit.processPhaseOperations(CompilationUnit.java:692)
	at org.codehaus.groovy.control.CompilationUnit.compile(CompilationUnit.java:666)
	at groovy.lang.GroovyClassLoader.doParseClass(GroovyClassLoader.java:365)
	at groovy.lang.GroovyClassLoader.lambda$parseClass$2(GroovyClassLoader.java:314)
	at org.codehaus.groovy.runtime.memoize.StampedCommonCache.compute(StampedCommonCache.java:163)
	at org.codehaus.groovy.runtime.memoize.StampedCommonCache.getAndPut(StampedCommonCache.java:154)
	at groovy.lang.GroovyClassLoader.parseClass(GroovyClassLoader.java:314)
	at groovy.lang.GroovyShell.parseClass(GroovyShell.java:572)
	at groovy.lang.GroovyShell.parse(GroovyShell.java:585)
	at groovy.lang.GroovyShell.parse(GroovyShell.java:639)
	at groovy.lang.GroovyShell.parse(GroovyShell.java:643)
	at com.cloudbees.maven.license.ProcessMojo.execute(ProcessMojo.java:154)
	at org.apache.maven.plugin.DefaultBuildPluginManager.executeMojo(DefaultBuildPluginManager.java:126)
	at org.apache.maven.lifecycle.internal.MojoExecutor.doExecute2(MojoExecutor.java:328)
	at org.apache.maven.lifecycle.internal.MojoExecutor.doExecute(MojoExecutor.java:316)
	at org.apache.maven.lifecycle.internal.MojoExecutor.execute(MojoExecutor.java:212)
	at org.apache.maven.lifecycle.internal.MojoExecutor.execute(MojoExecutor.java:174)
	at org.apache.maven.lifecycle.internal.MojoExecutor.access$000(MojoExecutor.java:75)
	at org.apache.maven.lifecycle.internal.MojoExecutor$1.run(MojoExecutor.java:162)
	at org.apache.maven.plugin.DefaultMojosExecutionStrategy.execute(DefaultMojosExecutionStrategy.java:39)
	at org.apache.maven.lifecycle.internal.MojoExecutor.execute(MojoExecutor.java:159)
	at org.apache.maven.lifecycle.internal.LifecycleModuleBuilder.buildProject(LifecycleModuleBuilder.java:105)
	at org.apache.maven.lifecycle.internal.LifecycleModuleBuilder.buildProject(LifecycleModuleBuilder.java:73)
	at org.apache.maven.lifecycle.internal.builder.singlethreaded.SingleThreadedBuilder.build(SingleThreadedBuilder.java:53)
	at org.apache.maven.lifecycle.internal.LifecycleStarter.execute(LifecycleStarter.java:118)
	at org.apache.maven.DefaultMaven.doExecute(DefaultMaven.java:261)
	at org.apache.maven.DefaultMaven.doExecute(DefaultMaven.java:173)
	at org.apache.maven.DefaultMaven.execute(DefaultMaven.java:101)
	at org.apache.maven.cli.MavenCli.execute(MavenCli.java:906)
	at org.apache.maven.cli.MavenCli.doMain(MavenCli.java:283)
	at org.apache.maven.cli.MavenCli.main(MavenCli.java:206)
	at java.base/jdk.internal.reflect.DirectMethodHandleAccessor.invoke(DirectMethodHandleAccessor.java:104)
	at java.base/java.lang.reflect.Method.invoke(Method.java:565)
	at org.codehaus.plexus.classworlds.launcher.Launcher.launchEnhanced(Launcher.java:255)
	at org.codehaus.plexus.classworlds.launcher.Launcher.launch(Launcher.java:201)
	at org.codehaus.plexus.classworlds.launcher.Launcher.mainWithExitCode(Launcher.java:361)
	at org.codehaus.plexus.classworlds.launcher.Launcher.main(Launcher.java:314)
Caused by: java.lang.IllegalArgumentException: Unsupported class file major version 69
	at groovyjarjarasm.asm.ClassReader.<init>(ClassReader.java:200)
	at groovyjarjarasm.asm.ClassReader.<init>(ClassReader.java:180)
	at groovyjarjarasm.asm.ClassReader.<init>(ClassReader.java:166)
	at groovyjarjarasm.asm.ClassReader.<init>(ClassReader.java:288)
	at org.codehaus.groovy.ast.decompiled.AsmDecompiler.parseClass(AsmDecompiler.java:83)
	at org.codehaus.groovy.control.ClassNodeResolver.findDecompiled(ClassNodeResolver.java:255)
	at org.codehaus.groovy.control.ClassNodeResolver.tryAsLoaderClassOrScript(ClassNodeResolver.java:193)
	at org.codehaus.groovy.control.ClassNodeResolver.findClassNode(ClassNodeResolver.java:175)
	at org.codehaus.groovy.control.ClassNodeResolver.resolveName(ClassNodeResolver.java:129)
	at org.codehaus.groovy.control.ResolveVisitor.resolveToOuter(ResolveVisitor.java:782)
	at org.codehaus.groovy.control.ResolveVisitor.resolve(ResolveVisitor.java:423)
	at org.codehaus.groovy.control.ResolveVisitor.resolveFromDefaultImports(ResolveVisitor.java:577)
	at org.codehaus.groovy.control.ResolveVisitor.resolveFromDefaultImports(ResolveVisitor.java:541)
	at org.codehaus.groovy.control.ResolveVisitor.resolve(ResolveVisitor.java:422)
	at org.codehaus.groovy.control.ResolveVisitor.resolve(ResolveVisitor.java:384)
	at org.codehaus.groovy.control.ResolveVisitor.resolveOrFail(ResolveVisitor.java:352)
	at org.codehaus.groovy.control.ResolveVisitor.resolveOrFail(ResolveVisitor.java:341)
	at org.codehaus.groovy.control.ResolveVisitor.resolveOrFail(ResolveVisitor.java:337)
	at org.codehaus.groovy.control.ResolveVisitor.transform(ResolveVisitor.java:817)
	at org.codehaus.groovy.control.ResolveVisitor.transformDeclarationExpression(ResolveVisitor.java:1173)
	at org.codehaus.groovy.control.ResolveVisitor.transform(ResolveVisitor.java:805)
	at org.codehaus.groovy.ast.ClassCodeExpressionTransformer.visitExpressionStatement(ClassCodeExpressionTransformer.java:129)
	at org.codehaus.groovy.ast.stmt.ExpressionStatement.visit(ExpressionStatement.java:41)
	at org.codehaus.groovy.ast.CodeVisitorSupport.visitBlockStatement(CodeVisitorSupport.java:86)
	at org.codehaus.groovy.ast.ClassCodeVisitorSupport.visitBlockStatement(ClassCodeVisitorSupport.java:168)
	at org.codehaus.groovy.control.ResolveVisitor.visitBlockStatement(ResolveVisitor.java:1386)
	at org.codehaus.groovy.ast.stmt.BlockStatement.visit(BlockStatement.java:72)
	at org.codehaus.groovy.control.ResolveVisitor.transformClosureExpression(ResolveVisitor.java:1125)
	at org.codehaus.groovy.control.ResolveVisitor.transform(ResolveVisitor.java:811)
	at org.codehaus.groovy.ast.expr.Expression.transformExpressions(Expression.java:49)
	at org.codehaus.groovy.ast.expr.ArgumentListExpression.transformExpression(ArgumentListExpression.java:67)
	at org.codehaus.groovy.control.ResolveVisitor.transform(ResolveVisitor.java:818)
	at org.codehaus.groovy.control.ResolveVisitor.transformMethodCallExpression(ResolveVisitor.java:1147)
	at org.codehaus.groovy.control.ResolveVisitor.transform(ResolveVisitor.java:809)
	at org.codehaus.groovy.ast.ClassCodeExpressionTransformer.visitExpressionStatement(ClassCodeExpressionTransformer.java:129)
	at org.codehaus.groovy.ast.stmt.ExpressionStatement.visit(ExpressionStatement.java:41)
	at org.codehaus.groovy.ast.CodeVisitorSupport.visitBlockStatement(CodeVisitorSupport.java:86)
	at org.codehaus.groovy.ast.ClassCodeVisitorSupport.visitBlockStatement(ClassCodeVisitorSupport.java:168)
	at org.codehaus.groovy.control.ResolveVisitor.visitBlockStatement(ResolveVisitor.java:1386)
	at org.codehaus.groovy.ast.stmt.BlockStatement.visit(BlockStatement.java:72)
	at org.codehaus.groovy.ast.ClassCodeVisitorSupport.visitClassCodeContainer(ClassCodeVisitorSupport.java:142)
	at org.codehaus.groovy.ast.ClassCodeVisitorSupport.visitConstructorOrMethod(ClassCodeVisitorSupport.java:115)
	at org.codehaus.groovy.ast.ClassCodeExpressionTransformer.visitConstructorOrMethod(ClassCodeExpressionTransformer.java:87)
	at org.codehaus.groovy.control.ResolveVisitor.visitConstructorOrMethod(ResolveVisitor.java:329)
	at org.codehaus.groovy.ast.ClassCodeVisitorSupport.visitMethod(ClassCodeVisitorSupport.java:110)
	at org.codehaus.groovy.ast.ClassNode.visitMethods(ClassNode.java:1132)
	at org.codehaus.groovy.ast.ClassNode.visitContents(ClassNode.java:1125)
	at org.codehaus.groovy.control.ResolveVisitor.visitClass(ResolveVisitor.java:1315)
	at org.codehaus.groovy.control.ResolveVisitor.startResolving(ResolveVisitor.java:258)
	at org.codehaus.groovy.control.CompilationUnit.lambda$addPhaseOperations$4(CompilationUnit.java:218)
	at org.codehaus.groovy.control.CompilationUnit$ISourceUnitOperation.doPhaseOperation(CompilationUnit.java:897)
	... 37 more
