WARNING: A terminally deprecated method in sun.misc.Unsafe has been called
WARNING: sun.misc.Unsafe::staticFieldBase has been called by com.google.inject.internal.aop.HiddenClassDefiner (file:/home/poddingue/.sdkman/candidates/maven/current/lib/guice-5.1.0-classes.jar)
WARNING: Please consider reporting this to the maintainers of class com.google.inject.internal.aop.HiddenClassDefiner
WARNING: sun.misc.Unsafe::staticFieldBase will be removed in a future release
[INFO] Scanning for projects...
[INFO] 
[INFO] Using the MultiThreadedBuilder implementation with a thread count of 4
[INFO] 
[INFO] ------------------< org.jenkins-ci.plugins:cobertura >------------------
[INFO] Building Jenkins Cobertura Plugin 1.18-SNAPSHOT
[INFO]   from pom.xml
[INFO] --------------------------------[ hpi ]---------------------------------
[INFO] 
[INFO] --- clean:3.3.1:clean (default-clean) @ cobertura ---
[INFO] 
[INFO] --- hpi:3.49:validate (default-validate) @ cobertura ---
[INFO] 
[INFO] --- hpi:3.49:validate-hpi (default-validate-hpi) @ cobertura ---
[INFO] 
[INFO] --- enforcer:3.4.1:enforce (display-info) @ cobertura ---
[INFO] Rule 0: io.jenkins.tools.incrementals.enforcer.RequireExtensionVersion passed
[INFO] Rule 1: org.apache.maven.enforcer.rules.version.RequireMavenVersion passed
[INFO] Rule 2: org.apache.maven.enforcer.rules.version.RequireJavaVersion passed
[INFO] Rule 3: org.codehaus.mojo.extraenforcer.dependencies.EnforceBytecodeVersion passed
[INFO] Rule 4: org.apache.maven.enforcer.rules.dependency.BannedDependencies passed
[INFO] Rule 5: org.apache.maven.enforcer.rules.dependency.RequireUpperBoundDeps passed
[INFO] 
[INFO] --- enforcer:3.4.1:enforce (no-snapshots-in-release) @ cobertura ---
[INFO] Rule 0: org.apache.maven.enforcer.rules.dependency.RequireReleaseDeps passed
[INFO] 
[INFO] --- localizer:1.31:generate (default) @ cobertura ---
[INFO] 
[INFO] --- resources:3.3.1:resources (default-resources) @ cobertura ---
[INFO] Copying 43 resources from src/main/resources to target/classes
[INFO] 
[INFO] --- flatten:1.5.0:flatten (flatten) @ cobertura ---
[INFO] Generating flattened POM of project org.jenkins-ci.plugins:cobertura:hpi:1.18-SNAPSHOT...
[INFO] 
[INFO] --- compiler:3.11.0:compile (default-compile) @ cobertura ---
[INFO] Changes detected - recompiling the module! :source
[INFO] Compiling 31 source files with javac [debug release 11] to target/classes
[INFO] hudson.plugins.cobertura.CoverageColumn.ColumnDescriptor indexed under hudson.Extension
[INFO] hudson.plugins.cobertura.CoberturaPublisher.DescriptorImpl indexed under hudson.Extension
[INFO] hudson.plugins.cobertura.dashboard.CoverageTablePortlet.DescriptorImpl.newInstance indexed under hudson.Extension
[INFO] hudson.plugins.cobertura.adapter.CoberturaReportAdapter.CoberturaReportAdapterDescriptor indexed under hudson.Extension
[INFO] /tmp/plugin-builds/cobertura/src/main/java/hudson/plugins/cobertura/CoberturaPublisher.java: Some input files use or override a deprecated API.
[INFO] /tmp/plugin-builds/cobertura/src/main/java/hudson/plugins/cobertura/CoberturaPublisher.java: Recompile with -Xlint:deprecation for details.
[INFO] /tmp/plugin-builds/cobertura/src/main/java/hudson/plugins/cobertura/CoberturaPublisherTarget.java: Some input files use unchecked or unsafe operations.
[INFO] /tmp/plugin-builds/cobertura/src/main/java/hudson/plugins/cobertura/CoberturaPublisherTarget.java: Recompile with -Xlint:unchecked for details.
[INFO] 
[INFO] --- access-modifier-checker:1.32:enforce (default-enforce) @ cobertura ---
[INFO] 
[INFO] --- hpi:3.49:insert-test (default-insert-test) @ cobertura ---
[INFO] 
[INFO] --- antrun:3.1.0:run (createTempDir) @ cobertura ---
[INFO] Executing tasks
[INFO]     [mkdir] Created dir: /tmp/plugin-builds/cobertura/target/tmp
[INFO] Executed tasks
[INFO] 
[INFO] --- resources:3.3.1:testResources (default-testResources) @ cobertura ---
[INFO] Not copying test resources
[INFO] 
[INFO] --- compiler:3.11.0:testCompile (default-testCompile) @ cobertura ---
[INFO] Not compiling test sources
[INFO] 
[INFO] --- hpi:3.49:test-hpl (default-test-hpl) @ cobertura ---
[INFO] Generating /tmp/plugin-builds/cobertura/target/test-classes/the.hpl
[INFO] 
[INFO] --- hpi:3.49:resolve-test-dependencies (default-resolve-test-dependencies) @ cobertura ---
[INFO] 
[INFO] --- hpi:3.49:test-runtime (default-test-runtime) @ cobertura ---
[INFO] Tests are skipped.
[INFO] 
[INFO] --- surefire:3.1.2:test (default-test) @ cobertura ---
[INFO] Tests are skipped.
[INFO] 
[INFO] --- license:104.v2171757ee6dd:process (default) @ cobertura ---
[INFO] ------------------------------------------------------------------------
[INFO] BUILD FAILURE
[INFO] ------------------------------------------------------------------------
[INFO] Total time:  27.390 s (Wall Clock)
[INFO] Finished at: 2025-09-01T10:01:58+02:00
[INFO] ------------------------------------------------------------------------
[ERROR] BUG! exception in phase 'semantic analysis' in source unit 'inlineScript' Unsupported class file major version 69 -> [Help 1]
[ERROR] BUG! exception in phase 'semantic analysis' in source unit 'inlineScript' Unsupported class file major version 69
[ERROR] 
[ERROR] To see the full stack trace of the errors, re-run Maven with the -e switch.
[ERROR] Re-run Maven using the -X switch to enable full debug logging.
[ERROR] 
[ERROR] For more information about the errors and possible solutions, please read the following articles:
[ERROR] [Help 1] http://cwiki.apache.org/confluence/display/MAVEN/GroovyBugError
