WARNING: A terminally deprecated method in sun.misc.Unsafe has been called
WARNING: sun.misc.Unsafe::staticFieldBase has been called by com.google.inject.internal.aop.HiddenClassDefiner (file:/usr/share/apache-maven-3.9.11/lib/guice-5.1.0-classes.jar)
WARNING: Please consider reporting this to the maintainers of class com.google.inject.internal.aop.HiddenClassDefiner
WARNING: sun.misc.Unsafe::staticFieldBase will be removed in a future release
[INFO] Scanning for projects...
[INFO] Artifact org.jenkins-ci.tools:maven-hpi-plugin:pom:3.49 is present in the local repository, but cached from a remote repository ID that is unavailable in current build context, verifying that is downloadable from [incrementals (https://repo.jenkins-ci.org/incrementals/, default, releases), central (https://repo.maven.apache.org/maven2, default, releases)]
[INFO] Artifact org.jenkins-ci.tools:maven-hpi-plugin:pom:3.49 is present in the local repository, but cached from a remote repository ID that is unavailable in current build context, verifying that is downloadable from [incrementals (https://repo.jenkins-ci.org/incrementals/, default, releases), central (https://repo.maven.apache.org/maven2, default, releases)]
[WARNING] The POM for org.jenkins-ci.tools:maven-hpi-plugin:jar:3.49 is missing, no dependency information available
[INFO] Artifact org.jenkins-ci.tools:maven-hpi-plugin:jar:3.49 is present in the local repository, but cached from a remote repository ID that is unavailable in current build context, verifying that is downloadable from [incrementals (https://repo.jenkins-ci.org/incrementals/, default, releases), central (https://repo.maven.apache.org/maven2, default, releases)]
[INFO] Artifact org.jenkins-ci.tools:maven-hpi-plugin:jar:3.49 is present in the local repository, but cached from a remote repository ID that is unavailable in current build context, verifying that is downloadable from [incrementals (https://repo.jenkins-ci.org/incrementals/, default, releases), central (https://repo.maven.apache.org/maven2, default, releases)]
[WARNING] Failed to build parent project for org.jenkins-ci.plugins:cobertura:hpi:1.18-SNAPSHOT
[INFO] 
[INFO] ------------------< org.jenkins-ci.plugins:cobertura >------------------
[INFO] Building Jenkins Cobertura Plugin 1.18-SNAPSHOT
[INFO]   from pom.xml
[INFO] --------------------------------[ hpi ]---------------------------------
[INFO] 
[INFO] --- clean:3.3.1:clean (default-clean) @ cobertura ---
[INFO] 
[INFO] --- hpi:3.49:validate (default-validate) @ cobertura ---
[INFO] 
[INFO] --- hpi:3.49:validate-hpi (default-validate-hpi) @ cobertura ---
[INFO] 
[INFO] --- enforcer:3.4.1:enforce (display-info) @ cobertura ---
[INFO] Rule 0: io.jenkins.tools.incrementals.enforcer.RequireExtensionVersion passed
[INFO] Rule 1: org.apache.maven.enforcer.rules.version.RequireMavenVersion passed
[INFO] Rule 2: org.apache.maven.enforcer.rules.version.RequireJavaVersion passed
[INFO] Rule 3: org.codehaus.mojo.extraenforcer.dependencies.EnforceBytecodeVersion passed
[INFO] Rule 4: org.apache.maven.enforcer.rules.dependency.BannedDependencies passed
[INFO] Rule 5: org.apache.maven.enforcer.rules.dependency.RequireUpperBoundDeps passed
[INFO] 
[INFO] --- enforcer:3.4.1:enforce (no-snapshots-in-release) @ cobertura ---
[INFO] Rule 0: org.apache.maven.enforcer.rules.dependency.RequireReleaseDeps passed
[INFO] 
[INFO] --- localizer:1.31:generate (default) @ cobertura ---
[INFO] 
[INFO] --- resources:3.3.1:resources (default-resources) @ cobertura ---
[INFO] Copying 43 resources from src/main/resources to target/classes
[INFO] 
[INFO] --- flatten:1.5.0:flatten (flatten) @ cobertura ---
[INFO] Generating flattened POM of project org.jenkins-ci.plugins:cobertura:hpi:1.18-SNAPSHOT...
[INFO] 
[INFO] --- compiler:3.11.0:compile (default-compile) @ cobertura ---
[INFO] Changes detected - recompiling the module! :source
[INFO] Compiling 31 source files with javac [debug release 11] to target/classes
[INFO] hudson.plugins.cobertura.CoverageColumn.ColumnDescriptor indexed under hudson.Extension
[INFO] hudson.plugins.cobertura.CoberturaPublisher.DescriptorImpl indexed under hudson.Extension
[INFO] hudson.plugins.cobertura.dashboard.CoverageTablePortlet.DescriptorImpl.newInstance indexed under hudson.Extension
[INFO] hudson.plugins.cobertura.adapter.CoberturaReportAdapter.CoberturaReportAdapterDescriptor indexed under hudson.Extension
[INFO] /tmp/plugin-builds/cobertura/src/main/java/hudson/plugins/cobertura/CoberturaPublisher.java: Some input files use or override a deprecated API.
[INFO] /tmp/plugin-builds/cobertura/src/main/java/hudson/plugins/cobertura/CoberturaPublisher.java: Recompile with -Xlint:deprecation for details.
[INFO] /tmp/plugin-builds/cobertura/src/main/java/hudson/plugins/cobertura/CoberturaPublisherTarget.java: Some input files use unchecked or unsafe operations.
[INFO] /tmp/plugin-builds/cobertura/src/main/java/hudson/plugins/cobertura/CoberturaPublisherTarget.java: Recompile with -Xlint:unchecked for details.
[INFO] 
[INFO] --- access-modifier-checker:1.32:enforce (default-enforce) @ cobertura ---
[INFO] 
[INFO] --- hpi:3.49:insert-test (default-insert-test) @ cobertura ---
[INFO] 
[INFO] --- antrun:3.1.0:run (createTempDir) @ cobertura ---
[INFO] Executing tasks
[INFO]     [mkdir] Created dir: /tmp/plugin-builds/cobertura/target/tmp
[INFO] Executed tasks
[INFO] 
[INFO] --- resources:3.3.1:testResources (default-testResources) @ cobertura ---
[INFO] Not copying test resources
[INFO] 
[INFO] --- compiler:3.11.0:testCompile (default-testCompile) @ cobertura ---
[INFO] Not compiling test sources
[INFO] 
[INFO] --- hpi:3.49:test-hpl (default-test-hpl) @ cobertura ---
[INFO] Generating /tmp/plugin-builds/cobertura/target/test-classes/the.hpl
[INFO] 
[INFO] --- hpi:3.49:resolve-test-dependencies (default-resolve-test-dependencies) @ cobertura ---
[INFO] 
[INFO] --- hpi:3.49:test-runtime (default-test-runtime) @ cobertura ---
[INFO] Tests are skipped.
[INFO] 
[INFO] --- surefire:3.1.2:test (default-test) @ cobertura ---
[INFO] Tests are skipped.
[INFO] 
[INFO] --- license:104.v2171757ee6dd:process (default) @ cobertura ---
[INFO] ------------------------------------------------------------------------
[INFO] BUILD FAILURE
[INFO] ------------------------------------------------------------------------
[INFO] Total time:  34.554 s
[INFO] Finished at: 2025-12-02T03:10:53Z
[INFO] ------------------------------------------------------------------------
---------------------------------------------------
constituent[0]: file:/usr/share/apache-maven-3.9.11/conf/logging/
constituent[1]: file:/usr/share/apache-maven-3.9.11/lib/plexus-utils-3.6.0.jar
constituent[2]: file:/usr/share/apache-maven-3.9.11/lib/maven-repository-metadata-3.9.11.jar
constituent[3]: file:/usr/share/apache-maven-3.9.11/lib/maven-resolver-connector-basic-1.9.24.jar
constituent[4]: file:/usr/share/apache-maven-3.9.11/lib/maven-resolver-util-1.9.24.jar
constituent[5]: file:/usr/share/apache-maven-3.9.11/lib/wagon-http-3.5.3.jar
constituent[6]: file:/usr/share/apache-maven-3.9.11/lib/maven-resolver-impl-1.9.24.jar
constituent[7]: file:/usr/share/apache-maven-3.9.11/lib/wagon-file-3.5.3.jar
constituent[8]: file:/usr/share/apache-maven-3.9.11/lib/maven-embedder-3.9.11.jar
constituent[9]: file:/usr/share/apache-maven-3.9.11/lib/aopalliance-1.0.jar
constituent[10]: file:/usr/share/apache-maven-3.9.11/lib/maven-slf4j-provider-3.9.11.jar
constituent[11]: file:/usr/share/apache-maven-3.9.11/lib/org.eclipse.sisu.inject-0.9.0.M4.jar
constituent[12]: file:/usr/share/apache-maven-3.9.11/lib/plexus-interpolation-1.28.jar
constituent[13]: file:/usr/share/apache-maven-3.9.11/lib/maven-model-3.9.11.jar
constituent[14]: file:/usr/share/apache-maven-3.9.11/lib/jcl-over-slf4j-1.7.36.jar
constituent[15]: file:/usr/share/apache-maven-3.9.11/lib/maven-resolver-named-locks-1.9.24.jar
constituent[16]: file:/usr/share/apache-maven-3.9.11/lib/commons-cli-1.9.0.jar
constituent[17]: file:/usr/share/apache-maven-3.9.11/lib/plexus-cipher-2.0.jar
constituent[18]: file:/usr/share/apache-maven-3.9.11/lib/maven-resolver-provider-3.9.11.jar
constituent[19]: file:/usr/share/apache-maven-3.9.11/lib/slf4j-api-1.7.36.jar
constituent[20]: file:/usr/share/apache-maven-3.9.11/lib/maven-shared-utils-3.4.2.jar
constituent[21]: file:/usr/share/apache-maven-3.9.11/lib/maven-plugin-api-3.9.11.jar
constituent[22]: file:/usr/share/apache-maven-3.9.11/lib/jspecify-1.0.0.jar
constituent[23]: file:/usr/share/apache-maven-3.9.11/lib/guice-5.1.0-classes.jar
constituent[24]: file:/usr/share/apache-maven-3.9.11/lib/maven-resolver-spi-1.9.24.jar
constituent[25]: file:/usr/share/apache-maven-3.9.11/lib/maven-artifact-3.9.11.jar
constituent[26]: file:/usr/share/apache-maven-3.9.11/lib/maven-resolver-transport-http-1.9.24.jar
constituent[27]: file:/usr/share/apache-maven-3.9.11/lib/maven-resolver-transport-file-1.9.24.jar
constituent[28]: file:/usr/share/apache-maven-3.9.11/lib/maven-core-3.9.11.jar
constituent[29]: file:/usr/share/apache-maven-3.9.11/lib/maven-resolver-api-1.9.24.jar
constituent[30]: file:/usr/share/apache-maven-3.9.11/lib/maven-compat-3.9.11.jar
constituent[31]: file:/usr/share/apache-maven-3.9.11/lib/guava-33.4.8-jre.jar
constituent[32]: file:/usr/share/apache-maven-3.9.11/lib/failureaccess-1.0.3.jar
constituent[33]: file:/usr/share/apache-maven-3.9.11/lib/asm-9.8.jar
constituent[34]: file:/usr/share/apache-maven-3.9.11/lib/wagon-provider-api-3.5.3.jar
constituent[35]: file:/usr/share/apache-maven-3.9.11/lib/httpclient-4.5.14.jar
constituent[36]: file:/usr/share/apache-maven-3.9.11/lib/maven-resolver-transport-wagon-1.9.24.jar
constituent[37]: file:/usr/share/apache-maven-3.9.11/lib/gson-2.13.1.jar
constituent[38]: file:/usr/share/apache-maven-3.9.11/lib/org.eclipse.sisu.plexus-0.9.0.M4.jar
constituent[39]: file:/usr/share/apache-maven-3.9.11/lib/maven-builder-support-3.9.11.jar
constituent[40]: file:/usr/share/apache-maven-3.9.11/lib/commons-codec-1.18.0.jar
constituent[41]: file:/usr/share/apache-maven-3.9.11/lib/maven-model-builder-3.9.11.jar
constituent[42]: file:/usr/share/apache-maven-3.9.11/lib/javax.annotation-api-1.3.2.jar
constituent[43]: file:/usr/share/apache-maven-3.9.11/lib/maven-settings-3.9.11.jar
constituent[44]: file:/usr/share/apache-maven-3.9.11/lib/jansi-2.4.2.jar
constituent[45]: file:/usr/share/apache-maven-3.9.11/lib/wagon-http-shared-3.5.3.jar
constituent[46]: file:/usr/share/apache-maven-3.9.11/lib/plexus-component-annotations-2.2.0.jar
constituent[47]: file:/usr/share/apache-maven-3.9.11/lib/plexus-sec-dispatcher-2.0.jar
constituent[48]: file:/usr/share/apache-maven-3.9.11/lib/error_prone_annotations-2.38.0.jar
constituent[49]: file:/usr/share/apache-maven-3.9.11/lib/httpcore-4.4.16.jar
constituent[50]: file:/usr/share/apache-maven-3.9.11/lib/javax.inject-1.jar
constituent[51]: file:/usr/share/apache-maven-3.9.11/lib/maven-settings-builder-3.9.11.jar
---------------------------------------------------
Exception in thread "main" BUG! exception in phase 'semantic analysis' in source unit 'inlineScript' Unsupported class file major version 69
	at org.codehaus.groovy.control.CompilationUnit$ISourceUnitOperation.doPhaseOperation(CompilationUnit.java:901)
	at org.codehaus.groovy.control.CompilationUnit.processPhaseOperations(CompilationUnit.java:692)
	at org.codehaus.groovy.control.CompilationUnit.compile(CompilationUnit.java:666)
	at groovy.lang.GroovyClassLoader.doParseClass(GroovyClassLoader.java:373)
	at groovy.lang.GroovyClassLoader.lambda$parseClass$2(GroovyClassLoader.java:316)
	at org.codehaus.groovy.runtime.memoize.StampedCommonCache.compute(StampedCommonCache.java:163)
	at org.codehaus.groovy.runtime.memoize.StampedCommonCache.getAndPut(StampedCommonCache.java:154)
	at groovy.lang.GroovyClassLoader.parseClass(GroovyClassLoader.java:314)
	at groovy.lang.GroovyShell.parseClass(GroovyShell.java:572)
	at groovy.lang.GroovyShell.parse(GroovyShell.java:585)
	at groovy.lang.GroovyShell.parse(GroovyShell.java:639)
	at groovy.lang.GroovyShell.parse(GroovyShell.java:643)
	at com.cloudbees.maven.license.ProcessMojo.execute(ProcessMojo.java:151)
	at org.apache.maven.plugin.DefaultBuildPluginManager.executeMojo(DefaultBuildPluginManager.java:126)
	at org.apache.maven.lifecycle.internal.MojoExecutor.doExecute2(MojoExecutor.java:328)
	at org.apache.maven.lifecycle.internal.MojoExecutor.doExecute(MojoExecutor.java:316)
	at org.apache.maven.lifecycle.internal.MojoExecutor.execute(MojoExecutor.java:212)
	at org.apache.maven.lifecycle.internal.MojoExecutor.execute(MojoExecutor.java:174)
	at org.apache.maven.lifecycle.internal.MojoExecutor.access$000(MojoExecutor.java:75)
	at org.apache.maven.lifecycle.internal.MojoExecutor$1.run(MojoExecutor.java:162)
	at org.apache.maven.plugin.DefaultMojosExecutionStrategy.execute(DefaultMojosExecutionStrategy.java:39)
	at org.apache.maven.lifecycle.internal.MojoExecutor.execute(MojoExecutor.java:159)
	at org.apache.maven.lifecycle.internal.LifecycleModuleBuilder.buildProject(LifecycleModuleBuilder.java:105)
	at org.apache.maven.lifecycle.internal.LifecycleModuleBuilder.buildProject(LifecycleModuleBuilder.java:73)
	at org.apache.maven.lifecycle.internal.builder.singlethreaded.SingleThreadedBuilder.build(SingleThreadedBuilder.java:53)
	at org.apache.maven.lifecycle.internal.LifecycleStarter.execute(LifecycleStarter.java:118)
	at org.apache.maven.DefaultMaven.doExecute(DefaultMaven.java:261)
	at org.apache.maven.DefaultMaven.doExecute(DefaultMaven.java:173)
	at org.apache.maven.DefaultMaven.execute(DefaultMaven.java:101)
	at org.apache.maven.cli.MavenCli.execute(MavenCli.java:906)
	at org.apache.maven.cli.MavenCli.doMain(MavenCli.java:283)
	at org.apache.maven.cli.MavenCli.main(MavenCli.java:206)
	at java.base/jdk.internal.reflect.DirectMethodHandleAccessor.invoke(DirectMethodHandleAccessor.java:104)
	at java.base/java.lang.reflect.Method.invoke(Method.java:565)
	at org.codehaus.plexus.classworlds.launcher.Launcher.launchEnhanced(Launcher.java:255)
	at org.codehaus.plexus.classworlds.launcher.Launcher.launch(Launcher.java:201)
	at org.codehaus.plexus.classworlds.launcher.Launcher.mainWithExitCode(Launcher.java:361)
	at org.codehaus.plexus.classworlds.launcher.Launcher.main(Launcher.java:314)
Caused by: java.lang.IllegalArgumentException: Unsupported class file major version 69
	at groovyjarjarasm.asm.ClassReader.<init>(ClassReader.java:199)
	at groovyjarjarasm.asm.ClassReader.<init>(ClassReader.java:180)
	at groovyjarjarasm.asm.ClassReader.<init>(ClassReader.java:166)
	at groovyjarjarasm.asm.ClassReader.<init>(ClassReader.java:287)
	at org.codehaus.groovy.ast.decompiled.AsmDecompiler.parseClass(AsmDecompiler.java:83)
	at org.codehaus.groovy.control.ClassNodeResolver.findDecompiled(ClassNodeResolver.java:255)
	at org.codehaus.groovy.control.ClassNodeResolver.tryAsLoaderClassOrScript(ClassNodeResolver.java:193)
	at org.codehaus.groovy.control.ClassNodeResolver.findClassNode(ClassNodeResolver.java:175)
	at org.codehaus.groovy.control.ClassNodeResolver.resolveName(ClassNodeResolver.java:129)
	at org.codehaus.groovy.control.ResolveVisitor.resolveToOuter(ResolveVisitor.java:772)
	at org.codehaus.groovy.control.ResolveVisitor.resolve(ResolveVisitor.java:413)
	at org.codehaus.groovy.control.ResolveVisitor.resolveFromDefaultImports(ResolveVisitor.java:567)
	at org.codehaus.groovy.control.ResolveVisitor.resolveFromDefaultImports(ResolveVisitor.java:531)
	at org.codehaus.groovy.control.ResolveVisitor.resolve(ResolveVisitor.java:412)
	at org.codehaus.groovy.control.ResolveVisitor.resolve(ResolveVisitor.java:374)
	at org.codehaus.groovy.control.ResolveVisitor.resolveOrFail(ResolveVisitor.java:342)
	at org.codehaus.groovy.control.ResolveVisitor.resolveOrFail(ResolveVisitor.java:333)
	at org.codehaus.groovy.control.ResolveVisitor.resolveOrFail(ResolveVisitor.java:329)
	at org.codehaus.groovy.control.ResolveVisitor.transform(ResolveVisitor.java:807)
	at org.codehaus.groovy.control.ResolveVisitor.transformDeclarationExpression(ResolveVisitor.java:1165)
	at org.codehaus.groovy.control.ResolveVisitor.transform(ResolveVisitor.java:795)
	at org.codehaus.groovy.ast.ClassCodeExpressionTransformer.visitExpressionStatement(ClassCodeExpressionTransformer.java:129)
	at org.codehaus.groovy.ast.stmt.ExpressionStatement.visit(ExpressionStatement.java:41)
	at org.codehaus.groovy.ast.CodeVisitorSupport.visitBlockStatement(CodeVisitorSupport.java:86)
	at org.codehaus.groovy.ast.ClassCodeVisitorSupport.visitBlockStatement(ClassCodeVisitorSupport.java:168)
	at org.codehaus.groovy.control.ResolveVisitor.visitBlockStatement(ResolveVisitor.java:1388)
	at org.codehaus.groovy.ast.stmt.BlockStatement.visit(BlockStatement.java:72)
	at org.codehaus.groovy.control.ResolveVisitor.transformClosureExpression(ResolveVisitor.java:1117)
	at org.codehaus.groovy.control.ResolveVisitor.transform(ResolveVisitor.java:801)
	at org.codehaus.groovy.ast.expr.Expression.transformExpressions(Expression.java:49)
	at org.codehaus.groovy.ast.expr.ArgumentListExpression.transformExpression(ArgumentListExpression.java:67)
	at org.codehaus.groovy.control.ResolveVisitor.transform(ResolveVisitor.java:808)
	at org.codehaus.groovy.control.ResolveVisitor.transformMethodCallExpression(ResolveVisitor.java:1139)
	at org.codehaus.groovy.control.ResolveVisitor.transform(ResolveVisitor.java:799)
	at org.codehaus.groovy.ast.ClassCodeExpressionTransformer.visitExpressionStatement(ClassCodeExpressionTransformer.java:129)
	at org.codehaus.groovy.ast.stmt.ExpressionStatement.visit(ExpressionStatement.java:41)
	at org.codehaus.groovy.ast.CodeVisitorSupport.visitBlockStatement(CodeVisitorSupport.java:86)
	at org.codehaus.groovy.ast.ClassCodeVisitorSupport.visitBlockStatement(ClassCodeVisitorSupport.java:168)
	at org.codehaus.groovy.control.ResolveVisitor.visitBlockStatement(ResolveVisitor.java:1388)
	at org.codehaus.groovy.ast.stmt.BlockStatement.visit(BlockStatement.java:72)
	at org.codehaus.groovy.ast.ClassCodeVisitorSupport.visitClassCodeContainer(ClassCodeVisitorSupport.java:142)
	at org.codehaus.groovy.ast.ClassCodeVisitorSupport.visitConstructorOrMethod(ClassCodeVisitorSupport.java:115)
	at org.codehaus.groovy.ast.ClassCodeExpressionTransformer.visitConstructorOrMethod(ClassCodeExpressionTransformer.java:87)
	at org.codehaus.groovy.control.ResolveVisitor.visitConstructorOrMethod(ResolveVisitor.java:297)
	at org.codehaus.groovy.ast.ClassCodeVisitorSupport.visitMethod(ClassCodeVisitorSupport.java:110)
	at org.codehaus.groovy.control.ResolveVisitor.visitMethod(ResolveVisitor.java:268)
	at org.codehaus.groovy.ast.ClassNode.visitMethods(ClassNode.java:1129)
	at org.codehaus.groovy.ast.ClassNode.visitContents(ClassNode.java:1122)
	at org.codehaus.groovy.ast.ClassCodeVisitorSupport.visitClass(ClassCodeVisitorSupport.java:52)
	at org.codehaus.groovy.control.ResolveVisitor.visitClass(ResolveVisitor.java:1334)
	at org.codehaus.groovy.control.ResolveVisitor.startResolving(ResolveVisitor.java:258)
	at org.codehaus.groovy.control.CompilationUnit.lambda$addPhaseOperations$4(CompilationUnit.java:218)
	at org.codehaus.groovy.control.CompilationUnit$ISourceUnitOperation.doPhaseOperation(CompilationUnit.java:897)
	... 37 more
