[INFO] Scanning for projects...
[INFO] Artifact org.jenkins-ci.tools:maven-hpi-plugin:pom:3.48 is present in the local repository, but cached from a remote repository ID that is unavailable in current build context, verifying that is downloadable from [incrementals (https://repo.jenkins-ci.org/incrementals/, default, releases), central (https://repo.maven.apache.org/maven2, default, releases)]
[INFO] Artifact org.jenkins-ci.tools:maven-hpi-plugin:pom:3.48 is present in the local repository, but cached from a remote repository ID that is unavailable in current build context, verifying that is downloadable from [incrementals (https://repo.jenkins-ci.org/incrementals/, default, releases), central (https://repo.maven.apache.org/maven2, default, releases)]
[WARNING] The POM for org.jenkins-ci.tools:maven-hpi-plugin:jar:3.48 is missing, no dependency information available
[INFO] Artifact org.jenkins-ci.tools:maven-hpi-plugin:jar:3.48 is present in the local repository, but cached from a remote repository ID that is unavailable in current build context, verifying that is downloadable from [incrementals (https://repo.jenkins-ci.org/incrementals/, default, releases), central (https://repo.maven.apache.org/maven2, default, releases)]
[INFO] Artifact org.jenkins-ci.tools:maven-hpi-plugin:jar:3.48 is present in the local repository, but cached from a remote repository ID that is unavailable in current build context, verifying that is downloadable from [incrementals (https://repo.jenkins-ci.org/incrementals/, default, releases), central (https://repo.maven.apache.org/maven2, default, releases)]
[WARNING] Failed to build parent project for org.jvnet.hudson.plugins:analysis-pom:pom:6.14.0
[WARNING] Failed to build parent project for io.jenkins.plugins:code-coverage-api:hpi:4.100.0-SNAPSHOT
[INFO] 
[INFO] ----------------< io.jenkins.plugins:code-coverage-api >----------------
[INFO] Building Code Coverage Plugin 4.100.0-SNAPSHOT
[INFO]   from pom.xml
[INFO] --------------------------------[ hpi ]---------------------------------
[INFO] 
[INFO] --- clean:3.3.1:clean (default-clean) @ code-coverage-api ---
[INFO] 
[INFO] --- hpi:3.48:validate (default-validate) @ code-coverage-api ---
[INFO] 
[INFO] --- hpi:3.48:validate-hpi (default-validate-hpi) @ code-coverage-api ---
[INFO] 
[INFO] --- enforcer:3.4.0:enforce (display-info) @ code-coverage-api ---
[INFO] Rule 0: org.apache.maven.enforcer.rules.dependency.RequireUpperBoundDeps passed
[INFO] Rule 1: io.jenkins.tools.incrementals.enforcer.RequireExtensionVersion passed
[INFO] Rule 2: org.apache.maven.enforcer.rules.version.RequireMavenVersion passed
[INFO] Rule 3: org.apache.maven.enforcer.rules.version.RequireJavaVersion passed
[INFO] Rule 4: org.codehaus.mojo.extraenforcer.dependencies.EnforceBytecodeVersion passed
[INFO] Rule 5: org.apache.maven.enforcer.rules.dependency.BannedDependencies passed
[INFO] 
[INFO] --- enforcer:3.4.0:enforce (no-snapshots-in-release) @ code-coverage-api ---
[INFO] Rule 0: org.apache.maven.enforcer.rules.dependency.RequireReleaseDeps passed
[INFO] 
[INFO] --- localizer:1.31:generate (default) @ code-coverage-api ---
[INFO] 
[INFO] >>> javadoc:3.5.0:javadoc (default) > generate-sources @ code-coverage-api >>>
[INFO] 
[INFO] --- hpi:3.48:validate (default-validate) @ code-coverage-api ---
[INFO] 
[INFO] --- hpi:3.48:validate-hpi (default-validate-hpi) @ code-coverage-api ---
[INFO] 
[INFO] --- enforcer:3.4.0:enforce (display-info) @ code-coverage-api ---
[INFO] Rule 0: org.apache.maven.enforcer.rules.dependency.RequireUpperBoundDeps passed
[INFO] Rule 4: org.codehaus.mojo.extraenforcer.dependencies.EnforceBytecodeVersion passed
[INFO] Rule 5: org.apache.maven.enforcer.rules.dependency.BannedDependencies passed
[INFO] 
[INFO] --- enforcer:3.4.0:enforce (no-snapshots-in-release) @ code-coverage-api ---
[INFO] Rule 0: org.apache.maven.enforcer.rules.dependency.RequireReleaseDeps passed
[INFO] 
[INFO] --- localizer:1.31:generate (default) @ code-coverage-api ---
[INFO] 
[INFO] <<< javadoc:3.5.0:javadoc (default) < generate-sources @ code-coverage-api <<<
[INFO] 
[INFO] 
[INFO] --- javadoc:3.5.0:javadoc (default) @ code-coverage-api ---
[INFO] No previous run data found, generating javadoc.
[INFO] 
[INFO] --- resources:3.3.1:resources (default-resources) @ code-coverage-api ---
[INFO] Copying 52 resources from src/main/resources to target/classes
[INFO] 
[INFO] --- flatten:1.5.0:flatten (flatten) @ code-coverage-api ---
[INFO] Generating flattened POM of project io.jenkins.plugins:code-coverage-api:hpi:4.100.0-SNAPSHOT...
[INFO] 
[INFO] --- compiler:3.11.0:compile (default-compile) @ code-coverage-api ---
[INFO] Changes detected - recompiling the module! :source
[INFO] Compiling 100 source files with javac [debug release 11] to target/classes
[WARNING] /tmp/plugin-builds/code-coverage-api/src/main/java/io/jenkins/plugins/coverage/targets/CoverageResult.java:[99,47] non-transient instance field of a serializable class declared with a non-serializable type
[WARNING] /tmp/plugin-builds/code-coverage-api/src/main/java/io/jenkins/plugins/coverage/targets/CoverageResult.java:[102,47] non-transient instance field of a serializable class declared with a non-serializable type
[WARNING] /tmp/plugin-builds/code-coverage-api/src/main/java/io/jenkins/plugins/coverage/targets/CoverageResult.java:[104,47] non-transient instance field of a serializable class declared with a non-serializable type
[WARNING] /tmp/plugin-builds/code-coverage-api/src/main/java/io/jenkins/plugins/coverage/targets/CoverageResult.java:[106,47] non-transient instance field of a serializable class declared with a non-serializable type
[WARNING] /tmp/plugin-builds/code-coverage-api/src/main/java/io/jenkins/plugins/coverage/targets/CoverageResult.java:[115,44] non-transient instance field of a serializable class declared with a non-serializable type
[WARNING] /tmp/plugin-builds/code-coverage-api/src/main/java/io/jenkins/plugins/coverage/targets/CoverageResult.java:[128,44] possible 'this' escape before subclass is fully initialized
[WARNING] /tmp/plugin-builds/code-coverage-api/src/main/java/io/jenkins/plugins/coverage/exception/CoverageException.java:[3,8] serializable class io.jenkins.plugins.coverage.exception.CoverageException has no definition of serialVersionUID
[WARNING] /tmp/plugin-builds/code-coverage-api/src/main/java/io/jenkins/plugins/coverage/targets/CoveragePaint.java:[132,51] non-transient instance field of a serializable class declared with a non-serializable type
[WARNING] /tmp/plugin-builds/code-coverage-api/src/main/java/io/jenkins/plugins/coverage/targets/CoverageTree.java:[40,41] non-transient instance field of a serializable class declared with a non-serializable type
[WARNING] /tmp/plugin-builds/code-coverage-api/src/main/java/io/jenkins/plugins/coverage/targets/CoverageTree.java:[42,41] non-transient instance field of a serializable class declared with a non-serializable type
[WARNING] /tmp/plugin-builds/code-coverage-api/src/main/java/io/jenkins/plugins/coverage/targets/CoverageTrend.java:[10,8] serializable class io.jenkins.plugins.coverage.targets.CoverageTrend has no definition of serialVersionUID
[WARNING] /tmp/plugin-builds/code-coverage-api/src/main/java/io/jenkins/plugins/coverage/targets/CoverageTrend.java:[13,39] non-transient instance field of a serializable class declared with a non-serializable type
[WARNING] /tmp/plugin-builds/code-coverage-api/src/main/java/io/jenkins/plugins/coverage/model/CoverageNode.java:[54,38] non-transient instance field of a serializable class declared with a non-serializable type
[WARNING] /tmp/plugin-builds/code-coverage-api/src/main/java/io/jenkins/plugins/coverage/model/CoverageNode.java:[55,38] non-transient instance field of a serializable class declared with a non-serializable type
[WARNING] /tmp/plugin-builds/code-coverage-api/src/main/java/io/jenkins/plugins/coverage/model/FileCoverageNode.java:[28,42] non-transient instance field of a serializable class declared with a non-serializable type
[WARNING] /tmp/plugin-builds/code-coverage-api/src/main/java/io/jenkins/plugins/coverage/model/FileCoverageNode.java:[29,59] non-transient instance field of a serializable class declared with a non-serializable type
[WARNING] /tmp/plugin-builds/code-coverage-api/src/main/java/io/jenkins/plugins/coverage/model/FileCoverageNode.java:[30,41] non-transient instance field of a serializable class declared with a non-serializable type
[WARNING] /tmp/plugin-builds/code-coverage-api/src/main/java/io/jenkins/plugins/coverage/model/FileCoverageNode.java:[31,32] non-transient instance field of a serializable class declared with a non-serializable type
[WARNING] /tmp/plugin-builds/code-coverage-api/src/main/java/io/jenkins/plugins/coverage/adapter/CoverageAdapter.java:[10,17] serializable class io.jenkins.plugins.coverage.adapter.CoverageAdapter has no definition of serialVersionUID
[WARNING] /tmp/plugin-builds/code-coverage-api/src/main/java/io/jenkins/plugins/coverage/detector/ReportDetector.java:[56,14] found raw type: io.jenkins.plugins.coverage.adapter.CoverageReportAdapterDescriptor
  missing type arguments for generic class io.jenkins.plugins.coverage.adapter.CoverageReportAdapterDescriptor<T>
[WARNING] /tmp/plugin-builds/code-coverage-api/src/main/java/io/jenkins/plugins/coverage/detector/ReportDetector.java:[73,18] found raw type: io.jenkins.plugins.coverage.adapter.CoverageReportAdapterDescriptor
  missing type arguments for generic class io.jenkins.plugins.coverage.adapter.CoverageReportAdapterDescriptor<T>
[WARNING] /tmp/plugin-builds/code-coverage-api/src/main/java/io/jenkins/plugins/coverage/detector/ReportDetector.java:[77,25] found raw type: java.lang.Class
  missing type arguments for generic class java.lang.Class<T>
[WARNING] /tmp/plugin-builds/code-coverage-api/src/main/java/io/jenkins/plugins/coverage/detector/ReportDetector.java:[79,25] found raw type: java.lang.reflect.Constructor
  missing type arguments for generic class java.lang.reflect.Constructor<T>
[WARNING] /tmp/plugin-builds/code-coverage-api/src/main/java/io/jenkins/plugins/coverage/detector/ReportDetector.java:[102,18] found raw type: io.jenkins.plugins.coverage.adapter.CoverageReportAdapterDescriptor
  missing type arguments for generic class io.jenkins.plugins.coverage.adapter.CoverageReportAdapterDescriptor<T>
[WARNING] /tmp/plugin-builds/code-coverage-api/src/main/java/io/jenkins/plugins/coverage/detector/ReportDetector.java:[24,17] serializable class io.jenkins.plugins.coverage.detector.ReportDetector has no definition of serialVersionUID
[WARNING] /tmp/plugin-builds/code-coverage-api/src/main/java/io/jenkins/plugins/coverage/detector/AntPathReportDetector.java:[17,8] serializable class io.jenkins.plugins.coverage.detector.AntPathReportDetector has no definition of serialVersionUID
[WARNING] /tmp/plugin-builds/code-coverage-api/src/main/java/io/jenkins/plugins/coverage/adapter/CoverageReportAdapter.java:[24,17] serializable class io.jenkins.plugins.coverage.adapter.CoverageReportAdapter has no definition of serialVersionUID
[WARNING] /tmp/plugin-builds/code-coverage-api/src/main/java/io/jenkins/plugins/coverage/adapter/CoverageReportAdapter.java:[30,29] non-transient instance field of a serializable class declared with a non-serializable type
[WARNING] /tmp/plugin-builds/code-coverage-api/src/main/java/io/jenkins/plugins/coverage/threshold/Threshold.java:[17,8] serializable class io.jenkins.plugins.coverage.threshold.Threshold has no definition of serialVersionUID
[WARNING] /tmp/plugin-builds/code-coverage-api/src/main/java/io/jenkins/plugins/coverage/adapter/XMLCoverageReportAdapter.java:[60,13] found raw type: java.lang.Class
  missing type arguments for generic class java.lang.Class<T>
[WARNING] /tmp/plugin-builds/code-coverage-api/src/main/java/io/jenkins/plugins/coverage/adapter/XMLCoverageReportAdapter.java:[14,17] serializable class io.jenkins.plugins.coverage.adapter.XMLCoverageReportAdapter has no definition of serialVersionUID
[WARNING] /tmp/plugin-builds/code-coverage-api/src/main/java/io/jenkins/plugins/coverage/adapter/JavaXMLCoverageReportAdapter.java:[9,17] serializable class io.jenkins.plugins.coverage.adapter.JavaXMLCoverageReportAdapter has no definition of serialVersionUID
[WARNING] /tmp/plugin-builds/code-coverage-api/src/main/java/io/jenkins/plugins/coverage/model/CoverageBuildAction.java:[54,59] non-transient instance field of a serializable class declared with a non-serializable type
[WARNING] /tmp/plugin-builds/code-coverage-api/src/main/java/io/jenkins/plugins/coverage/model/CoverageBuildAction.java:[57,59] non-transient instance field of a serializable class declared with a non-serializable type
[WARNING] /tmp/plugin-builds/code-coverage-api/src/main/java/io/jenkins/plugins/coverage/model/CoverageBuildAction.java:[59,59] non-transient instance field of a serializable class declared with a non-serializable type
[WARNING] /tmp/plugin-builds/code-coverage-api/src/main/java/io/jenkins/plugins/coverage/model/CoverageBuildAction.java:[61,59] non-transient instance field of a serializable class declared with a non-serializable type
[WARNING] /tmp/plugin-builds/code-coverage-api/src/main/java/io/jenkins/plugins/coverage/model/visualization/code/SourceCodeFacade.java:[334,41] non-transient instance field of a serializable class declared with a non-serializable type
[WARNING] /tmp/plugin-builds/code-coverage-api/src/main/java/io/jenkins/plugins/coverage/model/visualization/code/SourceCodeFacade.java:[335,35] non-transient instance field of a serializable class declared with a non-serializable type
[WARNING] /tmp/plugin-builds/code-coverage-api/src/main/java/io/jenkins/plugins/coverage/model/visualization/code/SourceCodeFacade.java:[337,35] non-transient instance field of a serializable class declared with a non-serializable type
[WARNING] /tmp/plugin-builds/code-coverage-api/src/main/java/io/jenkins/plugins/coverage/model/CoverageXmlStream.java:[93,41] found raw type: java.lang.Class
  missing type arguments for generic class java.lang.Class<T>
[WARNING] /tmp/plugin-builds/code-coverage-api/src/main/java/io/jenkins/plugins/coverage/model/CoverageXmlStream.java:[129,41] found raw type: java.lang.Class
  missing type arguments for generic class java.lang.Class<T>
[WARNING] /tmp/plugin-builds/code-coverage-api/src/main/java/io/jenkins/plugins/coverage/model/CoverageXmlStream.java:[154,41] found raw type: java.lang.Class
  missing type arguments for generic class java.lang.Class<T>
[WARNING] /tmp/plugin-builds/code-coverage-api/src/main/java/io/jenkins/plugins/coverage/model/CoverageXmlStream.java:[186,41] found raw type: java.lang.Class
  missing type arguments for generic class java.lang.Class<T>
[WARNING] /tmp/plugin-builds/code-coverage-api/src/main/java/io/jenkins/plugins/coverage/model/CoverageXmlStream.java:[216,41] found raw type: java.lang.Class
  missing type arguments for generic class java.lang.Class<T>
[WARNING] /tmp/plugin-builds/code-coverage-api/src/main/java/io/jenkins/plugins/coverage/adapter/JacocoReportAdapter.java:[23,14] serializable class io.jenkins.plugins.coverage.adapter.JacocoReportAdapter has no definition of serialVersionUID
[WARNING] /tmp/plugin-builds/code-coverage-api/src/main/java/io/jenkins/plugins/coverage/CoveragePublisher.java:[385,49] found raw type: io.jenkins.plugins.coverage.source.DefaultSourceFileResolver.DefaultSourceFileResolverDescriptor
  missing type arguments for generic class io.jenkins.plugins.coverage.source.DefaultSourceFileResolver.DefaultSourceFileResolverDescriptor<T>
[WARNING] /tmp/plugin-builds/code-coverage-api/src/main/java/io/jenkins/plugins/coverage/CoveragePublisher.java:[393,59] found raw type: hudson.model.AbstractProject
  missing type arguments for generic class hudson.model.AbstractProject<P,R>
[WARNING] /tmp/plugin-builds/code-coverage-api/src/main/java/io/jenkins/plugins/coverage/adapter/CoberturaReportAdapter.java:[20,14] serializable class io.jenkins.plugins.coverage.adapter.CoberturaReportAdapter has no definition of serialVersionUID
[WARNING] /tmp/plugin-builds/code-coverage-api/src/main/java/io/jenkins/plugins/coverage/adapter/IstanbulCoberturaReportAdapter.java:[23,8] serializable class io.jenkins.plugins.coverage.adapter.IstanbulCoberturaReportAdapter has no definition of serialVersionUID
[WARNING] /tmp/plugin-builds/code-coverage-api/src/main/java/io/jenkins/plugins/coverage/CompatibleObjectInputStream.java:[24,9] found raw type: java.lang.Class
  missing type arguments for generic class java.lang.Class<T>
[WARNING] /tmp/plugin-builds/code-coverage-api/src/main/java/io/jenkins/plugins/coverage/CoverageProcessor.java:[349,13] found raw type: io.jenkins.plugins.coverage.adapter.CoverageReportAdapterDescriptor
  missing type arguments for generic class io.jenkins.plugins.coverage.adapter.CoverageReportAdapterDescriptor<T>
[WARNING] /tmp/plugin-builds/code-coverage-api/src/main/java/io/jenkins/plugins/coverage/CoverageProcessor.java:[683,20] serializable class io.jenkins.plugins.coverage.CoverageProcessor.FindReportCallable has no definition of serialVersionUID
[WARNING] /tmp/plugin-builds/code-coverage-api/src/main/java/io/jenkins/plugins/coverage/adapter/JSONCoverageReportAdapter.java:[11,17] serializable class io.jenkins.plugins.coverage.adapter.JSONCoverageReportAdapter has no definition of serialVersionUID
[INFO] 
[INFO] --- access-modifier-checker:1.32:enforce (default-enforce) @ code-coverage-api ---
[INFO] 
[INFO] --- hpi:3.48:insert-test (default-insert-test) @ code-coverage-api ---
[INFO] 
[INFO] --- assertj:2.2.0:generate-assertions (default) @ code-coverage-api ---
[INFO] 
[INFO] --- antrun:3.1.0:run (createTempDir) @ code-coverage-api ---
[INFO] Executing tasks
[INFO]     [mkdir] Created dir: /tmp/plugin-builds/code-coverage-api/target/tmp
[INFO] Executed tasks
[INFO] 
[INFO] --- resources:3.3.1:testResources (default-testResources) @ code-coverage-api ---
[INFO] Not copying test resources
[INFO] 
[INFO] --- compiler:3.11.0:testCompile (default-testCompile) @ code-coverage-api ---
[INFO] Not compiling test sources
[INFO] 
[INFO] --- hpi:3.48:test-hpl (default-test-hpl) @ code-coverage-api ---
[INFO] Generating /tmp/plugin-builds/code-coverage-api/target/test-classes/the.hpl
[INFO] 
[INFO] --- hpi:3.48:resolve-test-dependencies (default-resolve-test-dependencies) @ code-coverage-api ---
[INFO] 
[INFO] --- hpi:3.48:test-runtime (default-test-runtime) @ code-coverage-api ---
[INFO] Tests are skipped.
[INFO] 
[INFO] --- jacoco:0.8.10:prepare-agent (default) @ code-coverage-api ---
[INFO] argLine set to -javaagent:/home/runner/.m2/repository/org/jacoco/org.jacoco.agent/0.8.10/org.jacoco.agent-0.8.10-runtime.jar=destfile=/tmp/plugin-builds/code-coverage-api/target/jacoco.exec,includes=io/jenkins/plugins/**/* -Xms768M -Xmx768M -XX:+HeapDumpOnOutOfMemoryError -XX:+TieredCompilation -XX:TieredStopAtLevel=1 @{jenkins.addOpens} @{jenkins.insaneHook}
[INFO] 
[INFO] --- surefire:3.1.2:test (default-test) @ code-coverage-api ---
[INFO] Tests are skipped.
[INFO] 
[INFO] --- license:104.v2171757ee6dd:process (default) @ code-coverage-api ---
[INFO] ------------------------------------------------------------------------
[INFO] BUILD FAILURE
[INFO] ------------------------------------------------------------------------
[INFO] Total time:  02:44 min
[INFO] Finished at: 2026-02-03T03:43:58Z
[INFO] ------------------------------------------------------------------------
---------------------------------------------------
constituent[0]: file:/usr/share/apache-maven-3.9.12/conf/logging/
constituent[1]: file:/usr/share/apache-maven-3.9.12/lib/maven-model-3.9.12.jar
constituent[2]: file:/usr/share/apache-maven-3.9.12/lib/plexus-utils-3.6.0.jar
constituent[3]: file:/usr/share/apache-maven-3.9.12/lib/maven-resolver-api-1.9.25.jar
constituent[4]: file:/usr/share/apache-maven-3.9.12/lib/wagon-http-3.5.3.jar
constituent[5]: file:/usr/share/apache-maven-3.9.12/lib/maven-resolver-provider-3.9.12.jar
constituent[6]: file:/usr/share/apache-maven-3.9.12/lib/commons-codec-1.20.0.jar
constituent[7]: file:/usr/share/apache-maven-3.9.12/lib/maven-settings-builder-3.9.12.jar
constituent[8]: file:/usr/share/apache-maven-3.9.12/lib/wagon-file-3.5.3.jar
constituent[9]: file:/usr/share/apache-maven-3.9.12/lib/maven-resolver-transport-http-1.9.25.jar
constituent[10]: file:/usr/share/apache-maven-3.9.12/lib/aopalliance-1.0.jar
constituent[11]: file:/usr/share/apache-maven-3.9.12/lib/maven-resolver-named-locks-1.9.25.jar
constituent[12]: file:/usr/share/apache-maven-3.9.12/lib/maven-builder-support-3.9.12.jar
constituent[13]: file:/usr/share/apache-maven-3.9.12/lib/org.eclipse.sisu.inject-0.9.0.M4.jar
constituent[14]: file:/usr/share/apache-maven-3.9.12/lib/maven-model-builder-3.9.12.jar
constituent[15]: file:/usr/share/apache-maven-3.9.12/lib/maven-resolver-impl-1.9.25.jar
constituent[16]: file:/usr/share/apache-maven-3.9.12/lib/jcl-over-slf4j-1.7.36.jar
constituent[17]: file:/usr/share/apache-maven-3.9.12/lib/maven-resolver-connector-basic-1.9.25.jar
constituent[18]: file:/usr/share/apache-maven-3.9.12/lib/plexus-cipher-2.0.jar
constituent[19]: file:/usr/share/apache-maven-3.9.12/lib/slf4j-api-1.7.36.jar
constituent[20]: file:/usr/share/apache-maven-3.9.12/lib/maven-shared-utils-3.4.2.jar
constituent[21]: file:/usr/share/apache-maven-3.9.12/lib/maven-settings-3.9.12.jar
constituent[22]: file:/usr/share/apache-maven-3.9.12/lib/commons-cli-1.11.0.jar
constituent[23]: file:/usr/share/apache-maven-3.9.12/lib/jspecify-1.0.0.jar
constituent[24]: file:/usr/share/apache-maven-3.9.12/lib/guice-5.1.0-classes.jar
constituent[25]: file:/usr/share/apache-maven-3.9.12/lib/maven-embedder-3.9.12.jar
constituent[26]: file:/usr/share/apache-maven-3.9.12/lib/maven-resolver-transport-file-1.9.25.jar
constituent[27]: file:/usr/share/apache-maven-3.9.12/lib/failureaccess-1.0.3.jar
constituent[28]: file:/usr/share/apache-maven-3.9.12/lib/maven-slf4j-provider-3.9.12.jar
constituent[29]: file:/usr/share/apache-maven-3.9.12/lib/wagon-provider-api-3.5.3.jar
constituent[30]: file:/usr/share/apache-maven-3.9.12/lib/httpclient-4.5.14.jar
constituent[31]: file:/usr/share/apache-maven-3.9.12/lib/maven-resolver-util-1.9.25.jar
constituent[32]: file:/usr/share/apache-maven-3.9.12/lib/maven-resolver-transport-wagon-1.9.25.jar
constituent[33]: file:/usr/share/apache-maven-3.9.12/lib/maven-compat-3.9.12.jar
constituent[34]: file:/usr/share/apache-maven-3.9.12/lib/maven-artifact-3.9.12.jar
constituent[35]: file:/usr/share/apache-maven-3.9.12/lib/maven-resolver-spi-1.9.25.jar
constituent[36]: file:/usr/share/apache-maven-3.9.12/lib/maven-core-3.9.12.jar
constituent[37]: file:/usr/share/apache-maven-3.9.12/lib/org.eclipse.sisu.plexus-0.9.0.M4.jar
constituent[38]: file:/usr/share/apache-maven-3.9.12/lib/asm-9.9.jar
constituent[39]: file:/usr/share/apache-maven-3.9.12/lib/maven-plugin-api-3.9.12.jar
constituent[40]: file:/usr/share/apache-maven-3.9.12/lib/maven-repository-metadata-3.9.12.jar
constituent[41]: file:/usr/share/apache-maven-3.9.12/lib/javax.annotation-api-1.3.2.jar
constituent[42]: file:/usr/share/apache-maven-3.9.12/lib/jansi-2.4.2.jar
constituent[43]: file:/usr/share/apache-maven-3.9.12/lib/error_prone_annotations-2.41.0.jar
constituent[44]: file:/usr/share/apache-maven-3.9.12/lib/guava-33.5.0-jre.jar
constituent[45]: file:/usr/share/apache-maven-3.9.12/lib/wagon-http-shared-3.5.3.jar
constituent[46]: file:/usr/share/apache-maven-3.9.12/lib/plexus-interpolation-1.29.jar
constituent[47]: file:/usr/share/apache-maven-3.9.12/lib/plexus-component-annotations-2.2.0.jar
constituent[48]: file:/usr/share/apache-maven-3.9.12/lib/plexus-sec-dispatcher-2.0.jar
constituent[49]: file:/usr/share/apache-maven-3.9.12/lib/httpcore-4.4.16.jar
constituent[50]: file:/usr/share/apache-maven-3.9.12/lib/javax.inject-1.jar
constituent[51]: file:/usr/share/apache-maven-3.9.12/lib/gson-2.13.2.jar
---------------------------------------------------
Exception in thread "main" BUG! exception in phase 'semantic analysis' in source unit 'inlineScript' Unsupported class file major version 69
	at org.codehaus.groovy.control.CompilationUnit$ISourceUnitOperation.doPhaseOperation(CompilationUnit.java:901)
	at org.codehaus.groovy.control.CompilationUnit.processPhaseOperations(CompilationUnit.java:692)
	at org.codehaus.groovy.control.CompilationUnit.compile(CompilationUnit.java:666)
	at groovy.lang.GroovyClassLoader.doParseClass(GroovyClassLoader.java:373)
	at groovy.lang.GroovyClassLoader.lambda$parseClass$2(GroovyClassLoader.java:316)
	at org.codehaus.groovy.runtime.memoize.StampedCommonCache.compute(StampedCommonCache.java:163)
	at org.codehaus.groovy.runtime.memoize.StampedCommonCache.getAndPut(StampedCommonCache.java:154)
	at groovy.lang.GroovyClassLoader.parseClass(GroovyClassLoader.java:314)
	at groovy.lang.GroovyShell.parseClass(GroovyShell.java:572)
	at groovy.lang.GroovyShell.parse(GroovyShell.java:585)
	at groovy.lang.GroovyShell.parse(GroovyShell.java:639)
	at groovy.lang.GroovyShell.parse(GroovyShell.java:643)
	at com.cloudbees.maven.license.ProcessMojo.execute(ProcessMojo.java:151)
	at org.apache.maven.plugin.DefaultBuildPluginManager.executeMojo(DefaultBuildPluginManager.java:126)
	at org.apache.maven.lifecycle.internal.MojoExecutor.doExecute2(MojoExecutor.java:328)
	at org.apache.maven.lifecycle.internal.MojoExecutor.doExecute(MojoExecutor.java:316)
	at org.apache.maven.lifecycle.internal.MojoExecutor.execute(MojoExecutor.java:212)
	at org.apache.maven.lifecycle.internal.MojoExecutor.execute(MojoExecutor.java:174)
	at org.apache.maven.lifecycle.internal.MojoExecutor.access$000(MojoExecutor.java:75)
	at org.apache.maven.lifecycle.internal.MojoExecutor$1.run(MojoExecutor.java:162)
	at org.apache.maven.plugin.DefaultMojosExecutionStrategy.execute(DefaultMojosExecutionStrategy.java:39)
	at org.apache.maven.lifecycle.internal.MojoExecutor.execute(MojoExecutor.java:159)
	at org.apache.maven.lifecycle.internal.LifecycleModuleBuilder.buildProject(LifecycleModuleBuilder.java:105)
	at org.apache.maven.lifecycle.internal.LifecycleModuleBuilder.buildProject(LifecycleModuleBuilder.java:73)
	at org.apache.maven.lifecycle.internal.builder.singlethreaded.SingleThreadedBuilder.build(SingleThreadedBuilder.java:53)
	at org.apache.maven.lifecycle.internal.LifecycleStarter.execute(LifecycleStarter.java:118)
	at org.apache.maven.DefaultMaven.doExecute(DefaultMaven.java:261)
	at org.apache.maven.DefaultMaven.doExecute(DefaultMaven.java:173)
	at org.apache.maven.DefaultMaven.execute(DefaultMaven.java:101)
	at org.apache.maven.cli.MavenCli.execute(MavenCli.java:919)
	at org.apache.maven.cli.MavenCli.doMain(MavenCli.java:285)
	at org.apache.maven.cli.MavenCli.main(MavenCli.java:207)
	at java.base/jdk.internal.reflect.DirectMethodHandleAccessor.invoke(DirectMethodHandleAccessor.java:104)
	at java.base/java.lang.reflect.Method.invoke(Method.java:565)
	at org.codehaus.plexus.classworlds.launcher.Launcher.launchEnhanced(Launcher.java:255)
	at org.codehaus.plexus.classworlds.launcher.Launcher.launch(Launcher.java:201)
	at org.codehaus.plexus.classworlds.launcher.Launcher.mainWithExitCode(Launcher.java:361)
	at org.codehaus.plexus.classworlds.launcher.Launcher.main(Launcher.java:314)
Caused by: java.lang.IllegalArgumentException: Unsupported class file major version 69
	at groovyjarjarasm.asm.ClassReader.<init>(ClassReader.java:199)
	at groovyjarjarasm.asm.ClassReader.<init>(ClassReader.java:180)
	at groovyjarjarasm.asm.ClassReader.<init>(ClassReader.java:166)
	at groovyjarjarasm.asm.ClassReader.<init>(ClassReader.java:287)
	at org.codehaus.groovy.ast.decompiled.AsmDecompiler.parseClass(AsmDecompiler.java:83)
	at org.codehaus.groovy.control.ClassNodeResolver.findDecompiled(ClassNodeResolver.java:255)
	at org.codehaus.groovy.control.ClassNodeResolver.tryAsLoaderClassOrScript(ClassNodeResolver.java:193)
	at org.codehaus.groovy.control.ClassNodeResolver.findClassNode(ClassNodeResolver.java:175)
	at org.codehaus.groovy.control.ClassNodeResolver.resolveName(ClassNodeResolver.java:129)
	at org.codehaus.groovy.control.ResolveVisitor.resolveToOuter(ResolveVisitor.java:772)
	at org.codehaus.groovy.control.ResolveVisitor.resolve(ResolveVisitor.java:413)
	at org.codehaus.groovy.control.ResolveVisitor.resolveFromDefaultImports(ResolveVisitor.java:567)
	at org.codehaus.groovy.control.ResolveVisitor.resolveFromDefaultImports(ResolveVisitor.java:531)
	at org.codehaus.groovy.control.ResolveVisitor.resolve(ResolveVisitor.java:412)
	at org.codehaus.groovy.control.ResolveVisitor.resolve(ResolveVisitor.java:374)
	at org.codehaus.groovy.control.ResolveVisitor.resolveOrFail(ResolveVisitor.java:342)
	at org.codehaus.groovy.control.ResolveVisitor.resolveOrFail(ResolveVisitor.java:333)
	at org.codehaus.groovy.control.ResolveVisitor.resolveOrFail(ResolveVisitor.java:329)
	at org.codehaus.groovy.control.ResolveVisitor.transform(ResolveVisitor.java:807)
	at org.codehaus.groovy.control.ResolveVisitor.transformDeclarationExpression(ResolveVisitor.java:1165)
	at org.codehaus.groovy.control.ResolveVisitor.transform(ResolveVisitor.java:795)
	at org.codehaus.groovy.ast.ClassCodeExpressionTransformer.visitExpressionStatement(ClassCodeExpressionTransformer.java:129)
	at org.codehaus.groovy.ast.stmt.ExpressionStatement.visit(ExpressionStatement.java:41)
	at org.codehaus.groovy.ast.CodeVisitorSupport.visitBlockStatement(CodeVisitorSupport.java:86)
	at org.codehaus.groovy.ast.ClassCodeVisitorSupport.visitBlockStatement(ClassCodeVisitorSupport.java:168)
	at org.codehaus.groovy.control.ResolveVisitor.visitBlockStatement(ResolveVisitor.java:1388)
	at org.codehaus.groovy.ast.stmt.BlockStatement.visit(BlockStatement.java:72)
	at org.codehaus.groovy.control.ResolveVisitor.transformClosureExpression(ResolveVisitor.java:1117)
	at org.codehaus.groovy.control.ResolveVisitor.transform(ResolveVisitor.java:801)
	at org.codehaus.groovy.ast.expr.Expression.transformExpressions(Expression.java:49)
	at org.codehaus.groovy.ast.expr.ArgumentListExpression.transformExpression(ArgumentListExpression.java:67)
	at org.codehaus.groovy.control.ResolveVisitor.transform(ResolveVisitor.java:808)
	at org.codehaus.groovy.control.ResolveVisitor.transformMethodCallExpression(ResolveVisitor.java:1139)
	at org.codehaus.groovy.control.ResolveVisitor.transform(ResolveVisitor.java:799)
	at org.codehaus.groovy.ast.ClassCodeExpressionTransformer.visitExpressionStatement(ClassCodeExpressionTransformer.java:129)
	at org.codehaus.groovy.ast.stmt.ExpressionStatement.visit(ExpressionStatement.java:41)
	at org.codehaus.groovy.ast.CodeVisitorSupport.visitBlockStatement(CodeVisitorSupport.java:86)
	at org.codehaus.groovy.ast.ClassCodeVisitorSupport.visitBlockStatement(ClassCodeVisitorSupport.java:168)
	at org.codehaus.groovy.control.ResolveVisitor.visitBlockStatement(ResolveVisitor.java:1388)
	at org.codehaus.groovy.ast.stmt.BlockStatement.visit(BlockStatement.java:72)
	at org.codehaus.groovy.ast.ClassCodeVisitorSupport.visitClassCodeContainer(ClassCodeVisitorSupport.java:142)
	at org.codehaus.groovy.ast.ClassCodeVisitorSupport.visitConstructorOrMethod(ClassCodeVisitorSupport.java:115)
	at org.codehaus.groovy.ast.ClassCodeExpressionTransformer.visitConstructorOrMethod(ClassCodeExpressionTransformer.java:87)
	at org.codehaus.groovy.control.ResolveVisitor.visitConstructorOrMethod(ResolveVisitor.java:297)
	at org.codehaus.groovy.ast.ClassCodeVisitorSupport.visitMethod(ClassCodeVisitorSupport.java:110)
	at org.codehaus.groovy.control.ResolveVisitor.visitMethod(ResolveVisitor.java:268)
	at org.codehaus.groovy.ast.ClassNode.visitMethods(ClassNode.java:1129)
	at org.codehaus.groovy.ast.ClassNode.visitContents(ClassNode.java:1122)
	at org.codehaus.groovy.ast.ClassCodeVisitorSupport.visitClass(ClassCodeVisitorSupport.java:52)
	at org.codehaus.groovy.control.ResolveVisitor.visitClass(ResolveVisitor.java:1334)
	at org.codehaus.groovy.control.ResolveVisitor.startResolving(ResolveVisitor.java:258)
	at org.codehaus.groovy.control.CompilationUnit.lambda$addPhaseOperations$4(CompilationUnit.java:218)
	at org.codehaus.groovy.control.CompilationUnit$ISourceUnitOperation.doPhaseOperation(CompilationUnit.java:897)
	... 37 more
