WARNING: A restricted method in java.lang.System has been called
WARNING: java.lang.System::load has been called by org.fusesource.jansi.internal.JansiLoader in an unnamed module (file:/home/poddingue/.sdkman/candidates/maven/current/lib/jansi-2.4.1.jar)
WARNING: Use --enable-native-access=ALL-UNNAMED to avoid a warning for callers in this module
WARNING: Restricted methods will be blocked in a future release unless native access is enabled

WARNING: A terminally deprecated method in sun.misc.Unsafe has been called
WARNING: sun.misc.Unsafe::objectFieldOffset has been called by com.google.common.util.concurrent.AbstractFuture$UnsafeAtomicHelper (file:/home/poddingue/.sdkman/candidates/maven/current/lib/guava-33.2.1-jre.jar)
WARNING: Please consider reporting this to the maintainers of class com.google.common.util.concurrent.AbstractFuture$UnsafeAtomicHelper
WARNING: sun.misc.Unsafe::objectFieldOffset will be removed in a future release
[INFO] Scanning for projects...
[INFO] 
[INFO] --------------< org.jenkins-ci.plugins:command-launcher >---------------
[INFO] Building Command Agent Launcher Plugin 999999-SNAPSHOT
[INFO]   from pom.xml
[INFO] --------------------------------[ hpi ]---------------------------------
Downloading from repo.jenkins-ci.org: https://repo.jenkins-ci.org/public/io/jenkins/configuration-as-code/1903.v004d55388f30/configuration-as-code-1903.v004d55388f30.pom
Progress (1): 0.4/3.3 kBProgress (1): 1.8/3.3 kBProgress (1): 3.2/3.3 kBProgress (1): 3.3 kB                        Downloaded from repo.jenkins-ci.org: https://repo.jenkins-ci.org/public/io/jenkins/configuration-as-code/1903.v004d55388f30/configuration-as-code-1903.v004d55388f30.pom (3.3 kB at 5.1 kB/s)
Downloading from repo.jenkins-ci.org: https://repo.jenkins-ci.org/public/io/jenkins/configuration-as-code/test-harness/1903.v004d55388f30/test-harness-1903.v004d55388f30.pom
Progress (1): 0.4/3.1 kBProgress (1): 1.8/3.1 kBProgress (1): 3.1 kB                        Downloaded from repo.jenkins-ci.org: https://repo.jenkins-ci.org/public/io/jenkins/configuration-as-code/test-harness/1903.v004d55388f30/test-harness-1903.v004d55388f30.pom (3.1 kB at 31 kB/s)
Downloading from repo.jenkins-ci.org: https://repo.jenkins-ci.org/public/io/jenkins/configuration-as-code/1903.v004d55388f30/configuration-as-code-1903.v004d55388f30.jar
Progress (1): 0.4/202 kBProgress (1): 1.8/202 kBProgress (1): 3.2/202 kBProgress (1): 4.6/202 kBProgress (1): 6.0/202 kBProgress (1): 7.4/202 kBProgress (1): 8.8/202 kBProgress (1): 10/202 kB Progress (1): 12/202 kBProgress (1): 13/202 kBProgress (1): 14/202 kBProgress (1): 16/202 kBProgress (1): 16/202 kBProgress (1): 17/202 kBProgress (1): 19/202 kBProgress (1): 20/202 kBProgress (1): 21/202 kBProgress (1): 23/202 kBProgress (1): 24/202 kBProgress (1): 26/202 kBProgress (1): 27/202 kBProgress (1): 28/202 kBProgress (1): 30/202 kBProgress (1): 31/202 kBProgress (1): 33/202 kBProgress (1): 34/202 kBProgress (1): 35/202 kBProgress (1): 37/202 kBProgress (1): 38/202 kBProgress (1): 40/202 kBProgress (1): 41/202 kBProgress (1): 42/202 kBProgress (1): 44/202 kBProgress (1): 45/202 kBProgress (1): 47/202 kBProgress (1): 48/202 kBProgress (1): 49/202 kBProgress (1): 51/202 kBProgress (1): 52/202 kBProgress (1): 54/202 kBProgress (1): 55/202 kBProgress (1): 56/202 kBProgress (1): 58/202 kBProgress (1): 59/202 kBProgress (1): 61/202 kBProgress (1): 62/202 kBProgress (1): 63/202 kBProgress (1): 65/202 kBProgress (1): 66/202 kBProgress (1): 68/202 kBProgress (1): 69/202 kBProgress (1): 70/202 kBProgress (1): 72/202 kBProgress (1): 73/202 kBProgress (1): 75/202 kBProgress (1): 76/202 kBProgress (1): 77/202 kBProgress (1): 79/202 kBProgress (1): 80/202 kBProgress (1): 82/202 kBProgress (1): 83/202 kBProgress (1): 84/202 kBProgress (1): 86/202 kBProgress (1): 87/202 kBProgress (1): 89/202 kBProgress (1): 90/202 kBProgress (1): 91/202 kBProgress (1): 93/202 kBProgress (1): 94/202 kBProgress (1): 96/202 kBProgress (1): 97/202 kBProgress (1): 98/202 kBProgress (1): 100/202 kBProgress (1): 101/202 kBProgress (1): 103/202 kBProgress (1): 104/202 kBProgress (1): 105/202 kBProgress (1): 107/202 kBProgress (1): 108/202 kBProgress (1): 110/202 kBProgress (1): 111/202 kBProgress (1): 112/202 kBProgress (1): 114/202 kBProgress (1): 115/202 kBProgress (1): 117/202 kBProgress (1): 118/202 kBProgress (1): 119/202 kBProgress (1): 121/202 kBProgress (1): 122/202 kBProgress (1): 124/202 kBProgress (1): 125/202 kBProgress (1): 126/202 kBProgress (1): 128/202 kBProgress (1): 129/202 kBProgress (1): 131/202 kBProgress (1): 132/202 kBProgress (1): 133/202 kBProgress (1): 135/202 kBProgress (1): 136/202 kBProgress (1): 138/202 kBProgress (1): 139/202 kBProgress (1): 140/202 kBProgress (1): 142/202 kBProgress (1): 143/202 kBProgress (1): 145/202 kBProgress (1): 146/202 kBProgress (1): 147/202 kBProgress (1): 148/202 kBProgress (1): 150/202 kBProgress (1): 151/202 kBProgress (1): 153/202 kBProgress (1): 154/202 kBProgress (1): 155/202 kBProgress (1): 157/202 kBProgress (1): 158/202 kBProgress (1): 160/202 kBProgress (1): 161/202 kBProgress (1): 162/202 kBProgress (1): 164/202 kBProgress (1): 165/202 kBProgress (1): 167/202 kBProgress (1): 168/202 kBProgress (1): 169/202 kBProgress (1): 171/202 kBProgress (1): 172/202 kBProgress (1): 174/202 kBProgress (1): 175/202 kBProgress (1): 176/202 kBProgress (1): 178/202 kBProgress (1): 179/202 kBProgress (1): 181/202 kBProgress (1): 182/202 kBProgress (1): 183/202 kBProgress (1): 185/202 kBProgress (1): 186/202 kBProgress (1): 188/202 kBProgress (1): 189/202 kBProgress (1): 190/202 kBProgress (1): 192/202 kBProgress (1): 193/202 kBProgress (1): 195/202 kBProgress (1): 196/202 kBProgress (1): 197/202 kBProgress (1): 199/202 kBProgress (1): 200/202 kBProgress (1): 202/202 kBProgress (1): 202 kB                        Downloaded from repo.jenkins-ci.org: https://repo.jenkins-ci.org/public/io/jenkins/configuration-as-code/1903.v004d55388f30/configuration-as-code-1903.v004d55388f30.jar (202 kB at 432 kB/s)
Downloading from repo.jenkins-ci.org: https://repo.jenkins-ci.org/public/io/jenkins/configuration-as-code/test-harness/1903.v004d55388f30/test-harness-1903.v004d55388f30.jar
Progress (1): 0.4/32 kBProgress (1): 1.8/32 kBProgress (1): 3.2/32 kBProgress (1): 4.6/32 kBProgress (1): 6.0/32 kBProgress (1): 7.4/32 kBProgress (1): 8.8/32 kBProgress (1): 10/32 kB Progress (1): 12/32 kBProgress (1): 13/32 kBProgress (1): 14/32 kBProgress (1): 16/32 kBProgress (1): 16/32 kBProgress (1): 17/32 kBProgress (1): 19/32 kBProgress (1): 20/32 kBProgress (1): 22/32 kBProgress (1): 23/32 kBProgress (1): 24/32 kBProgress (1): 26/32 kBProgress (1): 27/32 kBProgress (1): 29/32 kBProgress (1): 30/32 kBProgress (1): 31/32 kBProgress (1): 32 kB                      Downloaded from repo.jenkins-ci.org: https://repo.jenkins-ci.org/public/io/jenkins/configuration-as-code/test-harness/1903.v004d55388f30/test-harness-1903.v004d55388f30.jar (32 kB at 300 kB/s)
[INFO] 
[INFO] --- clean:3.4.1:clean (default-clean) @ command-launcher ---
[INFO] 
[INFO] --- hpi:3.63:validate (default-validate) @ command-launcher ---
[INFO] Created marker file /tmp/plugin-builds/command-launcher/target/java-level/17
[INFO] 
[INFO] --- hpi:3.63:validate-hpi (default-validate-hpi) @ command-launcher ---
[INFO] 
[INFO] --- enforcer:3.5.0:enforce (display-info) @ command-launcher ---
[INFO] Rule 0: io.jenkins.tools.incrementals.enforcer.RequireExtensionVersion passed
[INFO] Rule 1: org.apache.maven.enforcer.rules.version.RequireMavenVersion passed
[INFO] Rule 2: org.apache.maven.enforcer.rules.version.RequireJavaVersion passed
[INFO] Rule 3: org.codehaus.mojo.extraenforcer.dependencies.EnforceBytecodeVersion passed
[INFO] Rule 4: org.apache.maven.enforcer.rules.dependency.BannedDependencies passed
[INFO] Rule 5: org.apache.maven.enforcer.rules.dependency.BannedDependencies passed
[INFO] Rule 6: org.apache.maven.enforcer.rules.dependency.RequireUpperBoundDeps passed
[INFO] 
[INFO] --- enforcer:3.5.0:enforce (no-snapshots-in-release) @ command-launcher ---
[INFO] Rule 0: org.apache.maven.enforcer.rules.dependency.RequireReleaseDeps passed
[INFO] 
[INFO] --- localizer:1.31:generate (default) @ command-launcher ---
[INFO] 
[INFO] --- resources:3.3.1:resources (default-resources) @ command-launcher ---
[INFO] Copying 45 resources from src/main/resources to target/classes
[INFO] 
[INFO] --- flatten:1.7.0:flatten (flatten) @ command-launcher ---
[INFO] Generating flattened POM of project org.jenkins-ci.plugins:command-launcher:hpi:999999-SNAPSHOT...
[INFO] 
[INFO] --- compiler:3.14.0:compile (default-compile) @ command-launcher ---
[INFO] Recompiling the module because of changed source code.
[INFO] Compiling 3 source files with javac [debug parameters release 17] to target/classes
[INFO] hudson.slaves.CommandConnector.DescriptorImpl indexed under hudson.Extension
[INFO] hudson.slaves.CommandLauncher.DescriptorImpl indexed under hudson.Extension
[INFO] hudson.slaves.CommandLauncher.DescriptorVisibilityFilterForceSandBox indexed under hudson.Extension
[INFO] /tmp/plugin-builds/command-launcher/src/main/java/hudson/slaves/CommandConnector.java:[56,12] Generating hudson/slaves/CommandConnector.stapler
[INFO] /tmp/plugin-builds/command-launcher/src/main/java/hudson/slaves/CommandLauncher.java:[88,12] Generating hudson/slaves/CommandLauncher.stapler
[INFO] /tmp/plugin-builds/command-launcher/src/main/java/hudson/slaves/CommandLauncher.java:[264,31] Generating hudson/slaves/CommandLauncher/DescriptorImpl/doCheckCommand.stapler
[INFO] /tmp/plugin-builds/command-launcher/src/main/java/hudson/slaves/CommandLauncher.java: /tmp/plugin-builds/command-launcher/src/main/java/hudson/slaves/CommandLauncher.java uses or overrides a deprecated API.
[INFO] /tmp/plugin-builds/command-launcher/src/main/java/hudson/slaves/CommandLauncher.java: Recompile with -Xlint:deprecation for details.
[INFO] 
[INFO] --- access-modifier-checker:1.34:enforce (default-enforce) @ command-launcher ---
[INFO] Skipping access modifier checks
[INFO] 
[INFO] --- hpi:3.63:insert-test (default-insert-test) @ command-launcher ---
[INFO] 
[INFO] --- antrun:3.1.0:run (createTempDir) @ command-launcher ---
[INFO] Executing tasks
[INFO]     [mkdir] Created dir: /tmp/plugin-builds/command-launcher/target/tmp
[INFO] Executed tasks
[INFO] 
[INFO] --- resources:3.3.1:testResources (default-testResources) @ command-launcher ---
[INFO] Copying 2 resources from src/test/resources to target/test-classes
[INFO] 
[INFO] --- compiler:3.14.0:testCompile (default-testCompile) @ command-launcher ---
[INFO] Recompiling the module because of changed dependency.
[INFO] Compiling 6 source files with javac [debug parameters release 17] to target/test-classes
[INFO] /tmp/plugin-builds/command-launcher/src/test/java/hudson/slaves/CommandLauncher2Test.java: /tmp/plugin-builds/command-launcher/src/test/java/hudson/slaves/CommandLauncher2Test.java uses or overrides a deprecated API.
[INFO] /tmp/plugin-builds/command-launcher/src/test/java/hudson/slaves/CommandLauncher2Test.java: Recompile with -Xlint:deprecation for details.
[INFO] 
[INFO] --- hpi:3.63:test-hpl (default-test-hpl) @ command-launcher ---
[INFO] Generating /tmp/plugin-builds/command-launcher/target/test-classes/the.hpl
[INFO] 
[INFO] --- hpi:3.63:resolve-test-dependencies (default-resolve-test-dependencies) @ command-launcher ---
Downloading from repo.jenkins-ci.org: https://repo.jenkins-ci.org/public/io/jenkins/configuration-as-code/1903.v004d55388f30/configuration-as-code-1903.v004d55388f30.hpi
Progress (1): 0/1.1 MBProgress (1): 0/1.1 MBProgress (1): 0/1.1 MBProgress (1): 0/1.1 MBProgress (1): 0.1/1.1 MBProgress (1): 0.1/1.1 MBProgress (1): 0.1/1.1 MBProgress (1): 0.1/1.1 MBProgress (1): 0.1/1.1 MBProgress (1): 0.1/1.1 MBProgress (1): 0.1/1.1 MBProgress (1): 0.1/1.1 MBProgress (1): 0.1/1.1 MBProgress (1): 0.1/1.1 MBProgress (1): 0.1/1.1 MBProgress (1): 0.1/1.1 MBProgress (1): 0.2/1.1 MBProgress (1): 0.2/1.1 MBProgress (1): 0.2/1.1 MBProgress (1): 0.2/1.1 MBProgress (1): 0.2/1.1 MBProgress (1): 0.2/1.1 MBProgress (1): 0.2/1.1 MBProgress (1): 0.2/1.1 MBProgress (1): 0.2/1.1 MBProgress (1): 0.2/1.1 MBProgress (1): 0.2/1.1 MBProgress (1): 0.2/1.1 MBProgress (1): 0.3/1.1 MBProgress (1): 0.3/1.1 MBProgress (1): 0.3/1.1 MBProgress (1): 0.3/1.1 MBProgress (1): 0.3/1.1 MBProgress (1): 0.3/1.1 MBProgress (1): 0.3/1.1 MBProgress (1): 0.3/1.1 MBProgress (1): 0.3/1.1 MBProgress (1): 0.3/1.1 MBProgress (1): 0.3/1.1 MBProgress (1): 0.3/1.1 MBProgress (1): 0.4/1.1 MBProgress (1): 0.4/1.1 MBProgress (1): 0.4/1.1 MBProgress (1): 0.4/1.1 MBProgress (1): 0.4/1.1 MBProgress (1): 0.4/1.1 MBProgress (1): 0.4/1.1 MBProgress (1): 0.4/1.1 MBProgress (1): 0.4/1.1 MBProgress (1): 0.4/1.1 MBProgress (1): 0.5/1.1 MBProgress (1): 0.5/1.1 MBProgress (1): 0.5/1.1 MBProgress (1): 0.5/1.1 MBProgress (1): 0.5/1.1 MBProgress (1): 0.5/1.1 MBProgress (1): 0.5/1.1 MBProgress (1): 0.5/1.1 MBProgress (1): 0.5/1.1 MBProgress (1): 0.5/1.1 MBProgress (1): 0.5/1.1 MBProgress (1): 0.5/1.1 MBProgress (1): 0.6/1.1 MBProgress (1): 0.6/1.1 MBProgress (1): 0.6/1.1 MBProgress (1): 0.6/1.1 MBProgress (1): 0.6/1.1 MBProgress (1): 0.6/1.1 MBProgress (1): 0.6/1.1 MBProgress (1): 0.6/1.1 MBProgress (1): 0.6/1.1 MBProgress (1): 0.6/1.1 MBProgress (1): 0.6/1.1 MBProgress (1): 0.6/1.1 MBProgress (1): 0.7/1.1 MBProgress (1): 0.7/1.1 MBProgress (1): 0.7/1.1 MBProgress (1): 0.7/1.1 MBProgress (1): 0.7/1.1 MBProgress (1): 0.7/1.1 MBProgress (1): 0.7/1.1 MBProgress (1): 0.7/1.1 MBProgress (1): 0.7/1.1 MBProgress (1): 0.7/1.1 MBProgress (1): 0.7/1.1 MBProgress (1): 0.7/1.1 MBProgress (1): 0.8/1.1 MBProgress (1): 0.8/1.1 MBProgress (1): 0.8/1.1 MBProgress (1): 0.8/1.1 MBProgress (1): 0.8/1.1 MBProgress (1): 0.8/1.1 MBProgress (1): 0.8/1.1 MBProgress (1): 0.8/1.1 MBProgress (1): 0.8/1.1 MBProgress (1): 0.8/1.1 MBProgress (1): 0.9/1.1 MBProgress (1): 0.9/1.1 MBProgress (1): 0.9/1.1 MBProgress (1): 0.9/1.1 MBProgress (1): 0.9/1.1 MBProgress (1): 0.9/1.1 MBProgress (1): 0.9/1.1 MBProgress (1): 0.9/1.1 MBProgress (1): 0.9/1.1 MBProgress (1): 0.9/1.1 MBProgress (1): 0.9/1.1 MBProgress (1): 0.9/1.1 MBProgress (1): 1.0/1.1 MBProgress (1): 1.0/1.1 MBProgress (1): 1.0/1.1 MBProgress (1): 1.0/1.1 MBProgress (1): 1.0/1.1 MBProgress (1): 1.0/1.1 MBProgress (1): 1.0/1.1 MBProgress (1): 1.0/1.1 MBProgress (1): 1.0/1.1 MBProgress (1): 1.0/1.1 MBProgress (1): 1.0/1.1 MBProgress (1): 1.0/1.1 MBProgress (1): 1.1/1.1 MBProgress (1): 1.1/1.1 MBProgress (1): 1.1/1.1 MBProgress (1): 1.1/1.1 MBProgress (1): 1.1 MB                        Downloaded from repo.jenkins-ci.org: https://repo.jenkins-ci.org/public/io/jenkins/configuration-as-code/1903.v004d55388f30/configuration-as-code-1903.v004d55388f30.hpi (1.1 MB at 1.0 MB/s)
[INFO] 
[INFO] --- hpi:3.63:test-runtime (default-test-runtime) @ command-launcher ---
[INFO] Tests are skipped.
[INFO] 
[INFO] --- surefire:3.5.3:test (default-test) @ command-launcher ---
[INFO] Tests are skipped.
[INFO] 
[INFO] --- license:165.v7e11f4e4a_325:process (default) @ command-launcher ---
[INFO] ------------------------------------------------------------------------
[INFO] BUILD FAILURE
[INFO] ------------------------------------------------------------------------
[INFO] Total time:  12.227 s
[INFO] Finished at: 2025-06-21T18:30:21+02:00
[INFO] ------------------------------------------------------------------------
---------------------------------------------------
constituent[0]: file:/home/poddingue/.sdkman/candidates/maven/current/conf/logging/
constituent[1]: file:/home/poddingue/.sdkman/candidates/maven/current/lib/plexus-cipher-2.0.jar
constituent[2]: file:/home/poddingue/.sdkman/candidates/maven/current/lib/maven-shared-utils-3.4.2.jar
constituent[3]: file:/home/poddingue/.sdkman/candidates/maven/current/lib/wagon-provider-api-3.5.3.jar
constituent[4]: file:/home/poddingue/.sdkman/candidates/maven/current/lib/guice-5.1.0.jar
constituent[5]: file:/home/poddingue/.sdkman/candidates/maven/current/lib/httpclient-4.5.14.jar
constituent[6]: file:/home/poddingue/.sdkman/candidates/maven/current/lib/slf4j-api-1.7.36.jar
constituent[7]: file:/home/poddingue/.sdkman/candidates/maven/current/lib/commons-codec-1.17.1.jar
constituent[8]: file:/home/poddingue/.sdkman/candidates/maven/current/lib/maven-resolver-impl-1.9.22.jar
constituent[9]: file:/home/poddingue/.sdkman/candidates/maven/current/lib/maven-resolver-named-locks-1.9.22.jar
constituent[10]: file:/home/poddingue/.sdkman/candidates/maven/current/lib/maven-resolver-util-1.9.22.jar
constituent[11]: file:/home/poddingue/.sdkman/candidates/maven/current/lib/maven-resolver-transport-http-1.9.22.jar
constituent[12]: file:/home/poddingue/.sdkman/candidates/maven/current/lib/plexus-sec-dispatcher-2.0.jar
constituent[13]: file:/home/poddingue/.sdkman/candidates/maven/current/lib/maven-resolver-api-1.9.22.jar
constituent[14]: file:/home/poddingue/.sdkman/candidates/maven/current/lib/guava-33.2.1-jre.jar
constituent[15]: file:/home/poddingue/.sdkman/candidates/maven/current/lib/maven-settings-3.9.9.jar
constituent[16]: file:/home/poddingue/.sdkman/candidates/maven/current/lib/maven-resolver-transport-file-1.9.22.jar
constituent[17]: file:/home/poddingue/.sdkman/candidates/maven/current/lib/wagon-http-shared-3.5.3.jar
constituent[18]: file:/home/poddingue/.sdkman/candidates/maven/current/lib/maven-resolver-transport-wagon-1.9.22.jar
constituent[19]: file:/home/poddingue/.sdkman/candidates/maven/current/lib/plexus-interpolation-1.27.jar
constituent[20]: file:/home/poddingue/.sdkman/candidates/maven/current/lib/maven-model-3.9.9.jar
constituent[21]: file:/home/poddingue/.sdkman/candidates/maven/current/lib/maven-settings-builder-3.9.9.jar
constituent[22]: file:/home/poddingue/.sdkman/candidates/maven/current/lib/jansi-2.4.1.jar
constituent[23]: file:/home/poddingue/.sdkman/candidates/maven/current/lib/commons-cli-1.8.0.jar
constituent[24]: file:/home/poddingue/.sdkman/candidates/maven/current/lib/httpcore-4.4.16.jar
constituent[25]: file:/home/poddingue/.sdkman/candidates/maven/current/lib/maven-builder-support-3.9.9.jar
constituent[26]: file:/home/poddingue/.sdkman/candidates/maven/current/lib/maven-embedder-3.9.9.jar
constituent[27]: file:/home/poddingue/.sdkman/candidates/maven/current/lib/maven-artifact-3.9.9.jar
constituent[28]: file:/home/poddingue/.sdkman/candidates/maven/current/lib/maven-compat-3.9.9.jar
constituent[29]: file:/home/poddingue/.sdkman/candidates/maven/current/lib/wagon-http-3.5.3.jar
constituent[30]: file:/home/poddingue/.sdkman/candidates/maven/current/lib/maven-model-builder-3.9.9.jar
constituent[31]: file:/home/poddingue/.sdkman/candidates/maven/current/lib/aopalliance-1.0.jar
constituent[32]: file:/home/poddingue/.sdkman/candidates/maven/current/lib/maven-slf4j-provider-3.9.9.jar
constituent[33]: file:/home/poddingue/.sdkman/candidates/maven/current/lib/maven-resolver-connector-basic-1.9.22.jar
constituent[34]: file:/home/poddingue/.sdkman/candidates/maven/current/lib/maven-plugin-api-3.9.9.jar
constituent[35]: file:/home/poddingue/.sdkman/candidates/maven/current/lib/javax.annotation-api-1.3.2.jar
constituent[36]: file:/home/poddingue/.sdkman/candidates/maven/current/lib/org.eclipse.sisu.inject-0.9.0.M3.jar
constituent[37]: file:/home/poddingue/.sdkman/candidates/maven/current/lib/jcl-over-slf4j-1.7.36.jar
constituent[38]: file:/home/poddingue/.sdkman/candidates/maven/current/lib/plexus-xml-3.0.1.jar
constituent[39]: file:/home/poddingue/.sdkman/candidates/maven/current/lib/plexus-utils-3.5.1.jar
constituent[40]: file:/home/poddingue/.sdkman/candidates/maven/current/lib/maven-resolver-provider-3.9.9.jar
constituent[41]: file:/home/poddingue/.sdkman/candidates/maven/current/lib/org.eclipse.sisu.plexus-0.9.0.M3.jar
constituent[42]: file:/home/poddingue/.sdkman/candidates/maven/current/lib/maven-resolver-spi-1.9.22.jar
constituent[43]: file:/home/poddingue/.sdkman/candidates/maven/current/lib/javax.inject-1.jar
constituent[44]: file:/home/poddingue/.sdkman/candidates/maven/current/lib/maven-core-3.9.9.jar
constituent[45]: file:/home/poddingue/.sdkman/candidates/maven/current/lib/wagon-file-3.5.3.jar
constituent[46]: file:/home/poddingue/.sdkman/candidates/maven/current/lib/plexus-component-annotations-2.1.0.jar
constituent[47]: file:/home/poddingue/.sdkman/candidates/maven/current/lib/failureaccess-1.0.2.jar
constituent[48]: file:/home/poddingue/.sdkman/candidates/maven/current/lib/maven-repository-metadata-3.9.9.jar
---------------------------------------------------
Exception in thread "main" BUG! exception in phase 'semantic analysis' in source unit 'inlineScript' Unsupported class file major version 69
	at org.codehaus.groovy.control.CompilationUnit$ISourceUnitOperation.doPhaseOperation(CompilationUnit.java:901)
	at org.codehaus.groovy.control.CompilationUnit.processPhaseOperations(CompilationUnit.java:692)
	at org.codehaus.groovy.control.CompilationUnit.compile(CompilationUnit.java:666)
	at groovy.lang.GroovyClassLoader.doParseClass(GroovyClassLoader.java:365)
	at groovy.lang.GroovyClassLoader.lambda$parseClass$2(GroovyClassLoader.java:314)
	at org.codehaus.groovy.runtime.memoize.StampedCommonCache.compute(StampedCommonCache.java:163)
	at org.codehaus.groovy.runtime.memoize.StampedCommonCache.getAndPut(StampedCommonCache.java:154)
	at groovy.lang.GroovyClassLoader.parseClass(GroovyClassLoader.java:314)
	at groovy.lang.GroovyShell.parseClass(GroovyShell.java:572)
	at groovy.lang.GroovyShell.parse(GroovyShell.java:585)
	at groovy.lang.GroovyShell.parse(GroovyShell.java:639)
	at groovy.lang.GroovyShell.parse(GroovyShell.java:643)
	at com.cloudbees.maven.license.ProcessMojo.execute(ProcessMojo.java:154)
	at org.apache.maven.plugin.DefaultBuildPluginManager.executeMojo(DefaultBuildPluginManager.java:126)
	at org.apache.maven.lifecycle.internal.MojoExecutor.doExecute2(MojoExecutor.java:328)
	at org.apache.maven.lifecycle.internal.MojoExecutor.doExecute(MojoExecutor.java:316)
	at org.apache.maven.lifecycle.internal.MojoExecutor.execute(MojoExecutor.java:212)
	at org.apache.maven.lifecycle.internal.MojoExecutor.execute(MojoExecutor.java:174)
	at org.apache.maven.lifecycle.internal.MojoExecutor.access$000(MojoExecutor.java:75)
	at org.apache.maven.lifecycle.internal.MojoExecutor$1.run(MojoExecutor.java:162)
	at org.apache.maven.plugin.DefaultMojosExecutionStrategy.execute(DefaultMojosExecutionStrategy.java:39)
	at org.apache.maven.lifecycle.internal.MojoExecutor.execute(MojoExecutor.java:159)
	at org.apache.maven.lifecycle.internal.LifecycleModuleBuilder.buildProject(LifecycleModuleBuilder.java:105)
	at org.apache.maven.lifecycle.internal.LifecycleModuleBuilder.buildProject(LifecycleModuleBuilder.java:73)
	at org.apache.maven.lifecycle.internal.builder.singlethreaded.SingleThreadedBuilder.build(SingleThreadedBuilder.java:53)
	at org.apache.maven.lifecycle.internal.LifecycleStarter.execute(LifecycleStarter.java:118)
	at org.apache.maven.DefaultMaven.doExecute(DefaultMaven.java:261)
	at org.apache.maven.DefaultMaven.doExecute(DefaultMaven.java:173)
	at org.apache.maven.DefaultMaven.execute(DefaultMaven.java:101)
	at org.apache.maven.cli.MavenCli.execute(MavenCli.java:906)
	at org.apache.maven.cli.MavenCli.doMain(MavenCli.java:283)
	at org.apache.maven.cli.MavenCli.main(MavenCli.java:206)
	at java.base/jdk.internal.reflect.DirectMethodHandleAccessor.invoke(DirectMethodHandleAccessor.java:104)
	at java.base/java.lang.reflect.Method.invoke(Method.java:565)
	at org.codehaus.plexus.classworlds.launcher.Launcher.launchEnhanced(Launcher.java:255)
	at org.codehaus.plexus.classworlds.launcher.Launcher.launch(Launcher.java:201)
	at org.codehaus.plexus.classworlds.launcher.Launcher.mainWithExitCode(Launcher.java:361)
	at org.codehaus.plexus.classworlds.launcher.Launcher.main(Launcher.java:314)
Caused by: java.lang.IllegalArgumentException: Unsupported class file major version 69
	at groovyjarjarasm.asm.ClassReader.<init>(ClassReader.java:200)
	at groovyjarjarasm.asm.ClassReader.<init>(ClassReader.java:180)
	at groovyjarjarasm.asm.ClassReader.<init>(ClassReader.java:166)
	at groovyjarjarasm.asm.ClassReader.<init>(ClassReader.java:288)
	at org.codehaus.groovy.ast.decompiled.AsmDecompiler.parseClass(AsmDecompiler.java:83)
	at org.codehaus.groovy.control.ClassNodeResolver.findDecompiled(ClassNodeResolver.java:255)
	at org.codehaus.groovy.control.ClassNodeResolver.tryAsLoaderClassOrScript(ClassNodeResolver.java:193)
	at org.codehaus.groovy.control.ClassNodeResolver.findClassNode(ClassNodeResolver.java:175)
	at org.codehaus.groovy.control.ClassNodeResolver.resolveName(ClassNodeResolver.java:129)
	at org.codehaus.groovy.control.ResolveVisitor.resolveToOuter(ResolveVisitor.java:782)
	at org.codehaus.groovy.control.ResolveVisitor.resolve(ResolveVisitor.java:423)
	at org.codehaus.groovy.control.ResolveVisitor.resolveFromDefaultImports(ResolveVisitor.java:577)
	at org.codehaus.groovy.control.ResolveVisitor.resolveFromDefaultImports(ResolveVisitor.java:541)
	at org.codehaus.groovy.control.ResolveVisitor.resolve(ResolveVisitor.java:422)
	at org.codehaus.groovy.control.ResolveVisitor.resolve(ResolveVisitor.java:384)
	at org.codehaus.groovy.control.ResolveVisitor.resolveOrFail(ResolveVisitor.java:352)
	at org.codehaus.groovy.control.ResolveVisitor.resolveOrFail(ResolveVisitor.java:341)
	at org.codehaus.groovy.control.ResolveVisitor.resolveOrFail(ResolveVisitor.java:337)
	at org.codehaus.groovy.control.ResolveVisitor.transform(ResolveVisitor.java:817)
	at org.codehaus.groovy.control.ResolveVisitor.transformDeclarationExpression(ResolveVisitor.java:1173)
	at org.codehaus.groovy.control.ResolveVisitor.transform(ResolveVisitor.java:805)
	at org.codehaus.groovy.ast.ClassCodeExpressionTransformer.visitExpressionStatement(ClassCodeExpressionTransformer.java:129)
	at org.codehaus.groovy.ast.stmt.ExpressionStatement.visit(ExpressionStatement.java:41)
	at org.codehaus.groovy.ast.CodeVisitorSupport.visitBlockStatement(CodeVisitorSupport.java:86)
	at org.codehaus.groovy.ast.ClassCodeVisitorSupport.visitBlockStatement(ClassCodeVisitorSupport.java:168)
	at org.codehaus.groovy.control.ResolveVisitor.visitBlockStatement(ResolveVisitor.java:1386)
	at org.codehaus.groovy.ast.stmt.BlockStatement.visit(BlockStatement.java:72)
	at org.codehaus.groovy.control.ResolveVisitor.transformClosureExpression(ResolveVisitor.java:1125)
	at org.codehaus.groovy.control.ResolveVisitor.transform(ResolveVisitor.java:811)
	at org.codehaus.groovy.ast.expr.Expression.transformExpressions(Expression.java:49)
	at org.codehaus.groovy.ast.expr.ArgumentListExpression.transformExpression(ArgumentListExpression.java:67)
	at org.codehaus.groovy.control.ResolveVisitor.transform(ResolveVisitor.java:818)
	at org.codehaus.groovy.control.ResolveVisitor.transformMethodCallExpression(ResolveVisitor.java:1147)
	at org.codehaus.groovy.control.ResolveVisitor.transform(ResolveVisitor.java:809)
	at org.codehaus.groovy.ast.ClassCodeExpressionTransformer.visitExpressionStatement(ClassCodeExpressionTransformer.java:129)
	at org.codehaus.groovy.ast.stmt.ExpressionStatement.visit(ExpressionStatement.java:41)
	at org.codehaus.groovy.ast.CodeVisitorSupport.visitBlockStatement(CodeVisitorSupport.java:86)
	at org.codehaus.groovy.ast.ClassCodeVisitorSupport.visitBlockStatement(ClassCodeVisitorSupport.java:168)
	at org.codehaus.groovy.control.ResolveVisitor.visitBlockStatement(ResolveVisitor.java:1386)
	at org.codehaus.groovy.ast.stmt.BlockStatement.visit(BlockStatement.java:72)
	at org.codehaus.groovy.ast.ClassCodeVisitorSupport.visitClassCodeContainer(ClassCodeVisitorSupport.java:142)
	at org.codehaus.groovy.ast.ClassCodeVisitorSupport.visitConstructorOrMethod(ClassCodeVisitorSupport.java:115)
	at org.codehaus.groovy.ast.ClassCodeExpressionTransformer.visitConstructorOrMethod(ClassCodeExpressionTransformer.java:87)
	at org.codehaus.groovy.control.ResolveVisitor.visitConstructorOrMethod(ResolveVisitor.java:329)
	at org.codehaus.groovy.ast.ClassCodeVisitorSupport.visitMethod(ClassCodeVisitorSupport.java:110)
	at org.codehaus.groovy.ast.ClassNode.visitMethods(ClassNode.java:1132)
	at org.codehaus.groovy.ast.ClassNode.visitContents(ClassNode.java:1125)
	at org.codehaus.groovy.control.ResolveVisitor.visitClass(ResolveVisitor.java:1315)
	at org.codehaus.groovy.control.ResolveVisitor.startResolving(ResolveVisitor.java:258)
	at org.codehaus.groovy.control.CompilationUnit.lambda$addPhaseOperations$4(CompilationUnit.java:218)
	at org.codehaus.groovy.control.CompilationUnit$ISourceUnitOperation.doPhaseOperation(CompilationUnit.java:897)
	... 37 more
