WARNING: A terminally deprecated method in sun.misc.Unsafe has been called
WARNING: sun.misc.Unsafe::staticFieldBase has been called by com.google.inject.internal.aop.HiddenClassDefiner (file:/home/poddingue/.sdkman/candidates/maven/current/lib/guice-5.1.0-classes.jar)
WARNING: Please consider reporting this to the maintainers of class com.google.inject.internal.aop.HiddenClassDefiner
WARNING: sun.misc.Unsafe::staticFieldBase will be removed in a future release
[INFO] Scanning for projects...
[INFO] 
[INFO] Using the MultiThreadedBuilder implementation with a thread count of 4
[INFO] 
[INFO] -------------< io.jenkins.plugins:commons-httpclient3-api >-------------
[INFO] Building Commons HttpClient 3.x API 3.1-4-SNAPSHOT
[INFO]   from pom.xml
[INFO] --------------------------------[ hpi ]---------------------------------
[INFO] 
[INFO] --- clean:3.3.2:clean (default-clean) @ commons-httpclient3-api ---
[INFO] 
[INFO] --- hpi:3.53:validate (default-validate) @ commons-httpclient3-api ---
[INFO] Created marker file /tmp/plugin-builds/commons-httpclient3-api/target/java-level/11
[INFO] 
[INFO] --- hpi:3.53:validate-hpi (default-validate-hpi) @ commons-httpclient3-api ---
[INFO] 
[INFO] --- enforcer:3.4.1:enforce (display-info) @ commons-httpclient3-api ---
[INFO] Rule 0: io.jenkins.tools.incrementals.enforcer.RequireExtensionVersion passed
[INFO] Rule 1: org.apache.maven.enforcer.rules.version.RequireMavenVersion passed
[INFO] Rule 2: org.apache.maven.enforcer.rules.version.RequireJavaVersion passed
[INFO] Rule 3: org.codehaus.mojo.extraenforcer.dependencies.EnforceBytecodeVersion passed
[INFO] Rule 4: org.apache.maven.enforcer.rules.dependency.BannedDependencies passed
[INFO] Rule 5: org.apache.maven.enforcer.rules.dependency.RequireUpperBoundDeps passed
[INFO] 
[INFO] --- enforcer:3.4.1:enforce (no-snapshots-in-release) @ commons-httpclient3-api ---
[INFO] Rule 0: org.apache.maven.enforcer.rules.dependency.RequireReleaseDeps passed
[INFO] 
[INFO] --- localizer:1.31:generate (default) @ commons-httpclient3-api ---
[INFO] 
[INFO] --- resources:3.3.1:resources (default-resources) @ commons-httpclient3-api ---
[INFO] Copying 1 resource from src/main/resources to target/classes
[INFO] 
[INFO] --- flatten:1.6.0:flatten (flatten) @ commons-httpclient3-api ---
[INFO] Generating flattened POM of project io.jenkins.plugins:commons-httpclient3-api:hpi:3.1-4-SNAPSHOT...
[INFO] 
[INFO] --- compiler:3.11.0:compile (default-compile) @ commons-httpclient3-api ---
[INFO] Changes detected - recompiling the module! :source
[INFO] Compiling 2 source files with javac [debug release 11] to target/classes
[INFO] /tmp/plugin-builds/commons-httpclient3-api/src/main/java/hudson/util/NoClientBindProtocolSocketFactory.java: Some input files use or override a deprecated API.
[INFO] /tmp/plugin-builds/commons-httpclient3-api/src/main/java/hudson/util/NoClientBindProtocolSocketFactory.java: Recompile with -Xlint:deprecation for details.
[INFO] 
[INFO] --- access-modifier-checker:1.33:enforce (default-enforce) @ commons-httpclient3-api ---
[INFO] 
[INFO] --- hpi:3.53:insert-test (default-insert-test) @ commons-httpclient3-api ---
[INFO] 
[INFO] --- antrun:3.1.0:run (createTempDir) @ commons-httpclient3-api ---
[INFO] Executing tasks
[INFO]     [mkdir] Created dir: /tmp/plugin-builds/commons-httpclient3-api/target/tmp
[INFO] Executed tasks
[INFO] 
[INFO] --- resources:3.3.1:testResources (default-testResources) @ commons-httpclient3-api ---
[INFO] Not copying test resources
[INFO] 
[INFO] --- compiler:3.11.0:testCompile (default-testCompile) @ commons-httpclient3-api ---
[INFO] Not compiling test sources
[INFO] 
[INFO] --- hpi:3.53:test-hpl (default-test-hpl) @ commons-httpclient3-api ---
[INFO] Generating /tmp/plugin-builds/commons-httpclient3-api/target/test-classes/the.hpl
[INFO] 
[INFO] --- hpi:3.53:resolve-test-dependencies (default-resolve-test-dependencies) @ commons-httpclient3-api ---
[INFO] 
[INFO] --- hpi:3.53:test-runtime (default-test-runtime) @ commons-httpclient3-api ---
[INFO] Tests are skipped.
[INFO] 
[INFO] --- surefire:3.2.5:test (default-test) @ commons-httpclient3-api ---
[INFO] Tests are skipped.
[INFO] 
[INFO] --- license:133.v48b_64c1fc6b_4:process (default) @ commons-httpclient3-api ---
[INFO] ------------------------------------------------------------------------
[INFO] BUILD FAILURE
[INFO] ------------------------------------------------------------------------
[INFO] Total time:  18.169 s (Wall Clock)
[INFO] Finished at: 2025-08-22T18:35:56+02:00
[INFO] ------------------------------------------------------------------------
[ERROR] BUG! exception in phase 'semantic analysis' in source unit 'inlineScript' Unsupported class file major version 69 -> [Help 1]
[ERROR] BUG! exception in phase 'semantic analysis' in source unit 'inlineScript' Unsupported class file major version 69
[ERROR] 
[ERROR] To see the full stack trace of the errors, re-run Maven with the -e switch.
[ERROR] Re-run Maven using the -X switch to enable full debug logging.
[ERROR] 
[ERROR] For more information about the errors and possible solutions, please read the following articles:
[ERROR] [Help 1] http://cwiki.apache.org/confluence/display/MAVEN/GroovyBugError
