WARNING: A restricted method in java.lang.System has been called
WARNING: java.lang.System::load has been called by org.fusesource.jansi.internal.JansiLoader in an unnamed module (file:/home/poddingue/.sdkman/candidates/maven/current/lib/jansi-2.4.1.jar)
WARNING: Use --enable-native-access=ALL-UNNAMED to avoid a warning for callers in this module
WARNING: Restricted methods will be blocked in a future release unless native access is enabled

WARNING: A terminally deprecated method in sun.misc.Unsafe has been called
WARNING: sun.misc.Unsafe::objectFieldOffset has been called by com.google.common.util.concurrent.AbstractFuture$UnsafeAtomicHelper (file:/home/poddingue/.sdkman/candidates/maven/current/lib/guava-33.2.1-jre.jar)
WARNING: Please consider reporting this to the maintainers of class com.google.common.util.concurrent.AbstractFuture$UnsafeAtomicHelper
WARNING: sun.misc.Unsafe::objectFieldOffset will be removed in a future release
[INFO] Scanning for projects...
[INFO] Inspecting build with total of 3 modules...
[INFO] Installing Nexus Staging features:
[INFO]   ... total of 1 executions of maven-deploy-plugin replaced with nexus-staging-maven-plugin
[INFO] ------------------------------------------------------------------------
[INFO] Reactor Build Order:
[INFO] 
[INFO] Coverage Plugin                                                    [hpi]
[INFO] UI Tests of Code Coverage Plugin                                   [jar]
[INFO] Aggregator for Coverage Plugin                                     [pom]
[INFO] 
[INFO] --------------------< io.jenkins.plugins:coverage >---------------------
[INFO] Building Coverage Plugin 2.7.0-SNAPSHOT                            [1/3]
[INFO]   from plugin/pom.xml
[INFO] --------------------------------[ hpi ]---------------------------------
[INFO] 
[INFO] --- clean:3.4.1:clean (default-clean) @ coverage ---
[INFO] 
[INFO] --- hpi:3.61:validate (default-validate) @ coverage ---
[INFO] Created marker file /tmp/plugin-builds/coverage/plugin/target/java-level/17
[INFO] 
[INFO] --- hpi:3.61:validate-hpi (default-validate-hpi) @ coverage ---
[INFO] 
[INFO] --- enforcer:3.5.0:enforce (display-info) @ coverage ---
[INFO] Rule 0: org.apache.maven.enforcer.rules.dependency.RequireUpperBoundDeps passed
[INFO] Rule 1: org.apache.maven.enforcer.rules.version.RequireMavenVersion passed
[INFO] Rule 2: org.apache.maven.enforcer.rules.version.RequireJavaVersion passed
[INFO] Rule 3: org.codehaus.mojo.extraenforcer.dependencies.EnforceBytecodeVersion passed
[INFO] Rule 4: org.apache.maven.enforcer.rules.dependency.BannedDependencies passed
[INFO] Rule 5: org.apache.maven.enforcer.rules.dependency.BannedDependencies passed
[INFO] 
[INFO] --- enforcer:3.5.0:enforce (no-snapshots-in-release) @ coverage ---
[INFO] Rule 0: org.apache.maven.enforcer.rules.dependency.RequireReleaseDeps passed
[INFO] 
[INFO] --- localizer:1.31:generate (default) @ coverage ---
[INFO] 
[INFO] >>> javadoc:3.11.2:javadoc (default) > generate-sources @ coverage >>>
[INFO] 
[INFO] --- hpi:3.61:validate (default-validate) @ coverage ---
[INFO] 
[INFO] --- hpi:3.61:validate-hpi (default-validate-hpi) @ coverage ---
[INFO] 
[INFO] --- enforcer:3.5.0:enforce (display-info) @ coverage ---
[INFO] Rule 0: org.apache.maven.enforcer.rules.dependency.RequireUpperBoundDeps passed
[INFO] Rule 3: org.codehaus.mojo.extraenforcer.dependencies.EnforceBytecodeVersion passed
[INFO] Rule 4: org.apache.maven.enforcer.rules.dependency.BannedDependencies passed
[INFO] Rule 5: org.apache.maven.enforcer.rules.dependency.BannedDependencies passed
[INFO] 
[INFO] --- enforcer:3.5.0:enforce (no-snapshots-in-release) @ coverage ---
[INFO] Rule 0: org.apache.maven.enforcer.rules.dependency.RequireReleaseDeps passed
[INFO] 
[INFO] --- localizer:1.31:generate (default) @ coverage ---
[INFO] 
[INFO] <<< javadoc:3.11.2:javadoc (default) < generate-sources @ coverage <<<
[INFO] 
[INFO] 
[INFO] --- javadoc:3.11.2:javadoc (default) @ coverage ---
[INFO] Skipping org.apache.maven.plugins:maven-javadoc-plugin:3.11.2:javadoc report goal
[INFO] 
[INFO] --- resources:3.3.1:resources (default-resources) @ coverage ---
[INFO] Copying 75 resources from src/main/resources to target/classes
[INFO] 
[INFO] --- compiler:3.14.0:compile (default-compile) @ coverage ---
[INFO] Recompiling the module because of changed source code.
[INFO] Compiling 60 source files with javac [debug parameters release 17] to target/classes
[WARNING] /tmp/plugin-builds/coverage/plugin/src/main/java/io/jenkins/plugins/coverage/metrics/source/SourceCodePainter.java:[123,61] non-transient instance field of a serializable class declared with a non-serializable type
[WARNING] /tmp/plugin-builds/coverage/plugin/src/main/java/io/jenkins/plugins/coverage/metrics/steps/CodeDeltaCalculator.java:[85,17] calculateDelta(hudson.model.Run<?,?>,hudson.model.Run<?,?>,java.lang.String,edu.hm.hafner.util.FilteredLog) in io.jenkins.plugins.forensics.delta.DeltaCalculator has been deprecated
[WARNING] /tmp/plugin-builds/coverage/plugin/src/main/java/io/jenkins/plugins/coverage/metrics/steps/CoverageXmlStream.java:[135,41] found raw type: java.lang.Class
  missing type arguments for generic class java.lang.Class<T>
[WARNING] /tmp/plugin-builds/coverage/plugin/src/main/java/io/jenkins/plugins/coverage/metrics/steps/CoverageXmlStream.java:[221,41] found raw type: java.lang.Class
  missing type arguments for generic class java.lang.Class<T>
[WARNING] /tmp/plugin-builds/coverage/plugin/src/main/java/io/jenkins/plugins/coverage/metrics/steps/CoverageXmlStream.java:[191,47] found raw type: java.lang.Class
  missing type arguments for generic class java.lang.Class<T>
[WARNING] /tmp/plugin-builds/coverage/plugin/src/main/java/io/jenkins/plugins/coverage/metrics/steps/CoverageXmlStream.java:[301,41] found raw type: java.lang.Class
  missing type arguments for generic class java.lang.Class<T>
[WARNING] /tmp/plugin-builds/coverage/plugin/src/main/java/io/jenkins/plugins/coverage/metrics/steps/CoverageBuildAction.java:[74,41] non-transient instance field of a serializable class declared with a non-serializable type
[WARNING] /tmp/plugin-builds/coverage/plugin/src/main/java/io/jenkins/plugins/coverage/metrics/steps/CoverageBuildAction.java:[80,49] non-transient instance field of a serializable class declared with a non-serializable type
[WARNING] /tmp/plugin-builds/coverage/plugin/src/main/java/io/jenkins/plugins/coverage/metrics/steps/CoverageBuildAction.java:[83,41] non-transient instance field of a serializable class declared with a non-serializable type
[WARNING] /tmp/plugin-builds/coverage/plugin/src/main/java/io/jenkins/plugins/coverage/metrics/steps/CoverageBuildAction.java:[89,49] non-transient instance field of a serializable class declared with a non-serializable type
[WARNING] /tmp/plugin-builds/coverage/plugin/src/main/java/io/jenkins/plugins/coverage/metrics/steps/CoverageBuildAction.java:[92,41] non-transient instance field of a serializable class declared with a non-serializable type
[WARNING] /tmp/plugin-builds/coverage/plugin/src/main/java/io/jenkins/plugins/coverage/metrics/steps/CoverageBuildAction.java:[98,49] non-transient instance field of a serializable class declared with a non-serializable type
[WARNING] /tmp/plugin-builds/coverage/plugin/src/main/java/io/jenkins/plugins/coverage/metrics/steps/CoverageBuildAction.java:[101,41] non-transient instance field of a serializable class declared with a non-serializable type
[WARNING] /tmp/plugin-builds/coverage/plugin/src/main/java/io/jenkins/plugins/coverage/metrics/steps/CoverageRecorder.java:[632,59] found raw type: hudson.model.AbstractProject
  missing type arguments for generic class hudson.model.AbstractProject<P,R>
[WARNING] /tmp/plugin-builds/coverage/plugin/src/main/java/io/jenkins/plugins/coverage/metrics/steps/CoverageQualityGate.java:[44,13] possible 'this' escape before subclass is fully initialized
[WARNING] /tmp/plugin-builds/coverage/plugin/src/main/java/io/jenkins/plugins/coverage/metrics/steps/CoverageQualityGate.java:[50,21] previous possible 'this' escape happens here via invocation
[WARNING] /tmp/plugin-builds/coverage/plugin/src/main/java/io/jenkins/plugins/coverage/metrics/steps/CoverageStep.java:[60,32] non-transient instance field of a serializable class declared with a non-serializable type
[WARNING] /tmp/plugin-builds/coverage/plugin/src/main/java/io/jenkins/plugins/coverage/metrics/steps/CoverageStep.java:[61,39] non-transient instance field of a serializable class declared with a non-serializable type
[WARNING] /tmp/plugin-builds/coverage/plugin/src/main/java/io/jenkins/plugins/coverage/metrics/steps/CoverageStep.java:[73,38] non-transient instance field of a serializable class declared with a non-serializable type
[WARNING] /tmp/plugin-builds/coverage/plugin/src/main/java/io/jenkins/plugins/coverage/metrics/steps/PathResolver.java:[81,35] non-transient instance field of a serializable class declared with a non-serializable type
[WARNING] /tmp/plugin-builds/coverage/plugin/src/main/java/io/jenkins/plugins/coverage/metrics/steps/PathResolver.java:[82,35] non-transient instance field of a serializable class declared with a non-serializable type
[WARNING] /tmp/plugin-builds/coverage/plugin/src/main/java/io/jenkins/plugins/coverage/metrics/steps/PathResolver.java:[83,35] non-transient instance field of a serializable class declared with a non-serializable type
[INFO] 
[INFO] --- access-modifier-checker:1.34:enforce (default-enforce) @ coverage ---
[INFO] Skipping access modifier checks
[INFO] 
[INFO] --- hpi:3.61:insert-test (default-insert-test) @ coverage ---
[INFO] 
[INFO] --- assertj:2.2.0:generate-assertions (default) @ coverage ---
[INFO] 
[INFO] --- antrun:3.1.0:run (createTempDir) @ coverage ---
[INFO] Executing tasks
[INFO]     [mkdir] Created dir: /tmp/plugin-builds/coverage/plugin/target/tmp
[INFO] Executed tasks
[INFO] 
[INFO] --- resources:3.3.1:testResources (default-testResources) @ coverage ---
[INFO] Copying 56 resources from src/test/resources to target/test-classes
[INFO] 
[INFO] --- compiler:3.14.0:testCompile (default-testCompile) @ coverage ---
[INFO] Recompiling the module because of changed dependency.
[INFO] Compiling 91 source files with javac [debug parameters release 17] to target/test-classes
[WARNING] /tmp/plugin-builds/coverage/plugin/src/test/java/io/jenkins/plugins/coverage/metrics/steps/CoverageViewModelTest.java:[62,76] non-varargs call of varargs method with inexact argument type for last parameter;
  cast to java.lang.Object for a varargs call
  cast to java.lang.Object[] for a non-varargs call and to suppress this warning
[WARNING] /tmp/plugin-builds/coverage/plugin/target/generated-test-sources/assertj-assertions/io/jenkins/plugins/coverage/metrics/color/CoverageColorJenkinsIdAssert.java:[46,53] static method should be qualified by type name, io.jenkins.plugins.coverage.metrics.color.CoverageColorJenkinsId, instead of by an expression
[WARNING] /tmp/plugin-builds/coverage/plugin/target/generated-test-sources/assertj-assertions/io/jenkins/plugins/coverage/metrics/color/CoverageColorJenkinsIdAssert.java:[69,53] static method should be qualified by type name, io.jenkins.plugins.coverage.metrics.color.CoverageColorJenkinsId, instead of by an expression
[WARNING] /tmp/plugin-builds/coverage/plugin/target/generated-test-sources/assertj-assertions/io/jenkins/plugins/coverage/metrics/color/CoverageColorJenkinsIdAssert.java:[89,57] static method should be qualified by type name, io.jenkins.plugins.coverage.metrics.color.CoverageColorJenkinsId, instead of by an expression
[WARNING] /tmp/plugin-builds/coverage/plugin/target/generated-test-sources/assertj-assertions/io/jenkins/plugins/coverage/metrics/color/CoverageColorJenkinsIdAssert.java:[112,57] static method should be qualified by type name, io.jenkins.plugins.coverage.metrics.color.CoverageColorJenkinsId, instead of by an expression
[WARNING] /tmp/plugin-builds/coverage/plugin/target/generated-test-sources/assertj-assertions/io/jenkins/plugins/coverage/metrics/color/CoverageColorJenkinsIdAssert.java:[133,59] static method should be qualified by type name, io.jenkins.plugins.coverage.metrics.color.CoverageColorJenkinsId, instead of by an expression
[WARNING] /tmp/plugin-builds/coverage/plugin/target/generated-test-sources/assertj-assertions/io/jenkins/plugins/coverage/metrics/color/CoverageColorJenkinsIdAssert.java:[157,59] static method should be qualified by type name, io.jenkins.plugins.coverage.metrics.color.CoverageColorJenkinsId, instead of by an expression
[WARNING] /tmp/plugin-builds/coverage/plugin/target/generated-test-sources/assertj-assertions/io/jenkins/plugins/coverage/metrics/color/CoverageColorJenkinsIdAssert.java:[176,15] static method should be qualified by type name, io.jenkins.plugins.coverage.metrics.color.CoverageColorJenkinsId, instead of by an expression
[WARNING] /tmp/plugin-builds/coverage/plugin/target/generated-test-sources/assertj-assertions/io/jenkins/plugins/coverage/metrics/color/CoverageColorJenkinsIdAssert.java:[177,58] static method should be qualified by type name, io.jenkins.plugins.coverage.metrics.color.CoverageColorJenkinsId, instead of by an expression
[WARNING] /tmp/plugin-builds/coverage/plugin/target/generated-test-sources/assertj-assertions/io/jenkins/plugins/coverage/metrics/restapi/CoverageApiAssert.java:[37,59] found raw type: java.util.NavigableMap
  missing type arguments for generic class java.util.NavigableMap<K,V>
[WARNING] /tmp/plugin-builds/coverage/plugin/target/generated-test-sources/assertj-assertions/io/jenkins/plugins/coverage/metrics/restapi/CoverageApiAssert.java:[45,14] found raw type: java.util.NavigableMap
  missing type arguments for generic class java.util.NavigableMap<K,V>
[WARNING] /tmp/plugin-builds/coverage/plugin/target/generated-test-sources/assertj-assertions/io/jenkins/plugins/coverage/metrics/restapi/CoverageApiAssert.java:[61,64] found raw type: java.util.NavigableMap
  missing type arguments for generic class java.util.NavigableMap<K,V>
[WARNING] /tmp/plugin-builds/coverage/plugin/target/generated-test-sources/assertj-assertions/io/jenkins/plugins/coverage/metrics/restapi/CoverageApiAssert.java:[69,14] found raw type: java.util.NavigableMap
  missing type arguments for generic class java.util.NavigableMap<K,V>
[WARNING] /tmp/plugin-builds/coverage/plugin/target/generated-test-sources/assertj-assertions/io/jenkins/plugins/coverage/metrics/restapi/CoverageApiAssert.java:[85,59] found raw type: java.util.NavigableMap
  missing type arguments for generic class java.util.NavigableMap<K,V>
[WARNING] /tmp/plugin-builds/coverage/plugin/target/generated-test-sources/assertj-assertions/io/jenkins/plugins/coverage/metrics/restapi/CoverageApiAssert.java:[93,14] found raw type: java.util.NavigableMap
  missing type arguments for generic class java.util.NavigableMap<K,V>
[WARNING] /tmp/plugin-builds/coverage/plugin/target/generated-test-sources/assertj-assertions/io/jenkins/plugins/coverage/metrics/restapi/CoverageApiAssert.java:[109,64] found raw type: java.util.NavigableMap
  missing type arguments for generic class java.util.NavigableMap<K,V>
[WARNING] /tmp/plugin-builds/coverage/plugin/target/generated-test-sources/assertj-assertions/io/jenkins/plugins/coverage/metrics/restapi/CoverageApiAssert.java:[117,14] found raw type: java.util.NavigableMap
  missing type arguments for generic class java.util.NavigableMap<K,V>
[WARNING] /tmp/plugin-builds/coverage/plugin/target/generated-test-sources/assertj-assertions/io/jenkins/plugins/coverage/metrics/restapi/CoverageApiAssert.java:[133,53] found raw type: java.util.NavigableMap
  missing type arguments for generic class java.util.NavigableMap<K,V>
[WARNING] /tmp/plugin-builds/coverage/plugin/target/generated-test-sources/assertj-assertions/io/jenkins/plugins/coverage/metrics/restapi/CoverageApiAssert.java:[141,14] found raw type: java.util.NavigableMap
  missing type arguments for generic class java.util.NavigableMap<K,V>
[WARNING] /tmp/plugin-builds/coverage/plugin/target/generated-test-sources/assertj-assertions/io/jenkins/plugins/coverage/metrics/restapi/CoverageApiAssert.java:[157,58] found raw type: java.util.NavigableMap
  missing type arguments for generic class java.util.NavigableMap<K,V>
[WARNING] /tmp/plugin-builds/coverage/plugin/target/generated-test-sources/assertj-assertions/io/jenkins/plugins/coverage/metrics/restapi/CoverageApiAssert.java:[165,14] found raw type: java.util.NavigableMap
  missing type arguments for generic class java.util.NavigableMap<K,V>
[WARNING] /tmp/plugin-builds/coverage/plugin/target/generated-test-sources/assertj-assertions/io/jenkins/plugins/coverage/metrics/source/SourceViewModelAssert.java:[85,53] found raw type: hudson.model.Run
  missing type arguments for generic class hudson.model.Run<JobT,RunT>
[WARNING] /tmp/plugin-builds/coverage/plugin/target/generated-test-sources/assertj-assertions/io/jenkins/plugins/coverage/metrics/source/SourceViewModelAssert.java:[93,17] found raw type: hudson.model.Run
  missing type arguments for generic class hudson.model.Run<JobT,RunT>
[WARNING] /tmp/plugin-builds/coverage/plugin/target/generated-test-sources/assertj-assertions/io/jenkins/plugins/coverage/metrics/steps/CoverageMetricColumnAssert.java:[109,63] found raw type: hudson.model.Descriptor
  missing type arguments for generic class hudson.model.Descriptor<T>
[WARNING] /tmp/plugin-builds/coverage/plugin/target/generated-test-sources/assertj-assertions/io/jenkins/plugins/coverage/metrics/steps/CoverageMetricColumnAssert.java:[117,17] found raw type: hudson.model.Descriptor
  missing type arguments for generic class hudson.model.Descriptor<T>
[WARNING] /tmp/plugin-builds/coverage/plugin/target/generated-test-sources/assertj-assertions/io/jenkins/plugins/coverage/metrics/steps/CoverageMetricColumnCoverageMetricColumnDescriptorAssert.java:[93,53] static method should be qualified by type name, hudson.model.Descriptor, instead of by an expression
[WARNING] /tmp/plugin-builds/coverage/plugin/target/generated-test-sources/assertj-assertions/io/jenkins/plugins/coverage/metrics/steps/CoverageMetricColumnCoverageMetricColumnDescriptorAssert.java:[277,100] found raw type: org.kohsuke.stapler.lang.Klass
  missing type arguments for generic class org.kohsuke.stapler.lang.Klass<C>
[WARNING] /tmp/plugin-builds/coverage/plugin/target/generated-test-sources/assertj-assertions/io/jenkins/plugins/coverage/metrics/steps/CoverageMetricColumnCoverageMetricColumnDescriptorAssert.java:[285,29] found raw type: org.kohsuke.stapler.lang.Klass
  missing type arguments for generic class org.kohsuke.stapler.lang.Klass<C>
[WARNING] /tmp/plugin-builds/coverage/plugin/target/generated-test-sources/assertj-assertions/io/jenkins/plugins/coverage/metrics/steps/CoverageMetricColumnCoverageMetricColumnDescriptorAssert.java:[325,72] found raw type: java.lang.Class
  missing type arguments for generic class java.lang.Class<T>
[WARNING] /tmp/plugin-builds/coverage/plugin/target/generated-test-sources/assertj-assertions/io/jenkins/plugins/coverage/metrics/steps/CoverageMetricColumnCoverageMetricColumnDescriptorAssert.java:[333,5] found raw type: java.lang.Class
  missing type arguments for generic class java.lang.Class<T>
[WARNING] /tmp/plugin-builds/coverage/plugin/target/generated-test-sources/assertj-assertions/io/jenkins/plugins/coverage/metrics/steps/CoverageMetricColumnCoverageMetricColumnDescriptorAssert.java:[349,76] found raw type: java.lang.Class
  missing type arguments for generic class java.lang.Class<T>
[WARNING] /tmp/plugin-builds/coverage/plugin/target/generated-test-sources/assertj-assertions/io/jenkins/plugins/coverage/metrics/steps/CoverageMetricColumnCoverageMetricColumnDescriptorAssert.java:[357,5] found raw type: java.lang.Class
  missing type arguments for generic class java.lang.Class<T>
[WARNING] /tmp/plugin-builds/coverage/plugin/target/generated-test-sources/assertj-assertions/io/jenkins/plugins/coverage/metrics/steps/CoverageQualityGateAssert.java:[86,62] found raw type: hudson.model.Descriptor
  missing type arguments for generic class hudson.model.Descriptor<T>
[WARNING] /tmp/plugin-builds/coverage/plugin/target/generated-test-sources/assertj-assertions/io/jenkins/plugins/coverage/metrics/steps/CoverageQualityGateAssert.java:[94,17] found raw type: hudson.model.Descriptor
  missing type arguments for generic class hudson.model.Descriptor<T>
[WARNING] /tmp/plugin-builds/coverage/plugin/target/generated-test-sources/assertj-assertions/io/jenkins/plugins/coverage/metrics/steps/CoverageQualityGateDescriptorAssert.java:[93,53] static method should be qualified by type name, hudson.model.Descriptor, instead of by an expression
[WARNING] /tmp/plugin-builds/coverage/plugin/target/generated-test-sources/assertj-assertions/io/jenkins/plugins/coverage/metrics/steps/CoverageQualityGateDescriptorAssert.java:[277,79] found raw type: org.kohsuke.stapler.lang.Klass
  missing type arguments for generic class org.kohsuke.stapler.lang.Klass<C>
[WARNING] /tmp/plugin-builds/coverage/plugin/target/generated-test-sources/assertj-assertions/io/jenkins/plugins/coverage/metrics/steps/CoverageQualityGateDescriptorAssert.java:[285,29] found raw type: org.kohsuke.stapler.lang.Klass
  missing type arguments for generic class org.kohsuke.stapler.lang.Klass<C>
[WARNING] /tmp/plugin-builds/coverage/plugin/target/generated-test-sources/assertj-assertions/io/jenkins/plugins/coverage/metrics/steps/CoverageQualityGateDescriptorAssert.java:[325,51] found raw type: java.lang.Class
  missing type arguments for generic class java.lang.Class<T>
[WARNING] /tmp/plugin-builds/coverage/plugin/target/generated-test-sources/assertj-assertions/io/jenkins/plugins/coverage/metrics/steps/CoverageQualityGateDescriptorAssert.java:[333,5] found raw type: java.lang.Class
  missing type arguments for generic class java.lang.Class<T>
[WARNING] /tmp/plugin-builds/coverage/plugin/target/generated-test-sources/assertj-assertions/io/jenkins/plugins/coverage/metrics/steps/CoverageQualityGateDescriptorAssert.java:[349,55] found raw type: java.lang.Class
  missing type arguments for generic class java.lang.Class<T>
[WARNING] /tmp/plugin-builds/coverage/plugin/target/generated-test-sources/assertj-assertions/io/jenkins/plugins/coverage/metrics/steps/CoverageQualityGateDescriptorAssert.java:[357,5] found raw type: java.lang.Class
  missing type arguments for generic class java.lang.Class<T>
[WARNING] /tmp/plugin-builds/coverage/plugin/target/generated-test-sources/assertj-assertions/io/jenkins/plugins/coverage/metrics/steps/CoverageRecorderAssert.java:[110,59] found raw type: hudson.model.Descriptor
  missing type arguments for generic class hudson.model.Descriptor<T>
[WARNING] /tmp/plugin-builds/coverage/plugin/target/generated-test-sources/assertj-assertions/io/jenkins/plugins/coverage/metrics/steps/CoverageRecorderAssert.java:[118,17] found raw type: hudson.model.Descriptor
  missing type arguments for generic class hudson.model.Descriptor<T>
[WARNING] /tmp/plugin-builds/coverage/plugin/target/generated-test-sources/assertj-assertions/io/jenkins/plugins/coverage/metrics/steps/CoverageRecorderDescriptorAssert.java:[93,53] static method should be qualified by type name, hudson.model.Descriptor, instead of by an expression
[WARNING] /tmp/plugin-builds/coverage/plugin/target/generated-test-sources/assertj-assertions/io/jenkins/plugins/coverage/metrics/steps/CoverageRecorderDescriptorAssert.java:[277,76] found raw type: org.kohsuke.stapler.lang.Klass
  missing type arguments for generic class org.kohsuke.stapler.lang.Klass<C>
[WARNING] /tmp/plugin-builds/coverage/plugin/target/generated-test-sources/assertj-assertions/io/jenkins/plugins/coverage/metrics/steps/CoverageRecorderDescriptorAssert.java:[285,29] found raw type: org.kohsuke.stapler.lang.Klass
  missing type arguments for generic class org.kohsuke.stapler.lang.Klass<C>
[WARNING] /tmp/plugin-builds/coverage/plugin/target/generated-test-sources/assertj-assertions/io/jenkins/plugins/coverage/metrics/steps/CoverageRecorderDescriptorAssert.java:[325,48] found raw type: java.lang.Class
  missing type arguments for generic class java.lang.Class<T>
[WARNING] /tmp/plugin-builds/coverage/plugin/target/generated-test-sources/assertj-assertions/io/jenkins/plugins/coverage/metrics/steps/CoverageRecorderDescriptorAssert.java:[333,5] found raw type: java.lang.Class
  missing type arguments for generic class java.lang.Class<T>
[WARNING] /tmp/plugin-builds/coverage/plugin/target/generated-test-sources/assertj-assertions/io/jenkins/plugins/coverage/metrics/steps/CoverageRecorderDescriptorAssert.java:[349,52] found raw type: java.lang.Class
  missing type arguments for generic class java.lang.Class<T>
[WARNING] /tmp/plugin-builds/coverage/plugin/target/generated-test-sources/assertj-assertions/io/jenkins/plugins/coverage/metrics/steps/CoverageRecorderDescriptorAssert.java:[357,5] found raw type: java.lang.Class
  missing type arguments for generic class java.lang.Class<T>
[WARNING] /tmp/plugin-builds/coverage/plugin/target/generated-test-sources/assertj-assertions/io/jenkins/plugins/coverage/metrics/steps/CoverageStepAssert.java:[86,55] found raw type: hudson.model.Descriptor
  missing type arguments for generic class hudson.model.Descriptor<T>
[WARNING] /tmp/plugin-builds/coverage/plugin/target/generated-test-sources/assertj-assertions/io/jenkins/plugins/coverage/metrics/steps/CoverageStepAssert.java:[94,17] found raw type: hudson.model.Descriptor
  missing type arguments for generic class hudson.model.Descriptor<T>
[WARNING] /tmp/plugin-builds/coverage/plugin/target/generated-test-sources/assertj-assertions/io/jenkins/plugins/coverage/metrics/steps/CoverageStepDescriptorAssert.java:[130,53] static method should be qualified by type name, hudson.model.Descriptor, instead of by an expression
[WARNING] /tmp/plugin-builds/coverage/plugin/target/generated-test-sources/assertj-assertions/io/jenkins/plugins/coverage/metrics/steps/CoverageStepDescriptorAssert.java:[338,72] found raw type: org.kohsuke.stapler.lang.Klass
  missing type arguments for generic class org.kohsuke.stapler.lang.Klass<C>
[WARNING] /tmp/plugin-builds/coverage/plugin/target/generated-test-sources/assertj-assertions/io/jenkins/plugins/coverage/metrics/steps/CoverageStepDescriptorAssert.java:[346,29] found raw type: org.kohsuke.stapler.lang.Klass
  missing type arguments for generic class org.kohsuke.stapler.lang.Klass<C>
[WARNING] /tmp/plugin-builds/coverage/plugin/target/generated-test-sources/assertj-assertions/io/jenkins/plugins/coverage/metrics/steps/CoverageStepDescriptorAssert.java:[398,63] found raw type: java.lang.Class
  missing type arguments for generic class java.lang.Class<T>
[WARNING] /tmp/plugin-builds/coverage/plugin/target/generated-test-sources/assertj-assertions/io/jenkins/plugins/coverage/metrics/steps/CoverageStepDescriptorAssert.java:[406,5] found raw type: java.lang.Class
  missing type arguments for generic class java.lang.Class<T>
[WARNING] /tmp/plugin-builds/coverage/plugin/target/generated-test-sources/assertj-assertions/io/jenkins/plugins/coverage/metrics/steps/CoverageStepDescriptorAssert.java:[752,44] found raw type: java.lang.Class
  missing type arguments for generic class java.lang.Class<T>
[WARNING] /tmp/plugin-builds/coverage/plugin/target/generated-test-sources/assertj-assertions/io/jenkins/plugins/coverage/metrics/steps/CoverageStepDescriptorAssert.java:[760,5] found raw type: java.lang.Class
  missing type arguments for generic class java.lang.Class<T>
[WARNING] /tmp/plugin-builds/coverage/plugin/target/generated-test-sources/assertj-assertions/io/jenkins/plugins/coverage/metrics/steps/CoverageStepDescriptorAssert.java:[776,48] found raw type: java.lang.Class
  missing type arguments for generic class java.lang.Class<T>
[WARNING] /tmp/plugin-builds/coverage/plugin/target/generated-test-sources/assertj-assertions/io/jenkins/plugins/coverage/metrics/steps/CoverageStepDescriptorAssert.java:[784,5] found raw type: java.lang.Class
  missing type arguments for generic class java.lang.Class<T>
[WARNING] /tmp/plugin-builds/coverage/plugin/target/generated-test-sources/assertj-assertions/io/jenkins/plugins/coverage/metrics/steps/CoverageToolAssert.java:[61,55] found raw type: hudson.model.Descriptor
  missing type arguments for generic class hudson.model.Descriptor<T>
[WARNING] /tmp/plugin-builds/coverage/plugin/target/generated-test-sources/assertj-assertions/io/jenkins/plugins/coverage/metrics/steps/CoverageToolAssert.java:[69,17] found raw type: hudson.model.Descriptor
  missing type arguments for generic class hudson.model.Descriptor<T>
[WARNING] /tmp/plugin-builds/coverage/plugin/target/generated-test-sources/assertj-assertions/io/jenkins/plugins/coverage/metrics/steps/CoverageToolCoverageToolDescriptorAssert.java:[93,53] static method should be qualified by type name, hudson.model.Descriptor, instead of by an expression
[WARNING] /tmp/plugin-builds/coverage/plugin/target/generated-test-sources/assertj-assertions/io/jenkins/plugins/coverage/metrics/steps/CoverageToolCoverageToolDescriptorAssert.java:[301,84] found raw type: org.kohsuke.stapler.lang.Klass
  missing type arguments for generic class org.kohsuke.stapler.lang.Klass<C>
[WARNING] /tmp/plugin-builds/coverage/plugin/target/generated-test-sources/assertj-assertions/io/jenkins/plugins/coverage/metrics/steps/CoverageToolCoverageToolDescriptorAssert.java:[309,29] found raw type: org.kohsuke.stapler.lang.Klass
  missing type arguments for generic class org.kohsuke.stapler.lang.Klass<C>
[WARNING] /tmp/plugin-builds/coverage/plugin/target/generated-test-sources/assertj-assertions/io/jenkins/plugins/coverage/metrics/steps/CoverageToolCoverageToolDescriptorAssert.java:[349,56] found raw type: java.lang.Class
  missing type arguments for generic class java.lang.Class<T>
[WARNING] /tmp/plugin-builds/coverage/plugin/target/generated-test-sources/assertj-assertions/io/jenkins/plugins/coverage/metrics/steps/CoverageToolCoverageToolDescriptorAssert.java:[357,5] found raw type: java.lang.Class
  missing type arguments for generic class java.lang.Class<T>
[WARNING] /tmp/plugin-builds/coverage/plugin/target/generated-test-sources/assertj-assertions/io/jenkins/plugins/coverage/metrics/steps/CoverageToolCoverageToolDescriptorAssert.java:[397,60] found raw type: java.lang.Class
  missing type arguments for generic class java.lang.Class<T>
[WARNING] /tmp/plugin-builds/coverage/plugin/target/generated-test-sources/assertj-assertions/io/jenkins/plugins/coverage/metrics/steps/CoverageToolCoverageToolDescriptorAssert.java:[405,5] found raw type: java.lang.Class
  missing type arguments for generic class java.lang.Class<T>
[WARNING] /tmp/plugin-builds/coverage/plugin/target/generated-test-sources/assertj-assertions/io/jenkins/plugins/coverage/metrics/steps/CoverageViewModelAssert.java:[632,55] found raw type: hudson.model.Run
  missing type arguments for generic class hudson.model.Run<JobT,RunT>
[WARNING] /tmp/plugin-builds/coverage/plugin/target/generated-test-sources/assertj-assertions/io/jenkins/plugins/coverage/metrics/steps/CoverageViewModelAssert.java:[640,17] found raw type: hudson.model.Run
  missing type arguments for generic class hudson.model.Run<JobT,RunT>
[INFO] 
[INFO] --- hpi:3.61:test-hpl (default-test-hpl) @ coverage ---
[INFO] Generating /tmp/plugin-builds/coverage/plugin/target/test-classes/the.hpl
[INFO] 
[INFO] --- hpi:3.61:resolve-test-dependencies (default-resolve-test-dependencies) @ coverage ---
[INFO] 
[INFO] --- hpi:3.61:test-runtime (default-test-runtime) @ coverage ---
[INFO] Tests are skipped.
[INFO] 
[INFO] --- jacoco:0.8.12:prepare-agent (default) @ coverage ---
[INFO] argLine set to -javaagent:/home/poddingue/.m2/repository/org/jacoco/org.jacoco.agent/0.8.12/org.jacoco.agent-0.8.12-runtime.jar=destfile=/tmp/plugin-builds/coverage/plugin/target/jacoco.exec,includes=io/jenkins/plugins/**/* -Xms768M -Xmx768M -XX:+HeapDumpOnOutOfMemoryError -XX:+TieredCompilation -XX:TieredStopAtLevel=1 @{jenkins.addOpens} @{jenkins.insaneHook}
[INFO] 
[INFO] --- surefire:3.5.2:test (default-test) @ coverage ---
[INFO] Tests are skipped.
[INFO] 
[INFO] --- license:165.v7e11f4e4a_325:process (default) @ coverage ---
[INFO] ------------------------------------------------------------------------
[INFO] Reactor Summary:
[INFO] 
[INFO] Coverage Plugin 2.7.0-SNAPSHOT ..................... FAILURE [ 34.486 s]
[INFO] UI Tests of Code Coverage Plugin UNVERSIONED ....... SKIPPED
[INFO] Aggregator for Coverage Plugin UNVERSIONED ......... SKIPPED
[INFO] ------------------------------------------------------------------------
[INFO] BUILD FAILURE
[INFO] ------------------------------------------------------------------------
[INFO] Total time:  37.798 s
[INFO] Finished at: 2025-06-13T13:47:15+02:00
[INFO] ------------------------------------------------------------------------
---------------------------------------------------
constituent[0]: file:/home/poddingue/.sdkman/candidates/maven/current/conf/logging/
constituent[1]: file:/home/poddingue/.sdkman/candidates/maven/current/lib/plexus-cipher-2.0.jar
constituent[2]: file:/home/poddingue/.sdkman/candidates/maven/current/lib/maven-shared-utils-3.4.2.jar
constituent[3]: file:/home/poddingue/.sdkman/candidates/maven/current/lib/wagon-provider-api-3.5.3.jar
constituent[4]: file:/home/poddingue/.sdkman/candidates/maven/current/lib/guice-5.1.0.jar
constituent[5]: file:/home/poddingue/.sdkman/candidates/maven/current/lib/httpclient-4.5.14.jar
constituent[6]: file:/home/poddingue/.sdkman/candidates/maven/current/lib/slf4j-api-1.7.36.jar
constituent[7]: file:/home/poddingue/.sdkman/candidates/maven/current/lib/commons-codec-1.17.1.jar
constituent[8]: file:/home/poddingue/.sdkman/candidates/maven/current/lib/maven-resolver-impl-1.9.22.jar
constituent[9]: file:/home/poddingue/.sdkman/candidates/maven/current/lib/maven-resolver-named-locks-1.9.22.jar
constituent[10]: file:/home/poddingue/.sdkman/candidates/maven/current/lib/maven-resolver-util-1.9.22.jar
constituent[11]: file:/home/poddingue/.sdkman/candidates/maven/current/lib/maven-resolver-transport-http-1.9.22.jar
constituent[12]: file:/home/poddingue/.sdkman/candidates/maven/current/lib/plexus-sec-dispatcher-2.0.jar
constituent[13]: file:/home/poddingue/.sdkman/candidates/maven/current/lib/maven-resolver-api-1.9.22.jar
constituent[14]: file:/home/poddingue/.sdkman/candidates/maven/current/lib/guava-33.2.1-jre.jar
constituent[15]: file:/home/poddingue/.sdkman/candidates/maven/current/lib/maven-settings-3.9.9.jar
constituent[16]: file:/home/poddingue/.sdkman/candidates/maven/current/lib/maven-resolver-transport-file-1.9.22.jar
constituent[17]: file:/home/poddingue/.sdkman/candidates/maven/current/lib/wagon-http-shared-3.5.3.jar
constituent[18]: file:/home/poddingue/.sdkman/candidates/maven/current/lib/maven-resolver-transport-wagon-1.9.22.jar
constituent[19]: file:/home/poddingue/.sdkman/candidates/maven/current/lib/plexus-interpolation-1.27.jar
constituent[20]: file:/home/poddingue/.sdkman/candidates/maven/current/lib/maven-model-3.9.9.jar
constituent[21]: file:/home/poddingue/.sdkman/candidates/maven/current/lib/maven-settings-builder-3.9.9.jar
constituent[22]: file:/home/poddingue/.sdkman/candidates/maven/current/lib/jansi-2.4.1.jar
constituent[23]: file:/home/poddingue/.sdkman/candidates/maven/current/lib/commons-cli-1.8.0.jar
constituent[24]: file:/home/poddingue/.sdkman/candidates/maven/current/lib/httpcore-4.4.16.jar
constituent[25]: file:/home/poddingue/.sdkman/candidates/maven/current/lib/maven-builder-support-3.9.9.jar
constituent[26]: file:/home/poddingue/.sdkman/candidates/maven/current/lib/maven-embedder-3.9.9.jar
constituent[27]: file:/home/poddingue/.sdkman/candidates/maven/current/lib/maven-artifact-3.9.9.jar
constituent[28]: file:/home/poddingue/.sdkman/candidates/maven/current/lib/maven-compat-3.9.9.jar
constituent[29]: file:/home/poddingue/.sdkman/candidates/maven/current/lib/wagon-http-3.5.3.jar
constituent[30]: file:/home/poddingue/.sdkman/candidates/maven/current/lib/maven-model-builder-3.9.9.jar
constituent[31]: file:/home/poddingue/.sdkman/candidates/maven/current/lib/aopalliance-1.0.jar
constituent[32]: file:/home/poddingue/.sdkman/candidates/maven/current/lib/maven-slf4j-provider-3.9.9.jar
constituent[33]: file:/home/poddingue/.sdkman/candidates/maven/current/lib/maven-resolver-connector-basic-1.9.22.jar
constituent[34]: file:/home/poddingue/.sdkman/candidates/maven/current/lib/maven-plugin-api-3.9.9.jar
constituent[35]: file:/home/poddingue/.sdkman/candidates/maven/current/lib/javax.annotation-api-1.3.2.jar
constituent[36]: file:/home/poddingue/.sdkman/candidates/maven/current/lib/org.eclipse.sisu.inject-0.9.0.M3.jar
constituent[37]: file:/home/poddingue/.sdkman/candidates/maven/current/lib/jcl-over-slf4j-1.7.36.jar
constituent[38]: file:/home/poddingue/.sdkman/candidates/maven/current/lib/plexus-xml-3.0.1.jar
constituent[39]: file:/home/poddingue/.sdkman/candidates/maven/current/lib/plexus-utils-3.5.1.jar
constituent[40]: file:/home/poddingue/.sdkman/candidates/maven/current/lib/maven-resolver-provider-3.9.9.jar
constituent[41]: file:/home/poddingue/.sdkman/candidates/maven/current/lib/org.eclipse.sisu.plexus-0.9.0.M3.jar
constituent[42]: file:/home/poddingue/.sdkman/candidates/maven/current/lib/maven-resolver-spi-1.9.22.jar
constituent[43]: file:/home/poddingue/.sdkman/candidates/maven/current/lib/javax.inject-1.jar
constituent[44]: file:/home/poddingue/.sdkman/candidates/maven/current/lib/maven-core-3.9.9.jar
constituent[45]: file:/home/poddingue/.sdkman/candidates/maven/current/lib/wagon-file-3.5.3.jar
constituent[46]: file:/home/poddingue/.sdkman/candidates/maven/current/lib/plexus-component-annotations-2.1.0.jar
constituent[47]: file:/home/poddingue/.sdkman/candidates/maven/current/lib/failureaccess-1.0.2.jar
constituent[48]: file:/home/poddingue/.sdkman/candidates/maven/current/lib/maven-repository-metadata-3.9.9.jar
---------------------------------------------------
Exception in thread "main" BUG! exception in phase 'semantic analysis' in source unit 'inlineScript' Unsupported class file major version 69
	at org.codehaus.groovy.control.CompilationUnit$ISourceUnitOperation.doPhaseOperation(CompilationUnit.java:901)
	at org.codehaus.groovy.control.CompilationUnit.processPhaseOperations(CompilationUnit.java:692)
	at org.codehaus.groovy.control.CompilationUnit.compile(CompilationUnit.java:666)
	at groovy.lang.GroovyClassLoader.doParseClass(GroovyClassLoader.java:365)
	at groovy.lang.GroovyClassLoader.lambda$parseClass$2(GroovyClassLoader.java:314)
	at org.codehaus.groovy.runtime.memoize.StampedCommonCache.compute(StampedCommonCache.java:163)
	at org.codehaus.groovy.runtime.memoize.StampedCommonCache.getAndPut(StampedCommonCache.java:154)
	at groovy.lang.GroovyClassLoader.parseClass(GroovyClassLoader.java:314)
	at groovy.lang.GroovyShell.parseClass(GroovyShell.java:572)
	at groovy.lang.GroovyShell.parse(GroovyShell.java:585)
	at groovy.lang.GroovyShell.parse(GroovyShell.java:639)
	at groovy.lang.GroovyShell.parse(GroovyShell.java:643)
	at com.cloudbees.maven.license.ProcessMojo.execute(ProcessMojo.java:154)
	at org.apache.maven.plugin.DefaultBuildPluginManager.executeMojo(DefaultBuildPluginManager.java:126)
	at org.apache.maven.lifecycle.internal.MojoExecutor.doExecute2(MojoExecutor.java:328)
	at org.apache.maven.lifecycle.internal.MojoExecutor.doExecute(MojoExecutor.java:316)
	at org.apache.maven.lifecycle.internal.MojoExecutor.execute(MojoExecutor.java:212)
	at org.apache.maven.lifecycle.internal.MojoExecutor.execute(MojoExecutor.java:174)
	at org.apache.maven.lifecycle.internal.MojoExecutor.access$000(MojoExecutor.java:75)
	at org.apache.maven.lifecycle.internal.MojoExecutor$1.run(MojoExecutor.java:162)
	at org.apache.maven.plugin.DefaultMojosExecutionStrategy.execute(DefaultMojosExecutionStrategy.java:39)
	at org.apache.maven.lifecycle.internal.MojoExecutor.execute(MojoExecutor.java:159)
	at org.apache.maven.lifecycle.internal.LifecycleModuleBuilder.buildProject(LifecycleModuleBuilder.java:105)
	at org.apache.maven.lifecycle.internal.LifecycleModuleBuilder.buildProject(LifecycleModuleBuilder.java:73)
	at org.apache.maven.lifecycle.internal.builder.singlethreaded.SingleThreadedBuilder.build(SingleThreadedBuilder.java:53)
	at org.apache.maven.lifecycle.internal.LifecycleStarter.execute(LifecycleStarter.java:118)
	at org.apache.maven.DefaultMaven.doExecute(DefaultMaven.java:261)
	at org.apache.maven.DefaultMaven.doExecute(DefaultMaven.java:173)
	at org.apache.maven.DefaultMaven.execute(DefaultMaven.java:101)
	at org.apache.maven.cli.MavenCli.execute(MavenCli.java:906)
	at org.apache.maven.cli.MavenCli.doMain(MavenCli.java:283)
	at org.apache.maven.cli.MavenCli.main(MavenCli.java:206)
	at java.base/jdk.internal.reflect.DirectMethodHandleAccessor.invoke(DirectMethodHandleAccessor.java:104)
	at java.base/java.lang.reflect.Method.invoke(Method.java:565)
	at org.codehaus.plexus.classworlds.launcher.Launcher.launchEnhanced(Launcher.java:255)
	at org.codehaus.plexus.classworlds.launcher.Launcher.launch(Launcher.java:201)
	at org.codehaus.plexus.classworlds.launcher.Launcher.mainWithExitCode(Launcher.java:361)
	at org.codehaus.plexus.classworlds.launcher.Launcher.main(Launcher.java:314)
Caused by: java.lang.IllegalArgumentException: Unsupported class file major version 69
	at groovyjarjarasm.asm.ClassReader.<init>(ClassReader.java:200)
	at groovyjarjarasm.asm.ClassReader.<init>(ClassReader.java:180)
	at groovyjarjarasm.asm.ClassReader.<init>(ClassReader.java:166)
	at groovyjarjarasm.asm.ClassReader.<init>(ClassReader.java:288)
	at org.codehaus.groovy.ast.decompiled.AsmDecompiler.parseClass(AsmDecompiler.java:83)
	at org.codehaus.groovy.control.ClassNodeResolver.findDecompiled(ClassNodeResolver.java:255)
	at org.codehaus.groovy.control.ClassNodeResolver.tryAsLoaderClassOrScript(ClassNodeResolver.java:193)
	at org.codehaus.groovy.control.ClassNodeResolver.findClassNode(ClassNodeResolver.java:175)
	at org.codehaus.groovy.control.ClassNodeResolver.resolveName(ClassNodeResolver.java:129)
	at org.codehaus.groovy.control.ResolveVisitor.resolveToOuter(ResolveVisitor.java:782)
	at org.codehaus.groovy.control.ResolveVisitor.resolve(ResolveVisitor.java:423)
	at org.codehaus.groovy.control.ResolveVisitor.resolveFromDefaultImports(ResolveVisitor.java:577)
	at org.codehaus.groovy.control.ResolveVisitor.resolveFromDefaultImports(ResolveVisitor.java:541)
	at org.codehaus.groovy.control.ResolveVisitor.resolve(ResolveVisitor.java:422)
	at org.codehaus.groovy.control.ResolveVisitor.resolve(ResolveVisitor.java:384)
	at org.codehaus.groovy.control.ResolveVisitor.resolveOrFail(ResolveVisitor.java:352)
	at org.codehaus.groovy.control.ResolveVisitor.resolveOrFail(ResolveVisitor.java:341)
	at org.codehaus.groovy.control.ResolveVisitor.resolveOrFail(ResolveVisitor.java:337)
	at org.codehaus.groovy.control.ResolveVisitor.transform(ResolveVisitor.java:817)
	at org.codehaus.groovy.control.ResolveVisitor.transformDeclarationExpression(ResolveVisitor.java:1173)
	at org.codehaus.groovy.control.ResolveVisitor.transform(ResolveVisitor.java:805)
	at org.codehaus.groovy.ast.ClassCodeExpressionTransformer.visitExpressionStatement(ClassCodeExpressionTransformer.java:129)
	at org.codehaus.groovy.ast.stmt.ExpressionStatement.visit(ExpressionStatement.java:41)
	at org.codehaus.groovy.ast.CodeVisitorSupport.visitBlockStatement(CodeVisitorSupport.java:86)
	at org.codehaus.groovy.ast.ClassCodeVisitorSupport.visitBlockStatement(ClassCodeVisitorSupport.java:168)
	at org.codehaus.groovy.control.ResolveVisitor.visitBlockStatement(ResolveVisitor.java:1386)
	at org.codehaus.groovy.ast.stmt.BlockStatement.visit(BlockStatement.java:72)
	at org.codehaus.groovy.control.ResolveVisitor.transformClosureExpression(ResolveVisitor.java:1125)
	at org.codehaus.groovy.control.ResolveVisitor.transform(ResolveVisitor.java:811)
	at org.codehaus.groovy.ast.expr.Expression.transformExpressions(Expression.java:49)
	at org.codehaus.groovy.ast.expr.ArgumentListExpression.transformExpression(ArgumentListExpression.java:67)
	at org.codehaus.groovy.control.ResolveVisitor.transform(ResolveVisitor.java:818)
	at org.codehaus.groovy.control.ResolveVisitor.transformMethodCallExpression(ResolveVisitor.java:1147)
	at org.codehaus.groovy.control.ResolveVisitor.transform(ResolveVisitor.java:809)
	at org.codehaus.groovy.ast.ClassCodeExpressionTransformer.visitExpressionStatement(ClassCodeExpressionTransformer.java:129)
	at org.codehaus.groovy.ast.stmt.ExpressionStatement.visit(ExpressionStatement.java:41)
	at org.codehaus.groovy.ast.CodeVisitorSupport.visitBlockStatement(CodeVisitorSupport.java:86)
	at org.codehaus.groovy.ast.ClassCodeVisitorSupport.visitBlockStatement(ClassCodeVisitorSupport.java:168)
	at org.codehaus.groovy.control.ResolveVisitor.visitBlockStatement(ResolveVisitor.java:1386)
	at org.codehaus.groovy.ast.stmt.BlockStatement.visit(BlockStatement.java:72)
	at org.codehaus.groovy.ast.ClassCodeVisitorSupport.visitClassCodeContainer(ClassCodeVisitorSupport.java:142)
	at org.codehaus.groovy.ast.ClassCodeVisitorSupport.visitConstructorOrMethod(ClassCodeVisitorSupport.java:115)
	at org.codehaus.groovy.ast.ClassCodeExpressionTransformer.visitConstructorOrMethod(ClassCodeExpressionTransformer.java:87)
	at org.codehaus.groovy.control.ResolveVisitor.visitConstructorOrMethod(ResolveVisitor.java:329)
	at org.codehaus.groovy.ast.ClassCodeVisitorSupport.visitMethod(ClassCodeVisitorSupport.java:110)
	at org.codehaus.groovy.ast.ClassNode.visitMethods(ClassNode.java:1132)
	at org.codehaus.groovy.ast.ClassNode.visitContents(ClassNode.java:1125)
	at org.codehaus.groovy.control.ResolveVisitor.visitClass(ResolveVisitor.java:1315)
	at org.codehaus.groovy.control.ResolveVisitor.startResolving(ResolveVisitor.java:258)
	at org.codehaus.groovy.control.CompilationUnit.lambda$addPhaseOperations$4(CompilationUnit.java:218)
	at org.codehaus.groovy.control.CompilationUnit$ISourceUnitOperation.doPhaseOperation(CompilationUnit.java:897)
	... 37 more
