WARNING: A restricted method in java.lang.System has been called
WARNING: java.lang.System::load has been called by org.fusesource.jansi.internal.JansiLoader in an unnamed module (file:/home/poddingue/.sdkman/candidates/maven/current/lib/jansi-2.4.1.jar)
WARNING: Use --enable-native-access=ALL-UNNAMED to avoid a warning for callers in this module
WARNING: Restricted methods will be blocked in a future release unless native access is enabled

WARNING: A terminally deprecated method in sun.misc.Unsafe has been called
WARNING: sun.misc.Unsafe::objectFieldOffset has been called by com.google.common.util.concurrent.AbstractFuture$UnsafeAtomicHelper (file:/home/poddingue/.sdkman/candidates/maven/current/lib/guava-33.2.1-jre.jar)
WARNING: Please consider reporting this to the maintainers of class com.google.common.util.concurrent.AbstractFuture$UnsafeAtomicHelper
WARNING: sun.misc.Unsafe::objectFieldOffset will be removed in a future release
[INFO] Scanning for projects...
[INFO] 
[INFO] -------------< org.jenkins-ci.plugins:credentials-binding >-------------
[INFO] Building Credentials Binding Plugin 999999-SNAPSHOT
[INFO]   from pom.xml
[INFO] --------------------------------[ hpi ]---------------------------------
Downloading from repo.jenkins-ci.org: https://repo.jenkins-ci.org/public/org/jenkins-ci/plugins/credentials/1384.vf0a_2ed06f9c6/credentials-1384.vf0a_2ed06f9c6.pom
Progress (1): 0.4/4.0 kBProgress (1): 1.8/4.0 kBProgress (1): 3.2/4.0 kBProgress (1): 4.0 kB                        Downloaded from repo.jenkins-ci.org: https://repo.jenkins-ci.org/public/org/jenkins-ci/plugins/credentials/1384.vf0a_2ed06f9c6/credentials-1384.vf0a_2ed06f9c6.pom (4.0 kB at 5.4 kB/s)
Downloading from repo.jenkins-ci.org: https://repo.jenkins-ci.org/public/org/jenkins-ci/plugins/ssh-credentials/343.v884f71d78167/ssh-credentials-343.v884f71d78167.pom
Progress (1): 0.4/4.1 kBProgress (1): 1.8/4.1 kBProgress (1): 3.2/4.1 kBProgress (1): 4.1 kB                        Downloaded from repo.jenkins-ci.org: https://repo.jenkins-ci.org/public/org/jenkins-ci/plugins/ssh-credentials/343.v884f71d78167/ssh-credentials-343.v884f71d78167.pom (4.1 kB at 40 kB/s)
Downloading from repo.jenkins-ci.org: https://repo.jenkins-ci.org/public/org/jenkins-ci/plugins/credentials/1384.vf0a_2ed06f9c6/credentials-1384.vf0a_2ed06f9c6.jar
Progress (1): 16/681 kBProgress (1): 17/681 kBProgress (1): 33/681 kBProgress (1): 34/681 kBProgress (1): 51/681 kBProgress (1): 52/681 kBProgress (1): 68/681 kBProgress (1): 69/681 kBProgress (1): 85/681 kBProgress (1): 86/681 kBProgress (1): 103/681 kBProgress (1): 104/681 kBProgress (1): 120/681 kBProgress (1): 121/681 kBProgress (1): 138/681 kBProgress (1): 139/681 kBProgress (1): 155/681 kBProgress (1): 156/681 kBProgress (1): 172/681 kBProgress (1): 173/681 kBProgress (1): 190/681 kBProgress (1): 191/681 kBProgress (1): 207/681 kBProgress (1): 208/681 kBProgress (1): 225/681 kBProgress (1): 226/681 kBProgress (1): 242/681 kBProgress (1): 243/681 kBProgress (1): 260/681 kBProgress (1): 261/681 kBProgress (1): 277/681 kBProgress (1): 278/681 kBProgress (1): 294/681 kBProgress (1): 295/681 kBProgress (1): 312/681 kBProgress (1): 313/681 kBProgress (1): 329/681 kBProgress (1): 330/681 kBProgress (1): 347/681 kBProgress (1): 348/681 kBProgress (1): 364/681 kBProgress (1): 365/681 kBProgress (1): 381/681 kBProgress (1): 382/681 kBProgress (1): 399/681 kBProgress (1): 400/681 kBProgress (1): 416/681 kBProgress (1): 417/681 kBProgress (1): 434/681 kBProgress (1): 435/681 kBProgress (1): 451/681 kBProgress (1): 452/681 kBProgress (1): 468/681 kBProgress (1): 469/681 kBProgress (1): 486/681 kBProgress (1): 487/681 kBProgress (1): 503/681 kBProgress (1): 504/681 kBProgress (1): 521/681 kBProgress (1): 522/681 kBProgress (1): 538/681 kBProgress (1): 539/681 kBProgress (1): 555/681 kBProgress (1): 556/681 kBProgress (1): 573/681 kBProgress (1): 574/681 kBProgress (1): 590/681 kBProgress (1): 591/681 kBProgress (1): 608/681 kBProgress (1): 609/681 kBProgress (1): 625/681 kBProgress (1): 626/681 kBProgress (1): 642/681 kBProgress (1): 644/681 kBProgress (1): 660/681 kBProgress (1): 661/681 kBProgress (1): 677/681 kBProgress (1): 678/681 kBProgress (1): 681 kB                        Downloaded from repo.jenkins-ci.org: https://repo.jenkins-ci.org/public/org/jenkins-ci/plugins/credentials/1384.vf0a_2ed06f9c6/credentials-1384.vf0a_2ed06f9c6.jar (681 kB at 599 kB/s)
Downloading from repo.jenkins-ci.org: https://repo.jenkins-ci.org/public/org/jenkins-ci/plugins/ssh-credentials/343.v884f71d78167/ssh-credentials-343.v884f71d78167.jar
Downloading from repo.jenkins-ci.org: https://repo.jenkins-ci.org/public/org/jenkins-ci/plugins/workflow/workflow-cps/3969.vdc9d3a_efcc6a_/workflow-cps-3969.vdc9d3a_efcc6a_-tests.jar
Downloading from repo.jenkins-ci.org: https://repo.jenkins-ci.org/public/org/jenkins-ci/plugins/workflow/workflow-support/926.v9f4f9b_b_98c19/workflow-support-926.v9f4f9b_b_98c19-tests.jar
Progress (1): 0.4/63 kBProgress (1): 1.8/63 kBProgress (1): 3.2/63 kBProgress (1): 4.6/63 kBProgress (1): 6.0/63 kBProgress (1): 7.4/63 kBProgress (1): 8.8/63 kBProgress (1): 10/63 kB Progress (1): 12/63 kBProgress (1): 13/63 kBProgress (1): 14/63 kBProgress (1): 16/63 kBProgress (1): 16/63 kBProgress (1): 17/63 kBProgress (1): 19/63 kBProgress (1): 20/63 kBProgress (1): 22/63 kBProgress (1): 23/63 kBProgress (1): 24/63 kBProgress (1): 26/63 kBProgress (1): 27/63 kBProgress (1): 29/63 kBProgress (1): 30/63 kBProgress (1): 31/63 kBProgress (1): 33/63 kBProgress (1): 34/63 kBProgress (1): 35/63 kBProgress (1): 37/63 kBProgress (1): 38/63 kBProgress (1): 40/63 kBProgress (1): 41/63 kBProgress (1): 42/63 kBProgress (1): 44/63 kBProgress (1): 45/63 kBProgress (1): 47/63 kBProgress (1): 48/63 kBProgress (1): 49/63 kBProgress (1): 51/63 kBProgress (1): 52/63 kBProgress (1): 54/63 kBProgress (1): 55/63 kBProgress (1): 56/63 kBProgress (1): 58/63 kBProgress (1): 59/63 kBProgress (1): 61/63 kBProgress (1): 62/63 kBProgress (1): 63/63 kBProgress (1): 63 kB                      Downloaded from repo.jenkins-ci.org: https://repo.jenkins-ci.org/public/org/jenkins-ci/plugins/ssh-credentials/343.v884f71d78167/ssh-credentials-343.v884f71d78167.jar (63 kB at 220 kB/s)
Progress (1): 16/478 kBProgress (1): 17/478 kBProgress (1): 33/478 kBProgress (1): 34/478 kBProgress (1): 51/478 kBProgress (1): 52/478 kBProgress (1): 68/478 kBProgress (1): 69/478 kBProgress (1): 85/478 kBProgress (1): 86/478 kBProgress (1): 103/478 kBProgress (1): 104/478 kBProgress (1): 116/478 kBProgress (1): 133/478 kBProgress (1): 134/478 kBProgress (1): 150/478 kBProgress (1): 151/478 kBProgress (1): 168/478 kBProgress (1): 169/478 kBProgress (1): 185/478 kBProgress (1): 186/478 kBProgress (1): 202/478 kBProgress (1): 203/478 kBProgress (1): 220/478 kBProgress (1): 221/478 kBProgress (1): 237/478 kBProgress (1): 238/478 kBProgress (1): 255/478 kBProgress (1): 256/478 kBProgress (1): 272/478 kBProgress (1): 273/478 kBProgress (1): 289/478 kBProgress (1): 290/478 kBProgress (1): 307/478 kBProgress (1): 308/478 kBProgress (1): 324/478 kBProgress (1): 325/478 kBProgress (1): 342/478 kBProgress (1): 343/478 kBProgress (1): 359/478 kBProgress (1): 360/478 kBProgress (1): 376/478 kBProgress (1): 377/478 kBProgress (1): 394/478 kBProgress (1): 395/478 kBProgress (1): 411/478 kBProgress (1): 412/478 kBProgress (1): 429/478 kBProgress (1): 430/478 kBProgress (1): 446/478 kBProgress (1): 447/478 kBProgress (1): 449/478 kBProgress (1): 466/478 kBProgress (1): 467/478 kBProgress (1): 467/478 kBProgress (1): 478 kB                        Downloaded from repo.jenkins-ci.org: https://repo.jenkins-ci.org/public/org/jenkins-ci/plugins/workflow/workflow-cps/3969.vdc9d3a_efcc6a_/workflow-cps-3969.vdc9d3a_efcc6a_-tests.jar (478 kB at 696 kB/s)
Progress (1): 16/312 kBProgress (1): 17/312 kBProgress (1): 33/312 kBProgress (1): 34/312 kBProgress (1): 51/312 kBProgress (1): 52/312 kBProgress (1): 68/312 kBProgress (1): 69/312 kBProgress (1): 85/312 kBProgress (1): 86/312 kBProgress (1): 103/312 kBProgress (1): 104/312 kBProgress (1): 120/312 kBProgress (1): 121/312 kBProgress (1): 138/312 kBProgress (1): 139/312 kBProgress (1): 155/312 kBProgress (1): 156/312 kBProgress (1): 172/312 kBProgress (1): 173/312 kBProgress (1): 190/312 kBProgress (1): 191/312 kBProgress (1): 207/312 kBProgress (1): 208/312 kBProgress (1): 225/312 kBProgress (1): 226/312 kBProgress (1): 242/312 kBProgress (1): 243/312 kBProgress (1): 260/312 kBProgress (1): 261/312 kBProgress (1): 277/312 kBProgress (1): 278/312 kBProgress (1): 294/312 kBProgress (1): 295/312 kBProgress (1): 312/312 kBProgress (1): 312 kB                        Downloaded from repo.jenkins-ci.org: https://repo.jenkins-ci.org/public/org/jenkins-ci/plugins/workflow/workflow-support/926.v9f4f9b_b_98c19/workflow-support-926.v9f4f9b_b_98c19-tests.jar (312 kB at 245 kB/s)
[INFO] 
[INFO] --- clean:3.4.1:clean (default-clean) @ credentials-binding ---
[INFO] 
[INFO] --- hpi:3.61:validate (default-validate) @ credentials-binding ---
[INFO] Created marker file /tmp/plugin-builds/credentials-binding/target/java-level/17
[INFO] 
[INFO] --- hpi:3.61:validate-hpi (default-validate-hpi) @ credentials-binding ---
[INFO] 
[INFO] --- enforcer:3.5.0:enforce (display-info) @ credentials-binding ---
[INFO] Rule 0: io.jenkins.tools.incrementals.enforcer.RequireExtensionVersion passed
[INFO] Rule 1: org.apache.maven.enforcer.rules.version.RequireMavenVersion passed
[INFO] Rule 2: org.apache.maven.enforcer.rules.version.RequireJavaVersion passed
[INFO] Rule 3: org.codehaus.mojo.extraenforcer.dependencies.EnforceBytecodeVersion passed
[INFO] Rule 4: org.apache.maven.enforcer.rules.dependency.BannedDependencies passed
[INFO] Rule 5: org.apache.maven.enforcer.rules.dependency.BannedDependencies passed
[INFO] Rule 6: org.apache.maven.enforcer.rules.dependency.RequireUpperBoundDeps passed
[INFO] 
[INFO] --- enforcer:3.5.0:enforce (no-snapshots-in-release) @ credentials-binding ---
[INFO] Rule 0: org.apache.maven.enforcer.rules.dependency.RequireReleaseDeps passed
[INFO] 
[INFO] --- localizer:1.31:generate (default) @ credentials-binding ---
[INFO] 
[INFO] --- resources:3.3.1:resources (default-resources) @ credentials-binding ---
[INFO] Copying 45 resources from src/main/resources to target/classes
[INFO] 
[INFO] --- flatten:1.7.0:flatten (flatten) @ credentials-binding ---
[INFO] Generating flattened POM of project org.jenkins-ci.plugins:credentials-binding:hpi:999999-SNAPSHOT...
[INFO] 
[INFO] --- compiler:3.14.0:compile (default-compile) @ credentials-binding ---
[INFO] Recompiling the module because of changed source code.
[INFO] Compiling 24 source files with javac [debug parameters release 17] to target/classes
[INFO] org.jenkinsci.plugins.credentialsbinding.impl.BindingStep.DescriptorImpl indexed under hudson.Extension
[INFO] org.jenkinsci.plugins.credentialsbinding.impl.CertificateMultiBinding.DescriptorImpl indexed under hudson.Extension
[INFO] org.jenkinsci.plugins.credentialsbinding.impl.FileBinding.DescriptorImpl indexed under hudson.Extension
[INFO] org.jenkinsci.plugins.credentialsbinding.impl.SSHUserPrivateKeyBinding.DescriptorImpl indexed under hudson.Extension
[INFO] org.jenkinsci.plugins.credentialsbinding.impl.SecretBuildWrapper.DescriptorImpl indexed under hudson.Extension
[INFO] org.jenkinsci.plugins.credentialsbinding.impl.StringBinding.DescriptorImpl indexed under hudson.Extension
[INFO] org.jenkinsci.plugins.credentialsbinding.impl.UsernamePasswordBinding.DescriptorImpl indexed under hudson.Extension
[INFO] org.jenkinsci.plugins.credentialsbinding.impl.UsernamePasswordMultiBinding.DescriptorImpl indexed under hudson.Extension
[INFO] org.jenkinsci.plugins.credentialsbinding.impl.ZipFileBinding.DescriptorImpl indexed under hudson.Extension
[INFO] org.jenkinsci.plugins.credentialsbinding.masking.AlmquistShellSecretPatternFactory indexed under hudson.Extension
[INFO] org.jenkinsci.plugins.credentialsbinding.masking.Base64SecretPatternFactory indexed under hudson.Extension
[INFO] org.jenkinsci.plugins.credentialsbinding.masking.BashSecretPatternFactory indexed under hudson.Extension
[INFO] org.jenkinsci.plugins.credentialsbinding.masking.BatchSecretPatternFactory indexed under hudson.Extension
[INFO] org.jenkinsci.plugins.credentialsbinding.masking.DollarSecretPatternFactory indexed under hudson.Extension
[INFO] org.jenkinsci.plugins.credentialsbinding.masking.LiteralSecretPatternFactory indexed under hudson.Extension
[INFO] /tmp/plugin-builds/credentials-binding/src/main/java/org/jenkinsci/plugins/credentialsbinding/impl/BindingStep.java:[76,34] Generating org/jenkinsci/plugins/credentialsbinding/impl/BindingStep.stapler
[INFO] /tmp/plugin-builds/credentials-binding/src/main/java/org/jenkinsci/plugins/credentialsbinding/impl/CertificateMultiBinding.java:[61,16] Generating org/jenkinsci/plugins/credentialsbinding/impl/CertificateMultiBinding.stapler
[INFO] /tmp/plugin-builds/credentials-binding/src/main/java/org/jenkinsci/plugins/credentialsbinding/impl/FileBinding.java:[44,34] Generating org/jenkinsci/plugins/credentialsbinding/impl/FileBinding.stapler
[INFO] /tmp/plugin-builds/credentials-binding/src/main/java/org/jenkinsci/plugins/credentialsbinding/impl/SSHUserPrivateKeyBinding.java:[57,34] Generating org/jenkinsci/plugins/credentialsbinding/impl/SSHUserPrivateKeyBinding.stapler
[INFO] /tmp/plugin-builds/credentials-binding/src/main/java/org/jenkinsci/plugins/credentialsbinding/impl/SecretBuildWrapper.java:[75,34] Generating org/jenkinsci/plugins/credentialsbinding/impl/SecretBuildWrapper.stapler
[INFO] /tmp/plugin-builds/credentials-binding/src/main/java/org/jenkinsci/plugins/credentialsbinding/impl/StringBinding.java:[45,34] Generating org/jenkinsci/plugins/credentialsbinding/impl/StringBinding.stapler
[INFO] /tmp/plugin-builds/credentials-binding/src/main/java/org/jenkinsci/plugins/credentialsbinding/impl/UsernamePasswordBinding.java:[45,34] Generating org/jenkinsci/plugins/credentialsbinding/impl/UsernamePasswordBinding.stapler
[INFO] /tmp/plugin-builds/credentials-binding/src/main/java/org/jenkinsci/plugins/credentialsbinding/impl/UsernamePasswordMultiBinding.java:[51,34] Generating org/jenkinsci/plugins/credentialsbinding/impl/UsernamePasswordMultiBinding.stapler
[INFO] /tmp/plugin-builds/credentials-binding/src/main/java/org/jenkinsci/plugins/credentialsbinding/impl/ZipFileBinding.java:[51,34] Generating org/jenkinsci/plugins/credentialsbinding/impl/ZipFileBinding.stapler
[INFO] /tmp/plugin-builds/credentials-binding/src/main/java/org/jenkinsci/plugins/credentialsbinding/impl/ZipFileBinding.java:[80,31] Generating org/jenkinsci/plugins/credentialsbinding/impl/ZipFileBinding/DescriptorImpl/doCheckCredentialsId.stapler
[WARNING] /tmp/plugin-builds/credentials-binding/src/main/java/org/jenkinsci/plugins/credentialsbinding/MultiBinding.java:[175,24] deprecated item is not annotated with @Deprecated
[INFO] /tmp/plugin-builds/credentials-binding/src/main/java/org/jenkinsci/plugins/credentialsbinding/BindingDescriptor.java: Some input files use or override a deprecated API.
[INFO] /tmp/plugin-builds/credentials-binding/src/main/java/org/jenkinsci/plugins/credentialsbinding/BindingDescriptor.java: Recompile with -Xlint:deprecation for details.
[INFO] 
[INFO] --- access-modifier-checker:1.34:enforce (default-enforce) @ credentials-binding ---
[INFO] Skipping access modifier checks
[INFO] 
[INFO] --- hpi:3.61:insert-test (default-insert-test) @ credentials-binding ---
[INFO] 
[INFO] --- antrun:3.1.0:run (createTempDir) @ credentials-binding ---
[INFO] Executing tasks
[INFO]     [mkdir] Created dir: /tmp/plugin-builds/credentials-binding/target/tmp
[INFO] Executed tasks
[INFO] 
[INFO] --- resources:3.3.1:testResources (default-testResources) @ credentials-binding ---
[INFO] Copying 7 resources from src/test/resources to target/test-classes
[INFO] 
[INFO] --- compiler:3.14.0:testCompile (default-testCompile) @ credentials-binding ---
[INFO] Recompiling the module because of changed dependency.
[INFO] Compiling 21 source files with javac [debug parameters release 17] to target/test-classes
[INFO] org.jenkinsci.plugins.credentialsbinding.impl.BindingStepTest.ZipStep.DescriptorImpl indexed under org.jvnet.hudson.test.TestExtension
[INFO] org.jenkinsci.plugins.credentialsbinding.impl.BuildWrapperOrderCredentialsBindingTest.BuildWrapperOrder.BuildWrapperOrderDescriptor indexed under org.jvnet.hudson.test.TestExtension
[INFO] org.jenkinsci.plugins.credentialsbinding.masking.SecretPatternsTest.BadMasker.Factory indexed under org.jvnet.hudson.test.TestExtension
[INFO] /tmp/plugin-builds/credentials-binding/src/test/java/org/jenkinsci/plugins/credentialsbinding/impl/BindingStepTest.java:[114,38] Generating org/jenkinsci/plugins/credentialsbinding/impl/BindingStepTest/ZipStep.stapler
[INFO] /tmp/plugin-builds/credentials-binding/src/test/java/org/jenkinsci/plugins/credentialsbinding/impl/BindingStepTest.java: Some input files use or override a deprecated API.
[INFO] /tmp/plugin-builds/credentials-binding/src/test/java/org/jenkinsci/plugins/credentialsbinding/impl/BindingStepTest.java: Recompile with -Xlint:deprecation for details.
[INFO] /tmp/plugin-builds/credentials-binding/src/test/java/org/jenkinsci/plugins/credentialsbinding/impl/SecretBuildWrapperTest.java: Some input files use unchecked or unsafe operations.
[INFO] /tmp/plugin-builds/credentials-binding/src/test/java/org/jenkinsci/plugins/credentialsbinding/impl/SecretBuildWrapperTest.java: Recompile with -Xlint:unchecked for details.
[INFO] 
[INFO] --- hpi:3.61:test-hpl (default-test-hpl) @ credentials-binding ---
[INFO] Generating /tmp/plugin-builds/credentials-binding/target/test-classes/the.hpl
[INFO] 
[INFO] --- hpi:3.61:resolve-test-dependencies (default-resolve-test-dependencies) @ credentials-binding ---
Downloading from repo.jenkins-ci.org: https://repo.jenkins-ci.org/public/org/jenkins-ci/plugins/credentials/1384.vf0a_2ed06f9c6/credentials-1384.vf0a_2ed06f9c6.hpi
Progress (1): 16/633 kBProgress (1): 17/633 kBProgress (1): 33/633 kBProgress (1): 34/633 kBProgress (1): 51/633 kBProgress (1): 52/633 kBProgress (1): 68/633 kBProgress (1): 69/633 kBProgress (1): 85/633 kBProgress (1): 86/633 kBProgress (1): 103/633 kBProgress (1): 104/633 kBProgress (1): 120/633 kBProgress (1): 121/633 kBProgress (1): 138/633 kBProgress (1): 139/633 kBProgress (1): 155/633 kBProgress (1): 156/633 kBProgress (1): 172/633 kBProgress (1): 173/633 kBProgress (1): 190/633 kBProgress (1): 191/633 kBProgress (1): 207/633 kBProgress (1): 208/633 kBProgress (1): 225/633 kBProgress (1): 226/633 kBProgress (1): 242/633 kBProgress (1): 243/633 kBProgress (1): 260/633 kBProgress (1): 261/633 kBProgress (1): 277/633 kBProgress (1): 278/633 kBProgress (1): 294/633 kBProgress (1): 295/633 kBProgress (1): 312/633 kBProgress (1): 313/633 kBProgress (1): 329/633 kBProgress (1): 330/633 kBProgress (1): 347/633 kBProgress (1): 348/633 kBProgress (1): 364/633 kBProgress (1): 365/633 kBProgress (1): 381/633 kBProgress (1): 382/633 kBProgress (1): 399/633 kBProgress (1): 400/633 kBProgress (1): 416/633 kBProgress (1): 417/633 kBProgress (1): 434/633 kBProgress (1): 435/633 kBProgress (1): 451/633 kBProgress (1): 452/633 kBProgress (1): 468/633 kBProgress (1): 469/633 kBProgress (1): 486/633 kBProgress (1): 487/633 kBProgress (1): 503/633 kBProgress (1): 504/633 kBProgress (1): 521/633 kBProgress (1): 522/633 kBProgress (1): 538/633 kBProgress (1): 539/633 kBProgress (1): 555/633 kBProgress (1): 556/633 kBProgress (1): 573/633 kBProgress (1): 574/633 kBProgress (1): 590/633 kBProgress (1): 591/633 kBProgress (1): 608/633 kBProgress (1): 609/633 kBProgress (1): 625/633 kBProgress (1): 626/633 kBProgress (1): 633 kB                        Downloaded from repo.jenkins-ci.org: https://repo.jenkins-ci.org/public/org/jenkins-ci/plugins/credentials/1384.vf0a_2ed06f9c6/credentials-1384.vf0a_2ed06f9c6.hpi (633 kB at 599 kB/s)
Downloading from repo.jenkins-ci.org: https://repo.jenkins-ci.org/public/org/jenkins-ci/plugins/ssh-credentials/343.v884f71d78167/ssh-credentials-343.v884f71d78167.hpi
Progress (1): 0.4/56 kBProgress (1): 1.8/56 kBProgress (1): 3.2/56 kBProgress (1): 4.6/56 kBProgress (1): 6.0/56 kBProgress (1): 7.4/56 kBProgress (1): 8.8/56 kBProgress (1): 10/56 kB Progress (1): 12/56 kBProgress (1): 13/56 kBProgress (1): 14/56 kBProgress (1): 16/56 kBProgress (1): 16/56 kBProgress (1): 17/56 kBProgress (1): 19/56 kBProgress (1): 20/56 kBProgress (1): 22/56 kBProgress (1): 23/56 kBProgress (1): 24/56 kBProgress (1): 26/56 kBProgress (1): 27/56 kBProgress (1): 29/56 kBProgress (1): 30/56 kBProgress (1): 31/56 kBProgress (1): 33/56 kBProgress (1): 34/56 kBProgress (1): 36/56 kBProgress (1): 37/56 kBProgress (1): 38/56 kBProgress (1): 40/56 kBProgress (1): 41/56 kBProgress (1): 43/56 kBProgress (1): 44/56 kBProgress (1): 45/56 kBProgress (1): 47/56 kBProgress (1): 48/56 kBProgress (1): 50/56 kBProgress (1): 51/56 kBProgress (1): 52/56 kBProgress (1): 54/56 kBProgress (1): 55/56 kBProgress (1): 56 kB                      Downloaded from repo.jenkins-ci.org: https://repo.jenkins-ci.org/public/org/jenkins-ci/plugins/ssh-credentials/343.v884f71d78167/ssh-credentials-343.v884f71d78167.hpi (56 kB at 200 kB/s)
[INFO] 
[INFO] --- hpi:3.61:test-runtime (default-test-runtime) @ credentials-binding ---
[INFO] Tests are skipped.
[INFO] 
[INFO] --- surefire:3.5.2:test (default-test) @ credentials-binding ---
[INFO] Tests are skipped.
[INFO] 
[INFO] --- license:165.v7e11f4e4a_325:process (default) @ credentials-binding ---
[INFO] ------------------------------------------------------------------------
[INFO] BUILD FAILURE
[INFO] ------------------------------------------------------------------------
[INFO] Total time:  17.317 s
[INFO] Finished at: 2025-06-21T18:01:48+02:00
[INFO] ------------------------------------------------------------------------
---------------------------------------------------
constituent[0]: file:/home/poddingue/.sdkman/candidates/maven/current/conf/logging/
constituent[1]: file:/home/poddingue/.sdkman/candidates/maven/current/lib/plexus-cipher-2.0.jar
constituent[2]: file:/home/poddingue/.sdkman/candidates/maven/current/lib/maven-shared-utils-3.4.2.jar
constituent[3]: file:/home/poddingue/.sdkman/candidates/maven/current/lib/wagon-provider-api-3.5.3.jar
constituent[4]: file:/home/poddingue/.sdkman/candidates/maven/current/lib/guice-5.1.0.jar
constituent[5]: file:/home/poddingue/.sdkman/candidates/maven/current/lib/httpclient-4.5.14.jar
constituent[6]: file:/home/poddingue/.sdkman/candidates/maven/current/lib/slf4j-api-1.7.36.jar
constituent[7]: file:/home/poddingue/.sdkman/candidates/maven/current/lib/commons-codec-1.17.1.jar
constituent[8]: file:/home/poddingue/.sdkman/candidates/maven/current/lib/maven-resolver-impl-1.9.22.jar
constituent[9]: file:/home/poddingue/.sdkman/candidates/maven/current/lib/maven-resolver-named-locks-1.9.22.jar
constituent[10]: file:/home/poddingue/.sdkman/candidates/maven/current/lib/maven-resolver-util-1.9.22.jar
constituent[11]: file:/home/poddingue/.sdkman/candidates/maven/current/lib/maven-resolver-transport-http-1.9.22.jar
constituent[12]: file:/home/poddingue/.sdkman/candidates/maven/current/lib/plexus-sec-dispatcher-2.0.jar
constituent[13]: file:/home/poddingue/.sdkman/candidates/maven/current/lib/maven-resolver-api-1.9.22.jar
constituent[14]: file:/home/poddingue/.sdkman/candidates/maven/current/lib/guava-33.2.1-jre.jar
constituent[15]: file:/home/poddingue/.sdkman/candidates/maven/current/lib/maven-settings-3.9.9.jar
constituent[16]: file:/home/poddingue/.sdkman/candidates/maven/current/lib/maven-resolver-transport-file-1.9.22.jar
constituent[17]: file:/home/poddingue/.sdkman/candidates/maven/current/lib/wagon-http-shared-3.5.3.jar
constituent[18]: file:/home/poddingue/.sdkman/candidates/maven/current/lib/maven-resolver-transport-wagon-1.9.22.jar
constituent[19]: file:/home/poddingue/.sdkman/candidates/maven/current/lib/plexus-interpolation-1.27.jar
constituent[20]: file:/home/poddingue/.sdkman/candidates/maven/current/lib/maven-model-3.9.9.jar
constituent[21]: file:/home/poddingue/.sdkman/candidates/maven/current/lib/maven-settings-builder-3.9.9.jar
constituent[22]: file:/home/poddingue/.sdkman/candidates/maven/current/lib/jansi-2.4.1.jar
constituent[23]: file:/home/poddingue/.sdkman/candidates/maven/current/lib/commons-cli-1.8.0.jar
constituent[24]: file:/home/poddingue/.sdkman/candidates/maven/current/lib/httpcore-4.4.16.jar
constituent[25]: file:/home/poddingue/.sdkman/candidates/maven/current/lib/maven-builder-support-3.9.9.jar
constituent[26]: file:/home/poddingue/.sdkman/candidates/maven/current/lib/maven-embedder-3.9.9.jar
constituent[27]: file:/home/poddingue/.sdkman/candidates/maven/current/lib/maven-artifact-3.9.9.jar
constituent[28]: file:/home/poddingue/.sdkman/candidates/maven/current/lib/maven-compat-3.9.9.jar
constituent[29]: file:/home/poddingue/.sdkman/candidates/maven/current/lib/wagon-http-3.5.3.jar
constituent[30]: file:/home/poddingue/.sdkman/candidates/maven/current/lib/maven-model-builder-3.9.9.jar
constituent[31]: file:/home/poddingue/.sdkman/candidates/maven/current/lib/aopalliance-1.0.jar
constituent[32]: file:/home/poddingue/.sdkman/candidates/maven/current/lib/maven-slf4j-provider-3.9.9.jar
constituent[33]: file:/home/poddingue/.sdkman/candidates/maven/current/lib/maven-resolver-connector-basic-1.9.22.jar
constituent[34]: file:/home/poddingue/.sdkman/candidates/maven/current/lib/maven-plugin-api-3.9.9.jar
constituent[35]: file:/home/poddingue/.sdkman/candidates/maven/current/lib/javax.annotation-api-1.3.2.jar
constituent[36]: file:/home/poddingue/.sdkman/candidates/maven/current/lib/org.eclipse.sisu.inject-0.9.0.M3.jar
constituent[37]: file:/home/poddingue/.sdkman/candidates/maven/current/lib/jcl-over-slf4j-1.7.36.jar
constituent[38]: file:/home/poddingue/.sdkman/candidates/maven/current/lib/plexus-xml-3.0.1.jar
constituent[39]: file:/home/poddingue/.sdkman/candidates/maven/current/lib/plexus-utils-3.5.1.jar
constituent[40]: file:/home/poddingue/.sdkman/candidates/maven/current/lib/maven-resolver-provider-3.9.9.jar
constituent[41]: file:/home/poddingue/.sdkman/candidates/maven/current/lib/org.eclipse.sisu.plexus-0.9.0.M3.jar
constituent[42]: file:/home/poddingue/.sdkman/candidates/maven/current/lib/maven-resolver-spi-1.9.22.jar
constituent[43]: file:/home/poddingue/.sdkman/candidates/maven/current/lib/javax.inject-1.jar
constituent[44]: file:/home/poddingue/.sdkman/candidates/maven/current/lib/maven-core-3.9.9.jar
constituent[45]: file:/home/poddingue/.sdkman/candidates/maven/current/lib/wagon-file-3.5.3.jar
constituent[46]: file:/home/poddingue/.sdkman/candidates/maven/current/lib/plexus-component-annotations-2.1.0.jar
constituent[47]: file:/home/poddingue/.sdkman/candidates/maven/current/lib/failureaccess-1.0.2.jar
constituent[48]: file:/home/poddingue/.sdkman/candidates/maven/current/lib/maven-repository-metadata-3.9.9.jar
---------------------------------------------------
Exception in thread "main" BUG! exception in phase 'semantic analysis' in source unit 'inlineScript' Unsupported class file major version 69
	at org.codehaus.groovy.control.CompilationUnit$ISourceUnitOperation.doPhaseOperation(CompilationUnit.java:901)
	at org.codehaus.groovy.control.CompilationUnit.processPhaseOperations(CompilationUnit.java:692)
	at org.codehaus.groovy.control.CompilationUnit.compile(CompilationUnit.java:666)
	at groovy.lang.GroovyClassLoader.doParseClass(GroovyClassLoader.java:365)
	at groovy.lang.GroovyClassLoader.lambda$parseClass$2(GroovyClassLoader.java:314)
	at org.codehaus.groovy.runtime.memoize.StampedCommonCache.compute(StampedCommonCache.java:163)
	at org.codehaus.groovy.runtime.memoize.StampedCommonCache.getAndPut(StampedCommonCache.java:154)
	at groovy.lang.GroovyClassLoader.parseClass(GroovyClassLoader.java:314)
	at groovy.lang.GroovyShell.parseClass(GroovyShell.java:572)
	at groovy.lang.GroovyShell.parse(GroovyShell.java:585)
	at groovy.lang.GroovyShell.parse(GroovyShell.java:639)
	at groovy.lang.GroovyShell.parse(GroovyShell.java:643)
	at com.cloudbees.maven.license.ProcessMojo.execute(ProcessMojo.java:154)
	at org.apache.maven.plugin.DefaultBuildPluginManager.executeMojo(DefaultBuildPluginManager.java:126)
	at org.apache.maven.lifecycle.internal.MojoExecutor.doExecute2(MojoExecutor.java:328)
	at org.apache.maven.lifecycle.internal.MojoExecutor.doExecute(MojoExecutor.java:316)
	at org.apache.maven.lifecycle.internal.MojoExecutor.execute(MojoExecutor.java:212)
	at org.apache.maven.lifecycle.internal.MojoExecutor.execute(MojoExecutor.java:174)
	at org.apache.maven.lifecycle.internal.MojoExecutor.access$000(MojoExecutor.java:75)
	at org.apache.maven.lifecycle.internal.MojoExecutor$1.run(MojoExecutor.java:162)
	at org.apache.maven.plugin.DefaultMojosExecutionStrategy.execute(DefaultMojosExecutionStrategy.java:39)
	at org.apache.maven.lifecycle.internal.MojoExecutor.execute(MojoExecutor.java:159)
	at org.apache.maven.lifecycle.internal.LifecycleModuleBuilder.buildProject(LifecycleModuleBuilder.java:105)
	at org.apache.maven.lifecycle.internal.LifecycleModuleBuilder.buildProject(LifecycleModuleBuilder.java:73)
	at org.apache.maven.lifecycle.internal.builder.singlethreaded.SingleThreadedBuilder.build(SingleThreadedBuilder.java:53)
	at org.apache.maven.lifecycle.internal.LifecycleStarter.execute(LifecycleStarter.java:118)
	at org.apache.maven.DefaultMaven.doExecute(DefaultMaven.java:261)
	at org.apache.maven.DefaultMaven.doExecute(DefaultMaven.java:173)
	at org.apache.maven.DefaultMaven.execute(DefaultMaven.java:101)
	at org.apache.maven.cli.MavenCli.execute(MavenCli.java:906)
	at org.apache.maven.cli.MavenCli.doMain(MavenCli.java:283)
	at org.apache.maven.cli.MavenCli.main(MavenCli.java:206)
	at java.base/jdk.internal.reflect.DirectMethodHandleAccessor.invoke(DirectMethodHandleAccessor.java:104)
	at java.base/java.lang.reflect.Method.invoke(Method.java:565)
	at org.codehaus.plexus.classworlds.launcher.Launcher.launchEnhanced(Launcher.java:255)
	at org.codehaus.plexus.classworlds.launcher.Launcher.launch(Launcher.java:201)
	at org.codehaus.plexus.classworlds.launcher.Launcher.mainWithExitCode(Launcher.java:361)
	at org.codehaus.plexus.classworlds.launcher.Launcher.main(Launcher.java:314)
Caused by: java.lang.IllegalArgumentException: Unsupported class file major version 69
	at groovyjarjarasm.asm.ClassReader.<init>(ClassReader.java:200)
	at groovyjarjarasm.asm.ClassReader.<init>(ClassReader.java:180)
	at groovyjarjarasm.asm.ClassReader.<init>(ClassReader.java:166)
	at groovyjarjarasm.asm.ClassReader.<init>(ClassReader.java:288)
	at org.codehaus.groovy.ast.decompiled.AsmDecompiler.parseClass(AsmDecompiler.java:83)
	at org.codehaus.groovy.control.ClassNodeResolver.findDecompiled(ClassNodeResolver.java:255)
	at org.codehaus.groovy.control.ClassNodeResolver.tryAsLoaderClassOrScript(ClassNodeResolver.java:193)
	at org.codehaus.groovy.control.ClassNodeResolver.findClassNode(ClassNodeResolver.java:175)
	at org.codehaus.groovy.control.ClassNodeResolver.resolveName(ClassNodeResolver.java:129)
	at org.codehaus.groovy.control.ResolveVisitor.resolveToOuter(ResolveVisitor.java:782)
	at org.codehaus.groovy.control.ResolveVisitor.resolve(ResolveVisitor.java:423)
	at org.codehaus.groovy.control.ResolveVisitor.resolveFromDefaultImports(ResolveVisitor.java:577)
	at org.codehaus.groovy.control.ResolveVisitor.resolveFromDefaultImports(ResolveVisitor.java:541)
	at org.codehaus.groovy.control.ResolveVisitor.resolve(ResolveVisitor.java:422)
	at org.codehaus.groovy.control.ResolveVisitor.resolve(ResolveVisitor.java:384)
	at org.codehaus.groovy.control.ResolveVisitor.resolveOrFail(ResolveVisitor.java:352)
	at org.codehaus.groovy.control.ResolveVisitor.resolveOrFail(ResolveVisitor.java:341)
	at org.codehaus.groovy.control.ResolveVisitor.resolveOrFail(ResolveVisitor.java:337)
	at org.codehaus.groovy.control.ResolveVisitor.transform(ResolveVisitor.java:817)
	at org.codehaus.groovy.control.ResolveVisitor.transformDeclarationExpression(ResolveVisitor.java:1173)
	at org.codehaus.groovy.control.ResolveVisitor.transform(ResolveVisitor.java:805)
	at org.codehaus.groovy.ast.ClassCodeExpressionTransformer.visitExpressionStatement(ClassCodeExpressionTransformer.java:129)
	at org.codehaus.groovy.ast.stmt.ExpressionStatement.visit(ExpressionStatement.java:41)
	at org.codehaus.groovy.ast.CodeVisitorSupport.visitBlockStatement(CodeVisitorSupport.java:86)
	at org.codehaus.groovy.ast.ClassCodeVisitorSupport.visitBlockStatement(ClassCodeVisitorSupport.java:168)
	at org.codehaus.groovy.control.ResolveVisitor.visitBlockStatement(ResolveVisitor.java:1386)
	at org.codehaus.groovy.ast.stmt.BlockStatement.visit(BlockStatement.java:72)
	at org.codehaus.groovy.control.ResolveVisitor.transformClosureExpression(ResolveVisitor.java:1125)
	at org.codehaus.groovy.control.ResolveVisitor.transform(ResolveVisitor.java:811)
	at org.codehaus.groovy.ast.expr.Expression.transformExpressions(Expression.java:49)
	at org.codehaus.groovy.ast.expr.ArgumentListExpression.transformExpression(ArgumentListExpression.java:67)
	at org.codehaus.groovy.control.ResolveVisitor.transform(ResolveVisitor.java:818)
	at org.codehaus.groovy.control.ResolveVisitor.transformMethodCallExpression(ResolveVisitor.java:1147)
	at org.codehaus.groovy.control.ResolveVisitor.transform(ResolveVisitor.java:809)
	at org.codehaus.groovy.ast.ClassCodeExpressionTransformer.visitExpressionStatement(ClassCodeExpressionTransformer.java:129)
	at org.codehaus.groovy.ast.stmt.ExpressionStatement.visit(ExpressionStatement.java:41)
	at org.codehaus.groovy.ast.CodeVisitorSupport.visitBlockStatement(CodeVisitorSupport.java:86)
	at org.codehaus.groovy.ast.ClassCodeVisitorSupport.visitBlockStatement(ClassCodeVisitorSupport.java:168)
	at org.codehaus.groovy.control.ResolveVisitor.visitBlockStatement(ResolveVisitor.java:1386)
	at org.codehaus.groovy.ast.stmt.BlockStatement.visit(BlockStatement.java:72)
	at org.codehaus.groovy.ast.ClassCodeVisitorSupport.visitClassCodeContainer(ClassCodeVisitorSupport.java:142)
	at org.codehaus.groovy.ast.ClassCodeVisitorSupport.visitConstructorOrMethod(ClassCodeVisitorSupport.java:115)
	at org.codehaus.groovy.ast.ClassCodeExpressionTransformer.visitConstructorOrMethod(ClassCodeExpressionTransformer.java:87)
	at org.codehaus.groovy.control.ResolveVisitor.visitConstructorOrMethod(ResolveVisitor.java:329)
	at org.codehaus.groovy.ast.ClassCodeVisitorSupport.visitMethod(ClassCodeVisitorSupport.java:110)
	at org.codehaus.groovy.ast.ClassNode.visitMethods(ClassNode.java:1132)
	at org.codehaus.groovy.ast.ClassNode.visitContents(ClassNode.java:1125)
	at org.codehaus.groovy.control.ResolveVisitor.visitClass(ResolveVisitor.java:1315)
	at org.codehaus.groovy.control.ResolveVisitor.startResolving(ResolveVisitor.java:258)
	at org.codehaus.groovy.control.CompilationUnit.lambda$addPhaseOperations$4(CompilationUnit.java:218)
	at org.codehaus.groovy.control.CompilationUnit$ISourceUnitOperation.doPhaseOperation(CompilationUnit.java:897)
	... 37 more
