WARNING: A terminally deprecated method in sun.misc.Unsafe has been called
WARNING: sun.misc.Unsafe::staticFieldBase has been called by com.google.inject.internal.aop.HiddenClassDefiner (file:/home/poddingue/.sdkman/candidates/maven/current/lib/guice-5.1.0-classes.jar)
WARNING: Please consider reporting this to the maintainers of class com.google.inject.internal.aop.HiddenClassDefiner
WARNING: sun.misc.Unsafe::staticFieldBase will be removed in a future release
[INFO] Scanning for projects...
[INFO] 
[INFO] Using the MultiThreadedBuilder implementation with a thread count of 4
[INFO] 
[INFO] ---------------< org.jenkins-ci.plugins:display-url-api >---------------
[INFO] Building Display URL API 2.999999-SNAPSHOT
[INFO]   from pom.xml
[INFO] --------------------------------[ hpi ]---------------------------------
[INFO] 
[INFO] --- clean:3.5.0:clean (default-clean) @ display-url-api ---
[INFO] 
[INFO] --- hpi:3.66:validate (default-validate) @ display-url-api ---
[INFO] Created marker file /tmp/plugin-builds/display-url-api/target/java-level/17
[INFO] 
[INFO] --- hpi:3.66:validate-hpi (default-validate-hpi) @ display-url-api ---
[INFO] 
[INFO] --- enforcer:3.5.0:enforce (display-info) @ display-url-api ---
[INFO] Rule 0: io.jenkins.tools.incrementals.enforcer.RequireExtensionVersion passed
[INFO] Rule 1: org.apache.maven.enforcer.rules.version.RequireMavenVersion passed
[INFO] Rule 2: org.apache.maven.enforcer.rules.version.RequireJavaVersion passed
[INFO] Rule 3: org.codehaus.mojo.extraenforcer.dependencies.EnforceBytecodeVersion passed
[INFO] Rule 4: org.apache.maven.enforcer.rules.dependency.BannedDependencies passed
[INFO] Rule 5: org.apache.maven.enforcer.rules.dependency.BannedDependencies passed
[INFO] Rule 6: org.apache.maven.enforcer.rules.dependency.RequireUpperBoundDeps passed
[INFO] 
[INFO] --- enforcer:3.5.0:enforce (no-snapshots-in-release) @ display-url-api ---
[INFO] Rule 0: org.apache.maven.enforcer.rules.dependency.RequireReleaseDeps passed
[INFO] 
[INFO] --- localizer:1.31:generate (default) @ display-url-api ---
[INFO] 
[INFO] --- resources:3.3.1:resources (default-resources) @ display-url-api ---
[INFO] Copying 8 resources from src/main/resources to target/classes
[INFO] 
[INFO] --- flatten:1.7.1:flatten (flatten) @ display-url-api ---
[INFO] Generating flattened POM of project org.jenkins-ci.plugins:display-url-api:hpi:2.999999-SNAPSHOT...
[INFO] 
[INFO] --- compiler:3.14.0:compile (default-compile) @ display-url-api ---
[INFO] Recompiling the module because of changed source code.
[INFO] Compiling 12 source files with javac [debug parameters release 17] to target/classes
[INFO] org.jenkinsci.plugins.displayurlapi.ClassicDisplayURLProvider indexed under hudson.Extension
[INFO] org.jenkinsci.plugins.displayurlapi.DefaultDisplayURLProviderGlobalConfiguration indexed under hudson.Extension
[INFO] org.jenkinsci.plugins.displayurlapi.EnvironmentContributorImpl indexed under hudson.Extension
[INFO] org.jenkinsci.plugins.displayurlapi.actions.JobDisplayAction.TransientActionFactoryImpl indexed under hudson.Extension
[INFO] org.jenkinsci.plugins.displayurlapi.actions.RunDisplayAction.TransientActionFactoryImpl indexed under hudson.Extension
[INFO] org.jenkinsci.plugins.displayurlapi.user.PreferredProviderUserProperty.DESCRIPTOR indexed under hudson.Extension
[INFO] /tmp/plugin-builds/display-url-api/src/main/java/org/jenkinsci/plugins/displayurlapi/user/PreferredProviderUserProperty.java:[26,12] Generating org/jenkinsci/plugins/displayurlapi/user/PreferredProviderUserProperty.stapler
[INFO] /tmp/plugin-builds/display-url-api/src/main/java/org/jenkinsci/plugins/displayurlapi/actions/RunDisplayAction.java:[18,8] Generating org/jenkinsci/plugins/displayurlapi/actions/RunDisplayAction.javadoc
[INFO] /tmp/plugin-builds/display-url-api/src/main/java/org/jenkinsci/plugins/displayurlapi/actions/JobDisplayAction.java:[16,8] Generating org/jenkinsci/plugins/displayurlapi/actions/JobDisplayAction.javadoc
[INFO] /tmp/plugin-builds/display-url-api/src/main/java/org/jenkinsci/plugins/displayurlapi/actions/RunDisplayAction.java: /tmp/plugin-builds/display-url-api/src/main/java/org/jenkinsci/plugins/displayurlapi/actions/RunDisplayAction.java uses unchecked or unsafe operations.
[INFO] /tmp/plugin-builds/display-url-api/src/main/java/org/jenkinsci/plugins/displayurlapi/actions/RunDisplayAction.java: Recompile with -Xlint:unchecked for details.
[INFO] 
[INFO] --- access-modifier-checker:1.35:enforce (default-enforce) @ display-url-api ---
[INFO] 
[INFO] --- bridge-method-injector:1.31:process (default) @ display-url-api ---
[INFO] 
[INFO] --- hpi:3.66:insert-test (default-insert-test) @ display-url-api ---
[INFO] 
[INFO] --- antrun:3.1.0:run (createTempDir) @ display-url-api ---
[INFO] Executing tasks
[INFO]     [mkdir] Created dir: /tmp/plugin-builds/display-url-api/target/tmp
[INFO] Executed tasks
[INFO] 
[INFO] --- resources:3.3.1:testResources (default-testResources) @ display-url-api ---
[INFO] Not copying test resources
[INFO] 
[INFO] --- compiler:3.14.0:testCompile (default-testCompile) @ display-url-api ---
[INFO] Not compiling test sources
[INFO] 
[INFO] --- hpi:3.66:test-hpl (default-test-hpl) @ display-url-api ---
[INFO] Generating /tmp/plugin-builds/display-url-api/target/test-classes/the.hpl
[INFO] 
[INFO] --- hpi:3.66:resolve-test-dependencies (default-resolve-test-dependencies) @ display-url-api ---
[INFO] 
[INFO] --- hpi:3.66:test-runtime (default-test-runtime) @ display-url-api ---
[INFO] Tests are skipped.
[INFO] 
[INFO] --- surefire:3.5.3:test (default-test) @ display-url-api ---
[INFO] Tests are skipped.
[INFO] 
[INFO] --- license:165.v7e11f4e4a_325:process (default) @ display-url-api ---
[INFO] ------------------------------------------------------------------------
[INFO] BUILD FAILURE
[INFO] ------------------------------------------------------------------------
[INFO] Total time:  25.976 s (Wall Clock)
[INFO] Finished at: 2025-08-22T17:50:23+02:00
[INFO] ------------------------------------------------------------------------
[ERROR] BUG! exception in phase 'semantic analysis' in source unit 'inlineScript' Unsupported class file major version 69 -> [Help 1]
[ERROR] BUG! exception in phase 'semantic analysis' in source unit 'inlineScript' Unsupported class file major version 69
[ERROR] 
[ERROR] To see the full stack trace of the errors, re-run Maven with the -e switch.
[ERROR] Re-run Maven using the -X switch to enable full debug logging.
[ERROR] 
[ERROR] For more information about the errors and possible solutions, please read the following articles:
[ERROR] [Help 1] http://cwiki.apache.org/confluence/display/MAVEN/GroovyBugError
