WARNING: A restricted method in java.lang.System has been called
WARNING: java.lang.System::load has been called by org.fusesource.jansi.internal.JansiLoader in an unnamed module (file:/home/poddingue/.sdkman/candidates/maven/current/lib/jansi-2.4.1.jar)
WARNING: Use --enable-native-access=ALL-UNNAMED to avoid a warning for callers in this module
WARNING: Restricted methods will be blocked in a future release unless native access is enabled

WARNING: A terminally deprecated method in sun.misc.Unsafe has been called
WARNING: sun.misc.Unsafe::objectFieldOffset has been called by com.google.common.util.concurrent.AbstractFuture$UnsafeAtomicHelper (file:/home/poddingue/.sdkman/candidates/maven/current/lib/guava-33.2.1-jre.jar)
WARNING: Please consider reporting this to the maintainers of class com.google.common.util.concurrent.AbstractFuture$UnsafeAtomicHelper
WARNING: sun.misc.Unsafe::objectFieldOffset will be removed in a future release
[INFO] Scanning for projects...
[INFO] 
[INFO] ---------------< org.jenkins-ci.plugins:docker-commons >----------------
[INFO] Building Docker Commons Plugin 999999-SNAPSHOT
[INFO]   from pom.xml
[INFO] --------------------------------[ hpi ]---------------------------------
Downloading from repo.jenkins-ci.org: https://repo.jenkins-ci.org/public/org/jenkins-ci/plugins/authentication-tokens/1.119.v50285141b_7e1/authentication-tokens-1.119.v50285141b_7e1.pom
Progress (1): 0.4/3.3 kBProgress (1): 1.8/3.3 kBProgress (1): 3.2/3.3 kBProgress (1): 3.3 kB                        Downloaded from repo.jenkins-ci.org: https://repo.jenkins-ci.org/public/org/jenkins-ci/plugins/authentication-tokens/1.119.v50285141b_7e1/authentication-tokens-1.119.v50285141b_7e1.pom (3.3 kB at 5.3 kB/s)
Downloading from repo.jenkins-ci.org: https://repo.jenkins-ci.org/public/org/jenkins-ci/plugins/workflow/workflow-cps/4009.v0089238351a_9/workflow-cps-4009.v0089238351a_9.pom
Progress (1): 0.4/6.1 kBProgress (1): 1.8/6.1 kBProgress (1): 3.2/6.1 kBProgress (1): 4.6/6.1 kBProgress (1): 6.0/6.1 kBProgress (1): 6.1 kB                        Downloaded from repo.jenkins-ci.org: https://repo.jenkins-ci.org/public/org/jenkins-ci/plugins/workflow/workflow-cps/4009.v0089238351a_9/workflow-cps-4009.v0089238351a_9.pom (6.1 kB at 60 kB/s)
Downloading from repo.jenkins-ci.org: https://repo.jenkins-ci.org/public/com/cloudbees/groovy-cps/4009.v0089238351a_9/groovy-cps-4009.v0089238351a_9.pom
Progress (1): 0.4/3.7 kBProgress (1): 1.8/3.7 kBProgress (1): 3.2/3.7 kBProgress (1): 3.7 kB                        Downloaded from repo.jenkins-ci.org: https://repo.jenkins-ci.org/public/com/cloudbees/groovy-cps/4009.v0089238351a_9/groovy-cps-4009.v0089238351a_9.pom (3.7 kB at 37 kB/s)
Downloading from repo.jenkins-ci.org: https://repo.jenkins-ci.org/public/org/jenkins-ci/plugins/workflow/workflow-job/1496.v5b_18defc07f2/workflow-job-1496.v5b_18defc07f2.pom
Progress (1): 0.4/3.7 kBProgress (1): 1.8/3.7 kBProgress (1): 3.2/3.7 kBProgress (1): 3.7 kB                        Downloaded from repo.jenkins-ci.org: https://repo.jenkins-ci.org/public/org/jenkins-ci/plugins/workflow/workflow-job/1496.v5b_18defc07f2/workflow-job-1496.v5b_18defc07f2.pom (3.7 kB at 37 kB/s)
Downloading from repo.jenkins-ci.org: https://repo.jenkins-ci.org/public/org/jenkins-ci/plugins/workflow/workflow-durable-task-step/1400.v7a_fd50a_091de/workflow-durable-task-step-1400.v7a_fd50a_091de.pom
Progress (1): 0.4/4.5 kBProgress (1): 1.8/4.5 kBProgress (1): 3.2/4.5 kBProgress (1): 4.5 kB                        Downloaded from repo.jenkins-ci.org: https://repo.jenkins-ci.org/public/org/jenkins-ci/plugins/workflow/workflow-durable-task-step/1400.v7a_fd50a_091de/workflow-durable-task-step-1400.v7a_fd50a_091de.pom (4.5 kB at 44 kB/s)
Downloading from repo.jenkins-ci.org: https://repo.jenkins-ci.org/public/org/jenkins-ci/plugins/authentication-tokens/1.119.v50285141b_7e1/authentication-tokens-1.119.v50285141b_7e1.jar
Progress (1): 0.4/12 kBProgress (1): 1.8/12 kBProgress (1): 3.2/12 kBProgress (1): 4.6/12 kBProgress (1): 6.0/12 kBProgress (1): 7.4/12 kBProgress (1): 8.8/12 kBProgress (1): 10/12 kB Progress (1): 12/12 kBProgress (1): 12 kB                      Downloaded from repo.jenkins-ci.org: https://repo.jenkins-ci.org/public/org/jenkins-ci/plugins/authentication-tokens/1.119.v50285141b_7e1/authentication-tokens-1.119.v50285141b_7e1.jar (12 kB at 66 kB/s)
Downloading from repo.jenkins-ci.org: https://repo.jenkins-ci.org/public/org/jenkins-ci/plugins/workflow/workflow-cps/4009.v0089238351a_9/workflow-cps-4009.v0089238351a_9.jar
Downloading from repo.jenkins-ci.org: https://repo.jenkins-ci.org/public/com/cloudbees/groovy-cps/4009.v0089238351a_9/groovy-cps-4009.v0089238351a_9.jar
Downloading from repo.jenkins-ci.org: https://repo.jenkins-ci.org/public/org/jenkins-ci/plugins/workflow/workflow-cps/4009.v0089238351a_9/workflow-cps-4009.v0089238351a_9-tests.jar
Downloading from repo.jenkins-ci.org: https://repo.jenkins-ci.org/public/org/jenkins-ci/plugins/workflow/workflow-job/1496.v5b_18defc07f2/workflow-job-1496.v5b_18defc07f2.jar
Downloading from repo.jenkins-ci.org: https://repo.jenkins-ci.org/public/org/jenkins-ci/plugins/workflow/workflow-durable-task-step/1400.v7a_fd50a_091de/workflow-durable-task-step-1400.v7a_fd50a_091de.jar
Progress (1): 0.4/166 kBProgress (1): 1.8/166 kBProgress (1): 3.2/166 kBProgress (1): 4.6/166 kBProgress (1): 6.0/166 kBProgress (1): 7.4/166 kBProgress (2): 7.4/166 kB | 0.4/158 kBProgress (2): 7.4/166 kB | 1.8/158 kBProgress (2): 7.4/166 kB | 3.2/158 kBProgress (2): 7.4/166 kB | 4.6/158 kBProgress (2): 7.4/166 kB | 6.0/158 kBProgress (2): 7.4/166 kB | 7.4/158 kBProgress (2): 8.8/166 kB | 7.4/158 kBProgress (2): 10/166 kB | 7.4/158 kB Progress (2): 12/166 kB | 7.4/158 kBProgress (2): 13/166 kB | 7.4/158 kBProgress (2): 14/166 kB | 7.4/158 kBProgress (2): 14/166 kB | 8.8/158 kBProgress (2): 14/166 kB | 10/158 kB Progress (2): 16/166 kB | 10/158 kBProgress (2): 16/166 kB | 12/158 kBProgress (2): 16/166 kB | 13/158 kBProgress (2): 16/166 kB | 13/158 kBProgress (2): 16/166 kB | 14/158 kBProgress (2): 17/166 kB | 14/158 kBProgress (2): 19/166 kB | 14/158 kBProgress (2): 20/166 kB | 14/158 kBProgress (2): 20/166 kB | 16/158 kBProgress (2): 21/166 kB | 16/158 kBProgress (2): 23/166 kB | 16/158 kBProgress (2): 23/166 kB | 17/158 kBProgress (2): 24/166 kB | 17/158 kBProgress (2): 24/166 kB | 19/158 kBProgress (2): 26/166 kB | 19/158 kBProgress (2): 27/166 kB | 19/158 kBProgress (2): 27/166 kB | 20/158 kBProgress (2): 28/166 kB | 20/158 kBProgress (2): 30/166 kB | 20/158 kBProgress (2): 30/166 kB | 21/158 kBProgress (2): 31/166 kB | 21/158 kBProgress (2): 33/166 kB | 21/158 kBProgress (2): 33/166 kB | 23/158 kBProgress (2): 34/166 kB | 23/158 kBProgress (2): 34/166 kB | 24/158 kBProgress (2): 34/166 kB | 26/158 kBProgress (2): 35/166 kB | 26/158 kBProgress (2): 35/166 kB | 27/158 kBProgress (2): 35/166 kB | 28/158 kBProgress (2): 35/166 kB | 30/158 kBProgress (2): 35/166 kB | 31/158 kBProgress (2): 35/166 kB | 33/158 kBProgress (2): 35/166 kB | 34/158 kBProgress (2): 35/166 kB | 35/158 kBProgress (3): 35/166 kB | 35/158 kB | 16/555 kBProgress (3): 35/166 kB | 35/158 kB | 17/555 kBProgress (3): 37/166 kB | 35/158 kB | 17/555 kBProgress (3): 38/166 kB | 35/158 kB | 17/555 kBProgress (3): 40/166 kB | 35/158 kB | 17/555 kBProgress (3): 41/166 kB | 35/158 kB | 17/555 kBProgress (3): 42/166 kB | 35/158 kB | 17/555 kBProgress (3): 44/166 kB | 35/158 kB | 17/555 kBProgress (3): 45/166 kB | 35/158 kB | 17/555 kBProgress (3): 47/166 kB | 35/158 kB | 17/555 kBProgress (3): 48/166 kB | 35/158 kB | 17/555 kBProgress (3): 48/166 kB | 37/158 kB | 17/555 kBProgress (3): 49/166 kB | 37/158 kB | 17/555 kBProgress (3): 51/166 kB | 37/158 kB | 17/555 kBProgress (3): 52/166 kB | 37/158 kB | 17/555 kBProgress (3): 54/166 kB | 37/158 kB | 17/555 kBProgress (3): 54/166 kB | 38/158 kB | 17/555 kBProgress (3): 55/166 kB | 38/158 kB | 17/555 kBProgress (3): 55/166 kB | 40/158 kB | 17/555 kBProgress (3): 56/166 kB | 40/158 kB | 17/555 kBProgress (3): 58/166 kB | 40/158 kB | 17/555 kBProgress (3): 58/166 kB | 41/158 kB | 17/555 kBProgress (3): 59/166 kB | 41/158 kB | 17/555 kBProgress (3): 59/166 kB | 42/158 kB | 17/555 kBProgress (3): 61/166 kB | 42/158 kB | 17/555 kBProgress (3): 61/166 kB | 44/158 kB | 17/555 kBProgress (3): 62/166 kB | 44/158 kB | 17/555 kBProgress (3): 62/166 kB | 45/158 kB | 17/555 kBProgress (3): 63/166 kB | 45/158 kB | 17/555 kBProgress (3): 63/166 kB | 47/158 kB | 17/555 kBProgress (3): 65/166 kB | 47/158 kB | 17/555 kBProgress (3): 65/166 kB | 48/158 kB | 17/555 kBProgress (3): 66/166 kB | 48/158 kB | 17/555 kBProgress (3): 68/166 kB | 48/158 kB | 17/555 kBProgress (3): 69/166 kB | 48/158 kB | 17/555 kBProgress (3): 69/166 kB | 49/158 kB | 17/555 kBProgress (3): 70/166 kB | 49/158 kB | 17/555 kBProgress (3): 70/166 kB | 51/158 kB | 17/555 kBProgress (3): 72/166 kB | 51/158 kB | 17/555 kBProgress (3): 73/166 kB | 51/158 kB | 17/555 kBProgress (3): 73/166 kB | 52/158 kB | 17/555 kBProgress (3): 75/166 kB | 52/158 kB | 17/555 kBProgress (3): 76/166 kB | 52/158 kB | 17/555 kBProgress (3): 77/166 kB | 52/158 kB | 17/555 kBProgress (3): 77/166 kB | 54/158 kB | 17/555 kBProgress (3): 79/166 kB | 54/158 kB | 17/555 kBProgress (3): 79/166 kB | 55/158 kB | 17/555 kBProgress (3): 79/166 kB | 56/158 kB | 17/555 kBProgress (3): 79/166 kB | 58/158 kB | 17/555 kBProgress (3): 79/166 kB | 59/158 kB | 17/555 kBProgress (3): 79/166 kB | 61/158 kB | 17/555 kBProgress (3): 79/166 kB | 62/158 kB | 17/555 kBProgress (3): 79/166 kB | 63/158 kB | 17/555 kBProgress (3): 79/166 kB | 65/158 kB | 17/555 kBProgress (3): 79/166 kB | 66/158 kB | 17/555 kBProgress (3): 79/166 kB | 68/158 kB | 17/555 kBProgress (3): 79/166 kB | 69/158 kB | 17/555 kBProgress (3): 79/166 kB | 70/158 kB | 17/555 kBProgress (3): 79/166 kB | 72/158 kB | 17/555 kBProgress (3): 79/166 kB | 73/158 kB | 17/555 kBProgress (3): 79/166 kB | 75/158 kB | 17/555 kBProgress (3): 79/166 kB | 76/158 kB | 17/555 kBProgress (3): 79/166 kB | 77/158 kB | 17/555 kBProgress (3): 79/166 kB | 79/158 kB | 17/555 kBProgress (3): 79/166 kB | 79/158 kB | 33/555 kBProgress (3): 79/166 kB | 79/158 kB | 34/555 kBProgress (3): 79/166 kB | 79/158 kB | 51/555 kBProgress (3): 79/166 kB | 79/158 kB | 52/555 kBProgress (3): 79/166 kB | 79/158 kB | 68/555 kBProgress (3): 79/166 kB | 79/158 kB | 69/555 kBProgress (3): 80/166 kB | 79/158 kB | 69/555 kBProgress (3): 82/166 kB | 79/158 kB | 69/555 kBProgress (3): 83/166 kB | 79/158 kB | 69/555 kBProgress (3): 84/166 kB | 79/158 kB | 69/555 kBProgress (3): 86/166 kB | 79/158 kB | 69/555 kBProgress (3): 87/166 kB | 79/158 kB | 69/555 kBProgress (3): 89/166 kB | 79/158 kB | 69/555 kBProgress (3): 90/166 kB | 79/158 kB | 69/555 kBProgress (3): 91/166 kB | 79/158 kB | 69/555 kBProgress (3): 93/166 kB | 79/158 kB | 69/555 kBProgress (3): 94/166 kB | 79/158 kB | 69/555 kBProgress (3): 96/166 kB | 79/158 kB | 69/555 kBProgress (3): 97/166 kB | 79/158 kB | 69/555 kBProgress (3): 98/166 kB | 79/158 kB | 69/555 kBProgress (3): 100/166 kB | 79/158 kB | 69/555 kBProgress (3): 101/166 kB | 79/158 kB | 69/555 kBProgress (3): 103/166 kB | 79/158 kB | 69/555 kBProgress (3): 104/166 kB | 79/158 kB | 69/555 kBProgress (3): 105/166 kB | 79/158 kB | 69/555 kBProgress (3): 107/166 kB | 79/158 kB | 69/555 kBProgress (3): 108/166 kB | 79/158 kB | 69/555 kBProgress (3): 108/166 kB | 80/158 kB | 69/555 kBProgress (3): 110/166 kB | 80/158 kB | 69/555 kBProgress (3): 111/166 kB | 80/158 kB | 69/555 kBProgress (3): 112/166 kB | 80/158 kB | 69/555 kBProgress (3): 112/166 kB | 82/158 kB | 69/555 kBProgress (3): 114/166 kB | 82/158 kB | 69/555 kBProgress (3): 114/166 kB | 83/158 kB | 69/555 kBProgress (3): 115/166 kB | 83/158 kB | 69/555 kBProgress (3): 115/166 kB | 84/158 kB | 69/555 kBProgress (3): 117/166 kB | 84/158 kB | 69/555 kBProgress (3): 118/166 kB | 84/158 kB | 69/555 kBProgress (3): 118/166 kB | 86/158 kB | 69/555 kBProgress (3): 119/166 kB | 86/158 kB | 69/555 kBProgress (3): 119/166 kB | 87/158 kB | 69/555 kBProgress (3): 121/166 kB | 87/158 kB | 69/555 kBProgress (3): 121/166 kB | 89/158 kB | 69/555 kBProgress (3): 122/166 kB | 89/158 kB | 69/555 kBProgress (3): 122/166 kB | 90/158 kB | 69/555 kBProgress (3): 124/166 kB | 90/158 kB | 69/555 kBProgress (3): 124/166 kB | 91/158 kB | 69/555 kBProgress (3): 124/166 kB | 93/158 kB | 69/555 kBProgress (3): 125/166 kB | 93/158 kB | 69/555 kBProgress (3): 125/166 kB | 94/158 kB | 69/555 kBProgress (3): 125/166 kB | 96/158 kB | 69/555 kBProgress (3): 126/166 kB | 96/158 kB | 69/555 kBProgress (3): 126/166 kB | 97/158 kB | 69/555 kBProgress (3): 128/166 kB | 97/158 kB | 69/555 kBProgress (3): 128/166 kB | 98/158 kB | 69/555 kBProgress (3): 129/166 kB | 98/158 kB | 69/555 kBProgress (3): 129/166 kB | 100/158 kB | 69/555 kBProgress (3): 129/166 kB | 101/158 kB | 69/555 kBProgress (3): 131/166 kB | 101/158 kB | 69/555 kBProgress (3): 131/166 kB | 103/158 kB | 69/555 kBProgress (3): 131/166 kB | 104/158 kB | 69/555 kBProgress (3): 132/166 kB | 104/158 kB | 69/555 kBProgress (3): 132/166 kB | 105/158 kB | 69/555 kBProgress (3): 132/166 kB | 107/158 kB | 69/555 kBProgress (3): 132/166 kB | 108/158 kB | 69/555 kBProgress (3): 133/166 kB | 108/158 kB | 69/555 kBProgress (3): 133/166 kB | 110/158 kB | 69/555 kBProgress (3): 135/166 kB | 110/158 kB | 69/555 kBProgress (3): 135/166 kB | 111/158 kB | 69/555 kBProgress (3): 136/166 kB | 111/158 kB | 69/555 kBProgress (3): 138/166 kB | 111/158 kB | 69/555 kBProgress (3): 138/166 kB | 112/158 kB | 69/555 kBProgress (3): 139/166 kB | 112/158 kB | 69/555 kBProgress (3): 140/166 kB | 112/158 kB | 69/555 kBProgress (3): 140/166 kB | 114/158 kB | 69/555 kBProgress (3): 142/166 kB | 114/158 kB | 69/555 kBProgress (3): 143/166 kB | 114/158 kB | 69/555 kBProgress (3): 145/166 kB | 114/158 kB | 69/555 kBProgress (3): 145/166 kB | 115/158 kB | 69/555 kBProgress (3): 145/166 kB | 117/158 kB | 69/555 kBProgress (3): 146/166 kB | 117/158 kB | 69/555 kBProgress (3): 146/166 kB | 118/158 kB | 69/555 kBProgress (3): 147/166 kB | 118/158 kB | 69/555 kBProgress (3): 148/166 kB | 118/158 kB | 69/555 kBProgress (3): 148/166 kB | 119/158 kB | 69/555 kBProgress (3): 148/166 kB | 121/158 kB | 69/555 kBProgress (3): 148/166 kB | 122/158 kB | 69/555 kBProgress (3): 150/166 kB | 122/158 kB | 69/555 kBProgress (3): 150/166 kB | 124/158 kB | 69/555 kBProgress (3): 150/166 kB | 125/158 kB | 69/555 kBProgress (3): 151/166 kB | 125/158 kB | 69/555 kBProgress (3): 153/166 kB | 125/158 kB | 69/555 kBProgress (3): 154/166 kB | 125/158 kB | 69/555 kBProgress (3): 154/166 kB | 126/158 kB | 69/555 kBProgress (3): 155/166 kB | 126/158 kB | 69/555 kBProgress (3): 157/166 kB | 126/158 kB | 69/555 kBProgress (3): 157/166 kB | 128/158 kB | 69/555 kBProgress (3): 157/166 kB | 129/158 kB | 69/555 kBProgress (3): 157/166 kB | 130/158 kB | 69/555 kBProgress (3): 157/166 kB | 132/158 kB | 69/555 kBProgress (3): 158/166 kB | 132/158 kB | 69/555 kBProgress (3): 158/166 kB | 133/158 kB | 69/555 kBProgress (3): 158/166 kB | 134/158 kB | 69/555 kBProgress (3): 160/166 kB | 134/158 kB | 69/555 kBProgress (3): 160/166 kB | 136/158 kB | 69/555 kBProgress (3): 160/166 kB | 137/158 kB | 69/555 kBProgress (3): 161/166 kB | 137/158 kB | 69/555 kBProgress (3): 161/166 kB | 139/158 kB | 69/555 kBProgress (3): 162/166 kB | 139/158 kB | 69/555 kBProgress (3): 164/166 kB | 139/158 kB | 69/555 kBProgress (3): 165/166 kB | 139/158 kB | 69/555 kBProgress (3): 166 kB | 139/158 kB | 69/555 kB    Progress (3): 166 kB | 140/158 kB | 69/555 kBProgress (3): 166 kB | 141/158 kB | 69/555 kBProgress (3): 166 kB | 143/158 kB | 69/555 kBProgress (3): 166 kB | 144/158 kB | 69/555 kBProgress (3): 166 kB | 146/158 kB | 69/555 kBProgress (3): 166 kB | 147/158 kB | 69/555 kBProgress (3): 166 kB | 148/158 kB | 69/555 kBProgress (3): 166 kB | 150/158 kB | 69/555 kBProgress (3): 166 kB | 151/158 kB | 69/555 kBProgress (3): 166 kB | 153/158 kB | 69/555 kBProgress (3): 166 kB | 154/158 kB | 69/555 kBProgress (3): 166 kB | 155/158 kB | 69/555 kBProgress (3): 166 kB | 157/158 kB | 69/555 kBProgress (3): 166 kB | 158 kB | 69/555 kB                                             Downloaded from repo.jenkins-ci.org: https://repo.jenkins-ci.org/public/org/jenkins-ci/plugins/workflow/workflow-durable-task-step/1400.v7a_fd50a_091de/workflow-durable-task-step-1400.v7a_fd50a_091de.jar (166 kB at 242 kB/s)
Downloading from repo.jenkins-ci.org: https://repo.jenkins-ci.org/public/org/jenkins-ci/plugins/workflow/workflow-support/943.v8b_0d01a_7b_a_08/workflow-support-943.v8b_0d01a_7b_a_08-tests.jar
Downloaded from repo.jenkins-ci.org: https://repo.jenkins-ci.org/public/org/jenkins-ci/plugins/workflow/workflow-job/1496.v5b_18defc07f2/workflow-job-1496.v5b_18defc07f2.jar (158 kB at 230 kB/s)
Progress (1): 85/555 kBProgress (1): 86/555 kBProgress (1): 103/555 kBProgress (1): 104/555 kBProgress (1): 120/555 kBProgress (1): 121/555 kBProgress (1): 138/555 kBProgress (1): 139/555 kBProgress (1): 155/555 kBProgress (1): 156/555 kBProgress (1): 172/555 kBProgress (1): 173/555 kBProgress (1): 190/555 kBProgress (1): 191/555 kBProgress (1): 207/555 kBProgress (1): 208/555 kBProgress (1): 225/555 kBProgress (1): 226/555 kBProgress (1): 242/555 kBProgress (1): 243/555 kBProgress (1): 260/555 kBProgress (1): 261/555 kBProgress (1): 277/555 kBProgress (1): 278/555 kBProgress (1): 294/555 kBProgress (1): 295/555 kBProgress (2): 295/555 kB | 16/500 kBProgress (2): 295/555 kB | 17/500 kBProgress (3): 295/555 kB | 17/500 kB | 16/258 kBProgress (3): 295/555 kB | 17/500 kB | 17/258 kBProgress (3): 312/555 kB | 17/500 kB | 17/258 kBProgress (3): 313/555 kB | 17/500 kB | 17/258 kBProgress (3): 329/555 kB | 17/500 kB | 17/258 kBProgress (3): 330/555 kB | 17/500 kB | 17/258 kBProgress (3): 347/555 kB | 17/500 kB | 17/258 kBProgress (3): 348/555 kB | 17/500 kB | 17/258 kBProgress (3): 364/555 kB | 17/500 kB | 17/258 kBProgress (3): 365/555 kB | 17/500 kB | 17/258 kBProgress (3): 381/555 kB | 17/500 kB | 17/258 kBProgress (3): 382/555 kB | 17/500 kB | 17/258 kBProgress (3): 399/555 kB | 17/500 kB | 17/258 kBProgress (3): 400/555 kB | 17/500 kB | 17/258 kBProgress (3): 416/555 kB | 17/500 kB | 17/258 kBProgress (3): 417/555 kB | 17/500 kB | 17/258 kBProgress (3): 434/555 kB | 17/500 kB | 17/258 kBProgress (3): 435/555 kB | 17/500 kB | 17/258 kBProgress (3): 451/555 kB | 17/500 kB | 17/258 kBProgress (3): 452/555 kB | 17/500 kB | 17/258 kBProgress (3): 468/555 kB | 17/500 kB | 17/258 kBProgress (3): 469/555 kB | 17/500 kB | 17/258 kBProgress (3): 486/555 kB | 17/500 kB | 17/258 kBProgress (3): 487/555 kB | 17/500 kB | 17/258 kBProgress (3): 503/555 kB | 17/500 kB | 17/258 kBProgress (3): 504/555 kB | 17/500 kB | 17/258 kBProgress (3): 521/555 kB | 17/500 kB | 17/258 kBProgress (3): 522/555 kB | 17/500 kB | 17/258 kBProgress (3): 538/555 kB | 17/500 kB | 17/258 kBProgress (3): 539/555 kB | 17/500 kB | 17/258 kBProgress (3): 555/555 kB | 17/500 kB | 17/258 kBProgress (3): 555 kB | 17/500 kB | 17/258 kB    Progress (3): 555 kB | 33/500 kB | 17/258 kBProgress (3): 555 kB | 34/500 kB | 17/258 kBProgress (3): 555 kB | 51/500 kB | 17/258 kBProgress (3): 555 kB | 52/500 kB | 17/258 kBProgress (3): 555 kB | 53/500 kB | 17/258 kBProgress (3): 555 kB | 70/500 kB | 17/258 kBProgress (3): 555 kB | 71/500 kB | 17/258 kBProgress (3): 555 kB | 71/500 kB | 33/258 kBProgress (3): 555 kB | 71/500 kB | 34/258 kBProgress (3): 555 kB | 71/500 kB | 51/258 kBProgress (3): 555 kB | 71/500 kB | 52/258 kBProgress (3): 555 kB | 71/500 kB | 68/258 kBProgress (3): 555 kB | 71/500 kB | 69/258 kB                                            Downloaded from repo.jenkins-ci.org: https://repo.jenkins-ci.org/public/org/jenkins-ci/plugins/workflow/workflow-cps/4009.v0089238351a_9/workflow-cps-4009.v0089238351a_9.jar (555 kB at 584 kB/s)
Progress (2): 87/500 kB | 69/258 kBProgress (2): 88/500 kB | 69/258 kBProgress (2): 105/500 kB | 69/258 kBProgress (2): 106/500 kB | 69/258 kBProgress (2): 122/500 kB | 69/258 kBProgress (2): 123/500 kB | 69/258 kBProgress (2): 139/500 kB | 69/258 kBProgress (2): 140/500 kB | 69/258 kBProgress (2): 140/500 kB | 85/258 kBProgress (2): 140/500 kB | 86/258 kBProgress (2): 140/500 kB | 103/258 kBProgress (2): 140/500 kB | 104/258 kBProgress (2): 140/500 kB | 120/258 kBProgress (2): 140/500 kB | 121/258 kBProgress (2): 140/500 kB | 138/258 kBProgress (2): 140/500 kB | 139/258 kBProgress (2): 157/500 kB | 139/258 kBProgress (2): 158/500 kB | 139/258 kBProgress (2): 174/500 kB | 139/258 kBProgress (2): 175/500 kB | 139/258 kBProgress (2): 192/500 kB | 139/258 kBProgress (2): 193/500 kB | 139/258 kBProgress (2): 209/500 kB | 139/258 kBProgress (2): 210/500 kB | 139/258 kBProgress (2): 226/500 kB | 139/258 kBProgress (2): 227/500 kB | 139/258 kBProgress (2): 244/500 kB | 139/258 kBProgress (2): 245/500 kB | 139/258 kBProgress (2): 261/500 kB | 139/258 kBProgress (2): 262/500 kB | 139/258 kBProgress (2): 279/500 kB | 139/258 kBProgress (2): 280/500 kB | 139/258 kBProgress (2): 296/500 kB | 139/258 kBProgress (2): 297/500 kB | 139/258 kBProgress (2): 313/500 kB | 139/258 kBProgress (2): 314/500 kB | 139/258 kBProgress (2): 314/500 kB | 155/258 kBProgress (2): 314/500 kB | 156/258 kBProgress (2): 314/500 kB | 172/258 kBProgress (2): 314/500 kB | 174/258 kBProgress (2): 314/500 kB | 190/258 kBProgress (2): 314/500 kB | 191/258 kBProgress (2): 314/500 kB | 207/258 kBProgress (2): 314/500 kB | 208/258 kBProgress (2): 314/500 kB | 225/258 kBProgress (2): 314/500 kB | 226/258 kBProgress (2): 314/500 kB | 242/258 kBProgress (2): 314/500 kB | 243/258 kBProgress (2): 314/500 kB | 258 kB    Progress (2): 331/500 kB | 258 kBProgress (2): 332/500 kB | 258 kBProgress (2): 348/500 kB | 258 kBProgress (2): 349/500 kB | 258 kBProgress (2): 366/500 kB | 258 kBProgress (2): 367/500 kB | 258 kBProgress (2): 383/500 kB | 258 kBProgress (2): 384/500 kB | 258 kBProgress (2): 401/500 kB | 258 kBProgress (2): 402/500 kB | 258 kBProgress (2): 418/500 kB | 258 kBProgress (2): 419/500 kB | 258 kBProgress (2): 435/500 kB | 258 kBProgress (2): 436/500 kB | 258 kBProgress (2): 453/500 kB | 258 kBProgress (2): 454/500 kB | 258 kBProgress (2): 470/500 kB | 258 kBProgress (2): 471/500 kB | 258 kBProgress (2): 488/500 kB | 258 kBProgress (2): 489/500 kB | 258 kBProgress (2): 500 kB | 258 kB    Progress (3): 500 kB | 258 kB | 16/312 kBProgress (3): 500 kB | 258 kB | 17/312 kB                                         Downloaded from repo.jenkins-ci.org: https://repo.jenkins-ci.org/public/com/cloudbees/groovy-cps/4009.v0089238351a_9/groovy-cps-4009.v0089238351a_9.jar (258 kB at 225 kB/s)
Downloaded from repo.jenkins-ci.org: https://repo.jenkins-ci.org/public/org/jenkins-ci/plugins/workflow/workflow-cps/4009.v0089238351a_9/workflow-cps-4009.v0089238351a_9-tests.jar (500 kB at 405 kB/s)
Progress (1): 33/312 kBProgress (1): 34/312 kBProgress (1): 51/312 kBProgress (1): 52/312 kBProgress (1): 68/312 kBProgress (1): 69/312 kBProgress (1): 85/312 kBProgress (1): 86/312 kBProgress (1): 103/312 kBProgress (1): 104/312 kBProgress (1): 120/312 kBProgress (1): 121/312 kBProgress (1): 138/312 kBProgress (1): 139/312 kBProgress (1): 155/312 kBProgress (1): 156/312 kBProgress (1): 172/312 kBProgress (1): 173/312 kBProgress (1): 190/312 kBProgress (1): 191/312 kBProgress (1): 207/312 kBProgress (1): 208/312 kBProgress (1): 225/312 kBProgress (1): 226/312 kBProgress (1): 242/312 kBProgress (1): 243/312 kBProgress (1): 260/312 kBProgress (1): 261/312 kBProgress (1): 277/312 kBProgress (1): 278/312 kBProgress (1): 294/312 kBProgress (1): 295/312 kBProgress (1): 312/312 kBProgress (1): 312 kB                        Downloaded from repo.jenkins-ci.org: https://repo.jenkins-ci.org/public/org/jenkins-ci/plugins/workflow/workflow-support/943.v8b_0d01a_7b_a_08/workflow-support-943.v8b_0d01a_7b_a_08-tests.jar (312 kB at 195 kB/s)
[INFO] 
[INFO] --- clean:3.4.1:clean (default-clean) @ docker-commons ---
[INFO] 
[INFO] --- hpi:3.64:validate (default-validate) @ docker-commons ---
[INFO] Created marker file /tmp/plugin-builds/docker-commons/target/java-level/17
[INFO] 
[INFO] --- hpi:3.64:validate-hpi (default-validate-hpi) @ docker-commons ---
[INFO] 
[INFO] --- enforcer:3.5.0:enforce (display-info) @ docker-commons ---
[INFO] Rule 0: io.jenkins.tools.incrementals.enforcer.RequireExtensionVersion passed
[INFO] Rule 1: org.apache.maven.enforcer.rules.version.RequireMavenVersion passed
[INFO] Rule 2: org.apache.maven.enforcer.rules.version.RequireJavaVersion passed
[INFO] Rule 3: org.codehaus.mojo.extraenforcer.dependencies.EnforceBytecodeVersion passed
[INFO] Rule 4: org.apache.maven.enforcer.rules.dependency.BannedDependencies passed
[INFO] Rule 5: org.apache.maven.enforcer.rules.dependency.BannedDependencies passed
[INFO] Rule 6: org.apache.maven.enforcer.rules.dependency.RequireUpperBoundDeps passed
[INFO] 
[INFO] --- enforcer:3.5.0:enforce (no-snapshots-in-release) @ docker-commons ---
[INFO] Rule 0: org.apache.maven.enforcer.rules.dependency.RequireReleaseDeps passed
[INFO] 
[INFO] --- localizer:1.31:generate (default) @ docker-commons ---
[INFO] 
[INFO] --- resources:3.3.1:resources (default-resources) @ docker-commons ---
[INFO] Copying 19 resources from src/main/resources to target/classes
[INFO] 
[INFO] --- flatten:1.7.0:flatten (flatten) @ docker-commons ---
[INFO] Generating flattened POM of project org.jenkins-ci.plugins:docker-commons:hpi:999999-SNAPSHOT...
[INFO] 
[INFO] --- compiler:3.14.0:compile (default-compile) @ docker-commons ---
[INFO] Recompiling the module because of changed source code.
[INFO] Compiling 34 source files with javac [debug parameters release 17] to target/classes
[INFO] org.jenkinsci.plugins.docker.commons.credentials.DockerRegistryEndpoint.DescriptorImpl indexed under hudson.Extension
[INFO] org.jenkinsci.plugins.docker.commons.credentials.DockerServerCredentials.DescriptorImpl indexed under hudson.Extension
[INFO] org.jenkinsci.plugins.docker.commons.credentials.DockerServerCredentialsBinding.DescriptorImpl indexed under hudson.Extension
[INFO] org.jenkinsci.plugins.docker.commons.credentials.DockerServerCredentialsHandler indexed under hudson.Extension
[INFO] org.jenkinsci.plugins.docker.commons.credentials.DockerServerDomainSpecification.DescriptorImpl indexed under hudson.Extension
[INFO] org.jenkinsci.plugins.docker.commons.credentials.DockerServerEndpoint.DescriptorImpl indexed under hudson.Extension
[INFO] org.jenkinsci.plugins.docker.commons.impl.ServerKeyMaterialFactoryFromDockerCredentials indexed under hudson.Extension
[INFO] org.jenkinsci.plugins.docker.commons.impl.UsernamePasswordDockerRegistryTokenSource indexed under hudson.Extension
[INFO] org.jenkinsci.plugins.docker.commons.tools.DockerTool.DescriptorImpl indexed under hudson.Extension
[INFO] org.jenkinsci.plugins.docker.commons.tools.DockerToolInstaller.DescriptorImpl indexed under hudson.Extension
[INFO] /tmp/plugin-builds/docker-commons/src/main/java/org/jenkinsci/plugins/docker/commons/credentials/DockerRegistryEndpoint.java:[115,12] Generating org/jenkinsci/plugins/docker/commons/credentials/DockerRegistryEndpoint.stapler
[INFO] /tmp/plugin-builds/docker-commons/src/main/java/org/jenkinsci/plugins/docker/commons/credentials/DockerServerCredentials.java:[65,12] Generating org/jenkinsci/plugins/docker/commons/credentials/DockerServerCredentials.stapler
[INFO] /tmp/plugin-builds/docker-commons/src/main/java/org/jenkinsci/plugins/docker/commons/credentials/DockerServerCredentialsBinding.java:[19,12] Generating org/jenkinsci/plugins/docker/commons/credentials/DockerServerCredentialsBinding.stapler
[INFO] /tmp/plugin-builds/docker-commons/src/main/java/org/jenkinsci/plugins/docker/commons/credentials/DockerServerDomainSpecification.java:[48,12] Generating org/jenkinsci/plugins/docker/commons/credentials/DockerServerDomainSpecification.stapler
[INFO] /tmp/plugin-builds/docker-commons/src/main/java/org/jenkinsci/plugins/docker/commons/credentials/DockerServerEndpoint.java:[73,12] Generating org/jenkinsci/plugins/docker/commons/credentials/DockerServerEndpoint.stapler
[INFO] /tmp/plugin-builds/docker-commons/src/main/java/org/jenkinsci/plugins/docker/commons/tools/DockerTool.java:[62,34] Generating org/jenkinsci/plugins/docker/commons/tools/DockerTool.stapler
[INFO] /tmp/plugin-builds/docker-commons/src/main/java/org/jenkinsci/plugins/docker/commons/tools/DockerToolInstaller.java:[59,12] Generating org/jenkinsci/plugins/docker/commons/tools/DockerToolInstaller.stapler
[INFO] /tmp/plugin-builds/docker-commons/src/main/java/org/jenkinsci/plugins/docker/commons/credentials/DockerServerEndpoint.java:[211,29] Generating org/jenkinsci/plugins/docker/commons/credentials/DockerServerEndpoint/DescriptorImpl/doFillCredentialsIdItems.stapler
[WARNING] /tmp/plugin-builds/docker-commons/src/main/java/org/jenkinsci/plugins/docker/commons/fingerprint/DockerFingerprints.java:[98,40] deprecated item is not annotated with @Deprecated
[INFO] /tmp/plugin-builds/docker-commons/src/main/java/org/jenkinsci/plugins/docker/commons/DockerCommonsPlugin.java: Some input files use or override a deprecated API.
[INFO] /tmp/plugin-builds/docker-commons/src/main/java/org/jenkinsci/plugins/docker/commons/DockerCommonsPlugin.java: Recompile with -Xlint:deprecation for details.
[INFO] 
[INFO] --- access-modifier-checker:1.35:enforce (default-enforce) @ docker-commons ---
[INFO] Skipping access modifier checks
[INFO] 
[INFO] --- bridge-method-injector:1.31:process (default) @ docker-commons ---
[INFO] 
[INFO] --- hpi:3.64:insert-test (default-insert-test) @ docker-commons ---
[INFO] 
[INFO] --- antrun:3.1.0:run (createTempDir) @ docker-commons ---
[INFO] Executing tasks
[INFO]     [mkdir] Created dir: /tmp/plugin-builds/docker-commons/target/tmp
[INFO] Executed tasks
[INFO] 
[INFO] --- resources:3.3.1:testResources (default-testResources) @ docker-commons ---
[INFO] Copying 11 resources from src/test/resources to target/test-classes
[INFO] 
[INFO] --- compiler:3.14.0:testCompile (default-testCompile) @ docker-commons ---
[INFO] Recompiling the module because of changed dependency.
[INFO] Compiling 17 source files with javac [debug parameters release 17] to target/test-classes
[INFO] org.jenkinsci.plugins.docker.commons.util.SampleDockerBuilder.DescriptorImpl indexed under hudson.Extension
[INFO] /tmp/plugin-builds/docker-commons/src/test/java/org/jenkinsci/plugins/docker/commons/util/SampleDockerBuilder.java:[54,12] Generating org/jenkinsci/plugins/docker/commons/util/SampleDockerBuilder.stapler
[INFO] /tmp/plugin-builds/docker-commons/src/test/java/org/jenkinsci/plugins/docker/commons/CasCTest.java: Some input files use or override a deprecated API.
[INFO] /tmp/plugin-builds/docker-commons/src/test/java/org/jenkinsci/plugins/docker/commons/CasCTest.java: Recompile with -Xlint:deprecation for details.
[INFO] /tmp/plugin-builds/docker-commons/src/test/java/org/jenkinsci/plugins/docker/commons/impl/HostOnlyRegistryKeyMaterialFactoryTest.java: Some input files use unchecked or unsafe operations.
[INFO] /tmp/plugin-builds/docker-commons/src/test/java/org/jenkinsci/plugins/docker/commons/impl/HostOnlyRegistryKeyMaterialFactoryTest.java: Recompile with -Xlint:unchecked for details.
[INFO] 
[INFO] --- hpi:3.64:test-hpl (default-test-hpl) @ docker-commons ---
[INFO] Generating /tmp/plugin-builds/docker-commons/target/test-classes/the.hpl
[INFO] 
[INFO] --- hpi:3.64:resolve-test-dependencies (default-resolve-test-dependencies) @ docker-commons ---
Downloading from repo.jenkins-ci.org: https://repo.jenkins-ci.org/public/org/jenkins-ci/plugins/workflow/workflow-cps/4009.v0089238351a_9/workflow-cps-4009.v0089238351a_9.hpi
Progress (1): 16/806 kBProgress (1): 17/806 kBProgress (1): 33/806 kBProgress (1): 34/806 kBProgress (1): 51/806 kBProgress (1): 52/806 kBProgress (1): 68/806 kBProgress (1): 69/806 kBProgress (1): 85/806 kBProgress (1): 86/806 kBProgress (1): 103/806 kBProgress (1): 104/806 kBProgress (1): 120/806 kBProgress (1): 121/806 kBProgress (1): 138/806 kBProgress (1): 139/806 kBProgress (1): 155/806 kBProgress (1): 156/806 kBProgress (1): 172/806 kBProgress (1): 173/806 kBProgress (1): 190/806 kBProgress (1): 191/806 kBProgress (1): 207/806 kBProgress (1): 208/806 kBProgress (1): 225/806 kBProgress (1): 226/806 kBProgress (1): 242/806 kBProgress (1): 243/806 kBProgress (1): 260/806 kBProgress (1): 261/806 kBProgress (1): 277/806 kBProgress (1): 278/806 kBProgress (1): 294/806 kBProgress (1): 295/806 kBProgress (1): 312/806 kBProgress (1): 313/806 kBProgress (1): 329/806 kBProgress (1): 330/806 kBProgress (1): 347/806 kBProgress (1): 348/806 kBProgress (1): 364/806 kBProgress (1): 365/806 kBProgress (1): 381/806 kBProgress (1): 382/806 kBProgress (1): 399/806 kBProgress (1): 400/806 kBProgress (1): 416/806 kBProgress (1): 417/806 kBProgress (1): 434/806 kBProgress (1): 435/806 kBProgress (1): 451/806 kBProgress (1): 452/806 kBProgress (1): 468/806 kBProgress (1): 469/806 kBProgress (1): 486/806 kBProgress (1): 487/806 kBProgress (1): 503/806 kBProgress (1): 504/806 kBProgress (1): 521/806 kBProgress (1): 522/806 kBProgress (1): 538/806 kBProgress (1): 539/806 kBProgress (1): 555/806 kBProgress (1): 556/806 kBProgress (1): 573/806 kBProgress (1): 574/806 kBProgress (1): 590/806 kBProgress (1): 591/806 kBProgress (1): 608/806 kBProgress (1): 609/806 kBProgress (1): 625/806 kBProgress (1): 626/806 kBProgress (1): 642/806 kBProgress (1): 644/806 kBProgress (1): 660/806 kBProgress (1): 661/806 kBProgress (1): 677/806 kBProgress (1): 678/806 kBProgress (1): 695/806 kBProgress (1): 696/806 kBProgress (1): 712/806 kBProgress (1): 713/806 kBProgress (1): 730/806 kBProgress (1): 731/806 kBProgress (1): 747/806 kBProgress (1): 748/806 kBProgress (1): 764/806 kBProgress (1): 765/806 kBProgress (1): 782/806 kBProgress (1): 783/806 kBProgress (1): 799/806 kBProgress (1): 800/806 kBProgress (1): 806 kB                        Downloaded from repo.jenkins-ci.org: https://repo.jenkins-ci.org/public/org/jenkins-ci/plugins/workflow/workflow-cps/4009.v0089238351a_9/workflow-cps-4009.v0089238351a_9.hpi (806 kB at 809 kB/s)
Downloading from repo.jenkins-ci.org: https://repo.jenkins-ci.org/public/org/jenkins-ci/plugins/workflow/workflow-durable-task-step/1400.v7a_fd50a_091de/workflow-durable-task-step-1400.v7a_fd50a_091de.hpi
Downloading from repo.jenkins-ci.org: https://repo.jenkins-ci.org/public/org/jenkins-ci/plugins/workflow/workflow-job/1496.v5b_18defc07f2/workflow-job-1496.v5b_18defc07f2.hpi
Downloading from repo.jenkins-ci.org: https://repo.jenkins-ci.org/public/org/jenkins-ci/plugins/authentication-tokens/1.119.v50285141b_7e1/authentication-tokens-1.119.v50285141b_7e1.hpi
Progress (1): 0.4/142 kBProgress (1): 1.8/142 kBProgress (1): 3.2/142 kBProgress (1): 4.6/142 kBProgress (1): 6.0/142 kBProgress (2): 6.0/142 kB | 0.4/14 kBProgress (3): 6.0/142 kB | 0.4/14 kB | 0.4/138 kBProgress (3): 6.0/142 kB | 1.8/14 kB | 0.4/138 kBProgress (3): 6.0/142 kB | 1.8/14 kB | 1.8/138 kBProgress (3): 6.0/142 kB | 3.2/14 kB | 1.8/138 kBProgress (3): 6.0/142 kB | 3.2/14 kB | 3.2/138 kBProgress (3): 6.0/142 kB | 4.6/14 kB | 3.2/138 kBProgress (3): 6.0/142 kB | 4.6/14 kB | 4.6/138 kBProgress (3): 6.0/142 kB | 6.0/14 kB | 4.6/138 kBProgress (3): 6.0/142 kB | 6.0/14 kB | 6.0/138 kBProgress (3): 7.4/142 kB | 6.0/14 kB | 6.0/138 kBProgress (3): 8.8/142 kB | 6.0/14 kB | 6.0/138 kBProgress (3): 10/142 kB | 6.0/14 kB | 6.0/138 kB Progress (3): 12/142 kB | 6.0/14 kB | 6.0/138 kBProgress (3): 13/142 kB | 6.0/14 kB | 6.0/138 kBProgress (3): 14/142 kB | 6.0/14 kB | 6.0/138 kBProgress (3): 16/142 kB | 6.0/14 kB | 6.0/138 kBProgress (3): 16/142 kB | 6.0/14 kB | 6.0/138 kBProgress (3): 17/142 kB | 6.0/14 kB | 6.0/138 kBProgress (3): 19/142 kB | 6.0/14 kB | 6.0/138 kBProgress (3): 20/142 kB | 6.0/14 kB | 6.0/138 kBProgress (3): 21/142 kB | 6.0/14 kB | 6.0/138 kBProgress (3): 23/142 kB | 6.0/14 kB | 6.0/138 kBProgress (3): 24/142 kB | 6.0/14 kB | 6.0/138 kBProgress (3): 26/142 kB | 6.0/14 kB | 6.0/138 kBProgress (3): 27/142 kB | 6.0/14 kB | 6.0/138 kBProgress (3): 28/142 kB | 6.0/14 kB | 6.0/138 kBProgress (3): 30/142 kB | 6.0/14 kB | 6.0/138 kBProgress (3): 30/142 kB | 6.0/14 kB | 7.4/138 kBProgress (3): 30/142 kB | 6.0/14 kB | 8.8/138 kBProgress (3): 30/142 kB | 6.0/14 kB | 10/138 kB Progress (3): 30/142 kB | 6.0/14 kB | 12/138 kBProgress (3): 30/142 kB | 6.0/14 kB | 13/138 kBProgress (3): 30/142 kB | 6.0/14 kB | 14/138 kBProgress (3): 30/142 kB | 6.0/14 kB | 16/138 kBProgress (3): 30/142 kB | 6.0/14 kB | 16/138 kBProgress (3): 30/142 kB | 6.0/14 kB | 17/138 kBProgress (3): 30/142 kB | 6.0/14 kB | 19/138 kBProgress (3): 30/142 kB | 6.0/14 kB | 20/138 kBProgress (3): 30/142 kB | 7.4/14 kB | 20/138 kBProgress (3): 30/142 kB | 7.4/14 kB | 22/138 kBProgress (3): 30/142 kB | 8.8/14 kB | 22/138 kBProgress (3): 30/142 kB | 8.8/14 kB | 23/138 kBProgress (3): 30/142 kB | 10/14 kB | 23/138 kB Progress (3): 30/142 kB | 10/14 kB | 24/138 kBProgress (3): 30/142 kB | 12/14 kB | 24/138 kBProgress (3): 30/142 kB | 12/14 kB | 26/138 kBProgress (3): 30/142 kB | 12/14 kB | 27/138 kBProgress (3): 30/142 kB | 13/14 kB | 27/138 kBProgress (3): 30/142 kB | 13/14 kB | 29/138 kBProgress (3): 30/142 kB | 14 kB | 29/138 kB   Progress (3): 30/142 kB | 14 kB | 30/138 kB                                           Downloaded from repo.jenkins-ci.org: https://repo.jenkins-ci.org/public/org/jenkins-ci/plugins/authentication-tokens/1.119.v50285141b_7e1/authentication-tokens-1.119.v50285141b_7e1.hpi (14 kB at 72 kB/s)
Progress (2): 31/142 kB | 30/138 kBProgress (2): 33/142 kB | 30/138 kBProgress (2): 34/142 kB | 30/138 kBProgress (2): 35/142 kB | 30/138 kBProgress (2): 37/142 kB | 30/138 kBProgress (2): 38/142 kB | 30/138 kBProgress (2): 40/142 kB | 30/138 kBProgress (2): 41/142 kB | 30/138 kBProgress (2): 42/142 kB | 30/138 kBProgress (2): 44/142 kB | 30/138 kBProgress (2): 45/142 kB | 30/138 kBProgress (2): 47/142 kB | 30/138 kBProgress (2): 48/142 kB | 30/138 kBProgress (2): 49/142 kB | 30/138 kBProgress (2): 51/142 kB | 30/138 kBProgress (2): 52/142 kB | 30/138 kBProgress (2): 53/142 kB | 30/138 kBProgress (2): 55/142 kB | 30/138 kBProgress (2): 56/142 kB | 30/138 kBProgress (2): 58/142 kB | 30/138 kBProgress (2): 59/142 kB | 30/138 kBProgress (2): 60/142 kB | 30/138 kBProgress (2): 62/142 kB | 30/138 kBProgress (2): 63/142 kB | 30/138 kBProgress (2): 65/142 kB | 30/138 kBProgress (2): 66/142 kB | 30/138 kBProgress (2): 67/142 kB | 30/138 kBProgress (2): 69/142 kB | 30/138 kBProgress (2): 70/142 kB | 30/138 kBProgress (2): 72/142 kB | 30/138 kBProgress (2): 73/142 kB | 30/138 kBProgress (2): 74/142 kB | 30/138 kBProgress (2): 76/142 kB | 30/138 kBProgress (2): 77/142 kB | 30/138 kBProgress (2): 77/142 kB | 31/138 kBProgress (2): 77/142 kB | 33/138 kBProgress (2): 77/142 kB | 34/138 kBProgress (2): 77/142 kB | 36/138 kBProgress (2): 77/142 kB | 37/138 kBProgress (2): 77/142 kB | 38/138 kBProgress (2): 77/142 kB | 40/138 kBProgress (2): 77/142 kB | 41/138 kBProgress (2): 77/142 kB | 43/138 kBProgress (2): 77/142 kB | 44/138 kBProgress (2): 77/142 kB | 45/138 kBProgress (2): 77/142 kB | 47/138 kBProgress (2): 77/142 kB | 48/138 kBProgress (2): 77/142 kB | 49/138 kBProgress (2): 77/142 kB | 51/138 kBProgress (2): 77/142 kB | 52/138 kBProgress (2): 77/142 kB | 54/138 kBProgress (2): 77/142 kB | 55/138 kBProgress (2): 77/142 kB | 56/138 kBProgress (2): 77/142 kB | 58/138 kBProgress (2): 77/142 kB | 59/138 kBProgress (2): 77/142 kB | 61/138 kBProgress (2): 77/142 kB | 62/138 kBProgress (2): 77/142 kB | 63/138 kBProgress (2): 77/142 kB | 65/138 kBProgress (2): 77/142 kB | 66/138 kBProgress (2): 77/142 kB | 68/138 kBProgress (2): 77/142 kB | 69/138 kBProgress (2): 77/142 kB | 70/138 kBProgress (2): 77/142 kB | 72/138 kBProgress (2): 77/142 kB | 73/138 kBProgress (2): 77/142 kB | 75/138 kBProgress (2): 77/142 kB | 76/138 kBProgress (2): 77/142 kB | 77/138 kBProgress (2): 79/142 kB | 77/138 kBProgress (2): 80/142 kB | 77/138 kBProgress (2): 81/142 kB | 77/138 kBProgress (2): 83/142 kB | 77/138 kBProgress (2): 84/142 kB | 77/138 kBProgress (2): 85/142 kB | 77/138 kBProgress (2): 87/142 kB | 77/138 kBProgress (2): 88/142 kB | 77/138 kBProgress (2): 90/142 kB | 77/138 kBProgress (2): 91/142 kB | 77/138 kBProgress (2): 92/142 kB | 77/138 kBProgress (2): 94/142 kB | 77/138 kBProgress (2): 95/142 kB | 77/138 kBProgress (2): 97/142 kB | 77/138 kBProgress (2): 98/142 kB | 77/138 kBProgress (2): 99/142 kB | 77/138 kBProgress (2): 101/142 kB | 77/138 kBProgress (2): 102/142 kB | 77/138 kBProgress (2): 104/142 kB | 77/138 kBProgress (2): 105/142 kB | 77/138 kBProgress (2): 106/142 kB | 77/138 kBProgress (2): 108/142 kB | 77/138 kBProgress (2): 109/142 kB | 77/138 kBProgress (2): 111/142 kB | 77/138 kBProgress (2): 112/142 kB | 77/138 kBProgress (2): 113/142 kB | 77/138 kBProgress (2): 115/142 kB | 77/138 kBProgress (2): 116/142 kB | 77/138 kBProgress (2): 117/142 kB | 77/138 kBProgress (2): 119/142 kB | 77/138 kBProgress (2): 120/142 kB | 77/138 kBProgress (2): 122/142 kB | 77/138 kBProgress (2): 123/142 kB | 77/138 kBProgress (2): 124/142 kB | 77/138 kBProgress (2): 126/142 kB | 77/138 kBProgress (2): 127/142 kB | 77/138 kBProgress (2): 129/142 kB | 77/138 kBProgress (2): 130/142 kB | 77/138 kBProgress (2): 131/142 kB | 77/138 kBProgress (2): 133/142 kB | 77/138 kBProgress (2): 134/142 kB | 77/138 kBProgress (2): 136/142 kB | 77/138 kBProgress (2): 137/142 kB | 77/138 kBProgress (2): 138/142 kB | 77/138 kBProgress (2): 140/142 kB | 77/138 kBProgress (2): 141/142 kB | 77/138 kBProgress (2): 142 kB | 77/138 kB                                    Downloaded from repo.jenkins-ci.org: https://repo.jenkins-ci.org/public/org/jenkins-ci/plugins/workflow/workflow-durable-task-step/1400.v7a_fd50a_091de/workflow-durable-task-step-1400.v7a_fd50a_091de.hpi (142 kB at 385 kB/s)
Progress (1): 79/138 kBProgress (1): 80/138 kBProgress (1): 82/138 kBProgress (1): 83/138 kBProgress (1): 84/138 kBProgress (1): 86/138 kBProgress (1): 87/138 kBProgress (1): 89/138 kBProgress (1): 90/138 kBProgress (1): 91/138 kBProgress (1): 93/138 kBProgress (1): 94/138 kBProgress (1): 96/138 kBProgress (1): 97/138 kBProgress (1): 98/138 kBProgress (1): 100/138 kBProgress (1): 101/138 kBProgress (1): 103/138 kBProgress (1): 104/138 kBProgress (1): 105/138 kBProgress (1): 107/138 kBProgress (1): 108/138 kBProgress (1): 110/138 kBProgress (1): 111/138 kBProgress (1): 112/138 kBProgress (1): 114/138 kBProgress (1): 115/138 kBProgress (1): 116/138 kBProgress (1): 118/138 kBProgress (1): 119/138 kBProgress (1): 120/138 kBProgress (1): 122/138 kBProgress (1): 123/138 kBProgress (1): 125/138 kBProgress (1): 126/138 kBProgress (1): 127/138 kBProgress (1): 129/138 kBProgress (1): 130/138 kBProgress (1): 132/138 kBProgress (1): 133/138 kBProgress (1): 134/138 kBProgress (1): 136/138 kBProgress (1): 137/138 kBProgress (1): 138 kB                        Downloaded from repo.jenkins-ci.org: https://repo.jenkins-ci.org/public/org/jenkins-ci/plugins/workflow/workflow-job/1496.v5b_18defc07f2/workflow-job-1496.v5b_18defc07f2.hpi (138 kB at 369 kB/s)
[INFO] 
[INFO] --- hpi:3.64:test-runtime (default-test-runtime) @ docker-commons ---
[INFO] Tests are skipped.
[INFO] 
[INFO] --- surefire:3.5.3:test (default-test) @ docker-commons ---
[INFO] Tests are skipped.
[INFO] 
[INFO] --- license:165.v7e11f4e4a_325:process (default) @ docker-commons ---
[INFO] ------------------------------------------------------------------------
[INFO] BUILD FAILURE
[INFO] ------------------------------------------------------------------------
[INFO] Total time:  14.904 s
[INFO] Finished at: 2025-06-21T18:33:59+02:00
[INFO] ------------------------------------------------------------------------
---------------------------------------------------
constituent[0]: file:/home/poddingue/.sdkman/candidates/maven/current/conf/logging/
constituent[1]: file:/home/poddingue/.sdkman/candidates/maven/current/lib/plexus-cipher-2.0.jar
constituent[2]: file:/home/poddingue/.sdkman/candidates/maven/current/lib/maven-shared-utils-3.4.2.jar
constituent[3]: file:/home/poddingue/.sdkman/candidates/maven/current/lib/wagon-provider-api-3.5.3.jar
constituent[4]: file:/home/poddingue/.sdkman/candidates/maven/current/lib/guice-5.1.0.jar
constituent[5]: file:/home/poddingue/.sdkman/candidates/maven/current/lib/httpclient-4.5.14.jar
constituent[6]: file:/home/poddingue/.sdkman/candidates/maven/current/lib/slf4j-api-1.7.36.jar
constituent[7]: file:/home/poddingue/.sdkman/candidates/maven/current/lib/commons-codec-1.17.1.jar
constituent[8]: file:/home/poddingue/.sdkman/candidates/maven/current/lib/maven-resolver-impl-1.9.22.jar
constituent[9]: file:/home/poddingue/.sdkman/candidates/maven/current/lib/maven-resolver-named-locks-1.9.22.jar
constituent[10]: file:/home/poddingue/.sdkman/candidates/maven/current/lib/maven-resolver-util-1.9.22.jar
constituent[11]: file:/home/poddingue/.sdkman/candidates/maven/current/lib/maven-resolver-transport-http-1.9.22.jar
constituent[12]: file:/home/poddingue/.sdkman/candidates/maven/current/lib/plexus-sec-dispatcher-2.0.jar
constituent[13]: file:/home/poddingue/.sdkman/candidates/maven/current/lib/maven-resolver-api-1.9.22.jar
constituent[14]: file:/home/poddingue/.sdkman/candidates/maven/current/lib/guava-33.2.1-jre.jar
constituent[15]: file:/home/poddingue/.sdkman/candidates/maven/current/lib/maven-settings-3.9.9.jar
constituent[16]: file:/home/poddingue/.sdkman/candidates/maven/current/lib/maven-resolver-transport-file-1.9.22.jar
constituent[17]: file:/home/poddingue/.sdkman/candidates/maven/current/lib/wagon-http-shared-3.5.3.jar
constituent[18]: file:/home/poddingue/.sdkman/candidates/maven/current/lib/maven-resolver-transport-wagon-1.9.22.jar
constituent[19]: file:/home/poddingue/.sdkman/candidates/maven/current/lib/plexus-interpolation-1.27.jar
constituent[20]: file:/home/poddingue/.sdkman/candidates/maven/current/lib/maven-model-3.9.9.jar
constituent[21]: file:/home/poddingue/.sdkman/candidates/maven/current/lib/maven-settings-builder-3.9.9.jar
constituent[22]: file:/home/poddingue/.sdkman/candidates/maven/current/lib/jansi-2.4.1.jar
constituent[23]: file:/home/poddingue/.sdkman/candidates/maven/current/lib/commons-cli-1.8.0.jar
constituent[24]: file:/home/poddingue/.sdkman/candidates/maven/current/lib/httpcore-4.4.16.jar
constituent[25]: file:/home/poddingue/.sdkman/candidates/maven/current/lib/maven-builder-support-3.9.9.jar
constituent[26]: file:/home/poddingue/.sdkman/candidates/maven/current/lib/maven-embedder-3.9.9.jar
constituent[27]: file:/home/poddingue/.sdkman/candidates/maven/current/lib/maven-artifact-3.9.9.jar
constituent[28]: file:/home/poddingue/.sdkman/candidates/maven/current/lib/maven-compat-3.9.9.jar
constituent[29]: file:/home/poddingue/.sdkman/candidates/maven/current/lib/wagon-http-3.5.3.jar
constituent[30]: file:/home/poddingue/.sdkman/candidates/maven/current/lib/maven-model-builder-3.9.9.jar
constituent[31]: file:/home/poddingue/.sdkman/candidates/maven/current/lib/aopalliance-1.0.jar
constituent[32]: file:/home/poddingue/.sdkman/candidates/maven/current/lib/maven-slf4j-provider-3.9.9.jar
constituent[33]: file:/home/poddingue/.sdkman/candidates/maven/current/lib/maven-resolver-connector-basic-1.9.22.jar
constituent[34]: file:/home/poddingue/.sdkman/candidates/maven/current/lib/maven-plugin-api-3.9.9.jar
constituent[35]: file:/home/poddingue/.sdkman/candidates/maven/current/lib/javax.annotation-api-1.3.2.jar
constituent[36]: file:/home/poddingue/.sdkman/candidates/maven/current/lib/org.eclipse.sisu.inject-0.9.0.M3.jar
constituent[37]: file:/home/poddingue/.sdkman/candidates/maven/current/lib/jcl-over-slf4j-1.7.36.jar
constituent[38]: file:/home/poddingue/.sdkman/candidates/maven/current/lib/plexus-xml-3.0.1.jar
constituent[39]: file:/home/poddingue/.sdkman/candidates/maven/current/lib/plexus-utils-3.5.1.jar
constituent[40]: file:/home/poddingue/.sdkman/candidates/maven/current/lib/maven-resolver-provider-3.9.9.jar
constituent[41]: file:/home/poddingue/.sdkman/candidates/maven/current/lib/org.eclipse.sisu.plexus-0.9.0.M3.jar
constituent[42]: file:/home/poddingue/.sdkman/candidates/maven/current/lib/maven-resolver-spi-1.9.22.jar
constituent[43]: file:/home/poddingue/.sdkman/candidates/maven/current/lib/javax.inject-1.jar
constituent[44]: file:/home/poddingue/.sdkman/candidates/maven/current/lib/maven-core-3.9.9.jar
constituent[45]: file:/home/poddingue/.sdkman/candidates/maven/current/lib/wagon-file-3.5.3.jar
constituent[46]: file:/home/poddingue/.sdkman/candidates/maven/current/lib/plexus-component-annotations-2.1.0.jar
constituent[47]: file:/home/poddingue/.sdkman/candidates/maven/current/lib/failureaccess-1.0.2.jar
constituent[48]: file:/home/poddingue/.sdkman/candidates/maven/current/lib/maven-repository-metadata-3.9.9.jar
---------------------------------------------------
Exception in thread "main" BUG! exception in phase 'semantic analysis' in source unit 'inlineScript' Unsupported class file major version 69
	at org.codehaus.groovy.control.CompilationUnit$ISourceUnitOperation.doPhaseOperation(CompilationUnit.java:901)
	at org.codehaus.groovy.control.CompilationUnit.processPhaseOperations(CompilationUnit.java:692)
	at org.codehaus.groovy.control.CompilationUnit.compile(CompilationUnit.java:666)
	at groovy.lang.GroovyClassLoader.doParseClass(GroovyClassLoader.java:365)
	at groovy.lang.GroovyClassLoader.lambda$parseClass$2(GroovyClassLoader.java:314)
	at org.codehaus.groovy.runtime.memoize.StampedCommonCache.compute(StampedCommonCache.java:163)
	at org.codehaus.groovy.runtime.memoize.StampedCommonCache.getAndPut(StampedCommonCache.java:154)
	at groovy.lang.GroovyClassLoader.parseClass(GroovyClassLoader.java:314)
	at groovy.lang.GroovyShell.parseClass(GroovyShell.java:572)
	at groovy.lang.GroovyShell.parse(GroovyShell.java:585)
	at groovy.lang.GroovyShell.parse(GroovyShell.java:639)
	at groovy.lang.GroovyShell.parse(GroovyShell.java:643)
	at com.cloudbees.maven.license.ProcessMojo.execute(ProcessMojo.java:154)
	at org.apache.maven.plugin.DefaultBuildPluginManager.executeMojo(DefaultBuildPluginManager.java:126)
	at org.apache.maven.lifecycle.internal.MojoExecutor.doExecute2(MojoExecutor.java:328)
	at org.apache.maven.lifecycle.internal.MojoExecutor.doExecute(MojoExecutor.java:316)
	at org.apache.maven.lifecycle.internal.MojoExecutor.execute(MojoExecutor.java:212)
	at org.apache.maven.lifecycle.internal.MojoExecutor.execute(MojoExecutor.java:174)
	at org.apache.maven.lifecycle.internal.MojoExecutor.access$000(MojoExecutor.java:75)
	at org.apache.maven.lifecycle.internal.MojoExecutor$1.run(MojoExecutor.java:162)
	at org.apache.maven.plugin.DefaultMojosExecutionStrategy.execute(DefaultMojosExecutionStrategy.java:39)
	at org.apache.maven.lifecycle.internal.MojoExecutor.execute(MojoExecutor.java:159)
	at org.apache.maven.lifecycle.internal.LifecycleModuleBuilder.buildProject(LifecycleModuleBuilder.java:105)
	at org.apache.maven.lifecycle.internal.LifecycleModuleBuilder.buildProject(LifecycleModuleBuilder.java:73)
	at org.apache.maven.lifecycle.internal.builder.singlethreaded.SingleThreadedBuilder.build(SingleThreadedBuilder.java:53)
	at org.apache.maven.lifecycle.internal.LifecycleStarter.execute(LifecycleStarter.java:118)
	at org.apache.maven.DefaultMaven.doExecute(DefaultMaven.java:261)
	at org.apache.maven.DefaultMaven.doExecute(DefaultMaven.java:173)
	at org.apache.maven.DefaultMaven.execute(DefaultMaven.java:101)
	at org.apache.maven.cli.MavenCli.execute(MavenCli.java:906)
	at org.apache.maven.cli.MavenCli.doMain(MavenCli.java:283)
	at org.apache.maven.cli.MavenCli.main(MavenCli.java:206)
	at java.base/jdk.internal.reflect.DirectMethodHandleAccessor.invoke(DirectMethodHandleAccessor.java:104)
	at java.base/java.lang.reflect.Method.invoke(Method.java:565)
	at org.codehaus.plexus.classworlds.launcher.Launcher.launchEnhanced(Launcher.java:255)
	at org.codehaus.plexus.classworlds.launcher.Launcher.launch(Launcher.java:201)
	at org.codehaus.plexus.classworlds.launcher.Launcher.mainWithExitCode(Launcher.java:361)
	at org.codehaus.plexus.classworlds.launcher.Launcher.main(Launcher.java:314)
Caused by: java.lang.IllegalArgumentException: Unsupported class file major version 69
	at groovyjarjarasm.asm.ClassReader.<init>(ClassReader.java:200)
	at groovyjarjarasm.asm.ClassReader.<init>(ClassReader.java:180)
	at groovyjarjarasm.asm.ClassReader.<init>(ClassReader.java:166)
	at groovyjarjarasm.asm.ClassReader.<init>(ClassReader.java:288)
	at org.codehaus.groovy.ast.decompiled.AsmDecompiler.parseClass(AsmDecompiler.java:83)
	at org.codehaus.groovy.control.ClassNodeResolver.findDecompiled(ClassNodeResolver.java:255)
	at org.codehaus.groovy.control.ClassNodeResolver.tryAsLoaderClassOrScript(ClassNodeResolver.java:193)
	at org.codehaus.groovy.control.ClassNodeResolver.findClassNode(ClassNodeResolver.java:175)
	at org.codehaus.groovy.control.ClassNodeResolver.resolveName(ClassNodeResolver.java:129)
	at org.codehaus.groovy.control.ResolveVisitor.resolveToOuter(ResolveVisitor.java:782)
	at org.codehaus.groovy.control.ResolveVisitor.resolve(ResolveVisitor.java:423)
	at org.codehaus.groovy.control.ResolveVisitor.resolveFromDefaultImports(ResolveVisitor.java:577)
	at org.codehaus.groovy.control.ResolveVisitor.resolveFromDefaultImports(ResolveVisitor.java:541)
	at org.codehaus.groovy.control.ResolveVisitor.resolve(ResolveVisitor.java:422)
	at org.codehaus.groovy.control.ResolveVisitor.resolve(ResolveVisitor.java:384)
	at org.codehaus.groovy.control.ResolveVisitor.resolveOrFail(ResolveVisitor.java:352)
	at org.codehaus.groovy.control.ResolveVisitor.resolveOrFail(ResolveVisitor.java:341)
	at org.codehaus.groovy.control.ResolveVisitor.resolveOrFail(ResolveVisitor.java:337)
	at org.codehaus.groovy.control.ResolveVisitor.transform(ResolveVisitor.java:817)
	at org.codehaus.groovy.control.ResolveVisitor.transformDeclarationExpression(ResolveVisitor.java:1173)
	at org.codehaus.groovy.control.ResolveVisitor.transform(ResolveVisitor.java:805)
	at org.codehaus.groovy.ast.ClassCodeExpressionTransformer.visitExpressionStatement(ClassCodeExpressionTransformer.java:129)
	at org.codehaus.groovy.ast.stmt.ExpressionStatement.visit(ExpressionStatement.java:41)
	at org.codehaus.groovy.ast.CodeVisitorSupport.visitBlockStatement(CodeVisitorSupport.java:86)
	at org.codehaus.groovy.ast.ClassCodeVisitorSupport.visitBlockStatement(ClassCodeVisitorSupport.java:168)
	at org.codehaus.groovy.control.ResolveVisitor.visitBlockStatement(ResolveVisitor.java:1386)
	at org.codehaus.groovy.ast.stmt.BlockStatement.visit(BlockStatement.java:72)
	at org.codehaus.groovy.control.ResolveVisitor.transformClosureExpression(ResolveVisitor.java:1125)
	at org.codehaus.groovy.control.ResolveVisitor.transform(ResolveVisitor.java:811)
	at org.codehaus.groovy.ast.expr.Expression.transformExpressions(Expression.java:49)
	at org.codehaus.groovy.ast.expr.ArgumentListExpression.transformExpression(ArgumentListExpression.java:67)
	at org.codehaus.groovy.control.ResolveVisitor.transform(ResolveVisitor.java:818)
	at org.codehaus.groovy.control.ResolveVisitor.transformMethodCallExpression(ResolveVisitor.java:1147)
	at org.codehaus.groovy.control.ResolveVisitor.transform(ResolveVisitor.java:809)
	at org.codehaus.groovy.ast.ClassCodeExpressionTransformer.visitExpressionStatement(ClassCodeExpressionTransformer.java:129)
	at org.codehaus.groovy.ast.stmt.ExpressionStatement.visit(ExpressionStatement.java:41)
	at org.codehaus.groovy.ast.CodeVisitorSupport.visitBlockStatement(CodeVisitorSupport.java:86)
	at org.codehaus.groovy.ast.ClassCodeVisitorSupport.visitBlockStatement(ClassCodeVisitorSupport.java:168)
	at org.codehaus.groovy.control.ResolveVisitor.visitBlockStatement(ResolveVisitor.java:1386)
	at org.codehaus.groovy.ast.stmt.BlockStatement.visit(BlockStatement.java:72)
	at org.codehaus.groovy.ast.ClassCodeVisitorSupport.visitClassCodeContainer(ClassCodeVisitorSupport.java:142)
	at org.codehaus.groovy.ast.ClassCodeVisitorSupport.visitConstructorOrMethod(ClassCodeVisitorSupport.java:115)
	at org.codehaus.groovy.ast.ClassCodeExpressionTransformer.visitConstructorOrMethod(ClassCodeExpressionTransformer.java:87)
	at org.codehaus.groovy.control.ResolveVisitor.visitConstructorOrMethod(ResolveVisitor.java:329)
	at org.codehaus.groovy.ast.ClassCodeVisitorSupport.visitMethod(ClassCodeVisitorSupport.java:110)
	at org.codehaus.groovy.ast.ClassNode.visitMethods(ClassNode.java:1132)
	at org.codehaus.groovy.ast.ClassNode.visitContents(ClassNode.java:1125)
	at org.codehaus.groovy.control.ResolveVisitor.visitClass(ResolveVisitor.java:1315)
	at org.codehaus.groovy.control.ResolveVisitor.startResolving(ResolveVisitor.java:258)
	at org.codehaus.groovy.control.CompilationUnit.lambda$addPhaseOperations$4(CompilationUnit.java:218)
	at org.codehaus.groovy.control.CompilationUnit$ISourceUnitOperation.doPhaseOperation(CompilationUnit.java:897)
	... 37 more
