WARNING: A terminally deprecated method in sun.misc.Unsafe has been called
WARNING: sun.misc.Unsafe::staticFieldBase has been called by com.google.inject.internal.aop.HiddenClassDefiner (file:/home/poddingue/.sdkman/candidates/maven/current/lib/guice-5.1.0-classes.jar)
WARNING: Please consider reporting this to the maintainers of class com.google.inject.internal.aop.HiddenClassDefiner
WARNING: sun.misc.Unsafe::staticFieldBase will be removed in a future release
[INFO] Scanning for projects...
[INFO] 
[INFO] Using the MultiThreadedBuilder implementation with a thread count of 4
[INFO] 
[INFO] ---------------< org.jenkins-ci.plugins:docker-workflow >---------------
[INFO] Building Docker Pipeline 999999-SNAPSHOT
[INFO]   from pom.xml
[INFO] --------------------------------[ hpi ]---------------------------------
[INFO] 
[INFO] --- clean:3.5.0:clean (default-clean) @ docker-workflow ---
[INFO] 
[INFO] --- hpi:3.66:validate (default-validate) @ docker-workflow ---
[INFO] Created marker file /tmp/plugin-builds/docker-workflow/target/java-level/17
[INFO] 
[INFO] --- hpi:3.66:validate-hpi (default-validate-hpi) @ docker-workflow ---
[INFO] 
[INFO] --- enforcer:3.5.0:enforce (display-info) @ docker-workflow ---
[INFO] Rule 0: io.jenkins.tools.incrementals.enforcer.RequireExtensionVersion passed
[INFO] Rule 1: org.apache.maven.enforcer.rules.version.RequireMavenVersion passed
[INFO] Rule 2: org.apache.maven.enforcer.rules.version.RequireJavaVersion passed
[INFO] Rule 3: org.codehaus.mojo.extraenforcer.dependencies.EnforceBytecodeVersion passed
[INFO] Rule 4: org.apache.maven.enforcer.rules.dependency.BannedDependencies passed
[INFO] Rule 5: org.apache.maven.enforcer.rules.dependency.BannedDependencies passed
[INFO] Ignoring requireUpperBoundDeps in com.google.code.findbugs:jsr305
[INFO] Ignoring requireUpperBoundDeps in org.ow2.asm:asm
[INFO] Rule 6: org.apache.maven.enforcer.rules.dependency.RequireUpperBoundDeps passed
[INFO] 
[INFO] --- enforcer:3.5.0:enforce (no-snapshots-in-release) @ docker-workflow ---
[INFO] Rule 0: org.apache.maven.enforcer.rules.dependency.RequireReleaseDeps passed
[INFO] 
[INFO] --- localizer:1.31:generate (default) @ docker-workflow ---
[INFO] 
[INFO] --- resources:3.3.1:resources (default-resources) @ docker-workflow ---
[INFO] Copying 44 resources from src/main/resources to target/classes
[INFO] 
[INFO] --- flatten:1.7.1:flatten (flatten) @ docker-workflow ---
[INFO] Generating flattened POM of project org.jenkins-ci.plugins:docker-workflow:hpi:999999-SNAPSHOT...
[INFO] 
[INFO] --- compiler:3.14.0:compile (default-compile) @ docker-workflow ---
[INFO] Recompiling the module because of changed source code.
[INFO] Compiling 26 source files with javac [debug parameters release 17] to target/classes
[INFO] org.jenkinsci.plugins.docker.workflow.DockerDSL indexed under hudson.Extension
[INFO] org.jenkinsci.plugins.docker.workflow.DockerDSL.DockerDSLAllowlist indexed under hudson.Extension
[INFO] org.jenkinsci.plugins.docker.workflow.FromFingerprintStep.DescriptorImpl indexed under hudson.Extension
[INFO] org.jenkinsci.plugins.docker.workflow.ImageAction.ExtractorImpl indexed under hudson.Extension
[INFO] org.jenkinsci.plugins.docker.workflow.RegistryEndpointStep.DescriptorImpl indexed under hudson.Extension
[INFO] org.jenkinsci.plugins.docker.workflow.RunFingerprintStep.DescriptorImpl indexed under hudson.Extension
[INFO] org.jenkinsci.plugins.docker.workflow.ServerEndpointStep.DescriptorImpl indexed under hudson.Extension
[INFO] org.jenkinsci.plugins.docker.workflow.WithContainerStep.DescriptorImpl indexed under hudson.Extension
[INFO] org.jenkinsci.plugins.docker.workflow.declarative.AbstractDockerAgent.ChangelogConditionalScriptAllowlist indexed under hudson.Extension
[INFO] org.jenkinsci.plugins.docker.workflow.declarative.AbstractDockerAgent.Compat indexed under hudson.Extension
[INFO] org.jenkinsci.plugins.docker.workflow.declarative.ContainerPerStage.DescriptorImpl indexed under hudson.Extension
[INFO] org.jenkinsci.plugins.docker.workflow.declarative.DockerPipeline.DescriptorImpl indexed under hudson.Extension
[INFO] org.jenkinsci.plugins.docker.workflow.declarative.DockerPipelineFromDockerfile.DescriptorImpl indexed under hudson.Extension
[INFO] org.jenkinsci.plugins.docker.workflow.declarative.FolderConfig.DescriptorImpl indexed under hudson.Extension
[INFO] org.jenkinsci.plugins.docker.workflow.declarative.FolderConfig.FolderDockerPropertiesProvider indexed under hudson.Extension
[INFO] org.jenkinsci.plugins.docker.workflow.declarative.GlobalConfig indexed under hudson.Extension
[INFO] org.jenkinsci.plugins.docker.workflow.declarative.GlobalConfig.GlobalConfigDockerPropertiesProvider indexed under hudson.Extension
[INFO] /tmp/plugin-builds/docker-workflow/src/main/java/org/jenkinsci/plugins/docker/workflow/Dockerfile.java:[46,34] Generating org/jenkinsci/plugins/docker/workflow/Dockerfile.stapler
[INFO] /tmp/plugin-builds/docker-workflow/src/main/java/org/jenkinsci/plugins/docker/workflow/FromFingerprintStep.java:[60,34] Generating org/jenkinsci/plugins/docker/workflow/FromFingerprintStep.stapler
[INFO] /tmp/plugin-builds/docker-workflow/src/main/java/org/jenkinsci/plugins/docker/workflow/RegistryEndpointStep.java:[60,34] Generating org/jenkinsci/plugins/docker/workflow/RegistryEndpointStep.stapler
[INFO] /tmp/plugin-builds/docker-workflow/src/main/java/org/jenkinsci/plugins/docker/workflow/RunFingerprintStep.java:[52,34] Generating org/jenkinsci/plugins/docker/workflow/RunFingerprintStep.stapler
[INFO] /tmp/plugin-builds/docker-workflow/src/main/java/org/jenkinsci/plugins/docker/workflow/ServerEndpointStep.java:[46,34] Generating org/jenkinsci/plugins/docker/workflow/ServerEndpointStep.stapler
[INFO] /tmp/plugin-builds/docker-workflow/src/main/java/org/jenkinsci/plugins/docker/workflow/WithContainerStep.java:[84,34] Generating org/jenkinsci/plugins/docker/workflow/WithContainerStep.stapler
[INFO] /tmp/plugin-builds/docker-workflow/src/main/java/org/jenkinsci/plugins/docker/workflow/declarative/ContainerPerStage.java:[36,12] Generating org/jenkinsci/plugins/docker/workflow/declarative/ContainerPerStage.stapler
[INFO] /tmp/plugin-builds/docker-workflow/src/main/java/org/jenkinsci/plugins/docker/workflow/declarative/DockerPipeline.java:[44,12] Generating org/jenkinsci/plugins/docker/workflow/declarative/DockerPipeline.stapler
[INFO] /tmp/plugin-builds/docker-workflow/src/main/java/org/jenkinsci/plugins/docker/workflow/declarative/DockerPipelineFromDockerfile.java:[42,12] Generating org/jenkinsci/plugins/docker/workflow/declarative/DockerPipelineFromDockerfile.stapler
[INFO] /tmp/plugin-builds/docker-workflow/src/main/java/org/jenkinsci/plugins/docker/workflow/declarative/FolderConfig.java:[53,12] Generating org/jenkinsci/plugins/docker/workflow/declarative/FolderConfig.stapler
[INFO] /tmp/plugin-builds/docker-workflow/src/main/java/org/jenkinsci/plugins/docker/workflow/declarative/DockerPipeline.java:[69,31] Generating org/jenkinsci/plugins/docker/workflow/declarative/DockerPipeline/DescriptorImpl/doCheckImage.stapler
[INFO] /tmp/plugin-builds/docker-workflow/src/main/java/org/jenkinsci/plugins/docker/workflow/WithContainerStep.java: /tmp/plugin-builds/docker-workflow/src/main/java/org/jenkinsci/plugins/docker/workflow/WithContainerStep.java uses or overrides a deprecated API.
[INFO] /tmp/plugin-builds/docker-workflow/src/main/java/org/jenkinsci/plugins/docker/workflow/WithContainerStep.java: Recompile with -Xlint:deprecation for details.
[INFO] /tmp/plugin-builds/docker-workflow/src/main/java/org/jenkinsci/plugins/docker/workflow/declarative/AbstractDockerAgent.java: Some input files use unchecked or unsafe operations.
[INFO] /tmp/plugin-builds/docker-workflow/src/main/java/org/jenkinsci/plugins/docker/workflow/declarative/AbstractDockerAgent.java: Recompile with -Xlint:unchecked for details.
[INFO] 
[INFO] --- access-modifier-checker:1.35:enforce (default-enforce) @ docker-workflow ---
[INFO] 
[INFO] --- bridge-method-injector:1.31:process (default) @ docker-workflow ---
[INFO] 
[INFO] --- hpi:3.66:insert-test (default-insert-test) @ docker-workflow ---
[INFO] 
[INFO] --- antrun:3.1.0:run (createTempDir) @ docker-workflow ---
[INFO] Executing tasks
[INFO]     [mkdir] Created dir: /tmp/plugin-builds/docker-workflow/target/tmp
[INFO] Executed tasks
[INFO] 
[INFO] --- resources:3.3.1:testResources (default-testResources) @ docker-workflow ---
[INFO] Not copying test resources
[INFO] 
[INFO] --- compiler:3.14.0:testCompile (default-testCompile) @ docker-workflow ---
[INFO] Not compiling test sources
[INFO] 
[INFO] --- hpi:3.66:test-hpl (default-test-hpl) @ docker-workflow ---
[INFO] Generating /tmp/plugin-builds/docker-workflow/target/test-classes/the.hpl
[INFO] 
[INFO] --- hpi:3.66:resolve-test-dependencies (default-resolve-test-dependencies) @ docker-workflow ---
[INFO] 
[INFO] --- hpi:3.66:test-runtime (default-test-runtime) @ docker-workflow ---
[INFO] Tests are skipped.
[INFO] 
[INFO] --- surefire:3.5.3:test (default-test) @ docker-workflow ---
[WARNING]  Parameter 'systemProperties' is deprecated: Use systemPropertyVariables instead.
[INFO] Tests are skipped.
[INFO] 
[INFO] --- license:165.v7e11f4e4a_325:process (default) @ docker-workflow ---
[INFO] ------------------------------------------------------------------------
[INFO] BUILD FAILURE
[INFO] ------------------------------------------------------------------------
[INFO] Total time:  23.298 s (Wall Clock)
[INFO] Finished at: 2025-08-22T18:12:41+02:00
[INFO] ------------------------------------------------------------------------
[ERROR] BUG! exception in phase 'semantic analysis' in source unit 'inlineScript' Unsupported class file major version 69 -> [Help 1]
[ERROR] BUG! exception in phase 'semantic analysis' in source unit 'inlineScript' Unsupported class file major version 69
[ERROR] 
[ERROR] To see the full stack trace of the errors, re-run Maven with the -e switch.
[ERROR] Re-run Maven using the -X switch to enable full debug logging.
[ERROR] 
[ERROR] For more information about the errors and possible solutions, please read the following articles:
[ERROR] [Help 1] http://cwiki.apache.org/confluence/display/MAVEN/GroovyBugError
