WARNING: A terminally deprecated method in sun.misc.Unsafe has been called
WARNING: sun.misc.Unsafe::staticFieldBase has been called by com.google.inject.internal.aop.HiddenClassDefiner (file:/home/poddingue/.sdkman/candidates/maven/current/lib/guice-5.1.0-classes.jar)
WARNING: Please consider reporting this to the maintainers of class com.google.inject.internal.aop.HiddenClassDefiner
WARNING: sun.misc.Unsafe::staticFieldBase will be removed in a future release
[INFO] Scanning for projects...
[INFO] 
[INFO] Using the MultiThreadedBuilder implementation with a thread count of 4
[INFO] 
[INFO] --------------------< io.jenkins.plugins:eddsa-api >--------------------
[INFO] Building EDDSA API Plugin 0.3.0.1-999999-SNAPSHOT
[INFO]   from pom.xml
[INFO] --------------------------------[ hpi ]---------------------------------
[INFO] 
[INFO] --- clean:3.4.0:clean (default-clean) @ eddsa-api ---
[INFO] 
[INFO] --- hpi:3.61:validate (default-validate) @ eddsa-api ---
[INFO] Created marker file /tmp/plugin-builds/eddsa-api/target/java-level/17
[INFO] 
[INFO] --- hpi:3.61:validate-hpi (default-validate-hpi) @ eddsa-api ---
[INFO] 
[INFO] --- enforcer:3.5.0:enforce (display-info) @ eddsa-api ---
[INFO] Rule 0: io.jenkins.tools.incrementals.enforcer.RequireExtensionVersion passed
[INFO] Rule 1: org.apache.maven.enforcer.rules.version.RequireMavenVersion passed
[INFO] Rule 2: org.apache.maven.enforcer.rules.version.RequireJavaVersion passed
[INFO] Rule 3: org.codehaus.mojo.extraenforcer.dependencies.EnforceBytecodeVersion passed
[INFO] Rule 4: org.apache.maven.enforcer.rules.dependency.BannedDependencies passed
[INFO] Rule 5: org.apache.maven.enforcer.rules.dependency.BannedDependencies passed
[INFO] Rule 6: org.apache.maven.enforcer.rules.dependency.RequireUpperBoundDeps passed
[INFO] 
[INFO] --- enforcer:3.5.0:enforce (no-snapshots-in-release) @ eddsa-api ---
[INFO] Rule 0: org.apache.maven.enforcer.rules.dependency.RequireReleaseDeps passed
[INFO] 
[INFO] --- localizer:1.31:generate (default) @ eddsa-api ---
[INFO] 
[INFO] --- resources:3.3.1:resources (default-resources) @ eddsa-api ---
[INFO] Copying 1 resource from src/main/resources to target/classes
[INFO] 
[INFO] --- flatten:1.6.0:flatten (flatten) @ eddsa-api ---
[INFO] Generating flattened POM of project io.jenkins.plugins:eddsa-api:hpi:0.3.0.1-999999-SNAPSHOT...
[INFO] 
[INFO] --- compiler:3.13.0:compile (default-compile) @ eddsa-api ---
[INFO] Recompiling the module because of changed source code.
[INFO] Compiling 28 source files with javac [debug parameters release 17] to target/classes
[WARNING] /tmp/plugin-builds/eddsa-api/src/main/java/net/i2p/crypto/eddsa/EdDSAEngine.java:[485,20] deprecated item is not annotated with @Deprecated
[WARNING] /tmp/plugin-builds/eddsa-api/src/main/java/net/i2p/crypto/eddsa/EdDSAEngine.java:[493,22] deprecated item is not annotated with @Deprecated
[WARNING] /tmp/plugin-builds/eddsa-api/src/main/java/net/i2p/crypto/eddsa/EdDSASecurityProvider.java:[34,9] java.security.AccessController in java.security has been deprecated and marked for removal
[INFO] /tmp/plugin-builds/eddsa-api/src/main/java/net/i2p/crypto/eddsa/EdDSASecurityProvider.java: /tmp/plugin-builds/eddsa-api/src/main/java/net/i2p/crypto/eddsa/EdDSASecurityProvider.java uses or overrides a deprecated API.
[INFO] /tmp/plugin-builds/eddsa-api/src/main/java/net/i2p/crypto/eddsa/EdDSASecurityProvider.java: Recompile with -Xlint:deprecation for details.
[INFO] 
[INFO] --- access-modifier-checker:1.34:enforce (default-enforce) @ eddsa-api ---
[INFO] 
[INFO] --- hpi:3.61:insert-test (default-insert-test) @ eddsa-api ---
[INFO] 
[INFO] --- antrun:3.1.0:run (createTempDir) @ eddsa-api ---
[INFO] Executing tasks
[INFO]     [mkdir] Created dir: /tmp/plugin-builds/eddsa-api/target/tmp
[INFO] Executed tasks
[INFO] 
[INFO] --- resources:3.3.1:testResources (default-testResources) @ eddsa-api ---
[INFO] Not copying test resources
[INFO] 
[INFO] --- compiler:3.13.0:testCompile (default-testCompile) @ eddsa-api ---
[INFO] Not compiling test sources
[INFO] 
[INFO] --- hpi:3.61:test-hpl (default-test-hpl) @ eddsa-api ---
[INFO] Generating /tmp/plugin-builds/eddsa-api/target/test-classes/the.hpl
[INFO] 
[INFO] --- hpi:3.61:resolve-test-dependencies (default-resolve-test-dependencies) @ eddsa-api ---
[INFO] 
[INFO] --- hpi:3.61:test-runtime (default-test-runtime) @ eddsa-api ---
[INFO] Tests are skipped.
[INFO] 
[INFO] --- surefire:3.5.2:test (default-test) @ eddsa-api ---
[INFO] Tests are skipped.
[INFO] 
[INFO] --- license:165.v7e11f4e4a_325:process (default) @ eddsa-api ---
[INFO] ------------------------------------------------------------------------
[INFO] BUILD FAILURE
[INFO] ------------------------------------------------------------------------
[INFO] Total time:  19.519 s (Wall Clock)
[INFO] Finished at: 2025-09-01T09:21:51+02:00
[INFO] ------------------------------------------------------------------------
[ERROR] BUG! exception in phase 'semantic analysis' in source unit 'inlineScript' Unsupported class file major version 69 -> [Help 1]
[ERROR] BUG! exception in phase 'semantic analysis' in source unit 'inlineScript' Unsupported class file major version 69
[ERROR] 
[ERROR] To see the full stack trace of the errors, re-run Maven with the -e switch.
[ERROR] Re-run Maven using the -X switch to enable full debug logging.
[ERROR] 
[ERROR] For more information about the errors and possible solutions, please read the following articles:
[ERROR] [Help 1] http://cwiki.apache.org/confluence/display/MAVEN/GroovyBugError
