WARNING: A restricted method in java.lang.System has been called
WARNING: java.lang.System::load has been called by org.fusesource.jansi.internal.JansiLoader in an unnamed module (file:/home/poddingue/.sdkman/candidates/maven/current/lib/jansi-2.4.1.jar)
WARNING: Use --enable-native-access=ALL-UNNAMED to avoid a warning for callers in this module
WARNING: Restricted methods will be blocked in a future release unless native access is enabled

WARNING: A terminally deprecated method in sun.misc.Unsafe has been called
WARNING: sun.misc.Unsafe::objectFieldOffset has been called by com.google.common.util.concurrent.AbstractFuture$UnsafeAtomicHelper (file:/home/poddingue/.sdkman/candidates/maven/current/lib/guava-33.2.1-jre.jar)
WARNING: Please consider reporting this to the maintainers of class com.google.common.util.concurrent.AbstractFuture$UnsafeAtomicHelper
WARNING: sun.misc.Unsafe::objectFieldOffset will be removed in a future release
[INFO] Scanning for projects...
[INFO] 
[INFO] ------------------< org.jenkins-ci.plugins:email-ext >------------------
[INFO] Building Email Extension Plugin 999999-SNAPSHOT
[INFO]   from pom.xml
[INFO] --------------------------------[ hpi ]---------------------------------
Downloading from repo.jenkins-ci.org: https://repo.jenkins-ci.org/public/net/htmlparser/jericho/jericho-html/3.4/jericho-html-3.4.pom
Downloading from incrementals: https://repo.jenkins-ci.org/incrementals/net/htmlparser/jericho/jericho-html/3.4/jericho-html-3.4.pom
Downloading from central: https://repo.maven.apache.org/maven2/net/htmlparser/jericho/jericho-html/3.4/jericho-html-3.4.pom
Progress (1): 1.4/2.6 kBProgress (1): 2.6 kB                        Downloaded from central: https://repo.maven.apache.org/maven2/net/htmlparser/jericho/jericho-html/3.4/jericho-html-3.4.pom (2.6 kB at 44 kB/s)
Downloading from repo.jenkins-ci.org: https://repo.jenkins-ci.org/public/org/jenkins-ci/plugins/config-file-provider/988.v0461fcc2b_9d1/config-file-provider-988.v0461fcc2b_9d1.pom
Progress (1): 0.4/4.3 kBProgress (1): 1.8/4.3 kBProgress (1): 3.2/4.3 kBProgress (1): 4.3 kB                        Downloaded from repo.jenkins-ci.org: https://repo.jenkins-ci.org/public/org/jenkins-ci/plugins/config-file-provider/988.v0461fcc2b_9d1/config-file-provider-988.v0461fcc2b_9d1.pom (4.3 kB at 39 kB/s)
Downloading from repo.jenkins-ci.org: https://repo.jenkins-ci.org/public/org/jenkins-ci/plugins/jsoup/1.20.1-46.ve5f1416988c2/jsoup-1.20.1-46.ve5f1416988c2.pom
Progress (1): 0.4/3.6 kBProgress (1): 1.8/3.6 kBProgress (1): 3.2/3.6 kBProgress (1): 3.6 kB                        Downloaded from repo.jenkins-ci.org: https://repo.jenkins-ci.org/public/org/jenkins-ci/plugins/jsoup/1.20.1-46.ve5f1416988c2/jsoup-1.20.1-46.ve5f1416988c2.pom (3.6 kB at 32 kB/s)
Downloading from repo.jenkins-ci.org: https://repo.jenkins-ci.org/public/org/jsoup/jsoup/1.20.1/jsoup-1.20.1.pom
Downloading from incrementals: https://repo.jenkins-ci.org/incrementals/org/jsoup/jsoup/1.20.1/jsoup-1.20.1.pom
Downloading from central: https://repo.maven.apache.org/maven2/org/jsoup/jsoup/1.20.1/jsoup-1.20.1.pom
Progress (1): 1.4/21 kBProgress (1): 2.8/21 kBProgress (1): 4.1/21 kBProgress (1): 5.5/21 kBProgress (1): 6.9/21 kBProgress (1): 8.3/21 kBProgress (1): 9.7/21 kBProgress (1): 11/21 kB Progress (1): 12/21 kBProgress (1): 14/21 kBProgress (1): 15/21 kBProgress (1): 17/21 kBProgress (1): 18/21 kBProgress (1): 19/21 kBProgress (1): 21 kB                      Downloaded from central: https://repo.maven.apache.org/maven2/org/jsoup/jsoup/1.20.1/jsoup-1.20.1.pom (21 kB at 1.3 MB/s)
Downloading from repo.jenkins-ci.org: https://repo.jenkins-ci.org/public/net/htmlparser/jericho/jericho-html/3.4/jericho-html-3.4.jar
Downloading from repo.jenkins-ci.org: https://repo.jenkins-ci.org/public/org/jenkins-ci/plugins/config-file-provider/988.v0461fcc2b_9d1/config-file-provider-988.v0461fcc2b_9d1.jar
Downloading from repo.jenkins-ci.org: https://repo.jenkins-ci.org/public/org/jenkins-ci/plugins/jsoup/1.20.1-46.ve5f1416988c2/jsoup-1.20.1-46.ve5f1416988c2.jar
Downloading from repo.jenkins-ci.org: https://repo.jenkins-ci.org/public/org/jsoup/jsoup/1.20.1/jsoup-1.20.1.jar
Progress (1): 0.4/3.2 kBProgress (1): 1.8/3.2 kBProgress (1): 3.2 kB                        Downloaded from repo.jenkins-ci.org: https://repo.jenkins-ci.org/public/org/jenkins-ci/plugins/jsoup/1.20.1-46.ve5f1416988c2/jsoup-1.20.1-46.ve5f1416988c2.jar (3.2 kB at 8.3 kB/s)
Progress (1): 16/258 kBProgress (1): 17/258 kBProgress (1): 33/258 kBProgress (1): 34/258 kBProgress (1): 51/258 kBProgress (1): 52/258 kBProgress (1): 68/258 kBProgress (1): 69/258 kBProgress (1): 85/258 kBProgress (1): 86/258 kBProgress (1): 103/258 kBProgress (1): 104/258 kBProgress (1): 120/258 kBProgress (1): 121/258 kBProgress (1): 138/258 kBProgress (1): 139/258 kBProgress (1): 155/258 kBProgress (1): 156/258 kBProgress (1): 172/258 kBProgress (1): 173/258 kBProgress (1): 190/258 kBProgress (1): 191/258 kBProgress (1): 207/258 kBProgress (1): 208/258 kBProgress (1): 225/258 kBProgress (1): 226/258 kBProgress (1): 242/258 kBProgress (1): 243/258 kBProgress (1): 258 kB                        Downloaded from repo.jenkins-ci.org: https://repo.jenkins-ci.org/public/org/jenkins-ci/plugins/config-file-provider/988.v0461fcc2b_9d1/config-file-provider-988.v0461fcc2b_9d1.jar (258 kB at 284 kB/s)
Downloading from incrementals: https://repo.jenkins-ci.org/incrementals/net/htmlparser/jericho/jericho-html/3.4/jericho-html-3.4.jar
Downloading from incrementals: https://repo.jenkins-ci.org/incrementals/org/jsoup/jsoup/1.20.1/jsoup-1.20.1.jar
Downloading from central: https://repo.maven.apache.org/maven2/net/htmlparser/jericho/jericho-html/3.4/jericho-html-3.4.jar
Progress (1): 1.4/238 kBProgress (1): 2.8/238 kBProgress (1): 4.1/238 kBProgress (1): 5.5/238 kBProgress (1): 6.9/238 kBProgress (1): 8.3/238 kBProgress (1): 9.7/238 kBProgress (1): 11/238 kB Progress (1): 12/238 kBProgress (1): 14/238 kBProgress (1): 15/238 kBProgress (1): 16/238 kBProgress (1): 33/238 kBProgress (1): 49/238 kBProgress (1): 64/238 kBProgress (1): 81/238 kBProgress (1): 97/238 kBProgress (1): 113/238 kBProgress (1): 130/238 kBProgress (1): 146/238 kBProgress (1): 163/238 kBProgress (1): 179/238 kBProgress (1): 195/238 kBProgress (1): 212/238 kBProgress (1): 228/238 kBProgress (1): 238 kB                        Downloaded from central: https://repo.maven.apache.org/maven2/net/htmlparser/jericho/jericho-html/3.4/jericho-html-3.4.jar (238 kB at 8.2 MB/s)
Downloading from central: https://repo.maven.apache.org/maven2/org/jsoup/jsoup/1.20.1/jsoup-1.20.1.jar
Progress (1): 16/484 kBProgress (1): 33/484 kBProgress (1): 49/484 kBProgress (1): 64/484 kBProgress (1): 80/484 kBProgress (1): 96/484 kBProgress (1): 113/484 kBProgress (1): 129/484 kBProgress (1): 146/484 kBProgress (1): 162/484 kBProgress (1): 178/484 kBProgress (1): 195/484 kBProgress (1): 211/484 kBProgress (1): 228/484 kBProgress (1): 244/484 kBProgress (1): 260/484 kBProgress (1): 277/484 kBProgress (1): 293/484 kBProgress (1): 309/484 kBProgress (1): 326/484 kBProgress (1): 342/484 kBProgress (1): 359/484 kBProgress (1): 375/484 kBProgress (1): 391/484 kBProgress (1): 408/484 kBProgress (1): 424/484 kBProgress (1): 441/484 kBProgress (1): 457/484 kBProgress (1): 473/484 kBProgress (1): 484 kB                        Downloaded from central: https://repo.maven.apache.org/maven2/org/jsoup/jsoup/1.20.1/jsoup-1.20.1.jar (484 kB at 20 MB/s)
[INFO] 
[INFO] --- clean:3.4.1:clean (default-clean) @ email-ext ---
[INFO] 
[INFO] --- hpi:3.65:validate (default-validate) @ email-ext ---
[INFO] Created marker file /tmp/plugin-builds/email-ext/target/java-level/17
[INFO] 
[INFO] --- hpi:3.65:validate-hpi (default-validate-hpi) @ email-ext ---
[INFO] 
[INFO] --- enforcer:3.5.0:enforce (display-info) @ email-ext ---
[INFO] Rule 0: io.jenkins.tools.incrementals.enforcer.RequireExtensionVersion passed
[INFO] Rule 1: org.apache.maven.enforcer.rules.version.RequireMavenVersion passed
[INFO] Rule 2: org.apache.maven.enforcer.rules.version.RequireJavaVersion passed
[INFO] Rule 3: org.codehaus.mojo.extraenforcer.dependencies.EnforceBytecodeVersion passed
[INFO] Rule 4: org.apache.maven.enforcer.rules.dependency.BannedDependencies passed
[INFO] Rule 5: org.apache.maven.enforcer.rules.dependency.BannedDependencies passed
[INFO] Ignoring requireUpperBoundDeps in org.ow2.asm:asm
[INFO] Rule 6: org.apache.maven.enforcer.rules.dependency.RequireUpperBoundDeps passed
[INFO] 
[INFO] --- enforcer:3.5.0:enforce (no-snapshots-in-release) @ email-ext ---
[INFO] Rule 0: org.apache.maven.enforcer.rules.dependency.RequireReleaseDeps passed
[INFO] 
[INFO] --- localizer:1.31:generate (default) @ email-ext ---
[INFO] 
[INFO] --- resources:3.3.1:resources (default-resources) @ email-ext ---
[INFO] Copying 117 resources from src/main/resources to target/classes
[INFO] 
[INFO] --- flatten:1.7.0:flatten (flatten) @ email-ext ---
[INFO] Generating flattened POM of project org.jenkins-ci.plugins:email-ext:hpi:999999-SNAPSHOT...
[INFO] 
[INFO] --- compiler:3.14.0:compile (default-compile) @ email-ext ---
[INFO] Recompiling the module because of changed source code.
[INFO] Compiling 84 source files with javac [debug parameters release 17] to target/classes
[INFO] hudson.plugins.emailext.plugins.content.JellyScriptContent indexed under hudson.plugins.emailext.plugins.EmailToken
[INFO] hudson.plugins.emailext.plugins.content.ScriptContent indexed under hudson.plugins.emailext.plugins.EmailToken
[INFO] hudson.plugins.emailext.plugins.content.TemplateContent indexed under hudson.plugins.emailext.plugins.EmailToken
[INFO] hudson.plugins.emailext.EmailExtRecipientStep.DescriptorImpl indexed under hudson.Extension
[INFO] hudson.plugins.emailext.EmailExtStep.DescriptorImpl indexed under hudson.Extension
[INFO] hudson.plugins.emailext.EmailExtTemplateActionFactory indexed under hudson.Extension
[INFO] hudson.plugins.emailext.ExtendedEmailPublisherDescriptor indexed under hudson.Extension
[INFO] hudson.plugins.emailext.GroovyScriptPath.GroovyScriptPathDescriptor indexed under hudson.Extension
[INFO] hudson.plugins.emailext.GroovyTemplateConfig.GroovyTemplateConfigProvider indexed under hudson.Extension
[INFO] hudson.plugins.emailext.JellyTemplateConfig.JellyTemplateConfigProvider indexed under hudson.Extension
[INFO] hudson.plugins.emailext.MailAccount.MailAccountDescriptor indexed under hudson.Extension
[INFO] hudson.plugins.emailext.groovy.sandbox.StaticJakartaMailWhitelist indexed under hudson.Extension
[INFO] hudson.plugins.emailext.plugins.content.FailedTestsContent indexed under hudson.Extension
[INFO] hudson.plugins.emailext.plugins.content.TestCountsContent indexed under hudson.Extension
[INFO] hudson.plugins.emailext.plugins.recipients.BuildUserRecipientProvider.DescriptorImpl indexed under hudson.Extension
[INFO] hudson.plugins.emailext.plugins.recipients.ContributorMetadataRecipientProvider.DescriptorImpl indexed under hudson.Extension
[INFO] hudson.plugins.emailext.plugins.recipients.CulpritsRecipientProvider.DescriptorImpl indexed under hudson.Extension
[INFO] hudson.plugins.emailext.plugins.recipients.DevelopersRecipientProvider.DescriptorImpl indexed under hudson.Extension
[INFO] hudson.plugins.emailext.plugins.recipients.FailingTestSuspectsRecipientProvider.DescriptorImpl indexed under hudson.Extension
[INFO] hudson.plugins.emailext.plugins.recipients.FirstFailingBuildSuspectsRecipientProvider.DescriptorImpl indexed under hudson.Extension
[INFO] hudson.plugins.emailext.plugins.recipients.ListRecipientProvider.DescriptorImpl indexed under hudson.Extension
[INFO] hudson.plugins.emailext.plugins.recipients.PreviousRecipientProvider.DescriptorImpl indexed under hudson.Extension
[INFO] hudson.plugins.emailext.plugins.recipients.RequesterRecipientProvider.DescriptorImpl indexed under hudson.Extension
[INFO] hudson.plugins.emailext.plugins.recipients.UpstreamComitterRecipientProvider.DescriptorImpl indexed under hudson.Extension
[INFO] hudson.plugins.emailext.plugins.trigger.AbortedTrigger.DescriptorImpl indexed under hudson.Extension
[INFO] hudson.plugins.emailext.plugins.trigger.AlwaysTrigger.DescriptorImpl indexed under hudson.Extension
[INFO] hudson.plugins.emailext.plugins.trigger.BuildingTrigger.DescriptorImpl indexed under hudson.Extension
[INFO] hudson.plugins.emailext.plugins.trigger.FailureTrigger.DescriptorImpl indexed under hudson.Extension
[INFO] hudson.plugins.emailext.plugins.trigger.FirstFailureTrigger.DescriptorImpl indexed under hudson.Extension
[INFO] hudson.plugins.emailext.plugins.trigger.FirstUnstableTrigger.DescriptorImpl indexed under hudson.Extension
[INFO] hudson.plugins.emailext.plugins.trigger.FixedTrigger.DescriptorImpl indexed under hudson.Extension
[INFO] hudson.plugins.emailext.plugins.trigger.FixedUnhealthyTrigger.DescriptorImpl indexed under hudson.Extension
[INFO] hudson.plugins.emailext.plugins.trigger.ImprovementTrigger.DescriptorImpl indexed under hudson.Extension
[INFO] hudson.plugins.emailext.plugins.trigger.NotBuiltTrigger.DescriptorImpl indexed under hudson.Extension
[INFO] hudson.plugins.emailext.plugins.trigger.PreBuildScriptTrigger.DescriptorImpl indexed under hudson.Extension
[INFO] hudson.plugins.emailext.plugins.trigger.PreBuildTrigger.DescriptorImpl indexed under hudson.Extension
[INFO] hudson.plugins.emailext.plugins.trigger.RegressionTrigger.DescriptorImpl indexed under hudson.Extension
[INFO] hudson.plugins.emailext.plugins.trigger.ScriptTrigger.DescriptorImpl indexed under hudson.Extension
[INFO] hudson.plugins.emailext.plugins.trigger.SecondFailureTrigger.DescriptorImpl indexed under hudson.Extension
[INFO] hudson.plugins.emailext.plugins.trigger.StatusChangedTrigger.DescriptorImpl indexed under hudson.Extension
[INFO] hudson.plugins.emailext.plugins.trigger.StillFailingTrigger.DescriptorImpl indexed under hudson.Extension
[INFO] hudson.plugins.emailext.plugins.trigger.StillUnstableTrigger.DescriptorImpl indexed under hudson.Extension
[INFO] hudson.plugins.emailext.plugins.trigger.SuccessTrigger.DescriptorImpl indexed under hudson.Extension
[INFO] hudson.plugins.emailext.plugins.trigger.UnstableTrigger.DescriptorImpl indexed under hudson.Extension
[INFO] hudson.plugins.emailext.plugins.trigger.XNthFailureTrigger.DescriptorImpl indexed under hudson.Extension
[INFO] hudson.plugins.emailext.watching.EmailExtWatchAction.UserProperty.DescriptorImpl indexed under hudson.Extension
[INFO] hudson.plugins.emailext.watching.EmailExtWatchJobProperty.DescriptorImpl indexed under hudson.Extension
[INFO] /tmp/plugin-builds/email-ext/src/main/java/hudson/plugins/emailext/EmailExtRecipientStep.java:[28,12] Generating hudson/plugins/emailext/EmailExtRecipientStep.stapler
[INFO] /tmp/plugin-builds/email-ext/src/main/java/hudson/plugins/emailext/EmailExtStep.java:[70,12] Generating hudson/plugins/emailext/EmailExtStep.stapler
[INFO] /tmp/plugin-builds/email-ext/src/main/java/hudson/plugins/emailext/ExtendedEmailPublisher.java:[243,12] Generating hudson/plugins/emailext/ExtendedEmailPublisher.stapler
[INFO] /tmp/plugin-builds/email-ext/src/main/java/hudson/plugins/emailext/GroovyScriptPath.java:[27,12] Generating hudson/plugins/emailext/GroovyScriptPath.stapler
[INFO] /tmp/plugin-builds/email-ext/src/main/java/hudson/plugins/emailext/GroovyTemplateConfig.java:[22,12] Generating hudson/plugins/emailext/GroovyTemplateConfig.stapler
[INFO] /tmp/plugin-builds/email-ext/src/main/java/hudson/plugins/emailext/JellyTemplateConfig.java:[22,12] Generating hudson/plugins/emailext/JellyTemplateConfig.stapler
[INFO] /tmp/plugin-builds/email-ext/src/main/java/hudson/plugins/emailext/MailAccount.java:[64,12] Generating hudson/plugins/emailext/MailAccount.stapler
[INFO] /tmp/plugin-builds/email-ext/src/main/java/hudson/plugins/emailext/plugins/recipients/BuildUserRecipientProvider.java:[28,12] Generating hudson/plugins/emailext/plugins/recipients/BuildUserRecipientProvider.stapler
[INFO] /tmp/plugin-builds/email-ext/src/main/java/hudson/plugins/emailext/plugins/recipients/ContributorMetadataRecipientProvider.java:[25,12] Generating hudson/plugins/emailext/plugins/recipients/ContributorMetadataRecipientProvider.stapler
[INFO] /tmp/plugin-builds/email-ext/src/main/java/hudson/plugins/emailext/plugins/recipients/CulpritsRecipientProvider.java:[37,12] Generating hudson/plugins/emailext/plugins/recipients/CulpritsRecipientProvider.stapler
[INFO] /tmp/plugin-builds/email-ext/src/main/java/hudson/plugins/emailext/plugins/recipients/DevelopersRecipientProvider.java:[26,12] Generating hudson/plugins/emailext/plugins/recipients/DevelopersRecipientProvider.stapler
[INFO] /tmp/plugin-builds/email-ext/src/main/java/hudson/plugins/emailext/plugins/recipients/FailingTestSuspectsRecipientProvider.java:[54,12] Generating hudson/plugins/emailext/plugins/recipients/FailingTestSuspectsRecipientProvider.stapler
[INFO] /tmp/plugin-builds/email-ext/src/main/java/hudson/plugins/emailext/plugins/recipients/FirstFailingBuildSuspectsRecipientProvider.java:[53,12] Generating hudson/plugins/emailext/plugins/recipients/FirstFailingBuildSuspectsRecipientProvider.stapler
[INFO] /tmp/plugin-builds/email-ext/src/main/java/hudson/plugins/emailext/plugins/recipients/ListRecipientProvider.java:[35,12] Generating hudson/plugins/emailext/plugins/recipients/ListRecipientProvider.stapler
[INFO] /tmp/plugin-builds/email-ext/src/main/java/hudson/plugins/emailext/plugins/recipients/PreviousRecipientProvider.java:[37,12] Generating hudson/plugins/emailext/plugins/recipients/PreviousRecipientProvider.stapler
[INFO] /tmp/plugin-builds/email-ext/src/main/java/hudson/plugins/emailext/plugins/recipients/RequesterRecipientProvider.java:[29,12] Generating hudson/plugins/emailext/plugins/recipients/RequesterRecipientProvider.stapler
[INFO] /tmp/plugin-builds/email-ext/src/main/java/hudson/plugins/emailext/plugins/recipients/UpstreamComitterRecipientProvider.java:[33,12] Generating hudson/plugins/emailext/plugins/recipients/UpstreamComitterRecipientProvider.stapler
[INFO] /tmp/plugin-builds/email-ext/src/main/java/hudson/plugins/emailext/plugins/trigger/AbortedTrigger.java:[21,12] Generating hudson/plugins/emailext/plugins/trigger/AbortedTrigger.stapler
[INFO] /tmp/plugin-builds/email-ext/src/main/java/hudson/plugins/emailext/plugins/trigger/AlwaysTrigger.java:[24,12] Generating hudson/plugins/emailext/plugins/trigger/AlwaysTrigger.stapler
[INFO] /tmp/plugin-builds/email-ext/src/main/java/hudson/plugins/emailext/plugins/trigger/BuildingTrigger.java:[23,12] Generating hudson/plugins/emailext/plugins/trigger/BuildingTrigger.stapler
[INFO] /tmp/plugin-builds/email-ext/src/main/java/hudson/plugins/emailext/plugins/trigger/FailureTrigger.java:[21,12] Generating hudson/plugins/emailext/plugins/trigger/FailureTrigger.stapler
[INFO] /tmp/plugin-builds/email-ext/src/main/java/hudson/plugins/emailext/plugins/trigger/FirstFailureTrigger.java:[15,12] Generating hudson/plugins/emailext/plugins/trigger/FirstFailureTrigger.stapler
[INFO] /tmp/plugin-builds/email-ext/src/main/java/hudson/plugins/emailext/plugins/trigger/FirstUnstableTrigger.java:[26,12] Generating hudson/plugins/emailext/plugins/trigger/FirstUnstableTrigger.stapler
[INFO] /tmp/plugin-builds/email-ext/src/main/java/hudson/plugins/emailext/plugins/trigger/FixedTrigger.java:[23,12] Generating hudson/plugins/emailext/plugins/trigger/FixedTrigger.stapler
[INFO] /tmp/plugin-builds/email-ext/src/main/java/hudson/plugins/emailext/plugins/trigger/FixedUnhealthyTrigger.java:[23,12] Generating hudson/plugins/emailext/plugins/trigger/FixedUnhealthyTrigger.stapler
[INFO] /tmp/plugin-builds/email-ext/src/main/java/hudson/plugins/emailext/plugins/trigger/ImprovementTrigger.java:[23,12] Generating hudson/plugins/emailext/plugins/trigger/ImprovementTrigger.stapler
[INFO] /tmp/plugin-builds/email-ext/src/main/java/hudson/plugins/emailext/plugins/trigger/NotBuiltTrigger.java:[21,12] Generating hudson/plugins/emailext/plugins/trigger/NotBuiltTrigger.stapler
[INFO] /tmp/plugin-builds/email-ext/src/main/java/hudson/plugins/emailext/plugins/trigger/PreBuildScriptTrigger.java:[18,12] Generating hudson/plugins/emailext/plugins/trigger/PreBuildScriptTrigger.stapler
[INFO] /tmp/plugin-builds/email-ext/src/main/java/hudson/plugins/emailext/plugins/trigger/PreBuildTrigger.java:[19,12] Generating hudson/plugins/emailext/plugins/trigger/PreBuildTrigger.stapler
[INFO] /tmp/plugin-builds/email-ext/src/main/java/hudson/plugins/emailext/plugins/trigger/RegressionTrigger.java:[25,12] Generating hudson/plugins/emailext/plugins/trigger/RegressionTrigger.stapler
[INFO] /tmp/plugin-builds/email-ext/src/main/java/hudson/plugins/emailext/plugins/trigger/ScriptTrigger.java:[19,12] Generating hudson/plugins/emailext/plugins/trigger/ScriptTrigger.stapler
[INFO] /tmp/plugin-builds/email-ext/src/main/java/hudson/plugins/emailext/plugins/trigger/SecondFailureTrigger.java:[15,12] Generating hudson/plugins/emailext/plugins/trigger/SecondFailureTrigger.stapler
[INFO] /tmp/plugin-builds/email-ext/src/main/java/hudson/plugins/emailext/plugins/trigger/StatusChangedTrigger.java:[22,12] Generating hudson/plugins/emailext/plugins/trigger/StatusChangedTrigger.stapler
[INFO] /tmp/plugin-builds/email-ext/src/main/java/hudson/plugins/emailext/plugins/trigger/StillFailingTrigger.java:[22,12] Generating hudson/plugins/emailext/plugins/trigger/StillFailingTrigger.stapler
[INFO] /tmp/plugin-builds/email-ext/src/main/java/hudson/plugins/emailext/plugins/trigger/StillUnstableTrigger.java:[22,12] Generating hudson/plugins/emailext/plugins/trigger/StillUnstableTrigger.stapler
[INFO] /tmp/plugin-builds/email-ext/src/main/java/hudson/plugins/emailext/plugins/trigger/SuccessTrigger.java:[20,12] Generating hudson/plugins/emailext/plugins/trigger/SuccessTrigger.stapler
[INFO] /tmp/plugin-builds/email-ext/src/main/java/hudson/plugins/emailext/plugins/trigger/UnstableTrigger.java:[20,12] Generating hudson/plugins/emailext/plugins/trigger/UnstableTrigger.stapler
[INFO] /tmp/plugin-builds/email-ext/src/main/java/hudson/plugins/emailext/plugins/trigger/XNthFailureTrigger.java:[20,12] Generating hudson/plugins/emailext/plugins/trigger/XNthFailureTrigger.stapler
[INFO] /tmp/plugin-builds/email-ext/src/main/java/hudson/plugins/emailext/watching/EmailExtWatchAction.java:[36,19] Generating hudson/plugins/emailext/watching/EmailExtWatchAction/UserProperty.javadoc
[INFO] /tmp/plugin-builds/email-ext/src/main/java/hudson/plugins/emailext/EmailExtTemplateAction.java:[64,27] Generating hudson/plugins/emailext/EmailExtTemplateAction/doTemplateFileCheck.stapler
[INFO] /tmp/plugin-builds/email-ext/src/main/java/hudson/plugins/emailext/MailAccount.java:[115,29] Generating hudson/plugins/emailext/MailAccount/MailAccountDescriptor/doFillCredentialsIdItems.stapler
[INFO] /tmp/plugin-builds/email-ext/src/main/java/hudson/plugins/emailext/ExtendedEmailPublisherDescriptor.java:[829,27] Generating hudson/plugins/emailext/ExtendedEmailPublisherDescriptor/doRecipientListRecipientsCheck.stapler
[INFO] /tmp/plugin-builds/email-ext/src/main/java/hudson/plugins/emailext/ExtendedEmailPublisherDescriptor.java:[834,27] Generating hudson/plugins/emailext/ExtendedEmailPublisherDescriptor/doMaxAttachmentSizeCheck.stapler
[INFO] /tmp/plugin-builds/email-ext/src/main/java/hudson/plugins/emailext/ExtendedEmailPublisherDescriptor.java:[515,27] Generating hudson/plugins/emailext/ExtendedEmailPublisherDescriptor/doCheckDefaultSuffix.stapler
[INFO] /tmp/plugin-builds/email-ext/src/main/java/hudson/plugins/emailext/ExtendedEmailPublisherDescriptor.java:[819,27] Generating hudson/plugins/emailext/ExtendedEmailPublisherDescriptor/doAddressCheck.stapler
[INFO] /tmp/plugin-builds/email-ext/src/main/java/hudson/plugins/emailext/MailAccount.java:[138,31] Generating hudson/plugins/emailext/MailAccount/MailAccountDescriptor/doCheckCredentialsId.stapler
[INFO] /tmp/plugin-builds/email-ext/src/main/java/hudson/plugins/emailext/AttachmentUtils.java: Some input files use or override a deprecated API.
[INFO] /tmp/plugin-builds/email-ext/src/main/java/hudson/plugins/emailext/AttachmentUtils.java: Recompile with -Xlint:deprecation for details.
[INFO] /tmp/plugin-builds/email-ext/src/main/java/hudson/plugins/emailext/plugins/EmailTrigger.java: Some input files use unchecked or unsafe operations.
[INFO] /tmp/plugin-builds/email-ext/src/main/java/hudson/plugins/emailext/plugins/EmailTrigger.java: Recompile with -Xlint:unchecked for details.
[INFO] 
[INFO] --- access-modifier-checker:1.35:enforce (default-enforce) @ email-ext ---
[INFO] Skipping access modifier checks
[INFO] 
[INFO] --- bridge-method-injector:1.31:process (default) @ email-ext ---
[INFO] 
[INFO] --- hpi:3.65:insert-test (default-insert-test) @ email-ext ---
[INFO] 
[INFO] --- antrun:3.1.0:run (createTempDir) @ email-ext ---
[INFO] Executing tasks
[INFO]     [mkdir] Created dir: /tmp/plugin-builds/email-ext/target/tmp
[INFO] Executed tasks
[INFO] 
[INFO] --- resources:3.3.1:testResources (default-testResources) @ email-ext ---
[INFO] Copying 53 resources from src/test/resources to target/test-classes
[INFO] 
[INFO] --- compiler:3.14.0:testCompile (default-testCompile) @ email-ext ---
[INFO] Recompiling the module because of changed dependency.
[INFO] Compiling 48 source files with javac [debug parameters release 17] to target/test-classes
[INFO] hudson.plugins.emailext.EmailExtStepTest.FileCopyStep.DescriptorImpl indexed under org.jvnet.hudson.test.TestExtension
[INFO] /tmp/plugin-builds/email-ext/src/test/java/hudson/plugins/emailext/EmailExtStepTest.java:[161,16] Generating hudson/plugins/emailext/EmailExtStepTest/FileCopyStep.stapler
[INFO] /tmp/plugin-builds/email-ext/src/test/java/hudson/plugins/emailext/AttachmentUtilsTest.java: Some input files use or override a deprecated API.
[INFO] /tmp/plugin-builds/email-ext/src/test/java/hudson/plugins/emailext/AttachmentUtilsTest.java: Recompile with -Xlint:deprecation for details.
[INFO] /tmp/plugin-builds/email-ext/src/test/java/hudson/plugins/emailext/ExtendedEmailPublisherDescriptorTest.java: Some input files use unchecked or unsafe operations.
[INFO] /tmp/plugin-builds/email-ext/src/test/java/hudson/plugins/emailext/ExtendedEmailPublisherDescriptorTest.java: Recompile with -Xlint:unchecked for details.
[INFO] 
[INFO] --- hpi:3.65:test-hpl (default-test-hpl) @ email-ext ---
[INFO] Generating /tmp/plugin-builds/email-ext/target/test-classes/the.hpl
[INFO] 
[INFO] --- hpi:3.65:resolve-test-dependencies (default-resolve-test-dependencies) @ email-ext ---
Downloading from repo.jenkins-ci.org: https://repo.jenkins-ci.org/public/org/jenkins-ci/plugins/config-file-provider/988.v0461fcc2b_9d1/config-file-provider-988.v0461fcc2b_9d1.hpi
Progress (1): 0.4/204 kBProgress (1): 1.8/204 kBProgress (1): 3.2/204 kBProgress (1): 4.6/204 kBProgress (1): 6.0/204 kBProgress (1): 7.4/204 kBProgress (1): 8.8/204 kBProgress (1): 10/204 kB Progress (1): 12/204 kBProgress (1): 13/204 kBProgress (1): 14/204 kBProgress (1): 16/204 kBProgress (1): 17/204 kBProgress (1): 19/204 kBProgress (1): 20/204 kBProgress (1): 21/204 kBProgress (1): 23/204 kBProgress (1): 24/204 kBProgress (1): 26/204 kBProgress (1): 27/204 kBProgress (1): 28/204 kBProgress (1): 30/204 kBProgress (1): 31/204 kBProgress (1): 33/204 kBProgress (1): 34/204 kBProgress (1): 35/204 kBProgress (1): 37/204 kBProgress (1): 38/204 kBProgress (1): 40/204 kBProgress (1): 41/204 kBProgress (1): 42/204 kBProgress (1): 44/204 kBProgress (1): 45/204 kBProgress (1): 47/204 kBProgress (1): 48/204 kBProgress (1): 49/204 kBProgress (1): 51/204 kBProgress (1): 52/204 kBProgress (1): 54/204 kBProgress (1): 55/204 kBProgress (1): 56/204 kBProgress (1): 58/204 kBProgress (1): 59/204 kBProgress (1): 61/204 kBProgress (1): 62/204 kBProgress (1): 63/204 kBProgress (1): 65/204 kBProgress (1): 66/204 kBProgress (1): 68/204 kBProgress (1): 69/204 kBProgress (1): 70/204 kBProgress (1): 72/204 kBProgress (1): 73/204 kBProgress (1): 75/204 kBProgress (1): 76/204 kBProgress (1): 77/204 kBProgress (1): 79/204 kBProgress (1): 80/204 kBProgress (1): 82/204 kBProgress (1): 83/204 kBProgress (1): 84/204 kBProgress (1): 86/204 kBProgress (1): 87/204 kBProgress (1): 89/204 kBProgress (1): 90/204 kBProgress (1): 91/204 kBProgress (1): 93/204 kBProgress (1): 94/204 kBProgress (1): 96/204 kBProgress (1): 97/204 kBProgress (1): 98/204 kBProgress (1): 100/204 kBProgress (1): 101/204 kBProgress (1): 103/204 kBProgress (1): 104/204 kBProgress (1): 105/204 kBProgress (1): 107/204 kBProgress (1): 108/204 kBProgress (1): 110/204 kBProgress (1): 111/204 kBProgress (1): 112/204 kBProgress (1): 114/204 kBProgress (1): 115/204 kBProgress (1): 117/204 kBProgress (1): 118/204 kBProgress (1): 119/204 kBProgress (1): 121/204 kBProgress (1): 122/204 kBProgress (1): 124/204 kBProgress (1): 125/204 kBProgress (1): 126/204 kBProgress (1): 128/204 kBProgress (1): 129/204 kBProgress (1): 130/204 kBProgress (1): 132/204 kBProgress (1): 133/204 kBProgress (1): 134/204 kBProgress (1): 136/204 kBProgress (1): 137/204 kBProgress (1): 139/204 kBProgress (1): 140/204 kBProgress (1): 141/204 kBProgress (1): 143/204 kBProgress (1): 144/204 kBProgress (1): 146/204 kBProgress (1): 147/204 kBProgress (1): 148/204 kBProgress (1): 150/204 kBProgress (1): 151/204 kBProgress (1): 153/204 kBProgress (1): 154/204 kBProgress (1): 155/204 kBProgress (1): 157/204 kBProgress (1): 158/204 kBProgress (1): 160/204 kBProgress (1): 161/204 kBProgress (1): 162/204 kBProgress (1): 164/204 kBProgress (1): 165/204 kBProgress (1): 167/204 kBProgress (1): 168/204 kBProgress (1): 169/204 kBProgress (1): 171/204 kBProgress (1): 172/204 kBProgress (1): 174/204 kBProgress (1): 175/204 kBProgress (1): 176/204 kBProgress (1): 178/204 kBProgress (1): 179/204 kBProgress (1): 181/204 kBProgress (1): 182/204 kBProgress (1): 183/204 kBProgress (1): 185/204 kBProgress (1): 186/204 kBProgress (1): 188/204 kBProgress (1): 189/204 kBProgress (1): 190/204 kBProgress (1): 192/204 kBProgress (1): 193/204 kBProgress (1): 195/204 kBProgress (1): 196/204 kBProgress (1): 197/204 kBProgress (1): 199/204 kBProgress (1): 200/204 kBProgress (1): 202/204 kBProgress (1): 203/204 kBProgress (1): 204 kB                        Downloaded from repo.jenkins-ci.org: https://repo.jenkins-ci.org/public/org/jenkins-ci/plugins/config-file-provider/988.v0461fcc2b_9d1/config-file-provider-988.v0461fcc2b_9d1.hpi (204 kB at 429 kB/s)
Downloading from repo.jenkins-ci.org: https://repo.jenkins-ci.org/public/org/jenkins-ci/plugins/jsoup/1.20.1-46.ve5f1416988c2/jsoup-1.20.1-46.ve5f1416988c2.hpi
Progress (1): 16/454 kBProgress (1): 17/454 kBProgress (1): 33/454 kBProgress (1): 34/454 kBProgress (1): 51/454 kBProgress (1): 52/454 kBProgress (1): 53/454 kBProgress (1): 70/454 kBProgress (1): 71/454 kBProgress (1): 87/454 kBProgress (1): 88/454 kBProgress (1): 105/454 kBProgress (1): 106/454 kBProgress (1): 122/454 kBProgress (1): 123/454 kBProgress (1): 139/454 kBProgress (1): 140/454 kBProgress (1): 157/454 kBProgress (1): 158/454 kBProgress (1): 174/454 kBProgress (1): 175/454 kBProgress (1): 192/454 kBProgress (1): 193/454 kBProgress (1): 209/454 kBProgress (1): 210/454 kBProgress (1): 226/454 kBProgress (1): 227/454 kBProgress (1): 244/454 kBProgress (1): 245/454 kBProgress (1): 261/454 kBProgress (1): 262/454 kBProgress (1): 279/454 kBProgress (1): 280/454 kBProgress (1): 296/454 kBProgress (1): 297/454 kBProgress (1): 313/454 kBProgress (1): 314/454 kBProgress (1): 331/454 kBProgress (1): 332/454 kBProgress (1): 348/454 kBProgress (1): 349/454 kBProgress (1): 366/454 kBProgress (1): 367/454 kBProgress (1): 383/454 kBProgress (1): 384/454 kBProgress (1): 401/454 kBProgress (1): 402/454 kBProgress (1): 418/454 kBProgress (1): 419/454 kBProgress (1): 435/454 kBProgress (1): 436/454 kBProgress (1): 453/454 kBProgress (1): 454/454 kBProgress (1): 454 kB                        Downloaded from repo.jenkins-ci.org: https://repo.jenkins-ci.org/public/org/jenkins-ci/plugins/jsoup/1.20.1-46.ve5f1416988c2/jsoup-1.20.1-46.ve5f1416988c2.hpi (454 kB at 480 kB/s)
[INFO] 
[INFO] --- hpi:3.65:test-runtime (default-test-runtime) @ email-ext ---
[INFO] Tests are skipped.
[INFO] 
[INFO] --- surefire:3.5.3:test (default-test) @ email-ext ---
[INFO] Tests are skipped.
[INFO] 
[INFO] --- license:165.v7e11f4e4a_325:process (default) @ email-ext ---
[INFO] ------------------------------------------------------------------------
[INFO] BUILD FAILURE
[INFO] ------------------------------------------------------------------------
[INFO] Total time:  15.788 s
[INFO] Finished at: 2025-06-21T18:17:17+02:00
[INFO] ------------------------------------------------------------------------
---------------------------------------------------
constituent[0]: file:/home/poddingue/.sdkman/candidates/maven/current/conf/logging/
constituent[1]: file:/home/poddingue/.sdkman/candidates/maven/current/lib/plexus-cipher-2.0.jar
constituent[2]: file:/home/poddingue/.sdkman/candidates/maven/current/lib/maven-shared-utils-3.4.2.jar
constituent[3]: file:/home/poddingue/.sdkman/candidates/maven/current/lib/wagon-provider-api-3.5.3.jar
constituent[4]: file:/home/poddingue/.sdkman/candidates/maven/current/lib/guice-5.1.0.jar
constituent[5]: file:/home/poddingue/.sdkman/candidates/maven/current/lib/httpclient-4.5.14.jar
constituent[6]: file:/home/poddingue/.sdkman/candidates/maven/current/lib/slf4j-api-1.7.36.jar
constituent[7]: file:/home/poddingue/.sdkman/candidates/maven/current/lib/commons-codec-1.17.1.jar
constituent[8]: file:/home/poddingue/.sdkman/candidates/maven/current/lib/maven-resolver-impl-1.9.22.jar
constituent[9]: file:/home/poddingue/.sdkman/candidates/maven/current/lib/maven-resolver-named-locks-1.9.22.jar
constituent[10]: file:/home/poddingue/.sdkman/candidates/maven/current/lib/maven-resolver-util-1.9.22.jar
constituent[11]: file:/home/poddingue/.sdkman/candidates/maven/current/lib/maven-resolver-transport-http-1.9.22.jar
constituent[12]: file:/home/poddingue/.sdkman/candidates/maven/current/lib/plexus-sec-dispatcher-2.0.jar
constituent[13]: file:/home/poddingue/.sdkman/candidates/maven/current/lib/maven-resolver-api-1.9.22.jar
constituent[14]: file:/home/poddingue/.sdkman/candidates/maven/current/lib/guava-33.2.1-jre.jar
constituent[15]: file:/home/poddingue/.sdkman/candidates/maven/current/lib/maven-settings-3.9.9.jar
constituent[16]: file:/home/poddingue/.sdkman/candidates/maven/current/lib/maven-resolver-transport-file-1.9.22.jar
constituent[17]: file:/home/poddingue/.sdkman/candidates/maven/current/lib/wagon-http-shared-3.5.3.jar
constituent[18]: file:/home/poddingue/.sdkman/candidates/maven/current/lib/maven-resolver-transport-wagon-1.9.22.jar
constituent[19]: file:/home/poddingue/.sdkman/candidates/maven/current/lib/plexus-interpolation-1.27.jar
constituent[20]: file:/home/poddingue/.sdkman/candidates/maven/current/lib/maven-model-3.9.9.jar
constituent[21]: file:/home/poddingue/.sdkman/candidates/maven/current/lib/maven-settings-builder-3.9.9.jar
constituent[22]: file:/home/poddingue/.sdkman/candidates/maven/current/lib/jansi-2.4.1.jar
constituent[23]: file:/home/poddingue/.sdkman/candidates/maven/current/lib/commons-cli-1.8.0.jar
constituent[24]: file:/home/poddingue/.sdkman/candidates/maven/current/lib/httpcore-4.4.16.jar
constituent[25]: file:/home/poddingue/.sdkman/candidates/maven/current/lib/maven-builder-support-3.9.9.jar
constituent[26]: file:/home/poddingue/.sdkman/candidates/maven/current/lib/maven-embedder-3.9.9.jar
constituent[27]: file:/home/poddingue/.sdkman/candidates/maven/current/lib/maven-artifact-3.9.9.jar
constituent[28]: file:/home/poddingue/.sdkman/candidates/maven/current/lib/maven-compat-3.9.9.jar
constituent[29]: file:/home/poddingue/.sdkman/candidates/maven/current/lib/wagon-http-3.5.3.jar
constituent[30]: file:/home/poddingue/.sdkman/candidates/maven/current/lib/maven-model-builder-3.9.9.jar
constituent[31]: file:/home/poddingue/.sdkman/candidates/maven/current/lib/aopalliance-1.0.jar
constituent[32]: file:/home/poddingue/.sdkman/candidates/maven/current/lib/maven-slf4j-provider-3.9.9.jar
constituent[33]: file:/home/poddingue/.sdkman/candidates/maven/current/lib/maven-resolver-connector-basic-1.9.22.jar
constituent[34]: file:/home/poddingue/.sdkman/candidates/maven/current/lib/maven-plugin-api-3.9.9.jar
constituent[35]: file:/home/poddingue/.sdkman/candidates/maven/current/lib/javax.annotation-api-1.3.2.jar
constituent[36]: file:/home/poddingue/.sdkman/candidates/maven/current/lib/org.eclipse.sisu.inject-0.9.0.M3.jar
constituent[37]: file:/home/poddingue/.sdkman/candidates/maven/current/lib/jcl-over-slf4j-1.7.36.jar
constituent[38]: file:/home/poddingue/.sdkman/candidates/maven/current/lib/plexus-xml-3.0.1.jar
constituent[39]: file:/home/poddingue/.sdkman/candidates/maven/current/lib/plexus-utils-3.5.1.jar
constituent[40]: file:/home/poddingue/.sdkman/candidates/maven/current/lib/maven-resolver-provider-3.9.9.jar
constituent[41]: file:/home/poddingue/.sdkman/candidates/maven/current/lib/org.eclipse.sisu.plexus-0.9.0.M3.jar
constituent[42]: file:/home/poddingue/.sdkman/candidates/maven/current/lib/maven-resolver-spi-1.9.22.jar
constituent[43]: file:/home/poddingue/.sdkman/candidates/maven/current/lib/javax.inject-1.jar
constituent[44]: file:/home/poddingue/.sdkman/candidates/maven/current/lib/maven-core-3.9.9.jar
constituent[45]: file:/home/poddingue/.sdkman/candidates/maven/current/lib/wagon-file-3.5.3.jar
constituent[46]: file:/home/poddingue/.sdkman/candidates/maven/current/lib/plexus-component-annotations-2.1.0.jar
constituent[47]: file:/home/poddingue/.sdkman/candidates/maven/current/lib/failureaccess-1.0.2.jar
constituent[48]: file:/home/poddingue/.sdkman/candidates/maven/current/lib/maven-repository-metadata-3.9.9.jar
---------------------------------------------------
Exception in thread "main" BUG! exception in phase 'semantic analysis' in source unit 'inlineScript' Unsupported class file major version 69
	at org.codehaus.groovy.control.CompilationUnit$ISourceUnitOperation.doPhaseOperation(CompilationUnit.java:901)
	at org.codehaus.groovy.control.CompilationUnit.processPhaseOperations(CompilationUnit.java:692)
	at org.codehaus.groovy.control.CompilationUnit.compile(CompilationUnit.java:666)
	at groovy.lang.GroovyClassLoader.doParseClass(GroovyClassLoader.java:365)
	at groovy.lang.GroovyClassLoader.lambda$parseClass$2(GroovyClassLoader.java:314)
	at org.codehaus.groovy.runtime.memoize.StampedCommonCache.compute(StampedCommonCache.java:163)
	at org.codehaus.groovy.runtime.memoize.StampedCommonCache.getAndPut(StampedCommonCache.java:154)
	at groovy.lang.GroovyClassLoader.parseClass(GroovyClassLoader.java:314)
	at groovy.lang.GroovyShell.parseClass(GroovyShell.java:572)
	at groovy.lang.GroovyShell.parse(GroovyShell.java:585)
	at groovy.lang.GroovyShell.parse(GroovyShell.java:639)
	at groovy.lang.GroovyShell.parse(GroovyShell.java:643)
	at com.cloudbees.maven.license.ProcessMojo.execute(ProcessMojo.java:154)
	at org.apache.maven.plugin.DefaultBuildPluginManager.executeMojo(DefaultBuildPluginManager.java:126)
	at org.apache.maven.lifecycle.internal.MojoExecutor.doExecute2(MojoExecutor.java:328)
	at org.apache.maven.lifecycle.internal.MojoExecutor.doExecute(MojoExecutor.java:316)
	at org.apache.maven.lifecycle.internal.MojoExecutor.execute(MojoExecutor.java:212)
	at org.apache.maven.lifecycle.internal.MojoExecutor.execute(MojoExecutor.java:174)
	at org.apache.maven.lifecycle.internal.MojoExecutor.access$000(MojoExecutor.java:75)
	at org.apache.maven.lifecycle.internal.MojoExecutor$1.run(MojoExecutor.java:162)
	at org.apache.maven.plugin.DefaultMojosExecutionStrategy.execute(DefaultMojosExecutionStrategy.java:39)
	at org.apache.maven.lifecycle.internal.MojoExecutor.execute(MojoExecutor.java:159)
	at org.apache.maven.lifecycle.internal.LifecycleModuleBuilder.buildProject(LifecycleModuleBuilder.java:105)
	at org.apache.maven.lifecycle.internal.LifecycleModuleBuilder.buildProject(LifecycleModuleBuilder.java:73)
	at org.apache.maven.lifecycle.internal.builder.singlethreaded.SingleThreadedBuilder.build(SingleThreadedBuilder.java:53)
	at org.apache.maven.lifecycle.internal.LifecycleStarter.execute(LifecycleStarter.java:118)
	at org.apache.maven.DefaultMaven.doExecute(DefaultMaven.java:261)
	at org.apache.maven.DefaultMaven.doExecute(DefaultMaven.java:173)
	at org.apache.maven.DefaultMaven.execute(DefaultMaven.java:101)
	at org.apache.maven.cli.MavenCli.execute(MavenCli.java:906)
	at org.apache.maven.cli.MavenCli.doMain(MavenCli.java:283)
	at org.apache.maven.cli.MavenCli.main(MavenCli.java:206)
	at java.base/jdk.internal.reflect.DirectMethodHandleAccessor.invoke(DirectMethodHandleAccessor.java:104)
	at java.base/java.lang.reflect.Method.invoke(Method.java:565)
	at org.codehaus.plexus.classworlds.launcher.Launcher.launchEnhanced(Launcher.java:255)
	at org.codehaus.plexus.classworlds.launcher.Launcher.launch(Launcher.java:201)
	at org.codehaus.plexus.classworlds.launcher.Launcher.mainWithExitCode(Launcher.java:361)
	at org.codehaus.plexus.classworlds.launcher.Launcher.main(Launcher.java:314)
Caused by: java.lang.IllegalArgumentException: Unsupported class file major version 69
	at groovyjarjarasm.asm.ClassReader.<init>(ClassReader.java:200)
	at groovyjarjarasm.asm.ClassReader.<init>(ClassReader.java:180)
	at groovyjarjarasm.asm.ClassReader.<init>(ClassReader.java:166)
	at groovyjarjarasm.asm.ClassReader.<init>(ClassReader.java:288)
	at org.codehaus.groovy.ast.decompiled.AsmDecompiler.parseClass(AsmDecompiler.java:83)
	at org.codehaus.groovy.control.ClassNodeResolver.findDecompiled(ClassNodeResolver.java:255)
	at org.codehaus.groovy.control.ClassNodeResolver.tryAsLoaderClassOrScript(ClassNodeResolver.java:193)
	at org.codehaus.groovy.control.ClassNodeResolver.findClassNode(ClassNodeResolver.java:175)
	at org.codehaus.groovy.control.ClassNodeResolver.resolveName(ClassNodeResolver.java:129)
	at org.codehaus.groovy.control.ResolveVisitor.resolveToOuter(ResolveVisitor.java:782)
	at org.codehaus.groovy.control.ResolveVisitor.resolve(ResolveVisitor.java:423)
	at org.codehaus.groovy.control.ResolveVisitor.resolveFromDefaultImports(ResolveVisitor.java:577)
	at org.codehaus.groovy.control.ResolveVisitor.resolveFromDefaultImports(ResolveVisitor.java:541)
	at org.codehaus.groovy.control.ResolveVisitor.resolve(ResolveVisitor.java:422)
	at org.codehaus.groovy.control.ResolveVisitor.resolve(ResolveVisitor.java:384)
	at org.codehaus.groovy.control.ResolveVisitor.resolveOrFail(ResolveVisitor.java:352)
	at org.codehaus.groovy.control.ResolveVisitor.resolveOrFail(ResolveVisitor.java:341)
	at org.codehaus.groovy.control.ResolveVisitor.resolveOrFail(ResolveVisitor.java:337)
	at org.codehaus.groovy.control.ResolveVisitor.transform(ResolveVisitor.java:817)
	at org.codehaus.groovy.control.ResolveVisitor.transformDeclarationExpression(ResolveVisitor.java:1173)
	at org.codehaus.groovy.control.ResolveVisitor.transform(ResolveVisitor.java:805)
	at org.codehaus.groovy.ast.ClassCodeExpressionTransformer.visitExpressionStatement(ClassCodeExpressionTransformer.java:129)
	at org.codehaus.groovy.ast.stmt.ExpressionStatement.visit(ExpressionStatement.java:41)
	at org.codehaus.groovy.ast.CodeVisitorSupport.visitBlockStatement(CodeVisitorSupport.java:86)
	at org.codehaus.groovy.ast.ClassCodeVisitorSupport.visitBlockStatement(ClassCodeVisitorSupport.java:168)
	at org.codehaus.groovy.control.ResolveVisitor.visitBlockStatement(ResolveVisitor.java:1386)
	at org.codehaus.groovy.ast.stmt.BlockStatement.visit(BlockStatement.java:72)
	at org.codehaus.groovy.control.ResolveVisitor.transformClosureExpression(ResolveVisitor.java:1125)
	at org.codehaus.groovy.control.ResolveVisitor.transform(ResolveVisitor.java:811)
	at org.codehaus.groovy.ast.expr.Expression.transformExpressions(Expression.java:49)
	at org.codehaus.groovy.ast.expr.ArgumentListExpression.transformExpression(ArgumentListExpression.java:67)
	at org.codehaus.groovy.control.ResolveVisitor.transform(ResolveVisitor.java:818)
	at org.codehaus.groovy.control.ResolveVisitor.transformMethodCallExpression(ResolveVisitor.java:1147)
	at org.codehaus.groovy.control.ResolveVisitor.transform(ResolveVisitor.java:809)
	at org.codehaus.groovy.ast.ClassCodeExpressionTransformer.visitExpressionStatement(ClassCodeExpressionTransformer.java:129)
	at org.codehaus.groovy.ast.stmt.ExpressionStatement.visit(ExpressionStatement.java:41)
	at org.codehaus.groovy.ast.CodeVisitorSupport.visitBlockStatement(CodeVisitorSupport.java:86)
	at org.codehaus.groovy.ast.ClassCodeVisitorSupport.visitBlockStatement(ClassCodeVisitorSupport.java:168)
	at org.codehaus.groovy.control.ResolveVisitor.visitBlockStatement(ResolveVisitor.java:1386)
	at org.codehaus.groovy.ast.stmt.BlockStatement.visit(BlockStatement.java:72)
	at org.codehaus.groovy.ast.ClassCodeVisitorSupport.visitClassCodeContainer(ClassCodeVisitorSupport.java:142)
	at org.codehaus.groovy.ast.ClassCodeVisitorSupport.visitConstructorOrMethod(ClassCodeVisitorSupport.java:115)
	at org.codehaus.groovy.ast.ClassCodeExpressionTransformer.visitConstructorOrMethod(ClassCodeExpressionTransformer.java:87)
	at org.codehaus.groovy.control.ResolveVisitor.visitConstructorOrMethod(ResolveVisitor.java:329)
	at org.codehaus.groovy.ast.ClassCodeVisitorSupport.visitMethod(ClassCodeVisitorSupport.java:110)
	at org.codehaus.groovy.ast.ClassNode.visitMethods(ClassNode.java:1132)
	at org.codehaus.groovy.ast.ClassNode.visitContents(ClassNode.java:1125)
	at org.codehaus.groovy.control.ResolveVisitor.visitClass(ResolveVisitor.java:1315)
	at org.codehaus.groovy.control.ResolveVisitor.startResolving(ResolveVisitor.java:258)
	at org.codehaus.groovy.control.CompilationUnit.lambda$addPhaseOperations$4(CompilationUnit.java:218)
	at org.codehaus.groovy.control.CompilationUnit$ISourceUnitOperation.doPhaseOperation(CompilationUnit.java:897)
	... 37 more
