WARNING: A terminally deprecated method in sun.misc.Unsafe has been called
WARNING: sun.misc.Unsafe::staticFieldBase has been called by com.google.inject.internal.aop.HiddenClassDefiner (file:/home/poddingue/.sdkman/candidates/maven/current/lib/guice-5.1.0-classes.jar)
WARNING: Please consider reporting this to the maintainers of class com.google.inject.internal.aop.HiddenClassDefiner
WARNING: sun.misc.Unsafe::staticFieldBase will be removed in a future release
[INFO] Scanning for projects...
[INFO] 
[INFO] Using the MultiThreadedBuilder implementation with a thread count of 4
[INFO] 
[INFO] ------------------< org.jenkins-ci.plugins:envinject >------------------
[INFO] Building Environment Injector Plugin 2.999999-SNAPSHOT
[INFO]   from pom.xml
[INFO] --------------------------------[ hpi ]---------------------------------
[INFO] 
[INFO] --- clean:3.4.0:clean (default-clean) @ envinject ---
[INFO] 
[INFO] --- hpi:3.61:validate (default-validate) @ envinject ---
[INFO] Created marker file /tmp/plugin-builds/envinject/target/java-level/17
[INFO] 
[INFO] --- hpi:3.61:validate-hpi (default-validate-hpi) @ envinject ---
[INFO] 
[INFO] --- enforcer:3.5.0:enforce (display-info) @ envinject ---
[INFO] Rule 0: io.jenkins.tools.incrementals.enforcer.RequireExtensionVersion passed
[INFO] Rule 1: org.apache.maven.enforcer.rules.version.RequireMavenVersion passed
[INFO] Rule 2: org.apache.maven.enforcer.rules.version.RequireJavaVersion passed
[INFO] Rule 3: org.codehaus.mojo.extraenforcer.dependencies.EnforceBytecodeVersion passed
[INFO] Rule 4: org.apache.maven.enforcer.rules.dependency.BannedDependencies passed
[INFO] Rule 5: org.apache.maven.enforcer.rules.dependency.BannedDependencies passed
[INFO] Rule 6: org.apache.maven.enforcer.rules.dependency.RequireUpperBoundDeps passed
[INFO] 
[INFO] --- enforcer:3.5.0:enforce (no-snapshots-in-release) @ envinject ---
[INFO] Rule 0: org.apache.maven.enforcer.rules.dependency.RequireReleaseDeps passed
[INFO] 
[INFO] --- localizer:1.31:generate (default) @ envinject ---
[INFO] 
[INFO] --- resources:3.3.1:resources (default-resources) @ envinject ---
[INFO] Copying 106 resources from src/main/resources to target/classes
[INFO] 
[INFO] --- flatten:1.6.0:flatten (flatten) @ envinject ---
[INFO] Generating flattened POM of project org.jenkins-ci.plugins:envinject:hpi:2.999999-SNAPSHOT...
[INFO] 
[INFO] --- compiler:3.13.0:compile (default-compile) @ envinject ---
[INFO] Recompiling the module because of changed source code.
[INFO] Compiling 47 source files with javac [debug parameters release 17] to target/classes
[INFO] hudson.plugins.envfile.EnvFileBuildWrapper.DescriptorImpl indexed under hudson.Extension
[INFO] hudson.plugins.setenv.SetEnvBuildWrapper.DescriptorImpl indexed under hudson.Extension
[INFO] org.jenkinsci.plugins.envinject.EnvInjectBuildVariableContributor indexed under hudson.Extension
[INFO] org.jenkinsci.plugins.envinject.EnvInjectBuildWrapper.DescriptorImpl indexed under hudson.Extension
[INFO] org.jenkinsci.plugins.envinject.EnvInjectBuilder.DescriptorImpl indexed under hudson.Extension
[INFO] org.jenkinsci.plugins.envinject.EnvInjectComputerListener indexed under hudson.Extension
[INFO] org.jenkinsci.plugins.envinject.EnvInjectEnvVarsContributor indexed under hudson.Extension
[INFO] org.jenkinsci.plugins.envinject.EnvInjectGlobalPasswordWrapper.DescriptorImpl indexed under hudson.Extension
[INFO] org.jenkinsci.plugins.envinject.EnvInjectJobProperty.DescriptorImpl indexed under hudson.Extension
[INFO] org.jenkinsci.plugins.envinject.EnvInjectJobPropertyInfo.DescriptorImpl indexed under hudson.Extension
[INFO] org.jenkinsci.plugins.envinject.EnvInjectListener indexed under hudson.Extension
[INFO] org.jenkinsci.plugins.envinject.EnvInjectListener.JobSetupEnvironmentWorkspaceListener indexed under hudson.Extension
[INFO] org.jenkinsci.plugins.envinject.EnvInjectNodeProperty.EnvInjectNodePropertyDescriptor indexed under hudson.Extension
[INFO] org.jenkinsci.plugins.envinject.EnvInjectPasswordWrapper.DescriptorImpl indexed under hudson.Extension
[INFO] org.jenkinsci.plugins.envinject.EnvInjectPluginConfiguration indexed under hudson.Extension
[INFO] org.jenkinsci.plugins.envinject.migration.EnvInjectMigrationListener indexed under hudson.Extension
[INFO] /tmp/plugin-builds/envinject/src/main/java/org/jenkinsci/plugins/envinject/EnvInjectBuildWrapper.java:[42,12] Generating org/jenkinsci/plugins/envinject/EnvInjectBuildWrapper.stapler
[INFO] /tmp/plugin-builds/envinject/src/main/java/org/jenkinsci/plugins/envinject/EnvInjectBuilder.java:[34,12] Generating org/jenkinsci/plugins/envinject/EnvInjectBuilder.stapler
[INFO] /tmp/plugin-builds/envinject/src/main/java/org/jenkinsci/plugins/envinject/EnvInjectGlobalPasswordEntry.java:[11,12] Generating org/jenkinsci/plugins/envinject/EnvInjectGlobalPasswordEntry.stapler
[INFO] /tmp/plugin-builds/envinject/src/main/java/org/jenkinsci/plugins/envinject/EnvInjectGlobalPasswordWrapper.java:[23,12] Generating org/jenkinsci/plugins/envinject/EnvInjectGlobalPasswordWrapper.stapler
[INFO] /tmp/plugin-builds/envinject/src/main/java/org/jenkinsci/plugins/envinject/EnvInjectInfo.java:[27,12] Generating org/jenkinsci/plugins/envinject/EnvInjectInfo.stapler
[INFO] /tmp/plugin-builds/envinject/src/main/java/org/jenkinsci/plugins/envinject/EnvInjectJobProperty.java:[45,12] Generating org/jenkinsci/plugins/envinject/EnvInjectJobProperty.stapler
[INFO] /tmp/plugin-builds/envinject/src/main/java/org/jenkinsci/plugins/envinject/EnvInjectJobPropertyInfo.java:[49,12] Generating org/jenkinsci/plugins/envinject/EnvInjectJobPropertyInfo.stapler
[INFO] /tmp/plugin-builds/envinject/src/main/java/org/jenkinsci/plugins/envinject/EnvInjectNodeProperty.java:[28,12] Generating org/jenkinsci/plugins/envinject/EnvInjectNodeProperty.stapler
[INFO] /tmp/plugin-builds/envinject/src/main/java/org/jenkinsci/plugins/envinject/EnvInjectPasswordEntry.java:[22,12] Generating org/jenkinsci/plugins/envinject/EnvInjectPasswordEntry.stapler
[INFO] /tmp/plugin-builds/envinject/src/main/java/org/jenkinsci/plugins/envinject/EnvInjectPasswordWrapper.java:[68,12] Generating org/jenkinsci/plugins/envinject/EnvInjectPasswordWrapper.stapler
[INFO] /tmp/plugin-builds/envinject/src/main/java/org/jenkinsci/plugins/envinject/EnvInjectPluginConfiguration.java:[67,12] Generating org/jenkinsci/plugins/envinject/EnvInjectPluginConfiguration.stapler
[INFO] /tmp/plugin-builds/envinject/src/main/java/org/jenkinsci/plugins/envinject/EnvInjectVarList.java:[24,8] Generating org/jenkinsci/plugins/envinject/EnvInjectVarList.javadoc
[INFO] /tmp/plugin-builds/envinject/src/main/java/org/jenkinsci/plugins/envinject/EnvInjectBuilderContributionAction.java: Some input files use or override a deprecated API.
[INFO] /tmp/plugin-builds/envinject/src/main/java/org/jenkinsci/plugins/envinject/EnvInjectBuilderContributionAction.java: Recompile with -Xlint:deprecation for details.
[INFO] /tmp/plugin-builds/envinject/src/main/java/org/jenkinsci/plugins/envinject/EnvInjectEnvVarsContributor.java: Some input files use unchecked or unsafe operations.
[INFO] /tmp/plugin-builds/envinject/src/main/java/org/jenkinsci/plugins/envinject/EnvInjectEnvVarsContributor.java: Recompile with -Xlint:unchecked for details.
[INFO] 
[INFO] --- access-modifier-checker:1.34:enforce (default-enforce) @ envinject ---
[INFO] 
[INFO] --- hpi:3.61:insert-test (default-insert-test) @ envinject ---
[INFO] 
[INFO] --- antrun:3.1.0:run (createTempDir) @ envinject ---
[INFO] Executing tasks
[INFO]     [mkdir] Created dir: /tmp/plugin-builds/envinject/target/tmp
[INFO] Executed tasks
[INFO] 
[INFO] --- resources:3.3.1:testResources (default-testResources) @ envinject ---
[INFO] Not copying test resources
[INFO] 
[INFO] --- compiler:3.13.0:testCompile (default-testCompile) @ envinject ---
[INFO] Not compiling test sources
[INFO] 
[INFO] --- hpi:3.61:test-hpl (default-test-hpl) @ envinject ---
[INFO] Generating /tmp/plugin-builds/envinject/target/test-classes/the.hpl
[INFO] 
[INFO] --- hpi:3.61:resolve-test-dependencies (default-resolve-test-dependencies) @ envinject ---
[INFO] 
[INFO] --- hpi:3.61:test-runtime (default-test-runtime) @ envinject ---
[INFO] Tests are skipped.
[INFO] 
[INFO] --- surefire:3.5.2:test (default-test) @ envinject ---
[INFO] Tests are skipped.
[INFO] 
[INFO] --- license:165.v7e11f4e4a_325:process (default) @ envinject ---
[INFO] ------------------------------------------------------------------------
[INFO] BUILD FAILURE
[INFO] ------------------------------------------------------------------------
[INFO] Total time:  25.272 s (Wall Clock)
[INFO] Finished at: 2025-09-01T09:34:06+02:00
[INFO] ------------------------------------------------------------------------
[ERROR] BUG! exception in phase 'semantic analysis' in source unit 'inlineScript' Unsupported class file major version 69 -> [Help 1]
[ERROR] BUG! exception in phase 'semantic analysis' in source unit 'inlineScript' Unsupported class file major version 69
[ERROR] 
[ERROR] To see the full stack trace of the errors, re-run Maven with the -e switch.
[ERROR] Re-run Maven using the -X switch to enable full debug logging.
[ERROR] 
[ERROR] For more information about the errors and possible solutions, please read the following articles:
[ERROR] [Help 1] http://cwiki.apache.org/confluence/display/MAVEN/GroovyBugError
