WARNING: A terminally deprecated method in sun.misc.Unsafe has been called
WARNING: sun.misc.Unsafe::staticFieldBase has been called by com.google.inject.internal.aop.HiddenClassDefiner (file:/home/poddingue/.sdkman/candidates/maven/current/lib/guice-5.1.0-classes.jar)
WARNING: Please consider reporting this to the maintainers of class com.google.inject.internal.aop.HiddenClassDefiner
WARNING: sun.misc.Unsafe::staticFieldBase will be removed in a future release
[INFO] Scanning for projects...
[INFO] 
[INFO] Using the MultiThreadedBuilder implementation with a thread count of 4
[INFO] 
[INFO] ----------< org.jenkins-ci.plugins:extended-choice-parameter >----------
[INFO] Building Extended Choice Parameter Plugin 999999-SNAPSHOT
[INFO]   from pom.xml
[INFO] --------------------------------[ hpi ]---------------------------------
[INFO] 
[INFO] --- clean:3.4.1:clean (default-clean) @ extended-choice-parameter ---
[INFO] 
[INFO] --- hpi:3.61:validate (default-validate) @ extended-choice-parameter ---
[INFO] Created marker file /tmp/plugin-builds/extended-choice-parameter/target/java-level/17
[INFO] 
[INFO] --- hpi:3.61:validate-hpi (default-validate-hpi) @ extended-choice-parameter ---
[INFO] 
[INFO] --- enforcer:3.5.0:enforce (display-info) @ extended-choice-parameter ---
[INFO] Rule 0: io.jenkins.tools.incrementals.enforcer.RequireExtensionVersion passed
[INFO] Rule 1: org.apache.maven.enforcer.rules.version.RequireMavenVersion passed
[INFO] Rule 2: org.apache.maven.enforcer.rules.version.RequireJavaVersion passed
[INFO] Rule 3: org.codehaus.mojo.extraenforcer.dependencies.EnforceBytecodeVersion passed
[INFO] Rule 4: org.apache.maven.enforcer.rules.dependency.BannedDependencies passed
[INFO] Rule 5: org.apache.maven.enforcer.rules.dependency.BannedDependencies passed
[INFO] Rule 6: org.apache.maven.enforcer.rules.dependency.RequireUpperBoundDeps passed
[INFO] 
[INFO] --- enforcer:3.5.0:enforce (no-snapshots-in-release) @ extended-choice-parameter ---
[INFO] Rule 0: org.apache.maven.enforcer.rules.dependency.RequireReleaseDeps passed
[INFO] 
[INFO] --- localizer:1.31:generate (default) @ extended-choice-parameter ---
[INFO] 
[INFO] --- resources:3.3.1:resources (default-resources) @ extended-choice-parameter ---
[INFO] Copying 22 resources from src/main/resources to target/classes
[INFO] 
[INFO] --- flatten:1.7.0:flatten (flatten) @ extended-choice-parameter ---
[INFO] Generating flattened POM of project org.jenkins-ci.plugins:extended-choice-parameter:hpi:999999-SNAPSHOT...
[INFO] 
[INFO] --- compiler:3.14.0:compile (default-compile) @ extended-choice-parameter ---
[INFO] Recompiling the module because of changed source code.
[INFO] Compiling 5 source files with javac [debug parameters release 17] to target/classes
[INFO] com.cwctravel.hudson.plugins.extended_choice_parameter.ExtendedChoiceParameterDefinition.DescriptorImpl indexed under hudson.Extension
[INFO] com.cwctravel.hudson.plugins.extended_choice_parameter.JSONEditorPageDecorator indexed under hudson.Extension
[INFO] /tmp/plugin-builds/extended-choice-parameter/src/main/java/com/cwctravel/hudson/plugins/extended_choice_parameter/ExtendedChoiceParameterDefinition.java:[424,10] Generating com/cwctravel/hudson/plugins/extended_choice_parameter/ExtendedChoiceParameterDefinition.stapler
[INFO] /tmp/plugin-builds/extended-choice-parameter/src/main/java/com/cwctravel/hudson/plugins/extended_choice_parameter/ExtendedChoiceParameterValue.java:[28,10] Generating com/cwctravel/hudson/plugins/extended_choice_parameter/ExtendedChoiceParameterValue.stapler
[INFO] /tmp/plugin-builds/extended-choice-parameter/src/main/java/com/cwctravel/hudson/plugins/extended_choice_parameter/ExtendedChoiceParameterDefinition.java:[173,27] Generating com/cwctravel/hudson/plugins/extended_choice_parameter/ExtendedChoiceParameterDefinition/DescriptorImpl/doCheckDefaultPropertyFile.stapler
[INFO] /tmp/plugin-builds/extended-choice-parameter/src/main/java/com/cwctravel/hudson/plugins/extended_choice_parameter/ExtendedChoiceParameterDefinition.java:[124,27] Generating com/cwctravel/hudson/plugins/extended_choice_parameter/ExtendedChoiceParameterDefinition/DescriptorImpl/doCheckPropertyFile.stapler
[INFO] /tmp/plugin-builds/extended-choice-parameter/src/main/java/com/cwctravel/hudson/plugins/extended_choice_parameter/ExtendedChoiceParameterDefinition.java:[180,27] Generating com/cwctravel/hudson/plugins/extended_choice_parameter/ExtendedChoiceParameterDefinition/DescriptorImpl/doCheckDefaultPropertyKey.stapler
[INFO] /tmp/plugin-builds/extended-choice-parameter/src/main/java/com/cwctravel/hudson/plugins/extended_choice_parameter/ExtendedChoiceParameterDefinition.java:[167,27] Generating com/cwctravel/hudson/plugins/extended_choice_parameter/ExtendedChoiceParameterDefinition/DescriptorImpl/doCheckPropertyKey.stapler
[INFO] /tmp/plugin-builds/extended-choice-parameter/src/main/java/com/cwctravel/hudson/plugins/extended_choice_parameter/ExtendedChoiceParameterDefinition.java: Some input files use or override a deprecated API.
[INFO] /tmp/plugin-builds/extended-choice-parameter/src/main/java/com/cwctravel/hudson/plugins/extended_choice_parameter/ExtendedChoiceParameterDefinition.java: Recompile with -Xlint:deprecation for details.
[INFO] 
[INFO] --- access-modifier-checker:1.34:enforce (default-enforce) @ extended-choice-parameter ---
[INFO] 
[INFO] --- hpi:3.61:insert-test (default-insert-test) @ extended-choice-parameter ---
[INFO] 
[INFO] --- antrun:3.1.0:run (createTempDir) @ extended-choice-parameter ---
[INFO] Executing tasks
[INFO]     [mkdir] Created dir: /tmp/plugin-builds/extended-choice-parameter/target/tmp
[INFO] Executed tasks
[INFO] 
[INFO] --- resources:3.3.1:testResources (default-testResources) @ extended-choice-parameter ---
[INFO] Not copying test resources
[INFO] 
[INFO] --- compiler:3.14.0:testCompile (default-testCompile) @ extended-choice-parameter ---
[INFO] Not compiling test sources
[INFO] 
[INFO] --- hpi:3.61:test-hpl (default-test-hpl) @ extended-choice-parameter ---
[INFO] Generating /tmp/plugin-builds/extended-choice-parameter/target/test-classes/the.hpl
[INFO] 
[INFO] --- hpi:3.61:resolve-test-dependencies (default-resolve-test-dependencies) @ extended-choice-parameter ---
[INFO] 
[INFO] --- hpi:3.61:test-runtime (default-test-runtime) @ extended-choice-parameter ---
[INFO] Tests are skipped.
[INFO] 
[INFO] --- surefire:3.5.2:test (default-test) @ extended-choice-parameter ---
[INFO] Tests are skipped.
[INFO] 
[INFO] --- license:165.v7e11f4e4a_325:process (default) @ extended-choice-parameter ---
[INFO] ------------------------------------------------------------------------
[INFO] BUILD FAILURE
[INFO] ------------------------------------------------------------------------
[INFO] Total time:  20.198 s (Wall Clock)
[INFO] Finished at: 2025-08-22T18:28:40+02:00
[INFO] ------------------------------------------------------------------------
[ERROR] BUG! exception in phase 'semantic analysis' in source unit 'inlineScript' Unsupported class file major version 69 -> [Help 1]
[ERROR] BUG! exception in phase 'semantic analysis' in source unit 'inlineScript' Unsupported class file major version 69
[ERROR] 
[ERROR] To see the full stack trace of the errors, re-run Maven with the -e switch.
[ERROR] Re-run Maven using the -X switch to enable full debug logging.
[ERROR] 
[ERROR] For more information about the errors and possible solutions, please read the following articles:
[ERROR] [Help 1] http://cwiki.apache.org/confluence/display/MAVEN/GroovyBugError
