WARNING: A restricted method in java.lang.System has been called
WARNING: java.lang.System::load has been called by org.fusesource.jansi.internal.JansiLoader in an unnamed module (file:/home/poddingue/.sdkman/candidates/maven/current/lib/jansi-2.4.1.jar)
WARNING: Use --enable-native-access=ALL-UNNAMED to avoid a warning for callers in this module
WARNING: Restricted methods will be blocked in a future release unless native access is enabled

WARNING: A terminally deprecated method in sun.misc.Unsafe has been called
WARNING: sun.misc.Unsafe::objectFieldOffset has been called by com.google.common.util.concurrent.AbstractFuture$UnsafeAtomicHelper (file:/home/poddingue/.sdkman/candidates/maven/current/lib/guava-33.2.1-jre.jar)
WARNING: Please consider reporting this to the maintainers of class com.google.common.util.concurrent.AbstractFuture$UnsafeAtomicHelper
WARNING: sun.misc.Unsafe::objectFieldOffset will be removed in a future release
[INFO] Scanning for projects...
[INFO] 
[INFO] ------------------< io.jenkins.plugins:forensics-api >------------------
[INFO] Building Forensics API Plugin 3.2.0-SNAPSHOT
[INFO]   from pom.xml
[INFO] --------------------------------[ hpi ]---------------------------------
[INFO] 
[INFO] --- clean:3.4.1:clean (default-clean) @ forensics-api ---
[INFO] 
[INFO] --- hpi:3.61:validate (default-validate) @ forensics-api ---
[INFO] Created marker file /tmp/plugin-builds/forensics-api/target/java-level/17
[INFO] 
[INFO] --- hpi:3.61:validate-hpi (default-validate-hpi) @ forensics-api ---
[INFO] 
[INFO] --- enforcer:3.5.0:enforce (display-info) @ forensics-api ---
[INFO] Rule 0: org.apache.maven.enforcer.rules.dependency.RequireUpperBoundDeps passed
[INFO] Rule 1: io.jenkins.tools.incrementals.enforcer.RequireExtensionVersion passed
[INFO] Rule 2: org.apache.maven.enforcer.rules.version.RequireMavenVersion passed
[INFO] Rule 3: org.apache.maven.enforcer.rules.version.RequireJavaVersion passed
[INFO] Rule 4: org.codehaus.mojo.extraenforcer.dependencies.EnforceBytecodeVersion passed
[INFO] Rule 5: org.apache.maven.enforcer.rules.dependency.BannedDependencies passed
[INFO] Rule 6: org.apache.maven.enforcer.rules.dependency.BannedDependencies passed
[INFO] 
[INFO] --- enforcer:3.5.0:enforce (no-snapshots-in-release) @ forensics-api ---
[INFO] Rule 0: org.apache.maven.enforcer.rules.dependency.RequireReleaseDeps passed
[INFO] 
[INFO] --- localizer:1.31:generate (default) @ forensics-api ---
[INFO] 
[INFO] >>> javadoc:3.11.2:javadoc (default) > generate-sources @ forensics-api >>>
[INFO] 
[INFO] --- hpi:3.61:validate (default-validate) @ forensics-api ---
[INFO] 
[INFO] --- hpi:3.61:validate-hpi (default-validate-hpi) @ forensics-api ---
[INFO] 
[INFO] --- enforcer:3.5.0:enforce (display-info) @ forensics-api ---
[INFO] Rule 0: org.apache.maven.enforcer.rules.dependency.RequireUpperBoundDeps passed
[INFO] Rule 4: org.codehaus.mojo.extraenforcer.dependencies.EnforceBytecodeVersion passed
[INFO] Rule 5: org.apache.maven.enforcer.rules.dependency.BannedDependencies passed
[INFO] Rule 6: org.apache.maven.enforcer.rules.dependency.BannedDependencies passed
[INFO] 
[INFO] --- enforcer:3.5.0:enforce (no-snapshots-in-release) @ forensics-api ---
[INFO] Rule 0: org.apache.maven.enforcer.rules.dependency.RequireReleaseDeps passed
[INFO] 
[INFO] --- localizer:1.31:generate (default) @ forensics-api ---
[INFO] 
[INFO] <<< javadoc:3.11.2:javadoc (default) < generate-sources @ forensics-api <<<
[INFO] 
[INFO] 
[INFO] --- javadoc:3.11.2:javadoc (default) @ forensics-api ---
[INFO] Skipping org.apache.maven.plugins:maven-javadoc-plugin:3.11.2:javadoc report goal
[INFO] 
[INFO] --- resources:3.3.1:resources (default-resources) @ forensics-api ---
[INFO] Copying 27 resources from src/main/resources to target/classes
[INFO] 
[INFO] --- flatten:1.7.0:flatten (flatten) @ forensics-api ---
[INFO] Generating flattened POM of project io.jenkins.plugins:forensics-api:hpi:3.2.0-SNAPSHOT...
[INFO] 
[INFO] --- compiler:3.14.0:compile (default-compile) @ forensics-api ---
[INFO] Recompiling the module because of changed source code.
[INFO] Compiling 55 source files with javac [debug parameters release 17] to target/classes
[WARNING] /tmp/plugin-builds/forensics-api/src/main/java/io/jenkins/plugins/forensics/blame/FileLocations.java:[23,45] non-transient instance field of a serializable class declared with a non-serializable type
[WARNING] /tmp/plugin-builds/forensics-api/src/main/java/io/jenkins/plugins/forensics/blame/Blames.java:[22,42] non-transient instance field of a serializable class declared with a non-serializable type
[WARNING] /tmp/plugin-builds/forensics-api/src/main/java/io/jenkins/plugins/forensics/blame/FileBlame.java:[33,37] non-transient instance field of a serializable class declared with a non-serializable type
[WARNING] /tmp/plugin-builds/forensics-api/src/main/java/io/jenkins/plugins/forensics/delta/Delta.java:[26,44] non-transient instance field of a serializable class declared with a non-serializable type
[WARNING] /tmp/plugin-builds/forensics-api/src/main/java/io/jenkins/plugins/forensics/delta/FileChanges.java:[37,52] non-transient instance field of a serializable class declared with a non-serializable type
[WARNING] /tmp/plugin-builds/forensics-api/src/main/java/io/jenkins/plugins/forensics/miner/FileStatistics.java:[44,34] non-transient instance field of a serializable class declared with a non-serializable type
[WARNING] /tmp/plugin-builds/forensics-api/src/main/java/io/jenkins/plugins/forensics/miner/RepositoryStatistics.java:[33,41] non-transient instance field of a serializable class declared with a non-serializable type
[WARNING] /tmp/plugin-builds/forensics-api/src/main/java/io/jenkins/plugins/forensics/miner/RepositoryStatistics.java:[36,40] non-transient instance field of a serializable class declared with a non-serializable type
[WARNING] /tmp/plugin-builds/forensics-api/src/main/java/io/jenkins/plugins/forensics/reference/ReferenceBuild.java:[65,32] non-transient instance field of a serializable class declared with a non-serializable type
[WARNING] /tmp/plugin-builds/forensics-api/src/main/java/io/jenkins/plugins/forensics/miner/FileDetailsView.java:[138,25] TableColumn(java.lang.String,java.lang.String) in io.jenkins.plugins.datatables.TableColumn has been deprecated
[WARNING] /tmp/plugin-builds/forensics-api/src/main/java/io/jenkins/plugins/forensics/miner/FileDetailsView.java:[139,25] TableColumn(java.lang.String,java.lang.String) in io.jenkins.plugins.datatables.TableColumn has been deprecated
[WARNING] /tmp/plugin-builds/forensics-api/src/main/java/io/jenkins/plugins/forensics/miner/FileDetailsView.java:[140,25] TableColumn(java.lang.String,java.lang.String) in io.jenkins.plugins.datatables.TableColumn has been deprecated
[WARNING] /tmp/plugin-builds/forensics-api/src/main/java/io/jenkins/plugins/forensics/miner/FileDetailsView.java:[141,25] TableColumn(java.lang.String,java.lang.String) in io.jenkins.plugins.datatables.TableColumn has been deprecated
[WARNING] /tmp/plugin-builds/forensics-api/src/main/java/io/jenkins/plugins/forensics/util/CommitDecorator.java:[34,27] defaultString(java.lang.String,java.lang.String) in org.apache.commons.lang3.StringUtils has been deprecated
[WARNING] /tmp/plugin-builds/forensics-api/src/main/java/io/jenkins/plugins/forensics/miner/ForensicsTableModel.java:[49,21] TableColumn(java.lang.String,java.lang.String) in io.jenkins.plugins.datatables.TableColumn has been deprecated
[WARNING] /tmp/plugin-builds/forensics-api/src/main/java/io/jenkins/plugins/forensics/miner/ForensicsTableModel.java:[50,21] TableColumn(java.lang.String,java.lang.String) in io.jenkins.plugins.datatables.TableColumn has been deprecated
[WARNING] /tmp/plugin-builds/forensics-api/src/main/java/io/jenkins/plugins/forensics/miner/ForensicsTableModel.java:[51,21] TableColumn(java.lang.String,java.lang.String) in io.jenkins.plugins.datatables.TableColumn has been deprecated
[WARNING] /tmp/plugin-builds/forensics-api/src/main/java/io/jenkins/plugins/forensics/miner/ForensicsTableModel.java:[52,21] TableColumn(java.lang.String,java.lang.String) in io.jenkins.plugins.datatables.TableColumn has been deprecated
[WARNING] /tmp/plugin-builds/forensics-api/src/main/java/io/jenkins/plugins/forensics/miner/ForensicsTableModel.java:[53,17] setHeaderClass(io.jenkins.plugins.datatables.TableColumn.ColumnCss) in io.jenkins.plugins.datatables.TableColumn has been deprecated
[WARNING] /tmp/plugin-builds/forensics-api/src/main/java/io/jenkins/plugins/forensics/miner/ForensicsTableModel.java:[54,21] TableColumn(java.lang.String,java.lang.String) in io.jenkins.plugins.datatables.TableColumn has been deprecated
[WARNING] /tmp/plugin-builds/forensics-api/src/main/java/io/jenkins/plugins/forensics/miner/ForensicsTableModel.java:[55,17] setHeaderClass(io.jenkins.plugins.datatables.TableColumn.ColumnCss) in io.jenkins.plugins.datatables.TableColumn has been deprecated
[WARNING] /tmp/plugin-builds/forensics-api/src/main/java/io/jenkins/plugins/forensics/miner/ForensicsTableModel.java:[56,21] TableColumn(java.lang.String,java.lang.String) in io.jenkins.plugins.datatables.TableColumn has been deprecated
[WARNING] /tmp/plugin-builds/forensics-api/src/main/java/io/jenkins/plugins/forensics/miner/ForensicsTableModel.java:[57,21] TableColumn(java.lang.String,java.lang.String) in io.jenkins.plugins.datatables.TableColumn has been deprecated
[WARNING] /tmp/plugin-builds/forensics-api/src/main/java/io/jenkins/plugins/forensics/miner/RepositoryMinerStep.java:[155,59] found raw type: hudson.model.AbstractProject
  missing type arguments for generic class hudson.model.AbstractProject<P,R>
[WARNING] /tmp/plugin-builds/forensics-api/src/main/java/io/jenkins/plugins/forensics/reference/SimpleReferenceRecorder.java:[368,59] found raw type: hudson.model.AbstractProject
  missing type arguments for generic class hudson.model.AbstractProject<P,R>
[INFO] 
[INFO] --- access-modifier-checker:1.34:enforce (default-enforce) @ forensics-api ---
[INFO] Skipping access modifier checks
[INFO] 
[INFO] --- hpi:3.61:insert-test (default-insert-test) @ forensics-api ---
[INFO] 
[INFO] --- assertj:2.2.0:generate-assertions (default) @ forensics-api ---
[INFO] 
[INFO] --- antrun:3.1.0:run (createTempDir) @ forensics-api ---
[INFO] Executing tasks
[INFO]     [mkdir] Created dir: /tmp/plugin-builds/forensics-api/target/tmp
[INFO] Executed tasks
[INFO] 
[INFO] --- resources:3.3.1:testResources (default-testResources) @ forensics-api ---
[INFO] Copying 9 resources from src/test/resources to target/test-classes
[INFO] 
[INFO] --- compiler:3.14.0:testCompile (default-testCompile) @ forensics-api ---
[INFO] Recompiling the module because of changed dependency.
[INFO] Compiling 86 source files with javac [debug parameters release 17] to target/test-classes
[WARNING] /tmp/plugin-builds/forensics-api/target/generated-test-sources/assertj-assertions/io/jenkins/plugins/forensics/delta/DeltaAssert.java:[61,49] found raw type: java.util.Map
  missing type arguments for generic class java.util.Map<K,V>
[WARNING] /tmp/plugin-builds/forensics-api/target/generated-test-sources/assertj-assertions/io/jenkins/plugins/forensics/delta/DeltaAssert.java:[69,14] found raw type: java.util.Map
  missing type arguments for generic class java.util.Map<K,V>
[WARNING] /tmp/plugin-builds/forensics-api/target/generated-test-sources/assertj-assertions/io/jenkins/plugins/forensics/delta/FileChangesAssert.java:[38,48] found raw type: java.util.Map
  missing type arguments for generic class java.util.Map<K,V>
[WARNING] /tmp/plugin-builds/forensics-api/target/generated-test-sources/assertj-assertions/io/jenkins/plugins/forensics/delta/FileChangesAssert.java:[46,14] found raw type: java.util.Map
  missing type arguments for generic class java.util.Map<K,V>
[WARNING] /tmp/plugin-builds/forensics-api/target/generated-test-sources/assertj-assertions/io/jenkins/plugins/forensics/miner/FileDetailsViewAssert.java:[109,53] found raw type: hudson.model.Run
  missing type arguments for generic class hudson.model.Run<JobT,RunT>
[WARNING] /tmp/plugin-builds/forensics-api/target/generated-test-sources/assertj-assertions/io/jenkins/plugins/forensics/miner/FileDetailsViewAssert.java:[117,17] found raw type: hudson.model.Run
  missing type arguments for generic class hudson.model.Run<JobT,RunT>
[WARNING] /tmp/plugin-builds/forensics-api/target/generated-test-sources/assertj-assertions/io/jenkins/plugins/forensics/miner/ForensicsViewModelAssert.java:[109,56] found raw type: hudson.model.Run
  missing type arguments for generic class hudson.model.Run<JobT,RunT>
[WARNING] /tmp/plugin-builds/forensics-api/target/generated-test-sources/assertj-assertions/io/jenkins/plugins/forensics/miner/ForensicsViewModelAssert.java:[117,17] found raw type: hudson.model.Run
  missing type arguments for generic class hudson.model.Run<JobT,RunT>
[WARNING] /tmp/plugin-builds/forensics-api/target/generated-test-sources/assertj-assertions/io/jenkins/plugins/forensics/miner/RepositoryMinerStepAssert.java:[37,62] found raw type: hudson.tasks.BuildStepDescriptor
  missing type arguments for generic class hudson.tasks.BuildStepDescriptor<T>
[WARNING] /tmp/plugin-builds/forensics-api/target/generated-test-sources/assertj-assertions/io/jenkins/plugins/forensics/miner/RepositoryMinerStepAssert.java:[45,17] found raw type: hudson.tasks.BuildStepDescriptor
  missing type arguments for generic class hudson.tasks.BuildStepDescriptor<T>
[WARNING] /tmp/plugin-builds/forensics-api/target/generated-test-sources/assertj-assertions/io/jenkins/plugins/forensics/miner/RepositoryMinerStepDescriptorAssert.java:[93,53] static method should be qualified by type name, hudson.model.Descriptor, instead of by an expression
[WARNING] /tmp/plugin-builds/forensics-api/target/generated-test-sources/assertj-assertions/io/jenkins/plugins/forensics/miner/RepositoryMinerStepDescriptorAssert.java:[277,79] found raw type: org.kohsuke.stapler.lang.Klass
  missing type arguments for generic class org.kohsuke.stapler.lang.Klass<C>
[WARNING] /tmp/plugin-builds/forensics-api/target/generated-test-sources/assertj-assertions/io/jenkins/plugins/forensics/miner/RepositoryMinerStepDescriptorAssert.java:[285,29] found raw type: org.kohsuke.stapler.lang.Klass
  missing type arguments for generic class org.kohsuke.stapler.lang.Klass<C>
[WARNING] /tmp/plugin-builds/forensics-api/target/generated-test-sources/assertj-assertions/io/jenkins/plugins/forensics/miner/RepositoryMinerStepDescriptorAssert.java:[325,51] found raw type: java.lang.Class
  missing type arguments for generic class java.lang.Class<T>
[WARNING] /tmp/plugin-builds/forensics-api/target/generated-test-sources/assertj-assertions/io/jenkins/plugins/forensics/miner/RepositoryMinerStepDescriptorAssert.java:[333,5] found raw type: java.lang.Class
  missing type arguments for generic class java.lang.Class<T>
[WARNING] /tmp/plugin-builds/forensics-api/target/generated-test-sources/assertj-assertions/io/jenkins/plugins/forensics/miner/RepositoryMinerStepDescriptorAssert.java:[349,55] found raw type: java.lang.Class
  missing type arguments for generic class java.lang.Class<T>
[WARNING] /tmp/plugin-builds/forensics-api/target/generated-test-sources/assertj-assertions/io/jenkins/plugins/forensics/miner/RepositoryMinerStepDescriptorAssert.java:[357,5] found raw type: java.lang.Class
  missing type arguments for generic class java.lang.Class<T>
[WARNING] /tmp/plugin-builds/forensics-api/target/generated-test-sources/assertj-assertions/io/jenkins/plugins/forensics/miner/RepositoryStatisticsAssert.java:[464,57] found raw type: java.util.Map
  missing type arguments for generic class java.util.Map<K,V>
[WARNING] /tmp/plugin-builds/forensics-api/target/generated-test-sources/assertj-assertions/io/jenkins/plugins/forensics/miner/RepositoryStatisticsAssert.java:[472,14] found raw type: java.util.Map
  missing type arguments for generic class java.util.Map<K,V>
[WARNING] /tmp/plugin-builds/forensics-api/target/generated-test-sources/assertj-assertions/io/jenkins/plugins/forensics/reference/ReferenceBuildAssert.java:[239,52] found raw type: hudson.model.Run
  missing type arguments for generic class hudson.model.Run<JobT,RunT>
[WARNING] /tmp/plugin-builds/forensics-api/target/generated-test-sources/assertj-assertions/io/jenkins/plugins/forensics/reference/ReferenceBuildAssert.java:[247,17] found raw type: hudson.model.Run
  missing type arguments for generic class hudson.model.Run<JobT,RunT>
[WARNING] /tmp/plugin-builds/forensics-api/target/generated-test-sources/assertj-assertions/io/jenkins/plugins/forensics/reference/ReferenceBuildAssert.java:[263,58] found raw type: java.util.Optional
  missing type arguments for generic class java.util.Optional<T>
[WARNING] /tmp/plugin-builds/forensics-api/target/generated-test-sources/assertj-assertions/io/jenkins/plugins/forensics/reference/ReferenceBuildAssert.java:[271,14] found raw type: java.util.Optional
  missing type arguments for generic class java.util.Optional<T>
[WARNING] /tmp/plugin-builds/forensics-api/target/generated-test-sources/assertj-assertions/io/jenkins/plugins/forensics/reference/SimpleReferenceRecorderSimpleReferenceRecorderDescriptorAssert.java:[93,53] static method should be qualified by type name, hudson.model.Descriptor, instead of by an expression
[WARNING] /tmp/plugin-builds/forensics-api/target/generated-test-sources/assertj-assertions/io/jenkins/plugins/forensics/reference/SimpleReferenceRecorderSimpleReferenceRecorderDescriptorAssert.java:[277,106] found raw type: org.kohsuke.stapler.lang.Klass
  missing type arguments for generic class org.kohsuke.stapler.lang.Klass<C>
[WARNING] /tmp/plugin-builds/forensics-api/target/generated-test-sources/assertj-assertions/io/jenkins/plugins/forensics/reference/SimpleReferenceRecorderSimpleReferenceRecorderDescriptorAssert.java:[285,29] found raw type: org.kohsuke.stapler.lang.Klass
  missing type arguments for generic class org.kohsuke.stapler.lang.Klass<C>
[WARNING] /tmp/plugin-builds/forensics-api/target/generated-test-sources/assertj-assertions/io/jenkins/plugins/forensics/reference/SimpleReferenceRecorderSimpleReferenceRecorderDescriptorAssert.java:[325,78] found raw type: java.lang.Class
  missing type arguments for generic class java.lang.Class<T>
[WARNING] /tmp/plugin-builds/forensics-api/target/generated-test-sources/assertj-assertions/io/jenkins/plugins/forensics/reference/SimpleReferenceRecorderSimpleReferenceRecorderDescriptorAssert.java:[333,5] found raw type: java.lang.Class
  missing type arguments for generic class java.lang.Class<T>
[WARNING] /tmp/plugin-builds/forensics-api/target/generated-test-sources/assertj-assertions/io/jenkins/plugins/forensics/reference/SimpleReferenceRecorderSimpleReferenceRecorderDescriptorAssert.java:[349,82] found raw type: java.lang.Class
  missing type arguments for generic class java.lang.Class<T>
[WARNING] /tmp/plugin-builds/forensics-api/target/generated-test-sources/assertj-assertions/io/jenkins/plugins/forensics/reference/SimpleReferenceRecorderSimpleReferenceRecorderDescriptorAssert.java:[357,5] found raw type: java.lang.Class
  missing type arguments for generic class java.lang.Class<T>
[WARNING] /tmp/plugin-builds/forensics-api/src/test/java/io/jenkins/plugins/forensics/delta/DeltaCalculatorFactoryITest.java:[92,32] calculateDelta(hudson.model.Run<?,?>,hudson.model.Run<?,?>,java.lang.String,edu.hm.hafner.util.FilteredLog) in io.jenkins.plugins.forensics.delta.DeltaCalculator has been deprecated
[WARNING] /tmp/plugin-builds/forensics-api/src/test/java/io/jenkins/plugins/forensics/miner/AddedVersusDeletedLinesTrendChartTest.java:[28,33] unchecked method invocation: method create in class io.jenkins.plugins.forensics.miner.AddedVersusDeletedLinesTrendChart is applied to given types
  required: java.lang.Iterable<? extends edu.hm.hafner.echarts.BuildResult<T>>,edu.hm.hafner.echarts.ChartModelConfiguration,edu.hm.hafner.echarts.SeriesBuilder<T>
  found:    java.util.List<edu.hm.hafner.echarts.BuildResult<io.jenkins.plugins.forensics.miner.ForensicsBuildAction>>,edu.hm.hafner.echarts.ChartModelConfiguration,edu.hm.hafner.echarts.SeriesBuilder
[WARNING] /tmp/plugin-builds/forensics-api/src/test/java/io/jenkins/plugins/forensics/miner/AddedVersusDeletedLinesTrendChartTest.java:[28,81] unchecked conversion
  required: edu.hm.hafner.echarts.SeriesBuilder<T>
  found:    edu.hm.hafner.echarts.SeriesBuilder
[WARNING] /tmp/plugin-builds/forensics-api/src/test/java/io/jenkins/plugins/forensics/miner/AddedVersusDeletedLinesTrendChartTest.java:[38,13] found raw type: edu.hm.hafner.echarts.SeriesBuilder
  missing type arguments for generic class edu.hm.hafner.echarts.SeriesBuilder<T>
[WARNING] /tmp/plugin-builds/forensics-api/src/test/java/io/jenkins/plugins/forensics/miner/AddedVersusDeletedLinesTrendChartTest.java:[40,9] found raw type: edu.hm.hafner.echarts.SeriesBuilder
  missing type arguments for generic class edu.hm.hafner.echarts.SeriesBuilder<T>
[WARNING] /tmp/plugin-builds/forensics-api/src/test/java/io/jenkins/plugins/forensics/miner/AddedVersusDeletedLinesTrendChartTest.java:[42,45] unchecked call to createDataSet(edu.hm.hafner.echarts.ChartModelConfiguration,java.lang.Iterable<? extends edu.hm.hafner.echarts.BuildResult<T>>) as a member of the raw type edu.hm.hafner.echarts.SeriesBuilder
[INFO] 
[INFO] --- hpi:3.61:test-hpl (default-test-hpl) @ forensics-api ---
[INFO] Generating /tmp/plugin-builds/forensics-api/target/test-classes/the.hpl
[INFO] 
[INFO] --- hpi:3.61:resolve-test-dependencies (default-resolve-test-dependencies) @ forensics-api ---
[INFO] 
[INFO] --- hpi:3.61:test-runtime (default-test-runtime) @ forensics-api ---
[INFO] Tests are skipped.
[INFO] 
[INFO] --- jacoco:0.8.12:prepare-agent (default) @ forensics-api ---
[INFO] argLine set to -javaagent:/home/poddingue/.m2/repository/org/jacoco/org.jacoco.agent/0.8.12/org.jacoco.agent-0.8.12-runtime.jar=destfile=/tmp/plugin-builds/forensics-api/target/jacoco.exec,includes=io/jenkins/plugins/**/* -Xms768M -Xmx768M -XX:+HeapDumpOnOutOfMemoryError -XX:+TieredCompilation -XX:TieredStopAtLevel=1 @{jenkins.addOpens} @{jenkins.insaneHook}
[INFO] 
[INFO] --- surefire:3.5.2:test (default-test) @ forensics-api ---
[INFO] Tests are skipped.
[INFO] 
[INFO] --- license:165.v7e11f4e4a_325:process (default) @ forensics-api ---
[INFO] ------------------------------------------------------------------------
[INFO] BUILD FAILURE
[INFO] ------------------------------------------------------------------------
[INFO] Total time:  14.160 s
[INFO] Finished at: 2025-05-22T13:16:03+02:00
[INFO] ------------------------------------------------------------------------
---------------------------------------------------
constituent[0]: file:/home/poddingue/.sdkman/candidates/maven/current/conf/logging/
constituent[1]: file:/home/poddingue/.sdkman/candidates/maven/current/lib/plexus-cipher-2.0.jar
constituent[2]: file:/home/poddingue/.sdkman/candidates/maven/current/lib/maven-shared-utils-3.4.2.jar
constituent[3]: file:/home/poddingue/.sdkman/candidates/maven/current/lib/wagon-provider-api-3.5.3.jar
constituent[4]: file:/home/poddingue/.sdkman/candidates/maven/current/lib/guice-5.1.0.jar
constituent[5]: file:/home/poddingue/.sdkman/candidates/maven/current/lib/httpclient-4.5.14.jar
constituent[6]: file:/home/poddingue/.sdkman/candidates/maven/current/lib/slf4j-api-1.7.36.jar
constituent[7]: file:/home/poddingue/.sdkman/candidates/maven/current/lib/commons-codec-1.17.1.jar
constituent[8]: file:/home/poddingue/.sdkman/candidates/maven/current/lib/maven-resolver-impl-1.9.22.jar
constituent[9]: file:/home/poddingue/.sdkman/candidates/maven/current/lib/maven-resolver-named-locks-1.9.22.jar
constituent[10]: file:/home/poddingue/.sdkman/candidates/maven/current/lib/maven-resolver-util-1.9.22.jar
constituent[11]: file:/home/poddingue/.sdkman/candidates/maven/current/lib/maven-resolver-transport-http-1.9.22.jar
constituent[12]: file:/home/poddingue/.sdkman/candidates/maven/current/lib/plexus-sec-dispatcher-2.0.jar
constituent[13]: file:/home/poddingue/.sdkman/candidates/maven/current/lib/maven-resolver-api-1.9.22.jar
constituent[14]: file:/home/poddingue/.sdkman/candidates/maven/current/lib/guava-33.2.1-jre.jar
constituent[15]: file:/home/poddingue/.sdkman/candidates/maven/current/lib/maven-settings-3.9.9.jar
constituent[16]: file:/home/poddingue/.sdkman/candidates/maven/current/lib/maven-resolver-transport-file-1.9.22.jar
constituent[17]: file:/home/poddingue/.sdkman/candidates/maven/current/lib/wagon-http-shared-3.5.3.jar
constituent[18]: file:/home/poddingue/.sdkman/candidates/maven/current/lib/maven-resolver-transport-wagon-1.9.22.jar
constituent[19]: file:/home/poddingue/.sdkman/candidates/maven/current/lib/plexus-interpolation-1.27.jar
constituent[20]: file:/home/poddingue/.sdkman/candidates/maven/current/lib/maven-model-3.9.9.jar
constituent[21]: file:/home/poddingue/.sdkman/candidates/maven/current/lib/maven-settings-builder-3.9.9.jar
constituent[22]: file:/home/poddingue/.sdkman/candidates/maven/current/lib/jansi-2.4.1.jar
constituent[23]: file:/home/poddingue/.sdkman/candidates/maven/current/lib/commons-cli-1.8.0.jar
constituent[24]: file:/home/poddingue/.sdkman/candidates/maven/current/lib/httpcore-4.4.16.jar
constituent[25]: file:/home/poddingue/.sdkman/candidates/maven/current/lib/maven-builder-support-3.9.9.jar
constituent[26]: file:/home/poddingue/.sdkman/candidates/maven/current/lib/maven-embedder-3.9.9.jar
constituent[27]: file:/home/poddingue/.sdkman/candidates/maven/current/lib/maven-artifact-3.9.9.jar
constituent[28]: file:/home/poddingue/.sdkman/candidates/maven/current/lib/maven-compat-3.9.9.jar
constituent[29]: file:/home/poddingue/.sdkman/candidates/maven/current/lib/wagon-http-3.5.3.jar
constituent[30]: file:/home/poddingue/.sdkman/candidates/maven/current/lib/maven-model-builder-3.9.9.jar
constituent[31]: file:/home/poddingue/.sdkman/candidates/maven/current/lib/aopalliance-1.0.jar
constituent[32]: file:/home/poddingue/.sdkman/candidates/maven/current/lib/maven-slf4j-provider-3.9.9.jar
constituent[33]: file:/home/poddingue/.sdkman/candidates/maven/current/lib/maven-resolver-connector-basic-1.9.22.jar
constituent[34]: file:/home/poddingue/.sdkman/candidates/maven/current/lib/maven-plugin-api-3.9.9.jar
constituent[35]: file:/home/poddingue/.sdkman/candidates/maven/current/lib/javax.annotation-api-1.3.2.jar
constituent[36]: file:/home/poddingue/.sdkman/candidates/maven/current/lib/org.eclipse.sisu.inject-0.9.0.M3.jar
constituent[37]: file:/home/poddingue/.sdkman/candidates/maven/current/lib/jcl-over-slf4j-1.7.36.jar
constituent[38]: file:/home/poddingue/.sdkman/candidates/maven/current/lib/plexus-xml-3.0.1.jar
constituent[39]: file:/home/poddingue/.sdkman/candidates/maven/current/lib/plexus-utils-3.5.1.jar
constituent[40]: file:/home/poddingue/.sdkman/candidates/maven/current/lib/maven-resolver-provider-3.9.9.jar
constituent[41]: file:/home/poddingue/.sdkman/candidates/maven/current/lib/org.eclipse.sisu.plexus-0.9.0.M3.jar
constituent[42]: file:/home/poddingue/.sdkman/candidates/maven/current/lib/maven-resolver-spi-1.9.22.jar
constituent[43]: file:/home/poddingue/.sdkman/candidates/maven/current/lib/javax.inject-1.jar
constituent[44]: file:/home/poddingue/.sdkman/candidates/maven/current/lib/maven-core-3.9.9.jar
constituent[45]: file:/home/poddingue/.sdkman/candidates/maven/current/lib/wagon-file-3.5.3.jar
constituent[46]: file:/home/poddingue/.sdkman/candidates/maven/current/lib/plexus-component-annotations-2.1.0.jar
constituent[47]: file:/home/poddingue/.sdkman/candidates/maven/current/lib/failureaccess-1.0.2.jar
constituent[48]: file:/home/poddingue/.sdkman/candidates/maven/current/lib/maven-repository-metadata-3.9.9.jar
---------------------------------------------------
Exception in thread "main" BUG! exception in phase 'semantic analysis' in source unit 'inlineScript' Unsupported class file major version 69
	at org.codehaus.groovy.control.CompilationUnit$ISourceUnitOperation.doPhaseOperation(CompilationUnit.java:901)
	at org.codehaus.groovy.control.CompilationUnit.processPhaseOperations(CompilationUnit.java:692)
	at org.codehaus.groovy.control.CompilationUnit.compile(CompilationUnit.java:666)
	at groovy.lang.GroovyClassLoader.doParseClass(GroovyClassLoader.java:365)
	at groovy.lang.GroovyClassLoader.lambda$parseClass$2(GroovyClassLoader.java:314)
	at org.codehaus.groovy.runtime.memoize.StampedCommonCache.compute(StampedCommonCache.java:163)
	at org.codehaus.groovy.runtime.memoize.StampedCommonCache.getAndPut(StampedCommonCache.java:154)
	at groovy.lang.GroovyClassLoader.parseClass(GroovyClassLoader.java:314)
	at groovy.lang.GroovyShell.parseClass(GroovyShell.java:572)
	at groovy.lang.GroovyShell.parse(GroovyShell.java:585)
	at groovy.lang.GroovyShell.parse(GroovyShell.java:639)
	at groovy.lang.GroovyShell.parse(GroovyShell.java:643)
	at com.cloudbees.maven.license.ProcessMojo.execute(ProcessMojo.java:154)
	at org.apache.maven.plugin.DefaultBuildPluginManager.executeMojo(DefaultBuildPluginManager.java:126)
	at org.apache.maven.lifecycle.internal.MojoExecutor.doExecute2(MojoExecutor.java:328)
	at org.apache.maven.lifecycle.internal.MojoExecutor.doExecute(MojoExecutor.java:316)
	at org.apache.maven.lifecycle.internal.MojoExecutor.execute(MojoExecutor.java:212)
	at org.apache.maven.lifecycle.internal.MojoExecutor.execute(MojoExecutor.java:174)
	at org.apache.maven.lifecycle.internal.MojoExecutor.access$000(MojoExecutor.java:75)
	at org.apache.maven.lifecycle.internal.MojoExecutor$1.run(MojoExecutor.java:162)
	at org.apache.maven.plugin.DefaultMojosExecutionStrategy.execute(DefaultMojosExecutionStrategy.java:39)
	at org.apache.maven.lifecycle.internal.MojoExecutor.execute(MojoExecutor.java:159)
	at org.apache.maven.lifecycle.internal.LifecycleModuleBuilder.buildProject(LifecycleModuleBuilder.java:105)
	at org.apache.maven.lifecycle.internal.LifecycleModuleBuilder.buildProject(LifecycleModuleBuilder.java:73)
	at org.apache.maven.lifecycle.internal.builder.singlethreaded.SingleThreadedBuilder.build(SingleThreadedBuilder.java:53)
	at org.apache.maven.lifecycle.internal.LifecycleStarter.execute(LifecycleStarter.java:118)
	at org.apache.maven.DefaultMaven.doExecute(DefaultMaven.java:261)
	at org.apache.maven.DefaultMaven.doExecute(DefaultMaven.java:173)
	at org.apache.maven.DefaultMaven.execute(DefaultMaven.java:101)
	at org.apache.maven.cli.MavenCli.execute(MavenCli.java:906)
	at org.apache.maven.cli.MavenCli.doMain(MavenCli.java:283)
	at org.apache.maven.cli.MavenCli.main(MavenCli.java:206)
	at java.base/jdk.internal.reflect.DirectMethodHandleAccessor.invoke(DirectMethodHandleAccessor.java:104)
	at java.base/java.lang.reflect.Method.invoke(Method.java:565)
	at org.codehaus.plexus.classworlds.launcher.Launcher.launchEnhanced(Launcher.java:255)
	at org.codehaus.plexus.classworlds.launcher.Launcher.launch(Launcher.java:201)
	at org.codehaus.plexus.classworlds.launcher.Launcher.mainWithExitCode(Launcher.java:361)
	at org.codehaus.plexus.classworlds.launcher.Launcher.main(Launcher.java:314)
Caused by: java.lang.IllegalArgumentException: Unsupported class file major version 69
	at groovyjarjarasm.asm.ClassReader.<init>(ClassReader.java:200)
	at groovyjarjarasm.asm.ClassReader.<init>(ClassReader.java:180)
	at groovyjarjarasm.asm.ClassReader.<init>(ClassReader.java:166)
	at groovyjarjarasm.asm.ClassReader.<init>(ClassReader.java:288)
	at org.codehaus.groovy.ast.decompiled.AsmDecompiler.parseClass(AsmDecompiler.java:83)
	at org.codehaus.groovy.control.ClassNodeResolver.findDecompiled(ClassNodeResolver.java:255)
	at org.codehaus.groovy.control.ClassNodeResolver.tryAsLoaderClassOrScript(ClassNodeResolver.java:193)
	at org.codehaus.groovy.control.ClassNodeResolver.findClassNode(ClassNodeResolver.java:175)
	at org.codehaus.groovy.control.ClassNodeResolver.resolveName(ClassNodeResolver.java:129)
	at org.codehaus.groovy.control.ResolveVisitor.resolveToOuter(ResolveVisitor.java:782)
	at org.codehaus.groovy.control.ResolveVisitor.resolve(ResolveVisitor.java:423)
	at org.codehaus.groovy.control.ResolveVisitor.resolveFromDefaultImports(ResolveVisitor.java:577)
	at org.codehaus.groovy.control.ResolveVisitor.resolveFromDefaultImports(ResolveVisitor.java:541)
	at org.codehaus.groovy.control.ResolveVisitor.resolve(ResolveVisitor.java:422)
	at org.codehaus.groovy.control.ResolveVisitor.resolve(ResolveVisitor.java:384)
	at org.codehaus.groovy.control.ResolveVisitor.resolveOrFail(ResolveVisitor.java:352)
	at org.codehaus.groovy.control.ResolveVisitor.resolveOrFail(ResolveVisitor.java:341)
	at org.codehaus.groovy.control.ResolveVisitor.resolveOrFail(ResolveVisitor.java:337)
	at org.codehaus.groovy.control.ResolveVisitor.transform(ResolveVisitor.java:817)
	at org.codehaus.groovy.control.ResolveVisitor.transformDeclarationExpression(ResolveVisitor.java:1173)
	at org.codehaus.groovy.control.ResolveVisitor.transform(ResolveVisitor.java:805)
	at org.codehaus.groovy.ast.ClassCodeExpressionTransformer.visitExpressionStatement(ClassCodeExpressionTransformer.java:129)
	at org.codehaus.groovy.ast.stmt.ExpressionStatement.visit(ExpressionStatement.java:41)
	at org.codehaus.groovy.ast.CodeVisitorSupport.visitBlockStatement(CodeVisitorSupport.java:86)
	at org.codehaus.groovy.ast.ClassCodeVisitorSupport.visitBlockStatement(ClassCodeVisitorSupport.java:168)
	at org.codehaus.groovy.control.ResolveVisitor.visitBlockStatement(ResolveVisitor.java:1386)
	at org.codehaus.groovy.ast.stmt.BlockStatement.visit(BlockStatement.java:72)
	at org.codehaus.groovy.control.ResolveVisitor.transformClosureExpression(ResolveVisitor.java:1125)
	at org.codehaus.groovy.control.ResolveVisitor.transform(ResolveVisitor.java:811)
	at org.codehaus.groovy.ast.expr.Expression.transformExpressions(Expression.java:49)
	at org.codehaus.groovy.ast.expr.ArgumentListExpression.transformExpression(ArgumentListExpression.java:67)
	at org.codehaus.groovy.control.ResolveVisitor.transform(ResolveVisitor.java:818)
	at org.codehaus.groovy.control.ResolveVisitor.transformMethodCallExpression(ResolveVisitor.java:1147)
	at org.codehaus.groovy.control.ResolveVisitor.transform(ResolveVisitor.java:809)
	at org.codehaus.groovy.ast.ClassCodeExpressionTransformer.visitExpressionStatement(ClassCodeExpressionTransformer.java:129)
	at org.codehaus.groovy.ast.stmt.ExpressionStatement.visit(ExpressionStatement.java:41)
	at org.codehaus.groovy.ast.CodeVisitorSupport.visitBlockStatement(CodeVisitorSupport.java:86)
	at org.codehaus.groovy.ast.ClassCodeVisitorSupport.visitBlockStatement(ClassCodeVisitorSupport.java:168)
	at org.codehaus.groovy.control.ResolveVisitor.visitBlockStatement(ResolveVisitor.java:1386)
	at org.codehaus.groovy.ast.stmt.BlockStatement.visit(BlockStatement.java:72)
	at org.codehaus.groovy.ast.ClassCodeVisitorSupport.visitClassCodeContainer(ClassCodeVisitorSupport.java:142)
	at org.codehaus.groovy.ast.ClassCodeVisitorSupport.visitConstructorOrMethod(ClassCodeVisitorSupport.java:115)
	at org.codehaus.groovy.ast.ClassCodeExpressionTransformer.visitConstructorOrMethod(ClassCodeExpressionTransformer.java:87)
	at org.codehaus.groovy.control.ResolveVisitor.visitConstructorOrMethod(ResolveVisitor.java:329)
	at org.codehaus.groovy.ast.ClassCodeVisitorSupport.visitMethod(ClassCodeVisitorSupport.java:110)
	at org.codehaus.groovy.ast.ClassNode.visitMethods(ClassNode.java:1132)
	at org.codehaus.groovy.ast.ClassNode.visitContents(ClassNode.java:1125)
	at org.codehaus.groovy.control.ResolveVisitor.visitClass(ResolveVisitor.java:1315)
	at org.codehaus.groovy.control.ResolveVisitor.startResolving(ResolveVisitor.java:258)
	at org.codehaus.groovy.control.CompilationUnit.lambda$addPhaseOperations$4(CompilationUnit.java:218)
	at org.codehaus.groovy.control.CompilationUnit$ISourceUnitOperation.doPhaseOperation(CompilationUnit.java:897)
	... 37 more
