WARNING: A restricted method in java.lang.System has been called
WARNING: java.lang.System::load has been called by org.fusesource.jansi.internal.JansiLoader in an unnamed module (file:/home/poddingue/.sdkman/candidates/maven/current/lib/jansi-2.4.1.jar)
WARNING: Use --enable-native-access=ALL-UNNAMED to avoid a warning for callers in this module
WARNING: Restricted methods will be blocked in a future release unless native access is enabled

WARNING: A terminally deprecated method in sun.misc.Unsafe has been called
WARNING: sun.misc.Unsafe::objectFieldOffset has been called by com.google.common.util.concurrent.AbstractFuture$UnsafeAtomicHelper (file:/home/poddingue/.sdkman/candidates/maven/current/lib/guava-33.2.1-jre.jar)
WARNING: Please consider reporting this to the maintainers of class com.google.common.util.concurrent.AbstractFuture$UnsafeAtomicHelper
WARNING: sun.misc.Unsafe::objectFieldOffset will be removed in a future release
[INFO] Scanning for projects...
[INFO] ------------------------------------------------------------------------
[INFO] Reactor Build Order:
[INFO] 
[INFO] Configuration Maven extension                                      [jar]
[INFO] Gradle Plugin                                                      [hpi]
[INFO] Gradle Plugin Acceptance Tests                                     [jar]
[INFO] Gradle Plugin parent pom                                           [pom]
[INFO] 
[INFO] --------------< com.gradle:configuration-maven-extension >--------------
[INFO] Building Configuration Maven extension 1.0.0                       [1/4]
[INFO]   from configuration-maven-extension/pom.xml
[INFO] --------------------------------[ jar ]---------------------------------
[INFO] 
[INFO] --- clean:3.2.0:clean (default-clean) @ configuration-maven-extension ---
[INFO] 
[INFO] --- resources:3.3.1:resources (default-resources) @ configuration-maven-extension ---
[WARNING] Using platform encoding (UTF-8 actually) to copy filtered resources, i.e. build is platform dependent!
[INFO] Copying 1 resource from src/main/resources to target/classes
[INFO] 
[INFO] --- compiler:3.13.0:compile (default-compile) @ configuration-maven-extension ---
[INFO] Recompiling the module because of changed source code.
[WARNING] File encoding has not been set, using platform encoding UTF-8, i.e. build is platform dependent!
[INFO] Compiling 1 source file with javac [debug release 17] to target/classes
[INFO] /tmp/plugin-builds/gradle/configuration-maven-extension/src/main/java/com/gradle/jenkins/maven/extension/internal/DevelocityConfigurerListener.java: /tmp/plugin-builds/gradle/configuration-maven-extension/src/main/java/com/gradle/jenkins/maven/extension/internal/DevelocityConfigurerListener.java uses or overrides a deprecated API.
[INFO] /tmp/plugin-builds/gradle/configuration-maven-extension/src/main/java/com/gradle/jenkins/maven/extension/internal/DevelocityConfigurerListener.java: Recompile with -Xlint:deprecation for details.
[INFO] 
[INFO] --- resources:3.3.1:testResources (default-testResources) @ configuration-maven-extension ---
[INFO] Not copying test resources
[INFO] 
[INFO] --- compiler:3.13.0:testCompile (default-testCompile) @ configuration-maven-extension ---
[INFO] Not compiling test sources
[INFO] 
[INFO] --- surefire:3.2.5:test (default-test) @ configuration-maven-extension ---
[INFO] Tests are skipped.
[INFO] 
[INFO] --- jar:3.4.1:jar (default-jar) @ configuration-maven-extension ---
[INFO] Building jar: /tmp/plugin-builds/gradle/configuration-maven-extension/target/configuration-maven-extension-1.0.0.jar
[INFO] 
[INFO] --- install:3.1.2:install (default-install) @ configuration-maven-extension ---
[INFO] Installing /tmp/plugin-builds/gradle/configuration-maven-extension/pom.xml to /home/poddingue/.m2/repository/com/gradle/configuration-maven-extension/1.0.0/configuration-maven-extension-1.0.0.pom
[INFO] Installing /tmp/plugin-builds/gradle/configuration-maven-extension/target/configuration-maven-extension-1.0.0.jar to /home/poddingue/.m2/repository/com/gradle/configuration-maven-extension/1.0.0/configuration-maven-extension-1.0.0.jar
[INFO] 
[INFO] ---------------------< io.jenkins.plugins:gradle >----------------------
[INFO] Building Gradle Plugin 2.16.999999-SNAPSHOT                        [2/4]
[INFO]   from plugin/pom.xml
[INFO] --------------------------------[ hpi ]---------------------------------
[INFO] 
[INFO] --- clean:3.5.0:clean (default-clean) @ gradle ---
[INFO] 
[INFO] --- hpi:3.66:validate (default-validate) @ gradle ---
[INFO] Created marker file /tmp/plugin-builds/gradle/plugin/target/java-level/17
[INFO] 
[INFO] --- hpi:3.66:validate-hpi (default-validate-hpi) @ gradle ---
[INFO] 
[INFO] --- enforcer:3.5.0:enforce (display-info) @ gradle ---
[INFO] Rule 0: io.jenkins.tools.incrementals.enforcer.RequireExtensionVersion passed
[INFO] Rule 1: org.apache.maven.enforcer.rules.version.RequireMavenVersion passed
[INFO] Rule 2: org.apache.maven.enforcer.rules.version.RequireJavaVersion passed
[INFO] Rule 3: org.codehaus.mojo.extraenforcer.dependencies.EnforceBytecodeVersion passed
[INFO] Rule 4: org.apache.maven.enforcer.rules.dependency.BannedDependencies passed
[INFO] Rule 5: org.apache.maven.enforcer.rules.dependency.BannedDependencies passed
[INFO] Ignoring requireUpperBoundDeps in org.ow2.asm:asm
[INFO] ------------------------------------------------------------------------
[INFO] Reactor Summary:
[INFO] 
[INFO] Configuration Maven extension 1.0.0 ................ SUCCESS [  1.594 s]
[INFO] Gradle Plugin 2.16.999999-SNAPSHOT ................. FAILURE [  3.888 s]
[INFO] Gradle Plugin Acceptance Tests UNVERSIONED ......... SKIPPED
[INFO] Gradle Plugin parent pom UNVERSIONED ............... SKIPPED
[INFO] ------------------------------------------------------------------------
[INFO] BUILD FAILURE
[INFO] ------------------------------------------------------------------------
[INFO] Total time:  6.442 s
[INFO] Finished at: 2025-07-09T11:14:56+02:00
[INFO] ------------------------------------------------------------------------
[ERROR] Failed to execute goal org.apache.maven.plugins:maven-enforcer-plugin:3.5.0:enforce (display-info) on project gradle: 
[ERROR] Rule 6: org.apache.maven.enforcer.rules.dependency.RequireUpperBoundDeps failed with message:
[ERROR] Failed while enforcing RequireUpperBoundDeps. The error(s) are [
[ERROR] Require upper bound dependencies error for com.google.guava:guava:33.3.0-jre [runtime] paths to dependency are:
[ERROR] +-io.jenkins.plugins:gradle:2.16.999999-SNAPSHOT
[ERROR]   +-com.gradle:configuration-maven-extension:1.0.0 [runtime]
[ERROR]     +-org.apache.maven:maven-core:3.9.10 [runtime]
[ERROR]       +-com.google.guava:guava:33.3.0-jre [runtime] (managed) <-- com.google.guava:guava:33.4.8-jre [runtime]
[ERROR] ]
[ERROR] -> [Help 1]
[ERROR] 
[ERROR] To see the full stack trace of the errors, re-run Maven with the -e switch.
[ERROR] Re-run Maven using the -X switch to enable full debug logging.
[ERROR] 
[ERROR] For more information about the errors and possible solutions, please read the following articles:
[ERROR] [Help 1] http://cwiki.apache.org/confluence/display/MAVEN/MojoExecutionException
[ERROR] 
[ERROR] After correcting the problems, you can resume the build with the command
[ERROR]   mvn <args> -rf :gradle
