WARNING: A terminally deprecated method in sun.misc.Unsafe has been called
WARNING: sun.misc.Unsafe::staticFieldBase has been called by com.google.inject.internal.aop.HiddenClassDefiner (file:/home/poddingue/.sdkman/candidates/maven/current/lib/guice-5.1.0-classes.jar)
WARNING: Please consider reporting this to the maintainers of class com.google.inject.internal.aop.HiddenClassDefiner
WARNING: sun.misc.Unsafe::staticFieldBase will be removed in a future release
[INFO] Scanning for projects...
[INFO] 
[INFO] Using the MultiThreadedBuilder implementation with a thread count of 4
[INFO] 
[INFO] -------------------< org.jenkins-ci.plugins:groovy >--------------------
[INFO] Building Groovy 999999-SNAPSHOT
[INFO]   from pom.xml
[INFO] --------------------------------[ hpi ]---------------------------------
[INFO] 
[INFO] --- clean:3.5.0:clean (default-clean) @ groovy ---
[INFO] 
[INFO] --- hpi:3.66:validate (default-validate) @ groovy ---
[INFO] Created marker file /tmp/plugin-builds/groovy/target/java-level/17
[INFO] 
[INFO] --- hpi:3.66:validate-hpi (default-validate-hpi) @ groovy ---
[INFO] 
[INFO] --- enforcer:3.5.0:enforce (display-info) @ groovy ---
[INFO] Rule 0: io.jenkins.tools.incrementals.enforcer.RequireExtensionVersion passed
[INFO] Rule 1: org.apache.maven.enforcer.rules.version.RequireMavenVersion passed
[INFO] Rule 2: org.apache.maven.enforcer.rules.version.RequireJavaVersion passed
[INFO] Rule 3: org.codehaus.mojo.extraenforcer.dependencies.EnforceBytecodeVersion passed
[INFO] Rule 4: org.apache.maven.enforcer.rules.dependency.BannedDependencies passed
[INFO] Rule 5: org.apache.maven.enforcer.rules.dependency.BannedDependencies passed
[INFO] Rule 6: org.apache.maven.enforcer.rules.dependency.RequireUpperBoundDeps passed
[INFO] 
[INFO] --- enforcer:3.5.0:enforce (no-snapshots-in-release) @ groovy ---
[INFO] Rule 0: org.apache.maven.enforcer.rules.dependency.RequireReleaseDeps passed
[INFO] 
[INFO] --- localizer:1.31:generate (default) @ groovy ---
[INFO] 
[INFO] --- resources:3.3.1:resources (default-resources) @ groovy ---
[INFO] Copying 31 resources from src/main/resources to target/classes
[INFO] 
[INFO] --- flatten:1.7.1:flatten (flatten) @ groovy ---
[INFO] Generating flattened POM of project org.jenkins-ci.plugins:groovy:hpi:999999-SNAPSHOT...
[INFO] 
[INFO] --- compiler:3.14.0:compile (default-compile) @ groovy ---
[INFO] Recompiling the module because of changed source code.
[INFO] Compiling 13 source files with javac [debug parameters release 17] to target/classes
[INFO] hudson.plugins.groovy.FileScriptSource.DescriptorImpl indexed under hudson.Extension
[INFO] hudson.plugins.groovy.FileSystemScriptSource.DescriptorImpl indexed under hudson.Extension
[INFO] hudson.plugins.groovy.Groovy.DescriptorImpl indexed under hudson.Extension
[INFO] hudson.plugins.groovy.GroovyInstallation.DescriptorImpl indexed under hudson.Extension
[INFO] hudson.plugins.groovy.GroovyInstaller.DescriptorImpl indexed under hudson.Extension
[INFO] hudson.plugins.groovy.GroovyTokenMacro indexed under hudson.Extension
[INFO] hudson.plugins.groovy.StringScriptSource.DescriptorImpl indexed under hudson.Extension
[INFO] hudson.plugins.groovy.StringSystemScriptSource.DescriptorImpl indexed under hudson.Extension
[INFO] hudson.plugins.groovy.SystemGroovy.DescriptorImpl indexed under hudson.Extension
[INFO] hudson.plugins.groovy.WithGroovyStep.DescriptorImpl indexed under hudson.Extension
[INFO] /tmp/plugin-builds/groovy/src/main/java/hudson/plugins/groovy/FileScriptSource.java:[23,12] Generating hudson/plugins/groovy/FileScriptSource.stapler
[INFO] /tmp/plugin-builds/groovy/src/main/java/hudson/plugins/groovy/FileSystemScriptSource.java:[19,12] Generating hudson/plugins/groovy/FileSystemScriptSource.stapler
[INFO] /tmp/plugin-builds/groovy/src/main/java/hudson/plugins/groovy/Groovy.java:[213,16] Generating hudson/plugins/groovy/Groovy/GroovyInstallation.stapler
[INFO] /tmp/plugin-builds/groovy/src/main/java/hudson/plugins/groovy/Groovy.java:[50,12] Generating hudson/plugins/groovy/Groovy.stapler
[INFO] /tmp/plugin-builds/groovy/src/main/java/hudson/plugins/groovy/GroovyInstallation.java:[31,12] Generating hudson/plugins/groovy/GroovyInstallation.stapler
[INFO] /tmp/plugin-builds/groovy/src/main/java/hudson/plugins/groovy/GroovyInstaller.java:[11,12] Generating hudson/plugins/groovy/GroovyInstaller.stapler
[INFO] /tmp/plugin-builds/groovy/src/main/java/hudson/plugins/groovy/StringScriptSource.java:[26,12] Generating hudson/plugins/groovy/StringScriptSource.stapler
[INFO] /tmp/plugin-builds/groovy/src/main/java/hudson/plugins/groovy/StringSystemScriptSource.java:[17,12] Generating hudson/plugins/groovy/StringSystemScriptSource.stapler
[INFO] /tmp/plugin-builds/groovy/src/main/java/hudson/plugins/groovy/SystemGroovy.java:[39,12] Generating hudson/plugins/groovy/SystemGroovy.stapler
[INFO] /tmp/plugin-builds/groovy/src/main/java/hudson/plugins/groovy/WithGroovyStep.java:[54,12] Generating hudson/plugins/groovy/WithGroovyStep.stapler
[INFO] /tmp/plugin-builds/groovy/src/main/java/hudson/plugins/groovy/StringScriptSource.java:[66,31] Generating hudson/plugins/groovy/StringScriptSource/DescriptorImpl/doCheckScript.stapler
[INFO] /tmp/plugin-builds/groovy/src/main/java/hudson/plugins/groovy/ScriptSource.java: Some input files use or override a deprecated API.
[INFO] /tmp/plugin-builds/groovy/src/main/java/hudson/plugins/groovy/ScriptSource.java: Recompile with -Xlint:deprecation for details.
[INFO] 
[INFO] --- access-modifier-checker:1.35:enforce (default-enforce) @ groovy ---
[INFO] 
[INFO] --- bridge-method-injector:1.31:process (default) @ groovy ---
[INFO] 
[INFO] --- hpi:3.66:insert-test (default-insert-test) @ groovy ---
[INFO] 
[INFO] --- antrun:3.1.0:run (createTempDir) @ groovy ---
[INFO] Executing tasks
[INFO]     [mkdir] Created dir: /tmp/plugin-builds/groovy/target/tmp
[INFO] Executed tasks
[INFO] 
[INFO] --- resources:3.3.1:testResources (default-testResources) @ groovy ---
[INFO] Not copying test resources
[INFO] 
[INFO] --- dependency:3.8.1:copy (copy-binary-files) @ groovy ---
[INFO] Configured Artifact: org.codehaus.groovy:groovy-binary:2.4.21:zip
[INFO] 
[INFO] --- compiler:3.14.0:testCompile (default-testCompile) @ groovy ---
[INFO] Not compiling test sources
[INFO] 
[INFO] --- hpi:3.66:test-hpl (default-test-hpl) @ groovy ---
[INFO] Generating /tmp/plugin-builds/groovy/target/test-classes/the.hpl
[INFO] 
[INFO] --- hpi:3.66:resolve-test-dependencies (default-resolve-test-dependencies) @ groovy ---
[INFO] 
[INFO] --- hpi:3.66:test-runtime (default-test-runtime) @ groovy ---
[INFO] Tests are skipped.
[INFO] 
[INFO] --- surefire:3.5.3:test (default-test) @ groovy ---
[INFO] Tests are skipped.
[INFO] 
[INFO] --- license:165.v7e11f4e4a_325:process (default) @ groovy ---
[INFO] ------------------------------------------------------------------------
[INFO] BUILD FAILURE
[INFO] ------------------------------------------------------------------------
[INFO] Total time:  25.578 s (Wall Clock)
[INFO] Finished at: 2025-08-22T18:30:39+02:00
[INFO] ------------------------------------------------------------------------
[ERROR] BUG! exception in phase 'semantic analysis' in source unit 'inlineScript' Unsupported class file major version 69 -> [Help 1]
[ERROR] BUG! exception in phase 'semantic analysis' in source unit 'inlineScript' Unsupported class file major version 69
[ERROR] 
[ERROR] To see the full stack trace of the errors, re-run Maven with the -e switch.
[ERROR] Re-run Maven using the -X switch to enable full debug logging.
[ERROR] 
[ERROR] For more information about the errors and possible solutions, please read the following articles:
[ERROR] [Help 1] http://cwiki.apache.org/confluence/display/MAVEN/GroovyBugError
