WARNING: A terminally deprecated method in sun.misc.Unsafe has been called
WARNING: sun.misc.Unsafe::staticFieldBase has been called by com.google.inject.internal.aop.HiddenClassDefiner (file:/home/poddingue/.sdkman/candidates/maven/current/lib/guice-5.1.0-classes.jar)
WARNING: Please consider reporting this to the maintainers of class com.google.inject.internal.aop.HiddenClassDefiner
WARNING: sun.misc.Unsafe::staticFieldBase will be removed in a future release
[INFO] Scanning for projects...
[INFO] 
[INFO] Using the MultiThreadedBuilder implementation with a thread count of 4
[INFO] 
[INFO] ----------------< org.jenkins-ci.plugins:htmlpublisher >----------------
[INFO] Building HTML Publisher plugin 428-SNAPSHOT
[INFO]   from pom.xml
[INFO] --------------------------------[ hpi ]---------------------------------
[INFO] 
[INFO] --- clean:3.4.1:clean (default-clean) @ htmlpublisher ---
[INFO] 
[INFO] --- hpi:3.64:validate (default-validate) @ htmlpublisher ---
[INFO] Created marker file /tmp/plugin-builds/htmlpublisher/target/java-level/17
[INFO] 
[INFO] --- hpi:3.64:validate-hpi (default-validate-hpi) @ htmlpublisher ---
[INFO] 
[INFO] --- enforcer:3.5.0:enforce (display-info) @ htmlpublisher ---
[INFO] Rule 0: io.jenkins.tools.incrementals.enforcer.RequireExtensionVersion passed
[INFO] Rule 1: org.apache.maven.enforcer.rules.version.RequireMavenVersion passed
[INFO] Rule 2: org.apache.maven.enforcer.rules.version.RequireJavaVersion passed
[INFO] Rule 3: org.codehaus.mojo.extraenforcer.dependencies.EnforceBytecodeVersion passed
[INFO] Rule 4: org.apache.maven.enforcer.rules.dependency.BannedDependencies passed
[INFO] Rule 5: org.apache.maven.enforcer.rules.dependency.BannedDependencies passed
[INFO] Rule 6: org.apache.maven.enforcer.rules.dependency.RequireUpperBoundDeps passed
[INFO] 
[INFO] --- enforcer:3.5.0:enforce (no-snapshots-in-release) @ htmlpublisher ---
[INFO] Rule 0: org.apache.maven.enforcer.rules.dependency.RequireReleaseDeps passed
[INFO] 
[INFO] --- localizer:1.31:generate (default) @ htmlpublisher ---
[INFO] 
[INFO] --- resources:3.3.1:resources (default-resources) @ htmlpublisher ---
[INFO] Copying 23 resources from src/main/resources to target/classes
[INFO] 
[INFO] --- flatten:1.7.0:flatten (flatten) @ htmlpublisher ---
[INFO] Generating flattened POM of project org.jenkins-ci.plugins:htmlpublisher:hpi:428-SNAPSHOT...
[INFO] 
[INFO] --- compiler:3.14.0:compile (default-compile) @ htmlpublisher ---
[INFO] Recompiling the module because of changed source code.
[INFO] Compiling 10 source files with javac [debug parameters release 17] to target/classes
[INFO] htmlpublisher.HtmlPublisher.DescriptorImpl indexed under hudson.Extension
[INFO] htmlpublisher.HtmlPublisherTarget.DescriptorImpl indexed under hudson.Extension
[INFO] htmlpublisher.workflow.PublishHTMLStep.DescriptorImpl indexed under hudson.Extension
[INFO] htmlpublisher.workflow.WorkflowActionsFactory indexed under hudson.Extension
[INFO] /tmp/plugin-builds/htmlpublisher/src/main/java/htmlpublisher/HtmlPublisher.java:[115,12] Generating htmlpublisher/HtmlPublisher.stapler
[INFO] /tmp/plugin-builds/htmlpublisher/src/main/java/htmlpublisher/HtmlPublisherTarget.java:[128,12] Generating htmlpublisher/HtmlPublisherTarget.stapler
[INFO] /tmp/plugin-builds/htmlpublisher/src/main/java/htmlpublisher/workflow/PublishHTMLStep.java:[57,12] Generating htmlpublisher/workflow/PublishHTMLStep.stapler
[INFO] /tmp/plugin-builds/htmlpublisher/src/main/java/htmlpublisher/HtmlPublisher.java:[430,31] Generating htmlpublisher/HtmlPublisher/DescriptorImpl/doCheck.stapler
[INFO] /tmp/plugin-builds/htmlpublisher/src/main/java/htmlpublisher/HtmlPublisher.java: /tmp/plugin-builds/htmlpublisher/src/main/java/htmlpublisher/HtmlPublisher.java uses unchecked or unsafe operations.
[INFO] /tmp/plugin-builds/htmlpublisher/src/main/java/htmlpublisher/HtmlPublisher.java: Recompile with -Xlint:unchecked for details.
[INFO] 
[INFO] --- access-modifier-checker:1.35:enforce (default-enforce) @ htmlpublisher ---
[INFO] 
[INFO] --- bridge-method-injector:1.31:process (default) @ htmlpublisher ---
[INFO] 
[INFO] --- hpi:3.64:insert-test (default-insert-test) @ htmlpublisher ---
[INFO] 
[INFO] --- antrun:3.1.0:run (createTempDir) @ htmlpublisher ---
[INFO] Executing tasks
[INFO]     [mkdir] Created dir: /tmp/plugin-builds/htmlpublisher/target/tmp
[INFO] Executed tasks
[INFO] 
[INFO] --- resources:3.3.1:testResources (default-testResources) @ htmlpublisher ---
[INFO] Not copying test resources
[INFO] 
[INFO] --- compiler:3.14.0:testCompile (default-testCompile) @ htmlpublisher ---
[INFO] Not compiling test sources
[INFO] 
[INFO] --- hpi:3.64:test-hpl (default-test-hpl) @ htmlpublisher ---
[INFO] Generating /tmp/plugin-builds/htmlpublisher/target/test-classes/the.hpl
[INFO] 
[INFO] --- hpi:3.64:resolve-test-dependencies (default-resolve-test-dependencies) @ htmlpublisher ---
[INFO] 
[INFO] --- hpi:3.64:test-runtime (default-test-runtime) @ htmlpublisher ---
[INFO] Tests are skipped.
[INFO] 
[INFO] --- surefire:3.5.3:test (default-test) @ htmlpublisher ---
[INFO] Tests are skipped.
[INFO] 
[INFO] --- license:165.v7e11f4e4a_325:process (default) @ htmlpublisher ---
[INFO] ------------------------------------------------------------------------
[INFO] BUILD FAILURE
[INFO] ------------------------------------------------------------------------
[INFO] Total time:  17.473 s (Wall Clock)
[INFO] Finished at: 2025-08-22T18:12:51+02:00
[INFO] ------------------------------------------------------------------------
[ERROR] BUG! exception in phase 'semantic analysis' in source unit 'inlineScript' Unsupported class file major version 69 -> [Help 1]
[ERROR] BUG! exception in phase 'semantic analysis' in source unit 'inlineScript' Unsupported class file major version 69
[ERROR] 
[ERROR] To see the full stack trace of the errors, re-run Maven with the -e switch.
[ERROR] Re-run Maven using the -X switch to enable full debug logging.
[ERROR] 
[ERROR] For more information about the errors and possible solutions, please read the following articles:
[ERROR] [Help 1] http://cwiki.apache.org/confluence/display/MAVEN/GroovyBugError
