WARNING: A restricted method in java.lang.System has been called
WARNING: java.lang.System::load has been called by org.fusesource.jansi.internal.JansiLoader in an unnamed module (file:/home/poddingue/.sdkman/candidates/maven/current/lib/jansi-2.4.1.jar)
WARNING: Use --enable-native-access=ALL-UNNAMED to avoid a warning for callers in this module
WARNING: Restricted methods will be blocked in a future release unless native access is enabled

WARNING: A terminally deprecated method in sun.misc.Unsafe has been called
WARNING: sun.misc.Unsafe::objectFieldOffset has been called by com.google.common.util.concurrent.AbstractFuture$UnsafeAtomicHelper (file:/home/poddingue/.sdkman/candidates/maven/current/lib/guava-33.2.1-jre.jar)
WARNING: Please consider reporting this to the maintainers of class com.google.common.util.concurrent.AbstractFuture$UnsafeAtomicHelper
WARNING: sun.misc.Unsafe::objectFieldOffset will be removed in a future release
[INFO] Scanning for projects...
[INFO] 
[INFO] -------------< org.jenkins-ci.plugins.icon-shim:icon-shim >-------------
[INFO] Building Icon Shim 3.0.1-SNAPSHOT
[INFO]   from pom.xml
[INFO] --------------------------------[ hpi ]---------------------------------
[WARNING] Parameter 'showDeprecation' is unknown for plugin 'maven-hpi-plugin:3.17:validate (default-validate)'
[WARNING] Parameter 'showDeprecation' is unknown for plugin 'maven-hpi-plugin:3.17:validate-hpi (default-validate-hpi)'
[WARNING] Parameter 'showDeprecation' is unknown for plugin 'maven-hpi-plugin:3.17:insert-test (default-insert-test)'
[WARNING] Parameter 'showDeprecation' is unknown for plugin 'maven-hpi-plugin:3.17:test-hpl (default-test-hpl)'
[WARNING] Parameter 'showDeprecation' is unknown for plugin 'maven-hpi-plugin:3.17:resolve-test-dependencies (default-resolve-test-dependencies)'
[WARNING] Parameter 'showDeprecation' is unknown for plugin 'maven-hpi-plugin:3.17:hpi (default-hpi)'
[INFO] 
[INFO] --- clean:3.1.0:clean (default-clean) @ icon-shim ---
[INFO] 
[INFO] --- hpi:3.17:validate (default-validate) @ icon-shim ---
[INFO] 
[INFO] --- hpi:3.17:validate-hpi (default-validate-hpi) @ icon-shim ---
[INFO] 
[INFO] --- enforcer:3.0.0-M3:display-info (display-info) @ icon-shim ---
[INFO] Maven Version: 3.9.9
[INFO] JDK Version: 25-beta normalized as: 25
[INFO] OS Info: Arch: amd64 Family: unix Name: linux Version: 5.15.153.1-microsoft-standard-wsl2
[INFO] 
[INFO] --- enforcer:3.0.0-M3:enforce (display-info) @ icon-shim ---
[INFO] Adding ignore: module-info
[INFO] 
[INFO] --- enforcer:3.0.0-M3:enforce (no-snapshots-in-release) @ icon-shim ---
[INFO] 
[INFO] --- gplus:1.12.0:addTestSources (test-in-groovy) @ icon-shim ---
[INFO] 
[INFO] --- localizer:1.31:generate (default) @ icon-shim ---
[INFO] 
[INFO] --- resources:3.2.0:resources (default-resources) @ icon-shim ---
[INFO] Using 'UTF-8' encoding to copy filtered resources.
[INFO] Using 'UTF-8' encoding to copy filtered properties files.
[INFO] Copying 3 resources
[INFO] 
[INFO] --- compiler:3.8.1:compile (default-compile) @ icon-shim ---
[INFO] Nothing to compile - all classes are up to date
[INFO] 
[INFO] --- access-modifier-checker:1.21:enforce (default-enforce) @ icon-shim ---
[INFO] Skipping access modifier checks
[INFO] 
[INFO] --- hpi:3.17:insert-test (default-insert-test) @ icon-shim ---
[INFO] 
[INFO] --- gplus:1.12.0:generateTestStubs (test-in-groovy) @ icon-shim ---
[INFO] No sources specified for stub generation. Skipping.
[INFO] Generated 0 stubs.
[INFO] 
[INFO] --- antrun:3.0.0:run (createTempDir) @ icon-shim ---
[INFO] Executing tasks
[INFO]     [mkdir] Created dir: /tmp/plugin-builds/icon-shim/target/tmp
[INFO] Executed tasks
[INFO] 
[INFO] --- resources:3.2.0:testResources (default-testResources) @ icon-shim ---
[INFO] Using 'UTF-8' encoding to copy filtered resources.
[INFO] Using 'UTF-8' encoding to copy filtered properties files.
[INFO] skip non existing resourceDirectory /tmp/plugin-builds/icon-shim/src/test/resources
[INFO] 
[INFO] --- compiler:3.8.1:testCompile (default-testCompile) @ icon-shim ---
[INFO] Changes detected - recompiling the module!
[INFO] Compiling 1 source file to /tmp/plugin-builds/icon-shim/target/test-classes
[INFO] 
[INFO] --- hpi:3.17:test-hpl (default-test-hpl) @ icon-shim ---
[INFO] Generating /tmp/plugin-builds/icon-shim/target/test-classes/the.hpl
[INFO] 
[INFO] --- hpi:3.17:resolve-test-dependencies (default-resolve-test-dependencies) @ icon-shim ---
[INFO] 
[INFO] --- gplus:1.12.0:compileTests (test-in-groovy) @ icon-shim ---
[INFO] No sources specified for compilation. Skipping.
[INFO] 
[INFO] --- surefire:3.0.0-M4:test (default-test) @ icon-shim ---
[WARNING]  Parameter 'systemProperties' is deprecated: Use systemPropertyVariables instead.
[INFO] Tests are skipped.
[INFO] 
[INFO] --- animal-sniffer:1.19:check (check) @ icon-shim ---
[INFO] Resolved signature org.codehaus.mojo.signature:java18 version as 1.0 from dependencyManagement
[INFO] Checking unresolved references to org.codehaus.mojo.signature:java18:1.0
[ERROR] Bad class file /tmp/plugin-builds/icon-shim/target/test-classes/InjectedTest.class
[INFO] ------------------------------------------------------------------------
[INFO] BUILD FAILURE
[INFO] ------------------------------------------------------------------------
[INFO] Total time:  7.001 s
[INFO] Finished at: 2025-05-22T13:35:46+02:00
[INFO] ------------------------------------------------------------------------
[ERROR] Failed to execute goal org.codehaus.mojo:animal-sniffer-maven-plugin:1.19:check (check) on project icon-shim: Failed to check signatures: Bad class file /tmp/plugin-builds/icon-shim/target/test-classes/InjectedTest.class: Unsupported class file major version 61 -> [Help 1]
[ERROR] 
[ERROR] To see the full stack trace of the errors, re-run Maven with the -e switch.
[ERROR] Re-run Maven using the -X switch to enable full debug logging.
[ERROR] 
[ERROR] For more information about the errors and possible solutions, please read the following articles:
[ERROR] [Help 1] http://cwiki.apache.org/confluence/display/MAVEN/MojoExecutionException
