WARNING: A restricted method in java.lang.System has been called
WARNING: java.lang.System::load has been called by org.fusesource.jansi.internal.JansiLoader in an unnamed module (file:/home/poddingue/.sdkman/candidates/maven/current/lib/jansi-2.4.1.jar)
WARNING: Use --enable-native-access=ALL-UNNAMED to avoid a warning for callers in this module
WARNING: Restricted methods will be blocked in a future release unless native access is enabled

WARNING: A terminally deprecated method in sun.misc.Unsafe has been called
WARNING: sun.misc.Unsafe::objectFieldOffset has been called by com.google.common.util.concurrent.AbstractFuture$UnsafeAtomicHelper (file:/home/poddingue/.sdkman/candidates/maven/current/lib/guava-33.2.1-jre.jar)
WARNING: Please consider reporting this to the maintainers of class com.google.common.util.concurrent.AbstractFuture$UnsafeAtomicHelper
WARNING: sun.misc.Unsafe::objectFieldOffset will be removed in a future release
[INFO] Scanning for projects...
Downloading from repo.jenkins-ci.org: https://repo.jenkins-ci.org/public/org/jenkins-ci/plugins/plugin/5.14/plugin-5.14.pom
Progress (1): 0.5/61 kBProgress (1): 1.9/61 kBProgress (1): 3.3/61 kBProgress (1): 4.7/61 kBProgress (1): 6.1/61 kBProgress (1): 7.5/61 kBProgress (1): 8.9/61 kBProgress (1): 10/61 kB Progress (1): 12/61 kBProgress (1): 13/61 kBProgress (1): 14/61 kBProgress (1): 16/61 kBProgress (1): 17/61 kBProgress (1): 19/61 kBProgress (1): 20/61 kBProgress (1): 21/61 kBProgress (1): 23/61 kBProgress (1): 24/61 kBProgress (1): 26/61 kBProgress (1): 27/61 kBProgress (1): 28/61 kBProgress (1): 30/61 kBProgress (1): 31/61 kBProgress (1): 33/61 kBProgress (1): 33/61 kBProgress (1): 34/61 kBProgress (1): 35/61 kBProgress (1): 37/61 kBProgress (1): 38/61 kBProgress (1): 40/61 kBProgress (1): 41/61 kBProgress (1): 42/61 kBProgress (1): 44/61 kBProgress (1): 45/61 kBProgress (1): 47/61 kBProgress (1): 48/61 kBProgress (1): 49/61 kBProgress (1): 51/61 kBProgress (1): 52/61 kBProgress (1): 54/61 kBProgress (1): 55/61 kBProgress (1): 56/61 kBProgress (1): 58/61 kBProgress (1): 59/61 kBProgress (1): 61/61 kBProgress (1): 61 kB                      Downloaded from repo.jenkins-ci.org: https://repo.jenkins-ci.org/public/org/jenkins-ci/plugins/plugin/5.14/plugin-5.14.pom (61 kB at 74 kB/s)
Downloading from repo.jenkins-ci.org: https://repo.jenkins-ci.org/public/io/jenkins/tools/bom/bom-2.479.x/4710.v016f0a_07e34d/bom-2.479.x-4710.v016f0a_07e34d.pom
Progress (1): 0.4/8.5 kBProgress (1): 1.8/8.5 kBProgress (1): 3.2/8.5 kBProgress (1): 4.6/8.5 kBProgress (1): 6.0/8.5 kBProgress (1): 7.4/8.5 kBProgress (1): 8.5 kB                        Downloaded from repo.jenkins-ci.org: https://repo.jenkins-ci.org/public/io/jenkins/tools/bom/bom-2.479.x/4710.v016f0a_07e34d/bom-2.479.x-4710.v016f0a_07e34d.pom (8.5 kB at 83 kB/s)
Downloading from repo.jenkins-ci.org: https://repo.jenkins-ci.org/public/io/jenkins/tools/bom/bom-2.492.x/4710.v016f0a_07e34d/bom-2.492.x-4710.v016f0a_07e34d.pom
Progress (1): 0.4/8.4 kBProgress (1): 1.8/8.4 kBProgress (1): 3.2/8.4 kBProgress (1): 4.6/8.4 kBProgress (1): 6.0/8.4 kBProgress (1): 7.4/8.4 kBProgress (1): 8.4 kB                        Downloaded from repo.jenkins-ci.org: https://repo.jenkins-ci.org/public/io/jenkins/tools/bom/bom-2.492.x/4710.v016f0a_07e34d/bom-2.492.x-4710.v016f0a_07e34d.pom (8.4 kB at 80 kB/s)
[INFO] 
[INFO] ----------------< io.jenkins.plugins:jakarta-mail-api >-----------------
[INFO] Building Jakarta Mail API 2.1.3-3-SNAPSHOT
[INFO]   from pom.xml
[INFO] --------------------------------[ hpi ]---------------------------------
Downloading from repo.jenkins-ci.org: https://repo.jenkins-ci.org/public/org/jenkins-ci/main/jenkins-test-harness/2443.v1f61c6816c2c/jenkins-test-harness-2443.v1f61c6816c2c.pom
Progress (1): 0.4/11 kBProgress (1): 1.8/11 kBProgress (1): 3.2/11 kBProgress (1): 4.6/11 kBProgress (1): 6.0/11 kBProgress (1): 7.4/11 kBProgress (1): 8.8/11 kBProgress (1): 10/11 kB Progress (1): 11 kB                      Downloaded from repo.jenkins-ci.org: https://repo.jenkins-ci.org/public/org/jenkins-ci/main/jenkins-test-harness/2443.v1f61c6816c2c/jenkins-test-harness-2443.v1f61c6816c2c.pom (11 kB at 56 kB/s)
Downloading from repo.jenkins-ci.org: https://repo.jenkins-ci.org/public/org/eclipse/jetty/ee10/jetty-ee10-webapp/12.0.19/jetty-ee10-webapp-12.0.19.pom
Downloading from incrementals: https://repo.jenkins-ci.org/incrementals/org/eclipse/jetty/ee10/jetty-ee10-webapp/12.0.19/jetty-ee10-webapp-12.0.19.pom
Downloading from central: https://repo.maven.apache.org/maven2/org/eclipse/jetty/ee10/jetty-ee10-webapp/12.0.19/jetty-ee10-webapp-12.0.19.pom
Progress (1): 1.4/4.0 kBProgress (1): 2.8/4.0 kBProgress (1): 4.0 kB                        Downloaded from central: https://repo.maven.apache.org/maven2/org/eclipse/jetty/ee10/jetty-ee10-webapp/12.0.19/jetty-ee10-webapp-12.0.19.pom (4.0 kB at 60 kB/s)
Downloading from repo.jenkins-ci.org: https://repo.jenkins-ci.org/public/org/eclipse/jetty/ee10/jetty-ee10/12.0.19/jetty-ee10-12.0.19.pom
Downloading from incrementals: https://repo.jenkins-ci.org/incrementals/org/eclipse/jetty/ee10/jetty-ee10/12.0.19/jetty-ee10-12.0.19.pom
Downloading from central: https://repo.maven.apache.org/maven2/org/eclipse/jetty/ee10/jetty-ee10/12.0.19/jetty-ee10-12.0.19.pom
Progress (1): 1.4/33 kBProgress (1): 2.8/33 kBProgress (1): 4.1/33 kBProgress (1): 5.5/33 kBProgress (1): 6.9/33 kBProgress (1): 8.3/33 kBProgress (1): 9.7/33 kBProgress (1): 11/33 kB Progress (1): 12/33 kBProgress (1): 14/33 kBProgress (1): 15/33 kBProgress (1): 16/33 kBProgress (1): 18/33 kBProgress (1): 19/33 kBProgress (1): 21/33 kBProgress (1): 22/33 kBProgress (1): 23/33 kBProgress (1): 25/33 kBProgress (1): 26/33 kBProgress (1): 27/33 kBProgress (1): 29/33 kBProgress (1): 30/33 kBProgress (1): 32/33 kBProgress (1): 33/33 kBProgress (1): 33 kB                      Downloaded from central: https://repo.maven.apache.org/maven2/org/eclipse/jetty/ee10/jetty-ee10/12.0.19/jetty-ee10-12.0.19.pom (33 kB at 1.5 MB/s)
Downloading from repo.jenkins-ci.org: https://repo.jenkins-ci.org/public/org/eclipse/jetty/ee10/jetty-ee10-servlet/12.0.19/jetty-ee10-servlet-12.0.19.pom
Downloading from incrementals: https://repo.jenkins-ci.org/incrementals/org/eclipse/jetty/ee10/jetty-ee10-servlet/12.0.19/jetty-ee10-servlet-12.0.19.pom
Downloading from central: https://repo.maven.apache.org/maven2/org/eclipse/jetty/ee10/jetty-ee10-servlet/12.0.19/jetty-ee10-servlet-12.0.19.pom
Progress (1): 1.4/3.1 kBProgress (1): 2.8/3.1 kBProgress (1): 3.1 kB                        Downloaded from central: https://repo.maven.apache.org/maven2/org/eclipse/jetty/ee10/jetty-ee10-servlet/12.0.19/jetty-ee10-servlet-12.0.19.pom (3.1 kB at 254 kB/s)
Downloading from repo.jenkins-ci.org: https://repo.jenkins-ci.org/public/org/eclipse/jetty/ee10/websocket/jetty-ee10-websocket-jetty-server/12.0.19/jetty-ee10-websocket-jetty-server-12.0.19.pom
Downloading from incrementals: https://repo.jenkins-ci.org/incrementals/org/eclipse/jetty/ee10/websocket/jetty-ee10-websocket-jetty-server/12.0.19/jetty-ee10-websocket-jetty-server-12.0.19.pom
Downloading from central: https://repo.maven.apache.org/maven2/org/eclipse/jetty/ee10/websocket/jetty-ee10-websocket-jetty-server/12.0.19/jetty-ee10-websocket-jetty-server-12.0.19.pom
Progress (1): 1.4/2.7 kBProgress (1): 2.7 kB                        Downloaded from central: https://repo.maven.apache.org/maven2/org/eclipse/jetty/ee10/websocket/jetty-ee10-websocket-jetty-server/12.0.19/jetty-ee10-websocket-jetty-server-12.0.19.pom (2.7 kB at 247 kB/s)
Downloading from repo.jenkins-ci.org: https://repo.jenkins-ci.org/public/org/eclipse/jetty/ee10/websocket/jetty-ee10-websocket/12.0.19/jetty-ee10-websocket-12.0.19.pom
Downloading from incrementals: https://repo.jenkins-ci.org/incrementals/org/eclipse/jetty/ee10/websocket/jetty-ee10-websocket/12.0.19/jetty-ee10-websocket-12.0.19.pom
Downloading from central: https://repo.maven.apache.org/maven2/org/eclipse/jetty/ee10/websocket/jetty-ee10-websocket/12.0.19/jetty-ee10-websocket-12.0.19.pom
Progress (1): 1.2 kB                    Downloaded from central: https://repo.maven.apache.org/maven2/org/eclipse/jetty/ee10/websocket/jetty-ee10-websocket/12.0.19/jetty-ee10-websocket-12.0.19.pom (1.2 kB at 120 kB/s)
Downloading from repo.jenkins-ci.org: https://repo.jenkins-ci.org/public/org/eclipse/jetty/ee10/websocket/jetty-ee10-websocket-servlet/12.0.19/jetty-ee10-websocket-servlet-12.0.19.pom
Downloading from incrementals: https://repo.jenkins-ci.org/incrementals/org/eclipse/jetty/ee10/websocket/jetty-ee10-websocket-servlet/12.0.19/jetty-ee10-websocket-servlet-12.0.19.pom
Downloading from central: https://repo.maven.apache.org/maven2/org/eclipse/jetty/ee10/websocket/jetty-ee10-websocket-servlet/12.0.19/jetty-ee10-websocket-servlet-12.0.19.pom
Progress (1): 1.4/1.4 kBProgress (1): 1.4 kB                        Downloaded from central: https://repo.maven.apache.org/maven2/org/eclipse/jetty/ee10/websocket/jetty-ee10-websocket-servlet/12.0.19/jetty-ee10-websocket-servlet-12.0.19.pom (1.4 kB at 117 kB/s)
Downloading from repo.jenkins-ci.org: https://repo.jenkins-ci.org/public/org/eclipse/jetty/websocket/jetty-websocket-jetty-api/12.0.19/jetty-websocket-jetty-api-12.0.19.pom
Downloading from incrementals: https://repo.jenkins-ci.org/incrementals/org/eclipse/jetty/websocket/jetty-websocket-jetty-api/12.0.19/jetty-websocket-jetty-api-12.0.19.pom
Downloading from central: https://repo.maven.apache.org/maven2/org/eclipse/jetty/websocket/jetty-websocket-jetty-api/12.0.19/jetty-websocket-jetty-api-12.0.19.pom
Progress (1): 644 B                   Downloaded from central: https://repo.maven.apache.org/maven2/org/eclipse/jetty/websocket/jetty-websocket-jetty-api/12.0.19/jetty-websocket-jetty-api-12.0.19.pom (644 B at 64 kB/s)
Downloading from repo.jenkins-ci.org: https://repo.jenkins-ci.org/public/org/eclipse/jetty/websocket/jetty-websocket-jetty-common/12.0.19/jetty-websocket-jetty-common-12.0.19.pom
Downloading from incrementals: https://repo.jenkins-ci.org/incrementals/org/eclipse/jetty/websocket/jetty-websocket-jetty-common/12.0.19/jetty-websocket-jetty-common-12.0.19.pom
Downloading from central: https://repo.maven.apache.org/maven2/org/eclipse/jetty/websocket/jetty-websocket-jetty-common/12.0.19/jetty-websocket-jetty-common-12.0.19.pom
Progress (1): 1.4/1.7 kBProgress (1): 1.7 kB                        Downloaded from central: https://repo.maven.apache.org/maven2/org/eclipse/jetty/websocket/jetty-websocket-jetty-common/12.0.19/jetty-websocket-jetty-common-12.0.19.pom (1.7 kB at 156 kB/s)
Downloading from repo.jenkins-ci.org: https://repo.jenkins-ci.org/public/org/jenkins-ci/main/jenkins-test-harness/2443.v1f61c6816c2c/jenkins-test-harness-2443.v1f61c6816c2c.jar
Progress (1): 16/520 kBProgress (1): 17/520 kBProgress (1): 33/520 kBProgress (1): 34/520 kBProgress (1): 51/520 kBProgress (1): 52/520 kBProgress (1): 68/520 kBProgress (1): 69/520 kBProgress (1): 85/520 kBProgress (1): 86/520 kBProgress (1): 103/520 kBProgress (1): 104/520 kBProgress (1): 120/520 kBProgress (1): 121/520 kBProgress (1): 138/520 kBProgress (1): 139/520 kBProgress (1): 155/520 kBProgress (1): 156/520 kBProgress (1): 172/520 kBProgress (1): 173/520 kBProgress (1): 190/520 kBProgress (1): 191/520 kBProgress (1): 207/520 kBProgress (1): 208/520 kBProgress (1): 225/520 kBProgress (1): 226/520 kBProgress (1): 242/520 kBProgress (1): 243/520 kBProgress (1): 260/520 kBProgress (1): 261/520 kBProgress (1): 277/520 kBProgress (1): 278/520 kBProgress (1): 294/520 kBProgress (1): 295/520 kBProgress (1): 312/520 kBProgress (1): 313/520 kBProgress (1): 329/520 kBProgress (1): 330/520 kBProgress (1): 347/520 kBProgress (1): 348/520 kBProgress (1): 364/520 kBProgress (1): 365/520 kBProgress (1): 381/520 kBProgress (1): 382/520 kBProgress (1): 399/520 kBProgress (1): 400/520 kBProgress (1): 416/520 kBProgress (1): 417/520 kBProgress (1): 434/520 kBProgress (1): 435/520 kBProgress (1): 451/520 kBProgress (1): 452/520 kBProgress (1): 468/520 kBProgress (1): 469/520 kBProgress (1): 486/520 kBProgress (1): 487/520 kBProgress (1): 503/520 kBProgress (1): 504/520 kBProgress (1): 520 kB                        Downloaded from repo.jenkins-ci.org: https://repo.jenkins-ci.org/public/org/jenkins-ci/main/jenkins-test-harness/2443.v1f61c6816c2c/jenkins-test-harness-2443.v1f61c6816c2c.jar (520 kB at 533 kB/s)
Downloading from repo.jenkins-ci.org: https://repo.jenkins-ci.org/public/org/eclipse/jetty/ee10/jetty-ee10-webapp/12.0.19/jetty-ee10-webapp-12.0.19.jar
Downloading from repo.jenkins-ci.org: https://repo.jenkins-ci.org/public/org/eclipse/jetty/ee10/jetty-ee10-servlet/12.0.19/jetty-ee10-servlet-12.0.19.jar
Downloading from repo.jenkins-ci.org: https://repo.jenkins-ci.org/public/org/eclipse/jetty/ee10/websocket/jetty-ee10-websocket-jetty-server/12.0.19/jetty-ee10-websocket-jetty-server-12.0.19.jar
Downloading from repo.jenkins-ci.org: https://repo.jenkins-ci.org/public/org/eclipse/jetty/ee10/websocket/jetty-ee10-websocket-servlet/12.0.19/jetty-ee10-websocket-servlet-12.0.19.jar
Downloading from repo.jenkins-ci.org: https://repo.jenkins-ci.org/public/org/eclipse/jetty/websocket/jetty-websocket-jetty-api/12.0.19/jetty-websocket-jetty-api-12.0.19.jar
Downloading from repo.jenkins-ci.org: https://repo.jenkins-ci.org/public/org/eclipse/jetty/websocket/jetty-websocket-jetty-common/12.0.19/jetty-websocket-jetty-common-12.0.19.jar
Downloading from incrementals: https://repo.jenkins-ci.org/incrementals/org/eclipse/jetty/ee10/jetty-ee10-webapp/12.0.19/jetty-ee10-webapp-12.0.19.jar
Downloading from incrementals: https://repo.jenkins-ci.org/incrementals/org/eclipse/jetty/ee10/jetty-ee10-servlet/12.0.19/jetty-ee10-servlet-12.0.19.jar
Downloading from incrementals: https://repo.jenkins-ci.org/incrementals/org/eclipse/jetty/ee10/websocket/jetty-ee10-websocket-jetty-server/12.0.19/jetty-ee10-websocket-jetty-server-12.0.19.jar
Downloading from incrementals: https://repo.jenkins-ci.org/incrementals/org/eclipse/jetty/ee10/websocket/jetty-ee10-websocket-servlet/12.0.19/jetty-ee10-websocket-servlet-12.0.19.jar
Downloading from incrementals: https://repo.jenkins-ci.org/incrementals/org/eclipse/jetty/websocket/jetty-websocket-jetty-api/12.0.19/jetty-websocket-jetty-api-12.0.19.jar
Downloading from incrementals: https://repo.jenkins-ci.org/incrementals/org/eclipse/jetty/websocket/jetty-websocket-jetty-common/12.0.19/jetty-websocket-jetty-common-12.0.19.jar
Downloading from central: https://repo.maven.apache.org/maven2/org/eclipse/jetty/ee10/jetty-ee10-webapp/12.0.19/jetty-ee10-webapp-12.0.19.jar
Progress (1): 16/132 kBProgress (1): 33/132 kBProgress (1): 49/132 kBProgress (1): 66/132 kBProgress (1): 79/132 kBProgress (1): 95/132 kBProgress (1): 112/132 kBProgress (1): 128/132 kBProgress (1): 132 kB                        Downloaded from central: https://repo.maven.apache.org/maven2/org/eclipse/jetty/ee10/jetty-ee10-webapp/12.0.19/jetty-ee10-webapp-12.0.19.jar (132 kB at 6.3 MB/s)
Downloading from central: https://repo.maven.apache.org/maven2/org/eclipse/jetty/ee10/jetty-ee10-servlet/12.0.19/jetty-ee10-servlet-12.0.19.jar
Downloading from central: https://repo.maven.apache.org/maven2/org/eclipse/jetty/ee10/websocket/jetty-ee10-websocket-jetty-server/12.0.19/jetty-ee10-websocket-jetty-server-12.0.19.jar
Downloading from central: https://repo.maven.apache.org/maven2/org/eclipse/jetty/ee10/websocket/jetty-ee10-websocket-servlet/12.0.19/jetty-ee10-websocket-servlet-12.0.19.jar
Downloading from central: https://repo.maven.apache.org/maven2/org/eclipse/jetty/websocket/jetty-websocket-jetty-api/12.0.19/jetty-websocket-jetty-api-12.0.19.jar
Downloading from central: https://repo.maven.apache.org/maven2/org/eclipse/jetty/websocket/jetty-websocket-jetty-common/12.0.19/jetty-websocket-jetty-common-12.0.19.jar
Progress (1): 16/434 kBProgress (1): 33/434 kBProgress (1): 49/434 kBProgress (1): 66/434 kBProgress (1): 78/434 kBProgress (1): 95/434 kBProgress (1): 111/434 kBProgress (1): 128/434 kBProgress (1): 144/434 kBProgress (1): 160/434 kBProgress (1): 177/434 kBProgress (1): 193/434 kBProgress (1): 209/434 kBProgress (1): 226/434 kBProgress (1): 242/434 kBProgress (1): 259/434 kBProgress (1): 275/434 kBProgress (1): 291/434 kBProgress (1): 308/434 kBProgress (1): 324/434 kBProgress (1): 341/434 kBProgress (1): 357/434 kBProgress (1): 373/434 kBProgress (1): 390/434 kBProgress (1): 406/434 kBProgress (1): 422/434 kBProgress (1): 434 kB                        Downloaded from central: https://repo.maven.apache.org/maven2/org/eclipse/jetty/ee10/jetty-ee10-servlet/12.0.19/jetty-ee10-servlet-12.0.19.jar (434 kB at 21 MB/s)
Progress (1): 1.4/8.7 kBProgress (1): 2.8/8.7 kBProgress (1): 4.1/8.7 kBProgress (1): 5.5/8.7 kBProgress (1): 6.9/8.7 kBProgress (1): 8.3/8.7 kBProgress (1): 8.7 kB    Progress (2): 8.7 kB | 1.4/29 kBProgress (2): 8.7 kB | 2.8/29 kBProgress (2): 8.7 kB | 4.1/29 kBProgress (2): 8.7 kB | 5.5/29 kBProgress (2): 8.7 kB | 6.9/29 kBProgress (2): 8.7 kB | 8.3/29 kBProgress (2): 8.7 kB | 9.7/29 kB                                Downloaded from central: https://repo.maven.apache.org/maven2/org/eclipse/jetty/ee10/websocket/jetty-ee10-websocket-servlet/12.0.19/jetty-ee10-websocket-servlet-12.0.19.jar (8.7 kB at 271 kB/s)
Progress (2): 9.7/29 kB | 1.4/38 kBProgress (3): 9.7/29 kB | 1.4/38 kB | 1.4/32 kBProgress (3): 9.7/29 kB | 2.8/38 kB | 1.4/32 kBProgress (3): 9.7/29 kB | 2.8/38 kB | 2.8/32 kBProgress (3): 9.7/29 kB | 2.8/38 kB | 4.1/32 kBProgress (3): 9.7/29 kB | 2.8/38 kB | 5.5/32 kBProgress (3): 11/29 kB | 2.8/38 kB | 5.5/32 kB Progress (3): 11/29 kB | 2.8/38 kB | 6.9/32 kBProgress (3): 11/29 kB | 2.8/38 kB | 8.3/32 kBProgress (3): 11/29 kB | 2.8/38 kB | 9.7/32 kBProgress (3): 11/29 kB | 2.8/38 kB | 11/32 kB Progress (3): 11/29 kB | 2.8/38 kB | 12/32 kBProgress (3): 11/29 kB | 2.8/38 kB | 14/32 kBProgress (3): 11/29 kB | 2.8/38 kB | 15/32 kBProgress (3): 11/29 kB | 4.1/38 kB | 15/32 kBProgress (3): 11/29 kB | 4.1/38 kB | 16/32 kBProgress (3): 11/29 kB | 4.1/38 kB | 17/32 kBProgress (3): 12/29 kB | 4.1/38 kB | 17/32 kBProgress (3): 12/29 kB | 4.1/38 kB | 19/32 kBProgress (3): 12/29 kB | 5.5/38 kB | 19/32 kBProgress (3): 12/29 kB | 6.9/38 kB | 19/32 kBProgress (3): 14/29 kB | 6.9/38 kB | 19/32 kBProgress (3): 14/29 kB | 8.3/38 kB | 19/32 kBProgress (3): 14/29 kB | 9.7/38 kB | 19/32 kBProgress (3): 14/29 kB | 11/38 kB | 19/32 kB Progress (3): 15/29 kB | 11/38 kB | 19/32 kBProgress (3): 15/29 kB | 12/38 kB | 19/32 kBProgress (3): 15/29 kB | 12/38 kB | 20/32 kBProgress (3): 15/29 kB | 14/38 kB | 20/32 kBProgress (3): 16/29 kB | 14/38 kB | 20/32 kBProgress (3): 18/29 kB | 14/38 kB | 20/32 kBProgress (3): 18/29 kB | 14/38 kB | 21/32 kBProgress (3): 18/29 kB | 15/38 kB | 21/32 kBProgress (3): 18/29 kB | 16/38 kB | 21/32 kBProgress (3): 18/29 kB | 16/38 kB | 23/32 kBProgress (3): 18/29 kB | 18/38 kB | 23/32 kBProgress (3): 18/29 kB | 18/38 kB | 24/32 kBProgress (3): 18/29 kB | 19/38 kB | 24/32 kBProgress (3): 18/29 kB | 21/38 kB | 24/32 kBProgress (3): 18/29 kB | 22/38 kB | 24/32 kBProgress (3): 18/29 kB | 23/38 kB | 24/32 kBProgress (3): 19/29 kB | 23/38 kB | 24/32 kBProgress (3): 19/29 kB | 25/38 kB | 24/32 kBProgress (3): 19/29 kB | 26/38 kB | 24/32 kBProgress (3): 21/29 kB | 26/38 kB | 24/32 kBProgress (3): 21/29 kB | 27/38 kB | 24/32 kBProgress (3): 22/29 kB | 27/38 kB | 24/32 kBProgress (3): 22/29 kB | 29/38 kB | 24/32 kBProgress (3): 23/29 kB | 29/38 kB | 24/32 kBProgress (3): 23/29 kB | 30/38 kB | 24/32 kBProgress (3): 23/29 kB | 30/38 kB | 25/32 kBProgress (3): 25/29 kB | 30/38 kB | 25/32 kBProgress (3): 25/29 kB | 32/38 kB | 25/32 kBProgress (3): 26/29 kB | 32/38 kB | 25/32 kBProgress (3): 26/29 kB | 33/38 kB | 25/32 kBProgress (3): 27/29 kB | 33/38 kB | 25/32 kBProgress (3): 27/29 kB | 34/38 kB | 25/32 kBProgress (3): 29/29 kB | 34/38 kB | 25/32 kBProgress (3): 29/29 kB | 34/38 kB | 27/32 kBProgress (3): 29 kB | 34/38 kB | 27/32 kB   Progress (3): 29 kB | 34/38 kB | 28/32 kBProgress (3): 29 kB | 34/38 kB | 30/32 kBProgress (3): 29 kB | 34/38 kB | 31/32 kBProgress (3): 29 kB | 34/38 kB | 32 kB   Progress (3): 29 kB | 36/38 kB | 32 kB                                      Downloaded from central: https://repo.maven.apache.org/maven2/org/eclipse/jetty/websocket/jetty-websocket-jetty-api/12.0.19/jetty-websocket-jetty-api-12.0.19.jar (29 kB at 590 kB/s)
Progress (2): 37/38 kB | 32 kBProgress (2): 38/38 kB | 32 kBProgress (2): 38 kB | 32 kB                              Downloaded from central: https://repo.maven.apache.org/maven2/org/eclipse/jetty/websocket/jetty-websocket-jetty-common/12.0.19/jetty-websocket-jetty-common-12.0.19.jar (32 kB at 643 kB/s)
Downloaded from central: https://repo.maven.apache.org/maven2/org/eclipse/jetty/ee10/websocket/jetty-ee10-websocket-jetty-server/12.0.19/jetty-ee10-websocket-jetty-server-12.0.19.jar (38 kB at 769 kB/s)
[INFO] 
[INFO] --- clean:3.4.1:clean (default-clean) @ jakarta-mail-api ---
[INFO] 
[INFO] --- hpi:3.64:validate (default-validate) @ jakarta-mail-api ---
[INFO] Created marker file /tmp/plugin-builds/jakarta-mail-api/target/java-level/17
[INFO] 
[INFO] --- hpi:3.64:validate-hpi (default-validate-hpi) @ jakarta-mail-api ---
[INFO] 
[INFO] --- enforcer:3.5.0:enforce (display-info) @ jakarta-mail-api ---
[INFO] Rule 0: io.jenkins.tools.incrementals.enforcer.RequireExtensionVersion passed
[INFO] Rule 1: org.apache.maven.enforcer.rules.version.RequireMavenVersion passed
[INFO] Rule 2: org.apache.maven.enforcer.rules.version.RequireJavaVersion passed
[INFO] Rule 3: org.codehaus.mojo.extraenforcer.dependencies.EnforceBytecodeVersion passed
[INFO] Rule 4: org.apache.maven.enforcer.rules.dependency.BannedDependencies passed
[INFO] Rule 5: org.apache.maven.enforcer.rules.dependency.BannedDependencies passed
[INFO] Rule 6: org.apache.maven.enforcer.rules.dependency.RequireUpperBoundDeps passed
[INFO] 
[INFO] --- enforcer:3.5.0:enforce (no-snapshots-in-release) @ jakarta-mail-api ---
[INFO] Rule 0: org.apache.maven.enforcer.rules.dependency.RequireReleaseDeps passed
[INFO] 
[INFO] --- dependency:3.8.1:properties (default) @ jakarta-mail-api ---
[INFO] 
[INFO] --- antrun:3.1.0:run (default) @ jakarta-mail-api ---
[INFO] Executing tasks
[INFO] Executed tasks
[INFO] 
[INFO] --- localizer:1.31:generate (default) @ jakarta-mail-api ---
[INFO] 
[INFO] --- resources:3.3.1:resources (default-resources) @ jakarta-mail-api ---
[INFO] Copying 1 resource from src/main/resources to target/classes
[INFO] 
[INFO] --- flatten:1.7.0:flatten (flatten) @ jakarta-mail-api ---
[INFO] Generating flattened POM of project io.jenkins.plugins:jakarta-mail-api:hpi:2.1.3-3-SNAPSHOT...
[INFO] 
[INFO] --- compiler:3.14.0:compile (default-compile) @ jakarta-mail-api ---
[INFO] Recompiling the module because of changed source code.
[INFO] Compiling 4 source files with javac [debug parameters release 17] to target/classes
[INFO] 
[INFO] --- access-modifier-checker:1.35:enforce (default-enforce) @ jakarta-mail-api ---
[INFO] Skipping access modifier checks
[INFO] 
[INFO] --- bridge-method-injector:1.31:process (default) @ jakarta-mail-api ---
[INFO] 
[INFO] --- hpi:3.64:insert-test (default-insert-test) @ jakarta-mail-api ---
[INFO] 
[INFO] --- antrun:3.1.0:run (createTempDir) @ jakarta-mail-api ---
[INFO] Executing tasks
[INFO]     [mkdir] Created dir: /tmp/plugin-builds/jakarta-mail-api/target/tmp
[INFO] Executed tasks
[INFO] 
[INFO] --- resources:3.3.1:testResources (default-testResources) @ jakarta-mail-api ---
[INFO] skip non existing resourceDirectory /tmp/plugin-builds/jakarta-mail-api/src/test/resources
[INFO] 
[INFO] --- compiler:3.14.0:testCompile (default-testCompile) @ jakarta-mail-api ---
[INFO] Recompiling the module because of changed dependency.
[INFO] Compiling 1 source file with javac [debug parameters release 17] to target/test-classes
[INFO] 
[INFO] --- hpi:3.64:test-hpl (default-test-hpl) @ jakarta-mail-api ---
[INFO] Generating /tmp/plugin-builds/jakarta-mail-api/target/test-classes/the.hpl
[INFO] 
[INFO] --- hpi:3.64:resolve-test-dependencies (default-resolve-test-dependencies) @ jakarta-mail-api ---
[INFO] 
[INFO] --- hpi:3.64:test-runtime (default-test-runtime) @ jakarta-mail-api ---
[INFO] Tests are skipped.
[INFO] 
[INFO] --- surefire:3.5.3:test (default-test) @ jakarta-mail-api ---
[INFO] Tests are skipped.
[INFO] 
[INFO] --- license:165.v7e11f4e4a_325:process (default) @ jakarta-mail-api ---
[INFO] ------------------------------------------------------------------------
[INFO] BUILD FAILURE
[INFO] ------------------------------------------------------------------------
[INFO] Total time:  11.804 s
[INFO] Finished at: 2025-06-21T18:18:15+02:00
[INFO] ------------------------------------------------------------------------
---------------------------------------------------
constituent[0]: file:/home/poddingue/.sdkman/candidates/maven/current/conf/logging/
constituent[1]: file:/home/poddingue/.sdkman/candidates/maven/current/lib/plexus-cipher-2.0.jar
constituent[2]: file:/home/poddingue/.sdkman/candidates/maven/current/lib/maven-shared-utils-3.4.2.jar
constituent[3]: file:/home/poddingue/.sdkman/candidates/maven/current/lib/wagon-provider-api-3.5.3.jar
constituent[4]: file:/home/poddingue/.sdkman/candidates/maven/current/lib/guice-5.1.0.jar
constituent[5]: file:/home/poddingue/.sdkman/candidates/maven/current/lib/httpclient-4.5.14.jar
constituent[6]: file:/home/poddingue/.sdkman/candidates/maven/current/lib/slf4j-api-1.7.36.jar
constituent[7]: file:/home/poddingue/.sdkman/candidates/maven/current/lib/commons-codec-1.17.1.jar
constituent[8]: file:/home/poddingue/.sdkman/candidates/maven/current/lib/maven-resolver-impl-1.9.22.jar
constituent[9]: file:/home/poddingue/.sdkman/candidates/maven/current/lib/maven-resolver-named-locks-1.9.22.jar
constituent[10]: file:/home/poddingue/.sdkman/candidates/maven/current/lib/maven-resolver-util-1.9.22.jar
constituent[11]: file:/home/poddingue/.sdkman/candidates/maven/current/lib/maven-resolver-transport-http-1.9.22.jar
constituent[12]: file:/home/poddingue/.sdkman/candidates/maven/current/lib/plexus-sec-dispatcher-2.0.jar
constituent[13]: file:/home/poddingue/.sdkman/candidates/maven/current/lib/maven-resolver-api-1.9.22.jar
constituent[14]: file:/home/poddingue/.sdkman/candidates/maven/current/lib/guava-33.2.1-jre.jar
constituent[15]: file:/home/poddingue/.sdkman/candidates/maven/current/lib/maven-settings-3.9.9.jar
constituent[16]: file:/home/poddingue/.sdkman/candidates/maven/current/lib/maven-resolver-transport-file-1.9.22.jar
constituent[17]: file:/home/poddingue/.sdkman/candidates/maven/current/lib/wagon-http-shared-3.5.3.jar
constituent[18]: file:/home/poddingue/.sdkman/candidates/maven/current/lib/maven-resolver-transport-wagon-1.9.22.jar
constituent[19]: file:/home/poddingue/.sdkman/candidates/maven/current/lib/plexus-interpolation-1.27.jar
constituent[20]: file:/home/poddingue/.sdkman/candidates/maven/current/lib/maven-model-3.9.9.jar
constituent[21]: file:/home/poddingue/.sdkman/candidates/maven/current/lib/maven-settings-builder-3.9.9.jar
constituent[22]: file:/home/poddingue/.sdkman/candidates/maven/current/lib/jansi-2.4.1.jar
constituent[23]: file:/home/poddingue/.sdkman/candidates/maven/current/lib/commons-cli-1.8.0.jar
constituent[24]: file:/home/poddingue/.sdkman/candidates/maven/current/lib/httpcore-4.4.16.jar
constituent[25]: file:/home/poddingue/.sdkman/candidates/maven/current/lib/maven-builder-support-3.9.9.jar
constituent[26]: file:/home/poddingue/.sdkman/candidates/maven/current/lib/maven-embedder-3.9.9.jar
constituent[27]: file:/home/poddingue/.sdkman/candidates/maven/current/lib/maven-artifact-3.9.9.jar
constituent[28]: file:/home/poddingue/.sdkman/candidates/maven/current/lib/maven-compat-3.9.9.jar
constituent[29]: file:/home/poddingue/.sdkman/candidates/maven/current/lib/wagon-http-3.5.3.jar
constituent[30]: file:/home/poddingue/.sdkman/candidates/maven/current/lib/maven-model-builder-3.9.9.jar
constituent[31]: file:/home/poddingue/.sdkman/candidates/maven/current/lib/aopalliance-1.0.jar
constituent[32]: file:/home/poddingue/.sdkman/candidates/maven/current/lib/maven-slf4j-provider-3.9.9.jar
constituent[33]: file:/home/poddingue/.sdkman/candidates/maven/current/lib/maven-resolver-connector-basic-1.9.22.jar
constituent[34]: file:/home/poddingue/.sdkman/candidates/maven/current/lib/maven-plugin-api-3.9.9.jar
constituent[35]: file:/home/poddingue/.sdkman/candidates/maven/current/lib/javax.annotation-api-1.3.2.jar
constituent[36]: file:/home/poddingue/.sdkman/candidates/maven/current/lib/org.eclipse.sisu.inject-0.9.0.M3.jar
constituent[37]: file:/home/poddingue/.sdkman/candidates/maven/current/lib/jcl-over-slf4j-1.7.36.jar
constituent[38]: file:/home/poddingue/.sdkman/candidates/maven/current/lib/plexus-xml-3.0.1.jar
constituent[39]: file:/home/poddingue/.sdkman/candidates/maven/current/lib/plexus-utils-3.5.1.jar
constituent[40]: file:/home/poddingue/.sdkman/candidates/maven/current/lib/maven-resolver-provider-3.9.9.jar
constituent[41]: file:/home/poddingue/.sdkman/candidates/maven/current/lib/org.eclipse.sisu.plexus-0.9.0.M3.jar
constituent[42]: file:/home/poddingue/.sdkman/candidates/maven/current/lib/maven-resolver-spi-1.9.22.jar
constituent[43]: file:/home/poddingue/.sdkman/candidates/maven/current/lib/javax.inject-1.jar
constituent[44]: file:/home/poddingue/.sdkman/candidates/maven/current/lib/maven-core-3.9.9.jar
constituent[45]: file:/home/poddingue/.sdkman/candidates/maven/current/lib/wagon-file-3.5.3.jar
constituent[46]: file:/home/poddingue/.sdkman/candidates/maven/current/lib/plexus-component-annotations-2.1.0.jar
constituent[47]: file:/home/poddingue/.sdkman/candidates/maven/current/lib/failureaccess-1.0.2.jar
constituent[48]: file:/home/poddingue/.sdkman/candidates/maven/current/lib/maven-repository-metadata-3.9.9.jar
---------------------------------------------------
Exception in thread "main" BUG! exception in phase 'semantic analysis' in source unit 'inlineScript' Unsupported class file major version 69
	at org.codehaus.groovy.control.CompilationUnit$ISourceUnitOperation.doPhaseOperation(CompilationUnit.java:901)
	at org.codehaus.groovy.control.CompilationUnit.processPhaseOperations(CompilationUnit.java:692)
	at org.codehaus.groovy.control.CompilationUnit.compile(CompilationUnit.java:666)
	at groovy.lang.GroovyClassLoader.doParseClass(GroovyClassLoader.java:365)
	at groovy.lang.GroovyClassLoader.lambda$parseClass$2(GroovyClassLoader.java:314)
	at org.codehaus.groovy.runtime.memoize.StampedCommonCache.compute(StampedCommonCache.java:163)
	at org.codehaus.groovy.runtime.memoize.StampedCommonCache.getAndPut(StampedCommonCache.java:154)
	at groovy.lang.GroovyClassLoader.parseClass(GroovyClassLoader.java:314)
	at groovy.lang.GroovyShell.parseClass(GroovyShell.java:572)
	at groovy.lang.GroovyShell.parse(GroovyShell.java:585)
	at groovy.lang.GroovyShell.parse(GroovyShell.java:639)
	at groovy.lang.GroovyShell.parse(GroovyShell.java:643)
	at com.cloudbees.maven.license.ProcessMojo.execute(ProcessMojo.java:154)
	at org.apache.maven.plugin.DefaultBuildPluginManager.executeMojo(DefaultBuildPluginManager.java:126)
	at org.apache.maven.lifecycle.internal.MojoExecutor.doExecute2(MojoExecutor.java:328)
	at org.apache.maven.lifecycle.internal.MojoExecutor.doExecute(MojoExecutor.java:316)
	at org.apache.maven.lifecycle.internal.MojoExecutor.execute(MojoExecutor.java:212)
	at org.apache.maven.lifecycle.internal.MojoExecutor.execute(MojoExecutor.java:174)
	at org.apache.maven.lifecycle.internal.MojoExecutor.access$000(MojoExecutor.java:75)
	at org.apache.maven.lifecycle.internal.MojoExecutor$1.run(MojoExecutor.java:162)
	at org.apache.maven.plugin.DefaultMojosExecutionStrategy.execute(DefaultMojosExecutionStrategy.java:39)
	at org.apache.maven.lifecycle.internal.MojoExecutor.execute(MojoExecutor.java:159)
	at org.apache.maven.lifecycle.internal.LifecycleModuleBuilder.buildProject(LifecycleModuleBuilder.java:105)
	at org.apache.maven.lifecycle.internal.LifecycleModuleBuilder.buildProject(LifecycleModuleBuilder.java:73)
	at org.apache.maven.lifecycle.internal.builder.singlethreaded.SingleThreadedBuilder.build(SingleThreadedBuilder.java:53)
	at org.apache.maven.lifecycle.internal.LifecycleStarter.execute(LifecycleStarter.java:118)
	at org.apache.maven.DefaultMaven.doExecute(DefaultMaven.java:261)
	at org.apache.maven.DefaultMaven.doExecute(DefaultMaven.java:173)
	at org.apache.maven.DefaultMaven.execute(DefaultMaven.java:101)
	at org.apache.maven.cli.MavenCli.execute(MavenCli.java:906)
	at org.apache.maven.cli.MavenCli.doMain(MavenCli.java:283)
	at org.apache.maven.cli.MavenCli.main(MavenCli.java:206)
	at java.base/jdk.internal.reflect.DirectMethodHandleAccessor.invoke(DirectMethodHandleAccessor.java:104)
	at java.base/java.lang.reflect.Method.invoke(Method.java:565)
	at org.codehaus.plexus.classworlds.launcher.Launcher.launchEnhanced(Launcher.java:255)
	at org.codehaus.plexus.classworlds.launcher.Launcher.launch(Launcher.java:201)
	at org.codehaus.plexus.classworlds.launcher.Launcher.mainWithExitCode(Launcher.java:361)
	at org.codehaus.plexus.classworlds.launcher.Launcher.main(Launcher.java:314)
Caused by: java.lang.IllegalArgumentException: Unsupported class file major version 69
	at groovyjarjarasm.asm.ClassReader.<init>(ClassReader.java:200)
	at groovyjarjarasm.asm.ClassReader.<init>(ClassReader.java:180)
	at groovyjarjarasm.asm.ClassReader.<init>(ClassReader.java:166)
	at groovyjarjarasm.asm.ClassReader.<init>(ClassReader.java:288)
	at org.codehaus.groovy.ast.decompiled.AsmDecompiler.parseClass(AsmDecompiler.java:83)
	at org.codehaus.groovy.control.ClassNodeResolver.findDecompiled(ClassNodeResolver.java:255)
	at org.codehaus.groovy.control.ClassNodeResolver.tryAsLoaderClassOrScript(ClassNodeResolver.java:193)
	at org.codehaus.groovy.control.ClassNodeResolver.findClassNode(ClassNodeResolver.java:175)
	at org.codehaus.groovy.control.ClassNodeResolver.resolveName(ClassNodeResolver.java:129)
	at org.codehaus.groovy.control.ResolveVisitor.resolveToOuter(ResolveVisitor.java:782)
	at org.codehaus.groovy.control.ResolveVisitor.resolve(ResolveVisitor.java:423)
	at org.codehaus.groovy.control.ResolveVisitor.resolveFromDefaultImports(ResolveVisitor.java:577)
	at org.codehaus.groovy.control.ResolveVisitor.resolveFromDefaultImports(ResolveVisitor.java:541)
	at org.codehaus.groovy.control.ResolveVisitor.resolve(ResolveVisitor.java:422)
	at org.codehaus.groovy.control.ResolveVisitor.resolve(ResolveVisitor.java:384)
	at org.codehaus.groovy.control.ResolveVisitor.resolveOrFail(ResolveVisitor.java:352)
	at org.codehaus.groovy.control.ResolveVisitor.resolveOrFail(ResolveVisitor.java:341)
	at org.codehaus.groovy.control.ResolveVisitor.resolveOrFail(ResolveVisitor.java:337)
	at org.codehaus.groovy.control.ResolveVisitor.transform(ResolveVisitor.java:817)
	at org.codehaus.groovy.control.ResolveVisitor.transformDeclarationExpression(ResolveVisitor.java:1173)
	at org.codehaus.groovy.control.ResolveVisitor.transform(ResolveVisitor.java:805)
	at org.codehaus.groovy.ast.ClassCodeExpressionTransformer.visitExpressionStatement(ClassCodeExpressionTransformer.java:129)
	at org.codehaus.groovy.ast.stmt.ExpressionStatement.visit(ExpressionStatement.java:41)
	at org.codehaus.groovy.ast.CodeVisitorSupport.visitBlockStatement(CodeVisitorSupport.java:86)
	at org.codehaus.groovy.ast.ClassCodeVisitorSupport.visitBlockStatement(ClassCodeVisitorSupport.java:168)
	at org.codehaus.groovy.control.ResolveVisitor.visitBlockStatement(ResolveVisitor.java:1386)
	at org.codehaus.groovy.ast.stmt.BlockStatement.visit(BlockStatement.java:72)
	at org.codehaus.groovy.control.ResolveVisitor.transformClosureExpression(ResolveVisitor.java:1125)
	at org.codehaus.groovy.control.ResolveVisitor.transform(ResolveVisitor.java:811)
	at org.codehaus.groovy.ast.expr.Expression.transformExpressions(Expression.java:49)
	at org.codehaus.groovy.ast.expr.ArgumentListExpression.transformExpression(ArgumentListExpression.java:67)
	at org.codehaus.groovy.control.ResolveVisitor.transform(ResolveVisitor.java:818)
	at org.codehaus.groovy.control.ResolveVisitor.transformMethodCallExpression(ResolveVisitor.java:1147)
	at org.codehaus.groovy.control.ResolveVisitor.transform(ResolveVisitor.java:809)
	at org.codehaus.groovy.ast.ClassCodeExpressionTransformer.visitExpressionStatement(ClassCodeExpressionTransformer.java:129)
	at org.codehaus.groovy.ast.stmt.ExpressionStatement.visit(ExpressionStatement.java:41)
	at org.codehaus.groovy.ast.CodeVisitorSupport.visitBlockStatement(CodeVisitorSupport.java:86)
	at org.codehaus.groovy.ast.ClassCodeVisitorSupport.visitBlockStatement(ClassCodeVisitorSupport.java:168)
	at org.codehaus.groovy.control.ResolveVisitor.visitBlockStatement(ResolveVisitor.java:1386)
	at org.codehaus.groovy.ast.stmt.BlockStatement.visit(BlockStatement.java:72)
	at org.codehaus.groovy.ast.ClassCodeVisitorSupport.visitClassCodeContainer(ClassCodeVisitorSupport.java:142)
	at org.codehaus.groovy.ast.ClassCodeVisitorSupport.visitConstructorOrMethod(ClassCodeVisitorSupport.java:115)
	at org.codehaus.groovy.ast.ClassCodeExpressionTransformer.visitConstructorOrMethod(ClassCodeExpressionTransformer.java:87)
	at org.codehaus.groovy.control.ResolveVisitor.visitConstructorOrMethod(ResolveVisitor.java:329)
	at org.codehaus.groovy.ast.ClassCodeVisitorSupport.visitMethod(ClassCodeVisitorSupport.java:110)
	at org.codehaus.groovy.ast.ClassNode.visitMethods(ClassNode.java:1132)
	at org.codehaus.groovy.ast.ClassNode.visitContents(ClassNode.java:1125)
	at org.codehaus.groovy.control.ResolveVisitor.visitClass(ResolveVisitor.java:1315)
	at org.codehaus.groovy.control.ResolveVisitor.startResolving(ResolveVisitor.java:258)
	at org.codehaus.groovy.control.CompilationUnit.lambda$addPhaseOperations$4(CompilationUnit.java:218)
	at org.codehaus.groovy.control.CompilationUnit$ISourceUnitOperation.doPhaseOperation(CompilationUnit.java:897)
	... 37 more
