WARNING: A restricted method in java.lang.System has been called
WARNING: java.lang.System::load has been called by org.fusesource.jansi.internal.JansiLoader in an unnamed module (file:/home/poddingue/.sdkman/candidates/maven/current/lib/jansi-2.4.1.jar)
WARNING: Use --enable-native-access=ALL-UNNAMED to avoid a warning for callers in this module
WARNING: Restricted methods will be blocked in a future release unless native access is enabled

WARNING: A terminally deprecated method in sun.misc.Unsafe has been called
WARNING: sun.misc.Unsafe::objectFieldOffset has been called by com.google.common.util.concurrent.AbstractFuture$UnsafeAtomicHelper (file:/home/poddingue/.sdkman/candidates/maven/current/lib/guava-33.2.1-jre.jar)
WARNING: Please consider reporting this to the maintainers of class com.google.common.util.concurrent.AbstractFuture$UnsafeAtomicHelper
WARNING: sun.misc.Unsafe::objectFieldOffset will be removed in a future release
[INFO] Scanning for projects...
[INFO] 
[INFO] -------------------< io.jenkins.plugins:jquery3-api >-------------------
[INFO] Building JQuery3 API Plugin 3.7.1-4-SNAPSHOT
[INFO]   from pom.xml
[INFO] --------------------------------[ hpi ]---------------------------------
Downloading from repo.jenkins-ci.org: https://repo.jenkins-ci.org/public/com/github/eirslett/frontend-maven-plugin/1.15.1/frontend-maven-plugin-1.15.1.pom
Downloading from incrementals: https://repo.jenkins-ci.org/incrementals/com/github/eirslett/frontend-maven-plugin/1.15.1/frontend-maven-plugin-1.15.1.pom
Downloading from central: https://repo.maven.apache.org/maven2/com/github/eirslett/frontend-maven-plugin/1.15.1/frontend-maven-plugin-1.15.1.pom
Progress (1): 1.4/5.1 kBProgress (1): 2.8/5.1 kBProgress (1): 4.1/5.1 kBProgress (1): 5.1 kB                        Downloaded from central: https://repo.maven.apache.org/maven2/com/github/eirslett/frontend-maven-plugin/1.15.1/frontend-maven-plugin-1.15.1.pom (5.1 kB at 67 kB/s)
Downloading from repo.jenkins-ci.org: https://repo.jenkins-ci.org/public/com/github/eirslett/frontend-plugins/1.15.1/frontend-plugins-1.15.1.pom
Downloading from incrementals: https://repo.jenkins-ci.org/incrementals/com/github/eirslett/frontend-plugins/1.15.1/frontend-plugins-1.15.1.pom
Downloading from central: https://repo.maven.apache.org/maven2/com/github/eirslett/frontend-plugins/1.15.1/frontend-plugins-1.15.1.pom
Progress (1): 1.4/7.2 kBProgress (1): 2.8/7.2 kBProgress (1): 4.1/7.2 kBProgress (1): 5.5/7.2 kBProgress (1): 6.9/7.2 kBProgress (1): 7.2 kB                        Downloaded from central: https://repo.maven.apache.org/maven2/com/github/eirslett/frontend-plugins/1.15.1/frontend-plugins-1.15.1.pom (7.2 kB at 658 kB/s)
Downloading from repo.jenkins-ci.org: https://repo.jenkins-ci.org/public/com/github/eirslett/frontend-maven-plugin/1.15.1/frontend-maven-plugin-1.15.1.jar
Downloading from incrementals: https://repo.jenkins-ci.org/incrementals/com/github/eirslett/frontend-maven-plugin/1.15.1/frontend-maven-plugin-1.15.1.jar
Downloading from central: https://repo.maven.apache.org/maven2/com/github/eirslett/frontend-maven-plugin/1.15.1/frontend-maven-plugin-1.15.1.jar
Progress (1): 1.4/52 kBProgress (1): 2.8/52 kBProgress (1): 4.1/52 kBProgress (1): 5.5/52 kBProgress (1): 6.9/52 kBProgress (1): 8.3/52 kBProgress (1): 9.7/52 kBProgress (1): 11/52 kB Progress (1): 12/52 kBProgress (1): 14/52 kBProgress (1): 15/52 kBProgress (1): 16/52 kBProgress (1): 33/52 kBProgress (1): 49/52 kBProgress (1): 52 kB                      Downloaded from central: https://repo.maven.apache.org/maven2/com/github/eirslett/frontend-maven-plugin/1.15.1/frontend-maven-plugin-1.15.1.jar (52 kB at 2.5 MB/s)
[INFO] 
[INFO] --- clean:3.4.1:clean (default-clean) @ jquery3-api ---
[INFO] Deleting /tmp/plugin-builds/jquery3-api (includes = [package-lock.json], excludes = [])
[INFO] 
[INFO] --- hpi:3.61:validate (default-validate) @ jquery3-api ---
[INFO] Created marker file /tmp/plugin-builds/jquery3-api/target/java-level/17
[INFO] 
[INFO] --- hpi:3.61:validate-hpi (default-validate-hpi) @ jquery3-api ---
[INFO] 
[INFO] --- enforcer:3.5.0:enforce (display-info) @ jquery3-api ---
[INFO] Rule 0: org.apache.maven.enforcer.rules.dependency.RequireUpperBoundDeps passed
[INFO] Rule 1: io.jenkins.tools.incrementals.enforcer.RequireExtensionVersion passed
[INFO] Rule 2: org.apache.maven.enforcer.rules.version.RequireMavenVersion passed
[INFO] Rule 3: org.apache.maven.enforcer.rules.version.RequireJavaVersion passed
[INFO] Rule 4: org.codehaus.mojo.extraenforcer.dependencies.EnforceBytecodeVersion passed
[INFO] Rule 5: org.apache.maven.enforcer.rules.dependency.BannedDependencies passed
[INFO] Rule 6: org.apache.maven.enforcer.rules.dependency.BannedDependencies passed
[INFO] 
[INFO] --- enforcer:3.5.0:enforce (no-snapshots-in-release) @ jquery3-api ---
[INFO] Rule 0: org.apache.maven.enforcer.rules.dependency.RequireReleaseDeps passed
[INFO] 
[INFO] --- frontend:1.15.1:install-node-and-npm (install node and npm) @ jquery3-api ---
Downloading from repo.jenkins-ci.org: https://repo.jenkins-ci.org/public/com/github/eirslett/frontend-plugin-core/1.15.1/frontend-plugin-core-1.15.1.pom
Downloading from incrementals: https://repo.jenkins-ci.org/incrementals/com/github/eirslett/frontend-plugin-core/1.15.1/frontend-plugin-core-1.15.1.pom
Downloading from central: https://repo.maven.apache.org/maven2/com/github/eirslett/frontend-plugin-core/1.15.1/frontend-plugin-core-1.15.1.pom
Progress (1): 3.2 kB                    Downloaded from central: https://repo.maven.apache.org/maven2/com/github/eirslett/frontend-plugin-core/1.15.1/frontend-plugin-core-1.15.1.pom (3.2 kB at 269 kB/s)
Downloading from repo.jenkins-ci.org: https://repo.jenkins-ci.org/public/com/fasterxml/jackson/core/jackson-core/2.13.0/jackson-core-2.13.0.pom
Downloading from incrementals: https://repo.jenkins-ci.org/incrementals/com/fasterxml/jackson/core/jackson-core/2.13.0/jackson-core-2.13.0.pom
Downloading from central: https://repo.maven.apache.org/maven2/com/fasterxml/jackson/core/jackson-core/2.13.0/jackson-core-2.13.0.pom
Progress (1): 5.5 kB                    Downloaded from central: https://repo.maven.apache.org/maven2/com/fasterxml/jackson/core/jackson-core/2.13.0/jackson-core-2.13.0.pom (5.5 kB at 307 kB/s)
Downloading from repo.jenkins-ci.org: https://repo.jenkins-ci.org/public/com/fasterxml/jackson/jackson-base/2.13.0/jackson-base-2.13.0.pom
Downloading from incrementals: https://repo.jenkins-ci.org/incrementals/com/fasterxml/jackson/jackson-base/2.13.0/jackson-base-2.13.0.pom
Downloading from central: https://repo.maven.apache.org/maven2/com/fasterxml/jackson/jackson-base/2.13.0/jackson-base-2.13.0.pom
Progress (1): 9.7 kB                    Downloaded from central: https://repo.maven.apache.org/maven2/com/fasterxml/jackson/jackson-base/2.13.0/jackson-base-2.13.0.pom (9.7 kB at 694 kB/s)
Downloading from repo.jenkins-ci.org: https://repo.jenkins-ci.org/public/com/fasterxml/jackson/jackson-bom/2.13.0/jackson-bom-2.13.0.pom
Downloading from incrementals: https://repo.jenkins-ci.org/incrementals/com/fasterxml/jackson/jackson-bom/2.13.0/jackson-bom-2.13.0.pom
Downloading from central: https://repo.maven.apache.org/maven2/com/fasterxml/jackson/jackson-bom/2.13.0/jackson-bom-2.13.0.pom
Progress (1): 16/17 kBProgress (1): 17 kB                      Downloaded from central: https://repo.maven.apache.org/maven2/com/fasterxml/jackson/jackson-bom/2.13.0/jackson-bom-2.13.0.pom (17 kB at 1.3 MB/s)
Downloading from repo.jenkins-ci.org: https://repo.jenkins-ci.org/public/com/fasterxml/jackson/core/jackson-databind/2.13.4.2/jackson-databind-2.13.4.2.pom
Downloading from incrementals: https://repo.jenkins-ci.org/incrementals/com/fasterxml/jackson/core/jackson-databind/2.13.4.2/jackson-databind-2.13.4.2.pom
Downloading from central: https://repo.maven.apache.org/maven2/com/fasterxml/jackson/core/jackson-databind/2.13.4.2/jackson-databind-2.13.4.2.pom
Progress (1): 16/17 kBProgress (1): 17 kB                      Downloaded from central: https://repo.maven.apache.org/maven2/com/fasterxml/jackson/core/jackson-databind/2.13.4.2/jackson-databind-2.13.4.2.pom (17 kB at 1.2 MB/s)
Downloading from repo.jenkins-ci.org: https://repo.jenkins-ci.org/public/com/fasterxml/jackson/jackson-base/2.13.4/jackson-base-2.13.4.pom
Downloading from incrementals: https://repo.jenkins-ci.org/incrementals/com/fasterxml/jackson/jackson-base/2.13.4/jackson-base-2.13.4.pom
Downloading from central: https://repo.maven.apache.org/maven2/com/fasterxml/jackson/jackson-base/2.13.4/jackson-base-2.13.4.pom
Progress (1): 9.9 kB                    Downloaded from central: https://repo.maven.apache.org/maven2/com/fasterxml/jackson/jackson-base/2.13.4/jackson-base-2.13.4.pom (9.9 kB at 988 kB/s)
Downloading from repo.jenkins-ci.org: https://repo.jenkins-ci.org/public/com/fasterxml/jackson/jackson-bom/2.13.4/jackson-bom-2.13.4.pom
Downloading from incrementals: https://repo.jenkins-ci.org/incrementals/com/fasterxml/jackson/jackson-bom/2.13.4/jackson-bom-2.13.4.pom
Downloading from central: https://repo.maven.apache.org/maven2/com/fasterxml/jackson/jackson-bom/2.13.4/jackson-bom-2.13.4.pom
Progress (1): 16/17 kBProgress (1): 17 kB                      Downloaded from central: https://repo.maven.apache.org/maven2/com/fasterxml/jackson/jackson-bom/2.13.4/jackson-bom-2.13.4.pom (17 kB at 1.4 MB/s)
Downloading from repo.jenkins-ci.org: https://repo.jenkins-ci.org/public/com/fasterxml/jackson/core/jackson-annotations/2.13.4/jackson-annotations-2.13.4.pom
Downloading from incrementals: https://repo.jenkins-ci.org/incrementals/com/fasterxml/jackson/core/jackson-annotations/2.13.4/jackson-annotations-2.13.4.pom
Downloading from central: https://repo.maven.apache.org/maven2/com/fasterxml/jackson/core/jackson-annotations/2.13.4/jackson-annotations-2.13.4.pom
Progress (1): 6.1 kB                    Downloaded from central: https://repo.maven.apache.org/maven2/com/fasterxml/jackson/core/jackson-annotations/2.13.4/jackson-annotations-2.13.4.pom (6.1 kB at 608 kB/s)
Downloading from repo.jenkins-ci.org: https://repo.jenkins-ci.org/public/com/fasterxml/jackson/core/jackson-core/2.13.4/jackson-core-2.13.4.pom
Downloading from incrementals: https://repo.jenkins-ci.org/incrementals/com/fasterxml/jackson/core/jackson-core/2.13.4/jackson-core-2.13.4.pom
Downloading from central: https://repo.maven.apache.org/maven2/com/fasterxml/jackson/core/jackson-core/2.13.4/jackson-core-2.13.4.pom
Progress (1): 5.5 kB                    Downloaded from central: https://repo.maven.apache.org/maven2/com/fasterxml/jackson/core/jackson-core/2.13.4/jackson-core-2.13.4.pom (5.5 kB at 553 kB/s)
Downloading from repo.jenkins-ci.org: https://repo.jenkins-ci.org/public/org/apache/commons/commons-exec/1.3/commons-exec-1.3.pom
Downloading from incrementals: https://repo.jenkins-ci.org/incrementals/org/apache/commons/commons-exec/1.3/commons-exec-1.3.pom
Downloading from central: https://repo.maven.apache.org/maven2/org/apache/commons/commons-exec/1.3/commons-exec-1.3.pom
Progress (1): 11 kB                   Downloaded from central: https://repo.maven.apache.org/maven2/org/apache/commons/commons-exec/1.3/commons-exec-1.3.pom (11 kB at 1.1 MB/s)
Downloading from repo.jenkins-ci.org: https://repo.jenkins-ci.org/public/org/apache/commons/commons-parent/35/commons-parent-35.pom
Downloading from incrementals: https://repo.jenkins-ci.org/incrementals/org/apache/commons/commons-parent/35/commons-parent-35.pom
Downloading from central: https://repo.maven.apache.org/maven2/org/apache/commons/commons-parent/35/commons-parent-35.pom
Progress (1): 16/58 kBProgress (1): 33/58 kBProgress (1): 49/58 kBProgress (1): 58 kB                      Downloaded from central: https://repo.maven.apache.org/maven2/org/apache/commons/commons-parent/35/commons-parent-35.pom (58 kB at 5.3 MB/s)
Downloading from repo.jenkins-ci.org: https://repo.jenkins-ci.org/public/org/apache/apache/15/apache-15.pom
Downloading from incrementals: https://repo.jenkins-ci.org/incrementals/org/apache/apache/15/apache-15.pom
Downloading from central: https://repo.maven.apache.org/maven2/org/apache/apache/15/apache-15.pom
Progress (1): 15 kB                   Downloaded from central: https://repo.maven.apache.org/maven2/org/apache/apache/15/apache-15.pom (15 kB at 1.7 MB/s)
Downloading from repo.jenkins-ci.org: https://repo.jenkins-ci.org/public/com/github/eirslett/frontend-plugin-core/1.15.1/frontend-plugin-core-1.15.1.jar
Downloading from repo.jenkins-ci.org: https://repo.jenkins-ci.org/public/com/fasterxml/jackson/core/jackson-core/2.13.0/jackson-core-2.13.0.jar
Downloading from repo.jenkins-ci.org: https://repo.jenkins-ci.org/public/com/fasterxml/jackson/core/jackson-databind/2.13.4.2/jackson-databind-2.13.4.2.jar
Downloading from repo.jenkins-ci.org: https://repo.jenkins-ci.org/public/com/fasterxml/jackson/core/jackson-annotations/2.13.4/jackson-annotations-2.13.4.jar
Downloading from repo.jenkins-ci.org: https://repo.jenkins-ci.org/public/org/apache/commons/commons-exec/1.3/commons-exec-1.3.jar
Downloading from repo.jenkins-ci.org: https://repo.jenkins-ci.org/public/org/apache/httpcomponents/httpclient/4.5.13/httpclient-4.5.13.jar
Downloading from repo.jenkins-ci.org: https://repo.jenkins-ci.org/public/org/apache/httpcomponents/httpcore/4.4.13/httpcore-4.4.13.jar
Downloading from incrementals: https://repo.jenkins-ci.org/incrementals/com/github/eirslett/frontend-plugin-core/1.15.1/frontend-plugin-core-1.15.1.jar
Downloading from incrementals: https://repo.jenkins-ci.org/incrementals/com/fasterxml/jackson/core/jackson-core/2.13.0/jackson-core-2.13.0.jar
Downloading from incrementals: https://repo.jenkins-ci.org/incrementals/com/fasterxml/jackson/core/jackson-databind/2.13.4.2/jackson-databind-2.13.4.2.jar
Downloading from incrementals: https://repo.jenkins-ci.org/incrementals/com/fasterxml/jackson/core/jackson-annotations/2.13.4/jackson-annotations-2.13.4.jar
Downloading from incrementals: https://repo.jenkins-ci.org/incrementals/org/apache/commons/commons-exec/1.3/commons-exec-1.3.jar
Downloading from incrementals: https://repo.jenkins-ci.org/incrementals/org/apache/httpcomponents/httpclient/4.5.13/httpclient-4.5.13.jar
Downloading from incrementals: https://repo.jenkins-ci.org/incrementals/org/apache/httpcomponents/httpcore/4.4.13/httpcore-4.4.13.jar
Downloading from central: https://repo.maven.apache.org/maven2/com/github/eirslett/frontend-plugin-core/1.15.1/frontend-plugin-core-1.15.1.jar
Progress (1): 15/103 kBProgress (1): 31/103 kBProgress (1): 48/103 kBProgress (1): 64/103 kBProgress (1): 80/103 kBProgress (1): 97/103 kBProgress (1): 103 kB                       Downloaded from central: https://repo.maven.apache.org/maven2/com/github/eirslett/frontend-plugin-core/1.15.1/frontend-plugin-core-1.15.1.jar (103 kB at 7.9 MB/s)
Downloading from central: https://repo.maven.apache.org/maven2/com/fasterxml/jackson/core/jackson-core/2.13.0/jackson-core-2.13.0.jar
Downloading from central: https://repo.maven.apache.org/maven2/com/fasterxml/jackson/core/jackson-databind/2.13.4.2/jackson-databind-2.13.4.2.jar
Downloading from central: https://repo.maven.apache.org/maven2/com/fasterxml/jackson/core/jackson-annotations/2.13.4/jackson-annotations-2.13.4.jar
Downloading from central: https://repo.maven.apache.org/maven2/org/apache/commons/commons-exec/1.3/commons-exec-1.3.jar
Downloading from central: https://repo.maven.apache.org/maven2/org/apache/httpcomponents/httpclient/4.5.13/httpclient-4.5.13.jar
Progress (1): 16/375 kBProgress (1): 33/375 kBProgress (1): 49/375 kBProgress (1): 66/375 kBProgress (1): 78/375 kBProgress (1): 94/375 kBProgress (1): 111/375 kBProgress (1): 127/375 kBProgress (1): 144/375 kBProgress (1): 160/375 kBProgress (1): 176/375 kBProgress (1): 193/375 kBProgress (1): 209/375 kBProgress (1): 226/375 kBProgress (1): 242/375 kBProgress (1): 258/375 kBProgress (1): 275/375 kBProgress (1): 291/375 kBProgress (1): 307/375 kBProgress (1): 324/375 kBProgress (1): 340/375 kBProgress (1): 357/375 kBProgress (1): 373/375 kBProgress (1): 375 kB                        Downloaded from central: https://repo.maven.apache.org/maven2/com/fasterxml/jackson/core/jackson-core/2.13.0/jackson-core-2.13.0.jar (375 kB at 13 MB/s)
Downloading from central: https://repo.maven.apache.org/maven2/org/apache/httpcomponents/httpcore/4.4.13/httpcore-4.4.13.jar
Progress (1): 0/1.5 MBProgress (1): 0/1.5 MBProgress (1): 0/1.5 MBProgress (1): 0/1.5 MBProgress (1): 0/1.5 MBProgress (1): 0/1.5 MBProgress (1): 0/1.5 MBProgress (1): 0/1.5 MBProgress (1): 0/1.5 MBProgress (1): 0/1.5 MBProgress (1): 0/1.5 MBProgress (1): 0/1.5 MBProgress (2): 0/1.5 MB | 1.4/54 kBProgress (2): 0/1.5 MB | 1.4/54 kBProgress (2): 0/1.5 MB | 1.4/54 kBProgress (2): 0/1.5 MB | 2.8/54 kBProgress (2): 0/1.5 MB | 2.8/54 kBProgress (2): 0/1.5 MB | 4.1/54 kBProgress (2): 0/1.5 MB | 5.5/54 kBProgress (2): 0/1.5 MB | 5.5/54 kBProgress (2): 0/1.5 MB | 6.9/54 kBProgress (2): 0/1.5 MB | 6.9/54 kBProgress (3): 0/1.5 MB | 6.9/54 kB | 16/329 kBProgress (3): 0/1.5 MB | 6.9/54 kB | 16/329 kBProgress (3): 0/1.5 MB | 8.3/54 kB | 16/329 kBProgress (3): 0/1.5 MB | 8.3/54 kB | 16/329 kBProgress (3): 0/1.5 MB | 9.7/54 kB | 16/329 kBProgress (3): 0/1.5 MB | 9.7/54 kB | 16/329 kBProgress (3): 0/1.5 MB | 11/54 kB | 16/329 kB Progress (3): 0/1.5 MB | 11/54 kB | 16/329 kBProgress (3): 0/1.5 MB | 12/54 kB | 16/329 kBProgress (4): 0/1.5 MB | 12/54 kB | 16/329 kB | 1.4/780 kBProgress (4): 0/1.5 MB | 14/54 kB | 16/329 kB | 1.4/780 kBProgress (4): 0/1.5 MB | 15/54 kB | 16/329 kB | 1.4/780 kBProgress (4): 0/1.5 MB | 15/54 kB | 33/329 kB | 1.4/780 kBProgress (4): 0/1.5 MB | 17/54 kB | 33/329 kB | 1.4/780 kBProgress (4): 0/1.5 MB | 17/54 kB | 33/329 kB | 2.8/780 kBProgress (4): 0/1.5 MB | 18/54 kB | 33/329 kB | 2.8/780 kBProgress (4): 0/1.5 MB | 18/54 kB | 33/329 kB | 4.1/780 kBProgress (4): 0/1.5 MB | 18/54 kB | 33/329 kB | 4.1/780 kBProgress (4): 0/1.5 MB | 19/54 kB | 33/329 kB | 4.1/780 kBProgress (4): 0/1.5 MB | 19/54 kB | 33/329 kB | 5.5/780 kBProgress (4): 0/1.5 MB | 19/54 kB | 33/329 kB | 5.5/780 kBProgress (4): 0/1.5 MB | 21/54 kB | 33/329 kB | 5.5/780 kBProgress (4): 0/1.5 MB | 21/54 kB | 33/329 kB | 5.5/780 kBProgress (4): 0/1.5 MB | 21/54 kB | 49/329 kB | 5.5/780 kBProgress (4): 0/1.5 MB | 21/54 kB | 49/329 kB | 6.9/780 kBProgress (4): 0/1.5 MB | 21/54 kB | 49/329 kB | 6.9/780 kBProgress (4): 0/1.5 MB | 21/54 kB | 49/329 kB | 8.3/780 kBProgress (4): 0/1.5 MB | 21/54 kB | 64/329 kB | 8.3/780 kBProgress (4): 0/1.5 MB | 21/54 kB | 64/329 kB | 9.7/780 kBProgress (4): 0/1.5 MB | 22/54 kB | 64/329 kB | 9.7/780 kBProgress (4): 0/1.5 MB | 22/54 kB | 64/329 kB | 11/780 kB Progress (4): 0/1.5 MB | 23/54 kB | 64/329 kB | 11/780 kBProgress (4): 0/1.5 MB | 23/54 kB | 80/329 kB | 11/780 kBProgress (4): 0/1.5 MB | 25/54 kB | 80/329 kB | 11/780 kBProgress (4): 0/1.5 MB | 25/54 kB | 80/329 kB | 12/780 kBProgress (4): 0/1.5 MB | 25/54 kB | 97/329 kB | 12/780 kBProgress (4): 0/1.5 MB | 26/54 kB | 97/329 kB | 12/780 kBProgress (4): 0/1.5 MB | 26/54 kB | 97/329 kB | 14/780 kBProgress (4): 0/1.5 MB | 28/54 kB | 97/329 kB | 14/780 kBProgress (4): 0/1.5 MB | 28/54 kB | 97/329 kB | 15/780 kBProgress (4): 0/1.5 MB | 28/54 kB | 113/329 kB | 15/780 kBProgress (4): 0/1.5 MB | 29/54 kB | 113/329 kB | 15/780 kBProgress (5): 0/1.5 MB | 29/54 kB | 113/329 kB | 15/780 kB | 16/76 kBProgress (5): 0/1.5 MB | 30/54 kB | 113/329 kB | 15/780 kB | 16/76 kBProgress (5): 0/1.5 MB | 30/54 kB | 113/329 kB | 17/780 kB | 16/76 kBProgress (5): 0/1.5 MB | 32/54 kB | 113/329 kB | 17/780 kB | 16/76 kBProgress (5): 0/1.5 MB | 32/54 kB | 129/329 kB | 17/780 kB | 16/76 kBProgress (5): 0/1.5 MB | 32/54 kB | 129/329 kB | 18/780 kB | 16/76 kBProgress (5): 0/1.5 MB | 33/54 kB | 129/329 kB | 18/780 kB | 16/76 kBProgress (5): 0/1.5 MB | 33/54 kB | 129/329 kB | 19/780 kB | 16/76 kBProgress (5): 0/1.5 MB | 33/54 kB | 146/329 kB | 19/780 kB | 16/76 kBProgress (5): 0/1.5 MB | 34/54 kB | 146/329 kB | 19/780 kB | 16/76 kBProgress (5): 0/1.5 MB | 34/54 kB | 146/329 kB | 21/780 kB | 16/76 kBProgress (5): 0/1.5 MB | 34/54 kB | 162/329 kB | 21/780 kB | 16/76 kBProgress (5): 0/1.5 MB | 34/54 kB | 162/329 kB | 22/780 kB | 16/76 kBProgress (5): 0/1.5 MB | 34/54 kB | 162/329 kB | 22/780 kB | 16/76 kBProgress (5): 0/1.5 MB | 34/54 kB | 162/329 kB | 23/780 kB | 16/76 kBProgress (5): 0/1.5 MB | 34/54 kB | 162/329 kB | 23/780 kB | 16/76 kBProgress (5): 0/1.5 MB | 34/54 kB | 162/329 kB | 25/780 kB | 16/76 kBProgress (5): 0/1.5 MB | 34/54 kB | 178/329 kB | 25/780 kB | 16/76 kBProgress (5): 0/1.5 MB | 34/54 kB | 178/329 kB | 26/780 kB | 16/76 kBProgress (5): 0/1.5 MB | 34/54 kB | 178/329 kB | 26/780 kB | 16/76 kBProgress (5): 0/1.5 MB | 34/54 kB | 178/329 kB | 26/780 kB | 33/76 kBProgress (5): 0/1.5 MB | 34/54 kB | 178/329 kB | 26/780 kB | 33/76 kBProgress (5): 0/1.5 MB | 34/54 kB | 195/329 kB | 26/780 kB | 33/76 kBProgress (5): 0/1.5 MB | 34/54 kB | 195/329 kB | 26/780 kB | 33/76 kBProgress (5): 0/1.5 MB | 34/54 kB | 195/329 kB | 26/780 kB | 33/76 kBProgress (5): 0/1.5 MB | 34/54 kB | 195/329 kB | 28/780 kB | 33/76 kBProgress (5): 0/1.5 MB | 34/54 kB | 211/329 kB | 28/780 kB | 33/76 kBProgress (5): 0/1.5 MB | 34/54 kB | 211/329 kB | 28/780 kB | 33/76 kBProgress (5): 0/1.5 MB | 34/54 kB | 211/329 kB | 29/780 kB | 33/76 kBProgress (5): 0/1.5 MB | 34/54 kB | 211/329 kB | 29/780 kB | 33/76 kBProgress (5): 0/1.5 MB | 34/54 kB | 228/329 kB | 29/780 kB | 33/76 kBProgress (5): 0/1.5 MB | 34/54 kB | 228/329 kB | 29/780 kB | 33/76 kBProgress (5): 0/1.5 MB | 34/54 kB | 228/329 kB | 30/780 kB | 33/76 kBProgress (5): 0/1.5 MB | 34/54 kB | 228/329 kB | 32/780 kB | 33/76 kBProgress (5): 0/1.5 MB | 34/54 kB | 228/329 kB | 32/780 kB | 33/76 kBProgress (5): 0/1.5 MB | 36/54 kB | 228/329 kB | 32/780 kB | 33/76 kBProgress (5): 0/1.5 MB | 36/54 kB | 228/329 kB | 33/780 kB | 33/76 kBProgress (5): 0/1.5 MB | 36/54 kB | 228/329 kB | 33/780 kB | 33/76 kBProgress (5): 0/1.5 MB | 36/54 kB | 244/329 kB | 33/780 kB | 33/76 kBProgress (5): 0/1.5 MB | 36/54 kB | 244/329 kB | 34/780 kB | 33/76 kBProgress (5): 0/1.5 MB | 37/54 kB | 244/329 kB | 34/780 kB | 33/76 kBProgress (5): 0.1/1.5 MB | 37/54 kB | 244/329 kB | 34/780 kB | 33/76 kBProgress (5): 0.1/1.5 MB | 39/54 kB | 244/329 kB | 34/780 kB | 33/76 kBProgress (5): 0.1/1.5 MB | 39/54 kB | 244/329 kB | 34/780 kB | 33/76 kBProgress (5): 0.1/1.5 MB | 40/54 kB | 244/329 kB | 34/780 kB | 33/76 kBProgress (5): 0.1/1.5 MB | 40/54 kB | 260/329 kB | 34/780 kB | 33/76 kBProgress (5): 0.1/1.5 MB | 41/54 kB | 260/329 kB | 34/780 kB | 33/76 kBProgress (5): 0.1/1.5 MB | 41/54 kB | 260/329 kB | 34/780 kB | 33/76 kBProgress (5): 0.1/1.5 MB | 43/54 kB | 260/329 kB | 34/780 kB | 33/76 kBProgress (5): 0.1/1.5 MB | 43/54 kB | 260/329 kB | 34/780 kB | 33/76 kBProgress (5): 0.1/1.5 MB | 44/54 kB | 260/329 kB | 34/780 kB | 33/76 kBProgress (5): 0.1/1.5 MB | 44/54 kB | 277/329 kB | 34/780 kB | 33/76 kBProgress (5): 0.1/1.5 MB | 44/54 kB | 277/329 kB | 34/780 kB | 33/76 kBProgress (5): 0.1/1.5 MB | 46/54 kB | 277/329 kB | 34/780 kB | 33/76 kBProgress (5): 0.1/1.5 MB | 47/54 kB | 277/329 kB | 34/780 kB | 33/76 kBProgress (5): 0.1/1.5 MB | 47/54 kB | 277/329 kB | 34/780 kB | 33/76 kBProgress (5): 0.1/1.5 MB | 48/54 kB | 277/329 kB | 34/780 kB | 33/76 kBProgress (5): 0.1/1.5 MB | 48/54 kB | 293/329 kB | 34/780 kB | 33/76 kBProgress (5): 0.1/1.5 MB | 48/54 kB | 293/329 kB | 34/780 kB | 33/76 kBProgress (5): 0.1/1.5 MB | 50/54 kB | 293/329 kB | 34/780 kB | 33/76 kBProgress (5): 0.1/1.5 MB | 50/54 kB | 309/329 kB | 34/780 kB | 33/76 kBProgress (5): 0.1/1.5 MB | 50/54 kB | 309/329 kB | 34/780 kB | 33/76 kBProgress (5): 0.1/1.5 MB | 51/54 kB | 309/329 kB | 34/780 kB | 33/76 kBProgress (5): 0.1/1.5 MB | 51/54 kB | 309/329 kB | 36/780 kB | 33/76 kBProgress (5): 0.1/1.5 MB | 51/54 kB | 309/329 kB | 37/780 kB | 33/76 kBProgress (5): 0.1/1.5 MB | 51/54 kB | 326/329 kB | 37/780 kB | 33/76 kBProgress (5): 0.1/1.5 MB | 51/54 kB | 329 kB | 37/780 kB | 33/76 kB    Progress (5): 0.1/1.5 MB | 51/54 kB | 329 kB | 39/780 kB | 33/76 kBProgress (5): 0.1/1.5 MB | 51/54 kB | 329 kB | 39/780 kB | 33/76 kBProgress (5): 0.1/1.5 MB | 52/54 kB | 329 kB | 39/780 kB | 33/76 kBProgress (5): 0.1/1.5 MB | 52/54 kB | 329 kB | 40/780 kB | 33/76 kBProgress (5): 0.1/1.5 MB | 52/54 kB | 329 kB | 40/780 kB | 33/76 kBProgress (5): 0.1/1.5 MB | 52/54 kB | 329 kB | 41/780 kB | 33/76 kBProgress (5): 0.1/1.5 MB | 52/54 kB | 329 kB | 43/780 kB | 33/76 kBProgress (5): 0.1/1.5 MB | 52/54 kB | 329 kB | 43/780 kB | 33/76 kBProgress (5): 0.1/1.5 MB | 54/54 kB | 329 kB | 43/780 kB | 33/76 kBProgress (5): 0.1/1.5 MB | 54/54 kB | 329 kB | 43/780 kB | 49/76 kBProgress (5): 0.1/1.5 MB | 54/54 kB | 329 kB | 44/780 kB | 49/76 kBProgress (5): 0.1/1.5 MB | 54 kB | 329 kB | 44/780 kB | 49/76 kB   Progress (5): 0.1/1.5 MB | 54 kB | 329 kB | 46/780 kB | 49/76 kBProgress (5): 0.1/1.5 MB | 54 kB | 329 kB | 47/780 kB | 49/76 kBProgress (5): 0.1/1.5 MB | 54 kB | 329 kB | 47/780 kB | 49/76 kBProgress (5): 0.1/1.5 MB | 54 kB | 329 kB | 48/780 kB | 49/76 kBProgress (5): 0.1/1.5 MB | 54 kB | 329 kB | 50/780 kB | 49/76 kBProgress (5): 0.1/1.5 MB | 54 kB | 329 kB | 51/780 kB | 49/76 kBProgress (5): 0.1/1.5 MB | 54 kB | 329 kB | 52/780 kB | 49/76 kB                                                                Downloaded from central: https://repo.maven.apache.org/maven2/org/apache/httpcomponents/httpcore/4.4.13/httpcore-4.4.13.jar (329 kB at 3.0 MB/s)
Progress (4): 0.1/1.5 MB | 54 kB | 54/780 kB | 49/76 kB                                                       Downloaded from central: https://repo.maven.apache.org/maven2/org/apache/commons/commons-exec/1.3/commons-exec-1.3.jar (54 kB at 486 kB/s)
Progress (3): 0.1/1.5 MB | 55/780 kB | 49/76 kBProgress (3): 0.1/1.5 MB | 55/780 kB | 66/76 kBProgress (3): 0.1/1.5 MB | 55/780 kB | 66/76 kBProgress (3): 0.1/1.5 MB | 57/780 kB | 66/76 kBProgress (3): 0.1/1.5 MB | 58/780 kB | 66/76 kBProgress (3): 0.1/1.5 MB | 58/780 kB | 76 kB   Progress (3): 0.1/1.5 MB | 59/780 kB | 76 kBProgress (3): 0.1/1.5 MB | 61/780 kB | 76 kBProgress (3): 0.1/1.5 MB | 62/780 kB | 76 kBProgress (3): 0.1/1.5 MB | 62/780 kB | 76 kBProgress (3): 0.1/1.5 MB | 63/780 kB | 76 kBProgress (3): 0.1/1.5 MB | 64/780 kB | 76 kBProgress (3): 0.1/1.5 MB | 64/780 kB | 76 kB                                            Downloaded from central: https://repo.maven.apache.org/maven2/com/fasterxml/jackson/core/jackson-annotations/2.13.4/jackson-annotations-2.13.4.jar (76 kB at 647 kB/s)
Progress (2): 0.2/1.5 MB | 64/780 kBProgress (2): 0.2/1.5 MB | 64/780 kBProgress (2): 0.2/1.5 MB | 81/780 kBProgress (2): 0.2/1.5 MB | 81/780 kBProgress (2): 0.2/1.5 MB | 97/780 kBProgress (2): 0.2/1.5 MB | 97/780 kBProgress (2): 0.2/1.5 MB | 113/780 kBProgress (2): 0.2/1.5 MB | 113/780 kBProgress (2): 0.2/1.5 MB | 113/780 kBProgress (2): 0.2/1.5 MB | 130/780 kBProgress (2): 0.2/1.5 MB | 146/780 kBProgress (2): 0.2/1.5 MB | 162/780 kBProgress (2): 0.3/1.5 MB | 162/780 kBProgress (2): 0.3/1.5 MB | 179/780 kBProgress (2): 0.3/1.5 MB | 179/780 kBProgress (2): 0.3/1.5 MB | 179/780 kBProgress (2): 0.3/1.5 MB | 179/780 kBProgress (2): 0.3/1.5 MB | 195/780 kBProgress (2): 0.3/1.5 MB | 212/780 kBProgress (2): 0.3/1.5 MB | 212/780 kBProgress (2): 0.3/1.5 MB | 228/780 kBProgress (2): 0.3/1.5 MB | 228/780 kBProgress (2): 0.4/1.5 MB | 228/780 kBProgress (2): 0.4/1.5 MB | 244/780 kBProgress (2): 0.4/1.5 MB | 244/780 kBProgress (2): 0.4/1.5 MB | 244/780 kBProgress (2): 0.4/1.5 MB | 261/780 kBProgress (2): 0.4/1.5 MB | 261/780 kBProgress (2): 0.4/1.5 MB | 277/780 kBProgress (2): 0.4/1.5 MB | 277/780 kBProgress (2): 0.4/1.5 MB | 294/780 kBProgress (2): 0.4/1.5 MB | 294/780 kBProgress (2): 0.5/1.5 MB | 294/780 kBProgress (2): 0.5/1.5 MB | 310/780 kBProgress (2): 0.5/1.5 MB | 310/780 kBProgress (2): 0.5/1.5 MB | 326/780 kBProgress (2): 0.5/1.5 MB | 326/780 kBProgress (2): 0.5/1.5 MB | 343/780 kBProgress (2): 0.5/1.5 MB | 343/780 kBProgress (2): 0.5/1.5 MB | 359/780 kBProgress (2): 0.5/1.5 MB | 359/780 kBProgress (2): 0.5/1.5 MB | 359/780 kBProgress (2): 0.6/1.5 MB | 359/780 kBProgress (2): 0.6/1.5 MB | 359/780 kBProgress (2): 0.6/1.5 MB | 375/780 kBProgress (2): 0.6/1.5 MB | 375/780 kBProgress (2): 0.6/1.5 MB | 375/780 kBProgress (2): 0.6/1.5 MB | 392/780 kBProgress (2): 0.6/1.5 MB | 392/780 kBProgress (2): 0.6/1.5 MB | 408/780 kBProgress (2): 0.6/1.5 MB | 408/780 kBProgress (2): 0.7/1.5 MB | 408/780 kBProgress (2): 0.7/1.5 MB | 425/780 kBProgress (2): 0.7/1.5 MB | 425/780 kBProgress (2): 0.7/1.5 MB | 441/780 kBProgress (2): 0.7/1.5 MB | 441/780 kBProgress (2): 0.7/1.5 MB | 457/780 kBProgress (2): 0.7/1.5 MB | 457/780 kBProgress (2): 0.7/1.5 MB | 474/780 kBProgress (2): 0.7/1.5 MB | 474/780 kBProgress (2): 0.7/1.5 MB | 474/780 kBProgress (2): 0.7/1.5 MB | 490/780 kBProgress (2): 0.8/1.5 MB | 490/780 kBProgress (2): 0.8/1.5 MB | 506/780 kBProgress (2): 0.8/1.5 MB | 506/780 kBProgress (2): 0.8/1.5 MB | 523/780 kBProgress (2): 0.8/1.5 MB | 523/780 kBProgress (2): 0.8/1.5 MB | 523/780 kBProgress (2): 0.8/1.5 MB | 539/780 kBProgress (2): 0.8/1.5 MB | 539/780 kBProgress (2): 0.8/1.5 MB | 556/780 kBProgress (2): 0.8/1.5 MB | 556/780 kBProgress (2): 0.8/1.5 MB | 572/780 kBProgress (2): 0.8/1.5 MB | 572/780 kBProgress (2): 0.9/1.5 MB | 572/780 kBProgress (2): 0.9/1.5 MB | 588/780 kBProgress (2): 0.9/1.5 MB | 588/780 kBProgress (2): 0.9/1.5 MB | 605/780 kBProgress (2): 0.9/1.5 MB | 605/780 kBProgress (2): 0.9/1.5 MB | 621/780 kBProgress (2): 0.9/1.5 MB | 621/780 kBProgress (2): 0.9/1.5 MB | 638/780 kBProgress (2): 0.9/1.5 MB | 654/780 kBProgress (2): 0.9/1.5 MB | 654/780 kBProgress (2): 0.9/1.5 MB | 670/780 kBProgress (2): 0.9/1.5 MB | 687/780 kBProgress (2): 0.9/1.5 MB | 687/780 kBProgress (2): 0.9/1.5 MB | 703/780 kBProgress (2): 1.0/1.5 MB | 703/780 kBProgress (2): 1.0/1.5 MB | 719/780 kBProgress (2): 1.0/1.5 MB | 736/780 kBProgress (2): 1.0/1.5 MB | 736/780 kBProgress (2): 1.0/1.5 MB | 752/780 kBProgress (2): 1.0/1.5 MB | 752/780 kBProgress (2): 1.0/1.5 MB | 769/780 kBProgress (2): 1.0/1.5 MB | 780 kB    Progress (2): 1.0/1.5 MB | 780 kBProgress (2): 1.0/1.5 MB | 780 kBProgress (2): 1.0/1.5 MB | 780 kBProgress (2): 1.1/1.5 MB | 780 kBProgress (2): 1.1/1.5 MB | 780 kBProgress (2): 1.1/1.5 MB | 780 kB                                 Downloaded from central: https://repo.maven.apache.org/maven2/org/apache/httpcomponents/httpclient/4.5.13/httpclient-4.5.13.jar (780 kB at 5.2 MB/s)
Progress (1): 1.1/1.5 MBProgress (1): 1.1/1.5 MBProgress (1): 1.1/1.5 MBProgress (1): 1.2/1.5 MBProgress (1): 1.2/1.5 MBProgress (1): 1.2/1.5 MBProgress (1): 1.2/1.5 MBProgress (1): 1.2/1.5 MBProgress (1): 1.2/1.5 MBProgress (1): 1.3/1.5 MBProgress (1): 1.3/1.5 MBProgress (1): 1.3/1.5 MBProgress (1): 1.3/1.5 MBProgress (1): 1.3/1.5 MBProgress (1): 1.3/1.5 MBProgress (1): 1.4/1.5 MBProgress (1): 1.4/1.5 MBProgress (1): 1.4/1.5 MBProgress (1): 1.4/1.5 MBProgress (1): 1.4/1.5 MBProgress (1): 1.4/1.5 MBProgress (1): 1.5/1.5 MBProgress (1): 1.5/1.5 MBProgress (1): 1.5/1.5 MBProgress (1): 1.5/1.5 MBProgress (1): 1.5/1.5 MBProgress (1): 1.5 MB                        Downloaded from central: https://repo.maven.apache.org/maven2/com/fasterxml/jackson/core/jackson-databind/2.13.4.2/jackson-databind-2.13.4.2.jar (1.5 MB at 9.7 MB/s)
[INFO] Installing node version v22.13.1
[INFO] Downloading https://repo.jenkins-ci.org/nodejs-dist/v22.13.1/node-v22.13.1-linux-x64.tar.gz to /home/poddingue/.m2/repository/com/github/eirslett/node/22.13.1/node-22.13.1-linux-x64.tar.gz
[INFO] No proxies configured
[INFO] No proxy was configured, downloading directly
[INFO] Unpacking /home/poddingue/.m2/repository/com/github/eirslett/node/22.13.1/node-22.13.1-linux-x64.tar.gz into /tmp/plugin-builds/jquery3-api/node/tmp
[INFO] Copying node binary from /tmp/plugin-builds/jquery3-api/node/tmp/node-v22.13.1-linux-x64/bin/node to /tmp/plugin-builds/jquery3-api/node/node
[INFO] Installed node locally.
[INFO] Installing npm version 10.9.2
[INFO] Downloading https://repo.jenkins-ci.org/npm-dist/npm-10.9.2.tgz to /home/poddingue/.m2/repository/com/github/eirslett/npm/10.9.2/npm-10.9.2.tar.gz
[INFO] No proxies configured
[INFO] No proxy was configured, downloading directly
[INFO] Unpacking /home/poddingue/.m2/repository/com/github/eirslett/npm/10.9.2/npm-10.9.2.tar.gz into /tmp/plugin-builds/jquery3-api/node/node_modules
[INFO] Installed npm locally.
[INFO] 
[INFO] --- frontend:1.15.1:npm (npm install) @ jquery3-api ---
[INFO] Running 'npm install' in /tmp/plugin-builds/jquery3-api
[INFO] 
[INFO] added 226 packages, and audited 227 packages in 6s
[INFO] added 226 packages, and audited 227 packages in 6snpm notice
[INFO] npm notice New major version of npm available! 10.9.2 -> 11.4.2
[INFO] 
[INFO] 113 packages are looking for funding
[INFO] npm notice Changelog: https://github.com/npm/cli/releases/tag/v11.4.2
[INFO]   run `npm fund` for details
[INFO] npm notice To update run: npm install -g npm@11.4.2
[INFO] 
[INFO] npm notice
[INFO] found 0 vulnerabilities
[INFO] 
[INFO] --- localizer:1.31:generate (default) @ jquery3-api ---
[INFO] 
[INFO] --- frontend:1.15.1:npm (npm mvnbuild) @ jquery3-api ---
[INFO] Running 'npm run mvnbuild' in /tmp/plugin-builds/jquery3-api
[INFO] 
[INFO] >>> javadoc:3.11.2:javadoc (default) > generate-sources @ jquery3-api >>>
[INFO] 
[INFO] --- hpi:3.61:validate (default-validate) @ jquery3-api ---
[INFO] 
[INFO] --- hpi:3.61:validate-hpi (default-validate-hpi) @ jquery3-api ---
[INFO] 
[INFO] --- enforcer:3.5.0:enforce (display-info) @ jquery3-api ---
[INFO] Rule 0: org.apache.maven.enforcer.rules.dependency.RequireUpperBoundDeps passed
[INFO] Rule 4: org.codehaus.mojo.extraenforcer.dependencies.EnforceBytecodeVersion passed
[INFO] Rule 5: org.apache.maven.enforcer.rules.dependency.BannedDependencies passed
[INFO] Rule 6: org.apache.maven.enforcer.rules.dependency.BannedDependencies passed
[INFO] 
[INFO] --- enforcer:3.5.0:enforce (no-snapshots-in-release) @ jquery3-api ---
[INFO] Rule 0: org.apache.maven.enforcer.rules.dependency.RequireReleaseDeps passed
[INFO] 
[INFO] --- frontend:1.15.1:install-node-and-npm (install node and npm) @ jquery3-api ---
[INFO] Node v22.13.1 is already installed.
[INFO] NPM 10.9.2 is already installed.
[INFO] 
[INFO] --- frontend:1.15.1:npm (npm install) @ jquery3-api ---
[INFO] Running 'npm install' in /tmp/plugin-builds/jquery3-api
[INFO] 
[INFO] up to date, audited 227 packages in 611ms
[INFO] 
[INFO] 113 packages are looking for funding
[INFO]   run `npm fund` for details
[INFO] 
[INFO] found 0 vulnerabilities
[INFO] 
[INFO] --- localizer:1.31:generate (default) @ jquery3-api ---
[INFO] 
[INFO] --- frontend:1.15.1:npm (npm mvnbuild) @ jquery3-api ---
[INFO] Running 'npm run mvnbuild' in /tmp/plugin-builds/jquery3-api
[INFO] 
[INFO] <<< javadoc:3.11.2:javadoc (default) < generate-sources @ jquery3-api <<<
[INFO] 
[INFO] 
[INFO] --- javadoc:3.11.2:javadoc (default) @ jquery3-api ---
[INFO] Skipping org.apache.maven.plugins:maven-javadoc-plugin:3.11.2:javadoc report goal
[INFO] 
[INFO] --- resources:3.3.1:resources (default-resources) @ jquery3-api ---
[INFO] Copying 3 resources from src/main/resources to target/classes
[INFO] 
[INFO] --- flatten:1.7.0:flatten (flatten) @ jquery3-api ---
[INFO] Generating flattened POM of project io.jenkins.plugins:jquery3-api:hpi:3.7.1-4-SNAPSHOT...
[INFO] 
[INFO] --- resources:3.3.1:copy-resources (copy-js-resources) @ jquery3-api ---
[INFO] Copying 3 resources from node_modules/jquery/dist to target/jquery3-api/js
[INFO] 
[INFO] --- compiler:3.14.0:compile (default-compile) @ jquery3-api ---
[INFO] Recompiling the module because of changed source code.
[INFO] Compiling 1 source file with javac [debug parameters release 17] to target/classes
[INFO] 
[INFO] --- access-modifier-checker:1.34:enforce (default-enforce) @ jquery3-api ---
[INFO] Skipping access modifier checks
[INFO] 
[INFO] --- hpi:3.61:insert-test (default-insert-test) @ jquery3-api ---
[INFO] 
[INFO] --- antrun:3.1.0:run (createTempDir) @ jquery3-api ---
[INFO] Executing tasks
[INFO]     [mkdir] Created dir: /tmp/plugin-builds/jquery3-api/target/tmp
[INFO] Executed tasks
[INFO] 
[INFO] --- resources:3.3.1:testResources (default-testResources) @ jquery3-api ---
[INFO] skip non existing resourceDirectory /tmp/plugin-builds/jquery3-api/src/test/resources
[INFO] 
[INFO] --- compiler:3.14.0:testCompile (default-testCompile) @ jquery3-api ---
[INFO] Recompiling the module because of changed dependency.
[INFO] Compiling 1 source file with javac [debug parameters release 17] to target/test-classes
[INFO] 
[INFO] --- hpi:3.61:test-hpl (default-test-hpl) @ jquery3-api ---
[INFO] Generating /tmp/plugin-builds/jquery3-api/target/test-classes/the.hpl
[INFO] 
[INFO] --- hpi:3.61:resolve-test-dependencies (default-resolve-test-dependencies) @ jquery3-api ---
[INFO] 
[INFO] --- hpi:3.61:test-runtime (default-test-runtime) @ jquery3-api ---
[INFO] Tests are skipped.
[INFO] 
[INFO] --- jacoco:0.8.12:prepare-agent (default) @ jquery3-api ---
[INFO] argLine set to -javaagent:/home/poddingue/.m2/repository/org/jacoco/org.jacoco.agent/0.8.12/org.jacoco.agent-0.8.12-runtime.jar=destfile=/tmp/plugin-builds/jquery3-api/target/jacoco.exec,includes=io/jenkins/plugins/**/* -Xms768M -Xmx768M -XX:+HeapDumpOnOutOfMemoryError -XX:+TieredCompilation -XX:TieredStopAtLevel=1 @{jenkins.addOpens} @{jenkins.insaneHook}
[INFO] 
[INFO] --- surefire:3.5.2:test (default-test) @ jquery3-api ---
[INFO] Tests are skipped.
[INFO] 
[INFO] --- frontend:1.15.1:npm (npm mvntest) @ jquery3-api ---
[INFO] Skipping execution.
[INFO] 
[INFO] --- license:165.v7e11f4e4a_325:process (default) @ jquery3-api ---
[INFO] ------------------------------------------------------------------------
[INFO] BUILD FAILURE
[INFO] ------------------------------------------------------------------------
[INFO] Total time:  27.159 s
[INFO] Finished at: 2025-06-21T18:10:03+02:00
[INFO] ------------------------------------------------------------------------
---------------------------------------------------
constituent[0]: file:/home/poddingue/.sdkman/candidates/maven/current/conf/logging/
constituent[1]: file:/home/poddingue/.sdkman/candidates/maven/current/lib/plexus-cipher-2.0.jar
constituent[2]: file:/home/poddingue/.sdkman/candidates/maven/current/lib/maven-shared-utils-3.4.2.jar
constituent[3]: file:/home/poddingue/.sdkman/candidates/maven/current/lib/wagon-provider-api-3.5.3.jar
constituent[4]: file:/home/poddingue/.sdkman/candidates/maven/current/lib/guice-5.1.0.jar
constituent[5]: file:/home/poddingue/.sdkman/candidates/maven/current/lib/httpclient-4.5.14.jar
constituent[6]: file:/home/poddingue/.sdkman/candidates/maven/current/lib/slf4j-api-1.7.36.jar
constituent[7]: file:/home/poddingue/.sdkman/candidates/maven/current/lib/commons-codec-1.17.1.jar
constituent[8]: file:/home/poddingue/.sdkman/candidates/maven/current/lib/maven-resolver-impl-1.9.22.jar
constituent[9]: file:/home/poddingue/.sdkman/candidates/maven/current/lib/maven-resolver-named-locks-1.9.22.jar
constituent[10]: file:/home/poddingue/.sdkman/candidates/maven/current/lib/maven-resolver-util-1.9.22.jar
constituent[11]: file:/home/poddingue/.sdkman/candidates/maven/current/lib/maven-resolver-transport-http-1.9.22.jar
constituent[12]: file:/home/poddingue/.sdkman/candidates/maven/current/lib/plexus-sec-dispatcher-2.0.jar
constituent[13]: file:/home/poddingue/.sdkman/candidates/maven/current/lib/maven-resolver-api-1.9.22.jar
constituent[14]: file:/home/poddingue/.sdkman/candidates/maven/current/lib/guava-33.2.1-jre.jar
constituent[15]: file:/home/poddingue/.sdkman/candidates/maven/current/lib/maven-settings-3.9.9.jar
constituent[16]: file:/home/poddingue/.sdkman/candidates/maven/current/lib/maven-resolver-transport-file-1.9.22.jar
constituent[17]: file:/home/poddingue/.sdkman/candidates/maven/current/lib/wagon-http-shared-3.5.3.jar
constituent[18]: file:/home/poddingue/.sdkman/candidates/maven/current/lib/maven-resolver-transport-wagon-1.9.22.jar
constituent[19]: file:/home/poddingue/.sdkman/candidates/maven/current/lib/plexus-interpolation-1.27.jar
constituent[20]: file:/home/poddingue/.sdkman/candidates/maven/current/lib/maven-model-3.9.9.jar
constituent[21]: file:/home/poddingue/.sdkman/candidates/maven/current/lib/maven-settings-builder-3.9.9.jar
constituent[22]: file:/home/poddingue/.sdkman/candidates/maven/current/lib/jansi-2.4.1.jar
constituent[23]: file:/home/poddingue/.sdkman/candidates/maven/current/lib/commons-cli-1.8.0.jar
constituent[24]: file:/home/poddingue/.sdkman/candidates/maven/current/lib/httpcore-4.4.16.jar
constituent[25]: file:/home/poddingue/.sdkman/candidates/maven/current/lib/maven-builder-support-3.9.9.jar
constituent[26]: file:/home/poddingue/.sdkman/candidates/maven/current/lib/maven-embedder-3.9.9.jar
constituent[27]: file:/home/poddingue/.sdkman/candidates/maven/current/lib/maven-artifact-3.9.9.jar
constituent[28]: file:/home/poddingue/.sdkman/candidates/maven/current/lib/maven-compat-3.9.9.jar
constituent[29]: file:/home/poddingue/.sdkman/candidates/maven/current/lib/wagon-http-3.5.3.jar
constituent[30]: file:/home/poddingue/.sdkman/candidates/maven/current/lib/maven-model-builder-3.9.9.jar
constituent[31]: file:/home/poddingue/.sdkman/candidates/maven/current/lib/aopalliance-1.0.jar
constituent[32]: file:/home/poddingue/.sdkman/candidates/maven/current/lib/maven-slf4j-provider-3.9.9.jar
constituent[33]: file:/home/poddingue/.sdkman/candidates/maven/current/lib/maven-resolver-connector-basic-1.9.22.jar
constituent[34]: file:/home/poddingue/.sdkman/candidates/maven/current/lib/maven-plugin-api-3.9.9.jar
constituent[35]: file:/home/poddingue/.sdkman/candidates/maven/current/lib/javax.annotation-api-1.3.2.jar
constituent[36]: file:/home/poddingue/.sdkman/candidates/maven/current/lib/org.eclipse.sisu.inject-0.9.0.M3.jar
constituent[37]: file:/home/poddingue/.sdkman/candidates/maven/current/lib/jcl-over-slf4j-1.7.36.jar
constituent[38]: file:/home/poddingue/.sdkman/candidates/maven/current/lib/plexus-xml-3.0.1.jar
constituent[39]: file:/home/poddingue/.sdkman/candidates/maven/current/lib/plexus-utils-3.5.1.jar
constituent[40]: file:/home/poddingue/.sdkman/candidates/maven/current/lib/maven-resolver-provider-3.9.9.jar
constituent[41]: file:/home/poddingue/.sdkman/candidates/maven/current/lib/org.eclipse.sisu.plexus-0.9.0.M3.jar
constituent[42]: file:/home/poddingue/.sdkman/candidates/maven/current/lib/maven-resolver-spi-1.9.22.jar
constituent[43]: file:/home/poddingue/.sdkman/candidates/maven/current/lib/javax.inject-1.jar
constituent[44]: file:/home/poddingue/.sdkman/candidates/maven/current/lib/maven-core-3.9.9.jar
constituent[45]: file:/home/poddingue/.sdkman/candidates/maven/current/lib/wagon-file-3.5.3.jar
constituent[46]: file:/home/poddingue/.sdkman/candidates/maven/current/lib/plexus-component-annotations-2.1.0.jar
constituent[47]: file:/home/poddingue/.sdkman/candidates/maven/current/lib/failureaccess-1.0.2.jar
constituent[48]: file:/home/poddingue/.sdkman/candidates/maven/current/lib/maven-repository-metadata-3.9.9.jar
---------------------------------------------------
Exception in thread "main" BUG! exception in phase 'semantic analysis' in source unit 'inlineScript' Unsupported class file major version 69
	at org.codehaus.groovy.control.CompilationUnit$ISourceUnitOperation.doPhaseOperation(CompilationUnit.java:901)
	at org.codehaus.groovy.control.CompilationUnit.processPhaseOperations(CompilationUnit.java:692)
	at org.codehaus.groovy.control.CompilationUnit.compile(CompilationUnit.java:666)
	at groovy.lang.GroovyClassLoader.doParseClass(GroovyClassLoader.java:365)
	at groovy.lang.GroovyClassLoader.lambda$parseClass$2(GroovyClassLoader.java:314)
	at org.codehaus.groovy.runtime.memoize.StampedCommonCache.compute(StampedCommonCache.java:163)
	at org.codehaus.groovy.runtime.memoize.StampedCommonCache.getAndPut(StampedCommonCache.java:154)
	at groovy.lang.GroovyClassLoader.parseClass(GroovyClassLoader.java:314)
	at groovy.lang.GroovyShell.parseClass(GroovyShell.java:572)
	at groovy.lang.GroovyShell.parse(GroovyShell.java:585)
	at groovy.lang.GroovyShell.parse(GroovyShell.java:639)
	at groovy.lang.GroovyShell.parse(GroovyShell.java:643)
	at com.cloudbees.maven.license.ProcessMojo.execute(ProcessMojo.java:154)
	at org.apache.maven.plugin.DefaultBuildPluginManager.executeMojo(DefaultBuildPluginManager.java:126)
	at org.apache.maven.lifecycle.internal.MojoExecutor.doExecute2(MojoExecutor.java:328)
	at org.apache.maven.lifecycle.internal.MojoExecutor.doExecute(MojoExecutor.java:316)
	at org.apache.maven.lifecycle.internal.MojoExecutor.execute(MojoExecutor.java:212)
	at org.apache.maven.lifecycle.internal.MojoExecutor.execute(MojoExecutor.java:174)
	at org.apache.maven.lifecycle.internal.MojoExecutor.access$000(MojoExecutor.java:75)
	at org.apache.maven.lifecycle.internal.MojoExecutor$1.run(MojoExecutor.java:162)
	at org.apache.maven.plugin.DefaultMojosExecutionStrategy.execute(DefaultMojosExecutionStrategy.java:39)
	at org.apache.maven.lifecycle.internal.MojoExecutor.execute(MojoExecutor.java:159)
	at org.apache.maven.lifecycle.internal.LifecycleModuleBuilder.buildProject(LifecycleModuleBuilder.java:105)
	at org.apache.maven.lifecycle.internal.LifecycleModuleBuilder.buildProject(LifecycleModuleBuilder.java:73)
	at org.apache.maven.lifecycle.internal.builder.singlethreaded.SingleThreadedBuilder.build(SingleThreadedBuilder.java:53)
	at org.apache.maven.lifecycle.internal.LifecycleStarter.execute(LifecycleStarter.java:118)
	at org.apache.maven.DefaultMaven.doExecute(DefaultMaven.java:261)
	at org.apache.maven.DefaultMaven.doExecute(DefaultMaven.java:173)
	at org.apache.maven.DefaultMaven.execute(DefaultMaven.java:101)
	at org.apache.maven.cli.MavenCli.execute(MavenCli.java:906)
	at org.apache.maven.cli.MavenCli.doMain(MavenCli.java:283)
	at org.apache.maven.cli.MavenCli.main(MavenCli.java:206)
	at java.base/jdk.internal.reflect.DirectMethodHandleAccessor.invoke(DirectMethodHandleAccessor.java:104)
	at java.base/java.lang.reflect.Method.invoke(Method.java:565)
	at org.codehaus.plexus.classworlds.launcher.Launcher.launchEnhanced(Launcher.java:255)
	at org.codehaus.plexus.classworlds.launcher.Launcher.launch(Launcher.java:201)
	at org.codehaus.plexus.classworlds.launcher.Launcher.mainWithExitCode(Launcher.java:361)
	at org.codehaus.plexus.classworlds.launcher.Launcher.main(Launcher.java:314)
Caused by: java.lang.IllegalArgumentException: Unsupported class file major version 69
	at groovyjarjarasm.asm.ClassReader.<init>(ClassReader.java:200)
	at groovyjarjarasm.asm.ClassReader.<init>(ClassReader.java:180)
	at groovyjarjarasm.asm.ClassReader.<init>(ClassReader.java:166)
	at groovyjarjarasm.asm.ClassReader.<init>(ClassReader.java:288)
	at org.codehaus.groovy.ast.decompiled.AsmDecompiler.parseClass(AsmDecompiler.java:83)
	at org.codehaus.groovy.control.ClassNodeResolver.findDecompiled(ClassNodeResolver.java:255)
	at org.codehaus.groovy.control.ClassNodeResolver.tryAsLoaderClassOrScript(ClassNodeResolver.java:193)
	at org.codehaus.groovy.control.ClassNodeResolver.findClassNode(ClassNodeResolver.java:175)
	at org.codehaus.groovy.control.ClassNodeResolver.resolveName(ClassNodeResolver.java:129)
	at org.codehaus.groovy.control.ResolveVisitor.resolveToOuter(ResolveVisitor.java:782)
	at org.codehaus.groovy.control.ResolveVisitor.resolve(ResolveVisitor.java:423)
	at org.codehaus.groovy.control.ResolveVisitor.resolveFromDefaultImports(ResolveVisitor.java:577)
	at org.codehaus.groovy.control.ResolveVisitor.resolveFromDefaultImports(ResolveVisitor.java:541)
	at org.codehaus.groovy.control.ResolveVisitor.resolve(ResolveVisitor.java:422)
	at org.codehaus.groovy.control.ResolveVisitor.resolve(ResolveVisitor.java:384)
	at org.codehaus.groovy.control.ResolveVisitor.resolveOrFail(ResolveVisitor.java:352)
	at org.codehaus.groovy.control.ResolveVisitor.resolveOrFail(ResolveVisitor.java:341)
	at org.codehaus.groovy.control.ResolveVisitor.resolveOrFail(ResolveVisitor.java:337)
	at org.codehaus.groovy.control.ResolveVisitor.transform(ResolveVisitor.java:817)
	at org.codehaus.groovy.control.ResolveVisitor.transformDeclarationExpression(ResolveVisitor.java:1173)
	at org.codehaus.groovy.control.ResolveVisitor.transform(ResolveVisitor.java:805)
	at org.codehaus.groovy.ast.ClassCodeExpressionTransformer.visitExpressionStatement(ClassCodeExpressionTransformer.java:129)
	at org.codehaus.groovy.ast.stmt.ExpressionStatement.visit(ExpressionStatement.java:41)
	at org.codehaus.groovy.ast.CodeVisitorSupport.visitBlockStatement(CodeVisitorSupport.java:86)
	at org.codehaus.groovy.ast.ClassCodeVisitorSupport.visitBlockStatement(ClassCodeVisitorSupport.java:168)
	at org.codehaus.groovy.control.ResolveVisitor.visitBlockStatement(ResolveVisitor.java:1386)
	at org.codehaus.groovy.ast.stmt.BlockStatement.visit(BlockStatement.java:72)
	at org.codehaus.groovy.control.ResolveVisitor.transformClosureExpression(ResolveVisitor.java:1125)
	at org.codehaus.groovy.control.ResolveVisitor.transform(ResolveVisitor.java:811)
	at org.codehaus.groovy.ast.expr.Expression.transformExpressions(Expression.java:49)
	at org.codehaus.groovy.ast.expr.ArgumentListExpression.transformExpression(ArgumentListExpression.java:67)
	at org.codehaus.groovy.control.ResolveVisitor.transform(ResolveVisitor.java:818)
	at org.codehaus.groovy.control.ResolveVisitor.transformMethodCallExpression(ResolveVisitor.java:1147)
	at org.codehaus.groovy.control.ResolveVisitor.transform(ResolveVisitor.java:809)
	at org.codehaus.groovy.ast.ClassCodeExpressionTransformer.visitExpressionStatement(ClassCodeExpressionTransformer.java:129)
	at org.codehaus.groovy.ast.stmt.ExpressionStatement.visit(ExpressionStatement.java:41)
	at org.codehaus.groovy.ast.CodeVisitorSupport.visitBlockStatement(CodeVisitorSupport.java:86)
	at org.codehaus.groovy.ast.ClassCodeVisitorSupport.visitBlockStatement(ClassCodeVisitorSupport.java:168)
	at org.codehaus.groovy.control.ResolveVisitor.visitBlockStatement(ResolveVisitor.java:1386)
	at org.codehaus.groovy.ast.stmt.BlockStatement.visit(BlockStatement.java:72)
	at org.codehaus.groovy.ast.ClassCodeVisitorSupport.visitClassCodeContainer(ClassCodeVisitorSupport.java:142)
	at org.codehaus.groovy.ast.ClassCodeVisitorSupport.visitConstructorOrMethod(ClassCodeVisitorSupport.java:115)
	at org.codehaus.groovy.ast.ClassCodeExpressionTransformer.visitConstructorOrMethod(ClassCodeExpressionTransformer.java:87)
	at org.codehaus.groovy.control.ResolveVisitor.visitConstructorOrMethod(ResolveVisitor.java:329)
	at org.codehaus.groovy.ast.ClassCodeVisitorSupport.visitMethod(ClassCodeVisitorSupport.java:110)
	at org.codehaus.groovy.ast.ClassNode.visitMethods(ClassNode.java:1132)
	at org.codehaus.groovy.ast.ClassNode.visitContents(ClassNode.java:1125)
	at org.codehaus.groovy.control.ResolveVisitor.visitClass(ResolveVisitor.java:1315)
	at org.codehaus.groovy.control.ResolveVisitor.startResolving(ResolveVisitor.java:258)
	at org.codehaus.groovy.control.CompilationUnit.lambda$addPhaseOperations$4(CompilationUnit.java:218)
	at org.codehaus.groovy.control.CompilationUnit$ISourceUnitOperation.doPhaseOperation(CompilationUnit.java:897)
	... 37 more
