WARNING: A terminally deprecated method in sun.misc.Unsafe has been called
WARNING: sun.misc.Unsafe::staticFieldBase has been called by com.google.inject.internal.aop.HiddenClassDefiner (file:/home/poddingue/.sdkman/candidates/maven/current/lib/guice-5.1.0-classes.jar)
WARNING: Please consider reporting this to the maintainers of class com.google.inject.internal.aop.HiddenClassDefiner
WARNING: sun.misc.Unsafe::staticFieldBase will be removed in a future release
[INFO] Scanning for projects...
[INFO] 
[INFO] Using the MultiThreadedBuilder implementation with a thread count of 4
[INFO] 
[INFO] -------------------< org.jenkins-ci.plugins:jquery >--------------------
[INFO] Building jQuery plugin 1.12.4-4-SNAPSHOT
[INFO]   from pom.xml
[INFO] --------------------------------[ hpi ]---------------------------------
[INFO] 
[INFO] --- clean:3.4.0:clean (default-clean) @ jquery ---
[INFO] 
[INFO] --- hpi:3.57:validate (default-validate) @ jquery ---
[INFO] Created marker file /tmp/plugin-builds/jquery/target/java-level/11
[INFO] 
[INFO] --- hpi:3.57:validate-hpi (default-validate-hpi) @ jquery ---
[INFO] 
[INFO] --- enforcer:3.5.0:enforce (display-info) @ jquery ---
[INFO] Rule 0: io.jenkins.tools.incrementals.enforcer.RequireExtensionVersion passed
[INFO] Rule 1: org.apache.maven.enforcer.rules.version.RequireMavenVersion passed
[INFO] Rule 2: org.apache.maven.enforcer.rules.version.RequireJavaVersion passed
[INFO] Rule 3: org.codehaus.mojo.extraenforcer.dependencies.EnforceBytecodeVersion passed
[INFO] Rule 4: org.apache.maven.enforcer.rules.dependency.BannedDependencies passed
[INFO] Rule 5: org.apache.maven.enforcer.rules.dependency.RequireUpperBoundDeps passed
[INFO] 
[INFO] --- enforcer:3.5.0:enforce (no-snapshots-in-release) @ jquery ---
[INFO] Rule 0: org.apache.maven.enforcer.rules.dependency.RequireReleaseDeps passed
[INFO] 
[INFO] --- localizer:1.31:generate (default) @ jquery ---
[INFO] 
[INFO] --- resources:3.3.1:resources (default-resources) @ jquery ---
[INFO] Copying 19 resources from src/main/resources to target/classes
[INFO] 
[INFO] --- flatten:1.6.0:flatten (flatten) @ jquery ---
[INFO] Generating flattened POM of project org.jenkins-ci.plugins:jquery:hpi:1.12.4-4-SNAPSHOT...
[INFO] 
[INFO] --- compiler:3.13.0:compile (default-compile) @ jquery ---
[INFO] Recompiling the module because of changed source code.
[INFO] Compiling 1 source file with javac [debug parameters release 11] to target/classes
[INFO] hudson.plugins.jquery.JQuery indexed under hudson.Extension
[INFO] /tmp/plugin-builds/jquery/src/main/java/hudson/plugins/jquery/JQuery.java: /tmp/plugin-builds/jquery/src/main/java/hudson/plugins/jquery/JQuery.java uses or overrides a deprecated API.
[INFO] /tmp/plugin-builds/jquery/src/main/java/hudson/plugins/jquery/JQuery.java: Recompile with -Xlint:deprecation for details.
[INFO] 
[INFO] --- access-modifier-checker:1.33:enforce (default-enforce) @ jquery ---
[INFO] 
[INFO] --- hpi:3.57:insert-test (default-insert-test) @ jquery ---
[INFO] 
[INFO] --- antrun:3.1.0:run (createTempDir) @ jquery ---
[INFO] Executing tasks
[INFO]     [mkdir] Created dir: /tmp/plugin-builds/jquery/target/tmp
[INFO] Executed tasks
[INFO] 
[INFO] --- resources:3.3.1:testResources (default-testResources) @ jquery ---
[INFO] Not copying test resources
[INFO] 
[INFO] --- compiler:3.13.0:testCompile (default-testCompile) @ jquery ---
[INFO] Not compiling test sources
[INFO] 
[INFO] --- hpi:3.57:test-hpl (default-test-hpl) @ jquery ---
[INFO] Generating /tmp/plugin-builds/jquery/target/test-classes/the.hpl
[INFO] 
[INFO] --- hpi:3.57:resolve-test-dependencies (default-resolve-test-dependencies) @ jquery ---
[INFO] 
[INFO] --- hpi:3.57:test-runtime (default-test-runtime) @ jquery ---
[INFO] Tests are skipped.
[INFO] 
[INFO] --- surefire:3.5.0:test (default-test) @ jquery ---
[INFO] Tests are skipped.
[INFO] 
[INFO] --- license:139.v9b_5625f30dcb_:process (default) @ jquery ---
[INFO] ------------------------------------------------------------------------
[INFO] BUILD FAILURE
[INFO] ------------------------------------------------------------------------
[INFO] Total time:  17.434 s (Wall Clock)
[INFO] Finished at: 2025-09-01T09:27:50+02:00
[INFO] ------------------------------------------------------------------------
[ERROR] BUG! exception in phase 'semantic analysis' in source unit 'inlineScript' Unsupported class file major version 69 -> [Help 1]
[ERROR] BUG! exception in phase 'semantic analysis' in source unit 'inlineScript' Unsupported class file major version 69
[ERROR] 
[ERROR] To see the full stack trace of the errors, re-run Maven with the -e switch.
[ERROR] Re-run Maven using the -X switch to enable full debug logging.
[ERROR] 
[ERROR] For more information about the errors and possible solutions, please read the following articles:
[ERROR] [Help 1] http://cwiki.apache.org/confluence/display/MAVEN/GroovyBugError
