WARNING: A terminally deprecated method in sun.misc.Unsafe has been called
WARNING: sun.misc.Unsafe::staticFieldBase has been called by com.google.inject.internal.aop.HiddenClassDefiner (file:/home/poddingue/.sdkman/candidates/maven/current/lib/guice-5.1.0-classes.jar)
WARNING: Please consider reporting this to the maintainers of class com.google.inject.internal.aop.HiddenClassDefiner
WARNING: sun.misc.Unsafe::staticFieldBase will be removed in a future release
[INFO] Scanning for projects...
[INFO] 
[INFO] Using the MultiThreadedBuilder implementation with a thread count of 4
[INFO] 
[INFO] ------------< org.jenkinsci.plugins:kubernetes-credentials >------------
[INFO] Building Kubernetes Credentials Plugin 999999-SNAPSHOT
[INFO]   from pom.xml
[INFO] --------------------------------[ hpi ]---------------------------------
[INFO] 
[INFO] --- clean:3.5.0:clean (default-clean) @ kubernetes-credentials ---
[INFO] 
[INFO] --- hpi:3.66:validate (default-validate) @ kubernetes-credentials ---
[INFO] Created marker file /tmp/plugin-builds/kubernetes-credentials/target/java-level/17
[INFO] 
[INFO] --- hpi:3.66:validate-hpi (default-validate-hpi) @ kubernetes-credentials ---
[INFO] 
[INFO] --- enforcer:3.5.0:enforce (display-info) @ kubernetes-credentials ---
[INFO] Rule 0: io.jenkins.tools.incrementals.enforcer.RequireExtensionVersion passed
[INFO] Rule 1: org.apache.maven.enforcer.rules.version.RequireMavenVersion passed
[INFO] Rule 2: org.apache.maven.enforcer.rules.version.RequireJavaVersion passed
[INFO] Rule 3: org.codehaus.mojo.extraenforcer.dependencies.EnforceBytecodeVersion passed
[INFO] Rule 4: org.apache.maven.enforcer.rules.dependency.BannedDependencies passed
[INFO] Rule 5: org.apache.maven.enforcer.rules.dependency.BannedDependencies passed
[INFO] Rule 6: org.apache.maven.enforcer.rules.dependency.RequireUpperBoundDeps passed
[INFO] 
[INFO] --- enforcer:3.5.0:enforce (no-snapshots-in-release) @ kubernetes-credentials ---
[INFO] Rule 0: org.apache.maven.enforcer.rules.dependency.RequireReleaseDeps passed
[INFO] 
[INFO] --- jacoco:0.8.13:prepare-agent (prepare-agent) @ kubernetes-credentials ---
[INFO] argLine set to -javaagent:/home/poddingue/.m2/repository/org/jacoco/org.jacoco.agent/0.8.13/org.jacoco.agent-0.8.13-runtime.jar=destfile=/tmp/plugin-builds/kubernetes-credentials/target/jacoco.exec -Xms768M -Xmx768M -XX:+HeapDumpOnOutOfMemoryError -XX:+TieredCompilation -XX:TieredStopAtLevel=1 @{jenkins.addOpens} @{jenkins.insaneHook} @{jenkins.javaAgent}
[INFO] 
[INFO] --- localizer:1.31:generate (default) @ kubernetes-credentials ---
[INFO] 
[INFO] --- resources:3.3.1:resources (default-resources) @ kubernetes-credentials ---
[INFO] Copying 3 resources from src/main/resources to target/classes
[INFO] 
[INFO] --- flatten:1.7.1:flatten (flatten) @ kubernetes-credentials ---
[INFO] Generating flattened POM of project org.jenkinsci.plugins:kubernetes-credentials:hpi:999999-SNAPSHOT...
[INFO] 
[INFO] --- compiler:3.14.0:compile (default-compile) @ kubernetes-credentials ---
[INFO] Recompiling the module because of changed source code.
[INFO] Compiling 21 source files with javac [debug parameters release 17] to target/classes
[WARNING] unknown enum constant javax.annotation.meta.When.ALWAYS
  reason: class file for javax.annotation.meta.When not found
[INFO] org.jenkinsci.plugins.kubernetes.credentials.FileSystemServiceAccountCredential.DescriptorImpl indexed under hudson.Extension
[INFO] org.jenkinsci.plugins.kubernetes.credentials.OpenShiftBearerTokenCredentialImpl.DescriptorImpl indexed under hudson.Extension
[INFO] org.jenkinsci.plugins.kubernetes.tokensource.DockerServerCredentialsTokenSource indexed under hudson.Extension
[INFO] org.jenkinsci.plugins.kubernetes.tokensource.FileCredentialsTokenSource indexed under hudson.Extension
[INFO] org.jenkinsci.plugins.kubernetes.tokensource.GoogleRobotCredentialsTokenSource indexed under hudson.Extension
[INFO] org.jenkinsci.plugins.kubernetes.tokensource.StandardCertificateCredentialsTokenSource indexed under hudson.Extension
[INFO] org.jenkinsci.plugins.kubernetes.tokensource.StringCredentialsTokenSource indexed under hudson.Extension
[INFO] org.jenkinsci.plugins.kubernetes.tokensource.UsernamePasswordCredentialsTokenSource indexed under hudson.Extension
[INFO] /tmp/plugin-builds/kubernetes-credentials/src/main/java/org/jenkinsci/plugins/kubernetes/credentials/FileSystemServiceAccountCredential.java:[34,12] Generating org/jenkinsci/plugins/kubernetes/credentials/FileSystemServiceAccountCredential.stapler
[INFO] /tmp/plugin-builds/kubernetes-credentials/src/main/java/org/jenkinsci/plugins/kubernetes/credentials/OpenShiftBearerTokenCredentialImpl.java:[51,12] Generating org/jenkinsci/plugins/kubernetes/credentials/OpenShiftBearerTokenCredentialImpl.stapler
[INFO] /tmp/plugin-builds/kubernetes-credentials/src/main/java/org/jenkinsci/plugins/kubernetes/credentials/OpenShiftBearerTokenCredentialImpl.java:[179,31] Generating org/jenkinsci/plugins/kubernetes/credentials/OpenShiftBearerTokenCredentialImpl/DescriptorImpl/doCheckPassword.stapler
[WARNING] unknown enum constant javax.annotation.meta.When.ALWAYS
  reason: class file for javax.annotation.meta.When not found
[WARNING] unknown enum constant javax.annotation.meta.When.ALWAYS
  reason: class file for javax.annotation.meta.When not found
[INFO] 
[INFO] --- access-modifier-checker:1.35:enforce (default-enforce) @ kubernetes-credentials ---
[INFO] 
[INFO] --- bridge-method-injector:1.31:process (default) @ kubernetes-credentials ---
[INFO] 
[INFO] --- hpi:3.66:insert-test (default-insert-test) @ kubernetes-credentials ---
[INFO] 
[INFO] --- antrun:3.1.0:run (createTempDir) @ kubernetes-credentials ---
[INFO] Executing tasks
[INFO]     [mkdir] Created dir: /tmp/plugin-builds/kubernetes-credentials/target/tmp
[INFO] Executed tasks
[INFO] 
[INFO] --- resources:3.3.1:testResources (default-testResources) @ kubernetes-credentials ---
[INFO] Not copying test resources
[INFO] 
[INFO] --- compiler:3.14.0:testCompile (default-testCompile) @ kubernetes-credentials ---
[INFO] Not compiling test sources
[INFO] 
[INFO] --- hpi:3.66:test-hpl (default-test-hpl) @ kubernetes-credentials ---
[INFO] Generating /tmp/plugin-builds/kubernetes-credentials/target/test-classes/the.hpl
[INFO] 
[INFO] --- hpi:3.66:resolve-test-dependencies (default-resolve-test-dependencies) @ kubernetes-credentials ---
[INFO] 
[INFO] --- hpi:3.66:test-runtime (default-test-runtime) @ kubernetes-credentials ---
[INFO] Tests are skipped.
[INFO] 
[INFO] --- surefire:3.5.3:test (default-test) @ kubernetes-credentials ---
[INFO] Tests are skipped.
[INFO] 
[INFO] --- license:165.v7e11f4e4a_325:process (default) @ kubernetes-credentials ---
[INFO] ------------------------------------------------------------------------
[INFO] BUILD FAILURE
[INFO] ------------------------------------------------------------------------
[INFO] Total time:  29.529 s (Wall Clock)
[INFO] Finished at: 2025-09-01T09:37:46+02:00
[INFO] ------------------------------------------------------------------------
[ERROR] BUG! exception in phase 'semantic analysis' in source unit 'inlineScript' Unsupported class file major version 69 -> [Help 1]
[ERROR] BUG! exception in phase 'semantic analysis' in source unit 'inlineScript' Unsupported class file major version 69
[ERROR] 
[ERROR] To see the full stack trace of the errors, re-run Maven with the -e switch.
[ERROR] Re-run Maven using the -X switch to enable full debug logging.
[ERROR] 
[ERROR] For more information about the errors and possible solutions, please read the following articles:
[ERROR] [Help 1] http://cwiki.apache.org/confluence/display/MAVEN/GroovyBugError
