WARNING: A terminally deprecated method in sun.misc.Unsafe has been called
WARNING: sun.misc.Unsafe::staticFieldBase has been called by com.google.inject.internal.aop.HiddenClassDefiner (file:/home/poddingue/.sdkman/candidates/maven/current/lib/guice-5.1.0-classes.jar)
WARNING: Please consider reporting this to the maintainers of class com.google.inject.internal.aop.HiddenClassDefiner
WARNING: sun.misc.Unsafe::staticFieldBase will be removed in a future release
[INFO] Scanning for projects...
[INFO] 
[INFO] Using the MultiThreadedBuilder implementation with a thread count of 4
[INFO] 
[INFO] -------------< org.jenkins-ci.plugins:localization-zh-cn >--------------
[INFO] Building Localization: Chinese (Simplified) 999999-SNAPSHOT
[INFO]   from pom.xml
[INFO] --------------------------------[ hpi ]---------------------------------
[INFO] 
[INFO] --- clean:3.4.0:clean (default-clean) @ localization-zh-cn ---
[INFO] 
[INFO] --- hpi:3.56:validate (default-validate) @ localization-zh-cn ---
[INFO] Created marker file /tmp/plugin-builds/localization-zh-cn/target/java-level/11
[INFO] 
[INFO] --- hpi:3.56:validate-hpi (default-validate-hpi) @ localization-zh-cn ---
[INFO] 
[INFO] --- enforcer:3.5.0:enforce (display-info) @ localization-zh-cn ---
[INFO] Rule 0: io.jenkins.tools.incrementals.enforcer.RequireExtensionVersion passed
[INFO] Rule 1: org.apache.maven.enforcer.rules.version.RequireMavenVersion passed
[INFO] Rule 2: org.apache.maven.enforcer.rules.version.RequireJavaVersion passed
[INFO] Rule 3: org.codehaus.mojo.extraenforcer.dependencies.EnforceBytecodeVersion passed
[INFO] Rule 4: org.apache.maven.enforcer.rules.dependency.BannedDependencies passed
[INFO] Rule 5: org.apache.maven.enforcer.rules.dependency.RequireUpperBoundDeps passed
[INFO] 
[INFO] --- enforcer:3.5.0:enforce (no-snapshots-in-release) @ localization-zh-cn ---
[INFO] Rule 0: org.apache.maven.enforcer.rules.dependency.RequireReleaseDeps passed
[INFO] 
[INFO] --- localizer:1.31:generate (default) @ localization-zh-cn ---
[INFO] 
[INFO] --- resources:3.3.1:resources (default-resources) @ localization-zh-cn ---
[INFO] Copying 10 resources from plugins/bitbucket-branch-source-plugin/src/main/resources to target/classes
[INFO] Copying 2 resources from plugins/bitbucket-build-status-notifier-plugin/src/main/resources to target/classes
[INFO] Copying 1 resource from plugins/bitbucket-plugin/src/main/resources to target/classes
[INFO] Copying 6 resources from plugins/branch-api-plugin/src/main/resources to target/classes
[INFO] Copying 7 resources from plugins/credentials-binding-plugin/src/main/resources to target/classes
[INFO] Copying 36 resources from plugins/credentials-plugin/src/main/resources to target/classes
[INFO] Copying 3 resources from plugins/credentials-plugin/src/main/webapp to target/classes/webapp
[INFO] Copying 1 resource from plugins/customize-build-now-plugin/src/main/resources to target/classes
[INFO] Copying 18 resources from plugins/cloudbees-folder-plugin/src/main/resources to target/classes
[INFO] Copying 14 resources from plugins/git-plugin/src/main/resources to target/classes
[INFO] Copying 30 resources from plugins/github-branch-source-plugin/src/main/resources to target/classes
[INFO] Copying 16 resources from plugins/gitlab-branch-source-plugin/src/main/resources to target/classes
[INFO] Copying 24 resources from plugins/kubernetes-plugin/src/main/resources to target/classes
[INFO] Copying 8 resources from plugins/cmakebuilder-plugin/src/main/resources to target/classes
[INFO] Copying 6 resources from plugins/code-coverage-api-plugin/src/main/resources to target/classes
[INFO] Copying 4 resources from plugins/configuration-as-code-plugin/src/main/resources to target/classes
[INFO] Copying 1 resource from plugins/alauda-devops-sync-plugin/src/main/resources to target/classes
[INFO] Copying 1 resource from plugins/ldap-plugin/src/main/resources to target/classes
[INFO] skip non existing resourceDirectory /tmp/plugin-builds/localization-zh-cn/plugins/locale-plugin/src/main/resources
[INFO] Copying 9 resources from plugins/mailer-plugin/src/main/resources to target/classes
[INFO] Copying 5 resources from plugins/matrix-auth-plugin/src/main/resources to target/classes
[INFO] Copying 1 resource from plugins/pam-auth-plugin/src/main/resources to target/classes
[INFO] Copying 2 resources from plugins/translation-plugin/src/main/resources to target/classes
[INFO] Copying 3 resources from plugins/hugo-plugin/src/main/resources to target/classes
[INFO] Copying 2 resources from plugins/job-restrictions-plugin/src/main/resources to target/classes
[INFO] Copying 18 resources from plugins/workflow-basic-steps-plugin/src/main/resources to target/classes
[INFO] Copying 14 resources from plugins/workflow-cps-plugin/src/main/resources to target/classes
[INFO] Copying 10 resources from plugins/workflow-job-plugin/src/main/resources to target/classes
[INFO] Copying 3 resources from plugins/workflow-multibranch-plugin/src/main/resources to target/classes
[INFO] Copying 3 resources from plugins/workflow-support-plugin/src/main/resources to target/classes
[INFO] Copying 4 resources from plugins/pipeline-input-step-plugin/src/main/resources to target/classes
[INFO] skip non existing resourceDirectory /tmp/plugin-builds/localization-zh-cn/plugins/pipeline-model-definition-plugin/src/main/resources
[INFO] Copying 2 resources from plugins/pipeline-stage-view-plugin/ui/src/main/resources to target/classes
[INFO] Copying 6 resources from plugins/priority-sorter-plugin/src/main/resources to target/classes
[INFO] Copying 13 resources from plugins/role-strategy-plugin/src/main/resources to target/classes
[INFO] Copying 9 resources from plugins/scm-api-plugin/src/main/resources to target/classes
[INFO] Copying 4 resources from plugins/ssh-slaves-plugin/src/main/resources to target/classes
[INFO] Copying 2 resources from plugins/subversion-plugin/src/main/resources to target/classes
[INFO] Copying 7 resources from plugins/timestamper-plugin/src/main/resources to target/classes
[INFO] Copying 395 resources from core/src/main/resources to target/classes
[INFO] Copying 34 resources from core/src/main/webapp to target/classes
[INFO] Copying 5 resources from src/main/resources to target/classes
[INFO] skip non existing resourceDirectory /tmp/plugin-builds/localization-zh-cn/plugins/ws-cleanup-plugin/main/resources
[INFO] Copying 6 resources from plugins/git-parameter-plugin/src/main/resources to target/classes
[INFO] Copying 1 resource from plugins/label-verifier-plugin/src/main/resources to target/classes
[INFO] 
[INFO] --- flatten:1.6.0:flatten (flatten) @ localization-zh-cn ---
[INFO] Generating flattened POM of project org.jenkins-ci.plugins:localization-zh-cn:hpi:999999-SNAPSHOT...
[INFO] 
[INFO] --- compiler:3.13.0:compile (default-compile) @ localization-zh-cn ---
[INFO] Recompiling the module because of changed source code.
[INFO] Compiling 5 source files with javac [debug parameters release 11] to target/classes
[INFO] io.jenkins.plugins.localization_zh_cn.CommunityDecorator indexed under hudson.Extension
[INFO] io.jenkins.plugins.localization_zh_cn.CommunityPage indexed under hudson.Extension
[INFO] io.jenkins.plugins.localization_zh_cn.LocalizationContributorImpl indexed under hudson.Extension
[INFO] io.jenkins.plugins.localization_zh_cn.UpdateCenterAction indexed under hudson.Extension
[INFO] io.jenkins.plugins.localization_zh_cn.UserCommunityProperty.DescriptorImpl indexed under hudson.Extension
[INFO] 
[INFO] --- access-modifier-checker:1.33:enforce (default-enforce) @ localization-zh-cn ---
[INFO] 
[INFO] --- hpi:3.56:insert-test (default-insert-test) @ localization-zh-cn ---
[INFO] 
[INFO] --- antrun:3.1.0:run (createTempDir) @ localization-zh-cn ---
[INFO] Executing tasks
[INFO]     [mkdir] Created dir: /tmp/plugin-builds/localization-zh-cn/target/tmp
[INFO] Executed tasks
[INFO] 
[INFO] --- resources:3.3.1:testResources (default-testResources) @ localization-zh-cn ---
[INFO] Not copying test resources
[INFO] 
[INFO] --- compiler:3.13.0:testCompile (default-testCompile) @ localization-zh-cn ---
[INFO] Not compiling test sources
[INFO] 
[INFO] --- hpi:3.56:test-hpl (default-test-hpl) @ localization-zh-cn ---
[INFO] Generating /tmp/plugin-builds/localization-zh-cn/target/test-classes/the.hpl
[INFO] 
[INFO] --- hpi:3.56:resolve-test-dependencies (default-resolve-test-dependencies) @ localization-zh-cn ---
[INFO] 
[INFO] --- hpi:3.56:test-runtime (default-test-runtime) @ localization-zh-cn ---
[INFO] Tests are skipped.
[INFO] 
[INFO] --- surefire:3.3.1:test (default-test) @ localization-zh-cn ---
[INFO] Tests are skipped.
[INFO] 
[INFO] --- license:139.v9b_5625f30dcb_:process (default) @ localization-zh-cn ---
[INFO] ------------------------------------------------------------------------
[INFO] BUILD FAILURE
[INFO] ------------------------------------------------------------------------
[INFO] Total time:  17.331 s (Wall Clock)
[INFO] Finished at: 2025-09-01T09:30:50+02:00
[INFO] ------------------------------------------------------------------------
[ERROR] BUG! exception in phase 'semantic analysis' in source unit 'inlineScript' Unsupported class file major version 69 -> [Help 1]
[ERROR] BUG! exception in phase 'semantic analysis' in source unit 'inlineScript' Unsupported class file major version 69
[ERROR] 
[ERROR] To see the full stack trace of the errors, re-run Maven with the -e switch.
[ERROR] Re-run Maven using the -X switch to enable full debug logging.
[ERROR] 
[ERROR] For more information about the errors and possible solutions, please read the following articles:
[ERROR] [Help 1] http://cwiki.apache.org/confluence/display/MAVEN/GroovyBugError
