WARNING: A restricted method in java.lang.System has been called
WARNING: java.lang.System::load has been called by org.fusesource.jansi.internal.JansiLoader in an unnamed module (file:/home/poddingue/.sdkman/candidates/maven/current/lib/jansi-2.4.1.jar)
WARNING: Use --enable-native-access=ALL-UNNAMED to avoid a warning for callers in this module
WARNING: Restricted methods will be blocked in a future release unless native access is enabled

WARNING: A terminally deprecated method in sun.misc.Unsafe has been called
WARNING: sun.misc.Unsafe::objectFieldOffset has been called by com.google.common.util.concurrent.AbstractFuture$UnsafeAtomicHelper (file:/home/poddingue/.sdkman/candidates/maven/current/lib/guava-33.2.1-jre.jar)
WARNING: Please consider reporting this to the maintainers of class com.google.common.util.concurrent.AbstractFuture$UnsafeAtomicHelper
WARNING: sun.misc.Unsafe::objectFieldOffset will be removed in a future release
[INFO] Scanning for projects...
[INFO] 
[INFO] ------------------< org.jenkins-ci.main:maven-plugin >------------------
[INFO] Building Maven Integration plugin 3.27-SNAPSHOT
[INFO]   from pom.xml
[INFO] --------------------------------[ hpi ]---------------------------------
[INFO] 
[INFO] --- clean:3.4.1:clean (default-clean) @ maven-plugin ---
[INFO] 
[INFO] --- hpi:3.65:validate (default-validate) @ maven-plugin ---
[INFO] Created marker file /tmp/plugin-builds/maven-plugin/target/java-level/17
[INFO] 
[INFO] --- hpi:3.65:validate-hpi (default-validate-hpi) @ maven-plugin ---
[INFO] 
[INFO] --- enforcer:3.5.0:enforce (display-info) @ maven-plugin ---
[INFO] Rule 0: io.jenkins.tools.incrementals.enforcer.RequireExtensionVersion passed
[INFO] Rule 1: org.apache.maven.enforcer.rules.version.RequireMavenVersion passed
[INFO] Rule 2: org.apache.maven.enforcer.rules.version.RequireJavaVersion passed
[INFO] Rule 3: org.codehaus.mojo.extraenforcer.dependencies.EnforceBytecodeVersion passed
[INFO] Rule 4: org.apache.maven.enforcer.rules.dependency.BannedDependencies passed
[INFO] Rule 5: org.apache.maven.enforcer.rules.dependency.BannedDependencies passed
[INFO] Ignoring requireUpperBoundDeps in com.google.code.findbugs:jsr305
[INFO] Ignoring requireUpperBoundDeps in org.ow2.asm:asm
[INFO] Rule 6: org.apache.maven.enforcer.rules.dependency.RequireUpperBoundDeps passed
[INFO] 
[INFO] --- enforcer:3.5.0:enforce (no-snapshots-in-release) @ maven-plugin ---
[INFO] Rule 0: org.apache.maven.enforcer.rules.dependency.RequireReleaseDeps passed
[INFO] 
[INFO] --- enforcer:3.5.0:enforce (ensure-no-duplicated-classes) @ maven-plugin ---
[INFO] Rule 0: org.apache.maven.enforcer.rules.dependency.BannedDependencies passed
[INFO] 
[INFO] --- enforcer:3.5.0:enforce (enforce-banned-dependencies) @ maven-plugin ---
[INFO] Rule 0: org.apache.maven.enforcer.rules.dependency.BannedDependencies passed
[INFO] 
[INFO] --- localizer:1.31:generate (default) @ maven-plugin ---
[INFO] 
[INFO] --- enforcer:3.5.0:enforce (ban-commons-httpclient-3x) @ maven-plugin ---
[INFO] Rule 0: org.apache.maven.plugins.enforcer.RestrictImports passed
[INFO] 
[INFO] --- resources:3.3.1:resources (default-resources) @ maven-plugin ---
[INFO] Copying 324 resources from src/main/resources to target/classes
[INFO] 
[INFO] --- flatten:1.7.0:flatten (flatten) @ maven-plugin ---
[INFO] Generating flattened POM of project org.jenkins-ci.main:maven-plugin:hpi:3.27-SNAPSHOT...
[INFO] 
[INFO] --- compiler:3.14.0:compile (default-compile) @ maven-plugin ---
[INFO] Recompiling the module because of changed source code.
[INFO] Compiling 82 source files with javac [debug parameters release 17] to target/classes
[INFO] hudson.maven.AbstractMavenProcessFactory.UserInetTcpSocketHostLocator indexed under hudson.Extension
[INFO] hudson.maven.MavenModuleSet.DESCRIPTOR indexed under hudson.Extension
[INFO] hudson.maven.MavenTestDataPublisher.DescriptorImpl indexed under hudson.Extension
[INFO] hudson.maven.RedeployPublisher.DescriptorImpl indexed under hudson.Extension
[INFO] hudson.maven.local_repo.DefaultLocalRepositoryLocator.DescriptorImpl indexed under hudson.Extension
[INFO] hudson.maven.local_repo.PerExecutorLocalRepositoryLocator.DescriptorImpl indexed under hudson.Extension
[INFO] hudson.maven.local_repo.PerJobLocalRepositoryLocator.DescriptorImpl indexed under hudson.Extension
[INFO] hudson.maven.reporters.BuildInfoRecorder.DescriptorImpl indexed under hudson.Extension
[INFO] hudson.maven.reporters.MavenArtifactArchiver.DescriptorImpl indexed under hudson.Extension
[INFO] hudson.maven.reporters.MavenFingerprinter.DescriptorImpl indexed under hudson.Extension
[INFO] hudson.maven.reporters.MavenJavadocArchiver.DescriptorImpl indexed under hudson.Extension
[INFO] hudson.maven.reporters.MavenMailer.DescriptorImpl indexed under hudson.Extension
[INFO] hudson.maven.reporters.MavenSiteArchiver.DescriptorImpl indexed under hudson.Extension
[INFO] hudson.maven.reporters.MavenTestJavadocArchiver.DescriptorImpl indexed under hudson.Extension
[INFO] hudson.maven.reporters.SurefireArchiver.DescriptorImpl indexed under hudson.Extension
[INFO] /tmp/plugin-builds/maven-plugin/src/main/java/hudson/maven/RedeployPublisher.java:[115,12] Generating hudson/maven/RedeployPublisher.stapler
[INFO] /tmp/plugin-builds/maven-plugin/src/main/java/hudson/maven/local_repo/DefaultLocalRepositoryLocator.java:[18,12] Generating hudson/maven/local_repo/DefaultLocalRepositoryLocator.stapler
[INFO] /tmp/plugin-builds/maven-plugin/src/main/java/hudson/maven/local_repo/PerExecutorLocalRepositoryLocator.java:[15,12] Generating hudson/maven/local_repo/PerExecutorLocalRepositoryLocator.stapler
[INFO] /tmp/plugin-builds/maven-plugin/src/main/java/hudson/maven/local_repo/PerJobLocalRepositoryLocator.java:[17,12] Generating hudson/maven/local_repo/PerJobLocalRepositoryLocator.stapler
[INFO] /tmp/plugin-builds/maven-plugin/src/main/java/hudson/maven/reporters/MavenMailer.java:[59,34] Generating hudson/maven/reporters/MavenMailer.stapler
[INFO] /tmp/plugin-builds/maven-plugin/src/main/java/hudson/maven/reporters/MavenAbstractArtifactRecord.java:[82,18] Generating hudson/maven/reporters/MavenAbstractArtifactRecord/Record.javadoc
[INFO] /tmp/plugin-builds/maven-plugin/src/main/java/hudson/maven/reporters/MavenArtifactRecord.java:[64,8] Generating hudson/maven/reporters/MavenArtifactRecord.javadoc
[INFO] /tmp/plugin-builds/maven-plugin/src/main/java/hudson/maven/MavenModuleSet.java:[129,8] Generating hudson/maven/MavenModuleSet.javadoc
[INFO] /tmp/plugin-builds/maven-plugin/src/main/java/hudson/maven/MavenModuleSetBuild.java:[131,8] Generating hudson/maven/MavenModuleSetBuild.javadoc
[INFO] /tmp/plugin-builds/maven-plugin/src/main/java/hudson/maven/MavenBuild.java:[115,8] Generating hudson/maven/MavenBuild.javadoc
[INFO] /tmp/plugin-builds/maven-plugin/src/main/java/hudson/maven/reporters/MavenAbstractArtifactRecord.java:[80,17] Generating hudson/maven/reporters/MavenAbstractArtifactRecord.javadoc
[INFO] /tmp/plugin-builds/maven-plugin/src/main/java/hudson/maven/MavenModule.java:[79,8] Generating hudson/maven/MavenModule.javadoc
[INFO] /tmp/plugin-builds/maven-plugin/src/main/java/hudson/maven/reporters/MavenArtifact.java:[73,14] Generating hudson/maven/reporters/MavenArtifact.javadoc
[INFO] /tmp/plugin-builds/maven-plugin/src/main/java/hudson/maven/reporters/MavenAggregatedArtifactRecord.java:[53,8] Generating hudson/maven/reporters/MavenAggregatedArtifactRecord.javadoc
[INFO] /tmp/plugin-builds/maven-plugin/src/main/java/hudson/maven/MavenModuleSet.java:[1276,27] Generating hudson/maven/MavenModuleSet/doCheckFileInWorkspace.stapler
[INFO] /tmp/plugin-builds/maven-plugin/src/main/java/hudson/maven/reporters/MavenAbstractArtifactRecord.java:[215,31] Generating hudson/maven/reporters/MavenAbstractArtifactRecord/doRedeploy.stapler
[WARNING] /tmp/plugin-builds/maven-plugin/src/main/java/hudson/maven/MavenBuild.java:[469,27] deprecated item is not annotated with @Deprecated
[WARNING] /tmp/plugin-builds/maven-plugin/src/main/java/hudson/maven/MavenModule.java:[163,17] deprecated item is not annotated with @Deprecated
[WARNING] /tmp/plugin-builds/maven-plugin/src/main/java/hudson/maven/MavenModule.java:[472,21] deprecated item is not annotated with @Deprecated
[WARNING] /tmp/plugin-builds/maven-plugin/src/main/java/hudson/maven/MavenReporter.java:[270,19] deprecated item is not annotated with @Deprecated
[WARNING] /tmp/plugin-builds/maven-plugin/src/main/java/hudson/maven/MojoInfo.java:[86,23] deprecated item is not annotated with @Deprecated
[WARNING] /tmp/plugin-builds/maven-plugin/src/main/java/hudson/maven/MojoInfo.java:[231,18] deprecated item is not annotated with @Deprecated
[WARNING] /tmp/plugin-builds/maven-plugin/src/main/java/hudson/maven/MojoInfo.java:[271,17] deprecated item is not annotated with @Deprecated
[WARNING] /tmp/plugin-builds/maven-plugin/src/main/java/hudson/maven/MavenModuleSet.java:[156,30] deprecated item is not annotated with @Deprecated
[WARNING] /tmp/plugin-builds/maven-plugin/src/main/java/hudson/maven/MavenModuleSet.java:[207,31] deprecated item is not annotated with @Deprecated
[WARNING] /tmp/plugin-builds/maven-plugin/src/main/java/hudson/maven/MavenModuleSet.java:[277,20] deprecated item is not annotated with @Deprecated
[WARNING] /tmp/plugin-builds/maven-plugin/src/main/java/hudson/maven/MavenModuleSet.java:[283,20] deprecated item is not annotated with @Deprecated
[WARNING] /tmp/plugin-builds/maven-plugin/src/main/java/hudson/maven/MavenModuleSet.java:[298,32] deprecated item is not annotated with @Deprecated
[WARNING] /tmp/plugin-builds/maven-plugin/src/main/java/hudson/maven/MavenModuleSet.java:[393,12] deprecated item is not annotated with @Deprecated
[WARNING] /tmp/plugin-builds/maven-plugin/src/main/java/hudson/maven/MavenModuleSet.java:[577,20] deprecated item is not annotated with @Deprecated
[WARNING] /tmp/plugin-builds/maven-plugin/src/main/java/hudson/maven/MavenModuleSet.java:[624,17] deprecated item is not annotated with @Deprecated
[WARNING] /tmp/plugin-builds/maven-plugin/src/main/java/hudson/maven/MavenModuleSet.java:[749,68] deprecated item is not annotated with @Deprecated
[WARNING] /tmp/plugin-builds/maven-plugin/src/main/java/hudson/maven/MavenModuleSet.java:[976,19] deprecated item is not annotated with @Deprecated
[WARNING] /tmp/plugin-builds/maven-plugin/src/main/java/hudson/maven/MavenModuleSet.java:[1049,19] deprecated item is not annotated with @Deprecated
[WARNING] /tmp/plugin-builds/maven-plugin/src/main/java/hudson/maven/MavenModuleSet.java:[1057,17] deprecated item is not annotated with @Deprecated
[WARNING] /tmp/plugin-builds/maven-plugin/src/main/java/hudson/maven/RedeployPublisher.java:[364,19] deprecated item is not annotated with @Deprecated
[WARNING] /tmp/plugin-builds/maven-plugin/src/main/java/hudson/maven/reporters/MavenArtifactRecord.java:[146,19] deprecated item is not annotated with @Deprecated
[WARNING] /tmp/plugin-builds/maven-plugin/src/main/java/hudson/maven/MavenReporters.java:[43,55] deprecated item is not annotated with @Deprecated
[WARNING] /tmp/plugin-builds/maven-plugin/src/main/java/hudson/maven/MavenUtil.java:[64,33] deprecated item is not annotated with @Deprecated
[WARNING] /tmp/plugin-builds/maven-plugin/src/main/java/hudson/maven/MavenUtil.java:[234,24] deprecated item is not annotated with @Deprecated
[INFO] /tmp/plugin-builds/maven-plugin/src/main/java/hudson/maven/MavenModule.java: Some input files use or override a deprecated API.
[INFO] /tmp/plugin-builds/maven-plugin/src/main/java/hudson/maven/MavenModule.java: Recompile with -Xlint:deprecation for details.
[INFO] /tmp/plugin-builds/maven-plugin/src/main/java/hudson/maven/AbstractMavenProject.java: Some input files use unchecked or unsafe operations.
[INFO] /tmp/plugin-builds/maven-plugin/src/main/java/hudson/maven/AbstractMavenProject.java: Recompile with -Xlint:unchecked for details.
[INFO] 
[INFO] --- access-modifier-checker:1.35:enforce (default-enforce) @ maven-plugin ---
[INFO] 
[INFO] --- bridge-method-injector:1.31:process (default) @ maven-plugin ---
[INFO] 
[INFO] --- hpi:3.65:insert-test (default-insert-test) @ maven-plugin ---
[INFO] 
[INFO] --- antrun:3.1.0:run (createTempDir) @ maven-plugin ---
[INFO] Executing tasks
[INFO]     [mkdir] Created dir: /tmp/plugin-builds/maven-plugin/target/tmp
[INFO] Executed tasks
[INFO] 
[INFO] --- resources:3.3.1:testResources (default-testResources) @ maven-plugin ---
[INFO] Copying 54 resources from src/test/resources to target/test-classes
[INFO] 
[INFO] --- dependency:3.8.1:unpack (unpack-mvn-home-for-test) @ maven-plugin ---
[INFO] Configured Artifact: org.apache.maven:apache-maven:bin:3.6.3:zip
[INFO] 
[INFO] --- compiler:3.14.0:testCompile (default-testCompile) @ maven-plugin ---
[INFO] Recompiling the module because of changed dependency.
[INFO] Compiling 47 source files with javac [debug parameters release 17] to target/test-classes
[INFO] hudson.maven.PlexusModuleContributorTest.PlexusLoader indexed under org.jvnet.hudson.test.TestExtension
[INFO] hudson.model.JobPropertyTest.JobPropertyImpl.DescriptorImpl indexed under org.jvnet.hudson.test.TestExtension
[INFO] jenkins.tasks.SimpleBuildWrapperTest.WrapperWithDisposer.DescriptorImpl indexed under org.jvnet.hudson.test.TestExtension
[INFO] jenkins.tasks.SimpleBuildWrapperTest.PreCheckoutWrapperWithDisposer.DescriptorImpl indexed under org.jvnet.hudson.test.TestExtension
[INFO] hudson.maven.MavenArgumentInterceptorTest.TestMvnBuildWrapper.TestMvnBuildWrapperDescriptor indexed under hudson.Extension
[INFO] hudson.maven.MavenEnvironmentContributingActionTest.TestMvnBuildWrapper.TestMvnBuildWrapperDescriptor indexed under hudson.Extension
[INFO] hudson.maven.reporters.BlockSlaveToMasterFileCallable.ChannelConfiguratorImpl indexed under hudson.Extension
[INFO] /tmp/plugin-builds/maven-plugin/src/test/java/hudson/maven/AbortedMavenBuildTest.java: Some input files use or override a deprecated API.
[INFO] /tmp/plugin-builds/maven-plugin/src/test/java/hudson/maven/AbortedMavenBuildTest.java: Recompile with -Xlint:deprecation for details.
[INFO] /tmp/plugin-builds/maven-plugin/src/test/java/hudson/maven/MavenMultiModuleTest.java: /tmp/plugin-builds/maven-plugin/src/test/java/hudson/maven/MavenMultiModuleTest.java uses unchecked or unsafe operations.
[INFO] /tmp/plugin-builds/maven-plugin/src/test/java/hudson/maven/MavenMultiModuleTest.java: Recompile with -Xlint:unchecked for details.
[INFO] 
[INFO] --- hpi:3.65:test-hpl (default-test-hpl) @ maven-plugin ---
[INFO] Generating /tmp/plugin-builds/maven-plugin/target/test-classes/the.hpl
[INFO] 
[INFO] --- hpi:3.65:resolve-test-dependencies (default-resolve-test-dependencies) @ maven-plugin ---
[INFO] 
[INFO] --- hpi:3.65:test-runtime (default-test-runtime) @ maven-plugin ---
[INFO] Tests are skipped.
[INFO] 
[INFO] --- surefire:3.5.3:test (default-test) @ maven-plugin ---
[INFO] Tests are skipped.
[INFO] 
[INFO] --- license:165.v7e11f4e4a_325:process (default) @ maven-plugin ---
[INFO] ------------------------------------------------------------------------
[INFO] BUILD FAILURE
[INFO] ------------------------------------------------------------------------
[INFO] Total time:  22.657 s
[INFO] Finished at: 2025-05-21T10:00:05+02:00
[INFO] ------------------------------------------------------------------------
---------------------------------------------------
constituent[0]: file:/home/poddingue/.sdkman/candidates/maven/current/conf/logging/
constituent[1]: file:/home/poddingue/.sdkman/candidates/maven/current/lib/plexus-cipher-2.0.jar
constituent[2]: file:/home/poddingue/.sdkman/candidates/maven/current/lib/maven-shared-utils-3.4.2.jar
constituent[3]: file:/home/poddingue/.sdkman/candidates/maven/current/lib/wagon-provider-api-3.5.3.jar
constituent[4]: file:/home/poddingue/.sdkman/candidates/maven/current/lib/guice-5.1.0.jar
constituent[5]: file:/home/poddingue/.sdkman/candidates/maven/current/lib/httpclient-4.5.14.jar
constituent[6]: file:/home/poddingue/.sdkman/candidates/maven/current/lib/slf4j-api-1.7.36.jar
constituent[7]: file:/home/poddingue/.sdkman/candidates/maven/current/lib/commons-codec-1.17.1.jar
constituent[8]: file:/home/poddingue/.sdkman/candidates/maven/current/lib/maven-resolver-impl-1.9.22.jar
constituent[9]: file:/home/poddingue/.sdkman/candidates/maven/current/lib/maven-resolver-named-locks-1.9.22.jar
constituent[10]: file:/home/poddingue/.sdkman/candidates/maven/current/lib/maven-resolver-util-1.9.22.jar
constituent[11]: file:/home/poddingue/.sdkman/candidates/maven/current/lib/maven-resolver-transport-http-1.9.22.jar
constituent[12]: file:/home/poddingue/.sdkman/candidates/maven/current/lib/plexus-sec-dispatcher-2.0.jar
constituent[13]: file:/home/poddingue/.sdkman/candidates/maven/current/lib/maven-resolver-api-1.9.22.jar
constituent[14]: file:/home/poddingue/.sdkman/candidates/maven/current/lib/guava-33.2.1-jre.jar
constituent[15]: file:/home/poddingue/.sdkman/candidates/maven/current/lib/maven-settings-3.9.9.jar
constituent[16]: file:/home/poddingue/.sdkman/candidates/maven/current/lib/maven-resolver-transport-file-1.9.22.jar
constituent[17]: file:/home/poddingue/.sdkman/candidates/maven/current/lib/wagon-http-shared-3.5.3.jar
constituent[18]: file:/home/poddingue/.sdkman/candidates/maven/current/lib/maven-resolver-transport-wagon-1.9.22.jar
constituent[19]: file:/home/poddingue/.sdkman/candidates/maven/current/lib/plexus-interpolation-1.27.jar
constituent[20]: file:/home/poddingue/.sdkman/candidates/maven/current/lib/maven-model-3.9.9.jar
constituent[21]: file:/home/poddingue/.sdkman/candidates/maven/current/lib/maven-settings-builder-3.9.9.jar
constituent[22]: file:/home/poddingue/.sdkman/candidates/maven/current/lib/jansi-2.4.1.jar
constituent[23]: file:/home/poddingue/.sdkman/candidates/maven/current/lib/commons-cli-1.8.0.jar
constituent[24]: file:/home/poddingue/.sdkman/candidates/maven/current/lib/httpcore-4.4.16.jar
constituent[25]: file:/home/poddingue/.sdkman/candidates/maven/current/lib/maven-builder-support-3.9.9.jar
constituent[26]: file:/home/poddingue/.sdkman/candidates/maven/current/lib/maven-embedder-3.9.9.jar
constituent[27]: file:/home/poddingue/.sdkman/candidates/maven/current/lib/maven-artifact-3.9.9.jar
constituent[28]: file:/home/poddingue/.sdkman/candidates/maven/current/lib/maven-compat-3.9.9.jar
constituent[29]: file:/home/poddingue/.sdkman/candidates/maven/current/lib/wagon-http-3.5.3.jar
constituent[30]: file:/home/poddingue/.sdkman/candidates/maven/current/lib/maven-model-builder-3.9.9.jar
constituent[31]: file:/home/poddingue/.sdkman/candidates/maven/current/lib/aopalliance-1.0.jar
constituent[32]: file:/home/poddingue/.sdkman/candidates/maven/current/lib/maven-slf4j-provider-3.9.9.jar
constituent[33]: file:/home/poddingue/.sdkman/candidates/maven/current/lib/maven-resolver-connector-basic-1.9.22.jar
constituent[34]: file:/home/poddingue/.sdkman/candidates/maven/current/lib/maven-plugin-api-3.9.9.jar
constituent[35]: file:/home/poddingue/.sdkman/candidates/maven/current/lib/javax.annotation-api-1.3.2.jar
constituent[36]: file:/home/poddingue/.sdkman/candidates/maven/current/lib/org.eclipse.sisu.inject-0.9.0.M3.jar
constituent[37]: file:/home/poddingue/.sdkman/candidates/maven/current/lib/jcl-over-slf4j-1.7.36.jar
constituent[38]: file:/home/poddingue/.sdkman/candidates/maven/current/lib/plexus-xml-3.0.1.jar
constituent[39]: file:/home/poddingue/.sdkman/candidates/maven/current/lib/plexus-utils-3.5.1.jar
constituent[40]: file:/home/poddingue/.sdkman/candidates/maven/current/lib/maven-resolver-provider-3.9.9.jar
constituent[41]: file:/home/poddingue/.sdkman/candidates/maven/current/lib/org.eclipse.sisu.plexus-0.9.0.M3.jar
constituent[42]: file:/home/poddingue/.sdkman/candidates/maven/current/lib/maven-resolver-spi-1.9.22.jar
constituent[43]: file:/home/poddingue/.sdkman/candidates/maven/current/lib/javax.inject-1.jar
constituent[44]: file:/home/poddingue/.sdkman/candidates/maven/current/lib/maven-core-3.9.9.jar
constituent[45]: file:/home/poddingue/.sdkman/candidates/maven/current/lib/wagon-file-3.5.3.jar
constituent[46]: file:/home/poddingue/.sdkman/candidates/maven/current/lib/plexus-component-annotations-2.1.0.jar
constituent[47]: file:/home/poddingue/.sdkman/candidates/maven/current/lib/failureaccess-1.0.2.jar
constituent[48]: file:/home/poddingue/.sdkman/candidates/maven/current/lib/maven-repository-metadata-3.9.9.jar
---------------------------------------------------
Exception in thread "main" BUG! exception in phase 'semantic analysis' in source unit 'inlineScript' Unsupported class file major version 69
	at org.codehaus.groovy.control.CompilationUnit$ISourceUnitOperation.doPhaseOperation(CompilationUnit.java:901)
	at org.codehaus.groovy.control.CompilationUnit.processPhaseOperations(CompilationUnit.java:692)
	at org.codehaus.groovy.control.CompilationUnit.compile(CompilationUnit.java:666)
	at groovy.lang.GroovyClassLoader.doParseClass(GroovyClassLoader.java:365)
	at groovy.lang.GroovyClassLoader.lambda$parseClass$2(GroovyClassLoader.java:314)
	at org.codehaus.groovy.runtime.memoize.StampedCommonCache.compute(StampedCommonCache.java:163)
	at org.codehaus.groovy.runtime.memoize.StampedCommonCache.getAndPut(StampedCommonCache.java:154)
	at groovy.lang.GroovyClassLoader.parseClass(GroovyClassLoader.java:314)
	at groovy.lang.GroovyShell.parseClass(GroovyShell.java:572)
	at groovy.lang.GroovyShell.parse(GroovyShell.java:585)
	at groovy.lang.GroovyShell.parse(GroovyShell.java:639)
	at groovy.lang.GroovyShell.parse(GroovyShell.java:643)
	at com.cloudbees.maven.license.ProcessMojo.execute(ProcessMojo.java:154)
	at org.apache.maven.plugin.DefaultBuildPluginManager.executeMojo(DefaultBuildPluginManager.java:126)
	at org.apache.maven.lifecycle.internal.MojoExecutor.doExecute2(MojoExecutor.java:328)
	at org.apache.maven.lifecycle.internal.MojoExecutor.doExecute(MojoExecutor.java:316)
	at org.apache.maven.lifecycle.internal.MojoExecutor.execute(MojoExecutor.java:212)
	at org.apache.maven.lifecycle.internal.MojoExecutor.execute(MojoExecutor.java:174)
	at org.apache.maven.lifecycle.internal.MojoExecutor.access$000(MojoExecutor.java:75)
	at org.apache.maven.lifecycle.internal.MojoExecutor$1.run(MojoExecutor.java:162)
	at org.apache.maven.plugin.DefaultMojosExecutionStrategy.execute(DefaultMojosExecutionStrategy.java:39)
	at org.apache.maven.lifecycle.internal.MojoExecutor.execute(MojoExecutor.java:159)
	at org.apache.maven.lifecycle.internal.LifecycleModuleBuilder.buildProject(LifecycleModuleBuilder.java:105)
	at org.apache.maven.lifecycle.internal.LifecycleModuleBuilder.buildProject(LifecycleModuleBuilder.java:73)
	at org.apache.maven.lifecycle.internal.builder.singlethreaded.SingleThreadedBuilder.build(SingleThreadedBuilder.java:53)
	at org.apache.maven.lifecycle.internal.LifecycleStarter.execute(LifecycleStarter.java:118)
	at org.apache.maven.DefaultMaven.doExecute(DefaultMaven.java:261)
	at org.apache.maven.DefaultMaven.doExecute(DefaultMaven.java:173)
	at org.apache.maven.DefaultMaven.execute(DefaultMaven.java:101)
	at org.apache.maven.cli.MavenCli.execute(MavenCli.java:906)
	at org.apache.maven.cli.MavenCli.doMain(MavenCli.java:283)
	at org.apache.maven.cli.MavenCli.main(MavenCli.java:206)
	at java.base/jdk.internal.reflect.DirectMethodHandleAccessor.invoke(DirectMethodHandleAccessor.java:104)
	at java.base/java.lang.reflect.Method.invoke(Method.java:565)
	at org.codehaus.plexus.classworlds.launcher.Launcher.launchEnhanced(Launcher.java:255)
	at org.codehaus.plexus.classworlds.launcher.Launcher.launch(Launcher.java:201)
	at org.codehaus.plexus.classworlds.launcher.Launcher.mainWithExitCode(Launcher.java:361)
	at org.codehaus.plexus.classworlds.launcher.Launcher.main(Launcher.java:314)
Caused by: java.lang.IllegalArgumentException: Unsupported class file major version 69
	at groovyjarjarasm.asm.ClassReader.<init>(ClassReader.java:200)
	at groovyjarjarasm.asm.ClassReader.<init>(ClassReader.java:180)
	at groovyjarjarasm.asm.ClassReader.<init>(ClassReader.java:166)
	at groovyjarjarasm.asm.ClassReader.<init>(ClassReader.java:288)
	at org.codehaus.groovy.ast.decompiled.AsmDecompiler.parseClass(AsmDecompiler.java:83)
	at org.codehaus.groovy.control.ClassNodeResolver.findDecompiled(ClassNodeResolver.java:255)
	at org.codehaus.groovy.control.ClassNodeResolver.tryAsLoaderClassOrScript(ClassNodeResolver.java:193)
	at org.codehaus.groovy.control.ClassNodeResolver.findClassNode(ClassNodeResolver.java:175)
	at org.codehaus.groovy.control.ClassNodeResolver.resolveName(ClassNodeResolver.java:129)
	at org.codehaus.groovy.control.ResolveVisitor.resolveToOuter(ResolveVisitor.java:782)
	at org.codehaus.groovy.control.ResolveVisitor.resolve(ResolveVisitor.java:423)
	at org.codehaus.groovy.control.ResolveVisitor.resolveFromDefaultImports(ResolveVisitor.java:577)
	at org.codehaus.groovy.control.ResolveVisitor.resolveFromDefaultImports(ResolveVisitor.java:541)
	at org.codehaus.groovy.control.ResolveVisitor.resolve(ResolveVisitor.java:422)
	at org.codehaus.groovy.control.ResolveVisitor.resolve(ResolveVisitor.java:384)
	at org.codehaus.groovy.control.ResolveVisitor.resolveOrFail(ResolveVisitor.java:352)
	at org.codehaus.groovy.control.ResolveVisitor.resolveOrFail(ResolveVisitor.java:341)
	at org.codehaus.groovy.control.ResolveVisitor.resolveOrFail(ResolveVisitor.java:337)
	at org.codehaus.groovy.control.ResolveVisitor.transform(ResolveVisitor.java:817)
	at org.codehaus.groovy.control.ResolveVisitor.transformDeclarationExpression(ResolveVisitor.java:1173)
	at org.codehaus.groovy.control.ResolveVisitor.transform(ResolveVisitor.java:805)
	at org.codehaus.groovy.ast.ClassCodeExpressionTransformer.visitExpressionStatement(ClassCodeExpressionTransformer.java:129)
	at org.codehaus.groovy.ast.stmt.ExpressionStatement.visit(ExpressionStatement.java:41)
	at org.codehaus.groovy.ast.CodeVisitorSupport.visitBlockStatement(CodeVisitorSupport.java:86)
	at org.codehaus.groovy.ast.ClassCodeVisitorSupport.visitBlockStatement(ClassCodeVisitorSupport.java:168)
	at org.codehaus.groovy.control.ResolveVisitor.visitBlockStatement(ResolveVisitor.java:1386)
	at org.codehaus.groovy.ast.stmt.BlockStatement.visit(BlockStatement.java:72)
	at org.codehaus.groovy.control.ResolveVisitor.transformClosureExpression(ResolveVisitor.java:1125)
	at org.codehaus.groovy.control.ResolveVisitor.transform(ResolveVisitor.java:811)
	at org.codehaus.groovy.ast.expr.Expression.transformExpressions(Expression.java:49)
	at org.codehaus.groovy.ast.expr.ArgumentListExpression.transformExpression(ArgumentListExpression.java:67)
	at org.codehaus.groovy.control.ResolveVisitor.transform(ResolveVisitor.java:818)
	at org.codehaus.groovy.control.ResolveVisitor.transformMethodCallExpression(ResolveVisitor.java:1147)
	at org.codehaus.groovy.control.ResolveVisitor.transform(ResolveVisitor.java:809)
	at org.codehaus.groovy.ast.ClassCodeExpressionTransformer.visitExpressionStatement(ClassCodeExpressionTransformer.java:129)
	at org.codehaus.groovy.ast.stmt.ExpressionStatement.visit(ExpressionStatement.java:41)
	at org.codehaus.groovy.ast.CodeVisitorSupport.visitBlockStatement(CodeVisitorSupport.java:86)
	at org.codehaus.groovy.ast.ClassCodeVisitorSupport.visitBlockStatement(ClassCodeVisitorSupport.java:168)
	at org.codehaus.groovy.control.ResolveVisitor.visitBlockStatement(ResolveVisitor.java:1386)
	at org.codehaus.groovy.ast.stmt.BlockStatement.visit(BlockStatement.java:72)
	at org.codehaus.groovy.ast.ClassCodeVisitorSupport.visitClassCodeContainer(ClassCodeVisitorSupport.java:142)
	at org.codehaus.groovy.ast.ClassCodeVisitorSupport.visitConstructorOrMethod(ClassCodeVisitorSupport.java:115)
	at org.codehaus.groovy.ast.ClassCodeExpressionTransformer.visitConstructorOrMethod(ClassCodeExpressionTransformer.java:87)
	at org.codehaus.groovy.control.ResolveVisitor.visitConstructorOrMethod(ResolveVisitor.java:329)
	at org.codehaus.groovy.ast.ClassCodeVisitorSupport.visitMethod(ClassCodeVisitorSupport.java:110)
	at org.codehaus.groovy.ast.ClassNode.visitMethods(ClassNode.java:1132)
	at org.codehaus.groovy.ast.ClassNode.visitContents(ClassNode.java:1125)
	at org.codehaus.groovy.control.ResolveVisitor.visitClass(ResolveVisitor.java:1315)
	at org.codehaus.groovy.control.ResolveVisitor.startResolving(ResolveVisitor.java:258)
	at org.codehaus.groovy.control.CompilationUnit.lambda$addPhaseOperations$4(CompilationUnit.java:218)
	at org.codehaus.groovy.control.CompilationUnit$ISourceUnitOperation.doPhaseOperation(CompilationUnit.java:897)
	... 37 more
