WARNING: A restricted method in java.lang.System has been called
WARNING: java.lang.System::load has been called by org.fusesource.jansi.internal.JansiLoader in an unnamed module (file:/home/poddingue/.sdkman/candidates/maven/current/lib/jansi-2.4.1.jar)
WARNING: Use --enable-native-access=ALL-UNNAMED to avoid a warning for callers in this module
WARNING: Restricted methods will be blocked in a future release unless native access is enabled

WARNING: A terminally deprecated method in sun.misc.Unsafe has been called
WARNING: sun.misc.Unsafe::objectFieldOffset has been called by com.google.common.util.concurrent.AbstractFuture$UnsafeAtomicHelper (file:/home/poddingue/.sdkman/candidates/maven/current/lib/guava-33.2.1-jre.jar)
WARNING: Please consider reporting this to the maintainers of class com.google.common.util.concurrent.AbstractFuture$UnsafeAtomicHelper
WARNING: sun.misc.Unsafe::objectFieldOffset will be removed in a future release
[INFO] Scanning for projects...
[INFO] 
[INFO] -------------------< org.jenkins-ci.plugins:metrics >-------------------
[INFO] Building Metrics Plugin 4.2.32-999999-SNAPSHOT
[INFO]   from pom.xml
[INFO] --------------------------------[ hpi ]---------------------------------
Downloading from repo.jenkins-ci.org: https://repo.jenkins-ci.org/public/io/dropwizard/metrics/metrics-core/4.2.32/metrics-core-4.2.32.pom
Downloading from incrementals: https://repo.jenkins-ci.org/incrementals/io/dropwizard/metrics/metrics-core/4.2.32/metrics-core-4.2.32.pom
Downloading from central: https://repo.maven.apache.org/maven2/io/dropwizard/metrics/metrics-core/4.2.32/metrics-core-4.2.32.pom
Progress (1): 1.4/2.6 kBProgress (1): 2.6 kB                        Downloaded from central: https://repo.maven.apache.org/maven2/io/dropwizard/metrics/metrics-core/4.2.32/metrics-core-4.2.32.pom (2.6 kB at 34 kB/s)
Downloading from repo.jenkins-ci.org: https://repo.jenkins-ci.org/public/io/dropwizard/metrics/metrics-parent/4.2.32/metrics-parent-4.2.32.pom
Downloading from incrementals: https://repo.jenkins-ci.org/incrementals/io/dropwizard/metrics/metrics-parent/4.2.32/metrics-parent-4.2.32.pom
Downloading from central: https://repo.maven.apache.org/maven2/io/dropwizard/metrics/metrics-parent/4.2.32/metrics-parent-4.2.32.pom
Progress (1): 1.4/21 kBProgress (1): 2.8/21 kBProgress (1): 4.1/21 kBProgress (1): 5.5/21 kBProgress (1): 6.9/21 kBProgress (1): 8.3/21 kBProgress (1): 9.7/21 kBProgress (1): 11/21 kB Progress (1): 12/21 kBProgress (1): 14/21 kBProgress (1): 15/21 kBProgress (1): 17/21 kBProgress (1): 18/21 kBProgress (1): 19/21 kBProgress (1): 21 kB                      Downloaded from central: https://repo.maven.apache.org/maven2/io/dropwizard/metrics/metrics-parent/4.2.32/metrics-parent-4.2.32.pom (21 kB at 1.1 MB/s)
Downloading from repo.jenkins-ci.org: https://repo.jenkins-ci.org/public/io/dropwizard/metrics/metrics-servlet/4.2.32/metrics-servlet-4.2.32.pom
Downloading from incrementals: https://repo.jenkins-ci.org/incrementals/io/dropwizard/metrics/metrics-servlet/4.2.32/metrics-servlet-4.2.32.pom
Downloading from central: https://repo.maven.apache.org/maven2/io/dropwizard/metrics/metrics-servlet/4.2.32/metrics-servlet-4.2.32.pom
Progress (1): 1.4/2.3 kBProgress (1): 2.3 kB                        Downloaded from central: https://repo.maven.apache.org/maven2/io/dropwizard/metrics/metrics-servlet/4.2.32/metrics-servlet-4.2.32.pom (2.3 kB at 175 kB/s)
Downloading from repo.jenkins-ci.org: https://repo.jenkins-ci.org/public/io/dropwizard/metrics/metrics-bom/4.2.32/metrics-bom-4.2.32.pom
Downloading from incrementals: https://repo.jenkins-ci.org/incrementals/io/dropwizard/metrics/metrics-bom/4.2.32/metrics-bom-4.2.32.pom
Downloading from central: https://repo.maven.apache.org/maven2/io/dropwizard/metrics/metrics-bom/4.2.32/metrics-bom-4.2.32.pom
Progress (1): 1.4/8.4 kBProgress (1): 2.8/8.4 kBProgress (1): 4.1/8.4 kBProgress (1): 5.5/8.4 kBProgress (1): 6.9/8.4 kBProgress (1): 8.3/8.4 kBProgress (1): 8.4 kB                        Downloaded from central: https://repo.maven.apache.org/maven2/io/dropwizard/metrics/metrics-bom/4.2.32/metrics-bom-4.2.32.pom (8.4 kB at 766 kB/s)
Downloading from repo.jenkins-ci.org: https://repo.jenkins-ci.org/public/io/dropwizard/metrics/metrics-healthchecks/4.2.32/metrics-healthchecks-4.2.32.pom
Downloading from incrementals: https://repo.jenkins-ci.org/incrementals/io/dropwizard/metrics/metrics-healthchecks/4.2.32/metrics-healthchecks-4.2.32.pom
Downloading from central: https://repo.maven.apache.org/maven2/io/dropwizard/metrics/metrics-healthchecks/4.2.32/metrics-healthchecks-4.2.32.pom
Progress (1): 1.4/2.9 kBProgress (1): 2.8/2.9 kBProgress (1): 2.9 kB                        Downloaded from central: https://repo.maven.apache.org/maven2/io/dropwizard/metrics/metrics-healthchecks/4.2.32/metrics-healthchecks-4.2.32.pom (2.9 kB at 241 kB/s)
Downloading from repo.jenkins-ci.org: https://repo.jenkins-ci.org/public/io/dropwizard/metrics/metrics-jvm/4.2.32/metrics-jvm-4.2.32.pom
Downloading from incrementals: https://repo.jenkins-ci.org/incrementals/io/dropwizard/metrics/metrics-jvm/4.2.32/metrics-jvm-4.2.32.pom
Downloading from central: https://repo.maven.apache.org/maven2/io/dropwizard/metrics/metrics-jvm/4.2.32/metrics-jvm-4.2.32.pom
Progress (1): 1.4/2.6 kBProgress (1): 2.6 kB                        Downloaded from central: https://repo.maven.apache.org/maven2/io/dropwizard/metrics/metrics-jvm/4.2.32/metrics-jvm-4.2.32.pom (2.6 kB at 189 kB/s)
Downloading from repo.jenkins-ci.org: https://repo.jenkins-ci.org/public/io/dropwizard/metrics/metrics-jmx/4.2.32/metrics-jmx-4.2.32.pom
Downloading from incrementals: https://repo.jenkins-ci.org/incrementals/io/dropwizard/metrics/metrics-jmx/4.2.32/metrics-jmx-4.2.32.pom
Downloading from central: https://repo.maven.apache.org/maven2/io/dropwizard/metrics/metrics-jmx/4.2.32/metrics-jmx-4.2.32.pom
Progress (1): 1.4/2.6 kBProgress (1): 2.6 kB                        Downloaded from central: https://repo.maven.apache.org/maven2/io/dropwizard/metrics/metrics-jmx/4.2.32/metrics-jmx-4.2.32.pom (2.6 kB at 118 kB/s)
Downloading from repo.jenkins-ci.org: https://repo.jenkins-ci.org/public/io/dropwizard/metrics/metrics-json/4.2.32/metrics-json-4.2.32.pom
Downloading from incrementals: https://repo.jenkins-ci.org/incrementals/io/dropwizard/metrics/metrics-json/4.2.32/metrics-json-4.2.32.pom
Downloading from central: https://repo.maven.apache.org/maven2/io/dropwizard/metrics/metrics-json/4.2.32/metrics-json-4.2.32.pom
Progress (1): 1.4/3.2 kBProgress (1): 2.8/3.2 kBProgress (1): 3.2 kB                        Downloaded from central: https://repo.maven.apache.org/maven2/io/dropwizard/metrics/metrics-json/4.2.32/metrics-json-4.2.32.pom (3.2 kB at 264 kB/s)
Downloading from repo.jenkins-ci.org: https://repo.jenkins-ci.org/public/io/dropwizard/metrics/metrics-core/4.2.32/metrics-core-4.2.32.jar
Downloading from repo.jenkins-ci.org: https://repo.jenkins-ci.org/public/io/dropwizard/metrics/metrics-servlet/4.2.32/metrics-servlet-4.2.32.jar
Downloading from repo.jenkins-ci.org: https://repo.jenkins-ci.org/public/io/dropwizard/metrics/metrics-healthchecks/4.2.32/metrics-healthchecks-4.2.32.jar
Downloading from repo.jenkins-ci.org: https://repo.jenkins-ci.org/public/io/dropwizard/metrics/metrics-jvm/4.2.32/metrics-jvm-4.2.32.jar
Downloading from repo.jenkins-ci.org: https://repo.jenkins-ci.org/public/io/dropwizard/metrics/metrics-jmx/4.2.32/metrics-jmx-4.2.32.jar
Downloading from repo.jenkins-ci.org: https://repo.jenkins-ci.org/public/io/dropwizard/metrics/metrics-json/4.2.32/metrics-json-4.2.32.jar
Downloading from incrementals: https://repo.jenkins-ci.org/incrementals/io/dropwizard/metrics/metrics-core/4.2.32/metrics-core-4.2.32.jar
Downloading from incrementals: https://repo.jenkins-ci.org/incrementals/io/dropwizard/metrics/metrics-servlet/4.2.32/metrics-servlet-4.2.32.jar
Downloading from incrementals: https://repo.jenkins-ci.org/incrementals/io/dropwizard/metrics/metrics-healthchecks/4.2.32/metrics-healthchecks-4.2.32.jar
Downloading from incrementals: https://repo.jenkins-ci.org/incrementals/io/dropwizard/metrics/metrics-jvm/4.2.32/metrics-jvm-4.2.32.jar
Downloading from incrementals: https://repo.jenkins-ci.org/incrementals/io/dropwizard/metrics/metrics-jmx/4.2.32/metrics-jmx-4.2.32.jar
Downloading from incrementals: https://repo.jenkins-ci.org/incrementals/io/dropwizard/metrics/metrics-json/4.2.32/metrics-json-4.2.32.jar
Downloading from central: https://repo.maven.apache.org/maven2/io/dropwizard/metrics/metrics-core/4.2.32/metrics-core-4.2.32.jar
Progress (1): 1.4/132 kBProgress (1): 2.8/132 kBProgress (1): 4.1/132 kBProgress (1): 5.5/132 kBProgress (1): 21/132 kB Progress (1): 33/132 kBProgress (1): 40/132 kBProgress (1): 44/132 kBProgress (1): 47/132 kBProgress (1): 48/132 kBProgress (1): 64/132 kBProgress (1): 81/132 kBProgress (1): 96/132 kBProgress (1): 113/132 kBProgress (1): 129/132 kBProgress (1): 132 kB                        Downloaded from central: https://repo.maven.apache.org/maven2/io/dropwizard/metrics/metrics-core/4.2.32/metrics-core-4.2.32.jar (132 kB at 5.3 MB/s)
Downloading from central: https://repo.maven.apache.org/maven2/io/dropwizard/metrics/metrics-servlet/4.2.32/metrics-servlet-4.2.32.jar
Downloading from central: https://repo.maven.apache.org/maven2/io/dropwizard/metrics/metrics-healthchecks/4.2.32/metrics-healthchecks-4.2.32.jar
Downloading from central: https://repo.maven.apache.org/maven2/io/dropwizard/metrics/metrics-jvm/4.2.32/metrics-jvm-4.2.32.jar
Downloading from central: https://repo.maven.apache.org/maven2/io/dropwizard/metrics/metrics-jmx/4.2.32/metrics-jmx-4.2.32.jar
Downloading from central: https://repo.maven.apache.org/maven2/io/dropwizard/metrics/metrics-json/4.2.32/metrics-json-4.2.32.jar
Progress (1): 10 kB                   Downloaded from central: https://repo.maven.apache.org/maven2/io/dropwizard/metrics/metrics-servlet/4.2.32/metrics-servlet-4.2.32.jar (10 kB at 776 kB/s)
Progress (1): 1.4/24 kBProgress (1): 2.8/24 kBProgress (1): 4.1/24 kBProgress (1): 5.5/24 kBProgress (1): 6.9/24 kBProgress (1): 8.3/24 kBProgress (1): 9.7/24 kBProgress (1): 11/24 kB Progress (1): 12/24 kBProgress (1): 14/24 kBProgress (1): 15/24 kBProgress (1): 16/24 kBProgress (1): 18/24 kBProgress (1): 19/24 kBProgress (1): 21/24 kBProgress (1): 22/24 kBProgress (1): 23/24 kBProgress (1): 24 kB                      Downloaded from central: https://repo.maven.apache.org/maven2/io/dropwizard/metrics/metrics-healthchecks/4.2.32/metrics-healthchecks-4.2.32.jar (24 kB at 653 kB/s)
Progress (1): 1.4/22 kBProgress (1): 2.8/22 kBProgress (2): 2.8/22 kB | 1.4/17 kBProgress (2): 4.1/22 kB | 1.4/17 kBProgress (2): 5.5/22 kB | 1.4/17 kBProgress (2): 5.5/22 kB | 2.8/17 kBProgress (2): 6.9/22 kB | 2.8/17 kBProgress (2): 6.9/22 kB | 4.1/17 kBProgress (2): 8.3/22 kB | 4.1/17 kBProgress (2): 8.3/22 kB | 5.5/17 kBProgress (3): 8.3/22 kB | 5.5/17 kB | 1.4/25 kBProgress (3): 8.3/22 kB | 6.9/17 kB | 1.4/25 kBProgress (3): 8.3/22 kB | 6.9/17 kB | 2.8/25 kBProgress (3): 9.7/22 kB | 6.9/17 kB | 2.8/25 kBProgress (3): 9.7/22 kB | 8.3/17 kB | 2.8/25 kBProgress (3): 9.7/22 kB | 8.3/17 kB | 4.1/25 kBProgress (3): 9.7/22 kB | 9.7/17 kB | 4.1/25 kBProgress (3): 11/22 kB | 9.7/17 kB | 4.1/25 kB Progress (3): 12/22 kB | 9.7/17 kB | 4.1/25 kBProgress (3): 12/22 kB | 11/17 kB | 4.1/25 kB Progress (3): 12/22 kB | 11/17 kB | 5.5/25 kBProgress (3): 14/22 kB | 11/17 kB | 5.5/25 kBProgress (3): 14/22 kB | 12/17 kB | 5.5/25 kBProgress (3): 14/22 kB | 12/17 kB | 6.9/25 kBProgress (3): 15/22 kB | 12/17 kB | 6.9/25 kBProgress (3): 15/22 kB | 12/17 kB | 8.3/25 kBProgress (3): 17/22 kB | 12/17 kB | 8.3/25 kBProgress (3): 18/22 kB | 12/17 kB | 8.3/25 kBProgress (3): 18/22 kB | 12/17 kB | 9.7/25 kBProgress (3): 18/22 kB | 14/17 kB | 9.7/25 kBProgress (3): 18/22 kB | 14/17 kB | 11/25 kB Progress (3): 19/22 kB | 14/17 kB | 11/25 kBProgress (3): 19/22 kB | 14/17 kB | 12/25 kBProgress (3): 19/22 kB | 14/17 kB | 14/25 kBProgress (3): 21/22 kB | 14/17 kB | 14/25 kBProgress (3): 21/22 kB | 15/17 kB | 14/25 kBProgress (3): 22 kB | 15/17 kB | 14/25 kB   Progress (3): 22 kB | 15/17 kB | 15/25 kBProgress (3): 22 kB | 15/17 kB | 17/25 kBProgress (3): 22 kB | 15/17 kB | 18/25 kBProgress (3): 22 kB | 15/17 kB | 19/25 kBProgress (3): 22 kB | 15/17 kB | 21/25 kBProgress (3): 22 kB | 16/17 kB | 21/25 kBProgress (3): 22 kB | 16/17 kB | 22/25 kBProgress (3): 22 kB | 17 kB | 22/25 kB   Progress (3): 22 kB | 17 kB | 23/25 kBProgress (3): 22 kB | 17 kB | 25/25 kBProgress (3): 22 kB | 17 kB | 25 kB                                      Downloaded from central: https://repo.maven.apache.org/maven2/io/dropwizard/metrics/metrics-jmx/4.2.32/metrics-jmx-4.2.32.jar (22 kB at 357 kB/s)
Downloaded from central: https://repo.maven.apache.org/maven2/io/dropwizard/metrics/metrics-json/4.2.32/metrics-json-4.2.32.jar (17 kB at 277 kB/s)
Downloaded from central: https://repo.maven.apache.org/maven2/io/dropwizard/metrics/metrics-jvm/4.2.32/metrics-jvm-4.2.32.jar (25 kB at 388 kB/s)
[INFO] 
[INFO] --- clean:3.4.1:clean (default-clean) @ metrics ---
[INFO] 
[INFO] --- hpi:3.65:validate (default-validate) @ metrics ---
[INFO] Created marker file /tmp/plugin-builds/metrics/target/java-level/17
[INFO] 
[INFO] --- hpi:3.65:validate-hpi (default-validate-hpi) @ metrics ---
[INFO] 
[INFO] --- enforcer:3.5.0:enforce (display-info) @ metrics ---
[INFO] Rule 0: io.jenkins.tools.incrementals.enforcer.RequireExtensionVersion passed
[INFO] Rule 1: org.apache.maven.enforcer.rules.version.RequireMavenVersion passed
[INFO] Rule 2: org.apache.maven.enforcer.rules.version.RequireJavaVersion passed
[INFO] Rule 3: org.codehaus.mojo.extraenforcer.dependencies.EnforceBytecodeVersion passed
[INFO] Rule 4: org.apache.maven.enforcer.rules.dependency.BannedDependencies passed
[INFO] Rule 5: org.apache.maven.enforcer.rules.dependency.BannedDependencies passed
[INFO] Rule 6: org.apache.maven.enforcer.rules.dependency.RequireUpperBoundDeps passed
[INFO] 
[INFO] --- enforcer:3.5.0:enforce (no-snapshots-in-release) @ metrics ---
[INFO] Rule 0: org.apache.maven.enforcer.rules.dependency.RequireReleaseDeps passed
[INFO] 
[INFO] --- localizer:1.31:generate (default) @ metrics ---
[INFO] 
[INFO] --- resources:3.3.1:resources (default-resources) @ metrics ---
[INFO] Copying 14 resources from src/main/resources to target/classes
[INFO] 
[INFO] --- flatten:1.7.0:flatten (flatten) @ metrics ---
[INFO] Generating flattened POM of project org.jenkins-ci.plugins:metrics:hpi:4.2.32-999999-SNAPSHOT...
[INFO] 
[INFO] --- compiler:3.14.0:compile (default-compile) @ metrics ---
[INFO] Recompiling the module because of changed source code.
[INFO] Compiling 24 source files with javac [debug parameters release 17] to target/classes
[INFO] jenkins.metrics.api.Metrics.HealthCheckMetricsProvider indexed under hudson.Extension
[INFO] jenkins.metrics.api.Metrics.HealthChecker indexed under hudson.Extension
[INFO] jenkins.metrics.api.MetricsAccessKey.DescriptorImpl indexed under hudson.Extension
[INFO] jenkins.metrics.api.MetricsRootAction indexed under hudson.Extension
[INFO] jenkins.metrics.api.MetricsRootAction.Sampler indexed under hudson.Extension
[INFO] jenkins.metrics.impl.JenkinsHealthCheckProviderImpl indexed under hudson.Extension
[INFO] jenkins.metrics.impl.JenkinsMetricProviderImpl indexed under hudson.Extension
[INFO] jenkins.metrics.impl.JenkinsMetricProviderImpl.PeriodicWorkImpl indexed under hudson.Extension
[INFO] jenkins.metrics.impl.JenkinsMetricProviderImpl.ResultRunListener indexed under hudson.Extension
[INFO] jenkins.metrics.impl.JenkinsMetricProviderImpl.RunListenerImpl indexed under hudson.Extension
[INFO] jenkins.metrics.impl.JenkinsMetricProviderImpl.SchedulingRate indexed under hudson.Extension
[INFO] jenkins.metrics.impl.JenkinsMetricProviderImpl.ScheduledRate indexed under hudson.Extension
[INFO] jenkins.metrics.impl.JenkinsVersionsProviderImpl indexed under hudson.Extension
[INFO] jenkins.metrics.impl.VMMetricProviderImpl indexed under hudson.Extension
[INFO] jenkins.metrics.util.AutoSamplingHistogram.PeriodicWorkImpl indexed under hudson.Extension
[INFO] /tmp/plugin-builds/metrics/src/main/java/jenkins/metrics/api/MetricsAccessKey.java:[113,12] Generating jenkins/metrics/api/MetricsAccessKey.stapler
[INFO] /tmp/plugin-builds/metrics/src/main/java/jenkins/metrics/impl/TimeInQueueAction.java:[43,8] Generating jenkins/metrics/impl/TimeInQueueAction.javadoc
[INFO] /tmp/plugin-builds/metrics/src/main/java/jenkins/metrics/api/MetricsRootAction.java:[286,25] Generating jenkins/metrics/api/MetricsRootAction/doHealthcheck.stapler
[INFO] /tmp/plugin-builds/metrics/src/main/java/jenkins/metrics/api/MetricsRootAction.java:[393,25] Generating jenkins/metrics/api/MetricsRootAction/doPing.stapler
[INFO] /tmp/plugin-builds/metrics/src/main/java/jenkins/metrics/api/MetricsRootAction.java:[349,25] Generating jenkins/metrics/api/MetricsRootAction/doMetrics.stapler
[INFO] /tmp/plugin-builds/metrics/src/main/java/jenkins/metrics/api/MetricsRootAction.java:[369,25] Generating jenkins/metrics/api/MetricsRootAction/doMetricsHistory.stapler
[INFO] /tmp/plugin-builds/metrics/src/main/java/jenkins/metrics/api/MetricsRootAction.java:[414,25] Generating jenkins/metrics/api/MetricsRootAction/doThreads.stapler
[INFO] /tmp/plugin-builds/metrics/src/main/java/jenkins/metrics/api/Metrics.java: Some input files use or override a deprecated API.
[INFO] /tmp/plugin-builds/metrics/src/main/java/jenkins/metrics/api/Metrics.java: Recompile with -Xlint:deprecation for details.
[INFO] /tmp/plugin-builds/metrics/src/main/java/jenkins/metrics/api/HealthCheckProvider.java: Some input files use unchecked or unsafe operations.
[INFO] /tmp/plugin-builds/metrics/src/main/java/jenkins/metrics/api/HealthCheckProvider.java: Recompile with -Xlint:unchecked for details.
[INFO] 
[INFO] --- access-modifier-checker:1.35:enforce (default-enforce) @ metrics ---
[INFO] Skipping access modifier checks
[INFO] 
[INFO] --- bridge-method-injector:1.31:process (default) @ metrics ---
[INFO] 
[INFO] --- hpi:3.65:insert-test (default-insert-test) @ metrics ---
[INFO] 
[INFO] --- antrun:3.1.0:run (createTempDir) @ metrics ---
[INFO] Executing tasks
[INFO]     [mkdir] Created dir: /tmp/plugin-builds/metrics/target/tmp
[INFO] Executed tasks
[INFO] 
[INFO] --- resources:3.3.1:testResources (default-testResources) @ metrics ---
[INFO] Copying 3 resources from src/test/resources to target/test-classes
[INFO] 
[INFO] --- compiler:3.14.0:testCompile (default-testCompile) @ metrics ---
[INFO] Recompiling the module because of changed dependency.
[INFO] Compiling 8 source files with javac [debug parameters release 17] to target/test-classes
[INFO] jenkins.metrics.impl.JenkinsMetricProviderImplTest.MyListener indexed under org.jvnet.hudson.test.TestExtension
[INFO] jenkins.metrics.api.HealthCheckProviderForTesting indexed under hudson.Extension
[INFO] /tmp/plugin-builds/metrics/src/test/java/jenkins/metrics/api/HealthCheckProviderForTesting.java: /tmp/plugin-builds/metrics/src/test/java/jenkins/metrics/api/HealthCheckProviderForTesting.java uses unchecked or unsafe operations.
[INFO] /tmp/plugin-builds/metrics/src/test/java/jenkins/metrics/api/HealthCheckProviderForTesting.java: Recompile with -Xlint:unchecked for details.
[INFO] 
[INFO] --- hpi:3.65:test-hpl (default-test-hpl) @ metrics ---
[INFO] Generating /tmp/plugin-builds/metrics/target/test-classes/the.hpl
[INFO] 
[INFO] --- hpi:3.65:resolve-test-dependencies (default-resolve-test-dependencies) @ metrics ---
[INFO] 
[INFO] --- hpi:3.65:test-runtime (default-test-runtime) @ metrics ---
[INFO] Tests are skipped.
[INFO] 
[INFO] --- surefire:3.5.3:test (default-test) @ metrics ---
[INFO] Tests are skipped.
[INFO] 
[INFO] --- license:165.v7e11f4e4a_325:process (default) @ metrics ---
[INFO] ------------------------------------------------------------------------
[INFO] BUILD FAILURE
[INFO] ------------------------------------------------------------------------
[INFO] Total time:  15.197 s
[INFO] Finished at: 2025-06-05T12:40:12+02:00
[INFO] ------------------------------------------------------------------------
---------------------------------------------------
constituent[0]: file:/home/poddingue/.sdkman/candidates/maven/current/conf/logging/
constituent[1]: file:/home/poddingue/.sdkman/candidates/maven/current/lib/plexus-cipher-2.0.jar
constituent[2]: file:/home/poddingue/.sdkman/candidates/maven/current/lib/maven-shared-utils-3.4.2.jar
constituent[3]: file:/home/poddingue/.sdkman/candidates/maven/current/lib/wagon-provider-api-3.5.3.jar
constituent[4]: file:/home/poddingue/.sdkman/candidates/maven/current/lib/guice-5.1.0.jar
constituent[5]: file:/home/poddingue/.sdkman/candidates/maven/current/lib/httpclient-4.5.14.jar
constituent[6]: file:/home/poddingue/.sdkman/candidates/maven/current/lib/slf4j-api-1.7.36.jar
constituent[7]: file:/home/poddingue/.sdkman/candidates/maven/current/lib/commons-codec-1.17.1.jar
constituent[8]: file:/home/poddingue/.sdkman/candidates/maven/current/lib/maven-resolver-impl-1.9.22.jar
constituent[9]: file:/home/poddingue/.sdkman/candidates/maven/current/lib/maven-resolver-named-locks-1.9.22.jar
constituent[10]: file:/home/poddingue/.sdkman/candidates/maven/current/lib/maven-resolver-util-1.9.22.jar
constituent[11]: file:/home/poddingue/.sdkman/candidates/maven/current/lib/maven-resolver-transport-http-1.9.22.jar
constituent[12]: file:/home/poddingue/.sdkman/candidates/maven/current/lib/plexus-sec-dispatcher-2.0.jar
constituent[13]: file:/home/poddingue/.sdkman/candidates/maven/current/lib/maven-resolver-api-1.9.22.jar
constituent[14]: file:/home/poddingue/.sdkman/candidates/maven/current/lib/guava-33.2.1-jre.jar
constituent[15]: file:/home/poddingue/.sdkman/candidates/maven/current/lib/maven-settings-3.9.9.jar
constituent[16]: file:/home/poddingue/.sdkman/candidates/maven/current/lib/maven-resolver-transport-file-1.9.22.jar
constituent[17]: file:/home/poddingue/.sdkman/candidates/maven/current/lib/wagon-http-shared-3.5.3.jar
constituent[18]: file:/home/poddingue/.sdkman/candidates/maven/current/lib/maven-resolver-transport-wagon-1.9.22.jar
constituent[19]: file:/home/poddingue/.sdkman/candidates/maven/current/lib/plexus-interpolation-1.27.jar
constituent[20]: file:/home/poddingue/.sdkman/candidates/maven/current/lib/maven-model-3.9.9.jar
constituent[21]: file:/home/poddingue/.sdkman/candidates/maven/current/lib/maven-settings-builder-3.9.9.jar
constituent[22]: file:/home/poddingue/.sdkman/candidates/maven/current/lib/jansi-2.4.1.jar
constituent[23]: file:/home/poddingue/.sdkman/candidates/maven/current/lib/commons-cli-1.8.0.jar
constituent[24]: file:/home/poddingue/.sdkman/candidates/maven/current/lib/httpcore-4.4.16.jar
constituent[25]: file:/home/poddingue/.sdkman/candidates/maven/current/lib/maven-builder-support-3.9.9.jar
constituent[26]: file:/home/poddingue/.sdkman/candidates/maven/current/lib/maven-embedder-3.9.9.jar
constituent[27]: file:/home/poddingue/.sdkman/candidates/maven/current/lib/maven-artifact-3.9.9.jar
constituent[28]: file:/home/poddingue/.sdkman/candidates/maven/current/lib/maven-compat-3.9.9.jar
constituent[29]: file:/home/poddingue/.sdkman/candidates/maven/current/lib/wagon-http-3.5.3.jar
constituent[30]: file:/home/poddingue/.sdkman/candidates/maven/current/lib/maven-model-builder-3.9.9.jar
constituent[31]: file:/home/poddingue/.sdkman/candidates/maven/current/lib/aopalliance-1.0.jar
constituent[32]: file:/home/poddingue/.sdkman/candidates/maven/current/lib/maven-slf4j-provider-3.9.9.jar
constituent[33]: file:/home/poddingue/.sdkman/candidates/maven/current/lib/maven-resolver-connector-basic-1.9.22.jar
constituent[34]: file:/home/poddingue/.sdkman/candidates/maven/current/lib/maven-plugin-api-3.9.9.jar
constituent[35]: file:/home/poddingue/.sdkman/candidates/maven/current/lib/javax.annotation-api-1.3.2.jar
constituent[36]: file:/home/poddingue/.sdkman/candidates/maven/current/lib/org.eclipse.sisu.inject-0.9.0.M3.jar
constituent[37]: file:/home/poddingue/.sdkman/candidates/maven/current/lib/jcl-over-slf4j-1.7.36.jar
constituent[38]: file:/home/poddingue/.sdkman/candidates/maven/current/lib/plexus-xml-3.0.1.jar
constituent[39]: file:/home/poddingue/.sdkman/candidates/maven/current/lib/plexus-utils-3.5.1.jar
constituent[40]: file:/home/poddingue/.sdkman/candidates/maven/current/lib/maven-resolver-provider-3.9.9.jar
constituent[41]: file:/home/poddingue/.sdkman/candidates/maven/current/lib/org.eclipse.sisu.plexus-0.9.0.M3.jar
constituent[42]: file:/home/poddingue/.sdkman/candidates/maven/current/lib/maven-resolver-spi-1.9.22.jar
constituent[43]: file:/home/poddingue/.sdkman/candidates/maven/current/lib/javax.inject-1.jar
constituent[44]: file:/home/poddingue/.sdkman/candidates/maven/current/lib/maven-core-3.9.9.jar
constituent[45]: file:/home/poddingue/.sdkman/candidates/maven/current/lib/wagon-file-3.5.3.jar
constituent[46]: file:/home/poddingue/.sdkman/candidates/maven/current/lib/plexus-component-annotations-2.1.0.jar
constituent[47]: file:/home/poddingue/.sdkman/candidates/maven/current/lib/failureaccess-1.0.2.jar
constituent[48]: file:/home/poddingue/.sdkman/candidates/maven/current/lib/maven-repository-metadata-3.9.9.jar
---------------------------------------------------
Exception in thread "main" BUG! exception in phase 'semantic analysis' in source unit 'inlineScript' Unsupported class file major version 69
	at org.codehaus.groovy.control.CompilationUnit$ISourceUnitOperation.doPhaseOperation(CompilationUnit.java:901)
	at org.codehaus.groovy.control.CompilationUnit.processPhaseOperations(CompilationUnit.java:692)
	at org.codehaus.groovy.control.CompilationUnit.compile(CompilationUnit.java:666)
	at groovy.lang.GroovyClassLoader.doParseClass(GroovyClassLoader.java:365)
	at groovy.lang.GroovyClassLoader.lambda$parseClass$2(GroovyClassLoader.java:314)
	at org.codehaus.groovy.runtime.memoize.StampedCommonCache.compute(StampedCommonCache.java:163)
	at org.codehaus.groovy.runtime.memoize.StampedCommonCache.getAndPut(StampedCommonCache.java:154)
	at groovy.lang.GroovyClassLoader.parseClass(GroovyClassLoader.java:314)
	at groovy.lang.GroovyShell.parseClass(GroovyShell.java:572)
	at groovy.lang.GroovyShell.parse(GroovyShell.java:585)
	at groovy.lang.GroovyShell.parse(GroovyShell.java:639)
	at groovy.lang.GroovyShell.parse(GroovyShell.java:643)
	at com.cloudbees.maven.license.ProcessMojo.execute(ProcessMojo.java:154)
	at org.apache.maven.plugin.DefaultBuildPluginManager.executeMojo(DefaultBuildPluginManager.java:126)
	at org.apache.maven.lifecycle.internal.MojoExecutor.doExecute2(MojoExecutor.java:328)
	at org.apache.maven.lifecycle.internal.MojoExecutor.doExecute(MojoExecutor.java:316)
	at org.apache.maven.lifecycle.internal.MojoExecutor.execute(MojoExecutor.java:212)
	at org.apache.maven.lifecycle.internal.MojoExecutor.execute(MojoExecutor.java:174)
	at org.apache.maven.lifecycle.internal.MojoExecutor.access$000(MojoExecutor.java:75)
	at org.apache.maven.lifecycle.internal.MojoExecutor$1.run(MojoExecutor.java:162)
	at org.apache.maven.plugin.DefaultMojosExecutionStrategy.execute(DefaultMojosExecutionStrategy.java:39)
	at org.apache.maven.lifecycle.internal.MojoExecutor.execute(MojoExecutor.java:159)
	at org.apache.maven.lifecycle.internal.LifecycleModuleBuilder.buildProject(LifecycleModuleBuilder.java:105)
	at org.apache.maven.lifecycle.internal.LifecycleModuleBuilder.buildProject(LifecycleModuleBuilder.java:73)
	at org.apache.maven.lifecycle.internal.builder.singlethreaded.SingleThreadedBuilder.build(SingleThreadedBuilder.java:53)
	at org.apache.maven.lifecycle.internal.LifecycleStarter.execute(LifecycleStarter.java:118)
	at org.apache.maven.DefaultMaven.doExecute(DefaultMaven.java:261)
	at org.apache.maven.DefaultMaven.doExecute(DefaultMaven.java:173)
	at org.apache.maven.DefaultMaven.execute(DefaultMaven.java:101)
	at org.apache.maven.cli.MavenCli.execute(MavenCli.java:906)
	at org.apache.maven.cli.MavenCli.doMain(MavenCli.java:283)
	at org.apache.maven.cli.MavenCli.main(MavenCli.java:206)
	at java.base/jdk.internal.reflect.DirectMethodHandleAccessor.invoke(DirectMethodHandleAccessor.java:104)
	at java.base/java.lang.reflect.Method.invoke(Method.java:565)
	at org.codehaus.plexus.classworlds.launcher.Launcher.launchEnhanced(Launcher.java:255)
	at org.codehaus.plexus.classworlds.launcher.Launcher.launch(Launcher.java:201)
	at org.codehaus.plexus.classworlds.launcher.Launcher.mainWithExitCode(Launcher.java:361)
	at org.codehaus.plexus.classworlds.launcher.Launcher.main(Launcher.java:314)
Caused by: java.lang.IllegalArgumentException: Unsupported class file major version 69
	at groovyjarjarasm.asm.ClassReader.<init>(ClassReader.java:200)
	at groovyjarjarasm.asm.ClassReader.<init>(ClassReader.java:180)
	at groovyjarjarasm.asm.ClassReader.<init>(ClassReader.java:166)
	at groovyjarjarasm.asm.ClassReader.<init>(ClassReader.java:288)
	at org.codehaus.groovy.ast.decompiled.AsmDecompiler.parseClass(AsmDecompiler.java:83)
	at org.codehaus.groovy.control.ClassNodeResolver.findDecompiled(ClassNodeResolver.java:255)
	at org.codehaus.groovy.control.ClassNodeResolver.tryAsLoaderClassOrScript(ClassNodeResolver.java:193)
	at org.codehaus.groovy.control.ClassNodeResolver.findClassNode(ClassNodeResolver.java:175)
	at org.codehaus.groovy.control.ClassNodeResolver.resolveName(ClassNodeResolver.java:129)
	at org.codehaus.groovy.control.ResolveVisitor.resolveToOuter(ResolveVisitor.java:782)
	at org.codehaus.groovy.control.ResolveVisitor.resolve(ResolveVisitor.java:423)
	at org.codehaus.groovy.control.ResolveVisitor.resolveFromDefaultImports(ResolveVisitor.java:577)
	at org.codehaus.groovy.control.ResolveVisitor.resolveFromDefaultImports(ResolveVisitor.java:541)
	at org.codehaus.groovy.control.ResolveVisitor.resolve(ResolveVisitor.java:422)
	at org.codehaus.groovy.control.ResolveVisitor.resolve(ResolveVisitor.java:384)
	at org.codehaus.groovy.control.ResolveVisitor.resolveOrFail(ResolveVisitor.java:352)
	at org.codehaus.groovy.control.ResolveVisitor.resolveOrFail(ResolveVisitor.java:341)
	at org.codehaus.groovy.control.ResolveVisitor.resolveOrFail(ResolveVisitor.java:337)
	at org.codehaus.groovy.control.ResolveVisitor.transform(ResolveVisitor.java:817)
	at org.codehaus.groovy.control.ResolveVisitor.transformDeclarationExpression(ResolveVisitor.java:1173)
	at org.codehaus.groovy.control.ResolveVisitor.transform(ResolveVisitor.java:805)
	at org.codehaus.groovy.ast.ClassCodeExpressionTransformer.visitExpressionStatement(ClassCodeExpressionTransformer.java:129)
	at org.codehaus.groovy.ast.stmt.ExpressionStatement.visit(ExpressionStatement.java:41)
	at org.codehaus.groovy.ast.CodeVisitorSupport.visitBlockStatement(CodeVisitorSupport.java:86)
	at org.codehaus.groovy.ast.ClassCodeVisitorSupport.visitBlockStatement(ClassCodeVisitorSupport.java:168)
	at org.codehaus.groovy.control.ResolveVisitor.visitBlockStatement(ResolveVisitor.java:1386)
	at org.codehaus.groovy.ast.stmt.BlockStatement.visit(BlockStatement.java:72)
	at org.codehaus.groovy.control.ResolveVisitor.transformClosureExpression(ResolveVisitor.java:1125)
	at org.codehaus.groovy.control.ResolveVisitor.transform(ResolveVisitor.java:811)
	at org.codehaus.groovy.ast.expr.Expression.transformExpressions(Expression.java:49)
	at org.codehaus.groovy.ast.expr.ArgumentListExpression.transformExpression(ArgumentListExpression.java:67)
	at org.codehaus.groovy.control.ResolveVisitor.transform(ResolveVisitor.java:818)
	at org.codehaus.groovy.control.ResolveVisitor.transformMethodCallExpression(ResolveVisitor.java:1147)
	at org.codehaus.groovy.control.ResolveVisitor.transform(ResolveVisitor.java:809)
	at org.codehaus.groovy.ast.ClassCodeExpressionTransformer.visitExpressionStatement(ClassCodeExpressionTransformer.java:129)
	at org.codehaus.groovy.ast.stmt.ExpressionStatement.visit(ExpressionStatement.java:41)
	at org.codehaus.groovy.ast.CodeVisitorSupport.visitBlockStatement(CodeVisitorSupport.java:86)
	at org.codehaus.groovy.ast.ClassCodeVisitorSupport.visitBlockStatement(ClassCodeVisitorSupport.java:168)
	at org.codehaus.groovy.control.ResolveVisitor.visitBlockStatement(ResolveVisitor.java:1386)
	at org.codehaus.groovy.ast.stmt.BlockStatement.visit(BlockStatement.java:72)
	at org.codehaus.groovy.ast.ClassCodeVisitorSupport.visitClassCodeContainer(ClassCodeVisitorSupport.java:142)
	at org.codehaus.groovy.ast.ClassCodeVisitorSupport.visitConstructorOrMethod(ClassCodeVisitorSupport.java:115)
	at org.codehaus.groovy.ast.ClassCodeExpressionTransformer.visitConstructorOrMethod(ClassCodeExpressionTransformer.java:87)
	at org.codehaus.groovy.control.ResolveVisitor.visitConstructorOrMethod(ResolveVisitor.java:329)
	at org.codehaus.groovy.ast.ClassCodeVisitorSupport.visitMethod(ClassCodeVisitorSupport.java:110)
	at org.codehaus.groovy.ast.ClassNode.visitMethods(ClassNode.java:1132)
	at org.codehaus.groovy.ast.ClassNode.visitContents(ClassNode.java:1125)
	at org.codehaus.groovy.control.ResolveVisitor.visitClass(ResolveVisitor.java:1315)
	at org.codehaus.groovy.control.ResolveVisitor.startResolving(ResolveVisitor.java:258)
	at org.codehaus.groovy.control.CompilationUnit.lambda$addPhaseOperations$4(CompilationUnit.java:218)
	at org.codehaus.groovy.control.CompilationUnit$ISourceUnitOperation.doPhaseOperation(CompilationUnit.java:897)
	... 37 more
