WARNING: A terminally deprecated method in sun.misc.Unsafe has been called
WARNING: sun.misc.Unsafe::staticFieldBase has been called by com.google.inject.internal.aop.HiddenClassDefiner (file:/home/poddingue/.sdkman/candidates/maven/current/lib/guice-5.1.0-classes.jar)
WARNING: Please consider reporting this to the maintainers of class com.google.inject.internal.aop.HiddenClassDefiner
WARNING: sun.misc.Unsafe::staticFieldBase will be removed in a future release
[INFO] Scanning for projects...
[INFO] 
[INFO] Using the MultiThreadedBuilder implementation with a thread count of 4
[INFO] 
[INFO] ----------------< org.jvnet.hudson.plugins:monitoring >-----------------
[INFO] Building Monitoring 2.6.0-SNAPSHOT
[INFO]   from pom.xml
[INFO] --------------------------------[ hpi ]---------------------------------
[INFO] 
[INFO] --- clean:3.4.0:clean (default-clean) @ monitoring ---
[INFO] 
[INFO] --- hpi:3.59:validate (default-validate) @ monitoring ---
[INFO] Created marker file /tmp/plugin-builds/monitoring/target/java-level/17
[INFO] 
[INFO] --- hpi:3.59:validate-hpi (default-validate-hpi) @ monitoring ---
[INFO] 
[INFO] --- enforcer:3.5.0:enforce (display-info) @ monitoring ---
[INFO] Rule 0: io.jenkins.tools.incrementals.enforcer.RequireExtensionVersion passed
[INFO] Rule 1: org.apache.maven.enforcer.rules.version.RequireMavenVersion passed
[INFO] Rule 2: org.apache.maven.enforcer.rules.version.RequireJavaVersion passed
[INFO] Rule 3: org.codehaus.mojo.extraenforcer.dependencies.EnforceBytecodeVersion passed
[INFO] Rule 4: org.apache.maven.enforcer.rules.dependency.BannedDependencies passed
[INFO] Rule 5: org.apache.maven.enforcer.rules.dependency.RequireUpperBoundDeps passed
[INFO] 
[INFO] --- enforcer:3.5.0:enforce (no-snapshots-in-release) @ monitoring ---
[INFO] Rule 0: org.apache.maven.enforcer.rules.dependency.RequireReleaseDeps passed
[INFO] 
[INFO] --- localizer:1.31:generate (default) @ monitoring ---
[INFO] 
[INFO] --- resources:3.3.1:resources (default-resources) @ monitoring ---
[INFO] Copying 4 resources from src/main/resources to target/classes
[INFO] 
[INFO] --- flatten:1.6.0:flatten (flatten) @ monitoring ---
[INFO] Generating flattened POM of project org.jvnet.hudson.plugins:monitoring:hpi:2.6.0-SNAPSHOT...
[INFO] 
[INFO] --- compiler:3.13.0:compile (default-compile) @ monitoring ---
[INFO] Recompiling the module because of changed source code.
[INFO] Compiling 13 source files with javac [debug parameters release 17] to target/classes
[INFO] net.bull.javamelody.CounterBuildStepListener indexed under hudson.Extension
[INFO] net.bull.javamelody.CounterRunListener indexed under hudson.Extension
[INFO] net.bull.javamelody.WaitingDurationQueueListener indexed under hudson.Extension
[INFO] org.jvnet.hudson.plugins.monitoring.NodesListener indexed under hudson.Extension
[INFO] org.jvnet.hudson.plugins.monitoring.NodesManagementLink indexed under hudson.Extension
[INFO] org.jvnet.hudson.plugins.monitoring.NodesMonitoringActionFactory indexed under hudson.Extension
[INFO] org.jvnet.hudson.plugins.monitoring.PluginManagementLink indexed under hudson.Extension
[INFO] 
[INFO] --- access-modifier-checker:1.34:enforce (default-enforce) @ monitoring ---
[INFO] 
[INFO] --- hpi:3.59:insert-test (default-insert-test) @ monitoring ---
[INFO] 
[INFO] --- antrun:3.1.0:run (createTempDir) @ monitoring ---
[INFO] Executing tasks
[INFO]     [mkdir] Created dir: /tmp/plugin-builds/monitoring/target/tmp
[INFO] Executed tasks
[INFO] 
[INFO] --- resources:3.3.1:testResources (default-testResources) @ monitoring ---
[INFO] Not copying test resources
[INFO] 
[INFO] --- compiler:3.13.0:testCompile (default-testCompile) @ monitoring ---
[INFO] Not compiling test sources
[INFO] 
[INFO] --- hpi:3.59:test-hpl (default-test-hpl) @ monitoring ---
[INFO] Generating /tmp/plugin-builds/monitoring/target/test-classes/the.hpl
[INFO] 
[INFO] --- hpi:3.59:resolve-test-dependencies (default-resolve-test-dependencies) @ monitoring ---
[INFO] 
[INFO] --- hpi:3.59:test-runtime (default-test-runtime) @ monitoring ---
[INFO] Tests are skipped.
[INFO] 
[INFO] --- surefire:3.5.1:test (default-test) @ monitoring ---
[INFO] Tests are skipped.
[INFO] 
[INFO] --- license:159.v49b_58e948f31:process (default) @ monitoring ---
[INFO] ------------------------------------------------------------------------
[INFO] BUILD FAILURE
[INFO] ------------------------------------------------------------------------
[INFO] Total time:  24.908 s (Wall Clock)
[INFO] Finished at: 2025-08-22T18:34:59+02:00
[INFO] ------------------------------------------------------------------------
[ERROR] BUG! exception in phase 'semantic analysis' in source unit 'inlineScript' Unsupported class file major version 69 -> [Help 1]
[ERROR] BUG! exception in phase 'semantic analysis' in source unit 'inlineScript' Unsupported class file major version 69
[ERROR] 
[ERROR] To see the full stack trace of the errors, re-run Maven with the -e switch.
[ERROR] Re-run Maven using the -X switch to enable full debug logging.
[ERROR] 
[ERROR] For more information about the errors and possible solutions, please read the following articles:
[ERROR] [Help 1] http://cwiki.apache.org/confluence/display/MAVEN/GroovyBugError
