WARNING: A terminally deprecated method in sun.misc.Unsafe has been called
WARNING: sun.misc.Unsafe::staticFieldBase has been called by com.google.inject.internal.aop.HiddenClassDefiner (file:/home/poddingue/.sdkman/candidates/maven/current/lib/guice-5.1.0-classes.jar)
WARNING: Please consider reporting this to the maintainers of class com.google.inject.internal.aop.HiddenClassDefiner
WARNING: sun.misc.Unsafe::staticFieldBase will be removed in a future release
[INFO] Scanning for projects...
[INFO] 
[INFO] Using the MultiThreadedBuilder implementation with a thread count of 4
[INFO] 
[INFO] -------------------< org.jenkins-ci.plugins:nodejs >--------------------
[INFO] Building NodeJS Plugin 1.6.6-SNAPSHOT
[INFO]   from pom.xml
[INFO] --------------------------------[ hpi ]---------------------------------
[INFO] 
[INFO] --- clean:3.4.1:clean (default-clean) @ nodejs ---
[INFO] 
[INFO] --- hpi:3.61:validate (default-validate) @ nodejs ---
[INFO] Created marker file /tmp/plugin-builds/nodejs/target/java-level/17
[INFO] 
[INFO] --- hpi:3.61:validate-hpi (default-validate-hpi) @ nodejs ---
[INFO] 
[INFO] --- enforcer:3.5.0:enforce (display-info) @ nodejs ---
[INFO] Rule 0: io.jenkins.tools.incrementals.enforcer.RequireExtensionVersion passed
[INFO] Rule 1: org.apache.maven.enforcer.rules.version.RequireMavenVersion passed
[INFO] Rule 2: org.apache.maven.enforcer.rules.version.RequireJavaVersion passed
[INFO] Rule 3: org.codehaus.mojo.extraenforcer.dependencies.EnforceBytecodeVersion passed
[INFO] Rule 4: org.apache.maven.enforcer.rules.dependency.BannedDependencies passed
[INFO] Rule 5: org.apache.maven.enforcer.rules.dependency.BannedDependencies passed
[INFO] Ignoring requireUpperBoundDeps in org.ow2.asm:asm
[INFO] Rule 6: org.apache.maven.enforcer.rules.dependency.RequireUpperBoundDeps passed
[INFO] 
[INFO] --- enforcer:3.5.0:enforce (no-snapshots-in-release) @ nodejs ---
[INFO] Rule 0: org.apache.maven.enforcer.rules.dependency.RequireReleaseDeps passed
[INFO] 
[INFO] --- localizer:1.31:generate (default) @ nodejs ---
[INFO] 
[INFO] --- resources:3.3.1:resources (default-resources) @ nodejs ---
[INFO] Copying 32 resources from src/main/resources to target/classes
[INFO] 
[INFO] --- flatten:1.7.0:flatten (flatten) @ nodejs ---
[INFO] Generating flattened POM of project org.jenkins-ci.plugins:nodejs:hpi:1.6.6-SNAPSHOT...
[INFO] 
[INFO] --- compiler:3.14.0:compile (default-compile) @ nodejs ---
[INFO] Recompiling the module because of changed source code.
[INFO] Compiling 29 source files with javac [debug parameters release 17] to target/classes
[INFO] jenkins.plugins.nodejs.NodeJSBuildWrapper.DescriptorImpl indexed under hudson.Extension
[INFO] jenkins.plugins.nodejs.NodeJSCommandInterpreter.NodeJsDescriptor indexed under hudson.Extension
[INFO] jenkins.plugins.nodejs.cache.DefaultCacheLocationLocator.DescriptorImpl indexed under hudson.Extension
[INFO] jenkins.plugins.nodejs.cache.PerExecutorCacheLocationLocator.DescriptorImpl indexed under hudson.Extension
[INFO] jenkins.plugins.nodejs.cache.PerJobCacheLocationLocator.DescriptorImpl indexed under hudson.Extension
[INFO] jenkins.plugins.nodejs.configfiles.NPMConfig.NPMConfigProvider indexed under hudson.Extension
[INFO] jenkins.plugins.nodejs.configfiles.NPMRegistry.DescriptorImpl indexed under hudson.Extension
[INFO] jenkins.plugins.nodejs.tools.MirrorNodeJSInstaller.DescriptorImpl indexed under hudson.Extension
[INFO] jenkins.plugins.nodejs.tools.NodeJSInstallation.DescriptorImpl indexed under hudson.Extension
[INFO] jenkins.plugins.nodejs.tools.NodeJSInstaller.DescriptorImpl indexed under hudson.Extension
[INFO] /tmp/plugin-builds/nodejs/src/main/java/jenkins/plugins/nodejs/NodeJSBuildWrapper.java:[110,12] Generating jenkins/plugins/nodejs/NodeJSBuildWrapper.stapler
[INFO] /tmp/plugin-builds/nodejs/src/main/java/jenkins/plugins/nodejs/NodeJSCommandInterpreter.java:[87,12] Generating jenkins/plugins/nodejs/NodeJSCommandInterpreter.stapler
[INFO] /tmp/plugin-builds/nodejs/src/main/java/jenkins/plugins/nodejs/cache/DefaultCacheLocationLocator.java:[40,12] Generating jenkins/plugins/nodejs/cache/DefaultCacheLocationLocator.stapler
[INFO] /tmp/plugin-builds/nodejs/src/main/java/jenkins/plugins/nodejs/cache/PerExecutorCacheLocationLocator.java:[43,12] Generating jenkins/plugins/nodejs/cache/PerExecutorCacheLocationLocator.stapler
[INFO] /tmp/plugin-builds/nodejs/src/main/java/jenkins/plugins/nodejs/cache/PerJobCacheLocationLocator.java:[40,12] Generating jenkins/plugins/nodejs/cache/PerJobCacheLocationLocator.stapler
[INFO] /tmp/plugin-builds/nodejs/src/main/java/jenkins/plugins/nodejs/configfiles/NPMConfig.java:[64,12] Generating jenkins/plugins/nodejs/configfiles/NPMConfig.stapler
[INFO] /tmp/plugin-builds/nodejs/src/main/java/jenkins/plugins/nodejs/configfiles/NPMRegistry.java:[117,12] Generating jenkins/plugins/nodejs/configfiles/NPMRegistry.stapler
[INFO] /tmp/plugin-builds/nodejs/src/main/java/jenkins/plugins/nodejs/tools/MirrorNodeJSInstaller.java:[86,12] Generating jenkins/plugins/nodejs/tools/MirrorNodeJSInstaller.stapler
[INFO] /tmp/plugin-builds/nodejs/src/main/java/jenkins/plugins/nodejs/tools/NodeJSInstallation.java:[71,12] Generating jenkins/plugins/nodejs/tools/NodeJSInstallation.stapler
[INFO] /tmp/plugin-builds/nodejs/src/main/java/jenkins/plugins/nodejs/tools/NodeJSInstaller.java:[96,12] Generating jenkins/plugins/nodejs/tools/NodeJSInstaller.stapler
[INFO] /tmp/plugin-builds/nodejs/src/main/java/jenkins/plugins/nodejs/NodeJSCommandInterpreter.java:[307,31] Generating jenkins/plugins/nodejs/NodeJSCommandInterpreter/NodeJsDescriptor/doCheckConfigId.stapler
[INFO] /tmp/plugin-builds/nodejs/src/main/java/jenkins/plugins/nodejs/configfiles/NPMRegistry.java:[273,29] Generating jenkins/plugins/nodejs/configfiles/NPMRegistry/DescriptorImpl/doFillCredentialsIdItems.stapler
[INFO] /tmp/plugin-builds/nodejs/src/main/java/jenkins/plugins/nodejs/configfiles/NPMRegistry.java:[237,31] Generating jenkins/plugins/nodejs/configfiles/NPMRegistry/DescriptorImpl/doCheckUrl.stapler
[INFO] /tmp/plugin-builds/nodejs/src/main/java/jenkins/plugins/nodejs/tools/MirrorNodeJSInstaller.java:[217,29] Generating jenkins/plugins/nodejs/tools/MirrorNodeJSInstaller/DescriptorImpl/doFillCredentialsIdItems.stapler
[INFO] /tmp/plugin-builds/nodejs/src/main/java/jenkins/plugins/nodejs/tools/MirrorNodeJSInstaller.java:[252,31] Generating jenkins/plugins/nodejs/tools/MirrorNodeJSInstaller/DescriptorImpl/doCheckMirrorURL.stapler
[INFO] /tmp/plugin-builds/nodejs/src/main/java/jenkins/plugins/nodejs/configfiles/NPMRegistry.java:[215,31] Generating jenkins/plugins/nodejs/configfiles/NPMRegistry/DescriptorImpl/doCheckScopes.stapler
[INFO] /tmp/plugin-builds/nodejs/src/main/java/jenkins/plugins/nodejs/tools/MirrorNodeJSInstaller.java:[195,31] Generating jenkins/plugins/nodejs/tools/MirrorNodeJSInstaller/DescriptorImpl/doCheckCredentialsId.stapler
[INFO] /tmp/plugin-builds/nodejs/src/main/java/jenkins/plugins/nodejs/configfiles/NPMRegistry.java:[251,31] Generating jenkins/plugins/nodejs/configfiles/NPMRegistry/DescriptorImpl/doCheckCredentialsId.stapler
[INFO] /tmp/plugin-builds/nodejs/src/main/java/jenkins/plugins/nodejs/configfiles/NPMRegistry.java: Some input files use or override a deprecated API.
[INFO] /tmp/plugin-builds/nodejs/src/main/java/jenkins/plugins/nodejs/configfiles/NPMRegistry.java: Recompile with -Xlint:deprecation for details.
[INFO] 
[INFO] --- access-modifier-checker:1.34:enforce (default-enforce) @ nodejs ---
[INFO] 
[INFO] --- hpi:3.61:insert-test (default-insert-test) @ nodejs ---
[INFO] 
[INFO] --- antrun:3.1.0:run (createTempDir) @ nodejs ---
[INFO] Executing tasks
[INFO]     [mkdir] Created dir: /tmp/plugin-builds/nodejs/target/tmp
[INFO] Executed tasks
[INFO] 
[INFO] --- resources:3.3.1:testResources (default-testResources) @ nodejs ---
[INFO] Not copying test resources
[INFO] 
[INFO] --- compiler:3.14.0:testCompile (default-testCompile) @ nodejs ---
[INFO] Not compiling test sources
[INFO] 
[INFO] --- hpi:3.61:test-hpl (default-test-hpl) @ nodejs ---
[INFO] Generating /tmp/plugin-builds/nodejs/target/test-classes/the.hpl
[INFO] 
[INFO] --- hpi:3.61:resolve-test-dependencies (default-resolve-test-dependencies) @ nodejs ---
[INFO] 
[INFO] --- hpi:3.61:test-runtime (default-test-runtime) @ nodejs ---
[INFO] Tests are skipped.
[INFO] 
[INFO] --- surefire:3.5.2:test (default-test) @ nodejs ---
[INFO] Tests are skipped.
[INFO] 
[INFO] --- license:165.v7e11f4e4a_325:process (default) @ nodejs ---
[INFO] ------------------------------------------------------------------------
[INFO] BUILD FAILURE
[INFO] ------------------------------------------------------------------------
[INFO] Total time:  25.109 s (Wall Clock)
[INFO] Finished at: 2025-09-01T09:29:25+02:00
[INFO] ------------------------------------------------------------------------
[ERROR] BUG! exception in phase 'semantic analysis' in source unit 'inlineScript' Unsupported class file major version 69 -> [Help 1]
[ERROR] BUG! exception in phase 'semantic analysis' in source unit 'inlineScript' Unsupported class file major version 69
[ERROR] 
[ERROR] To see the full stack trace of the errors, re-run Maven with the -e switch.
[ERROR] Re-run Maven using the -X switch to enable full debug logging.
[ERROR] 
[ERROR] For more information about the errors and possible solutions, please read the following articles:
[ERROR] [Help 1] http://cwiki.apache.org/confluence/display/MAVEN/GroovyBugError
