WARNING: A terminally deprecated method in sun.misc.Unsafe has been called
WARNING: sun.misc.Unsafe::staticFieldBase has been called by com.google.inject.internal.aop.HiddenClassDefiner (file:/home/poddingue/.sdkman/candidates/maven/current/lib/guice-5.1.0-classes.jar)
WARNING: Please consider reporting this to the maintainers of class com.google.inject.internal.aop.HiddenClassDefiner
WARNING: sun.misc.Unsafe::staticFieldBase will be removed in a future release
[INFO] Scanning for projects...
[INFO] 
[INFO] Using the MultiThreadedBuilder implementation with a thread count of 4
[INFO] 
[INFO] ------------------< org.jenkins-ci.plugins:pam-auth >-------------------
[INFO] Building PAM Authentication plugin 1.13-SNAPSHOT
[INFO]   from pom.xml
[INFO] --------------------------------[ hpi ]---------------------------------
[INFO] 
[INFO] --- clean:3.4.0:clean (default-clean) @ pam-auth ---
[INFO] 
[INFO] --- hpi:3.61:validate (default-validate) @ pam-auth ---
[INFO] Created marker file /tmp/plugin-builds/pam-auth/target/java-level/17
[INFO] 
[INFO] --- hpi:3.61:validate-hpi (default-validate-hpi) @ pam-auth ---
[INFO] 
[INFO] --- enforcer:3.5.0:enforce (display-info) @ pam-auth ---
[INFO] Rule 0: io.jenkins.tools.incrementals.enforcer.RequireExtensionVersion passed
[INFO] Rule 1: org.apache.maven.enforcer.rules.version.RequireMavenVersion passed
[INFO] Rule 2: org.apache.maven.enforcer.rules.version.RequireJavaVersion passed
[INFO] Rule 3: org.codehaus.mojo.extraenforcer.dependencies.EnforceBytecodeVersion passed
[INFO] Rule 4: org.apache.maven.enforcer.rules.dependency.BannedDependencies passed
[INFO] Rule 5: org.apache.maven.enforcer.rules.dependency.BannedDependencies passed
[INFO] Rule 6: org.apache.maven.enforcer.rules.dependency.RequireUpperBoundDeps passed
[INFO] 
[INFO] --- enforcer:3.5.0:enforce (no-snapshots-in-release) @ pam-auth ---
[INFO] Rule 0: org.apache.maven.enforcer.rules.dependency.RequireReleaseDeps passed
[INFO] 
[INFO] --- localizer:1.31:generate (default) @ pam-auth ---
[INFO] 
[INFO] --- resources:3.3.1:resources (default-resources) @ pam-auth ---
[INFO] Copying 17 resources from src/main/resources to target/classes
[INFO] 
[INFO] --- flatten:1.6.0:flatten (flatten) @ pam-auth ---
[INFO] Generating flattened POM of project org.jenkins-ci.plugins:pam-auth:hpi:1.13-SNAPSHOT...
[INFO] 
[INFO] --- compiler:3.13.0:compile (default-compile) @ pam-auth ---
[INFO] Recompiling the module because of changed source code.
[INFO] Compiling 2 source files with javac [debug parameters release 17] to target/classes
[INFO] hudson.security.PAMSecurityRealm.install indexed under hudson.Extension
[INFO] /tmp/plugin-builds/pam-auth/src/main/java/hudson/security/PAMSecurityRealm.java:[73,12] Generating hudson/security/PAMSecurityRealm.stapler
[INFO] 
[INFO] --- access-modifier-checker:1.34:enforce (default-enforce) @ pam-auth ---
[INFO] 
[INFO] --- hpi:3.61:insert-test (default-insert-test) @ pam-auth ---
[INFO] 
[INFO] --- antrun:3.1.0:run (createTempDir) @ pam-auth ---
[INFO] Executing tasks
[INFO]     [mkdir] Created dir: /tmp/plugin-builds/pam-auth/target/tmp
[INFO] Executed tasks
[INFO] 
[INFO] --- resources:3.3.1:testResources (default-testResources) @ pam-auth ---
[INFO] Not copying test resources
[INFO] 
[INFO] --- compiler:3.13.0:testCompile (default-testCompile) @ pam-auth ---
[INFO] Not compiling test sources
[INFO] 
[INFO] --- hpi:3.61:test-hpl (default-test-hpl) @ pam-auth ---
[INFO] Generating /tmp/plugin-builds/pam-auth/target/test-classes/the.hpl
[INFO] 
[INFO] --- hpi:3.61:resolve-test-dependencies (default-resolve-test-dependencies) @ pam-auth ---
[INFO] 
[INFO] --- hpi:3.61:test-runtime (default-test-runtime) @ pam-auth ---
[INFO] Tests are skipped.
[INFO] 
[INFO] --- surefire:3.5.2:test (default-test) @ pam-auth ---
[INFO] Tests are skipped.
[INFO] 
[INFO] --- license:165.v7e11f4e4a_325:process (default) @ pam-auth ---
[INFO] ------------------------------------------------------------------------
[INFO] BUILD FAILURE
[INFO] ------------------------------------------------------------------------
[INFO] Total time:  24.178 s (Wall Clock)
[INFO] Finished at: 2025-09-01T09:16:01+02:00
[INFO] ------------------------------------------------------------------------
[ERROR] BUG! exception in phase 'semantic analysis' in source unit 'inlineScript' Unsupported class file major version 69 -> [Help 1]
[ERROR] BUG! exception in phase 'semantic analysis' in source unit 'inlineScript' Unsupported class file major version 69
[ERROR] 
[ERROR] To see the full stack trace of the errors, re-run Maven with the -e switch.
[ERROR] Re-run Maven using the -X switch to enable full debug logging.
[ERROR] 
[ERROR] For more information about the errors and possible solutions, please read the following articles:
[ERROR] [Help 1] http://cwiki.apache.org/confluence/display/MAVEN/GroovyBugError
