WARNING: A restricted method in java.lang.System has been called
WARNING: java.lang.System::load has been called by org.fusesource.jansi.internal.JansiLoader in an unnamed module (file:/home/poddingue/.sdkman/candidates/maven/current/lib/jansi-2.4.1.jar)
WARNING: Use --enable-native-access=ALL-UNNAMED to avoid a warning for callers in this module
WARNING: Restricted methods will be blocked in a future release unless native access is enabled

WARNING: A terminally deprecated method in sun.misc.Unsafe has been called
WARNING: sun.misc.Unsafe::objectFieldOffset has been called by com.google.common.util.concurrent.AbstractFuture$UnsafeAtomicHelper (file:/home/poddingue/.sdkman/candidates/maven/current/lib/guava-33.2.1-jre.jar)
WARNING: Please consider reporting this to the maintainers of class com.google.common.util.concurrent.AbstractFuture$UnsafeAtomicHelper
WARNING: sun.misc.Unsafe::objectFieldOffset will be removed in a future release
[INFO] Scanning for projects...
[INFO] 
[INFO] ------------< org.jenkins-ci.plugins:parameterized-trigger >------------
[INFO] Building Jenkins Parameterized Trigger plugin 999999-SNAPSHOT
[INFO]   from pom.xml
[INFO] --------------------------------[ hpi ]---------------------------------
[INFO] 
[INFO] --- clean:3.4.1:clean (default-clean) @ parameterized-trigger ---
[INFO] 
[INFO] --- hpi:3.65:validate (default-validate) @ parameterized-trigger ---
[INFO] Created marker file /tmp/plugin-builds/parameterized-trigger/target/java-level/17
[INFO] 
[INFO] --- hpi:3.65:validate-hpi (default-validate-hpi) @ parameterized-trigger ---
[INFO] 
[INFO] --- enforcer:3.5.0:enforce (display-info) @ parameterized-trigger ---
[INFO] Rule 0: io.jenkins.tools.incrementals.enforcer.RequireExtensionVersion passed
[INFO] Rule 1: org.apache.maven.enforcer.rules.version.RequireMavenVersion passed
[INFO] Rule 2: org.apache.maven.enforcer.rules.version.RequireJavaVersion passed
[INFO] Rule 3: org.codehaus.mojo.extraenforcer.dependencies.EnforceBytecodeVersion passed
[INFO] Rule 4: org.apache.maven.enforcer.rules.dependency.BannedDependencies passed
[INFO] Rule 5: org.apache.maven.enforcer.rules.dependency.BannedDependencies passed
[INFO] Ignoring requireUpperBoundDeps in org.ow2.asm:asm
[INFO] Rule 6: org.apache.maven.enforcer.rules.dependency.RequireUpperBoundDeps passed
[INFO] 
[INFO] --- enforcer:3.5.0:enforce (no-snapshots-in-release) @ parameterized-trigger ---
[INFO] Rule 0: org.apache.maven.enforcer.rules.dependency.RequireReleaseDeps passed
[INFO] 
[INFO] --- localizer:1.31:generate (default) @ parameterized-trigger ---
[INFO] 
[INFO] --- resources:3.3.1:resources (default-resources) @ parameterized-trigger ---
[INFO] Copying 68 resources from src/main/resources to target/classes
[INFO] 
[INFO] --- flatten:1.7.0:flatten (flatten) @ parameterized-trigger ---
[INFO] Generating flattened POM of project org.jenkins-ci.plugins:parameterized-trigger:hpi:999999-SNAPSHOT...
[INFO] 
[INFO] --- compiler:3.14.0:compile (default-compile) @ parameterized-trigger ---
[INFO] Recompiling the module because of changed source code.
[INFO] Compiling 42 source files with javac [debug parameters release 17] to target/classes
[INFO] hudson.plugins.parameterizedtrigger.BinaryFileParameterFactory.DescriptorImpl indexed under hudson.Extension
[INFO] hudson.plugins.parameterizedtrigger.BlockableBuildTriggerConfig.DescriptorImpl indexed under hudson.Extension
[INFO] hudson.plugins.parameterizedtrigger.BlockingBehaviour.DescriptorImpl indexed under hudson.Extension
[INFO] hudson.plugins.parameterizedtrigger.BooleanParameterConfig.DescriptorImpl indexed under hudson.Extension
[INFO] hudson.plugins.parameterizedtrigger.BooleanParameters.DescriptorImpl indexed under hudson.Extension
[INFO] hudson.plugins.parameterizedtrigger.BuildTrigger.DescriptorImpl indexed under hudson.Extension
[INFO] hudson.plugins.parameterizedtrigger.BuildTriggerConfig.DescriptorImpl indexed under hudson.Extension
[INFO] hudson.plugins.parameterizedtrigger.CounterBuildParameterFactory.DescriptorImpl indexed under hudson.Extension
[INFO] hudson.plugins.parameterizedtrigger.CurrentBuildParameters.DescriptorImpl indexed under hudson.Extension
[INFO] hudson.plugins.parameterizedtrigger.FileBuildParameterFactory.DescriptorImpl indexed under hudson.Extension
[INFO] hudson.plugins.parameterizedtrigger.FileBuildParameters.DescriptorImpl indexed under hudson.Extension
[INFO] hudson.plugins.parameterizedtrigger.NodeParameters.DescriptorImpl indexed under hudson.Extension
[INFO] hudson.plugins.parameterizedtrigger.Plugin.RenameListener indexed under hudson.Extension
[INFO] hudson.plugins.parameterizedtrigger.PredefinedBuildParameters.DescriptorImpl indexed under hudson.Extension
[INFO] hudson.plugins.parameterizedtrigger.SubversionRevisionBuildParameters.DescriptorImpl indexed under hudson.Extension
[INFO] hudson.plugins.parameterizedtrigger.TriggerBuilder.DescriptorImpl indexed under hudson.Extension
[INFO] hudson.plugins.parameterizedtrigger.matrix.MatrixBuildListenerImpl indexed under hudson.Extension
[INFO] hudson.plugins.parameterizedtrigger.matrix.MatrixSubsetBuildParameters.DescriptorImpl indexed under hudson.Extension
[INFO] /tmp/plugin-builds/parameterized-trigger/src/main/java/hudson/plugins/parameterizedtrigger/BinaryFileParameterFactory.java:[31,12] Generating hudson/plugins/parameterizedtrigger/BinaryFileParameterFactory.stapler
[INFO] /tmp/plugin-builds/parameterized-trigger/src/main/java/hudson/plugins/parameterizedtrigger/BlockableBuildTriggerConfig.java:[41,12] Generating hudson/plugins/parameterizedtrigger/BlockableBuildTriggerConfig.stapler
[INFO] /tmp/plugin-builds/parameterized-trigger/src/main/java/hudson/plugins/parameterizedtrigger/BlockingBehaviour.java:[51,12] Generating hudson/plugins/parameterizedtrigger/BlockingBehaviour.stapler
[INFO] /tmp/plugin-builds/parameterized-trigger/src/main/java/hudson/plugins/parameterizedtrigger/BooleanParameterConfig.java:[42,12] Generating hudson/plugins/parameterizedtrigger/BooleanParameterConfig.stapler
[INFO] /tmp/plugin-builds/parameterized-trigger/src/main/java/hudson/plugins/parameterizedtrigger/BooleanParameters.java:[48,12] Generating hudson/plugins/parameterizedtrigger/BooleanParameters.stapler
[INFO] /tmp/plugin-builds/parameterized-trigger/src/main/java/hudson/plugins/parameterizedtrigger/BuildTrigger.java:[40,12] Generating hudson/plugins/parameterizedtrigger/BuildTrigger.stapler
[INFO] /tmp/plugin-builds/parameterized-trigger/src/main/java/hudson/plugins/parameterizedtrigger/BuildTriggerConfig.java:[97,12] Generating hudson/plugins/parameterizedtrigger/BuildTriggerConfig.stapler
[INFO] /tmp/plugin-builds/parameterized-trigger/src/main/java/hudson/plugins/parameterizedtrigger/CounterBuildParameterFactory.java:[77,12] Generating hudson/plugins/parameterizedtrigger/CounterBuildParameterFactory.stapler
[INFO] /tmp/plugin-builds/parameterized-trigger/src/main/java/hudson/plugins/parameterizedtrigger/CurrentBuildParameters.java:[19,12] Generating hudson/plugins/parameterizedtrigger/CurrentBuildParameters.stapler
[INFO] /tmp/plugin-builds/parameterized-trigger/src/main/java/hudson/plugins/parameterizedtrigger/FileBuildParameterFactory.java:[78,12] Generating hudson/plugins/parameterizedtrigger/FileBuildParameterFactory.stapler
[INFO] /tmp/plugin-builds/parameterized-trigger/src/main/java/hudson/plugins/parameterizedtrigger/FileBuildParameters.java:[50,12] Generating hudson/plugins/parameterizedtrigger/FileBuildParameters.stapler
[INFO] /tmp/plugin-builds/parameterized-trigger/src/main/java/hudson/plugins/parameterizedtrigger/NodeParameters.java:[25,12] Generating hudson/plugins/parameterizedtrigger/NodeParameters.stapler
[INFO] /tmp/plugin-builds/parameterized-trigger/src/main/java/hudson/plugins/parameterizedtrigger/PredefinedBuildParameters.java:[26,12] Generating hudson/plugins/parameterizedtrigger/PredefinedBuildParameters.stapler
[INFO] /tmp/plugin-builds/parameterized-trigger/src/main/java/hudson/plugins/parameterizedtrigger/SubversionRevisionBuildParameters.java:[24,12] Generating hudson/plugins/parameterizedtrigger/SubversionRevisionBuildParameters.stapler
[INFO] /tmp/plugin-builds/parameterized-trigger/src/main/java/hudson/plugins/parameterizedtrigger/TriggerBuilder.java:[67,12] Generating hudson/plugins/parameterizedtrigger/TriggerBuilder.stapler
[INFO] /tmp/plugin-builds/parameterized-trigger/src/main/java/hudson/plugins/parameterizedtrigger/matrix/MatrixSubsetBuildParameters.java:[22,12] Generating hudson/plugins/parameterizedtrigger/matrix/MatrixSubsetBuildParameters.stapler
[INFO] /tmp/plugin-builds/parameterized-trigger/src/main/java/hudson/plugins/parameterizedtrigger/BuildInfoExporterAction.java:[43,8] Generating hudson/plugins/parameterizedtrigger/BuildInfoExporterAction.javadoc
[INFO] /tmp/plugin-builds/parameterized-trigger/src/main/java/hudson/plugins/parameterizedtrigger/FileBuildParameters.java:[237,31] Generating hudson/plugins/parameterizedtrigger/FileBuildParameters/DescriptorImpl/doCheckEncoding.stapler
[INFO] /tmp/plugin-builds/parameterized-trigger/src/main/java/hudson/plugins/parameterizedtrigger/CounterBuildParameterFactory.java:[126,31] Generating hudson/plugins/parameterizedtrigger/CounterBuildParameterFactory/DescriptorImpl/doCheckFrom.stapler
[INFO] /tmp/plugin-builds/parameterized-trigger/src/main/java/hudson/plugins/parameterizedtrigger/BuildTriggerConfig.java:[855,41] Generating hudson/plugins/parameterizedtrigger/BuildTriggerConfig/DescriptorImpl/doAutoCompleteProjects.stapler
[INFO] /tmp/plugin-builds/parameterized-trigger/src/main/java/hudson/plugins/parameterizedtrigger/BuildTriggerConfig.java:[800,31] Generating hudson/plugins/parameterizedtrigger/BuildTriggerConfig/DescriptorImpl/doCheckProjects.stapler
[INFO] /tmp/plugin-builds/parameterized-trigger/src/main/java/hudson/plugins/parameterizedtrigger/CounterBuildParameterFactory.java:[134,31] Generating hudson/plugins/parameterizedtrigger/CounterBuildParameterFactory/DescriptorImpl/doCheckStep.stapler
[INFO] /tmp/plugin-builds/parameterized-trigger/src/main/java/hudson/plugins/parameterizedtrigger/CounterBuildParameterFactory.java:[130,31] Generating hudson/plugins/parameterizedtrigger/CounterBuildParameterFactory/DescriptorImpl/doCheckTo.stapler
[INFO] /tmp/plugin-builds/parameterized-trigger/src/main/java/hudson/plugins/parameterizedtrigger/BuildTriggerConfig.java: Some input files use or override a deprecated API.
[INFO] /tmp/plugin-builds/parameterized-trigger/src/main/java/hudson/plugins/parameterizedtrigger/BuildTriggerConfig.java: Recompile with -Xlint:deprecation for details.
[INFO] /tmp/plugin-builds/parameterized-trigger/src/main/java/hudson/plugins/parameterizedtrigger/FileBuildParameterFactory.java: Some input files use unchecked or unsafe operations.
[INFO] /tmp/plugin-builds/parameterized-trigger/src/main/java/hudson/plugins/parameterizedtrigger/FileBuildParameterFactory.java: Recompile with -Xlint:unchecked for details.
[INFO] 
[INFO] --- access-modifier-checker:1.35:enforce (default-enforce) @ parameterized-trigger ---
[INFO] Skipping access modifier checks
[INFO] 
[INFO] --- bridge-method-injector:1.31:process (default) @ parameterized-trigger ---
[INFO] 
[INFO] --- hpi:3.65:insert-test (default-insert-test) @ parameterized-trigger ---
[INFO] 
[INFO] --- antrun:3.1.0:run (createTempDir) @ parameterized-trigger ---
[INFO] Executing tasks
[INFO]     [mkdir] Created dir: /tmp/plugin-builds/parameterized-trigger/target/tmp
[INFO] Executed tasks
[INFO] 
[INFO] --- resources:3.3.1:testResources (default-testResources) @ parameterized-trigger ---
[INFO] Copying 23 resources from src/test/resources to target/test-classes
[INFO] 
[INFO] --- compiler:3.14.0:testCompile (default-testCompile) @ parameterized-trigger ---
[INFO] Recompiling the module because of changed dependency.
[INFO] Compiling 25 source files with javac [debug parameters release 17] to target/test-classes
[INFO] hudson.plugins.parameterizedtrigger.test.ParameterizedTriggerPermissionTest.FooUserAuthenticator.DescriptorImpl indexed under org.jvnet.hudson.test.TestExtension
[INFO] hudson.plugins.parameterizedtrigger.test.AbortedBuilder.DescriptorImpl indexed under hudson.Extension
[INFO] hudson.plugins.parameterizedtrigger.test.CaptureAllEnvironmentBuilder.DescriptorImpl indexed under hudson.Extension
[INFO] /tmp/plugin-builds/parameterized-trigger/src/test/java/hudson/plugins/parameterizedtrigger/test/BuildInfoExporterTest.java: Some input files use or override a deprecated API.
[INFO] /tmp/plugin-builds/parameterized-trigger/src/test/java/hudson/plugins/parameterizedtrigger/test/BuildInfoExporterTest.java: Recompile with -Xlint:deprecation for details.
[INFO] /tmp/plugin-builds/parameterized-trigger/src/test/java/hudson/plugins/parameterizedtrigger/test/BuildTriggerConfigTest.java: Some input files use unchecked or unsafe operations.
[INFO] /tmp/plugin-builds/parameterized-trigger/src/test/java/hudson/plugins/parameterizedtrigger/test/BuildTriggerConfigTest.java: Recompile with -Xlint:unchecked for details.
[INFO] 
[INFO] --- hpi:3.65:test-hpl (default-test-hpl) @ parameterized-trigger ---
[INFO] Generating /tmp/plugin-builds/parameterized-trigger/target/test-classes/the.hpl
[INFO] 
[INFO] --- hpi:3.65:resolve-test-dependencies (default-resolve-test-dependencies) @ parameterized-trigger ---
[INFO] 
[INFO] --- hpi:3.65:test-runtime (default-test-runtime) @ parameterized-trigger ---
[INFO] Tests are skipped.
[INFO] 
[INFO] --- surefire:3.5.3:test (default-test) @ parameterized-trigger ---
[INFO] Tests are skipped.
[INFO] 
[INFO] --- license:165.v7e11f4e4a_325:process (default) @ parameterized-trigger ---
[INFO] ------------------------------------------------------------------------
[INFO] BUILD FAILURE
[INFO] ------------------------------------------------------------------------
[INFO] Total time:  11.177 s
[INFO] Finished at: 2025-06-05T12:45:38+02:00
[INFO] ------------------------------------------------------------------------
---------------------------------------------------
constituent[0]: file:/home/poddingue/.sdkman/candidates/maven/current/conf/logging/
constituent[1]: file:/home/poddingue/.sdkman/candidates/maven/current/lib/plexus-cipher-2.0.jar
constituent[2]: file:/home/poddingue/.sdkman/candidates/maven/current/lib/maven-shared-utils-3.4.2.jar
constituent[3]: file:/home/poddingue/.sdkman/candidates/maven/current/lib/wagon-provider-api-3.5.3.jar
constituent[4]: file:/home/poddingue/.sdkman/candidates/maven/current/lib/guice-5.1.0.jar
constituent[5]: file:/home/poddingue/.sdkman/candidates/maven/current/lib/httpclient-4.5.14.jar
constituent[6]: file:/home/poddingue/.sdkman/candidates/maven/current/lib/slf4j-api-1.7.36.jar
constituent[7]: file:/home/poddingue/.sdkman/candidates/maven/current/lib/commons-codec-1.17.1.jar
constituent[8]: file:/home/poddingue/.sdkman/candidates/maven/current/lib/maven-resolver-impl-1.9.22.jar
constituent[9]: file:/home/poddingue/.sdkman/candidates/maven/current/lib/maven-resolver-named-locks-1.9.22.jar
constituent[10]: file:/home/poddingue/.sdkman/candidates/maven/current/lib/maven-resolver-util-1.9.22.jar
constituent[11]: file:/home/poddingue/.sdkman/candidates/maven/current/lib/maven-resolver-transport-http-1.9.22.jar
constituent[12]: file:/home/poddingue/.sdkman/candidates/maven/current/lib/plexus-sec-dispatcher-2.0.jar
constituent[13]: file:/home/poddingue/.sdkman/candidates/maven/current/lib/maven-resolver-api-1.9.22.jar
constituent[14]: file:/home/poddingue/.sdkman/candidates/maven/current/lib/guava-33.2.1-jre.jar
constituent[15]: file:/home/poddingue/.sdkman/candidates/maven/current/lib/maven-settings-3.9.9.jar
constituent[16]: file:/home/poddingue/.sdkman/candidates/maven/current/lib/maven-resolver-transport-file-1.9.22.jar
constituent[17]: file:/home/poddingue/.sdkman/candidates/maven/current/lib/wagon-http-shared-3.5.3.jar
constituent[18]: file:/home/poddingue/.sdkman/candidates/maven/current/lib/maven-resolver-transport-wagon-1.9.22.jar
constituent[19]: file:/home/poddingue/.sdkman/candidates/maven/current/lib/plexus-interpolation-1.27.jar
constituent[20]: file:/home/poddingue/.sdkman/candidates/maven/current/lib/maven-model-3.9.9.jar
constituent[21]: file:/home/poddingue/.sdkman/candidates/maven/current/lib/maven-settings-builder-3.9.9.jar
constituent[22]: file:/home/poddingue/.sdkman/candidates/maven/current/lib/jansi-2.4.1.jar
constituent[23]: file:/home/poddingue/.sdkman/candidates/maven/current/lib/commons-cli-1.8.0.jar
constituent[24]: file:/home/poddingue/.sdkman/candidates/maven/current/lib/httpcore-4.4.16.jar
constituent[25]: file:/home/poddingue/.sdkman/candidates/maven/current/lib/maven-builder-support-3.9.9.jar
constituent[26]: file:/home/poddingue/.sdkman/candidates/maven/current/lib/maven-embedder-3.9.9.jar
constituent[27]: file:/home/poddingue/.sdkman/candidates/maven/current/lib/maven-artifact-3.9.9.jar
constituent[28]: file:/home/poddingue/.sdkman/candidates/maven/current/lib/maven-compat-3.9.9.jar
constituent[29]: file:/home/poddingue/.sdkman/candidates/maven/current/lib/wagon-http-3.5.3.jar
constituent[30]: file:/home/poddingue/.sdkman/candidates/maven/current/lib/maven-model-builder-3.9.9.jar
constituent[31]: file:/home/poddingue/.sdkman/candidates/maven/current/lib/aopalliance-1.0.jar
constituent[32]: file:/home/poddingue/.sdkman/candidates/maven/current/lib/maven-slf4j-provider-3.9.9.jar
constituent[33]: file:/home/poddingue/.sdkman/candidates/maven/current/lib/maven-resolver-connector-basic-1.9.22.jar
constituent[34]: file:/home/poddingue/.sdkman/candidates/maven/current/lib/maven-plugin-api-3.9.9.jar
constituent[35]: file:/home/poddingue/.sdkman/candidates/maven/current/lib/javax.annotation-api-1.3.2.jar
constituent[36]: file:/home/poddingue/.sdkman/candidates/maven/current/lib/org.eclipse.sisu.inject-0.9.0.M3.jar
constituent[37]: file:/home/poddingue/.sdkman/candidates/maven/current/lib/jcl-over-slf4j-1.7.36.jar
constituent[38]: file:/home/poddingue/.sdkman/candidates/maven/current/lib/plexus-xml-3.0.1.jar
constituent[39]: file:/home/poddingue/.sdkman/candidates/maven/current/lib/plexus-utils-3.5.1.jar
constituent[40]: file:/home/poddingue/.sdkman/candidates/maven/current/lib/maven-resolver-provider-3.9.9.jar
constituent[41]: file:/home/poddingue/.sdkman/candidates/maven/current/lib/org.eclipse.sisu.plexus-0.9.0.M3.jar
constituent[42]: file:/home/poddingue/.sdkman/candidates/maven/current/lib/maven-resolver-spi-1.9.22.jar
constituent[43]: file:/home/poddingue/.sdkman/candidates/maven/current/lib/javax.inject-1.jar
constituent[44]: file:/home/poddingue/.sdkman/candidates/maven/current/lib/maven-core-3.9.9.jar
constituent[45]: file:/home/poddingue/.sdkman/candidates/maven/current/lib/wagon-file-3.5.3.jar
constituent[46]: file:/home/poddingue/.sdkman/candidates/maven/current/lib/plexus-component-annotations-2.1.0.jar
constituent[47]: file:/home/poddingue/.sdkman/candidates/maven/current/lib/failureaccess-1.0.2.jar
constituent[48]: file:/home/poddingue/.sdkman/candidates/maven/current/lib/maven-repository-metadata-3.9.9.jar
---------------------------------------------------
Exception in thread "main" BUG! exception in phase 'semantic analysis' in source unit 'inlineScript' Unsupported class file major version 69
	at org.codehaus.groovy.control.CompilationUnit$ISourceUnitOperation.doPhaseOperation(CompilationUnit.java:901)
	at org.codehaus.groovy.control.CompilationUnit.processPhaseOperations(CompilationUnit.java:692)
	at org.codehaus.groovy.control.CompilationUnit.compile(CompilationUnit.java:666)
	at groovy.lang.GroovyClassLoader.doParseClass(GroovyClassLoader.java:365)
	at groovy.lang.GroovyClassLoader.lambda$parseClass$2(GroovyClassLoader.java:314)
	at org.codehaus.groovy.runtime.memoize.StampedCommonCache.compute(StampedCommonCache.java:163)
	at org.codehaus.groovy.runtime.memoize.StampedCommonCache.getAndPut(StampedCommonCache.java:154)
	at groovy.lang.GroovyClassLoader.parseClass(GroovyClassLoader.java:314)
	at groovy.lang.GroovyShell.parseClass(GroovyShell.java:572)
	at groovy.lang.GroovyShell.parse(GroovyShell.java:585)
	at groovy.lang.GroovyShell.parse(GroovyShell.java:639)
	at groovy.lang.GroovyShell.parse(GroovyShell.java:643)
	at com.cloudbees.maven.license.ProcessMojo.execute(ProcessMojo.java:154)
	at org.apache.maven.plugin.DefaultBuildPluginManager.executeMojo(DefaultBuildPluginManager.java:126)
	at org.apache.maven.lifecycle.internal.MojoExecutor.doExecute2(MojoExecutor.java:328)
	at org.apache.maven.lifecycle.internal.MojoExecutor.doExecute(MojoExecutor.java:316)
	at org.apache.maven.lifecycle.internal.MojoExecutor.execute(MojoExecutor.java:212)
	at org.apache.maven.lifecycle.internal.MojoExecutor.execute(MojoExecutor.java:174)
	at org.apache.maven.lifecycle.internal.MojoExecutor.access$000(MojoExecutor.java:75)
	at org.apache.maven.lifecycle.internal.MojoExecutor$1.run(MojoExecutor.java:162)
	at org.apache.maven.plugin.DefaultMojosExecutionStrategy.execute(DefaultMojosExecutionStrategy.java:39)
	at org.apache.maven.lifecycle.internal.MojoExecutor.execute(MojoExecutor.java:159)
	at org.apache.maven.lifecycle.internal.LifecycleModuleBuilder.buildProject(LifecycleModuleBuilder.java:105)
	at org.apache.maven.lifecycle.internal.LifecycleModuleBuilder.buildProject(LifecycleModuleBuilder.java:73)
	at org.apache.maven.lifecycle.internal.builder.singlethreaded.SingleThreadedBuilder.build(SingleThreadedBuilder.java:53)
	at org.apache.maven.lifecycle.internal.LifecycleStarter.execute(LifecycleStarter.java:118)
	at org.apache.maven.DefaultMaven.doExecute(DefaultMaven.java:261)
	at org.apache.maven.DefaultMaven.doExecute(DefaultMaven.java:173)
	at org.apache.maven.DefaultMaven.execute(DefaultMaven.java:101)
	at org.apache.maven.cli.MavenCli.execute(MavenCli.java:906)
	at org.apache.maven.cli.MavenCli.doMain(MavenCli.java:283)
	at org.apache.maven.cli.MavenCli.main(MavenCli.java:206)
	at java.base/jdk.internal.reflect.DirectMethodHandleAccessor.invoke(DirectMethodHandleAccessor.java:104)
	at java.base/java.lang.reflect.Method.invoke(Method.java:565)
	at org.codehaus.plexus.classworlds.launcher.Launcher.launchEnhanced(Launcher.java:255)
	at org.codehaus.plexus.classworlds.launcher.Launcher.launch(Launcher.java:201)
	at org.codehaus.plexus.classworlds.launcher.Launcher.mainWithExitCode(Launcher.java:361)
	at org.codehaus.plexus.classworlds.launcher.Launcher.main(Launcher.java:314)
Caused by: java.lang.IllegalArgumentException: Unsupported class file major version 69
	at groovyjarjarasm.asm.ClassReader.<init>(ClassReader.java:200)
	at groovyjarjarasm.asm.ClassReader.<init>(ClassReader.java:180)
	at groovyjarjarasm.asm.ClassReader.<init>(ClassReader.java:166)
	at groovyjarjarasm.asm.ClassReader.<init>(ClassReader.java:288)
	at org.codehaus.groovy.ast.decompiled.AsmDecompiler.parseClass(AsmDecompiler.java:83)
	at org.codehaus.groovy.control.ClassNodeResolver.findDecompiled(ClassNodeResolver.java:255)
	at org.codehaus.groovy.control.ClassNodeResolver.tryAsLoaderClassOrScript(ClassNodeResolver.java:193)
	at org.codehaus.groovy.control.ClassNodeResolver.findClassNode(ClassNodeResolver.java:175)
	at org.codehaus.groovy.control.ClassNodeResolver.resolveName(ClassNodeResolver.java:129)
	at org.codehaus.groovy.control.ResolveVisitor.resolveToOuter(ResolveVisitor.java:782)
	at org.codehaus.groovy.control.ResolveVisitor.resolve(ResolveVisitor.java:423)
	at org.codehaus.groovy.control.ResolveVisitor.resolveFromDefaultImports(ResolveVisitor.java:577)
	at org.codehaus.groovy.control.ResolveVisitor.resolveFromDefaultImports(ResolveVisitor.java:541)
	at org.codehaus.groovy.control.ResolveVisitor.resolve(ResolveVisitor.java:422)
	at org.codehaus.groovy.control.ResolveVisitor.resolve(ResolveVisitor.java:384)
	at org.codehaus.groovy.control.ResolveVisitor.resolveOrFail(ResolveVisitor.java:352)
	at org.codehaus.groovy.control.ResolveVisitor.resolveOrFail(ResolveVisitor.java:341)
	at org.codehaus.groovy.control.ResolveVisitor.resolveOrFail(ResolveVisitor.java:337)
	at org.codehaus.groovy.control.ResolveVisitor.transform(ResolveVisitor.java:817)
	at org.codehaus.groovy.control.ResolveVisitor.transformDeclarationExpression(ResolveVisitor.java:1173)
	at org.codehaus.groovy.control.ResolveVisitor.transform(ResolveVisitor.java:805)
	at org.codehaus.groovy.ast.ClassCodeExpressionTransformer.visitExpressionStatement(ClassCodeExpressionTransformer.java:129)
	at org.codehaus.groovy.ast.stmt.ExpressionStatement.visit(ExpressionStatement.java:41)
	at org.codehaus.groovy.ast.CodeVisitorSupport.visitBlockStatement(CodeVisitorSupport.java:86)
	at org.codehaus.groovy.ast.ClassCodeVisitorSupport.visitBlockStatement(ClassCodeVisitorSupport.java:168)
	at org.codehaus.groovy.control.ResolveVisitor.visitBlockStatement(ResolveVisitor.java:1386)
	at org.codehaus.groovy.ast.stmt.BlockStatement.visit(BlockStatement.java:72)
	at org.codehaus.groovy.control.ResolveVisitor.transformClosureExpression(ResolveVisitor.java:1125)
	at org.codehaus.groovy.control.ResolveVisitor.transform(ResolveVisitor.java:811)
	at org.codehaus.groovy.ast.expr.Expression.transformExpressions(Expression.java:49)
	at org.codehaus.groovy.ast.expr.ArgumentListExpression.transformExpression(ArgumentListExpression.java:67)
	at org.codehaus.groovy.control.ResolveVisitor.transform(ResolveVisitor.java:818)
	at org.codehaus.groovy.control.ResolveVisitor.transformMethodCallExpression(ResolveVisitor.java:1147)
	at org.codehaus.groovy.control.ResolveVisitor.transform(ResolveVisitor.java:809)
	at org.codehaus.groovy.ast.ClassCodeExpressionTransformer.visitExpressionStatement(ClassCodeExpressionTransformer.java:129)
	at org.codehaus.groovy.ast.stmt.ExpressionStatement.visit(ExpressionStatement.java:41)
	at org.codehaus.groovy.ast.CodeVisitorSupport.visitBlockStatement(CodeVisitorSupport.java:86)
	at org.codehaus.groovy.ast.ClassCodeVisitorSupport.visitBlockStatement(ClassCodeVisitorSupport.java:168)
	at org.codehaus.groovy.control.ResolveVisitor.visitBlockStatement(ResolveVisitor.java:1386)
	at org.codehaus.groovy.ast.stmt.BlockStatement.visit(BlockStatement.java:72)
	at org.codehaus.groovy.ast.ClassCodeVisitorSupport.visitClassCodeContainer(ClassCodeVisitorSupport.java:142)
	at org.codehaus.groovy.ast.ClassCodeVisitorSupport.visitConstructorOrMethod(ClassCodeVisitorSupport.java:115)
	at org.codehaus.groovy.ast.ClassCodeExpressionTransformer.visitConstructorOrMethod(ClassCodeExpressionTransformer.java:87)
	at org.codehaus.groovy.control.ResolveVisitor.visitConstructorOrMethod(ResolveVisitor.java:329)
	at org.codehaus.groovy.ast.ClassCodeVisitorSupport.visitMethod(ClassCodeVisitorSupport.java:110)
	at org.codehaus.groovy.ast.ClassNode.visitMethods(ClassNode.java:1132)
	at org.codehaus.groovy.ast.ClassNode.visitContents(ClassNode.java:1125)
	at org.codehaus.groovy.control.ResolveVisitor.visitClass(ResolveVisitor.java:1315)
	at org.codehaus.groovy.control.ResolveVisitor.startResolving(ResolveVisitor.java:258)
	at org.codehaus.groovy.control.CompilationUnit.lambda$addPhaseOperations$4(CompilationUnit.java:218)
	at org.codehaus.groovy.control.CompilationUnit$ISourceUnitOperation.doPhaseOperation(CompilationUnit.java:897)
	... 37 more
