WARNING: A terminally deprecated method in sun.misc.Unsafe has been called
WARNING: sun.misc.Unsafe::staticFieldBase has been called by com.google.inject.internal.aop.HiddenClassDefiner (file:/home/poddingue/.sdkman/candidates/maven/current/lib/guice-5.1.0-classes.jar)
WARNING: Please consider reporting this to the maintainers of class com.google.inject.internal.aop.HiddenClassDefiner
WARNING: sun.misc.Unsafe::staticFieldBase will be removed in a future release
[INFO] Scanning for projects...
[INFO] ------------------------------------------------------------------------
[INFO] Reactor Build Order:
[INFO] 
[INFO] Pipeline Stage View Plugin: Parent POM                             [pom]
[INFO] Pipeline: REST API Plugin                                          [hpi]
[INFO] Pipeline: Stage View Plugin                                        [hpi]
[INFO] 
[INFO] Using the MultiThreadedBuilder implementation with a thread count of 4
[INFO] 
[INFO] -------< org.jenkins-ci.plugins.pipeline-stage-view:parent-pom >--------
[INFO] Building Pipeline Stage View Plugin: Parent POM 2.39-SNAPSHOT      [1/3]
[INFO]   from pom.xml
[INFO] --------------------------------[ pom ]---------------------------------
[WARNING] *****************************************************************
[WARNING] * Your build is requesting parallel execution, but this         *
[WARNING] * project contains the following plugin(s) that have goals not  *
[WARNING] * marked as thread-safe to support parallel execution.          *
[WARNING] * While this /may/ work fine, please look for plugin updates    *
[WARNING] * and/or request plugins be made thread-safe.                   *
[WARNING] * If reporting an issue, report it against the plugin in        *
[WARNING] * question, not against Apache Maven.                           *
[WARNING] *****************************************************************
[WARNING] The following plugins are not marked as thread-safe in Pipeline Stage View Plugin: Parent POM:
[WARNING]   io.jenkins.tools.maven:license-maven-plugin:165.v7e11f4e4a_325
[WARNING] 
[WARNING] Enable debug to see precisely which goals are not marked as thread-safe.
[WARNING] *****************************************************************
[INFO] 
[INFO] --- clean:3.5.0:clean (default-clean) @ parent-pom ---
[INFO] 
[INFO] --- enforcer:3.5.0:enforce (display-info) @ parent-pom ---
[INFO] Rule 0: io.jenkins.tools.incrementals.enforcer.RequireExtensionVersion passed
[INFO] Rule 1: org.apache.maven.enforcer.rules.version.RequireMavenVersion passed
[INFO] Rule 2: org.apache.maven.enforcer.rules.version.RequireJavaVersion passed
[INFO] Rule 3: org.codehaus.mojo.extraenforcer.dependencies.EnforceBytecodeVersion passed
[INFO] Rule 4: org.apache.maven.enforcer.rules.dependency.BannedDependencies passed
[INFO] Rule 5: org.apache.maven.enforcer.rules.dependency.BannedDependencies passed
[INFO] Rule 6: org.apache.maven.enforcer.rules.dependency.RequireUpperBoundDeps passed
[INFO] 
[INFO] --- enforcer:3.5.0:enforce (no-snapshots-in-release) @ parent-pom ---
[INFO] Rule 0: org.apache.maven.enforcer.rules.dependency.RequireReleaseDeps passed
[INFO] 
[INFO] --- localizer:1.31:generate (default) @ parent-pom ---
[INFO] 
[INFO] --- flatten:1.7.1:flatten (flatten) @ parent-pom ---
[INFO] Generating flattened POM of project org.jenkins-ci.plugins.pipeline-stage-view:parent-pom:pom:2.39-SNAPSHOT...
[INFO] 
[INFO] --- bridge-method-injector:1.31:process (default) @ parent-pom ---
[INFO] 
[INFO] --- antrun:3.1.0:run (createTempDir) @ parent-pom ---
[INFO] Executing tasks
[INFO]     [mkdir] Created dir: /tmp/plugin-builds/pipeline-stage-view/target/tmp
[INFO] Executed tasks
[INFO] 
[INFO] --- license:165.v7e11f4e4a_325:process (default) @ parent-pom ---
[INFO] ------------------------------------------------------------------------
[INFO] Reactor Summary for Pipeline Stage View Plugin: Parent POM 2.39-SNAPSHOT:
[INFO] 
[INFO] Pipeline Stage View Plugin: Parent POM ............. FAILURE [  7.423 s]
[INFO] Pipeline: REST API Plugin .......................... SKIPPED
[INFO] Pipeline: Stage View Plugin ........................ SKIPPED
[INFO] ------------------------------------------------------------------------
[INFO] BUILD FAILURE
[INFO] ------------------------------------------------------------------------
[INFO] Total time:  9.442 s (Wall Clock)
[INFO] Finished at: 2025-09-01T09:21:30+02:00
[INFO] ------------------------------------------------------------------------
[ERROR] BUG! exception in phase 'semantic analysis' in source unit 'inlineScript' Unsupported class file major version 69 -> [Help 1]
[ERROR] BUG! exception in phase 'semantic analysis' in source unit 'inlineScript' Unsupported class file major version 69
[ERROR] 
[ERROR] To see the full stack trace of the errors, re-run Maven with the -e switch.
[ERROR] Re-run Maven using the -X switch to enable full debug logging.
[ERROR] 
[ERROR] For more information about the errors and possible solutions, please read the following articles:
[ERROR] [Help 1] http://cwiki.apache.org/confluence/display/MAVEN/GroovyBugError
