WARNING: A terminally deprecated method in sun.misc.Unsafe has been called
WARNING: sun.misc.Unsafe::staticFieldBase has been called by com.google.inject.internal.aop.HiddenClassDefiner (file:/home/poddingue/.sdkman/candidates/maven/current/lib/guice-5.1.0-classes.jar)
WARNING: Please consider reporting this to the maintainers of class com.google.inject.internal.aop.HiddenClassDefiner
WARNING: sun.misc.Unsafe::staticFieldBase will be removed in a future release
[INFO] Scanning for projects...
[INFO] 
[INFO] Using the MultiThreadedBuilder implementation with a thread count of 4
[INFO] 
[INFO] -----------< org.jenkins-ci.plugins:pipeline-utility-steps >------------
[INFO] Building Pipeline Utility Steps 2.19.1-SNAPSHOT
[INFO]   from pom.xml
[INFO] --------------------------------[ hpi ]---------------------------------
[INFO] 
[INFO] --- clean:3.4.0:clean (default-clean) @ pipeline-utility-steps ---
[INFO] 
[INFO] --- hpi:3.61:validate (default-validate) @ pipeline-utility-steps ---
[INFO] Created marker file /tmp/plugin-builds/pipeline-utility-steps/target/java-level/17
[INFO] 
[INFO] --- hpi:3.61:validate-hpi (default-validate-hpi) @ pipeline-utility-steps ---
[INFO] 
[INFO] --- enforcer:3.5.0:enforce (display-info) @ pipeline-utility-steps ---
[INFO] Rule 0: io.jenkins.tools.incrementals.enforcer.RequireExtensionVersion passed
[INFO] Rule 1: org.apache.maven.enforcer.rules.version.RequireMavenVersion passed
[INFO] Rule 2: org.apache.maven.enforcer.rules.version.RequireJavaVersion passed
[INFO] Rule 3: org.codehaus.mojo.extraenforcer.dependencies.EnforceBytecodeVersion passed
[INFO] Rule 4: org.apache.maven.enforcer.rules.dependency.BannedDependencies passed
[INFO] Rule 5: org.apache.maven.enforcer.rules.dependency.BannedDependencies passed
[INFO] Rule 6: org.apache.maven.enforcer.rules.dependency.RequireUpperBoundDeps passed
[INFO] 
[INFO] --- enforcer:3.5.0:enforce (no-snapshots-in-release) @ pipeline-utility-steps ---
[INFO] Rule 0: org.apache.maven.enforcer.rules.dependency.RequireReleaseDeps passed
[INFO] 
[INFO] --- localizer:1.31:generate (default) @ pipeline-utility-steps ---
[INFO] 
[INFO] --- resources:3.3.1:resources (default-resources) @ pipeline-utility-steps ---
[INFO] Copying 115 resources from src/main/resources to target/classes
[INFO] 
[INFO] --- flatten:1.6.0:flatten (flatten) @ pipeline-utility-steps ---
[INFO] Generating flattened POM of project org.jenkins-ci.plugins:pipeline-utility-steps:hpi:2.19.1-SNAPSHOT...
[INFO] 
[INFO] --- compiler:3.13.0:compile (default-compile) @ pipeline-utility-steps ---
[INFO] Recompiling the module because of changed source code.
[INFO] Compiling 57 source files with javac [debug parameters release 17] to target/classes
[INFO] org.jenkinsci.plugins.pipeline.utility.steps.CompareVersionsStep.DescriptorImpl indexed under hudson.Extension
[INFO] org.jenkinsci.plugins.pipeline.utility.steps.conf.ReadPropertiesStep.DescriptorImpl indexed under hudson.Extension
[INFO] org.jenkinsci.plugins.pipeline.utility.steps.conf.ReadYamlStep.DescriptorImpl indexed under hudson.Extension
[INFO] org.jenkinsci.plugins.pipeline.utility.steps.conf.WriteYamlStep.DescriptorImpl indexed under hudson.Extension
[INFO] org.jenkinsci.plugins.pipeline.utility.steps.conf.mf.ReadManifestStep.DescriptorImpl indexed under hudson.Extension
[INFO] org.jenkinsci.plugins.pipeline.utility.steps.csv.ReadCSVStep.DescriptorImpl indexed under hudson.Extension
[INFO] org.jenkinsci.plugins.pipeline.utility.steps.csv.ReadCSVStep.PackageAutoImporter indexed under hudson.Extension
[INFO] org.jenkinsci.plugins.pipeline.utility.steps.csv.ReadCSVStep.WhiteLister indexed under hudson.Extension
[INFO] org.jenkinsci.plugins.pipeline.utility.steps.csv.WriteCSVStep.DescriptorImpl indexed under hudson.Extension
[INFO] org.jenkinsci.plugins.pipeline.utility.steps.fs.FileSha1Step.DescriptorImpl indexed under hudson.Extension
[INFO] org.jenkinsci.plugins.pipeline.utility.steps.fs.FileSha256Step.DescriptorImpl indexed under hudson.Extension
[INFO] org.jenkinsci.plugins.pipeline.utility.steps.fs.FileVerifySha1Step.DescriptorImpl indexed under hudson.Extension
[INFO] org.jenkinsci.plugins.pipeline.utility.steps.fs.FileVerifySha256Step.DescriptorImpl indexed under hudson.Extension
[INFO] org.jenkinsci.plugins.pipeline.utility.steps.fs.FindFilesStep.DescriptorImpl indexed under hudson.Extension
[INFO] org.jenkinsci.plugins.pipeline.utility.steps.fs.PrependToFileStep.DescriptorImpl indexed under hudson.Extension
[INFO] org.jenkinsci.plugins.pipeline.utility.steps.fs.TeeStep.DescriptorImpl indexed under hudson.Extension
[INFO] org.jenkinsci.plugins.pipeline.utility.steps.fs.TouchStep.DescriptorImpl indexed under hudson.Extension
[INFO] org.jenkinsci.plugins.pipeline.utility.steps.jenkins.NodesByLabelStep.DescriptorImpl indexed under hudson.Extension
[INFO] org.jenkinsci.plugins.pipeline.utility.steps.json.ReadJSONStep.DescriptorImpl indexed under hudson.Extension
[INFO] org.jenkinsci.plugins.pipeline.utility.steps.json.WriteJSONStep.DescriptorImpl indexed under hudson.Extension
[INFO] org.jenkinsci.plugins.pipeline.utility.steps.maven.ReadMavenPomStep.DescriptorImpl indexed under hudson.Extension
[INFO] org.jenkinsci.plugins.pipeline.utility.steps.maven.ReadMavenPomStep.PackageAutoImporter indexed under hudson.Extension
[INFO] org.jenkinsci.plugins.pipeline.utility.steps.maven.ReadMavenPomStep.WhiteLister indexed under hudson.Extension
[INFO] org.jenkinsci.plugins.pipeline.utility.steps.maven.WriteMavenPomStep.DescriptorImpl indexed under hudson.Extension
[INFO] org.jenkinsci.plugins.pipeline.utility.steps.tar.TarStep.DescriptorImpl indexed under hudson.Extension
[INFO] org.jenkinsci.plugins.pipeline.utility.steps.tar.UnTarStep.DescriptorImpl indexed under hudson.Extension
[INFO] org.jenkinsci.plugins.pipeline.utility.steps.toml.ReadTOMLStep.DescriptorImpl indexed under hudson.Extension
[INFO] org.jenkinsci.plugins.pipeline.utility.steps.toml.WriteTOMLStep.DescriptorImpl indexed under hudson.Extension
[INFO] org.jenkinsci.plugins.pipeline.utility.steps.zip.UnZipStep.DescriptorImpl indexed under hudson.Extension
[INFO] org.jenkinsci.plugins.pipeline.utility.steps.zip.ZipStep.DescriptorImpl indexed under hudson.Extension
[INFO] /tmp/plugin-builds/pipeline-utility-steps/src/main/java/org/jenkinsci/plugins/pipeline/utility/steps/CompareVersionsStep.java:[55,12] Generating org/jenkinsci/plugins/pipeline/utility/steps/CompareVersionsStep.stapler
[INFO] /tmp/plugin-builds/pipeline-utility-steps/src/main/java/org/jenkinsci/plugins/pipeline/utility/steps/conf/ReadPropertiesStep.java:[49,12] Generating org/jenkinsci/plugins/pipeline/utility/steps/conf/ReadPropertiesStep.stapler
[INFO] /tmp/plugin-builds/pipeline-utility-steps/src/main/java/org/jenkinsci/plugins/pipeline/utility/steps/conf/ReadYamlStep.java:[87,16] Generating org/jenkinsci/plugins/pipeline/utility/steps/conf/ReadYamlStep.stapler
[INFO] /tmp/plugin-builds/pipeline-utility-steps/src/main/java/org/jenkinsci/plugins/pipeline/utility/steps/conf/WriteYamlStep.java:[63,12] Generating org/jenkinsci/plugins/pipeline/utility/steps/conf/WriteYamlStep.stapler
[INFO] /tmp/plugin-builds/pipeline-utility-steps/src/main/java/org/jenkinsci/plugins/pipeline/utility/steps/conf/mf/ReadManifestStep.java:[46,12] Generating org/jenkinsci/plugins/pipeline/utility/steps/conf/mf/ReadManifestStep.stapler
[INFO] /tmp/plugin-builds/pipeline-utility-steps/src/main/java/org/jenkinsci/plugins/pipeline/utility/steps/csv/ReadCSVStep.java:[54,12] Generating org/jenkinsci/plugins/pipeline/utility/steps/csv/ReadCSVStep.stapler
[INFO] /tmp/plugin-builds/pipeline-utility-steps/src/main/java/org/jenkinsci/plugins/pipeline/utility/steps/csv/WriteCSVStep.java:[53,12] Generating org/jenkinsci/plugins/pipeline/utility/steps/csv/WriteCSVStep.stapler
[INFO] /tmp/plugin-builds/pipeline-utility-steps/src/main/java/org/jenkinsci/plugins/pipeline/utility/steps/fs/FileSha1Step.java:[39,12] Generating org/jenkinsci/plugins/pipeline/utility/steps/fs/FileSha1Step.stapler
[INFO] /tmp/plugin-builds/pipeline-utility-steps/src/main/java/org/jenkinsci/plugins/pipeline/utility/steps/fs/FileSha256Step.java:[12,12] Generating org/jenkinsci/plugins/pipeline/utility/steps/fs/FileSha256Step.stapler
[INFO] /tmp/plugin-builds/pipeline-utility-steps/src/main/java/org/jenkinsci/plugins/pipeline/utility/steps/fs/FileVerifySha1Step.java:[12,12] Generating org/jenkinsci/plugins/pipeline/utility/steps/fs/FileVerifySha1Step.stapler
[INFO] /tmp/plugin-builds/pipeline-utility-steps/src/main/java/org/jenkinsci/plugins/pipeline/utility/steps/fs/FileVerifySha256Step.java:[12,12] Generating org/jenkinsci/plugins/pipeline/utility/steps/fs/FileVerifySha256Step.stapler
[INFO] /tmp/plugin-builds/pipeline-utility-steps/src/main/java/org/jenkinsci/plugins/pipeline/utility/steps/fs/FindFilesStep.java:[50,12] Generating org/jenkinsci/plugins/pipeline/utility/steps/fs/FindFilesStep.stapler
[INFO] /tmp/plugin-builds/pipeline-utility-steps/src/main/java/org/jenkinsci/plugins/pipeline/utility/steps/fs/PrependToFileStep.java:[56,16] Generating org/jenkinsci/plugins/pipeline/utility/steps/fs/PrependToFileStep.stapler
[INFO] /tmp/plugin-builds/pipeline-utility-steps/src/main/java/org/jenkinsci/plugins/pipeline/utility/steps/fs/TeeStep.java:[60,12] Generating org/jenkinsci/plugins/pipeline/utility/steps/fs/TeeStep.stapler
[INFO] /tmp/plugin-builds/pipeline-utility-steps/src/main/java/org/jenkinsci/plugins/pipeline/utility/steps/fs/TouchStep.java:[56,12] Generating org/jenkinsci/plugins/pipeline/utility/steps/fs/TouchStep.stapler
[INFO] /tmp/plugin-builds/pipeline-utility-steps/src/main/java/org/jenkinsci/plugins/pipeline/utility/steps/jenkins/NodesByLabelStep.java:[59,12] Generating org/jenkinsci/plugins/pipeline/utility/steps/jenkins/NodesByLabelStep.stapler
[INFO] /tmp/plugin-builds/pipeline-utility-steps/src/main/java/org/jenkinsci/plugins/pipeline/utility/steps/json/ReadJSONStep.java:[45,12] Generating org/jenkinsci/plugins/pipeline/utility/steps/json/ReadJSONStep.stapler
[INFO] /tmp/plugin-builds/pipeline-utility-steps/src/main/java/org/jenkinsci/plugins/pipeline/utility/steps/json/WriteJSONStep.java:[60,12] Generating org/jenkinsci/plugins/pipeline/utility/steps/json/WriteJSONStep.stapler
[INFO] /tmp/plugin-builds/pipeline-utility-steps/src/main/java/org/jenkinsci/plugins/pipeline/utility/steps/maven/ReadMavenPomStep.java:[65,12] Generating org/jenkinsci/plugins/pipeline/utility/steps/maven/ReadMavenPomStep.stapler
[INFO] /tmp/plugin-builds/pipeline-utility-steps/src/main/java/org/jenkinsci/plugins/pipeline/utility/steps/maven/WriteMavenPomStep.java:[58,12] Generating org/jenkinsci/plugins/pipeline/utility/steps/maven/WriteMavenPomStep.stapler
[INFO] /tmp/plugin-builds/pipeline-utility-steps/src/main/java/org/jenkinsci/plugins/pipeline/utility/steps/tar/TarStep.java:[50,12] Generating org/jenkinsci/plugins/pipeline/utility/steps/tar/TarStep.stapler
[INFO] /tmp/plugin-builds/pipeline-utility-steps/src/main/java/org/jenkinsci/plugins/pipeline/utility/steps/tar/UnTarStep.java:[54,12] Generating org/jenkinsci/plugins/pipeline/utility/steps/tar/UnTarStep.stapler
[INFO] /tmp/plugin-builds/pipeline-utility-steps/src/main/java/org/jenkinsci/plugins/pipeline/utility/steps/toml/ReadTOMLStep.java:[41,12] Generating org/jenkinsci/plugins/pipeline/utility/steps/toml/ReadTOMLStep.stapler
[INFO] /tmp/plugin-builds/pipeline-utility-steps/src/main/java/org/jenkinsci/plugins/pipeline/utility/steps/toml/WriteTOMLStep.java:[53,12] Generating org/jenkinsci/plugins/pipeline/utility/steps/toml/WriteTOMLStep.stapler
[INFO] /tmp/plugin-builds/pipeline-utility-steps/src/main/java/org/jenkinsci/plugins/pipeline/utility/steps/zip/UnZipStep.java:[55,12] Generating org/jenkinsci/plugins/pipeline/utility/steps/zip/UnZipStep.stapler
[INFO] /tmp/plugin-builds/pipeline-utility-steps/src/main/java/org/jenkinsci/plugins/pipeline/utility/steps/zip/ZipStep.java:[48,12] Generating org/jenkinsci/plugins/pipeline/utility/steps/zip/ZipStep.stapler
[INFO] /tmp/plugin-builds/pipeline-utility-steps/src/main/java/org/jenkinsci/plugins/pipeline/utility/steps/fs/PrependToFileStep.java:[123,39] Generating org/jenkinsci/plugins/pipeline/utility/steps/fs/PrependToFileStep/DescriptorImpl/doCheckContent.stapler
[INFO] /tmp/plugin-builds/pipeline-utility-steps/src/main/java/org/jenkinsci/plugins/pipeline/utility/steps/fs/FileVerifyHashStep.java:[81,31] Generating org/jenkinsci/plugins/pipeline/utility/steps/fs/FileVerifyHashStep/DescriptorImpl/doCheckFile.stapler
[INFO] /tmp/plugin-builds/pipeline-utility-steps/src/main/java/org/jenkinsci/plugins/pipeline/utility/steps/fs/FileVerifyHashStep.java:[89,31] Generating org/jenkinsci/plugins/pipeline/utility/steps/fs/FileVerifyHashStep/DescriptorImpl/doCheckHash.stapler
[INFO] /tmp/plugin-builds/pipeline-utility-steps/src/main/java/org/jenkinsci/plugins/pipeline/utility/steps/AbstractFileOrTextStepDescriptorImpl.java: Some input files use or override a deprecated API.
[INFO] /tmp/plugin-builds/pipeline-utility-steps/src/main/java/org/jenkinsci/plugins/pipeline/utility/steps/AbstractFileOrTextStepDescriptorImpl.java: Recompile with -Xlint:deprecation for details.
[INFO] /tmp/plugin-builds/pipeline-utility-steps/src/main/java/org/jenkinsci/plugins/pipeline/utility/steps/CompressStepExecution.java: Some input files use unchecked or unsafe operations.
[INFO] /tmp/plugin-builds/pipeline-utility-steps/src/main/java/org/jenkinsci/plugins/pipeline/utility/steps/CompressStepExecution.java: Recompile with -Xlint:unchecked for details.
[INFO] 
[INFO] --- access-modifier-checker:1.34:enforce (default-enforce) @ pipeline-utility-steps ---
[INFO] 
[INFO] --- hpi:3.61:insert-test (default-insert-test) @ pipeline-utility-steps ---
[INFO] 
[INFO] --- antrun:3.1.0:run (createTempDir) @ pipeline-utility-steps ---
[INFO] Executing tasks
[INFO]     [mkdir] Created dir: /tmp/plugin-builds/pipeline-utility-steps/target/tmp
[INFO] Executed tasks
[INFO] 
[INFO] --- resources:3.3.1:testResources (default-testResources) @ pipeline-utility-steps ---
[INFO] Not copying test resources
[INFO] 
[INFO] --- compiler:3.13.0:testCompile (default-testCompile) @ pipeline-utility-steps ---
[INFO] Not compiling test sources
[INFO] 
[INFO] --- hpi:3.61:test-hpl (default-test-hpl) @ pipeline-utility-steps ---
[INFO] Generating /tmp/plugin-builds/pipeline-utility-steps/target/test-classes/the.hpl
[INFO] 
[INFO] --- hpi:3.61:resolve-test-dependencies (default-resolve-test-dependencies) @ pipeline-utility-steps ---
[INFO] 
[INFO] --- hpi:3.61:test-runtime (default-test-runtime) @ pipeline-utility-steps ---
[INFO] Tests are skipped.
[INFO] 
[INFO] --- surefire:3.5.2:test (default-test) @ pipeline-utility-steps ---
[INFO] Tests are skipped.
[INFO] 
[INFO] --- license:165.v7e11f4e4a_325:process (default) @ pipeline-utility-steps ---
[INFO] ------------------------------------------------------------------------
[INFO] BUILD FAILURE
[INFO] ------------------------------------------------------------------------
[INFO] Total time:  23.963 s (Wall Clock)
[INFO] Finished at: 2025-09-01T09:30:51+02:00
[INFO] ------------------------------------------------------------------------
[ERROR] BUG! exception in phase 'semantic analysis' in source unit 'inlineScript' Unsupported class file major version 69 -> [Help 1]
[ERROR] BUG! exception in phase 'semantic analysis' in source unit 'inlineScript' Unsupported class file major version 69
[ERROR] 
[ERROR] To see the full stack trace of the errors, re-run Maven with the -e switch.
[ERROR] Re-run Maven using the -X switch to enable full debug logging.
[ERROR] 
[ERROR] For more information about the errors and possible solutions, please read the following articles:
[ERROR] [Help 1] http://cwiki.apache.org/confluence/display/MAVEN/GroovyBugError
