WARNING: A terminally deprecated method in sun.misc.Unsafe has been called
WARNING: sun.misc.Unsafe::staticFieldBase has been called by com.google.inject.internal.aop.HiddenClassDefiner (file:/usr/share/apache-maven-3.9.11/lib/guice-5.1.0-classes.jar)
WARNING: Please consider reporting this to the maintainers of class com.google.inject.internal.aop.HiddenClassDefiner
WARNING: sun.misc.Unsafe::staticFieldBase will be removed in a future release
[INFO] Scanning for projects...
[INFO] Artifact org.jenkins-ci.tools:maven-hpi-plugin:pom:3.1762.vd3ff902a_5b_c4 is present in the local repository, but cached from a remote repository ID that is unavailable in current build context, verifying that is downloadable from [incrementals (https://repo.jenkins-ci.org/incrementals/, default, releases), central (https://repo.maven.apache.org/maven2, default, releases)]
[INFO] Artifact org.jenkins-ci.tools:maven-hpi-plugin:pom:3.1762.vd3ff902a_5b_c4 is present in the local repository, but cached from a remote repository ID that is unavailable in current build context, verifying that is downloadable from [incrementals (https://repo.jenkins-ci.org/incrementals/, default, releases), central (https://repo.maven.apache.org/maven2, default, releases)]
[WARNING] The POM for org.jenkins-ci.tools:maven-hpi-plugin:jar:3.1762.vd3ff902a_5b_c4 is missing, no dependency information available
[INFO] Artifact org.jenkins-ci.tools:maven-hpi-plugin:jar:3.1762.vd3ff902a_5b_c4 is present in the local repository, but cached from a remote repository ID that is unavailable in current build context, verifying that is downloadable from [incrementals (https://repo.jenkins-ci.org/incrementals/, default, releases), central (https://repo.maven.apache.org/maven2, default, releases)]
[INFO] Artifact org.jenkins-ci.tools:maven-hpi-plugin:jar:3.1762.vd3ff902a_5b_c4 is present in the local repository, but cached from a remote repository ID that is unavailable in current build context, verifying that is downloadable from [incrementals (https://repo.jenkins-ci.org/incrementals/, default, releases), central (https://repo.maven.apache.org/maven2, default, releases)]
[WARNING] Failed to build parent project for org.jenkins-ci.plugins:pipeline-maven-parent:pom:999999-SNAPSHOT
[INFO] ------------------------------------------------------------------------
[INFO] Reactor Build Order:
[INFO] 
[INFO] Pipeline Maven Integration Plugin Parent                           [pom]
[INFO] Pipeline Maven Plugin API                                          [hpi]
[INFO] Maven Spy for the Pipeline Maven Integration Plugin                [jar]
[INFO] Pipeline Maven Integration Plugin                                  [hpi]
[INFO] Pipeline Maven Plugin Database                                     [hpi]
[INFO] 
[INFO] ------------< org.jenkins-ci.plugins:pipeline-maven-parent >------------
[INFO] Building Pipeline Maven Integration Plugin Parent 999999-SNAPSHOT  [1/5]
[INFO]   from pom.xml
[INFO] --------------------------------[ pom ]---------------------------------
[INFO] 
[INFO] --- clean:3.5.0:clean (default-clean) @ pipeline-maven-parent ---
[INFO] 
[INFO] --- enforcer:3.6.2:enforce (display-info) @ pipeline-maven-parent ---
[INFO] Rule 0: io.jenkins.tools.incrementals.enforcer.RequireExtensionVersion passed
[INFO] Rule 1: org.apache.maven.enforcer.rules.version.RequireMavenVersion passed
[INFO] Rule 2: org.apache.maven.enforcer.rules.version.RequireJavaVersion passed
[INFO] Rule 3: org.apache.maven.enforcer.rules.RequirePluginVersions passed
[INFO] Rule 4: org.codehaus.mojo.extraenforcer.dependencies.EnforceBytecodeVersion passed
[INFO] Rule 5: org.apache.maven.enforcer.rules.dependency.BannedDependencies passed
[INFO] Rule 6: org.apache.maven.enforcer.rules.dependency.BannedDependencies passed
[INFO] Rule 7: org.apache.maven.enforcer.rules.dependency.RequireUpperBoundDeps passed
[INFO] 
[INFO] --- enforcer:3.6.2:enforce (no-snapshots-in-release) @ pipeline-maven-parent ---
[INFO] Rule 0: org.apache.maven.enforcer.rules.dependency.RequireReleaseDeps passed
[INFO] 
[INFO] --- localizer:1.31:generate (default) @ pipeline-maven-parent ---
[INFO] 
[INFO] --- enforcer:3.6.2:enforce (check-junit-imports) @ pipeline-maven-parent ---
[INFO] Skipping Rule Enforcement.
[INFO] 
[INFO] --- flatten:1.7.3:flatten (flatten) @ pipeline-maven-parent ---
[INFO] Generating flattened POM of project org.jenkins-ci.plugins:pipeline-maven-parent:pom:999999-SNAPSHOT...
[INFO] 
[INFO] --- bridge-method-injector:1.32:process (default) @ pipeline-maven-parent ---
[INFO] 
[INFO] --- antrun:3.2.0:run (createTempDir) @ pipeline-maven-parent ---
[INFO] Executing tasks
[INFO]     [mkdir] Created dir: /tmp/plugin-builds/pipeline-maven/target/tmp
[INFO] Executed tasks
[INFO] 
[INFO] --- license:184.v19c87b_6b_a_9a_c:process (default) @ pipeline-maven-parent ---
[INFO] Generated /tmp/plugin-builds/pipeline-maven/target/pipeline-maven-parent/WEB-INF/licenses.xml
[INFO] 
[INFO] --- jar:3.4.2:test-jar (maybe-test-jar) @ pipeline-maven-parent ---
[INFO] Skipping packaging of the test-jar
[INFO] 
[INFO] >>> spotbugs:4.9.8.1:check (spotbugs) > :spotbugs @ pipeline-maven-parent >>>
[INFO] 
[INFO] --- spotbugs:4.9.8.1:spotbugs (spotbugs) @ pipeline-maven-parent ---
[INFO] No files found to run spotbugs, check compile phase has been run
[INFO] Skipping com.github.spotbugs:spotbugs-maven-plugin:4.9.8.1:spotbugs report goal
[INFO] 
[INFO] <<< spotbugs:4.9.8.1:check (spotbugs) < :spotbugs @ pipeline-maven-parent <<<
[INFO] 
[INFO] 
[INFO] --- spotbugs:4.9.8.1:check (spotbugs) @ pipeline-maven-parent ---
[INFO] 
[INFO] --- spotless:3.0.0:check (default) @ pipeline-maven-parent ---
[INFO] Index file does not exist. Fallback to an empty index
[INFO] Sorting file /tmp/pom3039586633006636482.xml
[INFO] Saved sorted pom file to /tmp/pom3039586633006636482.xml
[INFO] Spotless.Pom is keeping 1 files clean - 0 needs changes to be clean, 1 were already clean, 0 were skipped because caching determined they were already clean
[INFO] 
[INFO] --- install:3.1.4:install (default-install) @ pipeline-maven-parent ---
[INFO] Installing /tmp/plugin-builds/pipeline-maven/target/pipeline-maven-parent-999999-SNAPSHOT.pom to /home/runner/.m2/repository/org/jenkins-ci/plugins/pipeline-maven-parent/999999-SNAPSHOT/pipeline-maven-parent-999999-SNAPSHOT.pom
[INFO] 
[INFO] -------------< org.jenkins-ci.plugins:pipeline-maven-api >--------------
[INFO] Building Pipeline Maven Plugin API 999999-SNAPSHOT                 [2/5]
[INFO]   from pipeline-maven-api/pom.xml
[INFO] --------------------------------[ hpi ]---------------------------------
[INFO] 
[INFO] --- clean:3.5.0:clean (default-clean) @ pipeline-maven-api ---
[INFO] 
[INFO] --- hpi:3.1762.vd3ff902a_5b_c4:validate (default-validate) @ pipeline-maven-api ---
[INFO] Created marker file /tmp/plugin-builds/pipeline-maven/pipeline-maven-api/target/java-level/17
[INFO] 
[INFO] --- hpi:3.1762.vd3ff902a_5b_c4:validate-hpi (default-validate-hpi) @ pipeline-maven-api ---
[INFO] 
[INFO] --- enforcer:3.6.2:enforce (display-info) @ pipeline-maven-api ---
[INFO] Rule 3: org.apache.maven.enforcer.rules.RequirePluginVersions passed
[INFO] Rule 4: org.codehaus.mojo.extraenforcer.dependencies.EnforceBytecodeVersion passed
[INFO] Rule 5: org.apache.maven.enforcer.rules.dependency.BannedDependencies passed
[INFO] Rule 6: org.apache.maven.enforcer.rules.dependency.BannedDependencies passed
[INFO] Rule 7: org.apache.maven.enforcer.rules.dependency.RequireUpperBoundDeps passed
[INFO] 
[INFO] --- enforcer:3.6.2:enforce (no-snapshots-in-release) @ pipeline-maven-api ---
[INFO] Rule 0: org.apache.maven.enforcer.rules.dependency.RequireReleaseDeps passed
[INFO] 
[INFO] --- localizer:1.31:generate (default) @ pipeline-maven-api ---
[INFO] 
[INFO] --- enforcer:3.6.2:enforce (check-junit-imports) @ pipeline-maven-api ---
[INFO] Skipping Rule Enforcement.
[INFO] 
[INFO] --- resources:3.3.1:resources (default-resources) @ pipeline-maven-api ---
[INFO] Copying 3 resources from src/main/resources to target/classes
[INFO] 
[INFO] --- flatten:1.7.3:flatten (flatten) @ pipeline-maven-api ---
[INFO] Generating flattened POM of project org.jenkins-ci.plugins:pipeline-maven-api:hpi:999999-SNAPSHOT...
[INFO] 
[INFO] --- compiler:3.14.1:compile (default-compile) @ pipeline-maven-api ---
[INFO] Recompiling the module because of changed source code.
[INFO] Compiling 10 source files with javac [debug parameters release 17] to target/classes
[INFO] org.jenkinsci.plugins.pipeline.maven.dao.PipelineMavenPluginNullDao indexed under hudson.Extension
[INFO] /tmp/plugin-builds/pipeline-maven/pipeline-maven-api/src/main/java/org/jenkinsci/plugins/pipeline/maven/dao/AbstractPipelineMavenPluginDaoDecorator.java: /tmp/plugin-builds/pipeline-maven/pipeline-maven-api/src/main/java/org/jenkinsci/plugins/pipeline/maven/dao/AbstractPipelineMavenPluginDaoDecorator.java uses or overrides a deprecated API.
[INFO] /tmp/plugin-builds/pipeline-maven/pipeline-maven-api/src/main/java/org/jenkinsci/plugins/pipeline/maven/dao/AbstractPipelineMavenPluginDaoDecorator.java: Recompile with -Xlint:deprecation for details.
[INFO] 
[INFO] --- access-modifier-checker:1.35:enforce (default-enforce) @ pipeline-maven-api ---
[INFO] 
[INFO] --- bridge-method-injector:1.32:process (default) @ pipeline-maven-api ---
[INFO] 
[INFO] --- hpi:3.1762.vd3ff902a_5b_c4:insert-test (default-insert-test) @ pipeline-maven-api ---
[INFO] 
[INFO] --- antrun:3.2.0:run (createTempDir) @ pipeline-maven-api ---
[INFO] Executing tasks
[INFO]     [mkdir] Created dir: /tmp/plugin-builds/pipeline-maven/pipeline-maven-api/target/tmp
[INFO] Executed tasks
[INFO] 
[INFO] --- resources:3.3.1:testResources (default-testResources) @ pipeline-maven-api ---
[INFO] Not copying test resources
[INFO] 
[INFO] --- compiler:3.14.1:testCompile (default-testCompile) @ pipeline-maven-api ---
[INFO] Not compiling test sources
[INFO] 
[INFO] --- hpi:3.1762.vd3ff902a_5b_c4:test-hpl (default-test-hpl) @ pipeline-maven-api ---
[INFO] Generating /tmp/plugin-builds/pipeline-maven/pipeline-maven-api/target/test-classes/the.hpl
[INFO] 
[INFO] --- hpi:3.1762.vd3ff902a_5b_c4:resolve-test-dependencies (default-resolve-test-dependencies) @ pipeline-maven-api ---
[INFO] 
[INFO] --- hpi:3.1762.vd3ff902a_5b_c4:test-runtime (default-test-runtime) @ pipeline-maven-api ---
[INFO] Tests are skipped.
[INFO] 
[INFO] --- surefire:3.5.4:test (default-test) @ pipeline-maven-api ---
[INFO] Tests are skipped.
[INFO] 
[INFO] --- license:184.v19c87b_6b_a_9a_c:process (default) @ pipeline-maven-api ---
[INFO] Generated /tmp/plugin-builds/pipeline-maven/pipeline-maven-api/target/pipeline-maven-api/WEB-INF/licenses.xml
[INFO] 
[INFO] --- hpi:3.1762.vd3ff902a_5b_c4:hpi (default-hpi) @ pipeline-maven-api ---
[INFO] Generating /tmp/plugin-builds/pipeline-maven/pipeline-maven-api/target/pipeline-maven-api/META-INF/MANIFEST.MF
[INFO] Checking for attached .jar artifact ...
[INFO] Generating jar /tmp/plugin-builds/pipeline-maven/pipeline-maven-api/target/pipeline-maven-api.jar
[INFO] Building jar: /tmp/plugin-builds/pipeline-maven/pipeline-maven-api/target/pipeline-maven-api.jar
[INFO] Exploding webapp...
[INFO] Copy webapp webResources to /tmp/plugin-builds/pipeline-maven/pipeline-maven-api/target/pipeline-maven-api
[INFO] Assembling webapp pipeline-maven-api in /tmp/plugin-builds/pipeline-maven/pipeline-maven-api/target/pipeline-maven-api
[INFO] Generating hpi /tmp/plugin-builds/pipeline-maven/pipeline-maven-api/target/pipeline-maven-api.hpi
[INFO] Building jar: /tmp/plugin-builds/pipeline-maven/pipeline-maven-api/target/pipeline-maven-api.hpi
[INFO] 
[INFO] --- jar:3.4.2:test-jar (maybe-test-jar) @ pipeline-maven-api ---
[INFO] Skipping packaging of the test-jar
[INFO] 
[INFO] >>> spotbugs:4.9.8.1:check (spotbugs) > :spotbugs @ pipeline-maven-api >>>
[INFO] 
[INFO] --- spotbugs:4.9.8.1:spotbugs (spotbugs) @ pipeline-maven-api ---
[INFO] Fork Value is true
[INFO] Done SpotBugs Analysis....
[INFO] Skipping com.github.spotbugs:spotbugs-maven-plugin:4.9.8.1:spotbugs report goal
[INFO] 
[INFO] <<< spotbugs:4.9.8.1:check (spotbugs) < :spotbugs @ pipeline-maven-api <<<
[INFO] 
[INFO] 
[INFO] --- spotbugs:4.9.8.1:check (spotbugs) @ pipeline-maven-api ---
[INFO] BugInstance size is 0
[INFO] Error size is 0
[INFO] No errors/warnings found
[INFO] 
[INFO] --- spotless:3.0.0:check (default) @ pipeline-maven-api ---
[INFO] Index file does not exist. Fallback to an empty index
[INFO] Spotless.Java is keeping 9 files clean - 0 needs changes to be clean, 9 were already clean, 0 were skipped because caching determined they were already clean
[INFO] Sorting file /tmp/pom4775718907828951036.xml
[INFO] Pom file is already sorted, exiting
[INFO] Spotless.Pom is keeping 1 files clean - 0 needs changes to be clean, 1 were already clean, 0 were skipped because caching determined they were already clean
[INFO] 
[INFO] --- install:3.1.4:install (default-install) @ pipeline-maven-api ---
[INFO] Installing /tmp/plugin-builds/pipeline-maven/pipeline-maven-api/target/pipeline-maven-api-999999-SNAPSHOT.pom to /home/runner/.m2/repository/org/jenkins-ci/plugins/pipeline-maven-api/999999-SNAPSHOT/pipeline-maven-api-999999-SNAPSHOT.pom
[INFO] Installing /tmp/plugin-builds/pipeline-maven/pipeline-maven-api/target/pipeline-maven-api.hpi to /home/runner/.m2/repository/org/jenkins-ci/plugins/pipeline-maven-api/999999-SNAPSHOT/pipeline-maven-api-999999-SNAPSHOT.hpi
[INFO] Installing /tmp/plugin-builds/pipeline-maven/pipeline-maven-api/target/pipeline-maven-api.jar to /home/runner/.m2/repository/org/jenkins-ci/plugins/pipeline-maven-api/999999-SNAPSHOT/pipeline-maven-api-999999-SNAPSHOT.jar
[INFO] 
[INFO] -------------< org.jenkins-ci.plugins:pipeline-maven-spy >--------------
[INFO] Building Maven Spy for the Pipeline Maven Integration Plugin 999999-SNAPSHOT [3/5]
[INFO]   from pipeline-maven-spy/pom.xml
[INFO] --------------------------------[ jar ]---------------------------------
[INFO] 
[INFO] --- clean:3.5.0:clean (default-clean) @ pipeline-maven-spy ---
[INFO] 
[INFO] --- enforcer:3.6.2:enforce (display-info) @ pipeline-maven-spy ---
[INFO] Rule 0: org.apache.maven.enforcer.rules.dependency.RequireUpperBoundDeps passed
[INFO] Rule 4: org.apache.maven.enforcer.rules.RequirePluginVersions passed
[INFO] Rule 5: org.codehaus.mojo.extraenforcer.dependencies.EnforceBytecodeVersion passed
[INFO] Rule 6: org.apache.maven.enforcer.rules.dependency.BannedDependencies passed
[INFO] Rule 7: org.apache.maven.enforcer.rules.dependency.BannedDependencies passed
[INFO] 
[INFO] --- enforcer:3.6.2:enforce (no-snapshots-in-release) @ pipeline-maven-spy ---
[INFO] Rule 0: org.apache.maven.enforcer.rules.dependency.RequireReleaseDeps passed
[INFO] 
[INFO] --- localizer:1.31:generate (default) @ pipeline-maven-spy ---
[INFO] 
[INFO] --- enforcer:3.6.2:enforce (check-junit-imports) @ pipeline-maven-spy ---
[INFO] Skipping Rule Enforcement.
[INFO] 
[INFO] --- resources:3.3.1:resources (default-resources) @ pipeline-maven-spy ---
[INFO] skip non existing resourceDirectory /tmp/plugin-builds/pipeline-maven/pipeline-maven-spy/src/main/resources
[INFO] 
[INFO] --- flatten:1.7.3:flatten (flatten) @ pipeline-maven-spy ---
[INFO] Generating flattened POM of project org.jenkins-ci.plugins:pipeline-maven-spy:jar:999999-SNAPSHOT...
[INFO] 
[INFO] --- compiler:3.14.1:compile (default-compile) @ pipeline-maven-spy ---
[INFO] Recompiling the module because of changed source code.
[INFO] Compiling 28 source files with javac [debug parameters release 8] to target/classes
[WARNING] source value 8 is obsolete and will be removed in a future release
[WARNING] target value 8 is obsolete and will be removed in a future release
[WARNING] To suppress warnings about obsolete options, use -Xlint:-options.
[INFO] /tmp/plugin-builds/pipeline-maven/pipeline-maven-spy/src/main/java/org/jenkinsci/plugins/pipeline/maven/eventspy/JenkinsMavenEventSpy.java: Some input files use unchecked or unsafe operations.
[INFO] /tmp/plugin-builds/pipeline-maven/pipeline-maven-spy/src/main/java/org/jenkinsci/plugins/pipeline/maven/eventspy/JenkinsMavenEventSpy.java: Recompile with -Xlint:unchecked for details.
[INFO] 
[INFO] --- bridge-method-injector:1.32:process (default) @ pipeline-maven-spy ---
[INFO] 
[INFO] --- sisu:0.3.5:main-index (generate-index) @ pipeline-maven-spy ---
[INFO] 
[INFO] --- antrun:3.2.0:run (createTempDir) @ pipeline-maven-spy ---
[INFO] Executing tasks
[INFO]     [mkdir] Created dir: /tmp/plugin-builds/pipeline-maven/pipeline-maven-spy/target/tmp
[INFO] Executed tasks
[INFO] 
[INFO] --- resources:3.3.1:testResources (default-testResources) @ pipeline-maven-spy ---
[INFO] Not copying test resources
[INFO] 
[INFO] --- compiler:3.14.1:testCompile (default-testCompile) @ pipeline-maven-spy ---
[INFO] Not compiling test sources
[INFO] 
[INFO] --- surefire:3.5.4:test (default-test) @ pipeline-maven-spy ---
[INFO] Tests are skipped.
[INFO] 
[INFO] --- license:184.v19c87b_6b_a_9a_c:process (default) @ pipeline-maven-spy ---
[INFO] Generated /tmp/plugin-builds/pipeline-maven/pipeline-maven-spy/target/pipeline-maven-spy/WEB-INF/licenses.xml
[INFO] 
[INFO] --- jar:3.4.2:jar (default-jar) @ pipeline-maven-spy ---
[INFO] Building jar: /tmp/plugin-builds/pipeline-maven/pipeline-maven-spy/target/pipeline-maven-spy.jar
[INFO] 
[INFO] --- jar:3.4.2:test-jar (maybe-test-jar) @ pipeline-maven-spy ---
[INFO] Skipping packaging of the test-jar
[INFO] 
[INFO] >>> spotbugs:4.9.8.1:check (spotbugs) > :spotbugs @ pipeline-maven-spy >>>
[INFO] 
[INFO] --- spotbugs:4.9.8.1:spotbugs (spotbugs) @ pipeline-maven-spy ---
[INFO] Fork Value is true
[INFO] Done SpotBugs Analysis....
[INFO] Skipping com.github.spotbugs:spotbugs-maven-plugin:4.9.8.1:spotbugs report goal
[INFO] 
[INFO] <<< spotbugs:4.9.8.1:check (spotbugs) < :spotbugs @ pipeline-maven-spy <<<
[INFO] 
[INFO] 
[INFO] --- spotbugs:4.9.8.1:check (spotbugs) @ pipeline-maven-spy ---
[INFO] BugInstance size is 0
[INFO] Error size is 0
[INFO] No errors/warnings found
[INFO] 
[INFO] --- spotless:3.0.0:check (default) @ pipeline-maven-spy ---
[INFO] Index file does not exist. Fallback to an empty index
[INFO] Spotless.Java is keeping 33 files clean - 0 needs changes to be clean, 33 were already clean, 0 were skipped because caching determined they were already clean
[INFO] Sorting file /tmp/pom16430775481653420366.xml
[INFO] Pom file is already sorted, exiting
[INFO] Spotless.Pom is keeping 1 files clean - 0 needs changes to be clean, 1 were already clean, 0 were skipped because caching determined they were already clean
[INFO] 
[INFO] --- install:3.1.4:install (default-install) @ pipeline-maven-spy ---
[INFO] Installing /tmp/plugin-builds/pipeline-maven/pipeline-maven-spy/target/pipeline-maven-spy-999999-SNAPSHOT.pom to /home/runner/.m2/repository/org/jenkins-ci/plugins/pipeline-maven-spy/999999-SNAPSHOT/pipeline-maven-spy-999999-SNAPSHOT.pom
[INFO] Installing /tmp/plugin-builds/pipeline-maven/pipeline-maven-spy/target/pipeline-maven-spy.jar to /home/runner/.m2/repository/org/jenkins-ci/plugins/pipeline-maven-spy/999999-SNAPSHOT/pipeline-maven-spy-999999-SNAPSHOT.jar
[INFO] 
[INFO] ---------------< org.jenkins-ci.plugins:pipeline-maven >----------------
[INFO] Building Pipeline Maven Integration Plugin 999999-SNAPSHOT         [4/5]
[INFO]   from pipeline-maven/pom.xml
[INFO] --------------------------------[ hpi ]---------------------------------
[INFO] 
[INFO] --- clean:3.5.0:clean (default-clean) @ pipeline-maven ---
[INFO] 
[INFO] --- hpi:3.1762.vd3ff902a_5b_c4:validate (default-validate) @ pipeline-maven ---
[INFO] Created marker file /tmp/plugin-builds/pipeline-maven/pipeline-maven/target/java-level/17
[INFO] 
[INFO] --- hpi:3.1762.vd3ff902a_5b_c4:validate-hpi (default-validate-hpi) @ pipeline-maven ---
[INFO] 
[INFO] --- enforcer:3.6.2:enforce (display-info) @ pipeline-maven ---
[INFO] Rule 0: io.jenkins.tools.incrementals.enforcer.RequireExtensionVersion passed
[INFO] Rule 1: org.apache.maven.enforcer.rules.version.RequireMavenVersion passed
[INFO] Rule 2: org.apache.maven.enforcer.rules.version.RequireJavaVersion passed
[INFO] Rule 3: org.apache.maven.enforcer.rules.RequirePluginVersions passed
[INFO] Rule 4: org.codehaus.mojo.extraenforcer.dependencies.EnforceBytecodeVersion passed
[INFO] Rule 5: org.apache.maven.enforcer.rules.dependency.BannedDependencies passed
[INFO] Rule 6: org.apache.maven.enforcer.rules.dependency.BannedDependencies passed
[INFO] Ignoring requireUpperBoundDeps in org.ow2.asm:asm
[INFO] Rule 7: org.apache.maven.enforcer.rules.dependency.RequireUpperBoundDeps passed
[INFO] Rule 8: org.apache.maven.plugins.enforcer.RestrictImports passed
[INFO] 
[INFO] --- enforcer:3.6.2:enforce (no-snapshots-in-release) @ pipeline-maven ---
[INFO] Rule 0: org.apache.maven.enforcer.rules.dependency.RequireReleaseDeps passed
[INFO] 
[INFO] --- localizer:1.31:generate (default) @ pipeline-maven ---
[INFO] 
[INFO] --- enforcer:3.6.2:enforce (check-junit-imports) @ pipeline-maven ---
[INFO] Skipping Rule Enforcement.
[INFO] 
[INFO] --- resources:3.3.1:resources (default-resources) @ pipeline-maven ---
[INFO] Copying 179 resources from src/main/resources to target/classes
[INFO] 
[INFO] --- flatten:1.7.3:flatten (flatten) @ pipeline-maven ---
[INFO] Generating flattened POM of project org.jenkins-ci.plugins:pipeline-maven:hpi:999999-SNAPSHOT...
[INFO] 
[INFO] --- dependency:3.9.0:copy (copy-maven-spy-jar) @ pipeline-maven ---
[INFO] 
[INFO] --- compiler:3.14.1:compile (default-compile) @ pipeline-maven ---
[INFO] Recompiling the module because of changed dependency.
[INFO] Compiling 55 source files with javac [debug parameters release 17] to target/classes
[INFO] org.jenkinsci.plugins.pipeline.maven.publishers.ConcordionTestsPublisher.DescriptorImpl indexed under org.jenkinsci.plugins.variant.OptionalExtension
[INFO] org.jenkinsci.plugins.pipeline.maven.publishers.CoveragePublisher.DescriptorImpl indexed under org.jenkinsci.plugins.variant.OptionalExtension
[INFO] org.jenkinsci.plugins.pipeline.maven.publishers.FindbugsAnalysisPublisher.DescriptorImpl indexed under org.jenkinsci.plugins.variant.OptionalExtension
[INFO] org.jenkinsci.plugins.pipeline.maven.publishers.InvokerRunsPublisher.DescriptorImpl indexed under org.jenkinsci.plugins.variant.OptionalExtension
[INFO] org.jenkinsci.plugins.pipeline.maven.publishers.JGivenTestsPublisher.DescriptorImpl indexed under org.jenkinsci.plugins.variant.OptionalExtension
[INFO] org.jenkinsci.plugins.pipeline.maven.publishers.JunitTestsPublisher.DescriptorImpl indexed under org.jenkinsci.plugins.variant.OptionalExtension
[INFO] org.jenkinsci.plugins.pipeline.maven.publishers.SpotBugsAnalysisPublisher.DescriptorImpl indexed under org.jenkinsci.plugins.variant.OptionalExtension
[INFO] org.jenkinsci.plugins.pipeline.maven.publishers.TasksScannerPublisher.DescriptorImpl indexed under org.jenkinsci.plugins.variant.OptionalExtension
[INFO] org.jenkinsci.plugins.pipeline.maven.GlobalPipelineMavenConfig indexed under hudson.Extension
[INFO] org.jenkinsci.plugins.pipeline.maven.MavenConfigFolderOverrideProperty.DescriptorImpl indexed under hudson.Extension
[INFO] org.jenkinsci.plugins.pipeline.maven.NeededPipelineMavenDatabasePluginAdminMonitor indexed under hudson.Extension
[INFO] org.jenkinsci.plugins.pipeline.maven.WithMavenStep.DescriptorImpl indexed under hudson.Extension
[INFO] org.jenkinsci.plugins.pipeline.maven.cli.TriggerDownstreamPipelinesCommand indexed under hudson.Extension
[INFO] org.jenkinsci.plugins.pipeline.maven.listeners.DatabaseSyncItemListener indexed under hudson.Extension
[INFO] org.jenkinsci.plugins.pipeline.maven.listeners.DatabaseSyncRunListener indexed under hudson.Extension
[INFO] org.jenkinsci.plugins.pipeline.maven.listeners.DownstreamPipelineTriggerRunListener indexed under hudson.Extension
[INFO] org.jenkinsci.plugins.pipeline.maven.publishers.DependenciesFingerprintPublisher.DescriptorImpl indexed under hudson.Extension
[INFO] org.jenkinsci.plugins.pipeline.maven.publishers.GeneratedArtifactsPublisher.DescriptorImpl indexed under hudson.Extension
[INFO] org.jenkinsci.plugins.pipeline.maven.publishers.JacocoReportPublisher.DescriptorImpl indexed under hudson.Extension
[INFO] org.jenkinsci.plugins.pipeline.maven.publishers.MavenLinkerPublisher2.DescriptorImpl indexed under hudson.Extension
[INFO] org.jenkinsci.plugins.pipeline.maven.publishers.PipelineGraphPublisher.DescriptorImpl indexed under hudson.Extension
[INFO] org.jenkinsci.plugins.pipeline.maven.trigger.WorkflowJobDependencyTrigger.DescriptorImpl indexed under hudson.Extension
[INFO] /tmp/plugin-builds/pipeline-maven/pipeline-maven/src/main/java/org/jenkinsci/plugins/pipeline/maven/GlobalPipelineMavenConfig.java:[93,12] Generating org/jenkinsci/plugins/pipeline/maven/GlobalPipelineMavenConfig.stapler
[INFO] /tmp/plugin-builds/pipeline-maven/pipeline-maven/src/main/java/org/jenkinsci/plugins/pipeline/maven/MavenConfigFolderOverrideProperty.java:[39,12] Generating org/jenkinsci/plugins/pipeline/maven/MavenConfigFolderOverrideProperty.stapler
[INFO] /tmp/plugin-builds/pipeline-maven/pipeline-maven/src/main/java/org/jenkinsci/plugins/pipeline/maven/WithMavenStep.java:[81,12] Generating org/jenkinsci/plugins/pipeline/maven/WithMavenStep.stapler
[INFO] /tmp/plugin-builds/pipeline-maven/pipeline-maven/src/main/java/org/jenkinsci/plugins/pipeline/maven/publishers/ConcordionTestsPublisher.java:[62,12] Generating org/jenkinsci/plugins/pipeline/maven/publishers/ConcordionTestsPublisher.stapler
[INFO] /tmp/plugin-builds/pipeline-maven/pipeline-maven/src/main/java/org/jenkinsci/plugins/pipeline/maven/publishers/CoveragePublisher.java:[60,12] Generating org/jenkinsci/plugins/pipeline/maven/publishers/CoveragePublisher.stapler
[INFO] /tmp/plugin-builds/pipeline-maven/pipeline-maven/src/main/java/org/jenkinsci/plugins/pipeline/maven/publishers/DependenciesFingerprintPublisher.java:[76,12] Generating org/jenkinsci/plugins/pipeline/maven/publishers/DependenciesFingerprintPublisher.stapler
[INFO] /tmp/plugin-builds/pipeline-maven/pipeline-maven/src/main/java/org/jenkinsci/plugins/pipeline/maven/publishers/FindbugsAnalysisPublisher.java:[58,12] Generating org/jenkinsci/plugins/pipeline/maven/publishers/FindbugsAnalysisPublisher.stapler
[INFO] /tmp/plugin-builds/pipeline-maven/pipeline-maven/src/main/java/org/jenkinsci/plugins/pipeline/maven/publishers/GeneratedArtifactsPublisher.java:[47,12] Generating org/jenkinsci/plugins/pipeline/maven/publishers/GeneratedArtifactsPublisher.stapler
[INFO] /tmp/plugin-builds/pipeline-maven/pipeline-maven/src/main/java/org/jenkinsci/plugins/pipeline/maven/publishers/InvokerRunsPublisher.java:[64,12] Generating org/jenkinsci/plugins/pipeline/maven/publishers/InvokerRunsPublisher.stapler
[INFO] /tmp/plugin-builds/pipeline-maven/pipeline-maven/src/main/java/org/jenkinsci/plugins/pipeline/maven/publishers/JGivenTestsPublisher.java:[57,12] Generating org/jenkinsci/plugins/pipeline/maven/publishers/JGivenTestsPublisher.stapler
[INFO] /tmp/plugin-builds/pipeline-maven/pipeline-maven/src/main/java/org/jenkinsci/plugins/pipeline/maven/publishers/JacocoReportPublisher.java:[48,12] Generating org/jenkinsci/plugins/pipeline/maven/publishers/JacocoReportPublisher.stapler
[INFO] /tmp/plugin-builds/pipeline-maven/pipeline-maven/src/main/java/org/jenkinsci/plugins/pipeline/maven/publishers/JunitTestsPublisher.java:[94,12] Generating org/jenkinsci/plugins/pipeline/maven/publishers/JunitTestsPublisher.stapler
[INFO] /tmp/plugin-builds/pipeline-maven/pipeline-maven/src/main/java/org/jenkinsci/plugins/pipeline/maven/publishers/MavenLinkerPublisher2.java:[34,12] Generating org/jenkinsci/plugins/pipeline/maven/publishers/MavenLinkerPublisher2.stapler
[INFO] /tmp/plugin-builds/pipeline-maven/pipeline-maven/src/main/java/org/jenkinsci/plugins/pipeline/maven/publishers/PipelineGraphPublisher.java:[63,12] Generating org/jenkinsci/plugins/pipeline/maven/publishers/PipelineGraphPublisher.stapler
[INFO] /tmp/plugin-builds/pipeline-maven/pipeline-maven/src/main/java/org/jenkinsci/plugins/pipeline/maven/publishers/SpotBugsAnalysisPublisher.java:[58,12] Generating org/jenkinsci/plugins/pipeline/maven/publishers/SpotBugsAnalysisPublisher.stapler
[INFO] /tmp/plugin-builds/pipeline-maven/pipeline-maven/src/main/java/org/jenkinsci/plugins/pipeline/maven/publishers/TasksScannerPublisher.java:[70,12] Generating org/jenkinsci/plugins/pipeline/maven/publishers/TasksScannerPublisher.stapler
[INFO] /tmp/plugin-builds/pipeline-maven/pipeline-maven/src/main/java/org/jenkinsci/plugins/pipeline/maven/trigger/WorkflowJobDependencyTrigger.java:[20,12] Generating org/jenkinsci/plugins/pipeline/maven/trigger/WorkflowJobDependencyTrigger.stapler
[INFO] /tmp/plugin-builds/pipeline-maven/pipeline-maven/src/main/java/org/jenkinsci/plugins/pipeline/maven/GlobalPipelineMavenConfig.java:[307,27] Generating org/jenkinsci/plugins/pipeline/maven/GlobalPipelineMavenConfig/doValidateJdbcConnection.stapler
[WARNING] /tmp/plugin-builds/pipeline-maven/pipeline-maven/src/main/java/org/jenkinsci/plugins/pipeline/maven/WithMavenStepExecution.java:[49,13] deprecated item is not annotated with @Deprecated
[WARNING] /tmp/plugin-builds/pipeline-maven/pipeline-maven/src/main/java/org/jenkinsci/plugins/pipeline/maven/WithMavenStepExecution.java:[34,1] deprecated item is not annotated with @Deprecated
[INFO] /tmp/plugin-builds/pipeline-maven/pipeline-maven/src/main/java/org/jenkinsci/plugins/pipeline/maven/GlobalPipelineMavenConfig.java: Some input files use or override a deprecated API.
[INFO] /tmp/plugin-builds/pipeline-maven/pipeline-maven/src/main/java/org/jenkinsci/plugins/pipeline/maven/GlobalPipelineMavenConfig.java: Recompile with -Xlint:deprecation for details.
[INFO] /tmp/plugin-builds/pipeline-maven/pipeline-maven/src/main/java/org/jenkinsci/plugins/pipeline/maven/GlobalPipelineMavenConfig.java: Some input files use unchecked or unsafe operations.
[INFO] /tmp/plugin-builds/pipeline-maven/pipeline-maven/src/main/java/org/jenkinsci/plugins/pipeline/maven/GlobalPipelineMavenConfig.java: Recompile with -Xlint:unchecked for details.
[INFO] 
[INFO] --- access-modifier-checker:1.35:enforce (default-enforce) @ pipeline-maven ---
[INFO] 
[INFO] --- bridge-method-injector:1.32:process (default) @ pipeline-maven ---
[INFO] 
[INFO] --- hpi:3.1762.vd3ff902a_5b_c4:insert-test (default-insert-test) @ pipeline-maven ---
[INFO] 
[INFO] --- antrun:3.2.0:run (createTempDir) @ pipeline-maven ---
[INFO] Executing tasks
[INFO]     [mkdir] Created dir: /tmp/plugin-builds/pipeline-maven/pipeline-maven/target/tmp
[INFO] Executed tasks
[INFO] 
[INFO] --- resources:3.3.1:testResources (default-testResources) @ pipeline-maven ---
[INFO] Not copying test resources
[INFO] 
[INFO] --- dependency:3.9.0:copy (copy-apache-maven) @ pipeline-maven ---
[INFO] 
[INFO] --- compiler:3.14.1:testCompile (default-testCompile) @ pipeline-maven ---
[INFO] Not compiling test sources
[INFO] 
[INFO] --- hpi:3.1762.vd3ff902a_5b_c4:test-hpl (default-test-hpl) @ pipeline-maven ---
[INFO] Generating /tmp/plugin-builds/pipeline-maven/pipeline-maven/target/test-classes/the.hpl
[INFO] 
[INFO] --- hpi:3.1762.vd3ff902a_5b_c4:resolve-test-dependencies (default-resolve-test-dependencies) @ pipeline-maven ---
[INFO] 
[INFO] --- hpi:3.1762.vd3ff902a_5b_c4:test-runtime (default-test-runtime) @ pipeline-maven ---
[INFO] Tests are skipped.
[INFO] 
[INFO] --- surefire:3.5.4:test (default-test) @ pipeline-maven ---
[INFO] Tests are skipped.
[INFO] 
[INFO] --- license:184.v19c87b_6b_a_9a_c:process (default) @ pipeline-maven ---
[INFO] Generated /tmp/plugin-builds/pipeline-maven/pipeline-maven/target/pipeline-maven/WEB-INF/licenses.xml
[INFO] 
[INFO] --- hpi:3.1762.vd3ff902a_5b_c4:hpi (default-hpi) @ pipeline-maven ---
[INFO] Generating /tmp/plugin-builds/pipeline-maven/pipeline-maven/target/pipeline-maven/META-INF/MANIFEST.MF
[INFO] Checking for attached .jar artifact ...
[INFO] Generating jar /tmp/plugin-builds/pipeline-maven/pipeline-maven/target/pipeline-maven.jar
[INFO] Building jar: /tmp/plugin-builds/pipeline-maven/pipeline-maven/target/pipeline-maven.jar
[INFO] Exploding webapp...
[INFO] Copy webapp webResources to /tmp/plugin-builds/pipeline-maven/pipeline-maven/target/pipeline-maven
[INFO] Assembling webapp pipeline-maven in /tmp/plugin-builds/pipeline-maven/pipeline-maven/target/pipeline-maven
[INFO] Generating hpi /tmp/plugin-builds/pipeline-maven/pipeline-maven/target/pipeline-maven.hpi
[INFO] Building jar: /tmp/plugin-builds/pipeline-maven/pipeline-maven/target/pipeline-maven.hpi
[INFO] 
[INFO] --- jar:3.4.2:test-jar (maybe-test-jar) @ pipeline-maven ---
[INFO] Skipping packaging of the test-jar
[INFO] 
[INFO] >>> spotbugs:4.9.8.1:check (spotbugs) > :spotbugs @ pipeline-maven >>>
[INFO] 
[INFO] --- spotbugs:4.9.8.1:spotbugs (spotbugs) @ pipeline-maven ---
[INFO] Fork Value is true
[INFO] Done SpotBugs Analysis....
[INFO] Skipping com.github.spotbugs:spotbugs-maven-plugin:4.9.8.1:spotbugs report goal
[INFO] 
[INFO] <<< spotbugs:4.9.8.1:check (spotbugs) < :spotbugs @ pipeline-maven <<<
[INFO] 
[INFO] 
[INFO] --- spotbugs:4.9.8.1:check (spotbugs) @ pipeline-maven ---
[INFO] BugInstance size is 0
[INFO] Error size is 0
[INFO] No errors/warnings found
[INFO] 
[INFO] --- spotless:3.0.0:check (default) @ pipeline-maven ---
[INFO] Index file does not exist. Fallback to an empty index
[INFO] Spotless.Java is keeping 98 files clean - 2 needs changes to be clean, 96 were already clean, 0 were skipped because caching determined they were already clean
[INFO] ------------------------------------------------------------------------
[INFO] Reactor Summary for Pipeline Maven Integration Plugin Parent 999999-SNAPSHOT:
[INFO] 
[INFO] Pipeline Maven Integration Plugin Parent ........... SUCCESS [ 21.006 s]
[INFO] Pipeline Maven Plugin API .......................... SUCCESS [ 34.665 s]
[INFO] Maven Spy for the Pipeline Maven Integration Plugin  SUCCESS [ 30.391 s]
[INFO] Pipeline Maven Integration Plugin .................. FAILURE [01:20 min]
[INFO] Pipeline Maven Plugin Database ..................... SKIPPED
[INFO] ------------------------------------------------------------------------
[INFO] BUILD FAILURE
[INFO] ------------------------------------------------------------------------
[INFO] Total time:  02:51 min
[INFO] Finished at: 2025-11-18T10:25:00Z
[INFO] ------------------------------------------------------------------------
[ERROR] Failed to execute goal com.diffplug.spotless:spotless-maven-plugin:3.0.0:check (default) on project pipeline-maven: The following files had format violations:
[ERROR]     src/main/java/org/jenkinsci/plugins/pipeline/maven/publishers/JacocoReportPublisher.java
[ERROR]         @@ -112,8 +112,7 @@
[ERROR]          ····@Override
[ERROR]          ····public·void·process(@NonNull·StepContext·context,·@NonNull·Element·mavenSpyLogsElt)
[ERROR]          ············throws·IOException,·InterruptedException·{
[ERROR]         -········throw·new·AbortException(
[ERROR]         -················"""
[ERROR]         +········throw·new·AbortException("""
[ERROR]          ········The·jacocoPublisher·is·deprecated·as·is·the·Jacoco·plugin·and·you·should·not·use·it.
[ERROR]          ········Alternatively,·you·should·rely·on·CoveragePublisher.
[ERROR]          ········Or,·if·continuing·to·use·the·JaCoCo·plugin·for·now,·run·it·explicitly·rather·than·expecting·withMaven·to·run·it·implicitly.
[ERROR]     src/main/java/org/jenkinsci/plugins/pipeline/maven/MavenPublisherStrategy.java
[ERROR]         @@ -73,9 +73,7 @@
[ERROR]          ············for·(Descriptor<MavenPublisher>·descriptor·:·descriptorList)·{
[ERROR]          ················try·{
[ERROR]          ····················if·(JacocoReportPublisher.DescriptorImpl.class.isAssignableFrom(descriptor.getClass()))·{
[ERROR]         -························listener.getLogger()
[ERROR]         -································.println(
[ERROR]         -········································"""
[ERROR]         +························listener.getLogger().println("""
[ERROR]          ························[withMaven]·JacocoPublisher·is·no·longer·implicitly·used·with·`withMaven`·step.
[ERROR]          ························[withMaven]·Jacoco·plugin·has·been·deprecated·and·should·not·be·used·anymore.
[ERROR]          ························[withMaven]·CoveragePublisher·will·be·used·instead.
[ERROR] Run 'mvn spotless:apply' to fix these violations.
[ERROR] -> [Help 1]
[ERROR] 
[ERROR] To see the full stack trace of the errors, re-run Maven with the -e switch.
[ERROR] Re-run Maven using the -X switch to enable full debug logging.
[ERROR] 
[ERROR] For more information about the errors and possible solutions, please read the following articles:
[ERROR] [Help 1] http://cwiki.apache.org/confluence/display/MAVEN/MojoExecutionException
[ERROR] 
[ERROR] After correcting the problems, you can resume the build with the command
[ERROR]   mvn <args> -rf :pipeline-maven
