WARNING: A terminally deprecated method in sun.misc.Unsafe has been called
WARNING: sun.misc.Unsafe::staticFieldBase has been called by com.google.inject.internal.aop.HiddenClassDefiner (file:/home/poddingue/.sdkman/candidates/maven/current/lib/guice-5.1.0-classes.jar)
WARNING: Please consider reporting this to the maintainers of class com.google.inject.internal.aop.HiddenClassDefiner
WARNING: sun.misc.Unsafe::staticFieldBase will be removed in a future release
[INFO] Scanning for projects...
[INFO] 
[INFO] Using the MultiThreadedBuilder implementation with a thread count of 4
[INFO] 
[INFO] -------------< org.jenkins-ci.plugins:pipeline-input-step >-------------
[INFO] Building Pipeline: Input Step 999999-SNAPSHOT
[INFO]   from pom.xml
[INFO] --------------------------------[ hpi ]---------------------------------
[INFO] 
[INFO] --- clean:3.4.1:clean (default-clean) @ pipeline-input-step ---
[INFO] 
[INFO] --- hpi:3.61:validate (default-validate) @ pipeline-input-step ---
[INFO] Created marker file /tmp/plugin-builds/pipeline-input-step/target/java-level/17
[INFO] 
[INFO] --- hpi:3.61:validate-hpi (default-validate-hpi) @ pipeline-input-step ---
[INFO] 
[INFO] --- enforcer:3.5.0:enforce (display-info) @ pipeline-input-step ---
[INFO] Rule 0: io.jenkins.tools.incrementals.enforcer.RequireExtensionVersion passed
[INFO] Rule 1: org.apache.maven.enforcer.rules.version.RequireMavenVersion passed
[INFO] Rule 2: org.apache.maven.enforcer.rules.version.RequireJavaVersion passed
[INFO] Rule 3: org.codehaus.mojo.extraenforcer.dependencies.EnforceBytecodeVersion passed
[INFO] Rule 4: org.apache.maven.enforcer.rules.dependency.BannedDependencies passed
[INFO] Rule 5: org.apache.maven.enforcer.rules.dependency.BannedDependencies passed
[INFO] Rule 6: org.apache.maven.enforcer.rules.dependency.RequireUpperBoundDeps passed
[INFO] 
[INFO] --- enforcer:3.5.0:enforce (no-snapshots-in-release) @ pipeline-input-step ---
[INFO] Rule 0: org.apache.maven.enforcer.rules.dependency.RequireReleaseDeps passed
[INFO] 
[INFO] --- localizer:1.31:generate (default) @ pipeline-input-step ---
[INFO] 
[INFO] --- resources:3.3.1:resources (default-resources) @ pipeline-input-step ---
[INFO] Copying 15 resources from src/main/resources to target/classes
[INFO] 
[INFO] --- flatten:1.7.0:flatten (flatten) @ pipeline-input-step ---
[INFO] Generating flattened POM of project org.jenkins-ci.plugins:pipeline-input-step:hpi:999999-SNAPSHOT...
[INFO] 
[INFO] --- compiler:3.14.0:compile (default-compile) @ pipeline-input-step ---
[INFO] Recompiling the module because of changed source code.
[INFO] Compiling 9 source files with javac [debug parameters release 17] to target/classes
[INFO] org.jenkinsci.plugins.workflow.support.steps.input.InputStep.DescriptorImpl indexed under hudson.Extension
[INFO] /tmp/plugin-builds/pipeline-input-step/src/main/java/org/jenkinsci/plugins/workflow/support/steps/input/InputStep.java:[90,12] Generating org/jenkinsci/plugins/workflow/support/steps/input/InputStep.stapler
[INFO] /tmp/plugin-builds/pipeline-input-step/src/main/java/org/jenkinsci/plugins/workflow/support/steps/input/Rejection.java:[11,14] Generating org/jenkinsci/plugins/workflow/support/steps/input/Rejection.javadoc
[INFO] /tmp/plugin-builds/pipeline-input-step/src/main/java/org/jenkinsci/plugins/workflow/support/steps/input/InputAction.java:[26,8] Generating org/jenkinsci/plugins/workflow/support/steps/input/InputAction.javadoc
[INFO] /tmp/plugin-builds/pipeline-input-step/src/main/java/org/jenkinsci/plugins/workflow/support/steps/input/ApproverAction.java:[41,8] Generating org/jenkinsci/plugins/workflow/support/steps/input/ApproverAction.javadoc
[INFO] /tmp/plugin-builds/pipeline-input-step/src/main/java/org/jenkinsci/plugins/workflow/support/steps/input/InputStep.java:[52,8] Generating org/jenkinsci/plugins/workflow/support/steps/input/InputStep.javadoc
[INFO] /tmp/plugin-builds/pipeline-input-step/src/main/java/org/jenkinsci/plugins/workflow/support/steps/input/InputStepExecution.java:[68,8] Generating org/jenkinsci/plugins/workflow/support/steps/input/InputStepExecution.javadoc
[INFO] /tmp/plugin-builds/pipeline-input-step/src/main/java/org/jenkinsci/plugins/workflow/support/steps/input/InputStep.java:[327,31] Generating org/jenkinsci/plugins/workflow/support/steps/input/InputStep/DescriptorImpl/doCheckId.stapler
[INFO] /tmp/plugin-builds/pipeline-input-step/src/main/java/org/jenkinsci/plugins/workflow/support/steps/input/ApproverAction.java: Some input files use or override a deprecated API.
[INFO] /tmp/plugin-builds/pipeline-input-step/src/main/java/org/jenkinsci/plugins/workflow/support/steps/input/ApproverAction.java: Recompile with -Xlint:deprecation for details.
[INFO] /tmp/plugin-builds/pipeline-input-step/src/main/java/org/jenkinsci/plugins/workflow/support/steps/input/InputStep.java: /tmp/plugin-builds/pipeline-input-step/src/main/java/org/jenkinsci/plugins/workflow/support/steps/input/InputStep.java uses unchecked or unsafe operations.
[INFO] /tmp/plugin-builds/pipeline-input-step/src/main/java/org/jenkinsci/plugins/workflow/support/steps/input/InputStep.java: Recompile with -Xlint:unchecked for details.
[INFO] 
[INFO] --- access-modifier-checker:1.34:enforce (default-enforce) @ pipeline-input-step ---
[INFO] 
[INFO] --- hpi:3.61:insert-test (default-insert-test) @ pipeline-input-step ---
[INFO] 
[INFO] --- antrun:3.1.0:run (createTempDir) @ pipeline-input-step ---
[INFO] Executing tasks
[INFO]     [mkdir] Created dir: /tmp/plugin-builds/pipeline-input-step/target/tmp
[INFO] Executed tasks
[INFO] 
[INFO] --- resources:3.3.1:testResources (default-testResources) @ pipeline-input-step ---
[INFO] Not copying test resources
[INFO] 
[INFO] --- compiler:3.14.0:testCompile (default-testCompile) @ pipeline-input-step ---
[INFO] Not compiling test sources
[INFO] 
[INFO] --- hpi:3.61:test-hpl (default-test-hpl) @ pipeline-input-step ---
[INFO] Generating /tmp/plugin-builds/pipeline-input-step/target/test-classes/the.hpl
[INFO] 
[INFO] --- hpi:3.61:resolve-test-dependencies (default-resolve-test-dependencies) @ pipeline-input-step ---
[INFO] 
[INFO] --- hpi:3.61:test-runtime (default-test-runtime) @ pipeline-input-step ---
[INFO] Tests are skipped.
[INFO] 
[INFO] --- surefire:3.5.2:test (default-test) @ pipeline-input-step ---
[INFO] Tests are skipped.
[INFO] 
[INFO] --- license:165.v7e11f4e4a_325:process (default) @ pipeline-input-step ---
[INFO] ------------------------------------------------------------------------
[INFO] BUILD FAILURE
[INFO] ------------------------------------------------------------------------
[INFO] Total time:  16.990 s (Wall Clock)
[INFO] Finished at: 2025-08-22T17:57:18+02:00
[INFO] ------------------------------------------------------------------------
[ERROR] BUG! exception in phase 'semantic analysis' in source unit 'inlineScript' Unsupported class file major version 69 -> [Help 1]
[ERROR] BUG! exception in phase 'semantic analysis' in source unit 'inlineScript' Unsupported class file major version 69
[ERROR] 
[ERROR] To see the full stack trace of the errors, re-run Maven with the -e switch.
[ERROR] Re-run Maven using the -X switch to enable full debug logging.
[ERROR] 
[ERROR] For more information about the errors and possible solutions, please read the following articles:
[ERROR] [Help 1] http://cwiki.apache.org/confluence/display/MAVEN/GroovyBugError
