WARNING: A terminally deprecated method in sun.misc.Unsafe has been called
WARNING: sun.misc.Unsafe::staticFieldBase has been called by com.google.inject.internal.aop.HiddenClassDefiner (file:/home/poddingue/.sdkman/candidates/maven/current/lib/guice-5.1.0-classes.jar)
WARNING: Please consider reporting this to the maintainers of class com.google.inject.internal.aop.HiddenClassDefiner
WARNING: sun.misc.Unsafe::staticFieldBase will be removed in a future release
[INFO] Scanning for projects...
[INFO] 
[INFO] Using the MultiThreadedBuilder implementation with a thread count of 4
[INFO] 
[INFO] ---------------< io.jenkins.plugins:pipeline-groovy-lib >---------------
[INFO] Building Pipeline: Groovy Libraries 999999-SNAPSHOT
[INFO]   from pom.xml
[INFO] --------------------------------[ hpi ]---------------------------------
[INFO] 
[INFO] --- clean:3.4.1:clean (default-clean) @ pipeline-groovy-lib ---
[INFO] 
[INFO] --- hpi:3.61:validate (default-validate) @ pipeline-groovy-lib ---
[INFO] Created marker file /tmp/plugin-builds/pipeline-groovy-lib/target/java-level/17
[INFO] 
[INFO] --- hpi:3.61:validate-hpi (default-validate-hpi) @ pipeline-groovy-lib ---
[INFO] 
[INFO] --- enforcer:3.5.0:enforce (display-info) @ pipeline-groovy-lib ---
[INFO] Rule 0: io.jenkins.tools.incrementals.enforcer.RequireExtensionVersion passed
[INFO] Rule 1: org.apache.maven.enforcer.rules.version.RequireMavenVersion passed
[INFO] Rule 2: org.apache.maven.enforcer.rules.version.RequireJavaVersion passed
[INFO] Rule 3: org.codehaus.mojo.extraenforcer.dependencies.EnforceBytecodeVersion passed
[INFO] Rule 4: org.apache.maven.enforcer.rules.dependency.BannedDependencies passed
[INFO] Rule 5: org.apache.maven.enforcer.rules.dependency.BannedDependencies passed
[INFO] Ignoring requireUpperBoundDeps in org.ow2.asm:asm
[INFO] Rule 6: org.apache.maven.enforcer.rules.dependency.RequireUpperBoundDeps passed
[INFO] 
[INFO] --- enforcer:3.5.0:enforce (no-snapshots-in-release) @ pipeline-groovy-lib ---
[INFO] Rule 0: org.apache.maven.enforcer.rules.dependency.RequireReleaseDeps passed
[INFO] 
[INFO] --- localizer:1.31:generate (default) @ pipeline-groovy-lib ---
[INFO] 
[INFO] --- resources:3.3.1:resources (default-resources) @ pipeline-groovy-lib ---
[INFO] Copying 34 resources from src/main/resources to target/classes
[INFO] 
[INFO] --- flatten:1.7.0:flatten (flatten) @ pipeline-groovy-lib ---
[INFO] Generating flattened POM of project io.jenkins.plugins:pipeline-groovy-lib:hpi:999999-SNAPSHOT...
[INFO] 
[INFO] --- compiler:3.14.0:compile (default-compile) @ pipeline-groovy-lib ---
[INFO] Recompiling the module because of changed source code.
[INFO] Compiling 26 source files with javac [debug parameters release 17] to target/classes
[WARNING] unknown enum constant javax.annotation.meta.When.MAYBE
  reason: class file for javax.annotation.meta.When not found
[WARNING] unknown enum constant javax.annotation.meta.When.ALWAYS
[INFO] org.jenkinsci.plugins.workflow.libs.MultibranchScmRevisionVerifier indexed under org.jenkinsci.plugins.variant.OptionalExtension
[INFO] org.jenkinsci.plugins.workflow.libs.FolderLibraries.DescriptorImpl indexed under hudson.Extension
[INFO] org.jenkinsci.plugins.workflow.libs.FolderLibraries.ForJob indexed under hudson.Extension
[INFO] org.jenkinsci.plugins.workflow.libs.GlobalLibraries indexed under hudson.Extension
[INFO] org.jenkinsci.plugins.workflow.libs.GlobalLibraries.ForJob indexed under hudson.Extension
[INFO] org.jenkinsci.plugins.workflow.libs.GlobalUntrustedLibraries indexed under hudson.Extension
[INFO] org.jenkinsci.plugins.workflow.libs.GlobalUntrustedLibraries.ForJob indexed under hudson.Extension
[INFO] org.jenkinsci.plugins.workflow.libs.LibrariesAction.LibraryEnvironment indexed under hudson.Extension
[INFO] org.jenkinsci.plugins.workflow.libs.LibraryAdder indexed under hudson.Extension
[INFO] org.jenkinsci.plugins.workflow.libs.LibraryAdder.GlobalVars indexed under hudson.Extension
[INFO] org.jenkinsci.plugins.workflow.libs.LibraryAdder.LoadedLibraries indexed under hudson.Extension
[INFO] org.jenkinsci.plugins.workflow.libs.LibraryAdder.Copier indexed under hudson.Extension
[INFO] org.jenkinsci.plugins.workflow.libs.LibraryCachingCleanup indexed under hudson.Extension
[INFO] org.jenkinsci.plugins.workflow.libs.LibraryCachingConfiguration.DescriptorImpl indexed under hudson.Extension
[INFO] org.jenkinsci.plugins.workflow.libs.LibraryConfiguration.DescriptorImpl indexed under hudson.Extension
[INFO] org.jenkinsci.plugins.workflow.libs.LibraryDecorator indexed under hudson.Extension
[INFO] org.jenkinsci.plugins.workflow.libs.LibraryStep.DescriptorImpl indexed under hudson.Extension
[INFO] org.jenkinsci.plugins.workflow.libs.LibraryStep.LoadedClassesWhitelist indexed under hudson.Extension
[INFO] org.jenkinsci.plugins.workflow.libs.ResourceStep.DescriptorImpl indexed under hudson.Extension
[INFO] org.jenkinsci.plugins.workflow.libs.SCMBasedRetriever.WorkspaceListener indexed under hudson.Extension
[INFO] org.jenkinsci.plugins.workflow.libs.SCMRetriever.DescriptorImpl indexed under hudson.Extension
[INFO] org.jenkinsci.plugins.workflow.libs.SCMRetriever.Hider indexed under hudson.Extension
[INFO] org.jenkinsci.plugins.workflow.libs.SCMSourceRetriever.DescriptorImpl indexed under hudson.Extension
[INFO] org.jenkinsci.plugins.workflow.libs.SCMSourceRetriever.Hider indexed under hudson.Extension
[INFO] /tmp/plugin-builds/pipeline-groovy-lib/src/main/java/org/jenkinsci/plugins/workflow/libs/FolderLibraries.java:[50,34] Generating org/jenkinsci/plugins/workflow/libs/FolderLibraries.stapler
[INFO] /tmp/plugin-builds/pipeline-groovy-lib/src/main/java/org/jenkinsci/plugins/workflow/libs/LibraryCachingConfiguration.java:[43,34] Generating org/jenkinsci/plugins/workflow/libs/LibraryCachingConfiguration.stapler
[INFO] /tmp/plugin-builds/pipeline-groovy-lib/src/main/java/org/jenkinsci/plugins/workflow/libs/LibraryConfiguration.java:[64,34] Generating org/jenkinsci/plugins/workflow/libs/LibraryConfiguration.stapler
[INFO] /tmp/plugin-builds/pipeline-groovy-lib/src/main/java/org/jenkinsci/plugins/workflow/libs/LibraryStep.java:[97,34] Generating org/jenkinsci/plugins/workflow/libs/LibraryStep.stapler
[INFO] /tmp/plugin-builds/pipeline-groovy-lib/src/main/java/org/jenkinsci/plugins/workflow/libs/ResourceStep.java:[51,34] Generating org/jenkinsci/plugins/workflow/libs/ResourceStep.stapler
[INFO] /tmp/plugin-builds/pipeline-groovy-lib/src/main/java/org/jenkinsci/plugins/workflow/libs/SCMRetriever.java:[56,34] Generating org/jenkinsci/plugins/workflow/libs/SCMRetriever.stapler
[INFO] /tmp/plugin-builds/pipeline-groovy-lib/src/main/java/org/jenkinsci/plugins/workflow/libs/SCMSourceRetriever.java:[63,34] Generating org/jenkinsci/plugins/workflow/libs/SCMSourceRetriever.stapler
[INFO] /tmp/plugin-builds/pipeline-groovy-lib/src/main/java/org/jenkinsci/plugins/workflow/libs/LibraryRecord.java:[43,14] Generating org/jenkinsci/plugins/workflow/libs/LibraryRecord.javadoc
[INFO] /tmp/plugin-builds/pipeline-groovy-lib/src/main/java/org/jenkinsci/plugins/workflow/libs/LibrariesAction.java:[43,8] Generating org/jenkinsci/plugins/workflow/libs/LibrariesAction.javadoc
[INFO] /tmp/plugin-builds/pipeline-groovy-lib/src/main/java/org/jenkinsci/plugins/workflow/libs/LibraryStep.java:[144,41] Generating org/jenkinsci/plugins/workflow/libs/LibraryStep/DescriptorImpl/doAutoCompleteIdentifier.stapler
[INFO] /tmp/plugin-builds/pipeline-groovy-lib/src/main/java/org/jenkinsci/plugins/workflow/libs/SCMBasedRetriever.java:[257,31] Generating org/jenkinsci/plugins/workflow/libs/SCMBasedRetriever/SCMBasedRetrieverDescriptor/doCheckLibraryPath.stapler
[INFO] /tmp/plugin-builds/pipeline-groovy-lib/src/main/java/org/jenkinsci/plugins/workflow/libs/LibraryConfiguration.java:[175,31] Generating org/jenkinsci/plugins/workflow/libs/LibraryConfiguration/DescriptorImpl/doCheckDefaultVersion.stapler
[INFO] /tmp/plugin-builds/pipeline-groovy-lib/src/main/java/org/jenkinsci/plugins/workflow/libs/LibraryCachingConfiguration.java:[144,31] Generating org/jenkinsci/plugins/workflow/libs/LibraryCachingConfiguration/DescriptorImpl/doClearCache.stapler
[INFO] /tmp/plugin-builds/pipeline-groovy-lib/src/main/java/org/jenkinsci/plugins/workflow/libs/LibraryConfiguration.java:[166,31] Generating org/jenkinsci/plugins/workflow/libs/LibraryConfiguration/DescriptorImpl/doCheckName.stapler
[WARNING] unknown enum constant javax.annotation.meta.When.MAYBE
  reason: class file for javax.annotation.meta.When not found
[WARNING] unknown enum constant javax.annotation.meta.When.ALWAYS
[WARNING] unknown enum constant javax.annotation.meta.When.MAYBE
  reason: class file for javax.annotation.meta.When not found
[WARNING] unknown enum constant javax.annotation.meta.When.ALWAYS
[INFO] /tmp/plugin-builds/pipeline-groovy-lib/src/main/java/org/jenkinsci/plugins/workflow/cps/global/GrapeHack.java: Some input files use or override a deprecated API.
[INFO] /tmp/plugin-builds/pipeline-groovy-lib/src/main/java/org/jenkinsci/plugins/workflow/cps/global/GrapeHack.java: Recompile with -Xlint:deprecation for details.
[INFO] 
[INFO] --- access-modifier-checker:1.34:enforce (default-enforce) @ pipeline-groovy-lib ---
[INFO] 
[INFO] --- hpi:3.61:insert-test (default-insert-test) @ pipeline-groovy-lib ---
[INFO] 
[INFO] --- antrun:3.1.0:run (createTempDir) @ pipeline-groovy-lib ---
[INFO] Executing tasks
[INFO]     [mkdir] Created dir: /tmp/plugin-builds/pipeline-groovy-lib/target/tmp
[INFO] Executed tasks
[INFO] 
[INFO] --- resources:3.3.1:testResources (default-testResources) @ pipeline-groovy-lib ---
[INFO] Not copying test resources
[INFO] 
[INFO] --- compiler:3.14.0:testCompile (default-testCompile) @ pipeline-groovy-lib ---
[INFO] Not compiling test sources
[INFO] 
[INFO] --- hpi:3.61:test-hpl (default-test-hpl) @ pipeline-groovy-lib ---
[INFO] Generating /tmp/plugin-builds/pipeline-groovy-lib/target/test-classes/the.hpl
[INFO] 
[INFO] --- hpi:3.61:resolve-test-dependencies (default-resolve-test-dependencies) @ pipeline-groovy-lib ---
[INFO] 
[INFO] --- hpi:3.61:test-runtime (default-test-runtime) @ pipeline-groovy-lib ---
[INFO] Tests are skipped.
[INFO] 
[INFO] --- surefire:3.5.2:test (default-test) @ pipeline-groovy-lib ---
[INFO] Tests are skipped.
[INFO] 
[INFO] --- license:165.v7e11f4e4a_325:process (default) @ pipeline-groovy-lib ---
[INFO] ------------------------------------------------------------------------
[INFO] BUILD FAILURE
[INFO] ------------------------------------------------------------------------
[INFO] Total time:  21.847 s (Wall Clock)
[INFO] Finished at: 2025-08-22T18:08:40+02:00
[INFO] ------------------------------------------------------------------------
[ERROR] BUG! exception in phase 'semantic analysis' in source unit 'inlineScript' Unsupported class file major version 69 -> [Help 1]
[ERROR] BUG! exception in phase 'semantic analysis' in source unit 'inlineScript' Unsupported class file major version 69
[ERROR] 
[ERROR] To see the full stack trace of the errors, re-run Maven with the -e switch.
[ERROR] Re-run Maven using the -X switch to enable full debug logging.
[ERROR] 
[ERROR] For more information about the errors and possible solutions, please read the following articles:
[ERROR] [Help 1] http://cwiki.apache.org/confluence/display/MAVEN/GroovyBugError
