[INFO] Scanning for projects...
[INFO] Artifact org.jenkins-ci.tools:maven-hpi-plugin:pom:3.1787.vd08d76c755ef is present in the local repository, but cached from a remote repository ID that is unavailable in current build context, verifying that is downloadable from [incrementals (https://repo.jenkins-ci.org/incrementals/, default, releases), central (https://repo.maven.apache.org/maven2, default, releases)]
[INFO] Artifact org.jenkins-ci.tools:maven-hpi-plugin:pom:3.1787.vd08d76c755ef is present in the local repository, but cached from a remote repository ID that is unavailable in current build context, verifying that is downloadable from [incrementals (https://repo.jenkins-ci.org/incrementals/, default, releases), central (https://repo.maven.apache.org/maven2, default, releases)]
[WARNING] The POM for org.jenkins-ci.tools:maven-hpi-plugin:jar:3.1787.vd08d76c755ef is missing, no dependency information available
[INFO] Artifact org.jenkins-ci.tools:maven-hpi-plugin:jar:3.1787.vd08d76c755ef is present in the local repository, but cached from a remote repository ID that is unavailable in current build context, verifying that is downloadable from [incrementals (https://repo.jenkins-ci.org/incrementals/, default, releases), central (https://repo.maven.apache.org/maven2, default, releases)]
[INFO] Artifact org.jenkins-ci.tools:maven-hpi-plugin:jar:3.1787.vd08d76c755ef is present in the local repository, but cached from a remote repository ID that is unavailable in current build context, verifying that is downloadable from [incrementals (https://repo.jenkins-ci.org/incrementals/, default, releases), central (https://repo.maven.apache.org/maven2, default, releases)]
[WARNING] Failed to build parent project for org.jenkins-ci.plugins.pipeline-stage-view:parent-pom:pom:2.40-SNAPSHOT
[INFO] ------------------------------------------------------------------------
[INFO] Reactor Build Order:
[INFO] 
[INFO] Pipeline Stage View Plugin: Parent POM                             [pom]
[INFO] Pipeline: REST API Plugin                                          [hpi]
[INFO] Pipeline: Stage View Plugin                                        [hpi]
[INFO] 
[INFO] -------< org.jenkins-ci.plugins.pipeline-stage-view:parent-pom >--------
[INFO] Building Pipeline Stage View Plugin: Parent POM 2.40-SNAPSHOT      [1/3]
[INFO]   from pom.xml
[INFO] --------------------------------[ pom ]---------------------------------
[INFO] 
[INFO] --- clean:3.5.0:clean (default-clean) @ parent-pom ---
[INFO] 
[INFO] --- enforcer:3.6.2:enforce (display-info) @ parent-pom ---
[INFO] Rule 0: io.jenkins.tools.incrementals.enforcer.RequireExtensionVersion passed
[INFO] Rule 1: org.apache.maven.enforcer.rules.version.RequireMavenVersion passed
[INFO] Rule 2: org.apache.maven.enforcer.rules.version.RequireJavaVersion passed
[INFO] Rule 3: org.apache.maven.enforcer.rules.RequirePluginVersions passed
[INFO] Rule 4: org.codehaus.mojo.extraenforcer.dependencies.EnforceBytecodeVersion passed
[INFO] Rule 5: org.apache.maven.enforcer.rules.dependency.BannedDependencies passed
[INFO] Rule 6: org.apache.maven.enforcer.rules.dependency.BannedDependencies passed
[INFO] Rule 7: org.apache.maven.enforcer.rules.dependency.RequireUpperBoundDeps passed
[INFO] 
[INFO] --- enforcer:3.6.2:enforce (no-snapshots-in-release) @ parent-pom ---
[INFO] Rule 0: org.apache.maven.enforcer.rules.dependency.RequireReleaseDeps passed
[INFO] 
[INFO] --- localizer:1.31:generate (default) @ parent-pom ---
[INFO] 
[INFO] --- enforcer:3.6.2:enforce (check-junit-imports) @ parent-pom ---
[INFO] Skipping Rule Enforcement.
[INFO] 
[INFO] --- flatten:1.7.3:flatten (flatten) @ parent-pom ---
[INFO] Generating flattened POM of project org.jenkins-ci.plugins.pipeline-stage-view:parent-pom:pom:2.40-SNAPSHOT...
[INFO] 
[INFO] --- bridge-method-injector:1.32:process (default) @ parent-pom ---
[INFO] 
[INFO] --- antrun:3.2.0:run (createTempDir) @ parent-pom ---
[INFO] Executing tasks
[INFO]     [mkdir] Created dir: /tmp/plugin-builds/pipeline-rest-api/target/tmp
[INFO] Executed tasks
[INFO] 
[INFO] --- license:184.v19c87b_6b_a_9a_c:process (default) @ parent-pom ---
[INFO] Generated /tmp/plugin-builds/pipeline-rest-api/target/parent-pom/WEB-INF/licenses.xml
[INFO] 
[INFO] --- jar:3.5.0:test-jar (maybe-test-jar) @ parent-pom ---
[INFO] Skipping packaging of the test-jar
[INFO] 
[INFO] >>> spotbugs:4.9.8.2:check (spotbugs) > :spotbugs @ parent-pom >>>
[INFO] 
[INFO] --- spotbugs:4.9.8.2:spotbugs (spotbugs) @ parent-pom ---
[INFO] No files found to run spotbugs; check compile phase has been run.
[INFO] Skipping com.github.spotbugs:spotbugs-maven-plugin:4.9.8.2:spotbugs report goal
[INFO] 
[INFO] <<< spotbugs:4.9.8.2:check (spotbugs) < :spotbugs @ parent-pom <<<
[INFO] 
[INFO] 
[INFO] --- spotbugs:4.9.8.2:check (spotbugs) @ parent-pom ---
[INFO] 
[INFO] --- spotless:3.1.0:check (default) @ parent-pom ---
[INFO] Spotless check skipped
[INFO] 
[INFO] --- install:3.1.4:install (default-install) @ parent-pom ---
[INFO] Installing /tmp/plugin-builds/pipeline-rest-api/target/parent-pom-2.40-SNAPSHOT.pom to /home/runner/.m2/repository/org/jenkins-ci/plugins/pipeline-stage-view/parent-pom/2.40-SNAPSHOT/parent-pom-2.40-SNAPSHOT.pom
[INFO] 
[INFO] ----< org.jenkins-ci.plugins.pipeline-stage-view:pipeline-rest-api >----
[INFO] Building Pipeline: REST API Plugin 2.40-SNAPSHOT                   [2/3]
[INFO]   from rest-api/pom.xml
[INFO] --------------------------------[ hpi ]---------------------------------
[INFO] 
[INFO] --- clean:3.5.0:clean (default-clean) @ pipeline-rest-api ---
[INFO] 
[INFO] --- hpi:3.1787.vd08d76c755ef:validate (default-validate) @ pipeline-rest-api ---
[INFO] Created marker file /tmp/plugin-builds/pipeline-rest-api/rest-api/target/java-level/17
[INFO] 
[INFO] --- hpi:3.1787.vd08d76c755ef:validate-hpi (default-validate-hpi) @ pipeline-rest-api ---
[INFO] 
[INFO] --- enforcer:3.6.2:enforce (display-info) @ pipeline-rest-api ---
[INFO] Rule 3: org.apache.maven.enforcer.rules.RequirePluginVersions passed
[INFO] Rule 4: org.codehaus.mojo.extraenforcer.dependencies.EnforceBytecodeVersion passed
[INFO] Rule 5: org.apache.maven.enforcer.rules.dependency.BannedDependencies passed
[INFO] Rule 6: org.apache.maven.enforcer.rules.dependency.BannedDependencies passed
[INFO] Rule 7: org.apache.maven.enforcer.rules.dependency.RequireUpperBoundDeps passed
[INFO] 
[INFO] --- enforcer:3.6.2:enforce (no-snapshots-in-release) @ pipeline-rest-api ---
[INFO] Rule 0: org.apache.maven.enforcer.rules.dependency.RequireReleaseDeps passed
[INFO] 
[INFO] --- localizer:1.31:generate (default) @ pipeline-rest-api ---
[INFO] 
[INFO] --- enforcer:3.6.2:enforce (check-junit-imports) @ pipeline-rest-api ---
[INFO] Skipping Rule Enforcement.
[INFO] 
[INFO] --- resources:3.4.0:resources (default-resources) @ pipeline-rest-api ---
[INFO] Copying 1 resource from src/main/resources to target/classes
[INFO] 
[INFO] --- flatten:1.7.3:flatten (flatten) @ pipeline-rest-api ---
[INFO] Generating flattened POM of project org.jenkins-ci.plugins.pipeline-stage-view:pipeline-rest-api:hpi:2.40-SNAPSHOT...
[INFO] 
[INFO] --- compiler:3.14.1:compile (default-compile) @ pipeline-rest-api ---
[INFO] Recompiling the module because of changed source code.
[INFO] Compiling 30 source files with javac [debug parameters release 17] to target/classes
[INFO] com.cloudbees.workflow.flownode.FlowNodeUtil.CacheExtension indexed under hudson.Extension
[INFO] com.cloudbees.workflow.flownode.FlowNodeUtil.RenameHandler indexed under hudson.Extension
[INFO] com.cloudbees.workflow.rest.endpoints.FlowNodeAPI indexed under hudson.Extension
[INFO] com.cloudbees.workflow.rest.endpoints.JobAPI indexed under hudson.Extension
[INFO] com.cloudbees.workflow.rest.endpoints.RunAPI indexed under hudson.Extension
[INFO] /tmp/plugin-builds/pipeline-rest-api/rest-api/src/main/java/com/cloudbees/workflow/rest/endpoints/RunAPI.java:[114,19] Generating com/cloudbees/workflow/rest/endpoints/RunAPI/doDescribe.stapler
[INFO] /tmp/plugin-builds/pipeline-rest-api/rest-api/src/main/java/com/cloudbees/workflow/rest/endpoints/RunAPI.java:[194,17] Generating com/cloudbees/workflow/rest/endpoints/RunAPI/doInputSubmit.stapler
[INFO] /tmp/plugin-builds/pipeline-rest-api/rest-api/src/main/java/com/cloudbees/workflow/rest/endpoints/JobAPI.java:[68,25] Generating com/cloudbees/workflow/rest/endpoints/JobAPI/doRuns.stapler
[INFO] /tmp/plugin-builds/pipeline-rest-api/rest-api/src/main/java/com/cloudbees/workflow/rest/AbstractFlowNodeActionHandler.java: Some input files use or override a deprecated API.
[INFO] /tmp/plugin-builds/pipeline-rest-api/rest-api/src/main/java/com/cloudbees/workflow/rest/AbstractFlowNodeActionHandler.java: Recompile with -Xlint:deprecation for details.
[INFO] /tmp/plugin-builds/pipeline-rest-api/rest-api/src/main/java/com/cloudbees/workflow/rest/external/ChangeSetExt.java: /tmp/plugin-builds/pipeline-rest-api/rest-api/src/main/java/com/cloudbees/workflow/rest/external/ChangeSetExt.java uses unchecked or unsafe operations.
[INFO] /tmp/plugin-builds/pipeline-rest-api/rest-api/src/main/java/com/cloudbees/workflow/rest/external/ChangeSetExt.java: Recompile with -Xlint:unchecked for details.
[INFO] 
[INFO] --- access-modifier-checker:1.35:enforce (default-enforce) @ pipeline-rest-api ---
[INFO] 
[INFO] --- bridge-method-injector:1.32:process (default) @ pipeline-rest-api ---
[INFO] 
[INFO] --- hpi:3.1787.vd08d76c755ef:insert-test (default-insert-test) @ pipeline-rest-api ---
[INFO] 
[INFO] --- antrun:3.2.0:run (createTempDir) @ pipeline-rest-api ---
[INFO] Executing tasks
[INFO]     [mkdir] Created dir: /tmp/plugin-builds/pipeline-rest-api/rest-api/target/tmp
[INFO] Executed tasks
[INFO] 
[INFO] --- resources:3.4.0:testResources (default-testResources) @ pipeline-rest-api ---
[INFO] Not copying test resources
[INFO] 
[INFO] --- compiler:3.14.1:testCompile (default-testCompile) @ pipeline-rest-api ---
[INFO] Not compiling test sources
[INFO] 
[INFO] --- hpi:3.1787.vd08d76c755ef:test-hpl (default-test-hpl) @ pipeline-rest-api ---
[INFO] Generating /tmp/plugin-builds/pipeline-rest-api/rest-api/target/test-classes/the.hpl
[INFO] 
[INFO] --- hpi:3.1787.vd08d76c755ef:resolve-test-dependencies (default-resolve-test-dependencies) @ pipeline-rest-api ---
[INFO] 
[INFO] --- hpi:3.1787.vd08d76c755ef:test-runtime (default-test-runtime) @ pipeline-rest-api ---
[INFO] Tests are skipped.
[INFO] 
[INFO] --- surefire:3.5.4:test (default-test) @ pipeline-rest-api ---
[INFO] Tests are skipped.
[INFO] 
[INFO] --- license:184.v19c87b_6b_a_9a_c:process (default) @ pipeline-rest-api ---
[INFO] Generated /tmp/plugin-builds/pipeline-rest-api/rest-api/target/pipeline-rest-api/WEB-INF/licenses.xml
[INFO] 
[INFO] --- hpi:3.1787.vd08d76c755ef:hpi (default-hpi) @ pipeline-rest-api ---
[INFO] Generating /tmp/plugin-builds/pipeline-rest-api/rest-api/target/pipeline-rest-api/META-INF/MANIFEST.MF
[INFO] Checking for attached .jar artifact ...
[INFO] Generating jar /tmp/plugin-builds/pipeline-rest-api/rest-api/target/pipeline-rest-api.jar
[INFO] Building jar: /tmp/plugin-builds/pipeline-rest-api/rest-api/target/pipeline-rest-api.jar
[INFO] Exploding webapp...
[INFO] Copy webapp webResources to /tmp/plugin-builds/pipeline-rest-api/rest-api/target/pipeline-rest-api
[INFO] Assembling webapp pipeline-rest-api in /tmp/plugin-builds/pipeline-rest-api/rest-api/target/pipeline-rest-api
[INFO] Generating hpi /tmp/plugin-builds/pipeline-rest-api/rest-api/target/pipeline-rest-api.hpi
[INFO] Building jar: /tmp/plugin-builds/pipeline-rest-api/rest-api/target/pipeline-rest-api.hpi
[INFO] 
[INFO] --- jar:3.5.0:test-jar (maybe-test-jar) @ pipeline-rest-api ---
[INFO] Skipping packaging of the test-jar
[INFO] 
[INFO] --- jar:3.5.0:test-jar (default) @ pipeline-rest-api ---
[INFO] Skipping packaging of the test-jar
[INFO] 
[INFO] >>> spotbugs:4.9.8.2:check (spotbugs) > :spotbugs @ pipeline-rest-api >>>
[INFO] 
[INFO] --- spotbugs:4.9.8.2:spotbugs (spotbugs) @ pipeline-rest-api ---
[INFO] Fork Value is true
[INFO] Done SpotBugs Analysis....
[INFO] Skipping com.github.spotbugs:spotbugs-maven-plugin:4.9.8.2:spotbugs report goal
[INFO] 
[INFO] <<< spotbugs:4.9.8.2:check (spotbugs) < :spotbugs @ pipeline-rest-api <<<
[INFO] 
[INFO] 
[INFO] --- spotbugs:4.9.8.2:check (spotbugs) @ pipeline-rest-api ---
[INFO] BugInstance size is 0
[INFO] Error size is 0
[INFO] No errors/warnings found
[INFO] 
[INFO] --- spotless:3.1.0:check (default) @ pipeline-rest-api ---
[INFO] Spotless check skipped
[INFO] 
[INFO] --- install:3.1.4:install (default-install) @ pipeline-rest-api ---
[INFO] Installing /tmp/plugin-builds/pipeline-rest-api/rest-api/target/pipeline-rest-api-2.40-SNAPSHOT.pom to /home/runner/.m2/repository/org/jenkins-ci/plugins/pipeline-stage-view/pipeline-rest-api/2.40-SNAPSHOT/pipeline-rest-api-2.40-SNAPSHOT.pom
[INFO] Installing /tmp/plugin-builds/pipeline-rest-api/rest-api/target/pipeline-rest-api.hpi to /home/runner/.m2/repository/org/jenkins-ci/plugins/pipeline-stage-view/pipeline-rest-api/2.40-SNAPSHOT/pipeline-rest-api-2.40-SNAPSHOT.hpi
[INFO] Installing /tmp/plugin-builds/pipeline-rest-api/rest-api/target/pipeline-rest-api.jar to /home/runner/.m2/repository/org/jenkins-ci/plugins/pipeline-stage-view/pipeline-rest-api/2.40-SNAPSHOT/pipeline-rest-api-2.40-SNAPSHOT.jar
[INFO] 
[INFO] ---< org.jenkins-ci.plugins.pipeline-stage-view:pipeline-stage-view >---
[INFO] Building Pipeline: Stage View Plugin 2.40-SNAPSHOT                 [3/3]
[INFO]   from ui/pom.xml
[INFO] --------------------------------[ hpi ]---------------------------------
[INFO] 
[INFO] --- clean:3.5.0:clean (default-clean) @ pipeline-stage-view ---
[INFO] 
[INFO] --- hpi:3.1787.vd08d76c755ef:validate (default-validate) @ pipeline-stage-view ---
[INFO] Created marker file /tmp/plugin-builds/pipeline-rest-api/ui/target/java-level/17
[INFO] 
[INFO] --- hpi:3.1787.vd08d76c755ef:validate-hpi (default-validate-hpi) @ pipeline-stage-view ---
[INFO] 
[INFO] --- enforcer:3.6.2:enforce (display-info) @ pipeline-stage-view ---
[INFO] Rule 3: org.apache.maven.enforcer.rules.RequirePluginVersions passed
[INFO] Rule 4: org.codehaus.mojo.extraenforcer.dependencies.EnforceBytecodeVersion passed
[INFO] Rule 5: org.apache.maven.enforcer.rules.dependency.BannedDependencies passed
[INFO] Rule 6: org.apache.maven.enforcer.rules.dependency.BannedDependencies passed
[INFO] Rule 7: org.apache.maven.enforcer.rules.dependency.RequireUpperBoundDeps passed
[INFO] 
[INFO] --- enforcer:3.6.2:enforce (no-snapshots-in-release) @ pipeline-stage-view ---
[INFO] Rule 0: org.apache.maven.enforcer.rules.dependency.RequireReleaseDeps passed
[INFO] 
[INFO] --- frontend:2.0.0:install-node-and-npm (install node and npm) @ pipeline-stage-view ---
[INFO] Installing node version v18.7.0
[INFO] Downloading https://repo.jenkins-ci.org/nodejs-dist/v18.7.0/node-v18.7.0-linux-x64.tar.gz to /home/runner/.m2/repository/com/github/eirslett/node/18.7.0/node-18.7.0-linux-x64.tar.gz
[INFO] No proxies configured
[INFO] No proxy was configured, downloading directly
[INFO] Unpacking /home/runner/.m2/repository/com/github/eirslett/node/18.7.0/node-18.7.0-linux-x64.tar.gz into /tmp/plugin-builds/pipeline-rest-api/ui/node/tmp
[INFO] Copying node binary from /tmp/plugin-builds/pipeline-rest-api/ui/node/tmp/node-v18.7.0-linux-x64/bin/node to /tmp/plugin-builds/pipeline-rest-api/ui/node/node
[INFO] Installed node locally.
[INFO] Installing npm version 8.15.0
[INFO] Downloading https://repo.jenkins-ci.org/npm-dist/npm-8.15.0.tgz to /home/runner/.m2/repository/com/github/eirslett/npm/8.15.0/npm-8.15.0.tar.gz
[INFO] No proxies configured
[INFO] No proxy was configured, downloading directly
[INFO] Unpacking /home/runner/.m2/repository/com/github/eirslett/npm/8.15.0/npm-8.15.0.tar.gz into /tmp/plugin-builds/pipeline-rest-api/ui/node/node_modules
[INFO] Installed npm locally.
[INFO] 
[INFO] --- frontend:2.0.0:npm (npm install) @ pipeline-stage-view ---
[INFO] Running 'npm ci --silent' in /tmp/plugin-builds/pipeline-rest-api/ui
[INFO] ------------------------------------------------------------------------
[INFO] Reactor Summary for Pipeline Stage View Plugin: Parent POM 2.40-SNAPSHOT:
[INFO] 
[INFO] Pipeline Stage View Plugin: Parent POM ............. SUCCESS [ 14.852 s]
[INFO] Pipeline: REST API Plugin .......................... SUCCESS [ 41.199 s]
[INFO] Pipeline: Stage View Plugin ........................ FAILURE [ 44.624 s]
[INFO] ------------------------------------------------------------------------
[INFO] BUILD FAILURE
[INFO] ------------------------------------------------------------------------
[INFO] Total time:  01:45 min
[INFO] Finished at: 2026-02-17T02:59:25Z
[INFO] ------------------------------------------------------------------------
[ERROR] Failed to execute goal com.github.eirslett:frontend-maven-plugin:2.0.0:npm (npm install) on project pipeline-stage-view: Failed to run task: 'npm ci --silent' failed. org.apache.commons.exec.ExecuteException: Process exited with an error: 1 (Exit value: 1) -> [Help 1]
[ERROR] 
[ERROR] To see the full stack trace of the errors, re-run Maven with the -e switch.
[ERROR] Re-run Maven using the -X switch to enable full debug logging.
[ERROR] 
[ERROR] For more information about the errors and possible solutions, please read the following articles:
[ERROR] [Help 1] http://cwiki.apache.org/confluence/display/MAVEN/MojoFailureException
[ERROR] 
[ERROR] After correcting the problems, you can resume the build with the command
[ERROR]   mvn <args> -rf :pipeline-stage-view
