WARNING: A restricted method in java.lang.System has been called
WARNING: java.lang.System::load has been called by org.fusesource.jansi.internal.JansiLoader in an unnamed module (file:/home/poddingue/.sdkman/candidates/maven/current/lib/jansi-2.4.1.jar)
WARNING: Use --enable-native-access=ALL-UNNAMED to avoid a warning for callers in this module
WARNING: Restricted methods will be blocked in a future release unless native access is enabled

WARNING: A terminally deprecated method in sun.misc.Unsafe has been called
WARNING: sun.misc.Unsafe::objectFieldOffset has been called by com.google.common.util.concurrent.AbstractFuture$UnsafeAtomicHelper (file:/home/poddingue/.sdkman/candidates/maven/current/lib/guava-33.2.1-jre.jar)
WARNING: Please consider reporting this to the maintainers of class com.google.common.util.concurrent.AbstractFuture$UnsafeAtomicHelper
WARNING: sun.misc.Unsafe::objectFieldOffset will be removed in a future release
[INFO] Scanning for projects...
[INFO] ------------------------------------------------------------------------
[INFO] Reactor Build Order:
[INFO] 
[INFO] Pipeline: Model Parent POM                                         [pom]
[INFO] Pipeline: Stage Tags Metadata                                      [hpi]
[INFO] Pipeline: Model API                                                [hpi]
[INFO] Pipeline: Declarative Extension Points API                         [hpi]
[INFO] Pipeline: Declarative                                              [hpi]
[INFO] 
[INFO] ------------< org.jenkinsci.plugins:pipeline-model-parent >-------------
[INFO] Building Pipeline: Model Parent POM 999999-SNAPSHOT                [1/5]
[INFO]   from pom.xml
[INFO] --------------------------------[ pom ]---------------------------------
[INFO] 
[INFO] --- clean:3.4.1:clean (default-clean) @ pipeline-model-parent ---
[INFO] 
[INFO] --- enforcer:3.5.0:enforce (display-info) @ pipeline-model-parent ---
[INFO] Rule 0: io.jenkins.tools.incrementals.enforcer.RequireExtensionVersion passed
[INFO] Rule 1: org.apache.maven.enforcer.rules.version.RequireMavenVersion passed
[INFO] Rule 2: org.apache.maven.enforcer.rules.version.RequireJavaVersion passed
[INFO] Rule 3: org.codehaus.mojo.extraenforcer.dependencies.EnforceBytecodeVersion passed
[INFO] Rule 4: org.apache.maven.enforcer.rules.dependency.BannedDependencies passed
[INFO] Rule 5: org.apache.maven.enforcer.rules.dependency.BannedDependencies passed
[INFO] Rule 6: org.apache.maven.enforcer.rules.dependency.RequireUpperBoundDeps passed
[INFO] 
[INFO] --- enforcer:3.5.0:enforce (no-snapshots-in-release) @ pipeline-model-parent ---
[INFO] Rule 0: org.apache.maven.enforcer.rules.dependency.RequireReleaseDeps passed
[INFO] 
[INFO] --- localizer:1.31:generate (default) @ pipeline-model-parent ---
[INFO] 
[INFO] --- flatten:1.7.0:flatten (flatten) @ pipeline-model-parent ---
[INFO] Generating flattened POM of project org.jenkinsci.plugins:pipeline-model-parent:pom:999999-SNAPSHOT...
[INFO] 
[INFO] --- antrun:3.1.0:run (createTempDir) @ pipeline-model-parent ---
[INFO] Executing tasks
[INFO]     [mkdir] Created dir: /tmp/plugin-builds/pipeline-stage-tags-metadata/target/tmp
[INFO] Executed tasks
[INFO] 
[INFO] --- license:165.v7e11f4e4a_325:process (default) @ pipeline-model-parent ---
[INFO] 
[INFO] --- jar:3.4.2:test-jar (maybe-test-jar) @ pipeline-model-parent ---
[INFO] Skipping packaging of the test-jar
[INFO] 
[INFO] >>> spotbugs:4.9.2.0:check (spotbugs) > :spotbugs @ pipeline-model-parent >>>
[INFO] 
[INFO] --- spotbugs:4.9.2.0:spotbugs (spotbugs) @ pipeline-model-parent ---
[INFO] Skipping com.github.spotbugs:spotbugs-maven-plugin:4.9.2.0:spotbugs report goal
[INFO] 
[INFO] <<< spotbugs:4.9.2.0:check (spotbugs) < :spotbugs @ pipeline-model-parent <<<
[INFO] 
[INFO] 
[INFO] --- spotbugs:4.9.2.0:check (spotbugs) @ pipeline-model-parent ---
[INFO] Spotbugs plugin skipped
[INFO] 
[INFO] --- spotless:2.44.3:check (default) @ pipeline-model-parent ---
[INFO] Spotless check skipped
[INFO] 
[INFO] --- install:3.1.4:install (default-install) @ pipeline-model-parent ---
[INFO] Installing /tmp/plugin-builds/pipeline-stage-tags-metadata/target/pipeline-model-parent-999999-SNAPSHOT.pom to /home/poddingue/.m2/repository/org/jenkinsci/plugins/pipeline-model-parent/999999-SNAPSHOT/pipeline-model-parent-999999-SNAPSHOT.pom
[INFO] 
[INFO] ---------< org.jenkinsci.plugins:pipeline-stage-tags-metadata >---------
[INFO] Building Pipeline: Stage Tags Metadata 999999-SNAPSHOT             [2/5]
[INFO]   from pipeline-stage-tags-metadata/pom.xml
[INFO] --------------------------------[ hpi ]---------------------------------
[INFO] 
[INFO] --- clean:3.4.1:clean (default-clean) @ pipeline-stage-tags-metadata ---
[INFO] 
[INFO] --- hpi:3.61:validate (default-validate) @ pipeline-stage-tags-metadata ---
[INFO] Created marker file /tmp/plugin-builds/pipeline-stage-tags-metadata/pipeline-stage-tags-metadata/target/java-level/17
[INFO] 
[INFO] --- hpi:3.61:validate-hpi (default-validate-hpi) @ pipeline-stage-tags-metadata ---
[INFO] 
[INFO] --- enforcer:3.5.0:enforce (display-info) @ pipeline-stage-tags-metadata ---
[INFO] Rule 3: org.codehaus.mojo.extraenforcer.dependencies.EnforceBytecodeVersion passed
[INFO] Rule 4: org.apache.maven.enforcer.rules.dependency.BannedDependencies passed
[INFO] Rule 5: org.apache.maven.enforcer.rules.dependency.BannedDependencies passed
[INFO] Rule 6: org.apache.maven.enforcer.rules.dependency.RequireUpperBoundDeps passed
[INFO] 
[INFO] --- enforcer:3.5.0:enforce (no-snapshots-in-release) @ pipeline-stage-tags-metadata ---
[INFO] Rule 0: org.apache.maven.enforcer.rules.dependency.RequireReleaseDeps passed
[INFO] 
[INFO] --- localizer:1.31:generate (default) @ pipeline-stage-tags-metadata ---
[INFO] 
[INFO] --- resources:3.3.1:resources (default-resources) @ pipeline-stage-tags-metadata ---
[INFO] Copying 1 resource from src/main/resources to target/classes
[INFO] 
[INFO] --- flatten:1.7.0:flatten (flatten) @ pipeline-stage-tags-metadata ---
[INFO] Generating flattened POM of project org.jenkinsci.plugins:pipeline-stage-tags-metadata:hpi:999999-SNAPSHOT...
[INFO] 
[INFO] --- compiler:3.14.0:compile (default-compile) @ pipeline-stage-tags-metadata ---
[INFO] Recompiling the module because of changed source code.
[INFO] Compiling 3 source files with javac [debug parameters release 17] to target/classes
[INFO] org.jenkinsci.plugins.pipeline.StageStatus indexed under hudson.Extension
[INFO] org.jenkinsci.plugins.pipeline.SyntheticStage indexed under hudson.Extension
[INFO] 
[INFO] --- access-modifier-checker:1.34:enforce (default-enforce) @ pipeline-stage-tags-metadata ---
[INFO] Skipping access modifier checks
[INFO] 
[INFO] --- hpi:3.61:insert-test (default-insert-test) @ pipeline-stage-tags-metadata ---
[INFO] 
[INFO] --- antrun:3.1.0:run (createTempDir) @ pipeline-stage-tags-metadata ---
[INFO] Executing tasks
[INFO]     [mkdir] Created dir: /tmp/plugin-builds/pipeline-stage-tags-metadata/pipeline-stage-tags-metadata/target/tmp
[INFO] Executed tasks
[INFO] 
[INFO] --- resources:3.3.1:testResources (default-testResources) @ pipeline-stage-tags-metadata ---
[INFO] skip non existing resourceDirectory /tmp/plugin-builds/pipeline-stage-tags-metadata/pipeline-stage-tags-metadata/src/test/resources
[INFO] 
[INFO] --- compiler:3.14.0:testCompile (default-testCompile) @ pipeline-stage-tags-metadata ---
[INFO] Recompiling the module because of changed dependency.
[INFO] Compiling 2 source files with javac [debug parameters release 17] to target/test-classes
[INFO] 
[INFO] --- hpi:3.61:test-hpl (default-test-hpl) @ pipeline-stage-tags-metadata ---
[INFO] Generating /tmp/plugin-builds/pipeline-stage-tags-metadata/pipeline-stage-tags-metadata/target/test-classes/the.hpl
[INFO] 
[INFO] --- hpi:3.61:resolve-test-dependencies (default-resolve-test-dependencies) @ pipeline-stage-tags-metadata ---
[INFO] 
[INFO] --- hpi:3.61:test-runtime (default-test-runtime) @ pipeline-stage-tags-metadata ---
[INFO] Tests are skipped.
[INFO] 
[INFO] --- surefire:3.5.2:test (default-test) @ pipeline-stage-tags-metadata ---
[INFO] Tests are skipped.
[INFO] 
[INFO] --- license:165.v7e11f4e4a_325:process (default) @ pipeline-stage-tags-metadata ---
[INFO] 
[INFO] --- hpi:3.61:hpi (default-hpi) @ pipeline-stage-tags-metadata ---
[INFO] Generating /tmp/plugin-builds/pipeline-stage-tags-metadata/pipeline-stage-tags-metadata/target/pipeline-stage-tags-metadata/META-INF/MANIFEST.MF
[INFO] Checking for attached .jar artifact ...
[INFO] Generating jar /tmp/plugin-builds/pipeline-stage-tags-metadata/pipeline-stage-tags-metadata/target/pipeline-stage-tags-metadata.jar
[INFO] Building jar: /tmp/plugin-builds/pipeline-stage-tags-metadata/pipeline-stage-tags-metadata/target/pipeline-stage-tags-metadata.jar
[INFO] Exploding webapp...
[INFO] Copy webapp webResources to /tmp/plugin-builds/pipeline-stage-tags-metadata/pipeline-stage-tags-metadata/target/pipeline-stage-tags-metadata
[INFO] Assembling webapp pipeline-stage-tags-metadata in /tmp/plugin-builds/pipeline-stage-tags-metadata/pipeline-stage-tags-metadata/target/pipeline-stage-tags-metadata
[INFO] Generating hpi /tmp/plugin-builds/pipeline-stage-tags-metadata/pipeline-stage-tags-metadata/target/pipeline-stage-tags-metadata.hpi
[INFO] Building jar: /tmp/plugin-builds/pipeline-stage-tags-metadata/pipeline-stage-tags-metadata/target/pipeline-stage-tags-metadata.hpi
[INFO] 
[INFO] --- jar:3.4.2:test-jar (maybe-test-jar) @ pipeline-stage-tags-metadata ---
[INFO] Skipping packaging of the test-jar
[INFO] 
[INFO] >>> spotbugs:4.9.2.0:check (spotbugs) > :spotbugs @ pipeline-stage-tags-metadata >>>
[INFO] 
[INFO] --- spotbugs:4.9.2.0:spotbugs (spotbugs) @ pipeline-stage-tags-metadata ---
[INFO] Skipping com.github.spotbugs:spotbugs-maven-plugin:4.9.2.0:spotbugs report goal
[INFO] 
[INFO] <<< spotbugs:4.9.2.0:check (spotbugs) < :spotbugs @ pipeline-stage-tags-metadata <<<
[INFO] 
[INFO] 
[INFO] --- spotbugs:4.9.2.0:check (spotbugs) @ pipeline-stage-tags-metadata ---
[INFO] Spotbugs plugin skipped
[INFO] 
[INFO] --- spotless:2.44.3:check (default) @ pipeline-stage-tags-metadata ---
[INFO] Spotless check skipped
[INFO] 
[INFO] --- install:3.1.4:install (default-install) @ pipeline-stage-tags-metadata ---
[INFO] Installing /tmp/plugin-builds/pipeline-stage-tags-metadata/pipeline-stage-tags-metadata/target/pipeline-stage-tags-metadata-999999-SNAPSHOT.pom to /home/poddingue/.m2/repository/org/jenkinsci/plugins/pipeline-stage-tags-metadata/999999-SNAPSHOT/pipeline-stage-tags-metadata-999999-SNAPSHOT.pom
[INFO] Installing /tmp/plugin-builds/pipeline-stage-tags-metadata/pipeline-stage-tags-metadata/target/pipeline-stage-tags-metadata.hpi to /home/poddingue/.m2/repository/org/jenkinsci/plugins/pipeline-stage-tags-metadata/999999-SNAPSHOT/pipeline-stage-tags-metadata-999999-SNAPSHOT.hpi
[INFO] Installing /tmp/plugin-builds/pipeline-stage-tags-metadata/pipeline-stage-tags-metadata/target/pipeline-stage-tags-metadata.jar to /home/poddingue/.m2/repository/org/jenkinsci/plugins/pipeline-stage-tags-metadata/999999-SNAPSHOT/pipeline-stage-tags-metadata-999999-SNAPSHOT.jar
[INFO] 
[INFO] --------------< org.jenkinsci.plugins:pipeline-model-api >--------------
[INFO] Building Pipeline: Model API 999999-SNAPSHOT                       [3/5]
[INFO]   from pipeline-model-api/pom.xml
[INFO] --------------------------------[ hpi ]---------------------------------
Downloading from repo.jenkins-ci.org: https://repo.jenkins-ci.org/public/org/mozilla/rhino/1.7.15/rhino-1.7.15.pom
Downloading from incrementals: https://repo.jenkins-ci.org/incrementals/org/mozilla/rhino/1.7.15/rhino-1.7.15.pom
Downloading from central: https://repo.maven.apache.org/maven2/org/mozilla/rhino/1.7.15/rhino-1.7.15.pom
Progress (1): 1.3 kB                    Downloaded from central: https://repo.maven.apache.org/maven2/org/mozilla/rhino/1.7.15/rhino-1.7.15.pom (1.3 kB at 18 kB/s)
Downloading from repo.jenkins-ci.org: https://repo.jenkins-ci.org/public/org/mozilla/rhino/1.7.15/rhino-1.7.15.jar
Downloading from repo.jenkins-ci.org: https://repo.jenkins-ci.org/public/org/jenkins-ci/plugins/workflow/workflow-cps/4018.vf02e01888da_f/workflow-cps-4018.vf02e01888da_f-tests.jar
Progress (1): 16/496 kBProgress (1): 17/496 kBProgress (1): 33/496 kBProgress (1): 34/496 kBProgress (1): 51/496 kBProgress (1): 52/496 kBProgress (1): 68/496 kBProgress (1): 69/496 kBProgress (1): 85/496 kBProgress (1): 86/496 kBProgress (1): 103/496 kBProgress (1): 104/496 kBProgress (1): 120/496 kBProgress (1): 121/496 kBProgress (1): 138/496 kBProgress (1): 139/496 kBProgress (1): 155/496 kBProgress (1): 156/496 kBProgress (1): 172/496 kBProgress (1): 173/496 kBProgress (1): 190/496 kBProgress (1): 191/496 kBProgress (1): 207/496 kBProgress (1): 208/496 kBProgress (1): 225/496 kBProgress (1): 226/496 kBProgress (1): 242/496 kBProgress (1): 243/496 kBProgress (1): 260/496 kBProgress (1): 261/496 kBProgress (1): 277/496 kBProgress (1): 278/496 kBProgress (1): 294/496 kBProgress (1): 295/496 kBProgress (1): 312/496 kBProgress (1): 313/496 kBProgress (1): 329/496 kBProgress (1): 330/496 kBProgress (1): 347/496 kBProgress (1): 348/496 kBProgress (1): 364/496 kBProgress (1): 365/496 kBProgress (1): 381/496 kBProgress (1): 382/496 kBProgress (1): 399/496 kBProgress (1): 400/496 kBProgress (1): 416/496 kBProgress (1): 417/496 kBProgress (1): 434/496 kBProgress (1): 435/496 kBProgress (1): 451/496 kBProgress (1): 452/496 kBProgress (1): 468/496 kBProgress (1): 469/496 kBProgress (1): 486/496 kBProgress (1): 487/496 kBProgress (1): 496 kB                        Downloaded from repo.jenkins-ci.org: https://repo.jenkins-ci.org/public/org/jenkins-ci/plugins/workflow/workflow-cps/4018.vf02e01888da_f/workflow-cps-4018.vf02e01888da_f-tests.jar (496 kB at 193 kB/s)
Downloading from incrementals: https://repo.jenkins-ci.org/incrementals/org/mozilla/rhino/1.7.15/rhino-1.7.15.jar
Downloading from central: https://repo.maven.apache.org/maven2/org/mozilla/rhino/1.7.15/rhino-1.7.15.jar
Progress (1): 0/1.4 MBProgress (1): 0/1.4 MBProgress (1): 0/1.4 MBProgress (1): 0/1.4 MBProgress (1): 0/1.4 MBProgress (1): 0/1.4 MBProgress (1): 0/1.4 MBProgress (1): 0/1.4 MBProgress (1): 0/1.4 MBProgress (1): 0/1.4 MBProgress (1): 0/1.4 MBProgress (1): 0/1.4 MBProgress (1): 0/1.4 MBProgress (1): 0/1.4 MBProgress (1): 0/1.4 MBProgress (1): 0/1.4 MBProgress (1): 0/1.4 MBProgress (1): 0/1.4 MBProgress (1): 0/1.4 MBProgress (1): 0/1.4 MBProgress (1): 0/1.4 MBProgress (1): 0/1.4 MBProgress (1): 0/1.4 MBProgress (1): 0/1.4 MBProgress (1): 0/1.4 MBProgress (1): 0/1.4 MBProgress (1): 0/1.4 MBProgress (1): 0/1.4 MBProgress (1): 0/1.4 MBProgress (1): 0/1.4 MBProgress (1): 0/1.4 MBProgress (1): 0/1.4 MBProgress (1): 0/1.4 MBProgress (1): 0/1.4 MBProgress (1): 0/1.4 MBProgress (1): 0/1.4 MBProgress (1): 0.1/1.4 MBProgress (1): 0.1/1.4 MBProgress (1): 0.1/1.4 MBProgress (1): 0.1/1.4 MBProgress (1): 0.1/1.4 MBProgress (1): 0.1/1.4 MBProgress (1): 0.2/1.4 MBProgress (1): 0.2/1.4 MBProgress (1): 0.2/1.4 MBProgress (1): 0.2/1.4 MBProgress (1): 0.2/1.4 MBProgress (1): 0.2/1.4 MBProgress (1): 0.3/1.4 MBProgress (1): 0.3/1.4 MBProgress (1): 0.3/1.4 MBProgress (1): 0.3/1.4 MBProgress (1): 0.3/1.4 MBProgress (1): 0.3/1.4 MBProgress (1): 0.4/1.4 MBProgress (1): 0.4/1.4 MBProgress (1): 0.4/1.4 MBProgress (1): 0.4/1.4 MBProgress (1): 0.4/1.4 MBProgress (1): 0.4/1.4 MBProgress (1): 0.5/1.4 MBProgress (1): 0.5/1.4 MBProgress (1): 0.5/1.4 MBProgress (1): 0.5/1.4 MBProgress (1): 0.5/1.4 MBProgress (1): 0.5/1.4 MBProgress (1): 0.6/1.4 MBProgress (1): 0.6/1.4 MBProgress (1): 0.6/1.4 MBProgress (1): 0.6/1.4 MBProgress (1): 0.6/1.4 MBProgress (1): 0.6/1.4 MBProgress (1): 0.7/1.4 MBProgress (1): 0.7/1.4 MBProgress (1): 0.7/1.4 MBProgress (1): 0.7/1.4 MBProgress (1): 0.7/1.4 MBProgress (1): 0.7/1.4 MBProgress (1): 0.8/1.4 MBProgress (1): 0.8/1.4 MBProgress (1): 0.8/1.4 MBProgress (1): 0.8/1.4 MBProgress (1): 0.8/1.4 MBProgress (1): 0.8/1.4 MBProgress (1): 0.9/1.4 MBProgress (1): 0.9/1.4 MBProgress (1): 0.9/1.4 MBProgress (1): 0.9/1.4 MBProgress (1): 0.9/1.4 MBProgress (1): 0.9/1.4 MBProgress (1): 0.9/1.4 MBProgress (1): 1.0/1.4 MBProgress (1): 1.0/1.4 MBProgress (1): 1.0/1.4 MBProgress (1): 1.0/1.4 MBProgress (1): 1.0/1.4 MBProgress (1): 1.0/1.4 MBProgress (1): 1.1/1.4 MBProgress (1): 1.1/1.4 MBProgress (1): 1.1/1.4 MBProgress (1): 1.1/1.4 MBProgress (1): 1.1/1.4 MBProgress (1): 1.1/1.4 MBProgress (1): 1.2/1.4 MBProgress (1): 1.2/1.4 MBProgress (1): 1.2/1.4 MBProgress (1): 1.2/1.4 MBProgress (1): 1.2/1.4 MBProgress (1): 1.2/1.4 MBProgress (1): 1.3/1.4 MBProgress (1): 1.3/1.4 MBProgress (1): 1.3/1.4 MBProgress (1): 1.3/1.4 MBProgress (1): 1.3/1.4 MBProgress (1): 1.3/1.4 MBProgress (1): 1.4/1.4 MBProgress (1): 1.4/1.4 MBProgress (1): 1.4/1.4 MBProgress (1): 1.4 MB                        Downloaded from central: https://repo.maven.apache.org/maven2/org/mozilla/rhino/1.7.15/rhino-1.7.15.jar (1.4 MB at 15 MB/s)
[INFO] 
[INFO] --- clean:3.4.1:clean (default-clean) @ pipeline-model-api ---
[INFO] 
[INFO] --- hpi:3.61:validate (default-validate) @ pipeline-model-api ---
[INFO] Created marker file /tmp/plugin-builds/pipeline-stage-tags-metadata/pipeline-model-api/target/java-level/17
[INFO] 
[INFO] --- hpi:3.61:validate-hpi (default-validate-hpi) @ pipeline-model-api ---
[INFO] 
[INFO] --- enforcer:3.5.0:enforce (display-info) @ pipeline-model-api ---
[INFO] Rule 3: org.codehaus.mojo.extraenforcer.dependencies.EnforceBytecodeVersion passed
[INFO] Rule 4: org.apache.maven.enforcer.rules.dependency.BannedDependencies passed
[INFO] Rule 5: org.apache.maven.enforcer.rules.dependency.BannedDependencies passed
[INFO] Ignoring requireUpperBoundDeps in com.google.code.findbugs:jsr305
[INFO] Rule 6: org.apache.maven.enforcer.rules.dependency.RequireUpperBoundDeps passed
[INFO] 
[INFO] --- enforcer:3.5.0:enforce (no-snapshots-in-release) @ pipeline-model-api ---
[INFO] Rule 0: org.apache.maven.enforcer.rules.dependency.RequireReleaseDeps passed
[INFO] 
[INFO] --- localizer:1.31:generate (default) @ pipeline-model-api ---
[INFO] 
[INFO] --- resources:3.3.1:resources (default-resources) @ pipeline-model-api ---
[INFO] Copying 3 resources from src/main/resources to target/classes
[INFO] 
[INFO] --- flatten:1.7.0:flatten (flatten) @ pipeline-model-api ---
[INFO] Generating flattened POM of project org.jenkinsci.plugins:pipeline-model-api:hpi:999999-SNAPSHOT...
[INFO] 
[INFO] --- compiler:3.14.0:compile (default-compile) @ pipeline-model-api ---
[INFO] Recompiling the module because of changed source code.
[INFO] Compiling 58 source files with javac [debug parameters release 17] to target/classes
[INFO] org.jenkinsci.plugins.pipeline.modeldefinition.ASTSchema indexed under hudson.Extension
[INFO] org.jenkinsci.plugins.pipeline.modeldefinition.DescriptorLookupCache indexed under hudson.Extension
[INFO] 
[INFO] --- access-modifier-checker:1.34:enforce (default-enforce) @ pipeline-model-api ---
[INFO] Skipping access modifier checks
[INFO] 
[INFO] --- hpi:3.61:insert-test (default-insert-test) @ pipeline-model-api ---
[INFO] 
[INFO] --- antrun:3.1.0:run (createTempDir) @ pipeline-model-api ---
[INFO] Executing tasks
[INFO]     [mkdir] Created dir: /tmp/plugin-builds/pipeline-stage-tags-metadata/pipeline-model-api/target/tmp
[INFO] Executed tasks
[INFO] 
[INFO] --- resources:3.3.1:testResources (default-testResources) @ pipeline-model-api ---
[INFO] skip non existing resourceDirectory /tmp/plugin-builds/pipeline-stage-tags-metadata/pipeline-model-api/src/test/resources
[INFO] 
[INFO] --- compiler:3.14.0:testCompile (default-testCompile) @ pipeline-model-api ---
[INFO] Recompiling the module because of changed dependency.
[INFO] Compiling 4 source files with javac [debug parameters release 17] to target/test-classes
[INFO] org.jenkinsci.plugins.pipeline.modeldefinition.DescriptorLookupCacheTest.FakeRhombus.DescriptorImpl indexed under org.jvnet.hudson.test.TestExtension
[INFO] org.jenkinsci.plugins.pipeline.modeldefinition.DescriptorLookupCacheTest.Rhombus.DescriptorImpl indexed under org.jvnet.hudson.test.TestExtension
[INFO] /tmp/plugin-builds/pipeline-stage-tags-metadata/pipeline-model-api/src/test/java/org/jenkinsci/plugins/pipeline/modeldefinition/DescriptorLookupCacheTest.java:[56,16] Generating org/jenkinsci/plugins/pipeline/modeldefinition/DescriptorLookupCacheTest/FakeRhombus.stapler
[INFO] /tmp/plugin-builds/pipeline-stage-tags-metadata/pipeline-model-api/src/test/java/org/jenkinsci/plugins/pipeline/modeldefinition/DescriptorLookupCacheTest.java:[70,38] Generating org/jenkinsci/plugins/pipeline/modeldefinition/DescriptorLookupCacheTest/Rhombus.stapler
[INFO] /tmp/plugin-builds/pipeline-stage-tags-metadata/pipeline-model-api/src/test/java/org/jenkinsci/plugins/pipeline/modeldefinition/ASTSchemaTest.java: /tmp/plugin-builds/pipeline-stage-tags-metadata/pipeline-model-api/src/test/java/org/jenkinsci/plugins/pipeline/modeldefinition/ASTSchemaTest.java uses or overrides a deprecated API.
[INFO] /tmp/plugin-builds/pipeline-stage-tags-metadata/pipeline-model-api/src/test/java/org/jenkinsci/plugins/pipeline/modeldefinition/ASTSchemaTest.java: Recompile with -Xlint:deprecation for details.
[INFO] 
[INFO] --- hpi:3.61:test-hpl (default-test-hpl) @ pipeline-model-api ---
[INFO] Generating /tmp/plugin-builds/pipeline-stage-tags-metadata/pipeline-model-api/target/test-classes/the.hpl
[INFO] 
[INFO] --- hpi:3.61:resolve-test-dependencies (default-resolve-test-dependencies) @ pipeline-model-api ---
[INFO] 
[INFO] --- hpi:3.61:test-runtime (default-test-runtime) @ pipeline-model-api ---
[INFO] Tests are skipped.
[INFO] 
[INFO] --- surefire:3.5.2:test (default-test) @ pipeline-model-api ---
[INFO] Tests are skipped.
[INFO] 
[INFO] --- license:165.v7e11f4e4a_325:process (default) @ pipeline-model-api ---
[INFO] 
[INFO] --- hpi:3.61:hpi (default-hpi) @ pipeline-model-api ---
[INFO] Generating /tmp/plugin-builds/pipeline-stage-tags-metadata/pipeline-model-api/target/pipeline-model-api/META-INF/MANIFEST.MF
[INFO] Checking for attached .jar artifact ...
[INFO] Generating jar /tmp/plugin-builds/pipeline-stage-tags-metadata/pipeline-model-api/target/pipeline-model-api.jar
[INFO] Building jar: /tmp/plugin-builds/pipeline-stage-tags-metadata/pipeline-model-api/target/pipeline-model-api.jar
[INFO] Exploding webapp...
[INFO] Copy webapp webResources to /tmp/plugin-builds/pipeline-stage-tags-metadata/pipeline-model-api/target/pipeline-model-api
[INFO] Assembling webapp pipeline-model-api in /tmp/plugin-builds/pipeline-stage-tags-metadata/pipeline-model-api/target/pipeline-model-api
[WARNING] Bundling transitive dependency btf-1.3.jar (via json-schema-validator)
[WARNING] Bundling transitive dependency jackson-coreutils-equivalence-1.0.jar (via json-schema-validator)
[WARNING] Bundling transitive dependency jackson-coreutils-2.0.jar (via json-schema-validator)
[WARNING] Bundling transitive dependency json-schema-core-1.2.14.jar (via json-schema-validator)
[INFO] Bundling direct dependency json-schema-validator-2.2.14.jar
[WARNING] Bundling transitive dependency msg-simple-1.2.jar (via json-schema-validator)
[WARNING] Bundling transitive dependency uri-template-0.10.jar (via json-schema-validator)
[WARNING] Bundling transitive dependency libphonenumber-8.11.1.jar (via json-schema-validator)
[WARNING] Bundling transitive dependency mailapi-1.6.2.jar (via json-schema-validator)
[WARNING] Bundling transitive dependency jopt-simple-5.0.4.jar (via json-schema-validator)
[WARNING] Bundling transitive dependency rhino-1.7.15.jar (via json-schema-validator)
[INFO] Generating hpi /tmp/plugin-builds/pipeline-stage-tags-metadata/pipeline-model-api/target/pipeline-model-api.hpi
[INFO] Building jar: /tmp/plugin-builds/pipeline-stage-tags-metadata/pipeline-model-api/target/pipeline-model-api.hpi
[INFO] 
[INFO] --- jar:3.4.2:test-jar (maybe-test-jar) @ pipeline-model-api ---
[INFO] Skipping packaging of the test-jar
[INFO] 
[INFO] >>> spotbugs:4.9.2.0:check (spotbugs) > :spotbugs @ pipeline-model-api >>>
[INFO] 
[INFO] --- spotbugs:4.9.2.0:spotbugs (spotbugs) @ pipeline-model-api ---
[INFO] Skipping com.github.spotbugs:spotbugs-maven-plugin:4.9.2.0:spotbugs report goal
[INFO] 
[INFO] <<< spotbugs:4.9.2.0:check (spotbugs) < :spotbugs @ pipeline-model-api <<<
[INFO] 
[INFO] 
[INFO] --- spotbugs:4.9.2.0:check (spotbugs) @ pipeline-model-api ---
[INFO] Spotbugs plugin skipped
[INFO] 
[INFO] --- spotless:2.44.3:check (default) @ pipeline-model-api ---
[INFO] Spotless check skipped
[INFO] 
[INFO] --- install:3.1.4:install (default-install) @ pipeline-model-api ---
[INFO] Installing /tmp/plugin-builds/pipeline-stage-tags-metadata/pipeline-model-api/target/pipeline-model-api-999999-SNAPSHOT.pom to /home/poddingue/.m2/repository/org/jenkinsci/plugins/pipeline-model-api/999999-SNAPSHOT/pipeline-model-api-999999-SNAPSHOT.pom
[INFO] Installing /tmp/plugin-builds/pipeline-stage-tags-metadata/pipeline-model-api/target/pipeline-model-api.hpi to /home/poddingue/.m2/repository/org/jenkinsci/plugins/pipeline-model-api/999999-SNAPSHOT/pipeline-model-api-999999-SNAPSHOT.hpi
[INFO] Installing /tmp/plugin-builds/pipeline-stage-tags-metadata/pipeline-model-api/target/pipeline-model-api.jar to /home/poddingue/.m2/repository/org/jenkinsci/plugins/pipeline-model-api/999999-SNAPSHOT/pipeline-model-api-999999-SNAPSHOT.jar
[INFO] 
[INFO] ----------< org.jenkinsci.plugins:pipeline-model-extensions >-----------
[INFO] Building Pipeline: Declarative Extension Points API 999999-SNAPSHOT [4/5]
[INFO]   from pipeline-model-extensions/pom.xml
[INFO] --------------------------------[ hpi ]---------------------------------
[INFO] 
[INFO] --- clean:3.4.1:clean (default-clean) @ pipeline-model-extensions ---
[INFO] 
[INFO] --- hpi:3.61:validate (default-validate) @ pipeline-model-extensions ---
[INFO] Created marker file /tmp/plugin-builds/pipeline-stage-tags-metadata/pipeline-model-extensions/target/java-level/17
[INFO] 
[INFO] --- hpi:3.61:validate-hpi (default-validate-hpi) @ pipeline-model-extensions ---
[INFO] 
[INFO] --- enforcer:3.5.0:enforce (display-info) @ pipeline-model-extensions ---
[INFO] Rule 3: org.codehaus.mojo.extraenforcer.dependencies.EnforceBytecodeVersion passed
[INFO] Rule 4: org.apache.maven.enforcer.rules.dependency.BannedDependencies passed
[INFO] Rule 5: org.apache.maven.enforcer.rules.dependency.BannedDependencies passed
[INFO] Ignoring requireUpperBoundDeps in com.google.code.findbugs:jsr305
[INFO] Rule 6: org.apache.maven.enforcer.rules.dependency.RequireUpperBoundDeps passed
[INFO] 
[INFO] --- enforcer:3.5.0:enforce (no-snapshots-in-release) @ pipeline-model-extensions ---
[INFO] Rule 0: org.apache.maven.enforcer.rules.dependency.RequireReleaseDeps passed
[INFO] 
[INFO] --- localizer:1.31:generate (default) @ pipeline-model-extensions ---
[INFO] 
[INFO] --- resources:3.3.1:resources (default-resources) @ pipeline-model-extensions ---
[INFO] Copying 4 resources from src/main/resources to target/classes
[INFO] 
[INFO] --- flatten:1.7.0:flatten (flatten) @ pipeline-model-extensions ---
[INFO] Generating flattened POM of project org.jenkinsci.plugins:pipeline-model-extensions:hpi:999999-SNAPSHOT...
[INFO] 
[INFO] --- compiler:3.14.0:compile (default-compile) @ pipeline-model-extensions ---
[INFO] Recompiling the module because of changed dependency.
[INFO] Compiling 23 source files with javac [debug parameters release 17] to target/classes
[INFO] org.jenkinsci.plugins.pipeline.modeldefinition.agent.DeclarativeAgent.CheckoutScriptAllowlist indexed under hudson.Extension
[INFO] org.jenkinsci.plugins.pipeline.modeldefinition.withscript.WithScriptDescriptor.WithScriptAllowlist indexed under hudson.Extension
[INFO] /tmp/plugin-builds/pipeline-stage-tags-metadata/pipeline-model-extensions/src/main/java/org/jenkinsci/plugins/pipeline/modeldefinition/CommonUtils.java: Some input files use or override a deprecated API.
[INFO] /tmp/plugin-builds/pipeline-stage-tags-metadata/pipeline-model-extensions/src/main/java/org/jenkinsci/plugins/pipeline/modeldefinition/CommonUtils.java: Recompile with -Xlint:deprecation for details.
[INFO] /tmp/plugin-builds/pipeline-stage-tags-metadata/pipeline-model-extensions/src/main/java/org/jenkinsci/plugins/pipeline/modeldefinition/withscript/WithScriptDescribable.java: Some input files use unchecked or unsafe operations.
[INFO] /tmp/plugin-builds/pipeline-stage-tags-metadata/pipeline-model-extensions/src/main/java/org/jenkinsci/plugins/pipeline/modeldefinition/withscript/WithScriptDescribable.java: Recompile with -Xlint:unchecked for details.
[INFO] 
[INFO] --- access-modifier-checker:1.34:enforce (default-enforce) @ pipeline-model-extensions ---
[INFO] Skipping access modifier checks
[INFO] 
[INFO] --- hpi:3.61:insert-test (default-insert-test) @ pipeline-model-extensions ---
[INFO] 
[INFO] --- antrun:3.1.0:run (createTempDir) @ pipeline-model-extensions ---
[INFO] Executing tasks
[INFO]     [mkdir] Created dir: /tmp/plugin-builds/pipeline-stage-tags-metadata/pipeline-model-extensions/target/tmp
[INFO] Executed tasks
[INFO] 
[INFO] --- resources:3.3.1:testResources (default-testResources) @ pipeline-model-extensions ---
[INFO] skip non existing resourceDirectory /tmp/plugin-builds/pipeline-stage-tags-metadata/pipeline-model-extensions/src/test/resources
[INFO] 
[INFO] --- compiler:3.14.0:testCompile (default-testCompile) @ pipeline-model-extensions ---
[INFO] Recompiling the module because of changed dependency.
[INFO] Compiling 1 source file with javac [debug parameters release 17] to target/test-classes
[INFO] 
[INFO] --- hpi:3.61:test-hpl (default-test-hpl) @ pipeline-model-extensions ---
[INFO] Generating /tmp/plugin-builds/pipeline-stage-tags-metadata/pipeline-model-extensions/target/test-classes/the.hpl
[INFO] 
[INFO] --- hpi:3.61:resolve-test-dependencies (default-resolve-test-dependencies) @ pipeline-model-extensions ---
[INFO] 
[INFO] --- hpi:3.61:test-runtime (default-test-runtime) @ pipeline-model-extensions ---
[INFO] Tests are skipped.
[INFO] 
[INFO] --- surefire:3.5.2:test (default-test) @ pipeline-model-extensions ---
[INFO] Tests are skipped.
[INFO] 
[INFO] --- license:165.v7e11f4e4a_325:process (default) @ pipeline-model-extensions ---
[INFO] 
[INFO] --- hpi:3.61:hpi (default-hpi) @ pipeline-model-extensions ---
[INFO] Generating /tmp/plugin-builds/pipeline-stage-tags-metadata/pipeline-model-extensions/target/pipeline-model-extensions/META-INF/MANIFEST.MF
[INFO] Checking for attached .jar artifact ...
[INFO] Generating jar /tmp/plugin-builds/pipeline-stage-tags-metadata/pipeline-model-extensions/target/pipeline-model-extensions.jar
[INFO] Building jar: /tmp/plugin-builds/pipeline-stage-tags-metadata/pipeline-model-extensions/target/pipeline-model-extensions.jar
[INFO] Exploding webapp...
[INFO] Copy webapp webResources to /tmp/plugin-builds/pipeline-stage-tags-metadata/pipeline-model-extensions/target/pipeline-model-extensions
[INFO] Assembling webapp pipeline-model-extensions in /tmp/plugin-builds/pipeline-stage-tags-metadata/pipeline-model-extensions/target/pipeline-model-extensions
[INFO] Generating hpi /tmp/plugin-builds/pipeline-stage-tags-metadata/pipeline-model-extensions/target/pipeline-model-extensions.hpi
[INFO] Building jar: /tmp/plugin-builds/pipeline-stage-tags-metadata/pipeline-model-extensions/target/pipeline-model-extensions.hpi
[INFO] 
[INFO] --- jar:3.4.2:test-jar (maybe-test-jar) @ pipeline-model-extensions ---
[INFO] Skipping packaging of the test-jar
[INFO] 
[INFO] >>> spotbugs:4.9.2.0:check (spotbugs) > :spotbugs @ pipeline-model-extensions >>>
[INFO] 
[INFO] --- spotbugs:4.9.2.0:spotbugs (spotbugs) @ pipeline-model-extensions ---
[INFO] Skipping com.github.spotbugs:spotbugs-maven-plugin:4.9.2.0:spotbugs report goal
[INFO] 
[INFO] <<< spotbugs:4.9.2.0:check (spotbugs) < :spotbugs @ pipeline-model-extensions <<<
[INFO] 
[INFO] 
[INFO] --- spotbugs:4.9.2.0:check (spotbugs) @ pipeline-model-extensions ---
[INFO] Spotbugs plugin skipped
[INFO] 
[INFO] --- spotless:2.44.3:check (default) @ pipeline-model-extensions ---
[INFO] Spotless check skipped
[INFO] 
[INFO] --- install:3.1.4:install (default-install) @ pipeline-model-extensions ---
[INFO] Installing /tmp/plugin-builds/pipeline-stage-tags-metadata/pipeline-model-extensions/target/pipeline-model-extensions-999999-SNAPSHOT.pom to /home/poddingue/.m2/repository/org/jenkinsci/plugins/pipeline-model-extensions/999999-SNAPSHOT/pipeline-model-extensions-999999-SNAPSHOT.pom
[INFO] Installing /tmp/plugin-builds/pipeline-stage-tags-metadata/pipeline-model-extensions/target/pipeline-model-extensions.hpi to /home/poddingue/.m2/repository/org/jenkinsci/plugins/pipeline-model-extensions/999999-SNAPSHOT/pipeline-model-extensions-999999-SNAPSHOT.hpi
[INFO] Installing /tmp/plugin-builds/pipeline-stage-tags-metadata/pipeline-model-extensions/target/pipeline-model-extensions.jar to /home/poddingue/.m2/repository/org/jenkinsci/plugins/pipeline-model-extensions/999999-SNAPSHOT/pipeline-model-extensions-999999-SNAPSHOT.jar
[INFO] 
[INFO] ----------< org.jenkinsci.plugins:pipeline-model-definition >-----------
[INFO] Building Pipeline: Declarative 999999-SNAPSHOT                     [5/5]
[INFO]   from pipeline-model-definition/pom.xml
[INFO] --------------------------------[ hpi ]---------------------------------
Downloading from repo.jenkins-ci.org: https://repo.jenkins-ci.org/public/org/codehaus/gmavenplus/gmavenplus-plugin/4.1.1/gmavenplus-plugin-4.1.1.pom
Downloading from incrementals: https://repo.jenkins-ci.org/incrementals/org/codehaus/gmavenplus/gmavenplus-plugin/4.1.1/gmavenplus-plugin-4.1.1.pom
Downloading from central: https://repo.maven.apache.org/maven2/org/codehaus/gmavenplus/gmavenplus-plugin/4.1.1/gmavenplus-plugin-4.1.1.pom
Progress (1): 16/22 kBProgress (1): 22 kB                      Downloaded from central: https://repo.maven.apache.org/maven2/org/codehaus/gmavenplus/gmavenplus-plugin/4.1.1/gmavenplus-plugin-4.1.1.pom (22 kB at 1.4 MB/s)
Downloading from repo.jenkins-ci.org: https://repo.jenkins-ci.org/public/org/codehaus/gmavenplus/gmavenplus-plugin/4.1.1/gmavenplus-plugin-4.1.1.jar
Downloading from incrementals: https://repo.jenkins-ci.org/incrementals/org/codehaus/gmavenplus/gmavenplus-plugin/4.1.1/gmavenplus-plugin-4.1.1.jar
Downloading from central: https://repo.maven.apache.org/maven2/org/codehaus/gmavenplus/gmavenplus-plugin/4.1.1/gmavenplus-plugin-4.1.1.jar
Progress (1): 16/113 kBProgress (1): 33/113 kBProgress (1): 49/113 kBProgress (1): 63/113 kBProgress (1): 79/113 kBProgress (1): 96/113 kBProgress (1): 112/113 kBProgress (1): 113 kB                        Downloaded from central: https://repo.maven.apache.org/maven2/org/codehaus/gmavenplus/gmavenplus-plugin/4.1.1/gmavenplus-plugin-4.1.1.jar (113 kB at 7.6 MB/s)
Downloading from repo.jenkins-ci.org: https://repo.jenkins-ci.org/public/org/jenkins-ci/plugins/cloudbees-folder/6.982.vf165a_16c9507/cloudbees-folder-6.982.vf165a_16c9507.pom
Progress (1): 0.4/2.4 kBProgress (1): 1.8/2.4 kBProgress (1): 2.4 kB                        Downloaded from repo.jenkins-ci.org: https://repo.jenkins-ci.org/public/org/jenkins-ci/plugins/cloudbees-folder/6.982.vf165a_16c9507/cloudbees-folder-6.982.vf165a_16c9507.pom (2.4 kB at 23 kB/s)
Downloading from repo.jenkins-ci.org: https://repo.jenkins-ci.org/public/org/jenkins-ci/plugins/pipeline-input-step/513.v7eb_fe7e2c0fc/pipeline-input-step-513.v7eb_fe7e2c0fc.pom
Progress (1): 0.4/2.8 kBProgress (1): 1.8/2.8 kBProgress (1): 2.8 kB                        Downloaded from repo.jenkins-ci.org: https://repo.jenkins-ci.org/public/org/jenkins-ci/plugins/pipeline-input-step/513.v7eb_fe7e2c0fc/pipeline-input-step-513.v7eb_fe7e2c0fc.pom (2.8 kB at 1.2 kB/s)
Downloading from repo.jenkins-ci.org: https://repo.jenkins-ci.org/public/org/jenkins-ci/plugins/htmlpublisher/1.36/htmlpublisher-1.36.pom
Progress (1): 0.4/3.0 kBProgress (1): 1.8/3.0 kBProgress (1): 3.0 kB                        Downloaded from repo.jenkins-ci.org: https://repo.jenkins-ci.org/public/org/jenkins-ci/plugins/htmlpublisher/1.36/htmlpublisher-1.36.pom (3.0 kB at 5.1 kB/s)
Downloading from repo.jenkins-ci.org: https://repo.jenkins-ci.org/public/org/owasp/encoder/encoder/1.2.3/encoder-1.2.3.pom
Downloading from incrementals: https://repo.jenkins-ci.org/incrementals/org/owasp/encoder/encoder/1.2.3/encoder-1.2.3.pom
Downloading from central: https://repo.maven.apache.org/maven2/org/owasp/encoder/encoder/1.2.3/encoder-1.2.3.pom
Progress (1): 4.1 kB                    Downloaded from central: https://repo.maven.apache.org/maven2/org/owasp/encoder/encoder/1.2.3/encoder-1.2.3.pom (4.1 kB at 226 kB/s)
Downloading from repo.jenkins-ci.org: https://repo.jenkins-ci.org/public/org/owasp/encoder/encoder-parent/1.2.3/encoder-parent-1.2.3.pom
Downloading from incrementals: https://repo.jenkins-ci.org/incrementals/org/owasp/encoder/encoder-parent/1.2.3/encoder-parent-1.2.3.pom
Downloading from central: https://repo.maven.apache.org/maven2/org/owasp/encoder/encoder-parent/1.2.3/encoder-parent-1.2.3.pom
Progress (1): 16/20 kBProgress (1): 20 kB                      Downloaded from central: https://repo.maven.apache.org/maven2/org/owasp/encoder/encoder-parent/1.2.3/encoder-parent-1.2.3.pom (20 kB at 1.8 MB/s)
Downloading from repo.jenkins-ci.org: https://repo.jenkins-ci.org/public/org/jenkins-ci/plugins/pipeline-graph-analysis/231.v56354571a_da_0/pipeline-graph-analysis-231.v56354571a_da_0.pom
Progress (1): 0.4/3.3 kBProgress (1): 1.8/3.3 kBProgress (1): 3.2/3.3 kBProgress (1): 3.3 kB                        Downloaded from repo.jenkins-ci.org: https://repo.jenkins-ci.org/public/org/jenkins-ci/plugins/pipeline-graph-analysis/231.v56354571a_da_0/pipeline-graph-analysis-231.v56354571a_da_0.pom (3.3 kB at 6.0 kB/s)
Downloading from repo.jenkins-ci.org: https://repo.jenkins-ci.org/public/org/jenkins-ci/plugins/junit/1316.v13ec14a_de230/junit-1316.v13ec14a_de230.pom
Progress (1): 0.4/3.9 kBProgress (1): 1.8/3.9 kBProgress (1): 3.2/3.9 kBProgress (1): 3.9 kB                        Downloaded from repo.jenkins-ci.org: https://repo.jenkins-ci.org/public/org/jenkins-ci/plugins/junit/1316.v13ec14a_de230/junit-1316.v13ec14a_de230.pom (3.9 kB at 6.4 kB/s)
Downloading from repo.jenkins-ci.org: https://repo.jenkins-ci.org/public/io/jenkins/plugins/checks-api/2.2.3/checks-api-2.2.3.pom
Progress (1): 0.5/3.1 kBProgress (1): 1.9/3.1 kBProgress (1): 3.1 kB                        Downloaded from repo.jenkins-ci.org: https://repo.jenkins-ci.org/public/io/jenkins/plugins/checks-api/2.2.3/checks-api-2.2.3.pom (3.1 kB at 5.0 kB/s)
Downloading from repo.jenkins-ci.org: https://repo.jenkins-ci.org/public/io/jenkins/plugins/echarts-api/5.5.1-6/echarts-api-5.5.1-6.pom
Progress (1): 0.4/3.9 kBProgress (1): 1.8/3.9 kBProgress (1): 3.2/3.9 kBProgress (1): 3.9 kB                        Downloaded from repo.jenkins-ci.org: https://repo.jenkins-ci.org/public/io/jenkins/plugins/echarts-api/5.5.1-6/echarts-api-5.5.1-6.pom (3.9 kB at 37 kB/s)
Downloading from repo.jenkins-ci.org: https://repo.jenkins-ci.org/public/org/jenkins-ci/plugins/support-core/1637.v6a_6b_f31d4373/support-core-1637.v6a_6b_f31d4373.pom
Progress (1): 0.4/4.7 kBProgress (1): 1.8/4.7 kBProgress (1): 3.2/4.7 kBProgress (1): 4.6/4.7 kBProgress (1): 4.7 kB                        Downloaded from repo.jenkins-ci.org: https://repo.jenkins-ci.org/public/org/jenkins-ci/plugins/support-core/1637.v6a_6b_f31d4373/support-core-1637.v6a_6b_f31d4373.pom (4.7 kB at 9.4 kB/s)
Downloading from repo.jenkins-ci.org: https://repo.jenkins-ci.org/public/org/jenkins-ci/plugins/copyartifact/757.v05365583a_455/copyartifact-757.v05365583a_455.pom
Progress (1): 0.4/2.9 kBProgress (1): 1.8/2.9 kBProgress (1): 2.9 kB                        Downloaded from repo.jenkins-ci.org: https://repo.jenkins-ci.org/public/org/jenkins-ci/plugins/copyartifact/757.v05365583a_455/copyartifact-757.v05365583a_455.pom (2.9 kB at 5.8 kB/s)
Downloading from repo.jenkins-ci.org: https://repo.jenkins-ci.org/public/org/jenkins-ci/plugins/cloudbees-folder/6.982.vf165a_16c9507/cloudbees-folder-6.982.vf165a_16c9507.jar
Progress (1): 16/244 kBProgress (1): 17/244 kBProgress (1): 33/244 kBProgress (1): 34/244 kBProgress (1): 51/244 kBProgress (1): 52/244 kBProgress (1): 68/244 kBProgress (1): 69/244 kBProgress (1): 85/244 kBProgress (1): 86/244 kBProgress (1): 103/244 kBProgress (1): 104/244 kBProgress (1): 120/244 kBProgress (1): 121/244 kBProgress (1): 138/244 kBProgress (1): 139/244 kBProgress (1): 155/244 kBProgress (1): 156/244 kBProgress (1): 172/244 kBProgress (1): 173/244 kBProgress (1): 190/244 kBProgress (1): 191/244 kBProgress (1): 207/244 kBProgress (1): 208/244 kBProgress (1): 225/244 kBProgress (1): 226/244 kBProgress (1): 242/244 kBProgress (1): 243/244 kBProgress (1): 244 kB                        Downloaded from repo.jenkins-ci.org: https://repo.jenkins-ci.org/public/org/jenkins-ci/plugins/cloudbees-folder/6.982.vf165a_16c9507/cloudbees-folder-6.982.vf165a_16c9507.jar (244 kB at 227 kB/s)
Downloading from repo.jenkins-ci.org: https://repo.jenkins-ci.org/public/org/jenkins-ci/plugins/pipeline-input-step/513.v7eb_fe7e2c0fc/pipeline-input-step-513.v7eb_fe7e2c0fc.jar
Downloading from repo.jenkins-ci.org: https://repo.jenkins-ci.org/public/org/jenkins-ci/plugins/workflow/workflow-multibranch/800.v5f0a_a_660950e/workflow-multibranch-800.v5f0a_a_660950e-tests.jar
Downloading from repo.jenkins-ci.org: https://repo.jenkins-ci.org/public/org/jenkins-ci/plugins/htmlpublisher/1.36/htmlpublisher-1.36.jar
Downloading from repo.jenkins-ci.org: https://repo.jenkins-ci.org/public/org/owasp/encoder/encoder/1.2.3/encoder-1.2.3.jar
Downloading from repo.jenkins-ci.org: https://repo.jenkins-ci.org/public/org/jenkins-ci/plugins/pipeline-graph-analysis/231.v56354571a_da_0/pipeline-graph-analysis-231.v56354571a_da_0.jar
Progress (1): 0.4/44 kBProgress (1): 1.8/44 kBProgress (1): 3.2/44 kBProgress (1): 4.6/44 kBProgress (1): 6.0/44 kBProgress (1): 7.4/44 kBProgress (1): 8.8/44 kBProgress (1): 10/44 kB Progress (1): 12/44 kBProgress (1): 13/44 kBProgress (1): 14/44 kBProgress (1): 16/44 kBProgress (1): 17/44 kBProgress (1): 19/44 kBProgress (1): 20/44 kBProgress (1): 21/44 kBProgress (1): 23/44 kBProgress (1): 24/44 kBProgress (1): 26/44 kBProgress (1): 27/44 kBProgress (1): 28/44 kBProgress (1): 30/44 kBProgress (1): 31/44 kBProgress (1): 33/44 kBProgress (1): 34/44 kBProgress (1): 35/44 kBProgress (1): 37/44 kBProgress (1): 38/44 kBProgress (1): 40/44 kBProgress (1): 41/44 kBProgress (1): 42/44 kBProgress (1): 44/44 kBProgress (1): 44 kB                      Downloaded from repo.jenkins-ci.org: https://repo.jenkins-ci.org/public/org/jenkins-ci/plugins/pipeline-input-step/513.v7eb_fe7e2c0fc/pipeline-input-step-513.v7eb_fe7e2c0fc.jar (44 kB at 156 kB/s)
Downloading from repo.jenkins-ci.org: https://repo.jenkins-ci.org/public/org/jenkins-ci/plugins/junit/1316.v13ec14a_de230/junit-1316.v13ec14a_de230.jar
Progress (1): 0.4/53 kBProgress (1): 1.8/53 kBProgress (1): 3.2/53 kBProgress (1): 4.6/53 kBProgress (1): 6.0/53 kBProgress (1): 7.4/53 kBProgress (2): 7.4/53 kB | 0.4/20 kBProgress (2): 7.4/53 kB | 1.8/20 kBProgress (2): 7.4/53 kB | 3.2/20 kBProgress (2): 7.4/53 kB | 4.6/20 kBProgress (2): 7.4/53 kB | 6.0/20 kBProgress (2): 7.4/53 kB | 7.4/20 kBProgress (2): 8.8/53 kB | 7.4/20 kBProgress (2): 10/53 kB | 7.4/20 kB Progress (2): 12/53 kB | 7.4/20 kBProgress (2): 13/53 kB | 7.4/20 kBProgress (2): 14/53 kB | 7.4/20 kBProgress (2): 16/53 kB | 7.4/20 kBProgress (2): 16/53 kB | 7.4/20 kBProgress (2): 17/53 kB | 7.4/20 kBProgress (2): 19/53 kB | 7.4/20 kBProgress (2): 20/53 kB | 7.4/20 kBProgress (2): 22/53 kB | 7.4/20 kBProgress (2): 23/53 kB | 7.4/20 kBProgress (2): 24/53 kB | 7.4/20 kBProgress (2): 26/53 kB | 7.4/20 kBProgress (2): 27/53 kB | 7.4/20 kBProgress (2): 29/53 kB | 7.4/20 kBProgress (2): 30/53 kB | 7.4/20 kBProgress (2): 31/53 kB | 7.4/20 kBProgress (2): 33/53 kB | 7.4/20 kBProgress (2): 34/53 kB | 7.4/20 kBProgress (2): 36/53 kB | 7.4/20 kBProgress (2): 36/53 kB | 8.8/20 kBProgress (2): 36/53 kB | 10/20 kB Progress (2): 36/53 kB | 12/20 kBProgress (2): 36/53 kB | 13/20 kBProgress (2): 36/53 kB | 14/20 kBProgress (2): 36/53 kB | 16/20 kBProgress (2): 36/53 kB | 17/20 kBProgress (2): 36/53 kB | 19/20 kBProgress (2): 36/53 kB | 20 kB                                 Downloaded from repo.jenkins-ci.org: https://repo.jenkins-ci.org/public/org/jenkins-ci/plugins/pipeline-graph-analysis/231.v56354571a_da_0/pipeline-graph-analysis-231.v56354571a_da_0.jar (20 kB at 40 kB/s)
Downloading from repo.jenkins-ci.org: https://repo.jenkins-ci.org/public/io/jenkins/plugins/checks-api/2.2.3/checks-api-2.2.3.jar
Progress (1): 37/53 kBProgress (1): 38/53 kBProgress (1): 40/53 kBProgress (1): 41/53 kBProgress (1): 43/53 kBProgress (1): 44/53 kBProgress (1): 45/53 kBProgress (1): 47/53 kBProgress (1): 48/53 kBProgress (1): 50/53 kBProgress (1): 51/53 kBProgress (1): 52/53 kBProgress (1): 53 kB                      Downloaded from repo.jenkins-ci.org: https://repo.jenkins-ci.org/public/org/jenkins-ci/plugins/htmlpublisher/1.36/htmlpublisher-1.36.jar (53 kB at 93 kB/s)
Downloading from repo.jenkins-ci.org: https://repo.jenkins-ci.org/public/io/jenkins/plugins/echarts-api/5.5.1-6/echarts-api-5.5.1-6.jar
Progress (1): 16/517 kBProgress (1): 17/517 kBProgress (1): 33/517 kBProgress (1): 34/517 kBProgress (1): 51/517 kBProgress (1): 52/517 kBProgress (1): 68/517 kBProgress (1): 69/517 kBProgress (1): 85/517 kBProgress (1): 86/517 kBProgress (1): 103/517 kBProgress (1): 104/517 kBProgress (1): 120/517 kBProgress (1): 121/517 kBProgress (1): 138/517 kBProgress (1): 139/517 kBProgress (1): 155/517 kBProgress (1): 156/517 kBProgress (1): 172/517 kBProgress (1): 174/517 kBProgress (1): 188/517 kBProgress (1): 197/517 kBProgress (1): 214/517 kBProgress (1): 215/517 kBProgress (1): 231/517 kBProgress (1): 232/517 kBProgress (1): 249/517 kBProgress (1): 250/517 kBProgress (1): 251/517 kBProgress (1): 268/517 kBProgress (1): 269/517 kBProgress (1): 285/517 kBProgress (1): 286/517 kBProgress (1): 303/517 kBProgress (1): 304/517 kBProgress (1): 314/517 kBProgress (1): 331/517 kBProgress (1): 332/517 kBProgress (1): 348/517 kBProgress (1): 349/517 kBProgress (1): 366/517 kBProgress (1): 367/517 kBProgress (1): 383/517 kBProgress (1): 384/517 kBProgress (1): 400/517 kBProgress (1): 401/517 kBProgress (1): 418/517 kBProgress (1): 419/517 kBProgress (1): 435/517 kBProgress (1): 436/517 kBProgress (1): 453/517 kBProgress (1): 454/517 kBProgress (1): 470/517 kBProgress (1): 471/517 kBProgress (1): 487/517 kBProgress (1): 488/517 kBProgress (1): 505/517 kBProgress (1): 506/517 kBProgress (1): 517 kB                        Downloaded from repo.jenkins-ci.org: https://repo.jenkins-ci.org/public/org/jenkins-ci/plugins/junit/1316.v13ec14a_de230/junit-1316.v13ec14a_de230.jar (517 kB at 631 kB/s)
Downloading from repo.jenkins-ci.org: https://repo.jenkins-ci.org/public/org/jenkins-ci/plugins/support-core/1637.v6a_6b_f31d4373/support-core-1637.v6a_6b_f31d4373.jar
Progress (1): 0.4/72 kBProgress (1): 1.8/72 kBProgress (1): 3.2/72 kBProgress (1): 4.6/72 kBProgress (1): 6.0/72 kBProgress (1): 7.4/72 kBProgress (1): 8.8/72 kBProgress (1): 10/72 kB Progress (1): 12/72 kBProgress (1): 13/72 kBProgress (1): 14/72 kBProgress (1): 16/72 kBProgress (1): 16/72 kBProgress (1): 17/72 kBProgress (1): 19/72 kBProgress (1): 20/72 kBProgress (1): 22/72 kBProgress (1): 23/72 kBProgress (1): 24/72 kBProgress (1): 26/72 kBProgress (1): 27/72 kBProgress (1): 29/72 kBProgress (1): 30/72 kBProgress (1): 31/72 kBProgress (1): 33/72 kBProgress (1): 34/72 kBProgress (2): 34/72 kB | 0.5/84 kBProgress (2): 36/72 kB | 0.5/84 kBProgress (2): 37/72 kB | 0.5/84 kBProgress (2): 37/72 kB | 1.9/84 kBProgress (2): 37/72 kB | 3.3/84 kBProgress (2): 37/72 kB | 4.7/84 kBProgress (2): 37/72 kB | 6.1/84 kBProgress (2): 37/72 kB | 7.5/84 kBProgress (2): 37/72 kB | 8.9/84 kBProgress (2): 37/72 kB | 10/84 kB Progress (2): 38/72 kB | 10/84 kBProgress (2): 40/72 kB | 10/84 kBProgress (2): 41/72 kB | 10/84 kBProgress (2): 43/72 kB | 10/84 kBProgress (2): 44/72 kB | 10/84 kBProgress (2): 45/72 kB | 10/84 kBProgress (2): 47/72 kB | 10/84 kBProgress (2): 48/72 kB | 10/84 kBProgress (2): 50/72 kB | 10/84 kBProgress (2): 51/72 kB | 10/84 kBProgress (2): 52/72 kB | 10/84 kBProgress (2): 54/72 kB | 10/84 kBProgress (2): 55/72 kB | 10/84 kBProgress (2): 57/72 kB | 10/84 kBProgress (2): 58/72 kB | 10/84 kBProgress (2): 59/72 kB | 10/84 kBProgress (2): 61/72 kB | 10/84 kBProgress (2): 62/72 kB | 10/84 kBProgress (2): 64/72 kB | 10/84 kBProgress (2): 65/72 kB | 10/84 kBProgress (2): 66/72 kB | 10/84 kBProgress (2): 68/72 kB | 10/84 kBProgress (2): 69/72 kB | 10/84 kBProgress (2): 69/72 kB | 12/84 kBProgress (2): 71/72 kB | 12/84 kBProgress (2): 72/72 kB | 12/84 kBProgress (2): 72/72 kB | 13/84 kBProgress (2): 72 kB | 13/84 kB   Progress (2): 72 kB | 14/84 kBProgress (2): 72 kB | 16/84 kBProgress (2): 72 kB | 16/84 kBProgress (2): 72 kB | 17/84 kBProgress (2): 72 kB | 19/84 kBProgress (2): 72 kB | 20/84 kBProgress (2): 72 kB | 22/84 kBProgress (2): 72 kB | 23/84 kBProgress (2): 72 kB | 24/84 kBProgress (2): 72 kB | 26/84 kBProgress (2): 72 kB | 27/84 kBProgress (2): 72 kB | 29/84 kBProgress (2): 72 kB | 30/84 kB                              Downloaded from repo.jenkins-ci.org: https://repo.jenkins-ci.org/public/io/jenkins/plugins/echarts-api/5.5.1-6/echarts-api-5.5.1-6.jar (72 kB at 79 kB/s)
Progress (1): 31/84 kB                      Downloading from repo.jenkins-ci.org: https://repo.jenkins-ci.org/public/org/jenkins-ci/plugins/copyartifact/757.v05365583a_455/copyartifact-757.v05365583a_455.jar
Progress (1): 33/84 kBProgress (1): 34/84 kBProgress (1): 35/84 kBProgress (1): 37/84 kBProgress (1): 38/84 kBProgress (1): 40/84 kBProgress (1): 41/84 kBProgress (1): 42/84 kBProgress (1): 44/84 kBProgress (1): 45/84 kBProgress (1): 47/84 kBProgress (1): 48/84 kBProgress (1): 49/84 kBProgress (1): 51/84 kBProgress (1): 52/84 kBProgress (1): 54/84 kBProgress (1): 55/84 kBProgress (1): 56/84 kBProgress (1): 58/84 kBProgress (1): 59/84 kBProgress (1): 61/84 kBProgress (1): 62/84 kBProgress (1): 63/84 kBProgress (1): 65/84 kBProgress (1): 66/84 kBProgress (1): 68/84 kBProgress (1): 69/84 kBProgress (1): 70/84 kBProgress (1): 72/84 kBProgress (1): 73/84 kBProgress (1): 75/84 kBProgress (1): 76/84 kBProgress (1): 77/84 kBProgress (1): 79/84 kBProgress (1): 80/84 kBProgress (1): 82/84 kBProgress (1): 83/84 kBProgress (1): 84 kB                      Downloaded from repo.jenkins-ci.org: https://repo.jenkins-ci.org/public/io/jenkins/plugins/checks-api/2.2.3/checks-api-2.2.3.jar (84 kB at 84 kB/s)
Progress (1): 0.4/180 kBProgress (1): 1.8/180 kBProgress (1): 3.2/180 kBProgress (1): 4.6/180 kBProgress (1): 6.0/180 kBProgress (1): 7.4/180 kBProgress (1): 8.8/180 kBProgress (1): 10/180 kB Progress (1): 12/180 kBProgress (1): 13/180 kBProgress (1): 14/180 kBProgress (1): 16/180 kBProgress (1): 16/180 kBProgress (1): 17/180 kBProgress (1): 19/180 kBProgress (1): 20/180 kBProgress (1): 22/180 kBProgress (1): 23/180 kBProgress (1): 24/180 kBProgress (1): 26/180 kBProgress (1): 27/180 kBProgress (1): 29/180 kBProgress (1): 30/180 kBProgress (1): 31/180 kBProgress (1): 33/180 kBProgress (1): 34/180 kBProgress (1): 36/180 kBProgress (1): 37/180 kBProgress (1): 38/180 kBProgress (1): 40/180 kBProgress (1): 41/180 kBProgress (1): 43/180 kBProgress (1): 44/180 kBProgress (1): 45/180 kBProgress (1): 47/180 kBProgress (1): 48/180 kBProgress (1): 50/180 kBProgress (1): 51/180 kBProgress (1): 52/180 kBProgress (1): 54/180 kBProgress (1): 55/180 kBProgress (1): 57/180 kBProgress (1): 58/180 kBProgress (1): 59/180 kBProgress (1): 61/180 kBProgress (1): 62/180 kBProgress (1): 64/180 kBProgress (1): 65/180 kBProgress (1): 66/180 kBProgress (1): 67/180 kBProgress (1): 69/180 kBProgress (1): 70/180 kBProgress (1): 72/180 kBProgress (1): 73/180 kBProgress (1): 74/180 kBProgress (1): 76/180 kBProgress (1): 77/180 kBProgress (1): 79/180 kBProgress (1): 80/180 kBProgress (1): 81/180 kBProgress (1): 83/180 kBProgress (1): 84/180 kBProgress (1): 86/180 kBProgress (1): 87/180 kBProgress (1): 88/180 kBProgress (1): 90/180 kBProgress (1): 91/180 kBProgress (1): 93/180 kBProgress (1): 94/180 kBProgress (1): 95/180 kBProgress (1): 97/180 kBProgress (1): 98/180 kBProgress (1): 99/180 kBProgress (1): 101/180 kBProgress (1): 102/180 kBProgress (1): 104/180 kBProgress (1): 105/180 kBProgress (1): 106/180 kBProgress (1): 108/180 kBProgress (1): 109/180 kBProgress (1): 111/180 kBProgress (1): 112/180 kBProgress (1): 113/180 kBProgress (1): 115/180 kBProgress (1): 116/180 kBProgress (1): 118/180 kBProgress (1): 119/180 kBProgress (1): 120/180 kBProgress (1): 122/180 kBProgress (1): 123/180 kBProgress (1): 125/180 kBProgress (1): 126/180 kBProgress (1): 127/180 kBProgress (1): 129/180 kBProgress (1): 130/180 kBProgress (1): 132/180 kBProgress (1): 133/180 kBProgress (1): 134/180 kBProgress (1): 136/180 kBProgress (1): 137/180 kBProgress (1): 139/180 kBProgress (1): 140/180 kBProgress (1): 141/180 kBProgress (1): 143/180 kBProgress (1): 144/180 kBProgress (1): 146/180 kBProgress (1): 147/180 kBProgress (1): 148/180 kBProgress (1): 150/180 kBProgress (1): 151/180 kBProgress (1): 153/180 kBProgress (1): 154/180 kBProgress (1): 155/180 kBProgress (1): 157/180 kBProgress (1): 158/180 kBProgress (1): 160/180 kBProgress (1): 161/180 kBProgress (1): 162/180 kBProgress (1): 164/180 kBProgress (1): 165/180 kBProgress (1): 167/180 kBProgress (1): 168/180 kBProgress (1): 169/180 kBProgress (1): 171/180 kBProgress (1): 172/180 kBProgress (1): 174/180 kBProgress (1): 175/180 kBProgress (1): 176/180 kBProgress (1): 178/180 kBProgress (1): 179/180 kBProgress (1): 180 kB                        Downloaded from repo.jenkins-ci.org: https://repo.jenkins-ci.org/public/org/jenkins-ci/plugins/copyartifact/757.v05365583a_455/copyartifact-757.v05365583a_455.jar (180 kB at 164 kB/s)
Progress (1): 16/543 kBProgress (1): 17/543 kBProgress (1): 33/543 kBProgress (1): 34/543 kBProgress (1): 51/543 kBProgress (1): 52/543 kBProgress (1): 53/543 kBProgress (1): 62/543 kBProgress (1): 79/543 kBProgress (1): 80/543 kBProgress (1): 96/543 kBProgress (1): 97/543 kBProgress (1): 114/543 kBProgress (1): 115/543 kBProgress (1): 116/543 kBProgress (1): 133/543 kBProgress (1): 134/543 kBProgress (1): 150/543 kBProgress (1): 151/543 kBProgress (1): 168/543 kBProgress (1): 169/543 kBProgress (1): 185/543 kBProgress (1): 186/543 kBProgress (1): 188/543 kBProgress (1): 197/543 kBProgress (1): 214/543 kBProgress (1): 215/543 kBProgress (1): 231/543 kBProgress (1): 232/543 kBProgress (1): 249/543 kBProgress (1): 250/543 kBProgress (1): 260/543 kBProgress (1): 277/543 kBProgress (1): 278/543 kBProgress (1): 294/543 kBProgress (1): 295/543 kBProgress (1): 312/543 kBProgress (1): 313/543 kBProgress (1): 314/543 kBProgress (1): 331/543 kBProgress (1): 332/543 kBProgress (1): 348/543 kBProgress (1): 349/543 kBProgress (1): 366/543 kBProgress (1): 367/543 kBProgress (1): 377/543 kBProgress (1): 386/543 kBProgress (1): 403/543 kBProgress (1): 404/543 kBProgress (1): 420/543 kBProgress (1): 421/543 kBProgress (1): 438/543 kBProgress (1): 439/543 kBProgress (1): 449/543 kBProgress (1): 466/543 kBProgress (1): 467/543 kBProgress (1): 483/543 kBProgress (1): 484/543 kBProgress (1): 501/543 kBProgress (1): 502/543 kBProgress (1): 512/543 kBProgress (1): 529/543 kBProgress (1): 530/543 kBProgress (1): 539/543 kBProgress (1): 543 kB                        Downloaded from repo.jenkins-ci.org: https://repo.jenkins-ci.org/public/org/jenkins-ci/plugins/support-core/1637.v6a_6b_f31d4373/support-core-1637.v6a_6b_f31d4373.jar (543 kB at 449 kB/s)
Progress (1): 0.4/92 kBProgress (1): 1.8/92 kBProgress (1): 3.2/92 kBProgress (1): 4.6/92 kBProgress (1): 6.0/92 kBProgress (1): 7.4/92 kBProgress (1): 8.8/92 kBProgress (1): 10/92 kB Progress (1): 12/92 kBProgress (1): 13/92 kBProgress (1): 14/92 kBProgress (1): 16/92 kBProgress (1): 17/92 kBProgress (1): 19/92 kBProgress (1): 20/92 kBProgress (1): 21/92 kBProgress (1): 23/92 kBProgress (1): 24/92 kBProgress (1): 26/92 kBProgress (1): 27/92 kBProgress (1): 28/92 kBProgress (1): 30/92 kB                      Progress (1): 31/92 kBProgress (1): 33/92 kBProgress (1): 34/92 kBProgress (1): 35/92 kBProgress (1): 37/92 kBProgress (1): 38/92 kBProgress (1): 40/92 kBProgress (1): 41/92 kBProgress (1): 42/92 kBProgress (1): 44/92 kBProgress (1): 45/92 kBProgress (1): 47/92 kBProgress (1): 48/92 kBProgress (1): 49/92 kBProgress (1): 51/92 kBProgress (1): 52/92 kBProgress (1): 54/92 kBProgress (1): 55/92 kBProgress (1): 56/92 kBProgress (1): 58/92 kBProgress (1): 59/92 kBProgress (1): 61/92 kBProgress (1): 62/92 kBProgress (1): 63/92 kBProgress (1): 65/92 kBProgress (1): 66/92 kBProgress (1): 68/92 kBProgress (1): 69/92 kBProgress (1): 70/92 kBProgress (1): 72/92 kBProgress (1): 73/92 kBProgress (1): 75/92 kBProgress (1): 76/92 kBProgress (1): 77/92 kBProgress (1): 79/92 kBProgress (1): 80/92 kBProgress (1): 82/92 kBProgress (1): 83/92 kBProgress (1): 84/92 kBProgress (1): 86/92 kBProgress (1): 87/92 kBProgress (1): 89/92 kBProgress (1): 90/92 kBProgress (1): 91/92 kBProgress (1): 92 kB                      Downloaded from repo.jenkins-ci.org: https://repo.jenkins-ci.org/public/org/jenkins-ci/plugins/workflow/workflow-multibranch/800.v5f0a_a_660950e/workflow-multibranch-800.v5f0a_a_660950e-tests.jar (92 kB at 62 kB/s)
Downloading from incrementals: https://repo.jenkins-ci.org/incrementals/org/owasp/encoder/encoder/1.2.3/encoder-1.2.3.jar
Downloading from central: https://repo.maven.apache.org/maven2/org/owasp/encoder/encoder/1.2.3/encoder-1.2.3.jar
Progress (1): 16/38 kBProgress (1): 21/38 kBProgress (1): 37/38 kBProgress (1): 38 kB                      Downloaded from central: https://repo.maven.apache.org/maven2/org/owasp/encoder/encoder/1.2.3/encoder-1.2.3.jar (38 kB at 2.9 MB/s)
[INFO] 
[INFO] --- clean:3.4.1:clean (default-clean) @ pipeline-model-definition ---
[INFO] 
[INFO] --- hpi:3.61:validate (default-validate) @ pipeline-model-definition ---
[INFO] Created marker file /tmp/plugin-builds/pipeline-stage-tags-metadata/pipeline-model-definition/target/java-level/17
[INFO] 
[INFO] --- hpi:3.61:validate-hpi (default-validate-hpi) @ pipeline-model-definition ---
[INFO] 
[INFO] --- enforcer:3.5.0:enforce (display-info) @ pipeline-model-definition ---
[INFO] Rule 3: org.codehaus.mojo.extraenforcer.dependencies.EnforceBytecodeVersion passed
[INFO] Rule 4: org.apache.maven.enforcer.rules.dependency.BannedDependencies passed
[INFO] Rule 5: org.apache.maven.enforcer.rules.dependency.BannedDependencies passed
[INFO] Ignoring requireUpperBoundDeps in com.google.code.findbugs:jsr305
[INFO] Rule 6: org.apache.maven.enforcer.rules.dependency.RequireUpperBoundDeps passed
[INFO] 
[INFO] --- enforcer:3.5.0:enforce (no-snapshots-in-release) @ pipeline-model-definition ---
[INFO] Rule 0: org.apache.maven.enforcer.rules.dependency.RequireReleaseDeps passed
[INFO] 
[INFO] --- localizer:1.31:generate (default) @ pipeline-model-definition ---
[INFO] 
[INFO] --- gplus:4.1.1:generateStubs (default) @ pipeline-model-definition ---
Downloading from repo.jenkins-ci.org: https://repo.jenkins-ci.org/public/commons-io/commons-io/2.14.0/commons-io-2.14.0.pom
Downloading from incrementals: https://repo.jenkins-ci.org/incrementals/commons-io/commons-io/2.14.0/commons-io-2.14.0.pom
Downloading from central: https://repo.maven.apache.org/maven2/commons-io/commons-io/2.14.0/commons-io-2.14.0.pom
Progress (1): 16/20 kBProgress (1): 20 kB                      Downloaded from central: https://repo.maven.apache.org/maven2/commons-io/commons-io/2.14.0/commons-io-2.14.0.pom (20 kB at 2.0 MB/s)
Downloading from repo.jenkins-ci.org: https://repo.jenkins-ci.org/public/commons-io/commons-io/2.14.0/commons-io-2.14.0.jar
Downloading from incrementals: https://repo.jenkins-ci.org/incrementals/commons-io/commons-io/2.14.0/commons-io-2.14.0.jar
Downloading from central: https://repo.maven.apache.org/maven2/commons-io/commons-io/2.14.0/commons-io-2.14.0.jar
Progress (1): 16/494 kBProgress (1): 32/494 kBProgress (1): 49/494 kBProgress (1): 65/494 kBProgress (1): 79/494 kBProgress (1): 95/494 kBProgress (1): 111/494 kBProgress (1): 128/494 kBProgress (1): 144/494 kBProgress (1): 161/494 kBProgress (1): 177/494 kBProgress (1): 193/494 kBProgress (1): 210/494 kBProgress (1): 226/494 kBProgress (1): 242/494 kBProgress (1): 259/494 kBProgress (1): 275/494 kBProgress (1): 292/494 kBProgress (1): 308/494 kBProgress (1): 324/494 kBProgress (1): 341/494 kBProgress (1): 357/494 kBProgress (1): 374/494 kBProgress (1): 390/494 kBProgress (1): 406/494 kBProgress (1): 423/494 kBProgress (1): 439/494 kBProgress (1): 455/494 kBProgress (1): 472/494 kBProgress (1): 488/494 kBProgress (1): 494 kB                        Downloaded from central: https://repo.maven.apache.org/maven2/commons-io/commons-io/2.14.0/commons-io-2.14.0.jar (494 kB at 19 MB/s)
[INFO] Using isolated classloader, without GMavenPlus classpath.
[INFO] Using Groovy 2.4.21 to perform generateStubs.
[INFO] ------------------------------------------------------------------------
[INFO] Reactor Summary for Pipeline: Model Parent POM 999999-SNAPSHOT:
[INFO] 
[INFO] Pipeline: Model Parent POM ......................... SUCCESS [  1.938 s]
[INFO] Pipeline: Stage Tags Metadata ...................... SUCCESS [  4.658 s]
[INFO] Pipeline: Model API ................................ SUCCESS [ 14.544 s]
[INFO] Pipeline: Declarative Extension Points API ......... SUCCESS [  4.661 s]
[INFO] Pipeline: Declarative .............................. FAILURE [ 18.669 s]
[INFO] ------------------------------------------------------------------------
[INFO] BUILD FAILURE
[INFO] ------------------------------------------------------------------------
[INFO] Total time:  45.143 s
[INFO] Finished at: 2025-06-22T14:55:48+02:00
[INFO] ------------------------------------------------------------------------
[ERROR] Failed to execute goal org.codehaus.gmavenplus:gmavenplus-plugin:4.1.1:generateStubs (default) on project pipeline-model-definition: Execution default of goal org.codehaus.gmavenplus:gmavenplus-plugin:4.1.1:generateStubs failed: Target bytecode 17 requires Groovy 3.0.8/4.0.0-alpha-3 or newer. -> [Help 1]
[ERROR] 
[ERROR] To see the full stack trace of the errors, re-run Maven with the -e switch.
[ERROR] Re-run Maven using the -X switch to enable full debug logging.
[ERROR] 
[ERROR] For more information about the errors and possible solutions, please read the following articles:
[ERROR] [Help 1] http://cwiki.apache.org/confluence/display/MAVEN/PluginExecutionException
[ERROR] 
[ERROR] After correcting the problems, you can resume the build with the command
[ERROR]   mvn <args> -rf :pipeline-model-definition
