WARNING: A terminally deprecated method in sun.misc.Unsafe has been called
WARNING: sun.misc.Unsafe::staticFieldBase has been called by com.google.inject.internal.aop.HiddenClassDefiner (file:/usr/share/apache-maven-3.9.11/lib/guice-5.1.0-classes.jar)
WARNING: Please consider reporting this to the maintainers of class com.google.inject.internal.aop.HiddenClassDefiner
WARNING: sun.misc.Unsafe::staticFieldBase will be removed in a future release
[INFO] Scanning for projects...
[INFO] Artifact org.jenkins-ci.tools:maven-hpi-plugin:pom:3.43 is present in the local repository, but cached from a remote repository ID that is unavailable in current build context, verifying that is downloadable from [incrementals (https://repo.jenkins-ci.org/incrementals/, default, releases), central (https://repo.maven.apache.org/maven2, default, releases)]
[INFO] Artifact org.jenkins-ci.tools:maven-hpi-plugin:pom:3.43 is present in the local repository, but cached from a remote repository ID that is unavailable in current build context, verifying that is downloadable from [incrementals (https://repo.jenkins-ci.org/incrementals/, default, releases), central (https://repo.maven.apache.org/maven2, default, releases)]
[WARNING] The POM for org.jenkins-ci.tools:maven-hpi-plugin:jar:3.43 is missing, no dependency information available
[INFO] Artifact org.jenkins-ci.tools:maven-hpi-plugin:jar:3.43 is present in the local repository, but cached from a remote repository ID that is unavailable in current build context, verifying that is downloadable from [incrementals (https://repo.jenkins-ci.org/incrementals/, default, releases), central (https://repo.maven.apache.org/maven2, default, releases)]
[INFO] Artifact org.jenkins-ci.tools:maven-hpi-plugin:jar:3.43 is present in the local repository, but cached from a remote repository ID that is unavailable in current build context, verifying that is downloadable from [incrementals (https://repo.jenkins-ci.org/incrementals/, default, releases), central (https://repo.maven.apache.org/maven2, default, releases)]
[WARNING] Failed to build parent project for org.jvnet.hudson.plugins:analysis-pom:pom:6.7.0
[WARNING] Failed to build parent project for io.jenkins.plugins:popper2-api:hpi:2.11.6-6-SNAPSHOT
[INFO] 
[INFO] -------------------< io.jenkins.plugins:popper2-api >-------------------
[INFO] Building Popper.js 2 API Plugin 2.11.6-6-SNAPSHOT
[INFO]   from pom.xml
[INFO] --------------------------------[ hpi ]---------------------------------
[INFO] 
[INFO] --- clean:3.2.0:clean (default-clean) @ popper2-api ---
[INFO] 
[INFO] --- hpi:3.43:validate (default-validate) @ popper2-api ---
[INFO] 
[INFO] --- hpi:3.43:validate-hpi (default-validate-hpi) @ popper2-api ---
[INFO] 
[INFO] --- enforcer:3.3.0:enforce (display-info) @ popper2-api ---
[INFO] Rule 0: org.apache.maven.enforcer.rules.dependency.RequireUpperBoundDeps passed
[INFO] Rule 1: io.jenkins.tools.incrementals.enforcer.RequireExtensionVersion passed
[INFO] Rule 2: org.apache.maven.enforcer.rules.version.RequireMavenVersion passed
[INFO] Rule 3: org.apache.maven.enforcer.rules.version.RequireJavaVersion passed
[INFO] Rule 4: org.apache.maven.plugins.enforcer.EnforceBytecodeVersion passed
[INFO] Rule 5: org.apache.maven.enforcer.rules.dependency.BannedDependencies passed
[INFO] 
[INFO] --- enforcer:3.3.0:enforce (no-snapshots-in-release) @ popper2-api ---
[INFO] Rule 0: org.apache.maven.enforcer.rules.dependency.RequireReleaseDeps passed
[INFO] 
[INFO] --- localizer:1.31:generate (default) @ popper2-api ---
[INFO] 
[INFO] >>> javadoc:3.5.0:javadoc (default) > generate-sources @ popper2-api >>>
[INFO] 
[INFO] --- hpi:3.43:validate (default-validate) @ popper2-api ---
[INFO] 
[INFO] --- hpi:3.43:validate-hpi (default-validate-hpi) @ popper2-api ---
[INFO] 
[INFO] --- enforcer:3.3.0:enforce (display-info) @ popper2-api ---
[INFO] Rule 0: org.apache.maven.enforcer.rules.dependency.RequireUpperBoundDeps passed
[INFO] Rule 4: org.apache.maven.plugins.enforcer.EnforceBytecodeVersion passed
[INFO] Rule 5: org.apache.maven.enforcer.rules.dependency.BannedDependencies passed
[INFO] 
[INFO] --- enforcer:3.3.0:enforce (no-snapshots-in-release) @ popper2-api ---
[INFO] Rule 0: org.apache.maven.enforcer.rules.dependency.RequireReleaseDeps passed
[INFO] 
[INFO] --- localizer:1.31:generate (default) @ popper2-api ---
[INFO] 
[INFO] <<< javadoc:3.5.0:javadoc (default) < generate-sources @ popper2-api <<<
[INFO] 
[INFO] 
[INFO] --- javadoc:3.5.0:javadoc (default) @ popper2-api ---
[INFO] No previous run data found, generating javadoc.
[INFO] 
[INFO] --- frontend:1.12.1:install-node-and-npm (install node and npm) @ popper2-api ---
[INFO] Installing node version v14.16.1
[INFO] Downloading https://repo.jenkins-ci.org/nodejs-dist/v14.16.1/node-v14.16.1-linux-x64.tar.gz to /home/runner/.m2/repository/com/github/eirslett/node/14.16.1/node-14.16.1-linux-x64.tar.gz
[INFO] No proxies configured
[INFO] No proxy was configured, downloading directly
[INFO] Unpacking /home/runner/.m2/repository/com/github/eirslett/node/14.16.1/node-14.16.1-linux-x64.tar.gz into /tmp/plugin-builds/popper2-api/node/tmp
[INFO] Copying node binary from /tmp/plugin-builds/popper2-api/node/tmp/node-v14.16.1-linux-x64/bin/node to /tmp/plugin-builds/popper2-api/node/node
[INFO] Extracting NPM
[INFO] Installed node locally.
[INFO] 
[INFO] --- frontend:1.12.1:npm (npm install) @ popper2-api ---
[INFO] Running 'npm install' in /tmp/plugin-builds/popper2-api
[INFO] npm WARN read-shrinkwrap This version of npm is compatible with lockfileVersion@1, but package-lock.json was generated for lockfileVersion@2. I'll try to do my best with it!
[INFO] npm WARN optional SKIPPING OPTIONAL DEPENDENCY: fsevents@2.3.2 (node_modules/fsevents):
[INFO] npm WARN notsup SKIPPING OPTIONAL DEPENDENCY: Unsupported platform for fsevents@2.3.2: wanted {"os":"darwin","arch":"any"} (current: {"os":"linux","arch":"x64"})
[INFO] 
[INFO] added 221 packages from 135 contributors and audited 222 packages in 13.914s
[INFO] 
[INFO] 113 packages are looking for funding
[INFO]   run `npm fund` for details
[INFO] 
[INFO] found 6 vulnerabilities (3 low, 3 high)
[INFO]   run `npm audit fix` to fix them, or `npm audit` for details
[INFO] 
[INFO] --- resources:3.3.1:resources (default-resources) @ popper2-api ---
[INFO] Copying 2 resources from src/main/resources to target/classes
[INFO] 
[INFO] --- flatten:1.4.1:flatten (flatten) @ popper2-api ---
[INFO] Generating flattened POM of project io.jenkins.plugins:popper2-api:hpi:2.11.6-6-SNAPSHOT...
[INFO] 
[INFO] --- resources:3.3.1:copy-resources (copy-resources) @ popper2-api ---
[INFO] Copying 20 resources from node_modules/@popperjs/core/dist/umd to target/popper2-api/js
[INFO] 
[INFO] --- compiler:3.11.0:compile (default-compile) @ popper2-api ---
[INFO] Changes detected - recompiling the module! :source
[INFO] Compiling 1 source file with javac [debug release 11] to target/classes
[INFO] 
[INFO] --- access-modifier-checker:1.31:enforce (default-enforce) @ popper2-api ---
[INFO] 
[INFO] --- hpi:3.43:insert-test (default-insert-test) @ popper2-api ---
[INFO] 
[INFO] --- antrun:3.1.0:run (createTempDir) @ popper2-api ---
[INFO] Executing tasks
[INFO]     [mkdir] Created dir: /tmp/plugin-builds/popper2-api/target/tmp
[INFO] Executed tasks
[INFO] 
[INFO] --- resources:3.3.1:testResources (default-testResources) @ popper2-api ---
[INFO] Not copying test resources
[INFO] 
[INFO] --- compiler:3.11.0:testCompile (default-testCompile) @ popper2-api ---
[INFO] Not compiling test sources
[INFO] 
[INFO] --- hpi:3.43:test-hpl (default-test-hpl) @ popper2-api ---
[INFO] Generating /tmp/plugin-builds/popper2-api/target/test-classes/the.hpl
[INFO] 
[INFO] --- hpi:3.43:resolve-test-dependencies (default-resolve-test-dependencies) @ popper2-api ---
[INFO] 
[INFO] --- hpi:3.43:test-runtime (default-test-runtime) @ popper2-api ---
[INFO] Tests are skipped.
[INFO] 
[INFO] --- jacoco:0.8.10:prepare-agent (default) @ popper2-api ---
[INFO] argLine set to -javaagent:/home/runner/.m2/repository/org/jacoco/org.jacoco.agent/0.8.10/org.jacoco.agent-0.8.10-runtime.jar=destfile=/tmp/plugin-builds/popper2-api/target/jacoco.exec,includes=io/jenkins/plugins/**/* -Xms768M -Xmx768M -XX:+HeapDumpOnOutOfMemoryError -XX:+TieredCompilation -XX:TieredStopAtLevel=1 @{jenkins.addOpens} @{jenkins.insaneHook}
[INFO] 
[INFO] --- surefire:3.1.0:test (default-test) @ popper2-api ---
[INFO] Tests are skipped.
[INFO] 
[INFO] --- license:1.15:process (default) @ popper2-api ---
[INFO] ------------------------------------------------------------------------
[INFO] BUILD FAILURE
[INFO] ------------------------------------------------------------------------
[INFO] Total time:  01:45 min
[INFO] Finished at: 2025-11-25T02:25:46Z
[INFO] ------------------------------------------------------------------------
---------------------------------------------------
constituent[0]: file:/usr/share/apache-maven-3.9.11/conf/logging/
constituent[1]: file:/usr/share/apache-maven-3.9.11/lib/plexus-utils-3.6.0.jar
constituent[2]: file:/usr/share/apache-maven-3.9.11/lib/maven-repository-metadata-3.9.11.jar
constituent[3]: file:/usr/share/apache-maven-3.9.11/lib/maven-resolver-connector-basic-1.9.24.jar
constituent[4]: file:/usr/share/apache-maven-3.9.11/lib/maven-resolver-util-1.9.24.jar
constituent[5]: file:/usr/share/apache-maven-3.9.11/lib/wagon-http-3.5.3.jar
constituent[6]: file:/usr/share/apache-maven-3.9.11/lib/maven-resolver-impl-1.9.24.jar
constituent[7]: file:/usr/share/apache-maven-3.9.11/lib/wagon-file-3.5.3.jar
constituent[8]: file:/usr/share/apache-maven-3.9.11/lib/maven-embedder-3.9.11.jar
constituent[9]: file:/usr/share/apache-maven-3.9.11/lib/aopalliance-1.0.jar
constituent[10]: file:/usr/share/apache-maven-3.9.11/lib/maven-slf4j-provider-3.9.11.jar
constituent[11]: file:/usr/share/apache-maven-3.9.11/lib/org.eclipse.sisu.inject-0.9.0.M4.jar
constituent[12]: file:/usr/share/apache-maven-3.9.11/lib/plexus-interpolation-1.28.jar
constituent[13]: file:/usr/share/apache-maven-3.9.11/lib/maven-model-3.9.11.jar
constituent[14]: file:/usr/share/apache-maven-3.9.11/lib/jcl-over-slf4j-1.7.36.jar
constituent[15]: file:/usr/share/apache-maven-3.9.11/lib/maven-resolver-named-locks-1.9.24.jar
constituent[16]: file:/usr/share/apache-maven-3.9.11/lib/commons-cli-1.9.0.jar
constituent[17]: file:/usr/share/apache-maven-3.9.11/lib/plexus-cipher-2.0.jar
constituent[18]: file:/usr/share/apache-maven-3.9.11/lib/maven-resolver-provider-3.9.11.jar
constituent[19]: file:/usr/share/apache-maven-3.9.11/lib/slf4j-api-1.7.36.jar
constituent[20]: file:/usr/share/apache-maven-3.9.11/lib/maven-shared-utils-3.4.2.jar
constituent[21]: file:/usr/share/apache-maven-3.9.11/lib/maven-plugin-api-3.9.11.jar
constituent[22]: file:/usr/share/apache-maven-3.9.11/lib/jspecify-1.0.0.jar
constituent[23]: file:/usr/share/apache-maven-3.9.11/lib/guice-5.1.0-classes.jar
constituent[24]: file:/usr/share/apache-maven-3.9.11/lib/maven-resolver-spi-1.9.24.jar
constituent[25]: file:/usr/share/apache-maven-3.9.11/lib/maven-artifact-3.9.11.jar
constituent[26]: file:/usr/share/apache-maven-3.9.11/lib/maven-resolver-transport-http-1.9.24.jar
constituent[27]: file:/usr/share/apache-maven-3.9.11/lib/maven-resolver-transport-file-1.9.24.jar
constituent[28]: file:/usr/share/apache-maven-3.9.11/lib/maven-core-3.9.11.jar
constituent[29]: file:/usr/share/apache-maven-3.9.11/lib/maven-resolver-api-1.9.24.jar
constituent[30]: file:/usr/share/apache-maven-3.9.11/lib/maven-compat-3.9.11.jar
constituent[31]: file:/usr/share/apache-maven-3.9.11/lib/guava-33.4.8-jre.jar
constituent[32]: file:/usr/share/apache-maven-3.9.11/lib/failureaccess-1.0.3.jar
constituent[33]: file:/usr/share/apache-maven-3.9.11/lib/asm-9.8.jar
constituent[34]: file:/usr/share/apache-maven-3.9.11/lib/wagon-provider-api-3.5.3.jar
constituent[35]: file:/usr/share/apache-maven-3.9.11/lib/httpclient-4.5.14.jar
constituent[36]: file:/usr/share/apache-maven-3.9.11/lib/maven-resolver-transport-wagon-1.9.24.jar
constituent[37]: file:/usr/share/apache-maven-3.9.11/lib/gson-2.13.1.jar
constituent[38]: file:/usr/share/apache-maven-3.9.11/lib/org.eclipse.sisu.plexus-0.9.0.M4.jar
constituent[39]: file:/usr/share/apache-maven-3.9.11/lib/maven-builder-support-3.9.11.jar
constituent[40]: file:/usr/share/apache-maven-3.9.11/lib/commons-codec-1.18.0.jar
constituent[41]: file:/usr/share/apache-maven-3.9.11/lib/maven-model-builder-3.9.11.jar
constituent[42]: file:/usr/share/apache-maven-3.9.11/lib/javax.annotation-api-1.3.2.jar
constituent[43]: file:/usr/share/apache-maven-3.9.11/lib/maven-settings-3.9.11.jar
constituent[44]: file:/usr/share/apache-maven-3.9.11/lib/jansi-2.4.2.jar
constituent[45]: file:/usr/share/apache-maven-3.9.11/lib/wagon-http-shared-3.5.3.jar
constituent[46]: file:/usr/share/apache-maven-3.9.11/lib/plexus-component-annotations-2.2.0.jar
constituent[47]: file:/usr/share/apache-maven-3.9.11/lib/plexus-sec-dispatcher-2.0.jar
constituent[48]: file:/usr/share/apache-maven-3.9.11/lib/error_prone_annotations-2.38.0.jar
constituent[49]: file:/usr/share/apache-maven-3.9.11/lib/httpcore-4.4.16.jar
constituent[50]: file:/usr/share/apache-maven-3.9.11/lib/javax.inject-1.jar
constituent[51]: file:/usr/share/apache-maven-3.9.11/lib/maven-settings-builder-3.9.11.jar
---------------------------------------------------
Exception in thread "main" BUG! exception in phase 'semantic analysis' in source unit 'inlineScript' Unsupported class file major version 69
	at org.codehaus.groovy.control.CompilationUnit$ISourceUnitOperation.doPhaseOperation(CompilationUnit.java:900)
	at org.codehaus.groovy.control.CompilationUnit.processPhaseOperations(CompilationUnit.java:692)
	at org.codehaus.groovy.control.CompilationUnit.compile(CompilationUnit.java:666)
	at groovy.lang.GroovyClassLoader.doParseClass(GroovyClassLoader.java:373)
	at groovy.lang.GroovyClassLoader.lambda$parseClass$2(GroovyClassLoader.java:316)
	at org.codehaus.groovy.runtime.memoize.StampedCommonCache.compute(StampedCommonCache.java:163)
	at org.codehaus.groovy.runtime.memoize.StampedCommonCache.getAndPut(StampedCommonCache.java:154)
	at groovy.lang.GroovyClassLoader.parseClass(GroovyClassLoader.java:314)
	at groovy.lang.GroovyShell.parseClass(GroovyShell.java:572)
	at groovy.lang.GroovyShell.parse(GroovyShell.java:585)
	at groovy.lang.GroovyShell.parse(GroovyShell.java:639)
	at groovy.lang.GroovyShell.parse(GroovyShell.java:643)
	at com.cloudbees.maven.license.ProcessMojo.execute(ProcessMojo.java:155)
	at org.apache.maven.plugin.DefaultBuildPluginManager.executeMojo(DefaultBuildPluginManager.java:126)
	at org.apache.maven.lifecycle.internal.MojoExecutor.doExecute2(MojoExecutor.java:328)
	at org.apache.maven.lifecycle.internal.MojoExecutor.doExecute(MojoExecutor.java:316)
	at org.apache.maven.lifecycle.internal.MojoExecutor.execute(MojoExecutor.java:212)
	at org.apache.maven.lifecycle.internal.MojoExecutor.execute(MojoExecutor.java:174)
	at org.apache.maven.lifecycle.internal.MojoExecutor.access$000(MojoExecutor.java:75)
	at org.apache.maven.lifecycle.internal.MojoExecutor$1.run(MojoExecutor.java:162)
	at org.apache.maven.plugin.DefaultMojosExecutionStrategy.execute(DefaultMojosExecutionStrategy.java:39)
	at org.apache.maven.lifecycle.internal.MojoExecutor.execute(MojoExecutor.java:159)
	at org.apache.maven.lifecycle.internal.LifecycleModuleBuilder.buildProject(LifecycleModuleBuilder.java:105)
	at org.apache.maven.lifecycle.internal.LifecycleModuleBuilder.buildProject(LifecycleModuleBuilder.java:73)
	at org.apache.maven.lifecycle.internal.builder.singlethreaded.SingleThreadedBuilder.build(SingleThreadedBuilder.java:53)
	at org.apache.maven.lifecycle.internal.LifecycleStarter.execute(LifecycleStarter.java:118)
	at org.apache.maven.DefaultMaven.doExecute(DefaultMaven.java:261)
	at org.apache.maven.DefaultMaven.doExecute(DefaultMaven.java:173)
	at org.apache.maven.DefaultMaven.execute(DefaultMaven.java:101)
	at org.apache.maven.cli.MavenCli.execute(MavenCli.java:906)
	at org.apache.maven.cli.MavenCli.doMain(MavenCli.java:283)
	at org.apache.maven.cli.MavenCli.main(MavenCli.java:206)
	at java.base/jdk.internal.reflect.DirectMethodHandleAccessor.invoke(DirectMethodHandleAccessor.java:104)
	at java.base/java.lang.reflect.Method.invoke(Method.java:565)
	at org.codehaus.plexus.classworlds.launcher.Launcher.launchEnhanced(Launcher.java:255)
	at org.codehaus.plexus.classworlds.launcher.Launcher.launch(Launcher.java:201)
	at org.codehaus.plexus.classworlds.launcher.Launcher.mainWithExitCode(Launcher.java:361)
	at org.codehaus.plexus.classworlds.launcher.Launcher.main(Launcher.java:314)
Caused by: java.lang.IllegalArgumentException: Unsupported class file major version 69
	at groovyjarjarasm.asm.ClassReader.<init>(ClassReader.java:199)
	at groovyjarjarasm.asm.ClassReader.<init>(ClassReader.java:180)
	at groovyjarjarasm.asm.ClassReader.<init>(ClassReader.java:166)
	at groovyjarjarasm.asm.ClassReader.<init>(ClassReader.java:287)
	at org.codehaus.groovy.ast.decompiled.AsmDecompiler.parseClass(AsmDecompiler.java:83)
	at org.codehaus.groovy.control.ClassNodeResolver.findDecompiled(ClassNodeResolver.java:255)
	at org.codehaus.groovy.control.ClassNodeResolver.tryAsLoaderClassOrScript(ClassNodeResolver.java:193)
	at org.codehaus.groovy.control.ClassNodeResolver.findClassNode(ClassNodeResolver.java:175)
	at org.codehaus.groovy.control.ClassNodeResolver.resolveName(ClassNodeResolver.java:129)
	at org.codehaus.groovy.control.ResolveVisitor.resolveToOuter(ResolveVisitor.java:773)
	at org.codehaus.groovy.control.ResolveVisitor.resolve(ResolveVisitor.java:413)
	at org.codehaus.groovy.control.ResolveVisitor.resolveFromDefaultImports(ResolveVisitor.java:568)
	at org.codehaus.groovy.control.ResolveVisitor.resolveFromDefaultImports(ResolveVisitor.java:532)
	at org.codehaus.groovy.control.ResolveVisitor.resolve(ResolveVisitor.java:412)
	at org.codehaus.groovy.control.ResolveVisitor.resolve(ResolveVisitor.java:375)
	at org.codehaus.groovy.control.ResolveVisitor.resolveOrFail(ResolveVisitor.java:343)
	at org.codehaus.groovy.control.ResolveVisitor.resolveOrFail(ResolveVisitor.java:334)
	at org.codehaus.groovy.control.ResolveVisitor.resolveOrFail(ResolveVisitor.java:330)
	at org.codehaus.groovy.control.ResolveVisitor.transform(ResolveVisitor.java:808)
	at org.codehaus.groovy.control.ResolveVisitor.transformDeclarationExpression(ResolveVisitor.java:1176)
	at org.codehaus.groovy.control.ResolveVisitor.transform(ResolveVisitor.java:796)
	at org.codehaus.groovy.ast.ClassCodeExpressionTransformer.visitExpressionStatement(ClassCodeExpressionTransformer.java:129)
	at org.codehaus.groovy.ast.stmt.ExpressionStatement.visit(ExpressionStatement.java:41)
	at org.codehaus.groovy.ast.CodeVisitorSupport.visitBlockStatement(CodeVisitorSupport.java:86)
	at org.codehaus.groovy.ast.ClassCodeVisitorSupport.visitBlockStatement(ClassCodeVisitorSupport.java:168)
	at org.codehaus.groovy.control.ResolveVisitor.visitBlockStatement(ResolveVisitor.java:1399)
	at org.codehaus.groovy.ast.stmt.BlockStatement.visit(BlockStatement.java:70)
	at org.codehaus.groovy.control.ResolveVisitor.transformClosureExpression(ResolveVisitor.java:1128)
	at org.codehaus.groovy.control.ResolveVisitor.transform(ResolveVisitor.java:802)
	at org.codehaus.groovy.ast.expr.Expression.transformExpressions(Expression.java:49)
	at org.codehaus.groovy.ast.expr.ArgumentListExpression.transformExpression(ArgumentListExpression.java:67)
	at org.codehaus.groovy.control.ResolveVisitor.transform(ResolveVisitor.java:809)
	at org.codehaus.groovy.control.ResolveVisitor.transformMethodCallExpression(ResolveVisitor.java:1150)
	at org.codehaus.groovy.control.ResolveVisitor.transform(ResolveVisitor.java:800)
	at org.codehaus.groovy.ast.ClassCodeExpressionTransformer.visitExpressionStatement(ClassCodeExpressionTransformer.java:129)
	at org.codehaus.groovy.ast.stmt.ExpressionStatement.visit(ExpressionStatement.java:41)
	at org.codehaus.groovy.ast.CodeVisitorSupport.visitBlockStatement(CodeVisitorSupport.java:86)
	at org.codehaus.groovy.ast.ClassCodeVisitorSupport.visitBlockStatement(ClassCodeVisitorSupport.java:168)
	at org.codehaus.groovy.control.ResolveVisitor.visitBlockStatement(ResolveVisitor.java:1399)
	at org.codehaus.groovy.ast.stmt.BlockStatement.visit(BlockStatement.java:70)
	at org.codehaus.groovy.ast.ClassCodeVisitorSupport.visitClassCodeContainer(ClassCodeVisitorSupport.java:142)
	at org.codehaus.groovy.ast.ClassCodeVisitorSupport.visitConstructorOrMethod(ClassCodeVisitorSupport.java:115)
	at org.codehaus.groovy.ast.ClassCodeExpressionTransformer.visitConstructorOrMethod(ClassCodeExpressionTransformer.java:87)
	at org.codehaus.groovy.control.ResolveVisitor.visitConstructorOrMethod(ResolveVisitor.java:298)
	at org.codehaus.groovy.ast.ClassCodeVisitorSupport.visitMethod(ClassCodeVisitorSupport.java:110)
	at org.codehaus.groovy.control.ResolveVisitor.visitMethod(ResolveVisitor.java:268)
	at org.codehaus.groovy.ast.ClassNode.visitMethods(ClassNode.java:1131)
	at org.codehaus.groovy.ast.ClassNode.visitContents(ClassNode.java:1124)
	at org.codehaus.groovy.ast.ClassCodeVisitorSupport.visitClass(ClassCodeVisitorSupport.java:52)
	at org.codehaus.groovy.control.ResolveVisitor.visitClass(ResolveVisitor.java:1345)
	at org.codehaus.groovy.control.ResolveVisitor.startResolving(ResolveVisitor.java:258)
	at org.codehaus.groovy.control.CompilationUnit.lambda$addPhaseOperations$4(CompilationUnit.java:218)
	at org.codehaus.groovy.control.CompilationUnit$ISourceUnitOperation.doPhaseOperation(CompilationUnit.java:896)
	... 37 more
