WARNING: A terminally deprecated method in sun.misc.Unsafe has been called
WARNING: sun.misc.Unsafe::staticFieldBase has been called by com.google.inject.internal.aop.HiddenClassDefiner (file:/home/poddingue/.sdkman/candidates/maven/current/lib/guice-5.1.0-classes.jar)
WARNING: Please consider reporting this to the maintainers of class com.google.inject.internal.aop.HiddenClassDefiner
WARNING: sun.misc.Unsafe::staticFieldBase will be removed in a future release
[INFO] Scanning for projects...
[INFO] 
[INFO] Using the MultiThreadedBuilder implementation with a thread count of 4
[INFO] 
[INFO] -------------------< io.jenkins.plugins:popper2-api >-------------------
[INFO] Building Popper.js 2 API Plugin 2.11.6-6-SNAPSHOT
[INFO]   from pom.xml
[INFO] --------------------------------[ hpi ]---------------------------------
[INFO] 
[INFO] --- clean:3.2.0:clean (default-clean) @ popper2-api ---
[INFO] 
[INFO] --- hpi:3.43:validate (default-validate) @ popper2-api ---
[INFO] 
[INFO] --- hpi:3.43:validate-hpi (default-validate-hpi) @ popper2-api ---
[INFO] 
[INFO] --- enforcer:3.3.0:enforce (display-info) @ popper2-api ---
[INFO] Rule 0: org.apache.maven.enforcer.rules.dependency.RequireUpperBoundDeps passed
[INFO] Rule 1: io.jenkins.tools.incrementals.enforcer.RequireExtensionVersion passed
[INFO] Rule 2: org.apache.maven.enforcer.rules.version.RequireMavenVersion passed
[INFO] Rule 3: org.apache.maven.enforcer.rules.version.RequireJavaVersion passed
[INFO] Rule 4: org.apache.maven.plugins.enforcer.EnforceBytecodeVersion passed
[INFO] Rule 5: org.apache.maven.enforcer.rules.dependency.BannedDependencies passed
[INFO] 
[INFO] --- enforcer:3.3.0:enforce (no-snapshots-in-release) @ popper2-api ---
[INFO] Rule 0: org.apache.maven.enforcer.rules.dependency.RequireReleaseDeps passed
[INFO] 
[INFO] --- localizer:1.31:generate (default) @ popper2-api ---
[INFO] 
[INFO] >>> javadoc:3.5.0:javadoc (default) > generate-sources @ popper2-api >>>
[INFO] 
[INFO] --- hpi:3.43:validate (default-validate) @ popper2-api ---
[INFO] 
[INFO] --- hpi:3.43:validate-hpi (default-validate-hpi) @ popper2-api ---
[INFO] 
[INFO] --- enforcer:3.3.0:enforce (display-info) @ popper2-api ---
[INFO] Rule 0: org.apache.maven.enforcer.rules.dependency.RequireUpperBoundDeps passed
[INFO] Rule 4: org.apache.maven.plugins.enforcer.EnforceBytecodeVersion passed
[INFO] Rule 5: org.apache.maven.enforcer.rules.dependency.BannedDependencies passed
[INFO] 
[INFO] --- enforcer:3.3.0:enforce (no-snapshots-in-release) @ popper2-api ---
[INFO] Rule 0: org.apache.maven.enforcer.rules.dependency.RequireReleaseDeps passed
[INFO] 
[INFO] --- localizer:1.31:generate (default) @ popper2-api ---
[INFO] 
[INFO] <<< javadoc:3.5.0:javadoc (default) < generate-sources @ popper2-api <<<
[INFO] 
[INFO] 
[INFO] --- javadoc:3.5.0:javadoc (default) @ popper2-api ---
[INFO] No previous run data found, generating javadoc.
[INFO] 
[INFO] --- frontend:1.12.1:install-node-and-npm (install node and npm) @ popper2-api ---
[INFO] Installing node version v14.16.1
[INFO] Unpacking /home/poddingue/.m2/repository/com/github/eirslett/node/14.16.1/node-14.16.1-linux-x64.tar.gz into /tmp/plugin-builds/popper2-api/node/tmp
[INFO] Copying node binary from /tmp/plugin-builds/popper2-api/node/tmp/node-v14.16.1-linux-x64/bin/node to /tmp/plugin-builds/popper2-api/node/node
[INFO] Extracting NPM
[INFO] Installed node locally.
[INFO] 
[INFO] --- frontend:1.12.1:npm (npm install) @ popper2-api ---
[INFO] Running 'npm install' in /tmp/plugin-builds/popper2-api
[INFO] npm WARN read-shrinkwrap This version of npm is compatible with lockfileVersion@1, but package-lock.json was generated for lockfileVersion@2. I'll try to do my best with it!
[INFO] npm WARN optional SKIPPING OPTIONAL DEPENDENCY: fsevents@2.3.2 (node_modules/fsevents):
[INFO] npm WARN notsup SKIPPING OPTIONAL DEPENDENCY: Unsupported platform for fsevents@2.3.2: wanted {"os":"darwin","arch":"any"} (current: {"os":"linux","arch":"x64"})
[INFO] 
[INFO] added 221 packages from 135 contributors and audited 222 packages in 8.621s
[INFO] 
[INFO] 113 packages are looking for funding
[INFO]   run `npm fund` for details
[INFO] 
[INFO] found 6 vulnerabilities (3 low, 3 high)
[INFO]   run `npm audit fix` to fix them, or `npm audit` for details
[INFO] 
[INFO] --- resources:3.3.1:resources (default-resources) @ popper2-api ---
[INFO] Copying 2 resources from src/main/resources to target/classes
[INFO] 
[INFO] --- flatten:1.4.1:flatten (flatten) @ popper2-api ---
[INFO] Generating flattened POM of project io.jenkins.plugins:popper2-api:hpi:2.11.6-6-SNAPSHOT...
[INFO] 
[INFO] --- resources:3.3.1:copy-resources (copy-resources) @ popper2-api ---
[INFO] Copying 20 resources from node_modules/@popperjs/core/dist/umd to target/popper2-api/js
[INFO] 
[INFO] --- compiler:3.11.0:compile (default-compile) @ popper2-api ---
[INFO] Changes detected - recompiling the module! :source
[INFO] Compiling 1 source file with javac [debug release 11] to target/classes
[INFO] 
[INFO] --- access-modifier-checker:1.31:enforce (default-enforce) @ popper2-api ---
[INFO] 
[INFO] --- hpi:3.43:insert-test (default-insert-test) @ popper2-api ---
[INFO] 
[INFO] --- antrun:3.1.0:run (createTempDir) @ popper2-api ---
[INFO] Executing tasks
[INFO]     [mkdir] Created dir: /tmp/plugin-builds/popper2-api/target/tmp
[INFO] Executed tasks
[INFO] 
[INFO] --- resources:3.3.1:testResources (default-testResources) @ popper2-api ---
[INFO] Not copying test resources
[INFO] 
[INFO] --- compiler:3.11.0:testCompile (default-testCompile) @ popper2-api ---
[INFO] Not compiling test sources
[INFO] 
[INFO] --- hpi:3.43:test-hpl (default-test-hpl) @ popper2-api ---
[INFO] Generating /tmp/plugin-builds/popper2-api/target/test-classes/the.hpl
[INFO] 
[INFO] --- hpi:3.43:resolve-test-dependencies (default-resolve-test-dependencies) @ popper2-api ---
[INFO] 
[INFO] --- hpi:3.43:test-runtime (default-test-runtime) @ popper2-api ---
[INFO] Tests are skipped.
[INFO] 
[INFO] --- jacoco:0.8.10:prepare-agent (default) @ popper2-api ---
[INFO] argLine set to -javaagent:/home/poddingue/.m2/repository/org/jacoco/org.jacoco.agent/0.8.10/org.jacoco.agent-0.8.10-runtime.jar=destfile=/tmp/plugin-builds/popper2-api/target/jacoco.exec,includes=io/jenkins/plugins/**/* -Xms768M -Xmx768M -XX:+HeapDumpOnOutOfMemoryError -XX:+TieredCompilation -XX:TieredStopAtLevel=1 @{jenkins.addOpens} @{jenkins.insaneHook}
[INFO] 
[INFO] --- surefire:3.1.0:test (default-test) @ popper2-api ---
[INFO] Tests are skipped.
[INFO] 
[INFO] --- license:1.15:process (default) @ popper2-api ---
[INFO] ------------------------------------------------------------------------
[INFO] BUILD FAILURE
[INFO] ------------------------------------------------------------------------
[INFO] Total time:  40.578 s (Wall Clock)
[INFO] Finished at: 2025-08-22T18:14:33+02:00
[INFO] ------------------------------------------------------------------------
[ERROR] BUG! exception in phase 'semantic analysis' in source unit 'inlineScript' Unsupported class file major version 69 -> [Help 1]
[ERROR] BUG! exception in phase 'semantic analysis' in source unit 'inlineScript' Unsupported class file major version 69
[ERROR] 
[ERROR] To see the full stack trace of the errors, re-run Maven with the -e switch.
[ERROR] Re-run Maven using the -X switch to enable full debug logging.
[ERROR] 
[ERROR] For more information about the errors and possible solutions, please read the following articles:
[ERROR] [Help 1] http://cwiki.apache.org/confluence/display/MAVEN/GroovyBugError
