WARNING: A terminally deprecated method in sun.misc.Unsafe has been called
WARNING: sun.misc.Unsafe::staticFieldBase has been called by com.google.inject.internal.aop.HiddenClassDefiner (file:/home/poddingue/.sdkman/candidates/maven/current/lib/guice-5.1.0-classes.jar)
WARNING: Please consider reporting this to the maintainers of class com.google.inject.internal.aop.HiddenClassDefiner
WARNING: sun.misc.Unsafe::staticFieldBase will be removed in a future release
[INFO] Scanning for projects...
[INFO] 
[INFO] Using the MultiThreadedBuilder implementation with a thread count of 4
[INFO] 
[INFO] -----------------< org.jenkins-ci.plugins:powershell >------------------
[INFO] Building Jenkins PowerShell plugin 2.4-SNAPSHOT
[INFO]   from pom.xml
[INFO] --------------------------------[ hpi ]---------------------------------
[INFO] 
[INFO] --- clean:3.4.0:clean (default-clean) @ powershell ---
[INFO] 
[INFO] --- hpi:3.61:validate (default-validate) @ powershell ---
[INFO] Created marker file /tmp/plugin-builds/powershell/target/java-level/17
[INFO] 
[INFO] --- hpi:3.61:validate-hpi (default-validate-hpi) @ powershell ---
[INFO] 
[INFO] --- enforcer:3.5.0:enforce (display-info) @ powershell ---
[INFO] Rule 0: org.apache.maven.enforcer.rules.version.RequireMavenVersion passed
[INFO] Rule 1: org.apache.maven.enforcer.rules.version.RequireJavaVersion passed
[INFO] Rule 2: org.codehaus.mojo.extraenforcer.dependencies.EnforceBytecodeVersion passed
[INFO] Rule 3: org.apache.maven.enforcer.rules.dependency.BannedDependencies passed
[INFO] Rule 4: org.apache.maven.enforcer.rules.dependency.BannedDependencies passed
[INFO] Rule 5: org.apache.maven.enforcer.rules.dependency.RequireUpperBoundDeps passed
[INFO] 
[INFO] --- enforcer:3.5.0:enforce (no-snapshots-in-release) @ powershell ---
[INFO] Rule 0: org.apache.maven.enforcer.rules.dependency.RequireReleaseDeps passed
[INFO] 
[INFO] --- localizer:1.31:generate (default) @ powershell ---
[INFO] 
[INFO] --- resources:3.3.1:resources (default-resources) @ powershell ---
[INFO] Copying 10 resources from src/main/resources to target/classes
[INFO] 
[INFO] --- compiler:3.13.0:compile (default-compile) @ powershell ---
[INFO] Recompiling the module because of changed source code.
[INFO] Compiling 2 source files with javac [debug parameters release 17] to target/classes
[INFO] hudson.plugins.powershell.PowerShell.DescriptorImpl indexed under hudson.Extension
[INFO] hudson.plugins.powershell.PowerShellInstallation.DescriptorImpl indexed under hudson.Extension
[INFO] /tmp/plugin-builds/powershell/src/main/java/hudson/plugins/powershell/PowerShell.java:[35,12] Generating hudson/plugins/powershell/PowerShell.stapler
[INFO] /tmp/plugin-builds/powershell/src/main/java/hudson/plugins/powershell/PowerShellInstallation.java:[36,12] Generating hudson/plugins/powershell/PowerShellInstallation.stapler
[INFO] 
[INFO] --- access-modifier-checker:1.34:enforce (default-enforce) @ powershell ---
[INFO] 
[INFO] --- hpi:3.61:insert-test (default-insert-test) @ powershell ---
[INFO] 
[INFO] --- antrun:3.1.0:run (createTempDir) @ powershell ---
[INFO] Executing tasks
[INFO]     [mkdir] Created dir: /tmp/plugin-builds/powershell/target/tmp
[INFO] Executed tasks
[INFO] 
[INFO] --- resources:3.3.1:testResources (default-testResources) @ powershell ---
[INFO] Not copying test resources
[INFO] 
[INFO] --- compiler:3.13.0:testCompile (default-testCompile) @ powershell ---
[INFO] Not compiling test sources
[INFO] 
[INFO] --- hpi:3.61:test-hpl (default-test-hpl) @ powershell ---
[INFO] Generating /tmp/plugin-builds/powershell/target/test-classes/the.hpl
[INFO] 
[INFO] --- hpi:3.61:resolve-test-dependencies (default-resolve-test-dependencies) @ powershell ---
[INFO] 
[INFO] --- hpi:3.61:test-runtime (default-test-runtime) @ powershell ---
[INFO] Tests are skipped.
[INFO] 
[INFO] --- surefire:3.5.2:test (default-test) @ powershell ---
[INFO] Tests are skipped.
[INFO] 
[INFO] --- license:165.v7e11f4e4a_325:process (default) @ powershell ---
[INFO] ------------------------------------------------------------------------
[INFO] BUILD FAILURE
[INFO] ------------------------------------------------------------------------
[INFO] Total time:  21.732 s (Wall Clock)
[INFO] Finished at: 2025-08-22T18:35:52+02:00
[INFO] ------------------------------------------------------------------------
[ERROR] BUG! exception in phase 'semantic analysis' in source unit 'inlineScript' Unsupported class file major version 69 -> [Help 1]
[ERROR] BUG! exception in phase 'semantic analysis' in source unit 'inlineScript' Unsupported class file major version 69
[ERROR] 
[ERROR] To see the full stack trace of the errors, re-run Maven with the -e switch.
[ERROR] Re-run Maven using the -X switch to enable full debug logging.
[ERROR] 
[ERROR] For more information about the errors and possible solutions, please read the following articles:
[ERROR] [Help 1] http://cwiki.apache.org/confluence/display/MAVEN/GroovyBugError
