WARNING: A terminally deprecated method in sun.misc.Unsafe has been called
WARNING: sun.misc.Unsafe::staticFieldBase has been called by com.google.inject.internal.aop.HiddenClassDefiner (file:/home/poddingue/.sdkman/candidates/maven/current/lib/guice-5.1.0-classes.jar)
WARNING: Please consider reporting this to the maintainers of class com.google.inject.internal.aop.HiddenClassDefiner
WARNING: sun.misc.Unsafe::staticFieldBase will be removed in a future release
[INFO] Scanning for projects...
[INFO] 
[INFO] Using the MultiThreadedBuilder implementation with a thread count of 4
[INFO] 
[INFO] -----------------< org.jenkins-ci.plugins:prometheus >------------------
[INFO] Building Prometheus metrics plugin 999999-SNAPSHOT
[INFO]   from pom.xml
[INFO] --------------------------------[ hpi ]---------------------------------
[INFO] 
[INFO] --- clean:3.4.1:clean (default-clean) @ prometheus ---
[INFO] 
[INFO] --- hpi:3.65:validate (default-validate) @ prometheus ---
[INFO] Created marker file /tmp/plugin-builds/prometheus/target/java-level/17
[INFO] 
[INFO] --- hpi:3.65:validate-hpi (default-validate-hpi) @ prometheus ---
[INFO] 
[INFO] --- enforcer:3.5.0:enforce (display-info) @ prometheus ---
[INFO] Rule 0: io.jenkins.tools.incrementals.enforcer.RequireExtensionVersion passed
[INFO] Rule 1: org.apache.maven.enforcer.rules.version.RequireMavenVersion passed
[INFO] Rule 2: org.apache.maven.enforcer.rules.version.RequireJavaVersion passed
[INFO] Rule 3: org.codehaus.mojo.extraenforcer.dependencies.EnforceBytecodeVersion passed
[INFO] Rule 4: org.apache.maven.enforcer.rules.dependency.BannedDependencies passed
[INFO] Rule 5: org.apache.maven.enforcer.rules.dependency.BannedDependencies passed
[INFO] Ignoring requireUpperBoundDeps in org.ow2.asm:asm
[INFO] Rule 6: org.apache.maven.enforcer.rules.dependency.RequireUpperBoundDeps passed
[INFO] 
[INFO] --- enforcer:3.5.0:enforce (no-snapshots-in-release) @ prometheus ---
[INFO] Rule 0: org.apache.maven.enforcer.rules.dependency.RequireReleaseDeps passed
[INFO] 
[INFO] --- localizer:1.31:generate (default) @ prometheus ---
[INFO] 
[INFO] --- resources:3.3.1:resources (default-resources) @ prometheus ---
[INFO] Copying 27 resources from src/main/resources to target/classes
[INFO] 
[INFO] --- flatten:1.7.0:flatten (flatten) @ prometheus ---
[INFO] Generating flattened POM of project org.jenkins-ci.plugins:prometheus:hpi:999999-SNAPSHOT...
[INFO] 
[INFO] --- compiler:3.14.0:compile (default-compile) @ prometheus ---
[INFO] Recompiling the module because of changed source code.
[INFO] Compiling 101 source files with javac [debug parameters release 17] to target/classes
[INFO] org.jenkinsci.plugins.prometheus.collectors.builds.BuildCompletionListener.getInstance indexed under hudson.Extension
[INFO] org.jenkinsci.plugins.prometheus.config.PrometheusConfiguration indexed under hudson.Extension
[INFO] org.jenkinsci.plugins.prometheus.config.disabledmetrics.DisabledMetricConfig.DescriptorImpl indexed under hudson.Extension
[INFO] org.jenkinsci.plugins.prometheus.config.disabledmetrics.JobRegexDisabledMetric.DescriptorImpl indexed under hudson.Extension
[INFO] org.jenkinsci.plugins.prometheus.config.disabledmetrics.NamedDisabledMetric.DescriptorImpl indexed under hudson.Extension
[INFO] org.jenkinsci.plugins.prometheus.config.disabledmetrics.RegexDisabledMetric.DescriptorImpl indexed under hudson.Extension
[INFO] org.jenkinsci.plugins.prometheus.rest.PrometheusAction indexed under hudson.Extension
[INFO] org.jenkinsci.plugins.prometheus.service.PrometheusAsyncWorker indexed under hudson.Extension
[INFO] /tmp/plugin-builds/prometheus/src/main/java/org/jenkinsci/plugins/prometheus/config/disabledmetrics/DisabledMetricConfig.java:[17,12] Generating org/jenkinsci/plugins/prometheus/config/disabledmetrics/DisabledMetricConfig.stapler
[INFO] /tmp/plugin-builds/prometheus/src/main/java/org/jenkinsci/plugins/prometheus/config/disabledmetrics/JobRegexDisabledMetric.java:[13,12] Generating org/jenkinsci/plugins/prometheus/config/disabledmetrics/JobRegexDisabledMetric.stapler
[INFO] /tmp/plugin-builds/prometheus/src/main/java/org/jenkinsci/plugins/prometheus/config/disabledmetrics/NamedDisabledMetric.java:[13,12] Generating org/jenkinsci/plugins/prometheus/config/disabledmetrics/NamedDisabledMetric.stapler
[INFO] /tmp/plugin-builds/prometheus/src/main/java/org/jenkinsci/plugins/prometheus/config/disabledmetrics/RegexDisabledMetric.java:[13,12] Generating org/jenkinsci/plugins/prometheus/config/disabledmetrics/RegexDisabledMetric.stapler
[INFO] /tmp/plugin-builds/prometheus/src/main/java/org/jenkinsci/plugins/prometheus/config/PrometheusConfiguration.java:[328,27] Generating org/jenkinsci/plugins/prometheus/config/PrometheusConfiguration/doCheckCollectingMetricsPeriodInSeconds.stapler
[INFO] /tmp/plugin-builds/prometheus/src/main/java/org/jenkinsci/plugins/prometheus/config/PrometheusConfiguration.java:[318,27] Generating org/jenkinsci/plugins/prometheus/config/PrometheusConfiguration/doCheckPath.stapler
[INFO] /tmp/plugin-builds/prometheus/src/main/java/org/jenkinsci/plugins/prometheus/collectors/builds/BuildCollectorFactory.java: Some input files use unchecked or unsafe operations.
[INFO] /tmp/plugin-builds/prometheus/src/main/java/org/jenkinsci/plugins/prometheus/collectors/builds/BuildCollectorFactory.java: Recompile with -Xlint:unchecked for details.
[INFO] 
[INFO] --- access-modifier-checker:1.35:enforce (default-enforce) @ prometheus ---
[INFO] 
[INFO] --- bridge-method-injector:1.31:process (default) @ prometheus ---
[INFO] 
[INFO] --- hpi:3.65:insert-test (default-insert-test) @ prometheus ---
[INFO] 
[INFO] --- antrun:3.1.0:run (createTempDir) @ prometheus ---
[INFO] Executing tasks
[INFO]     [mkdir] Created dir: /tmp/plugin-builds/prometheus/target/tmp
[INFO] Executed tasks
[INFO] 
[INFO] --- resources:3.3.1:testResources (default-testResources) @ prometheus ---
[INFO] Not copying test resources
[INFO] 
[INFO] --- compiler:3.14.0:testCompile (default-testCompile) @ prometheus ---
[INFO] Not compiling test sources
[INFO] 
[INFO] --- hpi:3.65:test-hpl (default-test-hpl) @ prometheus ---
[INFO] Generating /tmp/plugin-builds/prometheus/target/test-classes/the.hpl
[INFO] 
[INFO] --- hpi:3.65:resolve-test-dependencies (default-resolve-test-dependencies) @ prometheus ---
[INFO] 
[INFO] --- hpi:3.65:test-runtime (default-test-runtime) @ prometheus ---
[INFO] Tests are skipped.
[INFO] 
[INFO] --- surefire:3.5.3:test (default-test) @ prometheus ---
[INFO] Tests are skipped.
[INFO] 
[INFO] --- license:165.v7e11f4e4a_325:process (default) @ prometheus ---
[INFO] ------------------------------------------------------------------------
[INFO] BUILD FAILURE
[INFO] ------------------------------------------------------------------------
[INFO] Total time:  36.472 s (Wall Clock)
[INFO] Finished at: 2025-09-01T09:59:23+02:00
[INFO] ------------------------------------------------------------------------
[ERROR] BUG! exception in phase 'semantic analysis' in source unit 'inlineScript' Unsupported class file major version 69 -> [Help 1]
[ERROR] BUG! exception in phase 'semantic analysis' in source unit 'inlineScript' Unsupported class file major version 69
[ERROR] 
[ERROR] To see the full stack trace of the errors, re-run Maven with the -e switch.
[ERROR] Re-run Maven using the -X switch to enable full debug logging.
[ERROR] 
[ERROR] For more information about the errors and possible solutions, please read the following articles:
[ERROR] [Help 1] http://cwiki.apache.org/confluence/display/MAVEN/GroovyBugError
