WARNING: A terminally deprecated method in sun.misc.Unsafe has been called
WARNING: sun.misc.Unsafe::staticFieldBase has been called by com.google.inject.internal.aop.HiddenClassDefiner (file:/home/poddingue/.sdkman/candidates/maven/current/lib/guice-5.1.0-classes.jar)
WARNING: Please consider reporting this to the maintainers of class com.google.inject.internal.aop.HiddenClassDefiner
WARNING: sun.misc.Unsafe::staticFieldBase will be removed in a future release
[INFO] Scanning for projects...
[INFO] 
[INFO] Using the MultiThreadedBuilder implementation with a thread count of 4
[INFO] 
[INFO] ----------------< org.jenkins-ci.plugins:publish-over >-----------------
[INFO] Building Infrastructure plugin for Publish Over X 0.23-SNAPSHOT
[INFO]   from pom.xml
[INFO] --------------------------------[ hpi ]---------------------------------
[INFO] 
[INFO] --- clean:3.3.1:clean (default-clean) @ publish-over ---
[INFO] 
[INFO] --- hpi:3.49:validate (default-validate) @ publish-over ---
[INFO] 
[INFO] --- hpi:3.49:validate-hpi (default-validate-hpi) @ publish-over ---
[INFO] 
[INFO] --- enforcer:3.4.1:enforce (display-info) @ publish-over ---
[INFO] Rule 0: org.apache.maven.enforcer.rules.version.RequireMavenVersion passed
[INFO] Rule 1: org.apache.maven.enforcer.rules.version.RequireJavaVersion passed
[INFO] Rule 2: org.codehaus.mojo.extraenforcer.dependencies.EnforceBytecodeVersion passed
[INFO] Rule 3: org.apache.maven.enforcer.rules.dependency.BannedDependencies passed
[INFO] Rule 4: org.apache.maven.enforcer.rules.dependency.RequireUpperBoundDeps passed
[INFO] 
[INFO] --- enforcer:3.4.1:enforce (no-snapshots-in-release) @ publish-over ---
[INFO] Rule 0: org.apache.maven.enforcer.rules.dependency.RequireReleaseDeps passed
[INFO] 
[INFO] --- localizer:1.31:generate (default) @ publish-over ---
[INFO] 
[INFO] --- build-helper:3.4.0:add-source (add-source) @ publish-over ---
[INFO] Source directory: /tmp/plugin-builds/publish-over/target/generated-sources/localizer added.
[INFO] 
[INFO] --- build-helper:3.4.0:add-source (add-eclipse-sources) @ publish-over ---
[INFO] Source directory: /tmp/plugin-builds/publish-over/target/generated-sources/groovy-stubs/main added.
[INFO] Source directory: /tmp/plugin-builds/publish-over/target/generated-sources/localizer added.
[INFO] Source directory: /tmp/plugin-builds/publish-over/target/generated-sources/taglib-interface added.
[INFO] 
[INFO] --- resources:3.3.1:resources (default-resources) @ publish-over ---
[INFO] Copying 24 resources from src/main/resources to target/classes
[INFO] 
[INFO] --- compiler:3.11.0:compile (default-compile) @ publish-over ---
[INFO] Changes detected - recompiling the module! :source
[INFO] Compiling 43 source files with javac [debug release 11] to target/classes
[INFO] /tmp/plugin-builds/publish-over/src/main/java/jenkins/plugins/publish_over/BPValidators.java: Some input files use or override a deprecated API.
[INFO] /tmp/plugin-builds/publish-over/src/main/java/jenkins/plugins/publish_over/BPValidators.java: Recompile with -Xlint:deprecation for details.
[INFO] /tmp/plugin-builds/publish-over/src/main/java/jenkins/plugins/publish_over/BPTransfer.java: Some input files use unchecked or unsafe operations.
[INFO] /tmp/plugin-builds/publish-over/src/main/java/jenkins/plugins/publish_over/BPTransfer.java: Recompile with -Xlint:unchecked for details.
[INFO] 
[INFO] --- access-modifier-checker:1.32:enforce (default-enforce) @ publish-over ---
[INFO] 
[INFO] --- hpi:3.49:insert-test (default-insert-test) @ publish-over ---
[INFO] 
[INFO] --- antrun:3.1.0:run (createTempDir) @ publish-over ---
[INFO] Executing tasks
[INFO]     [mkdir] Created dir: /tmp/plugin-builds/publish-over/target/tmp
[INFO] Executed tasks
[INFO] 
[INFO] --- resources:3.3.1:testResources (default-testResources) @ publish-over ---
[INFO] Not copying test resources
[INFO] 
[INFO] --- compiler:3.11.0:testCompile (default-testCompile) @ publish-over ---
[INFO] Not compiling test sources
[INFO] 
[INFO] --- hpi:3.49:test-hpl (default-test-hpl) @ publish-over ---
[INFO] Generating /tmp/plugin-builds/publish-over/target/test-classes/the.hpl
[INFO] 
[INFO] --- hpi:3.49:resolve-test-dependencies (default-resolve-test-dependencies) @ publish-over ---
[INFO] 
[INFO] --- hpi:3.49:test-runtime (default-test-runtime) @ publish-over ---
[INFO] Tests are skipped.
[INFO] 
[INFO] --- surefire:3.1.2:test (default-test) @ publish-over ---
[INFO] Tests are skipped.
[INFO] 
[INFO] --- license:104.v2171757ee6dd:process (default) @ publish-over ---
[INFO] ------------------------------------------------------------------------
[INFO] BUILD FAILURE
[INFO] ------------------------------------------------------------------------
[INFO] Total time:  22.664 s (Wall Clock)
[INFO] Finished at: 2025-09-01T09:28:24+02:00
[INFO] ------------------------------------------------------------------------
[ERROR] BUG! exception in phase 'semantic analysis' in source unit 'inlineScript' Unsupported class file major version 69 -> [Help 1]
[ERROR] BUG! exception in phase 'semantic analysis' in source unit 'inlineScript' Unsupported class file major version 69
[ERROR] 
[ERROR] To see the full stack trace of the errors, re-run Maven with the -e switch.
[ERROR] Re-run Maven using the -X switch to enable full debug logging.
[ERROR] 
[ERROR] For more information about the errors and possible solutions, please read the following articles:
[ERROR] [Help 1] http://cwiki.apache.org/confluence/display/MAVEN/GroovyBugError
