WARNING: A restricted method in java.lang.System has been called
WARNING: java.lang.System::load has been called by org.fusesource.jansi.internal.JansiLoader in an unnamed module (file:/home/poddingue/.sdkman/candidates/maven/current/lib/jansi-2.4.1.jar)
WARNING: Use --enable-native-access=ALL-UNNAMED to avoid a warning for callers in this module
WARNING: Restricted methods will be blocked in a future release unless native access is enabled

WARNING: A terminally deprecated method in sun.misc.Unsafe has been called
WARNING: sun.misc.Unsafe::objectFieldOffset has been called by com.google.common.util.concurrent.AbstractFuture$UnsafeAtomicHelper (file:/home/poddingue/.sdkman/candidates/maven/current/lib/guava-33.2.1-jre.jar)
WARNING: Please consider reporting this to the maintainers of class com.google.common.util.concurrent.AbstractFuture$UnsafeAtomicHelper
WARNING: sun.misc.Unsafe::objectFieldOffset will be removed in a future release
[INFO] Scanning for projects...
[INFO] 
[INFO] --------------< org.jenkins-ci.plugins:publish-over-ssh >---------------
[INFO] Building Publish Over SSH 999999-SNAPSHOT
[INFO]   from pom.xml
[INFO] --------------------------------[ hpi ]---------------------------------
Downloading from repo.jenkins-ci.org: https://repo.jenkins-ci.org/public/org/jenkins-ci/plugins/publish-over/0.22/publish-over-0.22.pom
Progress (1): 0.5/7.7 kBProgress (1): 1.9/7.7 kBProgress (1): 3.2/7.7 kBProgress (1): 4.7/7.7 kBProgress (1): 6.0/7.7 kBProgress (1): 7.5/7.7 kBProgress (1): 7.7 kB                        Downloaded from repo.jenkins-ci.org: https://repo.jenkins-ci.org/public/org/jenkins-ci/plugins/publish-over/0.22/publish-over-0.22.pom (7.7 kB at 11 kB/s)
Downloading from repo.jenkins-ci.org: https://repo.jenkins-ci.org/public/org/easymock/easymock/2.5.2/easymock-2.5.2.pom
Downloading from incrementals: https://repo.jenkins-ci.org/incrementals/org/easymock/easymock/2.5.2/easymock-2.5.2.pom
Downloading from central: https://repo.maven.apache.org/maven2/org/easymock/easymock/2.5.2/easymock-2.5.2.pom
Progress (1): 1.4/12 kBProgress (1): 2.8/12 kBProgress (1): 4.1/12 kBProgress (1): 5.5/12 kBProgress (1): 6.9/12 kBProgress (1): 8.3/12 kBProgress (1): 9.7/12 kBProgress (1): 11/12 kB Progress (1): 12 kB                      Downloaded from central: https://repo.maven.apache.org/maven2/org/easymock/easymock/2.5.2/easymock-2.5.2.pom (12 kB at 119 kB/s)
Downloading from repo.jenkins-ci.org: https://repo.jenkins-ci.org/public/org/easymock/easymockclassextension/2.5.2/easymockclassextension-2.5.2.pom
Downloading from incrementals: https://repo.jenkins-ci.org/incrementals/org/easymock/easymockclassextension/2.5.2/easymockclassextension-2.5.2.pom
Downloading from central: https://repo.maven.apache.org/maven2/org/easymock/easymockclassextension/2.5.2/easymockclassextension-2.5.2.pom
Progress (1): 1.4/13 kBProgress (1): 2.8/13 kBProgress (1): 4.1/13 kBProgress (1): 5.5/13 kBProgress (1): 6.9/13 kBProgress (1): 8.3/13 kBProgress (1): 9.7/13 kBProgress (1): 11/13 kB Progress (1): 12/13 kBProgress (1): 13 kB                      Downloaded from central: https://repo.maven.apache.org/maven2/org/easymock/easymockclassextension/2.5.2/easymockclassextension-2.5.2.pom (13 kB at 667 kB/s)
Downloading from repo.jenkins-ci.org: https://repo.jenkins-ci.org/public/cglib/cglib-nodep/2.2/cglib-nodep-2.2.pom
Downloading from incrementals: https://repo.jenkins-ci.org/incrementals/cglib/cglib-nodep/2.2/cglib-nodep-2.2.pom
Downloading from central: https://repo.maven.apache.org/maven2/cglib/cglib-nodep/2.2/cglib-nodep-2.2.pom
Progress (1): 807 B                   Downloaded from central: https://repo.maven.apache.org/maven2/cglib/cglib-nodep/2.2/cglib-nodep-2.2.pom (807 B at 67 kB/s)
Downloading from repo.jenkins-ci.org: https://repo.jenkins-ci.org/public/org/objenesis/objenesis/1.2/objenesis-1.2.pom
Downloading from incrementals: https://repo.jenkins-ci.org/incrementals/org/objenesis/objenesis/1.2/objenesis-1.2.pom
Downloading from central: https://repo.maven.apache.org/maven2/org/objenesis/objenesis/1.2/objenesis-1.2.pom
Progress (1): 1.4/3.0 kBProgress (1): 2.8/3.0 kBProgress (1): 3.0 kB                        Downloaded from central: https://repo.maven.apache.org/maven2/org/objenesis/objenesis/1.2/objenesis-1.2.pom (3.0 kB at 231 kB/s)
Downloading from repo.jenkins-ci.org: https://repo.jenkins-ci.org/public/org/objenesis/objenesis-parent/1.2/objenesis-parent-1.2.pom
Downloading from incrementals: https://repo.jenkins-ci.org/incrementals/org/objenesis/objenesis-parent/1.2/objenesis-parent-1.2.pom
Downloading from central: https://repo.maven.apache.org/maven2/org/objenesis/objenesis-parent/1.2/objenesis-parent-1.2.pom
Progress (1): 1.4/10 kBProgress (1): 2.8/10 kBProgress (1): 4.1/10 kBProgress (1): 5.5/10 kBProgress (1): 6.9/10 kBProgress (1): 8.3/10 kBProgress (1): 9.7/10 kBProgress (1): 10 kB                       Downloaded from central: https://repo.maven.apache.org/maven2/org/objenesis/objenesis-parent/1.2/objenesis-parent-1.2.pom (10 kB at 609 kB/s)
Downloading from repo.jenkins-ci.org: https://repo.jenkins-ci.org/public/org/jenkins-ci/plugins/publish-over/0.22/publish-over-0.22.jar
Progress (1): 0.5/97 kBProgress (1): 1.9/97 kBProgress (1): 3.3/97 kBProgress (1): 4.7/97 kBProgress (1): 6.1/97 kBProgress (1): 7.5/97 kBProgress (1): 8.9/97 kBProgress (1): 10/97 kB Progress (1): 12/97 kBProgress (1): 13/97 kBProgress (1): 14/97 kBProgress (1): 16/97 kBProgress (1): 17/97 kBProgress (1): 19/97 kBProgress (1): 20/97 kBProgress (1): 21/97 kBProgress (1): 23/97 kBProgress (1): 24/97 kBProgress (1): 26/97 kBProgress (1): 27/97 kBProgress (1): 28/97 kBProgress (1): 30/97 kBProgress (1): 31/97 kBProgress (1): 33/97 kBProgress (1): 34/97 kBProgress (1): 35/97 kBProgress (1): 37/97 kBProgress (1): 38/97 kBProgress (1): 40/97 kBProgress (1): 41/97 kBProgress (1): 42/97 kBProgress (1): 44/97 kBProgress (1): 45/97 kBProgress (1): 47/97 kBProgress (1): 48/97 kBProgress (1): 49/97 kBProgress (1): 51/97 kBProgress (1): 52/97 kBProgress (1): 54/97 kBProgress (1): 55/97 kBProgress (1): 56/97 kBProgress (1): 58/97 kBProgress (1): 59/97 kBProgress (1): 61/97 kBProgress (1): 62/97 kBProgress (1): 63/97 kBProgress (1): 65/97 kBProgress (1): 66/97 kBProgress (1): 68/97 kBProgress (1): 69/97 kBProgress (1): 70/97 kBProgress (1): 72/97 kBProgress (1): 73/97 kBProgress (1): 75/97 kBProgress (1): 76/97 kBProgress (1): 77/97 kBProgress (1): 79/97 kBProgress (1): 80/97 kBProgress (1): 82/97 kBProgress (1): 83/97 kBProgress (1): 84/97 kBProgress (1): 86/97 kBProgress (1): 87/97 kBProgress (1): 89/97 kBProgress (1): 90/97 kBProgress (1): 91/97 kBProgress (1): 93/97 kBProgress (1): 94/97 kBProgress (1): 96/97 kBProgress (1): 97 kB                      Downloaded from repo.jenkins-ci.org: https://repo.jenkins-ci.org/public/org/jenkins-ci/plugins/publish-over/0.22/publish-over-0.22.jar (97 kB at 261 kB/s)
Downloading from repo.jenkins-ci.org: https://repo.jenkins-ci.org/public/org/easymock/easymock/2.5.2/easymock-2.5.2.jar
Downloading from repo.jenkins-ci.org: https://repo.jenkins-ci.org/public/org/easymock/easymockclassextension/2.5.2/easymockclassextension-2.5.2.jar
Downloading from repo.jenkins-ci.org: https://repo.jenkins-ci.org/public/cglib/cglib-nodep/2.2/cglib-nodep-2.2.jar
Downloading from incrementals: https://repo.jenkins-ci.org/incrementals/org/easymock/easymock/2.5.2/easymock-2.5.2.jar
Downloading from incrementals: https://repo.jenkins-ci.org/incrementals/org/easymock/easymockclassextension/2.5.2/easymockclassextension-2.5.2.jar
Downloading from incrementals: https://repo.jenkins-ci.org/incrementals/cglib/cglib-nodep/2.2/cglib-nodep-2.2.jar
Downloading from central: https://repo.maven.apache.org/maven2/org/easymock/easymock/2.5.2/easymock-2.5.2.jar
Progress (1): 1.4/95 kBProgress (1): 2.8/95 kBProgress (1): 4.1/95 kBProgress (1): 5.5/95 kBProgress (1): 6.9/95 kBProgress (1): 8.3/95 kBProgress (1): 9.7/95 kBProgress (1): 11/95 kB Progress (1): 12/95 kBProgress (1): 14/95 kBProgress (1): 15/95 kBProgress (1): 16/95 kBProgress (1): 33/95 kBProgress (1): 49/95 kBProgress (1): 66/95 kBProgress (1): 82/95 kBProgress (1): 95 kB                      Downloaded from central: https://repo.maven.apache.org/maven2/org/easymock/easymock/2.5.2/easymock-2.5.2.jar (95 kB at 4.5 MB/s)
Downloading from central: https://repo.maven.apache.org/maven2/org/easymock/easymockclassextension/2.5.2/easymockclassextension-2.5.2.jar
Downloading from central: https://repo.maven.apache.org/maven2/cglib/cglib-nodep/2.2/cglib-nodep-2.2.jar
Progress (1): 16/37 kBProgress (1): 33/37 kBProgress (1): 37 kB                      Downloaded from central: https://repo.maven.apache.org/maven2/org/easymock/easymockclassextension/2.5.2/easymockclassextension-2.5.2.jar (37 kB at 2.3 MB/s)
Progress (1): 1.4/322 kBProgress (1): 2.8/322 kBProgress (1): 4.1/322 kBProgress (1): 5.5/322 kBProgress (1): 6.9/322 kBProgress (1): 8.3/322 kBProgress (1): 9.7/322 kBProgress (1): 11/322 kB Progress (1): 12/322 kBProgress (1): 14/322 kBProgress (1): 15/322 kBProgress (1): 16/322 kBProgress (1): 18/322 kBProgress (1): 19/322 kBProgress (1): 21/322 kBProgress (1): 22/322 kBProgress (1): 23/322 kBProgress (1): 25/322 kBProgress (1): 26/322 kBProgress (1): 27/322 kBProgress (1): 29/322 kBProgress (1): 30/322 kBProgress (1): 32/322 kBProgress (1): 33/322 kBProgress (1): 34/322 kBProgress (1): 36/322 kBProgress (1): 37/322 kBProgress (1): 38/322 kBProgress (1): 40/322 kBProgress (1): 41/322 kBProgress (1): 43/322 kBProgress (1): 44/322 kBProgress (1): 45/322 kBProgress (1): 47/322 kBProgress (1): 48/322 kBProgress (1): 49/322 kBProgress (1): 66/322 kBProgress (1): 82/322 kBProgress (1): 98/322 kBProgress (1): 114/322 kBProgress (1): 130/322 kBProgress (1): 147/322 kBProgress (1): 163/322 kBProgress (1): 180/322 kBProgress (1): 196/322 kBProgress (1): 212/322 kBProgress (1): 229/322 kBProgress (1): 245/322 kBProgress (1): 261/322 kBProgress (1): 278/322 kBProgress (1): 294/322 kBProgress (1): 311/322 kBProgress (1): 322 kB                        Downloaded from central: https://repo.maven.apache.org/maven2/cglib/cglib-nodep/2.2/cglib-nodep-2.2.jar (322 kB at 6.4 MB/s)
[INFO] 
[INFO] --- clean:3.4.1:clean (default-clean) @ publish-over-ssh ---
[INFO] 
[INFO] --- hpi:3.61:validate (default-validate) @ publish-over-ssh ---
[INFO] Created marker file /tmp/plugin-builds/publish-over-ssh/target/java-level/17
[INFO] 
[INFO] --- hpi:3.61:validate-hpi (default-validate-hpi) @ publish-over-ssh ---
[INFO] 
[INFO] --- enforcer:3.5.0:enforce (display-info) @ publish-over-ssh ---
[INFO] Rule 0: io.jenkins.tools.incrementals.enforcer.RequireExtensionVersion passed
[INFO] Rule 1: org.apache.maven.enforcer.rules.version.RequireMavenVersion passed
[INFO] Rule 2: org.apache.maven.enforcer.rules.version.RequireJavaVersion passed
[INFO] Rule 3: org.codehaus.mojo.extraenforcer.dependencies.EnforceBytecodeVersion passed
[INFO] Rule 4: org.apache.maven.enforcer.rules.dependency.BannedDependencies passed
[INFO] Rule 5: org.apache.maven.enforcer.rules.dependency.BannedDependencies passed
[INFO] Ignoring requireUpperBoundDeps in com.google.code.findbugs:jsr305
[INFO] Rule 6: org.apache.maven.enforcer.rules.dependency.RequireUpperBoundDeps passed
[INFO] 
[INFO] --- enforcer:3.5.0:enforce (no-snapshots-in-release) @ publish-over-ssh ---
[INFO] Rule 0: org.apache.maven.enforcer.rules.dependency.RequireReleaseDeps passed
[INFO] 
[INFO] --- localizer:1.31:generate (default) @ publish-over-ssh ---
[INFO] 
[INFO] --- resources:3.3.1:resources (default-resources) @ publish-over-ssh ---
[INFO] Copying 107 resources from src/main/resources to target/classes
[INFO] 
[INFO] --- flatten:1.7.0:flatten (flatten) @ publish-over-ssh ---
[INFO] Generating flattened POM of project org.jenkins-ci.plugins:publish-over-ssh:hpi:999999-SNAPSHOT...
[INFO] 
[INFO] --- compiler:3.14.0:compile (default-compile) @ publish-over-ssh ---
[INFO] Recompiling the module because of changed source code.
[INFO] Compiling 38 source files with javac [debug parameters release 17] to target/classes
[INFO] jenkins.plugins.publish_over_ssh.BapSshBuilderPlugin.Descriptor indexed under hudson.Extension
[INFO] jenkins.plugins.publish_over_ssh.BapSshParamPublish.BapSshParamPublishDescriptor indexed under hudson.Extension
[INFO] jenkins.plugins.publish_over_ssh.BapSshPostBuildWrapper.Descriptor indexed under hudson.Extension
[INFO] jenkins.plugins.publish_over_ssh.BapSshPreBuildWrapper.Descriptor indexed under hudson.Extension
[INFO] jenkins.plugins.publish_over_ssh.BapSshPromotionPublisherPlugin.Descriptor indexed under hudson.Extension
[INFO] jenkins.plugins.publish_over_ssh.BapSshPublisherLabel.BapSshPublisherLabelDescriptor indexed under hudson.Extension
[INFO] jenkins.plugins.publish_over_ssh.BapSshPublisherPlugin.Descriptor indexed under hudson.Extension
[INFO] jenkins.plugins.publish_over_ssh.BapSshRetry.BapSshRetryDescriptor indexed under hudson.Extension
[INFO] jenkins.plugins.publish_over_ssh.descriptor.BapSshCommonConfigurationDescriptor indexed under hudson.Extension
[INFO] jenkins.plugins.publish_over_ssh.descriptor.BapSshCredentialsDescriptor indexed under hudson.Extension
[INFO] jenkins.plugins.publish_over_ssh.descriptor.BapSshHostConfigurationDescriptor indexed under hudson.Extension
[INFO] jenkins.plugins.publish_over_ssh.descriptor.BapSshPublisherDescriptor indexed under hudson.Extension
[INFO] jenkins.plugins.publish_over_ssh.descriptor.BapSshTransferDescriptor indexed under hudson.Extension
[INFO] jenkins.plugins.publish_over_ssh.options.SshOverrideDefaults.SshOverrideDefaultsDescriptor indexed under hudson.Extension
[INFO] jenkins.plugins.publish_over_ssh.options.SshOverrideInstanceConfigDefaults.SshOverrideInstanceConfigDefaultsDescriptor indexed under hudson.Extension
[INFO] jenkins.plugins.publish_over_ssh.options.SshOverrideParamPublishDefaults.SshOverrideParamPublishDefaultsDescriptor indexed under hudson.Extension
[INFO] jenkins.plugins.publish_over_ssh.options.SshOverridePublisherDefaults.SshOverridePublisherDefaultsDescriptor indexed under hudson.Extension
[INFO] jenkins.plugins.publish_over_ssh.options.SshOverridePublisherLabelDefaults.SshOverridePublisherLabelDefaultsDescriptor indexed under hudson.Extension
[INFO] jenkins.plugins.publish_over_ssh.options.SshOverrideRetryDefaults.SshOverrideRetryDefaultsDescriptor indexed under hudson.Extension
[INFO] jenkins.plugins.publish_over_ssh.options.SshOverrideTransferDefaults.SshOverrideTransferDefaultsDescriptor indexed under hudson.Extension
[INFO] jenkins.plugins.publish_over_ssh.options.SshPluginDefaults.SshPluginDefaultsDescriptor indexed under hudson.Extension
[INFO] /tmp/plugin-builds/publish-over-ssh/src/main/java/jenkins/plugins/publish_over_ssh/BapSshBuilderPlugin.java:[51,12] Generating jenkins/plugins/publish_over_ssh/BapSshBuilderPlugin.stapler
[INFO] /tmp/plugin-builds/publish-over-ssh/src/main/java/jenkins/plugins/publish_over_ssh/BapSshCommonConfiguration.java:[43,12] Generating jenkins/plugins/publish_over_ssh/BapSshCommonConfiguration.stapler
[INFO] /tmp/plugin-builds/publish-over-ssh/src/main/java/jenkins/plugins/publish_over_ssh/BapSshCredentials.java:[43,12] Generating jenkins/plugins/publish_over_ssh/BapSshCredentials.stapler
[INFO] /tmp/plugin-builds/publish-over-ssh/src/main/java/jenkins/plugins/publish_over_ssh/BapSshHostConfiguration.java:[95,12] Generating jenkins/plugins/publish_over_ssh/BapSshHostConfiguration.stapler
[INFO] /tmp/plugin-builds/publish-over-ssh/src/main/java/jenkins/plugins/publish_over_ssh/BapSshParamPublish.java:[43,12] Generating jenkins/plugins/publish_over_ssh/BapSshParamPublish.stapler
[INFO] /tmp/plugin-builds/publish-over-ssh/src/main/java/jenkins/plugins/publish_over_ssh/BapSshPostBuildWrapper.java:[50,12] Generating jenkins/plugins/publish_over_ssh/BapSshPostBuildWrapper.stapler
[INFO] /tmp/plugin-builds/publish-over-ssh/src/main/java/jenkins/plugins/publish_over_ssh/BapSshPreBuildWrapper.java:[50,12] Generating jenkins/plugins/publish_over_ssh/BapSshPreBuildWrapper.stapler
[INFO] /tmp/plugin-builds/publish-over-ssh/src/main/java/jenkins/plugins/publish_over_ssh/BapSshPromotionPublisherPlugin.java:[55,12] Generating jenkins/plugins/publish_over_ssh/BapSshPromotionPublisherPlugin.stapler
[INFO] /tmp/plugin-builds/publish-over-ssh/src/main/java/jenkins/plugins/publish_over_ssh/BapSshPublisher.java:[48,12] Generating jenkins/plugins/publish_over_ssh/BapSshPublisher.stapler
[INFO] /tmp/plugin-builds/publish-over-ssh/src/main/java/jenkins/plugins/publish_over_ssh/BapSshPublisherLabel.java:[43,12] Generating jenkins/plugins/publish_over_ssh/BapSshPublisherLabel.stapler
[INFO] /tmp/plugin-builds/publish-over-ssh/src/main/java/jenkins/plugins/publish_over_ssh/BapSshPublisherPlugin.java:[58,12] Generating jenkins/plugins/publish_over_ssh/BapSshPublisherPlugin.stapler
[INFO] /tmp/plugin-builds/publish-over-ssh/src/main/java/jenkins/plugins/publish_over_ssh/BapSshRetry.java:[45,12] Generating jenkins/plugins/publish_over_ssh/BapSshRetry.stapler
[INFO] /tmp/plugin-builds/publish-over-ssh/src/main/java/jenkins/plugins/publish_over_ssh/BapSshTransfer.java:[68,12] Generating jenkins/plugins/publish_over_ssh/BapSshTransfer.stapler
[INFO] /tmp/plugin-builds/publish-over-ssh/src/main/java/jenkins/plugins/publish_over_ssh/options/SshOverrideDefaults.java:[46,12] Generating jenkins/plugins/publish_over_ssh/options/SshOverrideDefaults.stapler
[INFO] /tmp/plugin-builds/publish-over-ssh/src/main/java/jenkins/plugins/publish_over_ssh/options/SshOverrideInstanceConfigDefaults.java:[41,12] Generating jenkins/plugins/publish_over_ssh/options/SshOverrideInstanceConfigDefaults.stapler
[INFO] /tmp/plugin-builds/publish-over-ssh/src/main/java/jenkins/plugins/publish_over_ssh/options/SshOverrideParamPublishDefaults.java:[40,12] Generating jenkins/plugins/publish_over_ssh/options/SshOverrideParamPublishDefaults.stapler
[INFO] /tmp/plugin-builds/publish-over-ssh/src/main/java/jenkins/plugins/publish_over_ssh/options/SshOverridePublisherDefaults.java:[44,12] Generating jenkins/plugins/publish_over_ssh/options/SshOverridePublisherDefaults.stapler
[INFO] /tmp/plugin-builds/publish-over-ssh/src/main/java/jenkins/plugins/publish_over_ssh/options/SshOverridePublisherLabelDefaults.java:[40,12] Generating jenkins/plugins/publish_over_ssh/options/SshOverridePublisherLabelDefaults.stapler
[INFO] /tmp/plugin-builds/publish-over-ssh/src/main/java/jenkins/plugins/publish_over_ssh/options/SshOverrideRetryDefaults.java:[43,12] Generating jenkins/plugins/publish_over_ssh/options/SshOverrideRetryDefaults.stapler
[INFO] /tmp/plugin-builds/publish-over-ssh/src/main/java/jenkins/plugins/publish_over_ssh/options/SshOverrideTransferDefaults.java:[57,12] Generating jenkins/plugins/publish_over_ssh/options/SshOverrideTransferDefaults.stapler
[INFO] /tmp/plugin-builds/publish-over-ssh/src/main/java/jenkins/plugins/publish_over_ssh/options/SshPluginDefaults.java:[52,12] Generating jenkins/plugins/publish_over_ssh/options/SshPluginDefaults.stapler
[INFO] /tmp/plugin-builds/publish-over-ssh/src/main/java/jenkins/plugins/publish_over_ssh/descriptor/BapSshHostConfigurationDescriptor.java:[72,27] Generating jenkins/plugins/publish_over_ssh/descriptor/BapSshHostConfigurationDescriptor/doCheckHostname.stapler
[INFO] /tmp/plugin-builds/publish-over-ssh/src/main/java/jenkins/plugins/publish_over_ssh/descriptor/BapSshTransferDescriptor.java:[56,27] Generating jenkins/plugins/publish_over_ssh/descriptor/BapSshTransferDescriptor/doCheckSourceFiles.stapler
[INFO] /tmp/plugin-builds/publish-over-ssh/src/main/java/jenkins/plugins/publish_over_ssh/BapSshRetry.java:[76,31] Generating jenkins/plugins/publish_over_ssh/BapSshRetry/BapSshRetryDescriptor/doCheckRetries.stapler
[INFO] /tmp/plugin-builds/publish-over-ssh/src/main/java/jenkins/plugins/publish_over_ssh/descriptor/BapSshHostConfigurationDescriptor.java:[68,27] Generating jenkins/plugins/publish_over_ssh/descriptor/BapSshHostConfigurationDescriptor/doCheckName.stapler
[INFO] /tmp/plugin-builds/publish-over-ssh/src/main/java/jenkins/plugins/publish_over_ssh/descriptor/BapSshTransferDescriptor.java:[70,27] Generating jenkins/plugins/publish_over_ssh/descriptor/BapSshTransferDescriptor/doCheckPatternSeparator.stapler
[INFO] /tmp/plugin-builds/publish-over-ssh/src/main/java/jenkins/plugins/publish_over_ssh/descriptor/BapSshTransferDescriptor.java:[74,27] Generating jenkins/plugins/publish_over_ssh/descriptor/BapSshTransferDescriptor/doCheckExecCommand.stapler
[INFO] /tmp/plugin-builds/publish-over-ssh/src/main/java/jenkins/plugins/publish_over_ssh/options/SshOverrideRetryDefaults.java:[72,31] Generating jenkins/plugins/publish_over_ssh/options/SshOverrideRetryDefaults/SshOverrideRetryDefaultsDescriptor/doCheckRetryDelay.stapler
[INFO] /tmp/plugin-builds/publish-over-ssh/src/main/java/jenkins/plugins/publish_over_ssh/descriptor/BapSshCredentialsDescriptor.java:[56,27] Generating jenkins/plugins/publish_over_ssh/descriptor/BapSshCredentialsDescriptor/doCheckUsername.stapler
[INFO] /tmp/plugin-builds/publish-over-ssh/src/main/java/jenkins/plugins/publish_over_ssh/descriptor/BapSshHostConfigurationDescriptor.java:[80,27] Generating jenkins/plugins/publish_over_ssh/descriptor/BapSshHostConfigurationDescriptor/doCheckPort.stapler
[INFO] /tmp/plugin-builds/publish-over-ssh/src/main/java/jenkins/plugins/publish_over_ssh/descriptor/BapSshCredentialsDescriptor.java:[72,27] Generating jenkins/plugins/publish_over_ssh/descriptor/BapSshCredentialsDescriptor/doTestConnection.stapler
[INFO] /tmp/plugin-builds/publish-over-ssh/src/main/java/jenkins/plugins/publish_over_ssh/descriptor/BapSshHostConfigurationDescriptor.java:[84,27] Generating jenkins/plugins/publish_over_ssh/descriptor/BapSshHostConfigurationDescriptor/doCheckTimeout.stapler
[INFO] /tmp/plugin-builds/publish-over-ssh/src/main/java/jenkins/plugins/publish_over_ssh/descriptor/BapSshHostConfigurationDescriptor.java:[89,27] Generating jenkins/plugins/publish_over_ssh/descriptor/BapSshHostConfigurationDescriptor/doCheckKeyPath.stapler
[INFO] /tmp/plugin-builds/publish-over-ssh/src/main/java/jenkins/plugins/publish_over_ssh/descriptor/BapSshTransferDescriptor.java:[52,27] Generating jenkins/plugins/publish_over_ssh/descriptor/BapSshTransferDescriptor/doCheckExecTimeout.stapler
[INFO] /tmp/plugin-builds/publish-over-ssh/src/main/java/jenkins/plugins/publish_over_ssh/BapSshPublisherPlugin.java: Some input files use or override a deprecated API.
[INFO] /tmp/plugin-builds/publish-over-ssh/src/main/java/jenkins/plugins/publish_over_ssh/BapSshPublisherPlugin.java: Recompile with -Xlint:deprecation for details.
[INFO] /tmp/plugin-builds/publish-over-ssh/src/main/java/jenkins/plugins/publish_over_ssh/BapSshPublisherPlugin.java: Some input files use unchecked or unsafe operations.
[INFO] /tmp/plugin-builds/publish-over-ssh/src/main/java/jenkins/plugins/publish_over_ssh/BapSshPublisherPlugin.java: Recompile with -Xlint:unchecked for details.
[INFO] 
[INFO] --- access-modifier-checker:1.34:enforce (default-enforce) @ publish-over-ssh ---
[INFO] Skipping access modifier checks
[INFO] 
[INFO] --- hpi:3.61:insert-test (default-insert-test) @ publish-over-ssh ---
[INFO] 
[INFO] --- antrun:3.1.0:run (createTempDir) @ publish-over-ssh ---
[INFO] Executing tasks
[INFO]     [mkdir] Created dir: /tmp/plugin-builds/publish-over-ssh/target/tmp
[INFO] Executed tasks
[INFO] 
[INFO] --- resources:3.3.1:testResources (default-testResources) @ publish-over-ssh ---
[INFO] Copying 12 resources from src/test/resources to target/test-classes
[INFO] 
[INFO] --- compiler:3.14.0:testCompile (default-testCompile) @ publish-over-ssh ---
[INFO] Recompiling the module because of changed dependency.
[INFO] Compiling 11 source files with javac [debug parameters release 17] to target/test-classes
[WARNING] /tmp/plugin-builds/publish-over-ssh/src/test/java/jenkins/plugins/publish_over_ssh/jenkins/JenkinsTestHelper.java:[89,20] java.security.AccessController in java.security has been deprecated and marked for removal
[INFO] /tmp/plugin-builds/publish-over-ssh/src/test/java/jenkins/plugins/publish_over_ssh/HostsHelperTest.java: Some input files use or override a deprecated API.
[INFO] /tmp/plugin-builds/publish-over-ssh/src/test/java/jenkins/plugins/publish_over_ssh/HostsHelperTest.java: Recompile with -Xlint:deprecation for details.
[INFO] /tmp/plugin-builds/publish-over-ssh/src/test/java/jenkins/plugins/publish_over_ssh/BapSshClientTest.java: Some input files use unchecked or unsafe operations.
[INFO] /tmp/plugin-builds/publish-over-ssh/src/test/java/jenkins/plugins/publish_over_ssh/BapSshClientTest.java: Recompile with -Xlint:unchecked for details.
[INFO] 
[INFO] --- hpi:3.61:test-hpl (default-test-hpl) @ publish-over-ssh ---
[INFO] Generating /tmp/plugin-builds/publish-over-ssh/target/test-classes/the.hpl
[INFO] 
[INFO] --- hpi:3.61:resolve-test-dependencies (default-resolve-test-dependencies) @ publish-over-ssh ---
Downloading from repo.jenkins-ci.org: https://repo.jenkins-ci.org/public/org/jenkins-ci/plugins/publish-over/0.22/publish-over-0.22.hpi
Progress (1): 0.5/88 kBProgress (1): 1.9/88 kBProgress (1): 3.3/88 kBProgress (1): 4.7/88 kBProgress (1): 6.1/88 kBProgress (1): 7.5/88 kBProgress (1): 8.9/88 kBProgress (1): 10/88 kB Progress (1): 12/88 kBProgress (1): 13/88 kBProgress (1): 14/88 kBProgress (1): 16/88 kBProgress (1): 17/88 kBProgress (1): 19/88 kBProgress (1): 20/88 kBProgress (1): 21/88 kBProgress (1): 23/88 kBProgress (1): 24/88 kBProgress (1): 26/88 kBProgress (1): 27/88 kBProgress (1): 28/88 kBProgress (1): 30/88 kBProgress (1): 31/88 kBProgress (1): 33/88 kBProgress (1): 34/88 kBProgress (1): 35/88 kBProgress (1): 37/88 kBProgress (1): 38/88 kBProgress (1): 40/88 kBProgress (1): 41/88 kBProgress (1): 42/88 kBProgress (1): 44/88 kBProgress (1): 45/88 kBProgress (1): 47/88 kBProgress (1): 48/88 kBProgress (1): 49/88 kBProgress (1): 51/88 kBProgress (1): 52/88 kBProgress (1): 54/88 kBProgress (1): 55/88 kBProgress (1): 56/88 kBProgress (1): 58/88 kBProgress (1): 59/88 kBProgress (1): 61/88 kBProgress (1): 62/88 kBProgress (1): 63/88 kBProgress (1): 65/88 kBProgress (1): 66/88 kBProgress (1): 68/88 kBProgress (1): 69/88 kBProgress (1): 70/88 kBProgress (1): 72/88 kBProgress (1): 73/88 kBProgress (1): 75/88 kBProgress (1): 76/88 kBProgress (1): 77/88 kBProgress (1): 79/88 kBProgress (1): 80/88 kBProgress (1): 82/88 kBProgress (1): 83/88 kBProgress (1): 84/88 kBProgress (1): 86/88 kBProgress (1): 87/88 kBProgress (1): 88 kB                      Downloaded from repo.jenkins-ci.org: https://repo.jenkins-ci.org/public/org/jenkins-ci/plugins/publish-over/0.22/publish-over-0.22.hpi (88 kB at 238 kB/s)
[INFO] 
[INFO] --- hpi:3.61:test-runtime (default-test-runtime) @ publish-over-ssh ---
[INFO] Tests are skipped.
[INFO] 
[INFO] --- surefire:3.5.2:test (default-test) @ publish-over-ssh ---
[INFO] Tests are skipped.
[INFO] 
[INFO] --- license:165.v7e11f4e4a_325:process (default) @ publish-over-ssh ---
[INFO] ------------------------------------------------------------------------
[INFO] BUILD FAILURE
[INFO] ------------------------------------------------------------------------
[INFO] Total time:  14.380 s
[INFO] Finished at: 2025-06-21T18:55:26+02:00
[INFO] ------------------------------------------------------------------------
---------------------------------------------------
constituent[0]: file:/home/poddingue/.sdkman/candidates/maven/current/conf/logging/
constituent[1]: file:/home/poddingue/.sdkman/candidates/maven/current/lib/plexus-cipher-2.0.jar
constituent[2]: file:/home/poddingue/.sdkman/candidates/maven/current/lib/maven-shared-utils-3.4.2.jar
constituent[3]: file:/home/poddingue/.sdkman/candidates/maven/current/lib/wagon-provider-api-3.5.3.jar
constituent[4]: file:/home/poddingue/.sdkman/candidates/maven/current/lib/guice-5.1.0.jar
constituent[5]: file:/home/poddingue/.sdkman/candidates/maven/current/lib/httpclient-4.5.14.jar
constituent[6]: file:/home/poddingue/.sdkman/candidates/maven/current/lib/slf4j-api-1.7.36.jar
constituent[7]: file:/home/poddingue/.sdkman/candidates/maven/current/lib/commons-codec-1.17.1.jar
constituent[8]: file:/home/poddingue/.sdkman/candidates/maven/current/lib/maven-resolver-impl-1.9.22.jar
constituent[9]: file:/home/poddingue/.sdkman/candidates/maven/current/lib/maven-resolver-named-locks-1.9.22.jar
constituent[10]: file:/home/poddingue/.sdkman/candidates/maven/current/lib/maven-resolver-util-1.9.22.jar
constituent[11]: file:/home/poddingue/.sdkman/candidates/maven/current/lib/maven-resolver-transport-http-1.9.22.jar
constituent[12]: file:/home/poddingue/.sdkman/candidates/maven/current/lib/plexus-sec-dispatcher-2.0.jar
constituent[13]: file:/home/poddingue/.sdkman/candidates/maven/current/lib/maven-resolver-api-1.9.22.jar
constituent[14]: file:/home/poddingue/.sdkman/candidates/maven/current/lib/guava-33.2.1-jre.jar
constituent[15]: file:/home/poddingue/.sdkman/candidates/maven/current/lib/maven-settings-3.9.9.jar
constituent[16]: file:/home/poddingue/.sdkman/candidates/maven/current/lib/maven-resolver-transport-file-1.9.22.jar
constituent[17]: file:/home/poddingue/.sdkman/candidates/maven/current/lib/wagon-http-shared-3.5.3.jar
constituent[18]: file:/home/poddingue/.sdkman/candidates/maven/current/lib/maven-resolver-transport-wagon-1.9.22.jar
constituent[19]: file:/home/poddingue/.sdkman/candidates/maven/current/lib/plexus-interpolation-1.27.jar
constituent[20]: file:/home/poddingue/.sdkman/candidates/maven/current/lib/maven-model-3.9.9.jar
constituent[21]: file:/home/poddingue/.sdkman/candidates/maven/current/lib/maven-settings-builder-3.9.9.jar
constituent[22]: file:/home/poddingue/.sdkman/candidates/maven/current/lib/jansi-2.4.1.jar
constituent[23]: file:/home/poddingue/.sdkman/candidates/maven/current/lib/commons-cli-1.8.0.jar
constituent[24]: file:/home/poddingue/.sdkman/candidates/maven/current/lib/httpcore-4.4.16.jar
constituent[25]: file:/home/poddingue/.sdkman/candidates/maven/current/lib/maven-builder-support-3.9.9.jar
constituent[26]: file:/home/poddingue/.sdkman/candidates/maven/current/lib/maven-embedder-3.9.9.jar
constituent[27]: file:/home/poddingue/.sdkman/candidates/maven/current/lib/maven-artifact-3.9.9.jar
constituent[28]: file:/home/poddingue/.sdkman/candidates/maven/current/lib/maven-compat-3.9.9.jar
constituent[29]: file:/home/poddingue/.sdkman/candidates/maven/current/lib/wagon-http-3.5.3.jar
constituent[30]: file:/home/poddingue/.sdkman/candidates/maven/current/lib/maven-model-builder-3.9.9.jar
constituent[31]: file:/home/poddingue/.sdkman/candidates/maven/current/lib/aopalliance-1.0.jar
constituent[32]: file:/home/poddingue/.sdkman/candidates/maven/current/lib/maven-slf4j-provider-3.9.9.jar
constituent[33]: file:/home/poddingue/.sdkman/candidates/maven/current/lib/maven-resolver-connector-basic-1.9.22.jar
constituent[34]: file:/home/poddingue/.sdkman/candidates/maven/current/lib/maven-plugin-api-3.9.9.jar
constituent[35]: file:/home/poddingue/.sdkman/candidates/maven/current/lib/javax.annotation-api-1.3.2.jar
constituent[36]: file:/home/poddingue/.sdkman/candidates/maven/current/lib/org.eclipse.sisu.inject-0.9.0.M3.jar
constituent[37]: file:/home/poddingue/.sdkman/candidates/maven/current/lib/jcl-over-slf4j-1.7.36.jar
constituent[38]: file:/home/poddingue/.sdkman/candidates/maven/current/lib/plexus-xml-3.0.1.jar
constituent[39]: file:/home/poddingue/.sdkman/candidates/maven/current/lib/plexus-utils-3.5.1.jar
constituent[40]: file:/home/poddingue/.sdkman/candidates/maven/current/lib/maven-resolver-provider-3.9.9.jar
constituent[41]: file:/home/poddingue/.sdkman/candidates/maven/current/lib/org.eclipse.sisu.plexus-0.9.0.M3.jar
constituent[42]: file:/home/poddingue/.sdkman/candidates/maven/current/lib/maven-resolver-spi-1.9.22.jar
constituent[43]: file:/home/poddingue/.sdkman/candidates/maven/current/lib/javax.inject-1.jar
constituent[44]: file:/home/poddingue/.sdkman/candidates/maven/current/lib/maven-core-3.9.9.jar
constituent[45]: file:/home/poddingue/.sdkman/candidates/maven/current/lib/wagon-file-3.5.3.jar
constituent[46]: file:/home/poddingue/.sdkman/candidates/maven/current/lib/plexus-component-annotations-2.1.0.jar
constituent[47]: file:/home/poddingue/.sdkman/candidates/maven/current/lib/failureaccess-1.0.2.jar
constituent[48]: file:/home/poddingue/.sdkman/candidates/maven/current/lib/maven-repository-metadata-3.9.9.jar
---------------------------------------------------
Exception in thread "main" BUG! exception in phase 'semantic analysis' in source unit 'inlineScript' Unsupported class file major version 69
	at org.codehaus.groovy.control.CompilationUnit$ISourceUnitOperation.doPhaseOperation(CompilationUnit.java:901)
	at org.codehaus.groovy.control.CompilationUnit.processPhaseOperations(CompilationUnit.java:692)
	at org.codehaus.groovy.control.CompilationUnit.compile(CompilationUnit.java:666)
	at groovy.lang.GroovyClassLoader.doParseClass(GroovyClassLoader.java:365)
	at groovy.lang.GroovyClassLoader.lambda$parseClass$2(GroovyClassLoader.java:314)
	at org.codehaus.groovy.runtime.memoize.StampedCommonCache.compute(StampedCommonCache.java:163)
	at org.codehaus.groovy.runtime.memoize.StampedCommonCache.getAndPut(StampedCommonCache.java:154)
	at groovy.lang.GroovyClassLoader.parseClass(GroovyClassLoader.java:314)
	at groovy.lang.GroovyShell.parseClass(GroovyShell.java:572)
	at groovy.lang.GroovyShell.parse(GroovyShell.java:585)
	at groovy.lang.GroovyShell.parse(GroovyShell.java:639)
	at groovy.lang.GroovyShell.parse(GroovyShell.java:643)
	at com.cloudbees.maven.license.ProcessMojo.execute(ProcessMojo.java:154)
	at org.apache.maven.plugin.DefaultBuildPluginManager.executeMojo(DefaultBuildPluginManager.java:126)
	at org.apache.maven.lifecycle.internal.MojoExecutor.doExecute2(MojoExecutor.java:328)
	at org.apache.maven.lifecycle.internal.MojoExecutor.doExecute(MojoExecutor.java:316)
	at org.apache.maven.lifecycle.internal.MojoExecutor.execute(MojoExecutor.java:212)
	at org.apache.maven.lifecycle.internal.MojoExecutor.execute(MojoExecutor.java:174)
	at org.apache.maven.lifecycle.internal.MojoExecutor.access$000(MojoExecutor.java:75)
	at org.apache.maven.lifecycle.internal.MojoExecutor$1.run(MojoExecutor.java:162)
	at org.apache.maven.plugin.DefaultMojosExecutionStrategy.execute(DefaultMojosExecutionStrategy.java:39)
	at org.apache.maven.lifecycle.internal.MojoExecutor.execute(MojoExecutor.java:159)
	at org.apache.maven.lifecycle.internal.LifecycleModuleBuilder.buildProject(LifecycleModuleBuilder.java:105)
	at org.apache.maven.lifecycle.internal.LifecycleModuleBuilder.buildProject(LifecycleModuleBuilder.java:73)
	at org.apache.maven.lifecycle.internal.builder.singlethreaded.SingleThreadedBuilder.build(SingleThreadedBuilder.java:53)
	at org.apache.maven.lifecycle.internal.LifecycleStarter.execute(LifecycleStarter.java:118)
	at org.apache.maven.DefaultMaven.doExecute(DefaultMaven.java:261)
	at org.apache.maven.DefaultMaven.doExecute(DefaultMaven.java:173)
	at org.apache.maven.DefaultMaven.execute(DefaultMaven.java:101)
	at org.apache.maven.cli.MavenCli.execute(MavenCli.java:906)
	at org.apache.maven.cli.MavenCli.doMain(MavenCli.java:283)
	at org.apache.maven.cli.MavenCli.main(MavenCli.java:206)
	at java.base/jdk.internal.reflect.DirectMethodHandleAccessor.invoke(DirectMethodHandleAccessor.java:104)
	at java.base/java.lang.reflect.Method.invoke(Method.java:565)
	at org.codehaus.plexus.classworlds.launcher.Launcher.launchEnhanced(Launcher.java:255)
	at org.codehaus.plexus.classworlds.launcher.Launcher.launch(Launcher.java:201)
	at org.codehaus.plexus.classworlds.launcher.Launcher.mainWithExitCode(Launcher.java:361)
	at org.codehaus.plexus.classworlds.launcher.Launcher.main(Launcher.java:314)
Caused by: java.lang.IllegalArgumentException: Unsupported class file major version 69
	at groovyjarjarasm.asm.ClassReader.<init>(ClassReader.java:200)
	at groovyjarjarasm.asm.ClassReader.<init>(ClassReader.java:180)
	at groovyjarjarasm.asm.ClassReader.<init>(ClassReader.java:166)
	at groovyjarjarasm.asm.ClassReader.<init>(ClassReader.java:288)
	at org.codehaus.groovy.ast.decompiled.AsmDecompiler.parseClass(AsmDecompiler.java:83)
	at org.codehaus.groovy.control.ClassNodeResolver.findDecompiled(ClassNodeResolver.java:255)
	at org.codehaus.groovy.control.ClassNodeResolver.tryAsLoaderClassOrScript(ClassNodeResolver.java:193)
	at org.codehaus.groovy.control.ClassNodeResolver.findClassNode(ClassNodeResolver.java:175)
	at org.codehaus.groovy.control.ClassNodeResolver.resolveName(ClassNodeResolver.java:129)
	at org.codehaus.groovy.control.ResolveVisitor.resolveToOuter(ResolveVisitor.java:782)
	at org.codehaus.groovy.control.ResolveVisitor.resolve(ResolveVisitor.java:423)
	at org.codehaus.groovy.control.ResolveVisitor.resolveFromDefaultImports(ResolveVisitor.java:577)
	at org.codehaus.groovy.control.ResolveVisitor.resolveFromDefaultImports(ResolveVisitor.java:541)
	at org.codehaus.groovy.control.ResolveVisitor.resolve(ResolveVisitor.java:422)
	at org.codehaus.groovy.control.ResolveVisitor.resolve(ResolveVisitor.java:384)
	at org.codehaus.groovy.control.ResolveVisitor.resolveOrFail(ResolveVisitor.java:352)
	at org.codehaus.groovy.control.ResolveVisitor.resolveOrFail(ResolveVisitor.java:341)
	at org.codehaus.groovy.control.ResolveVisitor.resolveOrFail(ResolveVisitor.java:337)
	at org.codehaus.groovy.control.ResolveVisitor.transform(ResolveVisitor.java:817)
	at org.codehaus.groovy.control.ResolveVisitor.transformDeclarationExpression(ResolveVisitor.java:1173)
	at org.codehaus.groovy.control.ResolveVisitor.transform(ResolveVisitor.java:805)
	at org.codehaus.groovy.ast.ClassCodeExpressionTransformer.visitExpressionStatement(ClassCodeExpressionTransformer.java:129)
	at org.codehaus.groovy.ast.stmt.ExpressionStatement.visit(ExpressionStatement.java:41)
	at org.codehaus.groovy.ast.CodeVisitorSupport.visitBlockStatement(CodeVisitorSupport.java:86)
	at org.codehaus.groovy.ast.ClassCodeVisitorSupport.visitBlockStatement(ClassCodeVisitorSupport.java:168)
	at org.codehaus.groovy.control.ResolveVisitor.visitBlockStatement(ResolveVisitor.java:1386)
	at org.codehaus.groovy.ast.stmt.BlockStatement.visit(BlockStatement.java:72)
	at org.codehaus.groovy.control.ResolveVisitor.transformClosureExpression(ResolveVisitor.java:1125)
	at org.codehaus.groovy.control.ResolveVisitor.transform(ResolveVisitor.java:811)
	at org.codehaus.groovy.ast.expr.Expression.transformExpressions(Expression.java:49)
	at org.codehaus.groovy.ast.expr.ArgumentListExpression.transformExpression(ArgumentListExpression.java:67)
	at org.codehaus.groovy.control.ResolveVisitor.transform(ResolveVisitor.java:818)
	at org.codehaus.groovy.control.ResolveVisitor.transformMethodCallExpression(ResolveVisitor.java:1147)
	at org.codehaus.groovy.control.ResolveVisitor.transform(ResolveVisitor.java:809)
	at org.codehaus.groovy.ast.ClassCodeExpressionTransformer.visitExpressionStatement(ClassCodeExpressionTransformer.java:129)
	at org.codehaus.groovy.ast.stmt.ExpressionStatement.visit(ExpressionStatement.java:41)
	at org.codehaus.groovy.ast.CodeVisitorSupport.visitBlockStatement(CodeVisitorSupport.java:86)
	at org.codehaus.groovy.ast.ClassCodeVisitorSupport.visitBlockStatement(ClassCodeVisitorSupport.java:168)
	at org.codehaus.groovy.control.ResolveVisitor.visitBlockStatement(ResolveVisitor.java:1386)
	at org.codehaus.groovy.ast.stmt.BlockStatement.visit(BlockStatement.java:72)
	at org.codehaus.groovy.ast.ClassCodeVisitorSupport.visitClassCodeContainer(ClassCodeVisitorSupport.java:142)
	at org.codehaus.groovy.ast.ClassCodeVisitorSupport.visitConstructorOrMethod(ClassCodeVisitorSupport.java:115)
	at org.codehaus.groovy.ast.ClassCodeExpressionTransformer.visitConstructorOrMethod(ClassCodeExpressionTransformer.java:87)
	at org.codehaus.groovy.control.ResolveVisitor.visitConstructorOrMethod(ResolveVisitor.java:329)
	at org.codehaus.groovy.ast.ClassCodeVisitorSupport.visitMethod(ClassCodeVisitorSupport.java:110)
	at org.codehaus.groovy.ast.ClassNode.visitMethods(ClassNode.java:1132)
	at org.codehaus.groovy.ast.ClassNode.visitContents(ClassNode.java:1125)
	at org.codehaus.groovy.control.ResolveVisitor.visitClass(ResolveVisitor.java:1315)
	at org.codehaus.groovy.control.ResolveVisitor.startResolving(ResolveVisitor.java:258)
	at org.codehaus.groovy.control.CompilationUnit.lambda$addPhaseOperations$4(CompilationUnit.java:218)
	at org.codehaus.groovy.control.CompilationUnit$ISourceUnitOperation.doPhaseOperation(CompilationUnit.java:897)
	... 37 more
