WARNING: A terminally deprecated method in sun.misc.Unsafe has been called
WARNING: sun.misc.Unsafe::staticFieldBase has been called by com.google.inject.internal.aop.HiddenClassDefiner (file:/home/poddingue/.sdkman/candidates/maven/current/lib/guice-5.1.0-classes.jar)
WARNING: Please consider reporting this to the maintainers of class com.google.inject.internal.aop.HiddenClassDefiner
WARNING: sun.misc.Unsafe::staticFieldBase will be removed in a future release
[INFO] Scanning for projects...
[INFO] 
[INFO] Using the MultiThreadedBuilder implementation with a thread count of 4
[INFO] 
[INFO] ----------< com.sonyericsson.hudson.plugins.rebuild:rebuild >-----------
[INFO] Building Rebuilder 999999-SNAPSHOT
[INFO]   from pom.xml
[INFO] --------------------------------[ hpi ]---------------------------------
[INFO] 
[INFO] --- clean:3.4.1:clean (default-clean) @ rebuild ---
[INFO] 
[INFO] --- hpi:3.61:validate (default-validate) @ rebuild ---
[INFO] Created marker file /tmp/plugin-builds/rebuild/target/java-level/17
[INFO] 
[INFO] --- hpi:3.61:validate-hpi (default-validate-hpi) @ rebuild ---
[INFO] 
[INFO] --- enforcer:3.5.0:enforce (display-info) @ rebuild ---
[INFO] Rule 0: io.jenkins.tools.incrementals.enforcer.RequireExtensionVersion passed
[INFO] Rule 1: org.apache.maven.enforcer.rules.version.RequireMavenVersion passed
[INFO] Rule 2: org.apache.maven.enforcer.rules.version.RequireJavaVersion passed
[INFO] Rule 3: org.codehaus.mojo.extraenforcer.dependencies.EnforceBytecodeVersion passed
[INFO] Rule 4: org.apache.maven.enforcer.rules.dependency.BannedDependencies passed
[INFO] Rule 5: org.apache.maven.enforcer.rules.dependency.BannedDependencies passed
[INFO] Rule 6: org.apache.maven.enforcer.rules.dependency.RequireUpperBoundDeps passed
[INFO] 
[INFO] --- enforcer:3.5.0:enforce (no-snapshots-in-release) @ rebuild ---
[INFO] Rule 0: org.apache.maven.enforcer.rules.dependency.RequireReleaseDeps passed
[INFO] 
[INFO] --- checkstyle:3.6.0:check (validate) @ rebuild ---
[INFO] Starting audit...
Audit done.
[INFO] You have 0 Checkstyle violations.
[INFO] 
[INFO] --- localizer:1.31:generate (default) @ rebuild ---
[INFO] 
[INFO] --- resources:3.3.1:resources (default-resources) @ rebuild ---
[INFO] Copying 22 resources from src/main/resources to target/classes
[INFO] 
[INFO] --- flatten:1.7.0:flatten (flatten) @ rebuild ---
[INFO] Generating flattened POM of project com.sonyericsson.hudson.plugins.rebuild:rebuild:hpi:999999-SNAPSHOT...
[INFO] 
[INFO] --- compiler:3.14.0:compile (default-compile) @ rebuild ---
[INFO] Recompiling the module because of changed source code.
[INFO] Compiling 15 source files with javac [debug parameters release 17] to target/classes
[INFO] com.sonyericsson.rebuild.RebuildAction.DESCRIPTOR indexed under hudson.Extension
[INFO] com.sonyericsson.rebuild.RebuildActionFactory indexed under hudson.Extension
[INFO] com.sonyericsson.rebuild.RebuildProjectActionFactory indexed under hudson.Extension
[INFO] com.sonyericsson.rebuild.RebuildSettings.DescriptorImpl indexed under hudson.Extension
[INFO] com.sonyericsson.rebuild.Rebuilder indexed under hudson.Extension
[INFO] /tmp/plugin-builds/rebuild/src/main/java/com/sonyericsson/rebuild/RebuildConfiguration.java:[48,12] Generating com/sonyericsson/rebuild/RebuildConfiguration.stapler
[INFO] /tmp/plugin-builds/rebuild/src/main/java/com/sonyericsson/rebuild/RebuildSettings.java:[54,12] Generating com/sonyericsson/rebuild/RebuildSettings.stapler
[INFO] /tmp/plugin-builds/rebuild/src/main/java/com/sonyericsson/rebuild/RebuildAction.java: Some input files use or override a deprecated API.
[INFO] /tmp/plugin-builds/rebuild/src/main/java/com/sonyericsson/rebuild/RebuildAction.java: Recompile with -Xlint:deprecation for details.
[INFO] 
[INFO] --- access-modifier-checker:1.34:enforce (default-enforce) @ rebuild ---
[INFO] 
[INFO] --- hpi:3.61:insert-test (default-insert-test) @ rebuild ---
[INFO] 
[INFO] --- antrun:3.1.0:run (createTempDir) @ rebuild ---
[INFO] Executing tasks
[INFO]     [mkdir] Created dir: /tmp/plugin-builds/rebuild/target/tmp
[INFO] Executed tasks
[INFO] 
[INFO] --- resources:3.3.1:testResources (default-testResources) @ rebuild ---
[INFO] Not copying test resources
[INFO] 
[INFO] --- compiler:3.14.0:testCompile (default-testCompile) @ rebuild ---
[INFO] Not compiling test sources
[INFO] 
[INFO] --- hpi:3.61:test-hpl (default-test-hpl) @ rebuild ---
[INFO] Generating /tmp/plugin-builds/rebuild/target/test-classes/the.hpl
[INFO] 
[INFO] --- hpi:3.61:resolve-test-dependencies (default-resolve-test-dependencies) @ rebuild ---
[INFO] 
[INFO] --- hpi:3.61:test-runtime (default-test-runtime) @ rebuild ---
[INFO] Tests are skipped.
[INFO] 
[INFO] --- surefire:3.5.2:test (default-test) @ rebuild ---
[INFO] Tests are skipped.
[INFO] 
[INFO] --- license:165.v7e11f4e4a_325:process (default) @ rebuild ---
[INFO] ------------------------------------------------------------------------
[INFO] BUILD FAILURE
[INFO] ------------------------------------------------------------------------
[INFO] Total time:  28.685 s (Wall Clock)
[INFO] Finished at: 2025-09-01T09:35:10+02:00
[INFO] ------------------------------------------------------------------------
[ERROR] BUG! exception in phase 'semantic analysis' in source unit 'inlineScript' Unsupported class file major version 69 -> [Help 1]
[ERROR] BUG! exception in phase 'semantic analysis' in source unit 'inlineScript' Unsupported class file major version 69
[ERROR] 
[ERROR] To see the full stack trace of the errors, re-run Maven with the -e switch.
[ERROR] Re-run Maven using the -X switch to enable full debug logging.
[ERROR] 
[ERROR] For more information about the errors and possible solutions, please read the following articles:
[ERROR] [Help 1] http://cwiki.apache.org/confluence/display/MAVEN/GroovyBugError
