WARNING: A restricted method in java.lang.System has been called
WARNING: java.lang.System::load has been called by org.fusesource.jansi.internal.JansiLoader in an unnamed module (file:/home/poddingue/.sdkman/candidates/maven/current/lib/jansi-2.4.1.jar)
WARNING: Use --enable-native-access=ALL-UNNAMED to avoid a warning for callers in this module
WARNING: Restricted methods will be blocked in a future release unless native access is enabled

WARNING: A terminally deprecated method in sun.misc.Unsafe has been called
WARNING: sun.misc.Unsafe::objectFieldOffset has been called by com.google.common.util.concurrent.AbstractFuture$UnsafeAtomicHelper (file:/home/poddingue/.sdkman/candidates/maven/current/lib/guava-33.2.1-jre.jar)
WARNING: Please consider reporting this to the maintainers of class com.google.common.util.concurrent.AbstractFuture$UnsafeAtomicHelper
WARNING: sun.misc.Unsafe::objectFieldOffset will be removed in a future release
[INFO] Scanning for projects...
[INFO] 
[INFO] ----------------< org.jenkins-ci.plugins:run-condition >----------------
[INFO] Building Run Condition Plugin 999999-SNAPSHOT
[INFO]   from pom.xml
[INFO] --------------------------------[ hpi ]---------------------------------
Downloading from repo.jenkins-ci.org: https://repo.jenkins-ci.org/public/org/easymock/easymock/5.6.0/easymock-5.6.0.pom
Downloading from incrementals: https://repo.jenkins-ci.org/incrementals/org/easymock/easymock/5.6.0/easymock-5.6.0.pom
Downloading from central: https://repo.maven.apache.org/maven2/org/easymock/easymock/5.6.0/easymock-5.6.0.pom
Progress (1): 1.4/7.2 kBProgress (1): 2.8/7.2 kBProgress (1): 4.1/7.2 kBProgress (1): 5.5/7.2 kBProgress (1): 6.9/7.2 kBProgress (1): 7.2 kB                        Downloaded from central: https://repo.maven.apache.org/maven2/org/easymock/easymock/5.6.0/easymock-5.6.0.pom (7.2 kB at 83 kB/s)
Downloading from repo.jenkins-ci.org: https://repo.jenkins-ci.org/public/org/easymock/easymock-parent/5.6.0/easymock-parent-5.6.0.pom
Downloading from incrementals: https://repo.jenkins-ci.org/incrementals/org/easymock/easymock-parent/5.6.0/easymock-parent-5.6.0.pom
Downloading from central: https://repo.maven.apache.org/maven2/org/easymock/easymock-parent/5.6.0/easymock-parent-5.6.0.pom
Progress (1): 1.4/18 kBProgress (1): 2.8/18 kBProgress (1): 4.1/18 kBProgress (1): 5.5/18 kBProgress (1): 6.9/18 kBProgress (1): 8.3/18 kBProgress (1): 9.7/18 kBProgress (1): 11/18 kB Progress (1): 12/18 kBProgress (1): 14/18 kBProgress (1): 15/18 kBProgress (1): 16/18 kBProgress (1): 18/18 kBProgress (1): 18 kB                      Downloaded from central: https://repo.maven.apache.org/maven2/org/easymock/easymock-parent/5.6.0/easymock-parent-5.6.0.pom (18 kB at 1.0 MB/s)
Downloading from repo.jenkins-ci.org: https://repo.jenkins-ci.org/public/org/easymock/easymock/5.6.0/easymock-5.6.0.jar
Downloading from incrementals: https://repo.jenkins-ci.org/incrementals/org/easymock/easymock/5.6.0/easymock-5.6.0.jar
Downloading from central: https://repo.maven.apache.org/maven2/org/easymock/easymock/5.6.0/easymock-5.6.0.jar
Progress (1): 1.4/148 kBProgress (1): 2.8/148 kBProgress (1): 4.1/148 kBProgress (1): 5.5/148 kBProgress (1): 6.9/148 kBProgress (1): 8.3/148 kBProgress (1): 9.7/148 kBProgress (1): 11/148 kB Progress (1): 12/148 kBProgress (1): 14/148 kBProgress (1): 15/148 kBProgress (1): 16/148 kBProgress (1): 33/148 kBProgress (1): 49/148 kBProgress (1): 66/148 kBProgress (1): 82/148 kBProgress (1): 98/148 kBProgress (1): 115/148 kBProgress (1): 131/148 kBProgress (1): 147/148 kBProgress (1): 148 kB                        Downloaded from central: https://repo.maven.apache.org/maven2/org/easymock/easymock/5.6.0/easymock-5.6.0.jar (148 kB at 3.7 MB/s)
[INFO] 
[INFO] --- clean:3.4.1:clean (default-clean) @ run-condition ---
[INFO] 
[INFO] --- hpi:3.65:validate (default-validate) @ run-condition ---
[INFO] Created marker file /tmp/plugin-builds/run-condition/target/java-level/17
[INFO] 
[INFO] --- hpi:3.65:validate-hpi (default-validate-hpi) @ run-condition ---
[INFO] 
[INFO] --- enforcer:3.5.0:enforce (display-info) @ run-condition ---
[INFO] Rule 0: io.jenkins.tools.incrementals.enforcer.RequireExtensionVersion passed
[INFO] Rule 1: org.apache.maven.enforcer.rules.version.RequireMavenVersion passed
[INFO] Rule 2: org.apache.maven.enforcer.rules.version.RequireJavaVersion passed
[INFO] Rule 3: org.codehaus.mojo.extraenforcer.dependencies.EnforceBytecodeVersion passed
[INFO] Rule 4: org.apache.maven.enforcer.rules.dependency.BannedDependencies passed
[INFO] Rule 5: org.apache.maven.enforcer.rules.dependency.BannedDependencies passed
[INFO] Ignoring requireUpperBoundDeps in org.ow2.asm:asm
[INFO] Rule 6: org.apache.maven.enforcer.rules.dependency.RequireUpperBoundDeps passed
[INFO] 
[INFO] --- enforcer:3.5.0:enforce (no-snapshots-in-release) @ run-condition ---
[INFO] Rule 0: org.apache.maven.enforcer.rules.dependency.RequireReleaseDeps passed
[INFO] 
[INFO] --- localizer:1.31:generate (default) @ run-condition ---
[INFO] 
[INFO] --- resources:3.3.1:resources (default-resources) @ run-condition ---
[INFO] Copying 84 resources from src/main/resources to target/classes
[INFO] 
[INFO] --- flatten:1.7.0:flatten (flatten) @ run-condition ---
[INFO] Generating flattened POM of project org.jenkins-ci.plugins:run-condition:hpi:999999-SNAPSHOT...
[INFO] 
[INFO] --- compiler:3.14.0:compile (default-compile) @ run-condition ---
[INFO] Recompiling the module because of changed source code.
[INFO] Compiling 30 source files with javac [debug parameters release 17] to target/classes
[INFO] org.jenkins_ci.plugins.run_condition.BuildStepRunner.Fail.FailDescriptor indexed under hudson.Extension
[INFO] org.jenkins_ci.plugins.run_condition.BuildStepRunner.Unstable.UnstableDescriptor indexed under hudson.Extension
[INFO] org.jenkins_ci.plugins.run_condition.BuildStepRunner.RunUnstable.RunUnstableDescriptor indexed under hudson.Extension
[INFO] org.jenkins_ci.plugins.run_condition.BuildStepRunner.Run.RunDescriptor indexed under hudson.Extension
[INFO] org.jenkins_ci.plugins.run_condition.BuildStepRunner.DontRun.DontRunDescriptor indexed under hudson.Extension
[INFO] org.jenkins_ci.plugins.run_condition.common.BaseDirectory.Workspace.WorkspaceDescriptor indexed under hudson.Extension
[INFO] org.jenkins_ci.plugins.run_condition.common.BaseDirectory.ArtifactsDir.ArtifactsDirDescriptor indexed under hudson.Extension
[INFO] org.jenkins_ci.plugins.run_condition.common.BaseDirectory.JenkinsHome.JenkinsHomeDescriptor indexed under hudson.Extension
[INFO] org.jenkins_ci.plugins.run_condition.contributed.BatchFileCondition.BatchFileConditionDescriptor indexed under hudson.Extension
[INFO] org.jenkins_ci.plugins.run_condition.contributed.ShellCondition.ShellConditionDescriptor indexed under hudson.Extension
[INFO] org.jenkins_ci.plugins.run_condition.core.AlwaysRun.AlwaysRunDescriptor indexed under hudson.Extension
[INFO] org.jenkins_ci.plugins.run_condition.core.BooleanCondition.BooleanConditionDescriptor indexed under hudson.Extension
[INFO] org.jenkins_ci.plugins.run_condition.core.CauseCondition.CauseConditionDescriptor indexed under hudson.Extension
[INFO] org.jenkins_ci.plugins.run_condition.core.DayCondition.DayConditionDescriptor indexed under hudson.Extension
[INFO] org.jenkins_ci.plugins.run_condition.core.DayCondition.Weekday.WeekdayDescriptor indexed under hudson.Extension
[INFO] org.jenkins_ci.plugins.run_condition.core.DayCondition.Weekend.WeekendDescriptor indexed under hudson.Extension
[INFO] org.jenkins_ci.plugins.run_condition.core.DayCondition.SelectDays.SelectDaysDescriptor indexed under hudson.Extension
[INFO] org.jenkins_ci.plugins.run_condition.core.DayCondition.Day.DayDescriptor indexed under hudson.Extension
[INFO] org.jenkins_ci.plugins.run_condition.core.ExpressionCondition.ExpressionConditionDescriptor indexed under hudson.Extension
[INFO] org.jenkins_ci.plugins.run_condition.core.FileExistsCondition.FileExistsConditionDescriptor indexed under hudson.Extension
[INFO] org.jenkins_ci.plugins.run_condition.core.FilesMatchCondition.FilesMatchConditionDescriptor indexed under hudson.Extension
[INFO] org.jenkins_ci.plugins.run_condition.core.NeverRun.NeverRunDescriptor indexed under hudson.Extension
[INFO] org.jenkins_ci.plugins.run_condition.core.NodeCondition.NodeConditionDescriptor indexed under hudson.Extension
[INFO] org.jenkins_ci.plugins.run_condition.core.NumericalComparisonCondition.NumericalComparisonConditionDescriptor indexed under hudson.Extension
[INFO] org.jenkins_ci.plugins.run_condition.core.NumericalComparisonCondition.LessThan.LessThanDescriptor indexed under hudson.Extension
[INFO] org.jenkins_ci.plugins.run_condition.core.NumericalComparisonCondition.GreaterThan.GreaterThanDescriptor indexed under hudson.Extension
[INFO] org.jenkins_ci.plugins.run_condition.core.NumericalComparisonCondition.EqualTo.EqualToDescriptor indexed under hudson.Extension
[INFO] org.jenkins_ci.plugins.run_condition.core.NumericalComparisonCondition.NotEqualTo.NotEqualToDescriptor indexed under hudson.Extension
[INFO] org.jenkins_ci.plugins.run_condition.core.NumericalComparisonCondition.LessThanOrEqualTo.LessThanOrEqualToDescriptor indexed under hudson.Extension
[INFO] org.jenkins_ci.plugins.run_condition.core.NumericalComparisonCondition.GreaterThanOrEqualTo.GreaterThanOrEqualToDescriptor indexed under hudson.Extension
[INFO] org.jenkins_ci.plugins.run_condition.core.StatusCondition.StatusConditionDescriptor indexed under hudson.Extension
[INFO] org.jenkins_ci.plugins.run_condition.core.StringsMatchCondition.StringsMatchDescriptor indexed under hudson.Extension
[INFO] org.jenkins_ci.plugins.run_condition.core.TimeCondition.TimeConditionDescriptor indexed under hudson.Extension
[INFO] org.jenkins_ci.plugins.run_condition.core.VariableExistsCondition.StringsMatchDescriptor indexed under hudson.Extension
[INFO] org.jenkins_ci.plugins.run_condition.logic.And.AndDescriptor indexed under hudson.Extension
[INFO] org.jenkins_ci.plugins.run_condition.logic.ConditionContainer.ConditionContainerDescriptor indexed under hudson.Extension
[INFO] org.jenkins_ci.plugins.run_condition.logic.Not.NotDescriptor indexed under hudson.Extension
[INFO] org.jenkins_ci.plugins.run_condition.logic.Or.OrDescriptor indexed under hudson.Extension
[INFO] /tmp/plugin-builds/run-condition/src/main/java/org/jenkins_ci/plugins/run_condition/BuildStepRunner.java:[142,38] Generating org/jenkins_ci/plugins/run_condition/BuildStepRunner/Fail.stapler
[INFO] /tmp/plugin-builds/run-condition/src/main/java/org/jenkins_ci/plugins/run_condition/BuildStepRunner.java:[171,38] Generating org/jenkins_ci/plugins/run_condition/BuildStepRunner/Unstable.stapler
[INFO] /tmp/plugin-builds/run-condition/src/main/java/org/jenkins_ci/plugins/run_condition/BuildStepRunner.java:[199,38] Generating org/jenkins_ci/plugins/run_condition/BuildStepRunner/RunUnstable.stapler
[INFO] /tmp/plugin-builds/run-condition/src/main/java/org/jenkins_ci/plugins/run_condition/BuildStepRunner.java:[227,38] Generating org/jenkins_ci/plugins/run_condition/BuildStepRunner/Run.stapler
[INFO] /tmp/plugin-builds/run-condition/src/main/java/org/jenkins_ci/plugins/run_condition/BuildStepRunner.java:[254,38] Generating org/jenkins_ci/plugins/run_condition/BuildStepRunner/DontRun.stapler
[INFO] /tmp/plugin-builds/run-condition/src/main/java/org/jenkins_ci/plugins/run_condition/common/BaseDirectory.java:[46,38] Generating org/jenkins_ci/plugins/run_condition/common/BaseDirectory/Workspace.stapler
[INFO] /tmp/plugin-builds/run-condition/src/main/java/org/jenkins_ci/plugins/run_condition/common/BaseDirectory.java:[64,38] Generating org/jenkins_ci/plugins/run_condition/common/BaseDirectory/ArtifactsDir.stapler
[INFO] /tmp/plugin-builds/run-condition/src/main/java/org/jenkins_ci/plugins/run_condition/common/BaseDirectory.java:[82,38] Generating org/jenkins_ci/plugins/run_condition/common/BaseDirectory/JenkinsHome.stapler
[INFO] /tmp/plugin-builds/run-condition/src/main/java/org/jenkins_ci/plugins/run_condition/contributed/BatchFileCondition.java:[38,12] Generating org/jenkins_ci/plugins/run_condition/contributed/BatchFileCondition.stapler
[INFO] /tmp/plugin-builds/run-condition/src/main/java/org/jenkins_ci/plugins/run_condition/contributed/ShellCondition.java:[45,12] Generating org/jenkins_ci/plugins/run_condition/contributed/ShellCondition.stapler
[INFO] /tmp/plugin-builds/run-condition/src/main/java/org/jenkins_ci/plugins/run_condition/core/AlwaysRun.java:[37,12] Generating org/jenkins_ci/plugins/run_condition/core/AlwaysRun.stapler
[INFO] /tmp/plugin-builds/run-condition/src/main/java/org/jenkins_ci/plugins/run_condition/core/BooleanCondition.java:[46,12] Generating org/jenkins_ci/plugins/run_condition/core/BooleanCondition.stapler
[INFO] /tmp/plugin-builds/run-condition/src/main/java/org/jenkins_ci/plugins/run_condition/core/CauseCondition.java:[169,12] Generating org/jenkins_ci/plugins/run_condition/core/CauseCondition.stapler
[INFO] /tmp/plugin-builds/run-condition/src/main/java/org/jenkins_ci/plugins/run_condition/core/DayCondition.java:[110,38] Generating org/jenkins_ci/plugins/run_condition/core/DayCondition/Weekday.stapler
[INFO] /tmp/plugin-builds/run-condition/src/main/java/org/jenkins_ci/plugins/run_condition/core/DayCondition.java:[125,38] Generating org/jenkins_ci/plugins/run_condition/core/DayCondition/Weekend.stapler
[INFO] /tmp/plugin-builds/run-condition/src/main/java/org/jenkins_ci/plugins/run_condition/core/DayCondition.java:[145,16] Generating org/jenkins_ci/plugins/run_condition/core/DayCondition/SelectDays.stapler
[INFO] /tmp/plugin-builds/run-condition/src/main/java/org/jenkins_ci/plugins/run_condition/core/DayCondition.java:[202,16] Generating org/jenkins_ci/plugins/run_condition/core/DayCondition/Day.stapler
[INFO] /tmp/plugin-builds/run-condition/src/main/java/org/jenkins_ci/plugins/run_condition/core/DayCondition.java:[49,12] Generating org/jenkins_ci/plugins/run_condition/core/DayCondition.stapler
[INFO] /tmp/plugin-builds/run-condition/src/main/java/org/jenkins_ci/plugins/run_condition/core/ExpressionCondition.java:[41,12] Generating org/jenkins_ci/plugins/run_condition/core/ExpressionCondition.stapler
[INFO] /tmp/plugin-builds/run-condition/src/main/java/org/jenkins_ci/plugins/run_condition/core/FileExistsCondition.java:[48,12] Generating org/jenkins_ci/plugins/run_condition/core/FileExistsCondition.stapler
[INFO] /tmp/plugin-builds/run-condition/src/main/java/org/jenkins_ci/plugins/run_condition/core/FilesMatchCondition.java:[48,12] Generating org/jenkins_ci/plugins/run_condition/core/FilesMatchCondition.stapler
[INFO] /tmp/plugin-builds/run-condition/src/main/java/org/jenkins_ci/plugins/run_condition/core/NeverRun.java:[37,12] Generating org/jenkins_ci/plugins/run_condition/core/NeverRun.stapler
[INFO] /tmp/plugin-builds/run-condition/src/main/java/org/jenkins_ci/plugins/run_condition/core/NodeCondition.java:[52,12] Generating org/jenkins_ci/plugins/run_condition/core/NodeCondition.stapler
[INFO] /tmp/plugin-builds/run-condition/src/main/java/org/jenkins_ci/plugins/run_condition/core/NumericalComparisonCondition.java:[109,38] Generating org/jenkins_ci/plugins/run_condition/core/NumericalComparisonCondition/LessThan.stapler
[INFO] /tmp/plugin-builds/run-condition/src/main/java/org/jenkins_ci/plugins/run_condition/core/NumericalComparisonCondition.java:[123,38] Generating org/jenkins_ci/plugins/run_condition/core/NumericalComparisonCondition/GreaterThan.stapler
[INFO] /tmp/plugin-builds/run-condition/src/main/java/org/jenkins_ci/plugins/run_condition/core/NumericalComparisonCondition.java:[137,38] Generating org/jenkins_ci/plugins/run_condition/core/NumericalComparisonCondition/EqualTo.stapler
[INFO] /tmp/plugin-builds/run-condition/src/main/java/org/jenkins_ci/plugins/run_condition/core/NumericalComparisonCondition.java:[151,38] Generating org/jenkins_ci/plugins/run_condition/core/NumericalComparisonCondition/NotEqualTo.stapler
[INFO] /tmp/plugin-builds/run-condition/src/main/java/org/jenkins_ci/plugins/run_condition/core/NumericalComparisonCondition.java:[165,38] Generating org/jenkins_ci/plugins/run_condition/core/NumericalComparisonCondition/LessThanOrEqualTo.stapler
[INFO] /tmp/plugin-builds/run-condition/src/main/java/org/jenkins_ci/plugins/run_condition/core/NumericalComparisonCondition.java:[179,38] Generating org/jenkins_ci/plugins/run_condition/core/NumericalComparisonCondition/GreaterThanOrEqualTo.stapler
[INFO] /tmp/plugin-builds/run-condition/src/main/java/org/jenkins_ci/plugins/run_condition/core/NumericalComparisonCondition.java:[49,12] Generating org/jenkins_ci/plugins/run_condition/core/NumericalComparisonCondition.stapler
[INFO] /tmp/plugin-builds/run-condition/src/main/java/org/jenkins_ci/plugins/run_condition/core/StatusCondition.java:[55,12] Generating org/jenkins_ci/plugins/run_condition/core/StatusCondition.stapler
[INFO] /tmp/plugin-builds/run-condition/src/main/java/org/jenkins_ci/plugins/run_condition/core/StringsMatchCondition.java:[42,12] Generating org/jenkins_ci/plugins/run_condition/core/StringsMatchCondition.stapler
[INFO] /tmp/plugin-builds/run-condition/src/main/java/org/jenkins_ci/plugins/run_condition/core/TimeCondition.java:[52,12] Generating org/jenkins_ci/plugins/run_condition/core/TimeCondition.stapler
[INFO] /tmp/plugin-builds/run-condition/src/main/java/org/jenkins_ci/plugins/run_condition/core/VariableExistsCondition.java:[40,12] Generating org/jenkins_ci/plugins/run_condition/core/VariableExistsCondition.stapler
[INFO] /tmp/plugin-builds/run-condition/src/main/java/org/jenkins_ci/plugins/run_condition/logic/And.java:[41,12] Generating org/jenkins_ci/plugins/run_condition/logic/And.stapler
[INFO] /tmp/plugin-builds/run-condition/src/main/java/org/jenkins_ci/plugins/run_condition/logic/ConditionContainer.java:[43,12] Generating org/jenkins_ci/plugins/run_condition/logic/ConditionContainer.stapler
[INFO] /tmp/plugin-builds/run-condition/src/main/java/org/jenkins_ci/plugins/run_condition/logic/Not.java:[42,12] Generating org/jenkins_ci/plugins/run_condition/logic/Not.stapler
[INFO] /tmp/plugin-builds/run-condition/src/main/java/org/jenkins_ci/plugins/run_condition/logic/Or.java:[41,12] Generating org/jenkins_ci/plugins/run_condition/logic/Or.stapler
[INFO] /tmp/plugin-builds/run-condition/src/main/java/org/jenkins_ci/plugins/run_condition/core/StatusCondition.java:[90,31] Generating org/jenkins_ci/plugins/run_condition/core/StatusCondition/StatusConditionDescriptor/doCheckBestResult.stapler
[INFO] /tmp/plugin-builds/run-condition/src/main/java/org/jenkins_ci/plugins/run_condition/core/NumericalComparisonCondition.java:[93,31] Generating org/jenkins_ci/plugins/run_condition/core/NumericalComparisonCondition/NumericalComparisonConditionDescriptor/doCheckRhs.stapler
[INFO] /tmp/plugin-builds/run-condition/src/main/java/org/jenkins_ci/plugins/run_condition/core/NumericalComparisonCondition.java:[89,31] Generating org/jenkins_ci/plugins/run_condition/core/NumericalComparisonCondition/NumericalComparisonConditionDescriptor/doCheckLhs.stapler
[INFO] /tmp/plugin-builds/run-condition/src/main/java/org/jenkins_ci/plugins/run_condition/core/TimeCondition.java:[147,31] Generating org/jenkins_ci/plugins/run_condition/core/TimeCondition/TimeConditionDescriptor/doCheckLatest.stapler
[INFO] /tmp/plugin-builds/run-condition/src/main/java/org/jenkins_ci/plugins/run_condition/core/FileExistsCondition.java:[80,31] Generating org/jenkins_ci/plugins/run_condition/core/FileExistsCondition/FileExistsConditionDescriptor/doCheckFile.stapler
[INFO] /tmp/plugin-builds/run-condition/src/main/java/org/jenkins_ci/plugins/run_condition/core/StatusCondition.java:[96,31] Generating org/jenkins_ci/plugins/run_condition/core/StatusCondition/StatusConditionDescriptor/doCheckWorstResult.stapler
[INFO] /tmp/plugin-builds/run-condition/src/main/java/org/jenkins_ci/plugins/run_condition/core/BooleanCondition.java:[72,31] Generating org/jenkins_ci/plugins/run_condition/core/BooleanCondition/BooleanConditionDescriptor/doCheckToken.stapler
[INFO] /tmp/plugin-builds/run-condition/src/main/java/org/jenkins_ci/plugins/run_condition/core/TimeCondition.java:[144,31] Generating org/jenkins_ci/plugins/run_condition/core/TimeCondition/TimeConditionDescriptor/doCheckEarliest.stapler
[INFO] /tmp/plugin-builds/run-condition/src/main/java/org/jenkins_ci/plugins/run_condition/BuildStepRunner.java: Some input files use or override a deprecated API.
[INFO] /tmp/plugin-builds/run-condition/src/main/java/org/jenkins_ci/plugins/run_condition/BuildStepRunner.java: Recompile with -Xlint:deprecation for details.
[INFO] /tmp/plugin-builds/run-condition/src/main/java/org/jenkins_ci/plugins/run_condition/common/BaseDirectory.java: Some input files use unchecked or unsafe operations.
[INFO] /tmp/plugin-builds/run-condition/src/main/java/org/jenkins_ci/plugins/run_condition/common/BaseDirectory.java: Recompile with -Xlint:unchecked for details.
[INFO] 
[INFO] --- access-modifier-checker:1.35:enforce (default-enforce) @ run-condition ---
[INFO] Skipping access modifier checks
[INFO] 
[INFO] --- bridge-method-injector:1.31:process (default) @ run-condition ---
[INFO] 
[INFO] --- hpi:3.65:insert-test (default-insert-test) @ run-condition ---
[INFO] 
[INFO] --- antrun:3.1.0:run (createTempDir) @ run-condition ---
[INFO] Executing tasks
[INFO]     [mkdir] Created dir: /tmp/plugin-builds/run-condition/target/tmp
[INFO] Executed tasks
[INFO] 
[INFO] --- resources:3.3.1:testResources (default-testResources) @ run-condition ---
[INFO] skip non existing resourceDirectory /tmp/plugin-builds/run-condition/src/test/resources
[INFO] 
[INFO] --- compiler:3.14.0:testCompile (default-testCompile) @ run-condition ---
[INFO] Recompiling the module because of changed dependency.
[INFO] Compiling 6 source files with javac [debug parameters release 17] to target/test-classes
[INFO] /tmp/plugin-builds/run-condition/src/test/java/org/jenkins_ci/plugins/run_condition/core/CauseConditionTest.java: /tmp/plugin-builds/run-condition/src/test/java/org/jenkins_ci/plugins/run_condition/core/CauseConditionTest.java uses or overrides a deprecated API.
[INFO] /tmp/plugin-builds/run-condition/src/test/java/org/jenkins_ci/plugins/run_condition/core/CauseConditionTest.java: Recompile with -Xlint:deprecation for details.
[INFO] 
[INFO] --- hpi:3.65:test-hpl (default-test-hpl) @ run-condition ---
[INFO] Generating /tmp/plugin-builds/run-condition/target/test-classes/the.hpl
[INFO] 
[INFO] --- hpi:3.65:resolve-test-dependencies (default-resolve-test-dependencies) @ run-condition ---
[INFO] 
[INFO] --- hpi:3.65:test-runtime (default-test-runtime) @ run-condition ---
[INFO] Tests are skipped.
[INFO] 
[INFO] --- surefire:3.5.3:test (default-test) @ run-condition ---
[INFO] Tests are skipped.
[INFO] 
[INFO] --- license:165.v7e11f4e4a_325:process (default) @ run-condition ---
[INFO] ------------------------------------------------------------------------
[INFO] BUILD FAILURE
[INFO] ------------------------------------------------------------------------
[INFO] Total time:  11.485 s
[INFO] Finished at: 2025-06-21T18:54:22+02:00
[INFO] ------------------------------------------------------------------------
---------------------------------------------------
constituent[0]: file:/home/poddingue/.sdkman/candidates/maven/current/conf/logging/
constituent[1]: file:/home/poddingue/.sdkman/candidates/maven/current/lib/plexus-cipher-2.0.jar
constituent[2]: file:/home/poddingue/.sdkman/candidates/maven/current/lib/maven-shared-utils-3.4.2.jar
constituent[3]: file:/home/poddingue/.sdkman/candidates/maven/current/lib/wagon-provider-api-3.5.3.jar
constituent[4]: file:/home/poddingue/.sdkman/candidates/maven/current/lib/guice-5.1.0.jar
constituent[5]: file:/home/poddingue/.sdkman/candidates/maven/current/lib/httpclient-4.5.14.jar
constituent[6]: file:/home/poddingue/.sdkman/candidates/maven/current/lib/slf4j-api-1.7.36.jar
constituent[7]: file:/home/poddingue/.sdkman/candidates/maven/current/lib/commons-codec-1.17.1.jar
constituent[8]: file:/home/poddingue/.sdkman/candidates/maven/current/lib/maven-resolver-impl-1.9.22.jar
constituent[9]: file:/home/poddingue/.sdkman/candidates/maven/current/lib/maven-resolver-named-locks-1.9.22.jar
constituent[10]: file:/home/poddingue/.sdkman/candidates/maven/current/lib/maven-resolver-util-1.9.22.jar
constituent[11]: file:/home/poddingue/.sdkman/candidates/maven/current/lib/maven-resolver-transport-http-1.9.22.jar
constituent[12]: file:/home/poddingue/.sdkman/candidates/maven/current/lib/plexus-sec-dispatcher-2.0.jar
constituent[13]: file:/home/poddingue/.sdkman/candidates/maven/current/lib/maven-resolver-api-1.9.22.jar
constituent[14]: file:/home/poddingue/.sdkman/candidates/maven/current/lib/guava-33.2.1-jre.jar
constituent[15]: file:/home/poddingue/.sdkman/candidates/maven/current/lib/maven-settings-3.9.9.jar
constituent[16]: file:/home/poddingue/.sdkman/candidates/maven/current/lib/maven-resolver-transport-file-1.9.22.jar
constituent[17]: file:/home/poddingue/.sdkman/candidates/maven/current/lib/wagon-http-shared-3.5.3.jar
constituent[18]: file:/home/poddingue/.sdkman/candidates/maven/current/lib/maven-resolver-transport-wagon-1.9.22.jar
constituent[19]: file:/home/poddingue/.sdkman/candidates/maven/current/lib/plexus-interpolation-1.27.jar
constituent[20]: file:/home/poddingue/.sdkman/candidates/maven/current/lib/maven-model-3.9.9.jar
constituent[21]: file:/home/poddingue/.sdkman/candidates/maven/current/lib/maven-settings-builder-3.9.9.jar
constituent[22]: file:/home/poddingue/.sdkman/candidates/maven/current/lib/jansi-2.4.1.jar
constituent[23]: file:/home/poddingue/.sdkman/candidates/maven/current/lib/commons-cli-1.8.0.jar
constituent[24]: file:/home/poddingue/.sdkman/candidates/maven/current/lib/httpcore-4.4.16.jar
constituent[25]: file:/home/poddingue/.sdkman/candidates/maven/current/lib/maven-builder-support-3.9.9.jar
constituent[26]: file:/home/poddingue/.sdkman/candidates/maven/current/lib/maven-embedder-3.9.9.jar
constituent[27]: file:/home/poddingue/.sdkman/candidates/maven/current/lib/maven-artifact-3.9.9.jar
constituent[28]: file:/home/poddingue/.sdkman/candidates/maven/current/lib/maven-compat-3.9.9.jar
constituent[29]: file:/home/poddingue/.sdkman/candidates/maven/current/lib/wagon-http-3.5.3.jar
constituent[30]: file:/home/poddingue/.sdkman/candidates/maven/current/lib/maven-model-builder-3.9.9.jar
constituent[31]: file:/home/poddingue/.sdkman/candidates/maven/current/lib/aopalliance-1.0.jar
constituent[32]: file:/home/poddingue/.sdkman/candidates/maven/current/lib/maven-slf4j-provider-3.9.9.jar
constituent[33]: file:/home/poddingue/.sdkman/candidates/maven/current/lib/maven-resolver-connector-basic-1.9.22.jar
constituent[34]: file:/home/poddingue/.sdkman/candidates/maven/current/lib/maven-plugin-api-3.9.9.jar
constituent[35]: file:/home/poddingue/.sdkman/candidates/maven/current/lib/javax.annotation-api-1.3.2.jar
constituent[36]: file:/home/poddingue/.sdkman/candidates/maven/current/lib/org.eclipse.sisu.inject-0.9.0.M3.jar
constituent[37]: file:/home/poddingue/.sdkman/candidates/maven/current/lib/jcl-over-slf4j-1.7.36.jar
constituent[38]: file:/home/poddingue/.sdkman/candidates/maven/current/lib/plexus-xml-3.0.1.jar
constituent[39]: file:/home/poddingue/.sdkman/candidates/maven/current/lib/plexus-utils-3.5.1.jar
constituent[40]: file:/home/poddingue/.sdkman/candidates/maven/current/lib/maven-resolver-provider-3.9.9.jar
constituent[41]: file:/home/poddingue/.sdkman/candidates/maven/current/lib/org.eclipse.sisu.plexus-0.9.0.M3.jar
constituent[42]: file:/home/poddingue/.sdkman/candidates/maven/current/lib/maven-resolver-spi-1.9.22.jar
constituent[43]: file:/home/poddingue/.sdkman/candidates/maven/current/lib/javax.inject-1.jar
constituent[44]: file:/home/poddingue/.sdkman/candidates/maven/current/lib/maven-core-3.9.9.jar
constituent[45]: file:/home/poddingue/.sdkman/candidates/maven/current/lib/wagon-file-3.5.3.jar
constituent[46]: file:/home/poddingue/.sdkman/candidates/maven/current/lib/plexus-component-annotations-2.1.0.jar
constituent[47]: file:/home/poddingue/.sdkman/candidates/maven/current/lib/failureaccess-1.0.2.jar
constituent[48]: file:/home/poddingue/.sdkman/candidates/maven/current/lib/maven-repository-metadata-3.9.9.jar
---------------------------------------------------
Exception in thread "main" BUG! exception in phase 'semantic analysis' in source unit 'inlineScript' Unsupported class file major version 69
	at org.codehaus.groovy.control.CompilationUnit$ISourceUnitOperation.doPhaseOperation(CompilationUnit.java:901)
	at org.codehaus.groovy.control.CompilationUnit.processPhaseOperations(CompilationUnit.java:692)
	at org.codehaus.groovy.control.CompilationUnit.compile(CompilationUnit.java:666)
	at groovy.lang.GroovyClassLoader.doParseClass(GroovyClassLoader.java:365)
	at groovy.lang.GroovyClassLoader.lambda$parseClass$2(GroovyClassLoader.java:314)
	at org.codehaus.groovy.runtime.memoize.StampedCommonCache.compute(StampedCommonCache.java:163)
	at org.codehaus.groovy.runtime.memoize.StampedCommonCache.getAndPut(StampedCommonCache.java:154)
	at groovy.lang.GroovyClassLoader.parseClass(GroovyClassLoader.java:314)
	at groovy.lang.GroovyShell.parseClass(GroovyShell.java:572)
	at groovy.lang.GroovyShell.parse(GroovyShell.java:585)
	at groovy.lang.GroovyShell.parse(GroovyShell.java:639)
	at groovy.lang.GroovyShell.parse(GroovyShell.java:643)
	at com.cloudbees.maven.license.ProcessMojo.execute(ProcessMojo.java:154)
	at org.apache.maven.plugin.DefaultBuildPluginManager.executeMojo(DefaultBuildPluginManager.java:126)
	at org.apache.maven.lifecycle.internal.MojoExecutor.doExecute2(MojoExecutor.java:328)
	at org.apache.maven.lifecycle.internal.MojoExecutor.doExecute(MojoExecutor.java:316)
	at org.apache.maven.lifecycle.internal.MojoExecutor.execute(MojoExecutor.java:212)
	at org.apache.maven.lifecycle.internal.MojoExecutor.execute(MojoExecutor.java:174)
	at org.apache.maven.lifecycle.internal.MojoExecutor.access$000(MojoExecutor.java:75)
	at org.apache.maven.lifecycle.internal.MojoExecutor$1.run(MojoExecutor.java:162)
	at org.apache.maven.plugin.DefaultMojosExecutionStrategy.execute(DefaultMojosExecutionStrategy.java:39)
	at org.apache.maven.lifecycle.internal.MojoExecutor.execute(MojoExecutor.java:159)
	at org.apache.maven.lifecycle.internal.LifecycleModuleBuilder.buildProject(LifecycleModuleBuilder.java:105)
	at org.apache.maven.lifecycle.internal.LifecycleModuleBuilder.buildProject(LifecycleModuleBuilder.java:73)
	at org.apache.maven.lifecycle.internal.builder.singlethreaded.SingleThreadedBuilder.build(SingleThreadedBuilder.java:53)
	at org.apache.maven.lifecycle.internal.LifecycleStarter.execute(LifecycleStarter.java:118)
	at org.apache.maven.DefaultMaven.doExecute(DefaultMaven.java:261)
	at org.apache.maven.DefaultMaven.doExecute(DefaultMaven.java:173)
	at org.apache.maven.DefaultMaven.execute(DefaultMaven.java:101)
	at org.apache.maven.cli.MavenCli.execute(MavenCli.java:906)
	at org.apache.maven.cli.MavenCli.doMain(MavenCli.java:283)
	at org.apache.maven.cli.MavenCli.main(MavenCli.java:206)
	at java.base/jdk.internal.reflect.DirectMethodHandleAccessor.invoke(DirectMethodHandleAccessor.java:104)
	at java.base/java.lang.reflect.Method.invoke(Method.java:565)
	at org.codehaus.plexus.classworlds.launcher.Launcher.launchEnhanced(Launcher.java:255)
	at org.codehaus.plexus.classworlds.launcher.Launcher.launch(Launcher.java:201)
	at org.codehaus.plexus.classworlds.launcher.Launcher.mainWithExitCode(Launcher.java:361)
	at org.codehaus.plexus.classworlds.launcher.Launcher.main(Launcher.java:314)
Caused by: java.lang.IllegalArgumentException: Unsupported class file major version 69
	at groovyjarjarasm.asm.ClassReader.<init>(ClassReader.java:200)
	at groovyjarjarasm.asm.ClassReader.<init>(ClassReader.java:180)
	at groovyjarjarasm.asm.ClassReader.<init>(ClassReader.java:166)
	at groovyjarjarasm.asm.ClassReader.<init>(ClassReader.java:288)
	at org.codehaus.groovy.ast.decompiled.AsmDecompiler.parseClass(AsmDecompiler.java:83)
	at org.codehaus.groovy.control.ClassNodeResolver.findDecompiled(ClassNodeResolver.java:255)
	at org.codehaus.groovy.control.ClassNodeResolver.tryAsLoaderClassOrScript(ClassNodeResolver.java:193)
	at org.codehaus.groovy.control.ClassNodeResolver.findClassNode(ClassNodeResolver.java:175)
	at org.codehaus.groovy.control.ClassNodeResolver.resolveName(ClassNodeResolver.java:129)
	at org.codehaus.groovy.control.ResolveVisitor.resolveToOuter(ResolveVisitor.java:782)
	at org.codehaus.groovy.control.ResolveVisitor.resolve(ResolveVisitor.java:423)
	at org.codehaus.groovy.control.ResolveVisitor.resolveFromDefaultImports(ResolveVisitor.java:577)
	at org.codehaus.groovy.control.ResolveVisitor.resolveFromDefaultImports(ResolveVisitor.java:541)
	at org.codehaus.groovy.control.ResolveVisitor.resolve(ResolveVisitor.java:422)
	at org.codehaus.groovy.control.ResolveVisitor.resolve(ResolveVisitor.java:384)
	at org.codehaus.groovy.control.ResolveVisitor.resolveOrFail(ResolveVisitor.java:352)
	at org.codehaus.groovy.control.ResolveVisitor.resolveOrFail(ResolveVisitor.java:341)
	at org.codehaus.groovy.control.ResolveVisitor.resolveOrFail(ResolveVisitor.java:337)
	at org.codehaus.groovy.control.ResolveVisitor.transform(ResolveVisitor.java:817)
	at org.codehaus.groovy.control.ResolveVisitor.transformDeclarationExpression(ResolveVisitor.java:1173)
	at org.codehaus.groovy.control.ResolveVisitor.transform(ResolveVisitor.java:805)
	at org.codehaus.groovy.ast.ClassCodeExpressionTransformer.visitExpressionStatement(ClassCodeExpressionTransformer.java:129)
	at org.codehaus.groovy.ast.stmt.ExpressionStatement.visit(ExpressionStatement.java:41)
	at org.codehaus.groovy.ast.CodeVisitorSupport.visitBlockStatement(CodeVisitorSupport.java:86)
	at org.codehaus.groovy.ast.ClassCodeVisitorSupport.visitBlockStatement(ClassCodeVisitorSupport.java:168)
	at org.codehaus.groovy.control.ResolveVisitor.visitBlockStatement(ResolveVisitor.java:1386)
	at org.codehaus.groovy.ast.stmt.BlockStatement.visit(BlockStatement.java:72)
	at org.codehaus.groovy.control.ResolveVisitor.transformClosureExpression(ResolveVisitor.java:1125)
	at org.codehaus.groovy.control.ResolveVisitor.transform(ResolveVisitor.java:811)
	at org.codehaus.groovy.ast.expr.Expression.transformExpressions(Expression.java:49)
	at org.codehaus.groovy.ast.expr.ArgumentListExpression.transformExpression(ArgumentListExpression.java:67)
	at org.codehaus.groovy.control.ResolveVisitor.transform(ResolveVisitor.java:818)
	at org.codehaus.groovy.control.ResolveVisitor.transformMethodCallExpression(ResolveVisitor.java:1147)
	at org.codehaus.groovy.control.ResolveVisitor.transform(ResolveVisitor.java:809)
	at org.codehaus.groovy.ast.ClassCodeExpressionTransformer.visitExpressionStatement(ClassCodeExpressionTransformer.java:129)
	at org.codehaus.groovy.ast.stmt.ExpressionStatement.visit(ExpressionStatement.java:41)
	at org.codehaus.groovy.ast.CodeVisitorSupport.visitBlockStatement(CodeVisitorSupport.java:86)
	at org.codehaus.groovy.ast.ClassCodeVisitorSupport.visitBlockStatement(ClassCodeVisitorSupport.java:168)
	at org.codehaus.groovy.control.ResolveVisitor.visitBlockStatement(ResolveVisitor.java:1386)
	at org.codehaus.groovy.ast.stmt.BlockStatement.visit(BlockStatement.java:72)
	at org.codehaus.groovy.ast.ClassCodeVisitorSupport.visitClassCodeContainer(ClassCodeVisitorSupport.java:142)
	at org.codehaus.groovy.ast.ClassCodeVisitorSupport.visitConstructorOrMethod(ClassCodeVisitorSupport.java:115)
	at org.codehaus.groovy.ast.ClassCodeExpressionTransformer.visitConstructorOrMethod(ClassCodeExpressionTransformer.java:87)
	at org.codehaus.groovy.control.ResolveVisitor.visitConstructorOrMethod(ResolveVisitor.java:329)
	at org.codehaus.groovy.ast.ClassCodeVisitorSupport.visitMethod(ClassCodeVisitorSupport.java:110)
	at org.codehaus.groovy.ast.ClassNode.visitMethods(ClassNode.java:1132)
	at org.codehaus.groovy.ast.ClassNode.visitContents(ClassNode.java:1125)
	at org.codehaus.groovy.control.ResolveVisitor.visitClass(ResolveVisitor.java:1315)
	at org.codehaus.groovy.control.ResolveVisitor.startResolving(ResolveVisitor.java:258)
	at org.codehaus.groovy.control.CompilationUnit.lambda$addPhaseOperations$4(CompilationUnit.java:218)
	at org.codehaus.groovy.control.CompilationUnit$ISourceUnitOperation.doPhaseOperation(CompilationUnit.java:897)
	... 37 more
