WARNING: A terminally deprecated method in sun.misc.Unsafe has been called
WARNING: sun.misc.Unsafe::staticFieldBase has been called by com.google.inject.internal.aop.HiddenClassDefiner (file:/home/poddingue/.sdkman/candidates/maven/current/lib/guice-5.1.0-classes.jar)
WARNING: Please consider reporting this to the maintainers of class com.google.inject.internal.aop.HiddenClassDefiner
WARNING: sun.misc.Unsafe::staticFieldBase will be removed in a future release
[INFO] Scanning for projects...
[INFO] 
[INFO] Using the MultiThreadedBuilder implementation with a thread count of 4
[INFO] 
[INFO] ---------------< org.jenkins-ci.plugins:script-security >---------------
[INFO] Building Script Security Plugin 999999-SNAPSHOT
[INFO]   from pom.xml
[INFO] --------------------------------[ hpi ]---------------------------------
[INFO] 
[INFO] --- clean:3.4.1:clean (default-clean) @ script-security ---
[INFO] 
[INFO] --- hpi:3.63:validate (default-validate) @ script-security ---
[INFO] Created marker file /tmp/plugin-builds/script-security/target/java-level/17
[INFO] 
[INFO] --- hpi:3.63:validate-hpi (default-validate-hpi) @ script-security ---
[INFO] 
[INFO] --- enforcer:3.5.0:enforce (display-info) @ script-security ---
[INFO] Rule 0: io.jenkins.tools.incrementals.enforcer.RequireExtensionVersion passed
[INFO] Rule 1: org.apache.maven.enforcer.rules.version.RequireMavenVersion passed
[INFO] Rule 2: org.apache.maven.enforcer.rules.version.RequireJavaVersion passed
[INFO] Rule 3: org.codehaus.mojo.extraenforcer.dependencies.EnforceBytecodeVersion passed
[INFO] Rule 4: org.apache.maven.enforcer.rules.dependency.BannedDependencies passed
[INFO] Rule 5: org.apache.maven.enforcer.rules.dependency.BannedDependencies passed
[INFO] Rule 6: org.apache.maven.enforcer.rules.dependency.RequireUpperBoundDeps passed
[INFO] 
[INFO] --- enforcer:3.5.0:enforce (no-snapshots-in-release) @ script-security ---
[INFO] Rule 0: org.apache.maven.enforcer.rules.dependency.RequireReleaseDeps passed
[INFO] 
[INFO] --- localizer:1.31:generate (default) @ script-security ---
[INFO] 
[INFO] --- resources:3.3.1:resources (default-resources) @ script-security ---
[INFO] Copying 22 resources from src/main/resources to target/classes
[INFO] 
[INFO] --- flatten:1.7.0:flatten (flatten) @ script-security ---
[INFO] Generating flattened POM of project org.jenkins-ci.plugins:script-security:hpi:999999-SNAPSHOT...
[INFO] 
[INFO] --- compiler:3.14.0:compile (default-compile) @ script-security ---
[INFO] Recompiling the module because of changed source code.
[INFO] Compiling 35 source files with javac [debug parameters release 17] to target/classes
[INFO] org.jenkinsci.plugins.scriptsecurity.sandbox.groovy.SecureGroovyScript.DescriptorImpl indexed under hudson.Extension
[INFO] org.jenkinsci.plugins.scriptsecurity.sandbox.whitelists.AnnotatedWhitelist indexed under hudson.Extension
[INFO] org.jenkinsci.plugins.scriptsecurity.sandbox.whitelists.StaticWhitelist.stockWhitelists indexed under hudson.Extension
[INFO] org.jenkinsci.plugins.scriptsecurity.scripts.ClasspathEntry.DescriptorImpl indexed under hudson.Extension
[INFO] org.jenkinsci.plugins.scriptsecurity.scripts.ScriptApproval indexed under hudson.Extension
[INFO] org.jenkinsci.plugins.scriptsecurity.scripts.ScriptApproval.ApprovedWhitelist indexed under hudson.Extension
[INFO] org.jenkinsci.plugins.scriptsecurity.scripts.ScriptApproval.FormValidationPageDecorator indexed under hudson.Extension
[INFO] org.jenkinsci.plugins.scriptsecurity.scripts.ScriptApprovalLink indexed under hudson.Extension
[INFO] org.jenkinsci.plugins.scriptsecurity.scripts.ScriptApprovalNote.DescriptorImpl indexed under hudson.Extension
[INFO] org.jenkinsci.plugins.scriptsecurity.scripts.languages.GroovyLanguage indexed under hudson.Extension
[INFO] org.jenkinsci.plugins.scriptsecurity.scripts.languages.GroovyShellLanguage indexed under hudson.Extension
[INFO] org.jenkinsci.plugins.scriptsecurity.scripts.languages.GroovyXmlLanguage indexed under hudson.Extension
[INFO] org.jenkinsci.plugins.scriptsecurity.scripts.languages.JellyLanguage indexed under hudson.Extension
[INFO] org.jenkinsci.plugins.scriptsecurity.scripts.languages.JexlLanguage indexed under hudson.Extension
[INFO] org.jenkinsci.plugins.scriptsecurity.scripts.languages.SystemCommandLanguage indexed under hudson.Extension
[INFO] /tmp/plugin-builds/script-security/src/main/java/org/jenkinsci/plugins/scriptsecurity/sandbox/groovy/SecureGroovyScript.java:[95,34] Generating org/jenkinsci/plugins/scriptsecurity/sandbox/groovy/SecureGroovyScript.stapler
[INFO] /tmp/plugin-builds/script-security/src/main/java/org/jenkinsci/plugins/scriptsecurity/scripts/ClasspathEntry.java:[64,12] Generating org/jenkinsci/plugins/scriptsecurity/scripts/ClasspathEntry.stapler
[INFO] /tmp/plugin-builds/script-security/src/main/java/org/jenkinsci/plugins/scriptsecurity/scripts/ScriptApproval.java:[528,12] Generating org/jenkinsci/plugins/scriptsecurity/scripts/ScriptApproval.stapler
[INFO] /tmp/plugin-builds/script-security/src/main/java/org/jenkinsci/plugins/scriptsecurity/scripts/ScriptApproval.java:[852,30] Generating org/jenkinsci/plugins/scriptsecurity/scripts/ScriptApproval/doApproveScriptHash.stapler
[INFO] /tmp/plugin-builds/script-security/src/main/java/org/jenkinsci/plugins/scriptsecurity/scripts/ClasspathEntry.java:[206,31] Generating org/jenkinsci/plugins/scriptsecurity/scripts/ClasspathEntry/DescriptorImpl/doCheckPath.stapler
[INFO] /tmp/plugin-builds/script-security/src/main/java/org/jenkinsci/plugins/scriptsecurity/sandbox/groovy/SecureGroovyScript.java:[459,31] Generating org/jenkinsci/plugins/scriptsecurity/sandbox/groovy/SecureGroovyScript/DescriptorImpl/doCheckScript.stapler
[INFO] /tmp/plugin-builds/script-security/src/main/java/org/jenkinsci/plugins/scriptsecurity/sandbox/groovy/GroovySandbox.java: /tmp/plugin-builds/script-security/src/main/java/org/jenkinsci/plugins/scriptsecurity/sandbox/groovy/GroovySandbox.java uses or overrides a deprecated API.
[INFO] /tmp/plugin-builds/script-security/src/main/java/org/jenkinsci/plugins/scriptsecurity/sandbox/groovy/GroovySandbox.java: Recompile with -Xlint:deprecation for details.
[INFO] /tmp/plugin-builds/script-security/src/main/java/org/jenkinsci/plugins/scriptsecurity/sandbox/groovy/SandboxInterceptor.java: Some input files use unchecked or unsafe operations.
[INFO] /tmp/plugin-builds/script-security/src/main/java/org/jenkinsci/plugins/scriptsecurity/sandbox/groovy/SandboxInterceptor.java: Recompile with -Xlint:unchecked for details.
[INFO] 
[INFO] --- access-modifier-checker:1.34:enforce (default-enforce) @ script-security ---
[INFO] 
[INFO] --- hpi:3.63:insert-test (default-insert-test) @ script-security ---
[INFO] 
[INFO] --- antrun:3.1.0:run (createTempDir) @ script-security ---
[INFO] Executing tasks
[INFO]     [mkdir] Created dir: /tmp/plugin-builds/script-security/target/tmp
[INFO] Executed tasks
[INFO] 
[INFO] --- resources:3.3.1:testResources (default-testResources) @ script-security ---
[INFO] Not copying test resources
[INFO] 
[INFO] --- compiler:3.14.0:testCompile (default-testCompile) @ script-security ---
[INFO] Not compiling test sources
[INFO] 
[INFO] --- hpi:3.63:test-hpl (default-test-hpl) @ script-security ---
[INFO] Generating /tmp/plugin-builds/script-security/target/test-classes/the.hpl
[INFO] 
[INFO] --- hpi:3.63:resolve-test-dependencies (default-resolve-test-dependencies) @ script-security ---
[INFO] 
[INFO] --- hpi:3.63:test-runtime (default-test-runtime) @ script-security ---
[INFO] Tests are skipped.
[INFO] 
[INFO] --- surefire:3.5.3:test (default-test) @ script-security ---
[INFO] Tests are skipped.
[INFO] 
[INFO] --- license:165.v7e11f4e4a_325:process (default) @ script-security ---
[INFO] ------------------------------------------------------------------------
[INFO] BUILD FAILURE
[INFO] ------------------------------------------------------------------------
[INFO] Total time:  39.705 s (Wall Clock)
[INFO] Finished at: 2025-08-22T17:49:02+02:00
[INFO] ------------------------------------------------------------------------
[ERROR] BUG! exception in phase 'semantic analysis' in source unit 'inlineScript' Unsupported class file major version 69 -> [Help 1]
[ERROR] BUG! exception in phase 'semantic analysis' in source unit 'inlineScript' Unsupported class file major version 69
[ERROR] 
[ERROR] To see the full stack trace of the errors, re-run Maven with the -e switch.
[ERROR] Re-run Maven using the -X switch to enable full debug logging.
[ERROR] 
[ERROR] For more information about the errors and possible solutions, please read the following articles:
[ERROR] [Help 1] http://cwiki.apache.org/confluence/display/MAVEN/GroovyBugError
