WARNING: A terminally deprecated method in sun.misc.Unsafe has been called
WARNING: sun.misc.Unsafe::staticFieldBase has been called by com.google.inject.internal.aop.HiddenClassDefiner (file:/home/poddingue/.sdkman/candidates/maven/current/lib/guice-5.1.0-classes.jar)
WARNING: Please consider reporting this to the maintainers of class com.google.inject.internal.aop.HiddenClassDefiner
WARNING: sun.misc.Unsafe::staticFieldBase will be removed in a future release
[INFO] Scanning for projects...
[INFO] 
[INFO] Using the MultiThreadedBuilder implementation with a thread count of 4
[INFO] 
[INFO] --------------------< org.jenkins-ci.plugins:sonar >--------------------
[INFO] Building SonarQube Scanner for Jenkins 2.18.1-SNAPSHOT
[INFO]   from pom.xml
[INFO] --------------------------------[ hpi ]---------------------------------
[INFO] 
[INFO] --- clean:3.4.0:clean (default-clean) @ sonar ---
[INFO] 
[INFO] --- hpi:3.57:validate (default-validate) @ sonar ---
[INFO] Created marker file /tmp/plugin-builds/sonar/target/java-level/11
[INFO] 
[INFO] --- hpi:3.57:validate-hpi (default-validate-hpi) @ sonar ---
[INFO] 
[INFO] --- enforcer:3.5.0:enforce (display-info) @ sonar ---
[INFO] Rule 0: io.jenkins.tools.incrementals.enforcer.RequireExtensionVersion passed
[INFO] Rule 1: org.apache.maven.enforcer.rules.version.RequireMavenVersion passed
[INFO] Rule 2: org.apache.maven.enforcer.rules.version.RequireJavaVersion passed
[INFO] Rule 3: org.codehaus.mojo.extraenforcer.dependencies.EnforceBytecodeVersion passed
[INFO] Rule 4: org.apache.maven.enforcer.rules.dependency.BannedDependencies passed
[INFO] Rule 5: org.apache.maven.enforcer.rules.dependency.RequireUpperBoundDeps passed
[INFO] 
[INFO] --- enforcer:3.5.0:enforce (no-snapshots-in-release) @ sonar ---
[INFO] Rule 0: org.apache.maven.enforcer.rules.dependency.RequireReleaseDeps passed
[INFO] 
[INFO] --- license:3.0:check (enforce-license-headers) @ sonar ---
[INFO] Checking licenses...
[INFO] 
[INFO] --- localizer:1.31:generate (default) @ sonar ---
[INFO] 
[INFO] --- resources:3.3.1:resources (default-resources) @ sonar ---
[INFO] Copying 41 resources from src/main/resources to target/classes
[INFO] 
[INFO] --- flatten:1.6.0:flatten (flatten) @ sonar ---
[INFO] Generating flattened POM of project org.jenkins-ci.plugins:sonar:hpi:2.18.1-SNAPSHOT...
[INFO] 
[INFO] --- compiler:3.13.0:compile (default-compile) @ sonar ---
[INFO] Recompiling the module because of changed source code.
[INFO] Compiling 57 source files with javac [debug parameters release 11] to target/classes
[INFO] hudson.plugins.sonar.MsBuildSQRunnerBegin.DescriptorImpl indexed under hudson.Extension
[INFO] hudson.plugins.sonar.MsBuildSQRunnerEnd.DescriptorImpl indexed under hudson.Extension
[INFO] hudson.plugins.sonar.MsBuildSQRunnerInstallation.DescriptorImpl indexed under hudson.Extension
[INFO] hudson.plugins.sonar.MsBuildSonarQubeRunnerInstaller.MsBuildScannerInstallerDescriptorImpl indexed under hudson.Extension
[INFO] hudson.plugins.sonar.SonarBuildWrapper.DescriptorImpl indexed under hudson.Extension
[INFO] hudson.plugins.sonar.SonarGlobalConfiguration indexed under hudson.Extension
[INFO] hudson.plugins.sonar.SonarPublisher.DescriptorImpl indexed under hudson.Extension
[INFO] hudson.plugins.sonar.SonarRunnerBuilder.DescriptorImpl indexed under hudson.Extension
[INFO] hudson.plugins.sonar.SonarRunnerInstallation.DescriptorImpl indexed under hudson.Extension
[INFO] hudson.plugins.sonar.SonarRunnerInstaller.SonarRunnerInstallerDescriptorImpl indexed under hudson.Extension
[INFO] hudson.plugins.sonar.action.SonarBuildBadgeActionFactory indexed under hudson.Extension
[INFO] hudson.plugins.sonar.action.SonarProjectActionFactory indexed under hudson.Extension
[INFO] hudson.plugins.sonar.configurationslicing.SonarPublisherAdditionalPropertiesSlicer indexed under hudson.Extension
[INFO] hudson.plugins.sonar.configurationslicing.SonarPublisherBranchSlicer indexed under hudson.Extension
[INFO] hudson.plugins.sonar.configurationslicing.SonarPublisherJdkSlicer indexed under hudson.Extension
[INFO] hudson.plugins.sonar.configurationslicing.SonarPublisherSQServerSlicer indexed under hudson.Extension
[INFO] hudson.plugins.sonar.configurationslicing.SonarRunnerBuilderJdkSlicer indexed under hudson.Extension
[INFO] hudson.plugins.sonar.configurationslicing.SonarRunnerBuilderSQRunnerSlicer indexed under hudson.Extension
[INFO] hudson.plugins.sonar.configurationslicing.SonarRunnerBuilderSQServerSlicer indexed under hudson.Extension
[INFO] org.sonarsource.scanner.jenkins.pipeline.SonarQubeWebHook indexed under hudson.Extension
[INFO] org.sonarsource.scanner.jenkins.pipeline.SonarQubeWebHookCrumbExclusion indexed under hudson.Extension
[INFO] org.sonarsource.scanner.jenkins.pipeline.WaitForQualityGateStep.DescriptorImpl indexed under hudson.Extension
[INFO] /tmp/plugin-builds/sonar/src/main/java/hudson/plugins/sonar/SonarBuildWrapper.java: Some input files use or override a deprecated API.
[INFO] /tmp/plugin-builds/sonar/src/main/java/hudson/plugins/sonar/SonarBuildWrapper.java: Recompile with -Xlint:deprecation for details.
[INFO] /tmp/plugin-builds/sonar/src/main/java/hudson/plugins/sonar/utils/SonarUtils.java: Some input files use unchecked or unsafe operations.
[INFO] /tmp/plugin-builds/sonar/src/main/java/hudson/plugins/sonar/utils/SonarUtils.java: Recompile with -Xlint:unchecked for details.
[INFO] 
[INFO] --- access-modifier-checker:1.33:enforce (default-enforce) @ sonar ---
[INFO] 
[INFO] --- hpi:3.57:insert-test (default-insert-test) @ sonar ---
[INFO] 
[INFO] --- antrun:3.1.0:run (createTempDir) @ sonar ---
[INFO] Executing tasks
[INFO]     [mkdir] Created dir: /tmp/plugin-builds/sonar/target/tmp
[INFO] Executed tasks
[INFO] 
[INFO] --- resources:3.3.1:testResources (default-testResources) @ sonar ---
[INFO] Not copying test resources
[INFO] 
[INFO] --- compiler:3.13.0:testCompile (default-testCompile) @ sonar ---
[INFO] Not compiling test sources
[INFO] 
[INFO] --- hpi:3.57:test-hpl (default-test-hpl) @ sonar ---
[INFO] Generating /tmp/plugin-builds/sonar/target/test-classes/the.hpl
[INFO] 
[INFO] --- hpi:3.57:resolve-test-dependencies (default-resolve-test-dependencies) @ sonar ---
[INFO] 
[INFO] --- hpi:3.57:test-runtime (default-test-runtime) @ sonar ---
[INFO] Tests are skipped.
[INFO] 
[INFO] --- surefire:3.5.0:test (default-test) @ sonar ---
[INFO] Tests are skipped.
[INFO] 
[INFO] --- license:139.v9b_5625f30dcb_:process (default) @ sonar ---
[INFO] ------------------------------------------------------------------------
[INFO] BUILD FAILURE
[INFO] ------------------------------------------------------------------------
[INFO] Total time:  29.178 s (Wall Clock)
[INFO] Finished at: 2025-08-22T18:21:08+02:00
[INFO] ------------------------------------------------------------------------
[ERROR] BUG! exception in phase 'semantic analysis' in source unit 'inlineScript' Unsupported class file major version 69 -> [Help 1]
[ERROR] BUG! exception in phase 'semantic analysis' in source unit 'inlineScript' Unsupported class file major version 69
[ERROR] 
[ERROR] To see the full stack trace of the errors, re-run Maven with the -e switch.
[ERROR] Re-run Maven using the -X switch to enable full debug logging.
[ERROR] 
[ERROR] For more information about the errors and possible solutions, please read the following articles:
[ERROR] [Help 1] http://cwiki.apache.org/confluence/display/MAVEN/GroovyBugError
