WARNING: A restricted method in java.lang.System has been called
WARNING: java.lang.System::load has been called by org.fusesource.jansi.internal.JansiLoader in an unnamed module (file:/home/poddingue/.sdkman/candidates/maven/current/lib/jansi-2.4.1.jar)
WARNING: Use --enable-native-access=ALL-UNNAMED to avoid a warning for callers in this module
WARNING: Restricted methods will be blocked in a future release unless native access is enabled

WARNING: A terminally deprecated method in sun.misc.Unsafe has been called
WARNING: sun.misc.Unsafe::objectFieldOffset has been called by com.google.common.util.concurrent.AbstractFuture$UnsafeAtomicHelper (file:/home/poddingue/.sdkman/candidates/maven/current/lib/guava-33.2.1-jre.jar)
WARNING: Please consider reporting this to the maintainers of class com.google.common.util.concurrent.AbstractFuture$UnsafeAtomicHelper
WARNING: sun.misc.Unsafe::objectFieldOffset will be removed in a future release
[INFO] Scanning for projects...
[INFO] 
[INFO] -----------------< org.jenkins-ci.plugins:sse-gateway >-----------------
[INFO] Building Server Sent Events (SSE) Gateway Plugin 1.29-SNAPSHOT
[INFO]   from pom.xml
[INFO] --------------------------------[ hpi ]---------------------------------
[INFO] 
[INFO] --- clean:3.4.1:clean (default-clean) @ sse-gateway ---
[INFO] 
[INFO] --- hpi:3.65:validate (default-validate) @ sse-gateway ---
[INFO] Created marker file /tmp/plugin-builds/sse-gateway/target/java-level/17
[INFO] 
[INFO] --- hpi:3.65:validate-hpi (default-validate-hpi) @ sse-gateway ---
[INFO] 
[INFO] --- enforcer:3.5.0:enforce (display-info) @ sse-gateway ---
[INFO] Rule 0: io.jenkins.tools.incrementals.enforcer.RequireExtensionVersion passed
[INFO] Rule 1: org.apache.maven.enforcer.rules.version.RequireMavenVersion passed
[INFO] Rule 2: org.apache.maven.enforcer.rules.version.RequireJavaVersion passed
[INFO] Rule 3: org.codehaus.mojo.extraenforcer.dependencies.EnforceBytecodeVersion passed
[INFO] Rule 4: org.apache.maven.enforcer.rules.dependency.BannedDependencies passed
[INFO] Rule 5: org.apache.maven.enforcer.rules.dependency.BannedDependencies passed
[INFO] Rule 6: org.apache.maven.enforcer.rules.dependency.RequireUpperBoundDeps passed
[INFO] 
[INFO] --- enforcer:3.5.0:enforce (no-snapshots-in-release) @ sse-gateway ---
[INFO] Rule 0: org.apache.maven.enforcer.rules.dependency.RequireReleaseDeps passed
[INFO] 
[INFO] --- frontend:1.15.1:install-node-and-npm (install node and npm) @ sse-gateway ---
[INFO] Installing node version v8.17.0
[INFO] Unpacking /home/poddingue/.m2/repository/com/github/eirslett/node/8.17.0/node-8.17.0-linux-x64.tar.gz into /tmp/plugin-builds/sse-gateway/node/tmp
[INFO] Copying node binary from /tmp/plugin-builds/sse-gateway/node/tmp/node-v8.17.0-linux-x64/bin/node to /tmp/plugin-builds/sse-gateway/node/node
[INFO] Installed node locally.
[INFO] Installing npm version 6.13.4
[INFO] Unpacking /home/poddingue/.m2/repository/com/github/eirslett/npm/6.13.4/npm-6.13.4.tar.gz into /tmp/plugin-builds/sse-gateway/node/node_modules
[INFO] Installed npm locally.
[INFO] 
[INFO] --- frontend:1.15.1:npm (npm install) @ sse-gateway ---
[INFO] Running 'npm install' in /tmp/plugin-builds/sse-gateway
[INFO] npm WARN read-shrinkwrap This version of npm is compatible with lockfileVersion@1, but package-lock.json was generated for lockfileVersion@3. I'll try to do my best with it!
[INFO] npm WARN deprecated request@2.88.2: request has been deprecated, see https://github.com/request/request/issues/3142
[INFO] npm WARN deprecated tough-cookie@1.2.0: ReDoS vulnerability parsing Set-Cookie https://nodesecurity.io/advisories/130
[INFO] npm WARN deprecated gulp-util@3.0.8: gulp-util is deprecated - replace it, following the guidelines at https://medium.com/gulpjs/gulp-util-ca3b1f9f9ac5
[INFO] npm WARN deprecated uuid@3.4.0: Please upgrade  to version 7 or higher.  Older versions may use Math.random() in certain circumstances, which is known to be problematic.  See https://v8.dev/blog/math-random for details.
[INFO] npm WARN deprecated har-validator@5.1.5: this library is no longer supported
[INFO] npm WARN deprecated lodash.template@3.6.2: This package is deprecated. Use https://socket.dev/npm/package/eta instead.
[INFO] npm WARN deprecated glob@4.5.3: Glob versions prior to v9 are no longer supported
[INFO] npm WARN deprecated minimatch@2.0.10: Please update to minimatch 3.0.2 or higher to avoid a RegExp DoS issue
[INFO] npm WARN deprecated natives@1.1.6: This module relies on Node.js's internals and will break at some point. Do not use it, and update to graceful-fs@4.x.
[INFO] npm WARN deprecated babel-preset-es2015@6.24.1: ðŸ™Œ  Thanks for using Babel: we recommend using babel-preset-env now: please read https://babeljs.io/env to update!
[INFO] npm WARN deprecated glob@7.2.3: Glob versions prior to v9 are no longer supported
[INFO] npm WARN deprecated eslint@2.13.1: This version is no longer supported. Please see https://eslint.org/version-support for other options.
[INFO] npm WARN deprecated glob@5.0.15: Glob versions prior to v9 are no longer supported
[INFO] npm WARN deprecated rcloader@0.2.2: Package no longer supported. Contact Support at https://www.npmjs.com/support for more info.
[INFO] npm WARN deprecated source-map-resolve@0.5.3: See https://github.com/lydell/source-map-resolve#deprecated
[INFO] npm WARN deprecated glob@3.1.21: Glob versions prior to v9 are no longer supported
[INFO] npm WARN deprecated minimatch@0.2.14: Please update to minimatch 3.0.2 or higher to avoid a RegExp DoS issue
[INFO] npm WARN deprecated transformers@2.1.0: Deprecated, use jstransformer
[INFO] npm WARN deprecated request@2.40.0: request has been deprecated, see https://github.com/request/request/issues/3142
[INFO] npm WARN deprecated graceful-fs@1.2.3: please upgrade to graceful-fs 4 for compatibility with current and future versions of Node.js
[INFO] npm WARN deprecated resolve-url@0.2.1: https://github.com/lydell/resolve-url#deprecated
[INFO] npm WARN deprecated urix@0.1.0: Please see https://github.com/lydell/urix#deprecated
[INFO] npm WARN deprecated source-map-url@0.4.1: See https://github.com/lydell/source-map-url#deprecated
[INFO] npm WARN deprecated core-js@2.6.12: core-js@<3.23.3 is no longer maintained and not recommended for usage due to the number of issues. Because of the V8 engine whims, feature detection in old core-js versions could cause a slowdown up to 100x even if nothing is polyfilled. Some versions have web compatibility issues. Please, upgrade your dependencies to the actual version of core-js.
[INFO] npm WARN deprecated circular-json@0.3.3: CircularJSON is in maintenance only, flatted is its successor.
[INFO] npm WARN deprecated rimraf@2.6.3: Rimraf versions prior to v4 are no longer supported
[INFO] npm WARN deprecated hawk@1.1.1: This module moved to @hapi/hawk. Please make sure to switch over as this distribution is no longer supported and may contain bugs and critical security issues.
[INFO] npm WARN deprecated node-uuid@1.4.8: Use uuid module instead
[INFO] npm WARN deprecated hoek@0.9.1: This version has been deprecated in accordance with the hapi support policy (hapi.im/support). Please upgrade to the latest version to get the best features, bug fixes, and security patches. If you are unable to upgrade at this time, paid support is available for older versions (hapi.im/commercial).
[INFO] npm WARN deprecated boom@0.4.2: This version has been deprecated in accordance with the hapi support policy (hapi.im/support). Please upgrade to the latest version to get the best features, bug fixes, and security patches. If you are unable to upgrade at this time, paid support is available for older versions (hapi.im/commercial).
[INFO] npm WARN deprecated cryptiles@0.2.2: This version has been deprecated in accordance with the hapi support policy (hapi.im/support). Please upgrade to the latest version to get the best features, bug fixes, and security patches. If you are unable to upgrade at this time, paid support is available for older versions (hapi.im/commercial).
[INFO] npm WARN deprecated sntp@0.2.4: This module moved to @hapi/sntp. Please make sure to switch over as this distribution is no longer supported and may contain bugs and critical security issues.
[INFO] 
[INFO] > core-js@2.6.12 postinstall /tmp/plugin-builds/sse-gateway/node_modules/core-js
[INFO] > node -e "try{require('./postinstall')}catch(e){}"
[INFO] 
[INFO] Thank you for using core-js ( https://github.com/zloirock/core-js ) for polyfilling JavaScript standard library!
[INFO] 
[INFO] The project needs your help! Please consider supporting of core-js on Open Collective or Patreon: 
[INFO] > https://opencollective.com/core-js 
[INFO] > https://www.patreon.com/zloirock 
[INFO] 
[INFO] Also, the author of core-js ( https://github.com/zloirock ) is looking for a good job -)
[INFO] 
[INFO] 
[INFO] > es5-ext@0.10.64 postinstall /tmp/plugin-builds/sse-gateway/node_modules/es5-ext
[INFO] >  node -e "try{require('./_postinstall')}catch(e){}" || exit 0
[INFO] 
[INFO] npm WARN notsup Unsupported engine for tough-cookie@5.1.2: wanted: {"node":">=16"} (current: {"node":"8.17.0","npm":"6.13.4"})
[INFO] npm WARN notsup Not compatible with your version of node/npm: tough-cookie@5.1.2
[INFO] npm WARN notsup Unsupported engine for mkdirp@1.0.4: wanted: {"node":">=10"} (current: {"node":"8.17.0","npm":"6.13.4"})
[INFO] npm WARN notsup Not compatible with your version of node/npm: mkdirp@1.0.4
[INFO] npm WARN notsup Not compatible with your version of node/npm: mkdirp@1.0.4added 868 packages from 565 contributors and audited 870 packages in 16.493s
[INFO] npm WARN notsup Unsupported engine for @xmldom/xmldom@0.8.10: wanted: {"node":">=10.0.0"} (current: {"node":"8.17.0","npm":"6.13.4"})
[INFO] npm WARN notsup Not compatible with your version of node/npm: @xmldom/xmldom@0.8.10
[INFO] npm WARN eslint-config-airbnb@6.0.2 requires a peer of eslint-plugin-react@^4.0.0 but none is installed. You must install peer dependencies yourself.
[INFO] 
[INFO] 
[INFO] 36 packages are looking for funding
[INFO]   run `npm fund` for details
[INFO] 
[INFO] found 93 vulnerabilities (1 low, 29 moderate, 51 high, 12 critical)
[INFO]   run `npm audit fix` to fix them, or `npm audit` for details
[INFO] 
[INFO] --- localizer:1.31:generate (default) @ sse-gateway ---
[INFO] 
[INFO] --- frontend:1.15.1:npm (npm mvnbuild) @ sse-gateway ---
[INFO] Running 'npm run mvnbuild' in /tmp/plugin-builds/sse-gateway
[INFO] 
[INFO] > @jenkins-cd/sse-gateway@0.0.22 mvnbuild /tmp/plugin-builds/sse-gateway
[INFO] > gulp bundle
[INFO] 
[INFO] [15:40:11] Test specs: src/test/js/**/*-spec.{js,jsx} (use --testFileSuffix switch to select different files)
[INFO] [15:40:11] Language level set to ECMA v5. Call builder.lang([number]) to change.
[INFO] [15:40:11] **********************************************************************
[INFO] [15:40:11] This build is using Jenkins JS Builder.
[INFO] [15:40:11]   For command line options and other help, go to
[INFO] [15:40:11]   https://www.npmjs.com/package/@jenkins-cd/js-builder
[INFO] [15:40:11] **********************************************************************
[INFO] [15:40:11] Maven project.
[INFO] [15:40:11] 	- Jenkins plugin (HPI): sse-gateway
[INFO] [15:40:11] Defining default tasks: lint,test,bundle
[INFO] [15:40:11] Using gulpfile /tmp/plugin-builds/sse-gateway/gulpfile.js
[INFO] [15:40:11] Starting 'log-env'...
[INFO] [15:40:11] Source Dirs:
[INFO] [15:40:11]  - src: src/main/js,src/main/less
[INFO] [15:40:11]  - test: src/test/js
[INFO] [15:40:11] Finished 'log-env' after 188 Î¼s
[INFO] [15:40:11] Starting 'bundle'...
[INFO] [15:40:11] Warning: Skipping 'bundle' task. No 'module' bundles are registered. Call require('jenkins-js-build').bundle([module]) in gulpfile.js.
[INFO] [15:40:11] bundling: done
[INFO] [15:40:11] Finished 'bundle' after 101 Î¼s
[INFO] 
[INFO] --- resources:2.7:resources (default-resources) @ sse-gateway ---
[INFO] Using 'UTF-8' encoding to copy filtered resources.
[INFO] Copying 2 resources
[INFO] 
[INFO] --- flatten:1.7.0:flatten (flatten) @ sse-gateway ---
[INFO] Generating flattened POM of project org.jenkins-ci.plugins:sse-gateway:hpi:1.29-SNAPSHOT...
[INFO] 
[INFO] --- compiler:3.14.0:compile (default-compile) @ sse-gateway ---
[INFO] Recompiling the module because of changed source code.
[INFO] Compiling 9 source files with javac [debug parameters release 17] to target/classes
[INFO] org.jenkinsci.plugins.ssegateway.Endpoint indexed under hudson.Extension
[INFO] org.jenkinsci.plugins.ssegateway.sse.EventDispatcher.SSEHttpSessionListener indexed under hudson.Extension
[INFO] /tmp/plugin-builds/sse-gateway/src/main/java/org/jenkinsci/plugins/ssegateway/EventHistoryStore.java: Some input files use or override a deprecated API.
[INFO] /tmp/plugin-builds/sse-gateway/src/main/java/org/jenkinsci/plugins/ssegateway/EventHistoryStore.java: Recompile with -Xlint:deprecation for details.
[INFO] /tmp/plugin-builds/sse-gateway/src/main/java/org/jenkinsci/plugins/ssegateway/sse/EventDispatcherFactory.java: /tmp/plugin-builds/sse-gateway/src/main/java/org/jenkinsci/plugins/ssegateway/sse/EventDispatcherFactory.java uses unchecked or unsafe operations.
[INFO] /tmp/plugin-builds/sse-gateway/src/main/java/org/jenkinsci/plugins/ssegateway/sse/EventDispatcherFactory.java: Recompile with -Xlint:unchecked for details.
[INFO] 
[INFO] --- access-modifier-checker:1.35:enforce (default-enforce) @ sse-gateway ---
[INFO] Skipping access modifier checks
[INFO] 
[INFO] --- bridge-method-injector:1.31:process (default) @ sse-gateway ---
[INFO] 
[INFO] --- hpi:3.65:insert-test (default-insert-test) @ sse-gateway ---
[INFO] 
[INFO] --- antrun:3.1.0:run (createTempDir) @ sse-gateway ---
[INFO] Executing tasks
[INFO]     [mkdir] Created dir: /tmp/plugin-builds/sse-gateway/target/tmp
[INFO] Executed tasks
[INFO] 
[INFO] --- resources:2.7:testResources (default-testResources) @ sse-gateway ---
[INFO] Using 'UTF-8' encoding to copy filtered resources.
[INFO] Copying 5 resources
[INFO] 
[INFO] --- compiler:3.14.0:testCompile (default-testCompile) @ sse-gateway ---
[INFO] Recompiling the module because of changed dependency.
[INFO] Compiling 10 source files with javac [debug parameters release 17] to target/test-classes
[INFO] 
[INFO] --- hpi:3.65:test-hpl (default-test-hpl) @ sse-gateway ---
[INFO] Generating /tmp/plugin-builds/sse-gateway/target/test-classes/the.hpl
[INFO] 
[INFO] --- hpi:3.65:resolve-test-dependencies (default-resolve-test-dependencies) @ sse-gateway ---
[INFO] 
[INFO] --- hpi:3.65:test-runtime (default-test-runtime) @ sse-gateway ---
[INFO] Tests are skipped.
[INFO] 
[INFO] --- surefire:3.5.3:test (default-test) @ sse-gateway ---
[INFO] Tests are skipped.
[INFO] 
[INFO] --- frontend:1.15.1:npm (npm mvntest) @ sse-gateway ---
[INFO] Skipping execution.
[INFO] 
[INFO] --- license:165.v7e11f4e4a_325:process (default) @ sse-gateway ---
[INFO] 
[INFO] --- hpi:3.65:hpi (default-hpi) @ sse-gateway ---
[INFO] Generating /tmp/plugin-builds/sse-gateway/target/sse-gateway/META-INF/MANIFEST.MF
[INFO] Checking for attached .jar artifact ...
[INFO] Generating jar /tmp/plugin-builds/sse-gateway/target/sse-gateway.jar
[INFO] Building jar: /tmp/plugin-builds/sse-gateway/target/sse-gateway.jar
[INFO] Exploding webapp...
[INFO] Copy webapp webResources to /tmp/plugin-builds/sse-gateway/target/sse-gateway
[INFO] Assembling webapp sse-gateway in /tmp/plugin-builds/sse-gateway/target/sse-gateway
[INFO] Generating hpi /tmp/plugin-builds/sse-gateway/target/sse-gateway.hpi
[INFO] Building jar: /tmp/plugin-builds/sse-gateway/target/sse-gateway.hpi
[INFO] 
[INFO] --- jar:3.4.2:test-jar (maybe-test-jar) @ sse-gateway ---
[INFO] Skipping packaging of the test-jar
[INFO] 
[INFO] >>> spotbugs:4.9.3.0:check (spotbugs) > :spotbugs @ sse-gateway >>>
[INFO] 
[INFO] --- spotbugs:4.9.3.0:spotbugs (spotbugs) @ sse-gateway ---
[INFO] Skipping com.github.spotbugs:spotbugs-maven-plugin:4.9.3.0:spotbugs report goal
[INFO] 
[INFO] <<< spotbugs:4.9.3.0:check (spotbugs) < :spotbugs @ sse-gateway <<<
[INFO] 
[INFO] 
[INFO] --- spotbugs:4.9.3.0:check (spotbugs) @ sse-gateway ---
[INFO] Spotbugs plugin skipped
[INFO] 
[INFO] --- spotless:2.44.4:check (default) @ sse-gateway ---
[INFO] Spotless check skipped
[INFO] 
[INFO] --- invoker:3.9.0:install (integration-test) @ sse-gateway ---
Downloading from repo.jenkins-ci.org: https://repo.jenkins-ci.org/public/org/apache/maven/shared/maven-script-interpreter/1.6/maven-script-interpreter-1.6.pom
Downloading from incrementals: https://repo.jenkins-ci.org/incrementals/org/apache/maven/shared/maven-script-interpreter/1.6/maven-script-interpreter-1.6.pom
Downloading from central: https://repo.maven.apache.org/maven2/org/apache/maven/shared/maven-script-interpreter/1.6/maven-script-interpreter-1.6.pom
Progress (1): 1.4/4.5 kBProgress (1): 2.8/4.5 kBProgress (1): 4.1/4.5 kBProgress (1): 4.5 kB                        Downloaded from central: https://repo.maven.apache.org/maven2/org/apache/maven/shared/maven-script-interpreter/1.6/maven-script-interpreter-1.6.pom (4.5 kB at 72 kB/s)
Downloading from repo.jenkins-ci.org: https://repo.jenkins-ci.org/public/org/apache/maven/shared/maven-script-interpreter/1.6/maven-script-interpreter-1.6.jar
Downloading from incrementals: https://repo.jenkins-ci.org/incrementals/org/apache/maven/shared/maven-script-interpreter/1.6/maven-script-interpreter-1.6.jar
Downloading from central: https://repo.maven.apache.org/maven2/org/apache/maven/shared/maven-script-interpreter/1.6/maven-script-interpreter-1.6.jar
Progress (1): 1.4/26 kBProgress (1): 2.8/26 kBProgress (1): 4.1/26 kBProgress (1): 5.5/26 kBProgress (1): 6.9/26 kBProgress (1): 8.3/26 kBProgress (1): 9.7/26 kBProgress (1): 11/26 kB Progress (1): 12/26 kBProgress (1): 14/26 kBProgress (1): 15/26 kBProgress (1): 16/26 kBProgress (1): 18/26 kBProgress (1): 19/26 kBProgress (1): 21/26 kBProgress (1): 22/26 kBProgress (1): 23/26 kBProgress (1): 25/26 kBProgress (1): 26 kB                      Downloaded from central: https://repo.maven.apache.org/maven2/org/apache/maven/shared/maven-script-interpreter/1.6/maven-script-interpreter-1.6.jar (26 kB at 1.2 MB/s)
[INFO] Installing /tmp/plugin-builds/sse-gateway/target/sse-gateway.hpi to /tmp/plugin-builds/sse-gateway/target/local-repo/org/jenkins-ci/plugins/sse-gateway/1.29-SNAPSHOT/sse-gateway-1.29-SNAPSHOT.hpi
[INFO] Installing /tmp/plugin-builds/sse-gateway/target/sse-gateway.jar to /tmp/plugin-builds/sse-gateway/target/local-repo/org/jenkins-ci/plugins/sse-gateway/1.29-SNAPSHOT/sse-gateway-1.29-SNAPSHOT.jar
[INFO] Installing /tmp/plugin-builds/sse-gateway/target/sse-gateway-1.29-SNAPSHOT.pom to /tmp/plugin-builds/sse-gateway/target/local-repo/org/jenkins-ci/plugins/sse-gateway/1.29-SNAPSHOT/sse-gateway-1.29-SNAPSHOT.pom
[INFO] Installing /home/poddingue/.m2/repository/org/jenkins-ci/plugins/plugin/5.17/plugin-5.17.pom to /tmp/plugin-builds/sse-gateway/target/local-repo/org/jenkins-ci/plugins/plugin/5.17/plugin-5.17.pom
[INFO] Installing /home/poddingue/.m2/repository/org/jenkins-ci/plugins/pubsub-light/1.18/pubsub-light-1.18.jar to /tmp/plugin-builds/sse-gateway/target/local-repo/org/jenkins-ci/plugins/pubsub-light/1.18/pubsub-light-1.18.jar
[INFO] Installing /home/poddingue/.m2/repository/org/jenkins-ci/plugins/pubsub-light/1.18/pubsub-light-1.18.pom to /tmp/plugin-builds/sse-gateway/target/local-repo/org/jenkins-ci/plugins/pubsub-light/1.18/pubsub-light-1.18.pom
[INFO] Installing /home/poddingue/.m2/repository/org/jenkins-ci/modules/instance-identity/201.vd2a_b_5a_468a_a_6/instance-identity-201.vd2a_b_5a_468a_a_6.jar to /tmp/plugin-builds/sse-gateway/target/local-repo/org/jenkins-ci/modules/instance-identity/201.vd2a_b_5a_468a_a_6/instance-identity-201.vd2a_b_5a_468a_a_6.jar
[INFO] Installing /home/poddingue/.m2/repository/org/jenkins-ci/modules/instance-identity/201.vd2a_b_5a_468a_a_6/instance-identity-201.vd2a_b_5a_468a_a_6.pom to /tmp/plugin-builds/sse-gateway/target/local-repo/org/jenkins-ci/modules/instance-identity/201.vd2a_b_5a_468a_a_6/instance-identity-201.vd2a_b_5a_468a_a_6.pom
[INFO] Installing /home/poddingue/.m2/repository/org/jenkins-ci/plugins/bouncycastle-api/2.30.1.79-254.vfdb_814e7791e/bouncycastle-api-2.30.1.79-254.vfdb_814e7791e.jar to /tmp/plugin-builds/sse-gateway/target/local-repo/org/jenkins-ci/plugins/bouncycastle-api/2.30.1.79-254.vfdb_814e7791e/bouncycastle-api-2.30.1.79-254.vfdb_814e7791e.jar
[INFO] Installing /home/poddingue/.m2/repository/org/jenkins-ci/plugins/bouncycastle-api/2.30.1.79-254.vfdb_814e7791e/bouncycastle-api-2.30.1.79-254.vfdb_814e7791e.pom to /tmp/plugin-builds/sse-gateway/target/local-repo/org/jenkins-ci/plugins/bouncycastle-api/2.30.1.79-254.vfdb_814e7791e/bouncycastle-api-2.30.1.79-254.vfdb_814e7791e.pom
[INFO] Installing /home/poddingue/.m2/repository/org/bouncycastle/bcpkix-jdk18on/1.79/bcpkix-jdk18on-1.79.jar to /tmp/plugin-builds/sse-gateway/target/local-repo/org/bouncycastle/bcpkix-jdk18on/1.79/bcpkix-jdk18on-1.79.jar
[INFO] Installing /home/poddingue/.m2/repository/org/bouncycastle/bcpkix-jdk18on/1.79/bcpkix-jdk18on-1.79.pom to /tmp/plugin-builds/sse-gateway/target/local-repo/org/bouncycastle/bcpkix-jdk18on/1.79/bcpkix-jdk18on-1.79.pom
[INFO] Installing /home/poddingue/.m2/repository/org/bouncycastle/bcprov-jdk18on/1.79/bcprov-jdk18on-1.79.jar to /tmp/plugin-builds/sse-gateway/target/local-repo/org/bouncycastle/bcprov-jdk18on/1.79/bcprov-jdk18on-1.79.jar
[INFO] Installing /home/poddingue/.m2/repository/org/bouncycastle/bcprov-jdk18on/1.79/bcprov-jdk18on-1.79.pom to /tmp/plugin-builds/sse-gateway/target/local-repo/org/bouncycastle/bcprov-jdk18on/1.79/bcprov-jdk18on-1.79.pom
[INFO] Installing /home/poddingue/.m2/repository/org/bouncycastle/bcutil-jdk18on/1.79/bcutil-jdk18on-1.79.jar to /tmp/plugin-builds/sse-gateway/target/local-repo/org/bouncycastle/bcutil-jdk18on/1.79/bcutil-jdk18on-1.79.jar
[INFO] Installing /home/poddingue/.m2/repository/org/bouncycastle/bcutil-jdk18on/1.79/bcutil-jdk18on-1.79.pom to /tmp/plugin-builds/sse-gateway/target/local-repo/org/bouncycastle/bcutil-jdk18on/1.79/bcutil-jdk18on-1.79.pom
[INFO] 
[INFO] --- invoker:3.9.0:integration-test (integration-test) @ sse-gateway ---
[INFO] Building: test-jar-containing-js/pom.xml
[INFO] run post-build script postbuild.groovy
[INFO]   BUG! exception in phase 'semantic analysis' in source unit 'Script1.groovy' Unsupported class file major version 69
[INFO]           test-jar-containing-js/pom.xml ................... FAILED (4.827 s)
[INFO] 
[INFO] --- invoker:3.9.0:verify (integration-test) @ sse-gateway ---
[INFO] -------------------------------------------------
[INFO] Build Summary:
[INFO]   Passed: 0, Failed: 1, Errors: 0, Skipped: 0
[INFO] -------------------------------------------------
[ERROR] The following builds failed:
[ERROR] *  test-jar-containing-js/pom.xml
[INFO] -------------------------------------------------
[INFO] ------------------------------------------------------------------------
[INFO] BUILD FAILURE
[INFO] ------------------------------------------------------------------------
[INFO] Total time:  34.807 s
[INFO] Finished at: 2025-06-22T15:40:23+02:00
[INFO] ------------------------------------------------------------------------
[ERROR] Failed to execute goal org.apache.maven.plugins:maven-invoker-plugin:3.9.0:verify (integration-test) on project sse-gateway: 1 build failed. See console output above for details. -> [Help 1]
[ERROR] 
[ERROR] To see the full stack trace of the errors, re-run Maven with the -e switch.
[ERROR] Re-run Maven using the -X switch to enable full debug logging.
[ERROR] 
[ERROR] For more information about the errors and possible solutions, please read the following articles:
[ERROR] [Help 1] http://cwiki.apache.org/confluence/display/MAVEN/MojoFailureException
