[INFO] Scanning for projects...
[INFO] Artifact org.jenkins-ci.tools:maven-hpi-plugin:pom:3.65 is present in the local repository, but cached from a remote repository ID that is unavailable in current build context, verifying that is downloadable from [incrementals (https://repo.jenkins-ci.org/incrementals/, default, releases), central (https://repo.maven.apache.org/maven2, default, releases)]
[INFO] Artifact org.jenkins-ci.tools:maven-hpi-plugin:pom:3.65 is present in the local repository, but cached from a remote repository ID that is unavailable in current build context, verifying that is downloadable from [incrementals (https://repo.jenkins-ci.org/incrementals/, default, releases), central (https://repo.maven.apache.org/maven2, default, releases)]
[WARNING] The POM for org.jenkins-ci.tools:maven-hpi-plugin:jar:3.65 is missing, no dependency information available
[INFO] Artifact org.jenkins-ci.tools:maven-hpi-plugin:jar:3.65 is present in the local repository, but cached from a remote repository ID that is unavailable in current build context, verifying that is downloadable from [incrementals (https://repo.jenkins-ci.org/incrementals/, default, releases), central (https://repo.maven.apache.org/maven2, default, releases)]
[INFO] Artifact org.jenkins-ci.tools:maven-hpi-plugin:jar:3.65 is present in the local repository, but cached from a remote repository ID that is unavailable in current build context, verifying that is downloadable from [incrementals (https://repo.jenkins-ci.org/incrementals/, default, releases), central (https://repo.maven.apache.org/maven2, default, releases)]
[WARNING] Failed to build parent project for org.jenkins-ci.plugins:sse-gateway:hpi:1.29-SNAPSHOT
[INFO] 
[INFO] -----------------< org.jenkins-ci.plugins:sse-gateway >-----------------
[INFO] Building Server Sent Events (SSE) Gateway Plugin 1.29-SNAPSHOT
[INFO]   from pom.xml
[INFO] --------------------------------[ hpi ]---------------------------------
[INFO] 
[INFO] --- clean:3.4.1:clean (default-clean) @ sse-gateway ---
[INFO] 
[INFO] --- hpi:3.65:validate (default-validate) @ sse-gateway ---
[INFO] Created marker file /tmp/plugin-builds/sse-gateway/target/java-level/17
[INFO] 
[INFO] --- hpi:3.65:validate-hpi (default-validate-hpi) @ sse-gateway ---
[INFO] 
[INFO] --- enforcer:3.5.0:enforce (display-info) @ sse-gateway ---
[INFO] Rule 0: io.jenkins.tools.incrementals.enforcer.RequireExtensionVersion passed
[INFO] Rule 1: org.apache.maven.enforcer.rules.version.RequireMavenVersion passed
[INFO] Rule 2: org.apache.maven.enforcer.rules.version.RequireJavaVersion passed
[INFO] Rule 3: org.codehaus.mojo.extraenforcer.dependencies.EnforceBytecodeVersion passed
[INFO] Rule 4: org.apache.maven.enforcer.rules.dependency.BannedDependencies passed
[INFO] Rule 5: org.apache.maven.enforcer.rules.dependency.BannedDependencies passed
[INFO] Rule 6: org.apache.maven.enforcer.rules.dependency.RequireUpperBoundDeps passed
[INFO] 
[INFO] --- enforcer:3.5.0:enforce (no-snapshots-in-release) @ sse-gateway ---
[INFO] Rule 0: org.apache.maven.enforcer.rules.dependency.RequireReleaseDeps passed
[INFO] 
[INFO] --- frontend:1.15.1:install-node-and-npm (install node and npm) @ sse-gateway ---
[INFO] Installing node version v8.17.0
[INFO] Downloading https://repo.jenkins-ci.org/nodejs-dist/v8.17.0/node-v8.17.0-linux-x64.tar.gz to /home/runner/.m2/repository/com/github/eirslett/node/8.17.0/node-8.17.0-linux-x64.tar.gz
[INFO] No proxies configured
[INFO] No proxy was configured, downloading directly
[INFO] Unpacking /home/runner/.m2/repository/com/github/eirslett/node/8.17.0/node-8.17.0-linux-x64.tar.gz into /tmp/plugin-builds/sse-gateway/node/tmp
[INFO] Copying node binary from /tmp/plugin-builds/sse-gateway/node/tmp/node-v8.17.0-linux-x64/bin/node to /tmp/plugin-builds/sse-gateway/node/node
[INFO] Installed node locally.
[INFO] Installing npm version 6.13.4
[INFO] Downloading https://repo.jenkins-ci.org/npm-dist/npm-6.13.4.tgz to /home/runner/.m2/repository/com/github/eirslett/npm/6.13.4/npm-6.13.4.tar.gz
[INFO] No proxies configured
[INFO] No proxy was configured, downloading directly
[INFO] Unpacking /home/runner/.m2/repository/com/github/eirslett/npm/6.13.4/npm-6.13.4.tar.gz into /tmp/plugin-builds/sse-gateway/node/node_modules
[INFO] Installed npm locally.
[INFO] 
[INFO] --- frontend:1.15.1:npm (npm install) @ sse-gateway ---
[INFO] Running 'npm install' in /tmp/plugin-builds/sse-gateway
[INFO] npm WARN read-shrinkwrap This version of npm is compatible with lockfileVersion@1, but package-lock.json was generated for lockfileVersion@3. I'll try to do my best with it!
[INFO] npm WARN deprecated gulp-util@3.0.8: gulp-util is deprecated - replace it, following the guidelines at https://medium.com/gulpjs/gulp-util-ca3b1f9f9ac5
[INFO] npm WARN deprecated request@2.88.2: request has been deprecated, see https://github.com/request/request/issues/3142
[INFO] npm WARN deprecated tough-cookie@1.2.0: ReDoS vulnerability parsing Set-Cookie https://nodesecurity.io/advisories/130
[INFO] npm WARN deprecated babel-preset-es2015@6.24.1: ðŸ™Œ  Thanks for using Babel: we recommend using babel-preset-env now: please read https://babeljs.io/env to update!
[INFO] npm WARN deprecated glob@7.2.3: Glob versions prior to v9 are no longer supported
[INFO] npm WARN deprecated eslint@2.13.1: This version is no longer supported. Please see https://eslint.org/version-support for other options.
[INFO] npm WARN deprecated lodash.template@3.6.2: This package is deprecated. Use https://socket.dev/npm/package/eta instead.
[INFO] npm WARN deprecated uuid@3.4.0: Please upgrade  to version 7 or higher.  Older versions may use Math.random() in certain circumstances, which is known to be problematic.  See https://v8.dev/blog/math-random for details.
[INFO] npm WARN deprecated har-validator@5.1.5: this library is no longer supported
[INFO] npm WARN deprecated glob@5.0.15: Glob versions prior to v9 are no longer supported
[INFO] npm WARN deprecated inflight@1.0.6: This module is not supported, and leaks memory. Do not use it. Check out lru-cache if you want a good and tested way to coalesce async requests by a key value, which is much more comprehensive and powerful.
[INFO] npm WARN deprecated rcloader@0.2.2: Package no longer supported. Contact Support at https://www.npmjs.com/support for more info.
[INFO] npm WARN deprecated transformers@2.1.0: Deprecated, use jstransformer
[INFO] npm WARN deprecated request@2.40.0: request has been deprecated, see https://github.com/request/request/issues/3142
[INFO] npm WARN deprecated glob@4.5.3: Glob versions prior to v9 are no longer supported
[INFO] npm WARN deprecated natives@1.1.6: This module relies on Node.js's internals and will break at some point. Do not use it, and update to graceful-fs@4.x.
[INFO] npm WARN deprecated minimatch@2.0.10: Please update to minimatch 3.0.2 or higher to avoid a RegExp DoS issue
[INFO] npm WARN deprecated core-js@2.6.12: core-js@<3.23.3 is no longer maintained and not recommended for usage due to the number of issues. Because of the V8 engine whims, feature detection in old core-js versions could cause a slowdown up to 100x even if nothing is polyfilled. Some versions have web compatibility issues. Please, upgrade your dependencies to the actual version of core-js.
[INFO] npm WARN deprecated hawk@1.1.1: This module moved to @hapi/hawk. Please make sure to switch over as this distribution is no longer supported and may contain bugs and critical security issues.
[INFO] npm WARN deprecated node-uuid@1.4.8: Use uuid module instead
[INFO] npm WARN deprecated rimraf@2.6.3: Rimraf versions prior to v4 are no longer supported
[INFO] npm WARN deprecated circular-json@0.3.3: CircularJSON is in maintenance only, flatted is its successor.
[INFO] npm WARN deprecated source-map-resolve@0.5.3: See https://github.com/lydell/source-map-resolve#deprecated
[INFO] npm WARN deprecated hoek@0.9.1: This version has been deprecated in accordance with the hapi support policy (hapi.im/support). Please upgrade to the latest version to get the best features, bug fixes, and security patches. If you are unable to upgrade at this time, paid support is available for older versions (hapi.im/commercial).
[INFO] npm WARN deprecated boom@0.4.2: This version has been deprecated in accordance with the hapi support policy (hapi.im/support). Please upgrade to the latest version to get the best features, bug fixes, and security patches. If you are unable to upgrade at this time, paid support is available for older versions (hapi.im/commercial).
[INFO] npm WARN deprecated cryptiles@0.2.2: This version has been deprecated in accordance with the hapi support policy (hapi.im/support). Please upgrade to the latest version to get the best features, bug fixes, and security patches. If you are unable to upgrade at this time, paid support is available for older versions (hapi.im/commercial).
[INFO] npm WARN deprecated sntp@0.2.4: This module moved to @hapi/sntp. Please make sure to switch over as this distribution is no longer supported and may contain bugs and critical security issues.
[INFO] npm WARN deprecated glob@3.1.21: Glob versions prior to v9 are no longer supported
[INFO] npm WARN deprecated minimatch@0.2.14: Please update to minimatch 3.0.2 or higher to avoid a RegExp DoS issue
[INFO] npm WARN deprecated source-map-url@0.4.1: See https://github.com/lydell/source-map-url#deprecated
[INFO] npm WARN deprecated resolve-url@0.2.1: https://github.com/lydell/resolve-url#deprecated
[INFO] npm WARN deprecated urix@0.1.0: Please see https://github.com/lydell/urix#deprecated
[INFO] npm WARN deprecated graceful-fs@1.2.3: please upgrade to graceful-fs 4 for compatibility with current and future versions of Node.js
[INFO] 
[INFO] > core-js@2.6.12 postinstall /tmp/plugin-builds/sse-gateway/node_modules/core-js
[INFO] > node -e "try{require('./postinstall')}catch(e){}"
[INFO] 
[INFO] 
[INFO] > es5-ext@0.10.64 postinstall /tmp/plugin-builds/sse-gateway/node_modules/es5-ext
[INFO] >  node -e "try{require('./_postinstall')}catch(e){}" || exit 0
[INFO] 
[INFO] npm WARN notsup Unsupported engine for tough-cookie@6.0.0: wanted: {"node":">=16"} (current: {"node":"8.17.0","npm":"6.13.4"})
[INFO] npm WARN notsup Not compatible with your version of node/npm: tough-cookie@6.0.0
[INFO] npm WARN notsup Unsupported engine for mkdirp@1.0.4: wanted: {"node":">=10"} (current: {"node":"8.17.0","npm":"6.13.4"})
[INFO] npm WARN notsup Not compatible with your version of node/npm: mkdirp@1.0.4
[INFO] npm WARN notsup Unsupported engine for @xmldom/xmldom@0.8.11: wanted: {"node":">=10.0.0"} (current: {"node":"8.17.0","npm":"6.13.4"})
[INFO] npm WARN notsup Not compatible with your version of node/npm: @xmldom/xmldom@0.8.11
[INFO] npm WARN notsup Unsupported engine for sax@1.4.4: wanted: {"node":">=11.0.0"} (current: {"node":"8.17.0","npm":"6.13.4"})
[INFO] npm WARN notsup Not compatible with your version of node/npm: sax@1.4.4
[INFO] npm WARN eslint-config-airbnb@6.0.2 requires a peer of eslint-plugin-react@^4.0.0 but none is installed. You must install peer dependencies yourself.
[INFO] 
[INFO] added 868 packages from 565 contributors and audited 870 packages in 27.02s
[INFO] 
[INFO] 37 packages are looking for funding
[INFO]   run `npm fund` for details
[INFO] 
[INFO] found 93 vulnerabilities (3 low, 23 moderate, 53 high, 14 critical)
[INFO]   run `npm audit fix` to fix them, or `npm audit` for details
[INFO] 
[INFO] --- localizer:1.31:generate (default) @ sse-gateway ---
[INFO] 
[INFO] --- frontend:1.15.1:npm (npm mvnbuild) @ sse-gateway ---
[INFO] Running 'npm run mvnbuild' in /tmp/plugin-builds/sse-gateway
[INFO] 
[INFO] > @jenkins-cd/sse-gateway@0.0.22 mvnbuild /tmp/plugin-builds/sse-gateway
[INFO] > gulp bundle
[INFO] 
[INFO] [02:50:45] Test specs: src/test/js/**/*-spec.{js,jsx} (use --testFileSuffix switch to select different files)
[INFO] [02:50:45] Language level set to ECMA v5. Call builder.lang([number]) to change.
[INFO] [02:50:45] **********************************************************************
[INFO] [02:50:45] This build is using Jenkins JS Builder.
[INFO] [02:50:45]   For command line options and other help, go to
[INFO] [02:50:45]   https://www.npmjs.com/package/@jenkins-cd/js-builder
[INFO] [02:50:45] **********************************************************************
[INFO] [02:50:45] Maven project.
[INFO] [02:50:45] 	- Jenkins plugin (HPI): sse-gateway
[INFO] [02:50:45] Defining default tasks: lint,test,bundle
[INFO] [02:50:45] Using gulpfile /tmp/plugin-builds/sse-gateway/gulpfile.js
[INFO] [02:50:45] Starting 'log-env'...
[INFO] [02:50:45] Source Dirs:
[INFO] [02:50:45]  - src: src/main/js,src/main/less
[INFO] [02:50:45]  - test: src/test/js
[INFO] [02:50:45] Finished 'log-env' after 634 Î¼s
[INFO] [02:50:45] Starting 'bundle'...
[INFO] [02:50:45] Warning: Skipping 'bundle' task. No 'module' bundles are registered. Call require('jenkins-js-build').bundle([module]) in gulpfile.js.
[INFO] [02:50:45] bundling: done
[INFO] [02:50:45] Finished 'bundle' after 303 Î¼s
[INFO] 
[INFO] --- resources:2.7:resources (default-resources) @ sse-gateway ---
[INFO] Using 'UTF-8' encoding to copy filtered resources.
[INFO] Copying 2 resources
[INFO] 
[INFO] --- flatten:1.7.0:flatten (flatten) @ sse-gateway ---
[INFO] Generating flattened POM of project org.jenkins-ci.plugins:sse-gateway:hpi:1.29-SNAPSHOT...
[INFO] 
[INFO] --- compiler:3.14.0:compile (default-compile) @ sse-gateway ---
[INFO] Recompiling the module because of changed source code.
[INFO] Compiling 9 source files with javac [debug parameters release 17] to target/classes
[INFO] org.jenkinsci.plugins.ssegateway.Endpoint indexed under hudson.Extension
[INFO] org.jenkinsci.plugins.ssegateway.sse.EventDispatcher.SSEHttpSessionListener indexed under hudson.Extension
[INFO] /tmp/plugin-builds/sse-gateway/src/main/java/org/jenkinsci/plugins/ssegateway/EventHistoryStore.java: Some input files use or override a deprecated API.
[INFO] /tmp/plugin-builds/sse-gateway/src/main/java/org/jenkinsci/plugins/ssegateway/EventHistoryStore.java: Recompile with -Xlint:deprecation for details.
[INFO] /tmp/plugin-builds/sse-gateway/src/main/java/org/jenkinsci/plugins/ssegateway/sse/EventDispatcherFactory.java: /tmp/plugin-builds/sse-gateway/src/main/java/org/jenkinsci/plugins/ssegateway/sse/EventDispatcherFactory.java uses unchecked or unsafe operations.
[INFO] /tmp/plugin-builds/sse-gateway/src/main/java/org/jenkinsci/plugins/ssegateway/sse/EventDispatcherFactory.java: Recompile with -Xlint:unchecked for details.
[INFO] 
[INFO] --- access-modifier-checker:1.35:enforce (default-enforce) @ sse-gateway ---
[INFO] 
[INFO] --- bridge-method-injector:1.31:process (default) @ sse-gateway ---
[INFO] 
[INFO] --- hpi:3.65:insert-test (default-insert-test) @ sse-gateway ---
[INFO] 
[INFO] --- antrun:3.1.0:run (createTempDir) @ sse-gateway ---
[INFO] Executing tasks
[INFO]     [mkdir] Created dir: /tmp/plugin-builds/sse-gateway/target/tmp
[INFO] Executed tasks
[INFO] 
[INFO] --- resources:2.7:testResources (default-testResources) @ sse-gateway ---
[INFO] Not copying test resources
[INFO] 
[INFO] --- compiler:3.14.0:testCompile (default-testCompile) @ sse-gateway ---
[INFO] Not compiling test sources
[INFO] 
[INFO] --- hpi:3.65:test-hpl (default-test-hpl) @ sse-gateway ---
[INFO] Generating /tmp/plugin-builds/sse-gateway/target/test-classes/the.hpl
[INFO] 
[INFO] --- hpi:3.65:resolve-test-dependencies (default-resolve-test-dependencies) @ sse-gateway ---
[INFO] 
[INFO] --- hpi:3.65:test-runtime (default-test-runtime) @ sse-gateway ---
[INFO] Tests are skipped.
[INFO] 
[INFO] --- surefire:3.5.3:test (default-test) @ sse-gateway ---
[INFO] Tests are skipped.
[INFO] 
[INFO] --- frontend:1.15.1:npm (npm mvntest) @ sse-gateway ---
[INFO] Running 'npm run mvntest' in /tmp/plugin-builds/sse-gateway
[INFO] 
[INFO] > @jenkins-cd/sse-gateway@0.0.22 mvntest /tmp/plugin-builds/sse-gateway
[INFO] > gulp test
[INFO] 
[INFO] [02:51:04] Test specs: src/test/js/**/*-spec.{js,jsx} (use --testFileSuffix switch to select different files)
[INFO] [02:51:04] Language level set to ECMA v5. Call builder.lang([number]) to change.
[INFO] [02:51:04] **********************************************************************
[INFO] [02:51:04] This build is using Jenkins JS Builder.
[INFO] [02:51:04]   For command line options and other help, go to
[INFO] [02:51:04]   https://www.npmjs.com/package/@jenkins-cd/js-builder
[INFO] [02:51:04] **********************************************************************
[INFO] [02:51:04] Maven project.
[INFO] [02:51:04] 	- Jenkins plugin (HPI): sse-gateway
[INFO] [02:51:04] Defining default tasks: lint,test,bundle
[INFO] [02:51:04] Using gulpfile /tmp/plugin-builds/sse-gateway/gulpfile.js
[INFO] [02:51:04] Starting 'log-env'...
[INFO] [02:51:04] Source Dirs:
[INFO] [02:51:04]  - src: src/main/js,src/main/less
[INFO] [02:51:04]  - test: src/test/js
[INFO] [02:51:04] Finished 'log-env' after 359 Î¼s
[INFO] [02:51:04] Starting 'bundle'...
[INFO] [02:51:04] Warning: Skipping 'bundle' task. No 'module' bundles are registered. Call require('jenkins-js-build').bundle([module]) in gulpfile.js.
[INFO] [02:51:04] bundling: done
[INFO] [02:51:04] Finished 'bundle' after 375 Î¼s
[INFO] [02:51:04] Starting 'test'...
[INFO] [02:51:04] Testing web server started on port 18999 (http://localhost:18999). Content root: /tmp/plugin-builds/sse-gateway
[INFO] [02:51:04] Finished 'test' after 50 ms
[INFO] SUCCESS: 0 specs, 0 failures, 0 skipped, 0 disabled in 0.002s.
[INFO] [02:51:04] Testing web server stopped.
[INFO] 
[INFO] --- license:165.v7e11f4e4a_325:process (default) @ sse-gateway ---
[INFO] ------------------------------------------------------------------------
[INFO] BUILD FAILURE
[INFO] ------------------------------------------------------------------------
[INFO] Total time:  01:27 min
[INFO] Finished at: 2026-01-27T02:51:07Z
[INFO] ------------------------------------------------------------------------
---------------------------------------------------
constituent[0]: file:/usr/share/apache-maven-3.9.12/conf/logging/
constituent[1]: file:/usr/share/apache-maven-3.9.12/lib/maven-model-3.9.12.jar
constituent[2]: file:/usr/share/apache-maven-3.9.12/lib/plexus-utils-3.6.0.jar
constituent[3]: file:/usr/share/apache-maven-3.9.12/lib/maven-resolver-api-1.9.25.jar
constituent[4]: file:/usr/share/apache-maven-3.9.12/lib/wagon-http-3.5.3.jar
constituent[5]: file:/usr/share/apache-maven-3.9.12/lib/maven-resolver-provider-3.9.12.jar
constituent[6]: file:/usr/share/apache-maven-3.9.12/lib/commons-codec-1.20.0.jar
constituent[7]: file:/usr/share/apache-maven-3.9.12/lib/maven-settings-builder-3.9.12.jar
constituent[8]: file:/usr/share/apache-maven-3.9.12/lib/wagon-file-3.5.3.jar
constituent[9]: file:/usr/share/apache-maven-3.9.12/lib/maven-resolver-transport-http-1.9.25.jar
constituent[10]: file:/usr/share/apache-maven-3.9.12/lib/aopalliance-1.0.jar
constituent[11]: file:/usr/share/apache-maven-3.9.12/lib/maven-resolver-named-locks-1.9.25.jar
constituent[12]: file:/usr/share/apache-maven-3.9.12/lib/maven-builder-support-3.9.12.jar
constituent[13]: file:/usr/share/apache-maven-3.9.12/lib/org.eclipse.sisu.inject-0.9.0.M4.jar
constituent[14]: file:/usr/share/apache-maven-3.9.12/lib/maven-model-builder-3.9.12.jar
constituent[15]: file:/usr/share/apache-maven-3.9.12/lib/maven-resolver-impl-1.9.25.jar
constituent[16]: file:/usr/share/apache-maven-3.9.12/lib/jcl-over-slf4j-1.7.36.jar
constituent[17]: file:/usr/share/apache-maven-3.9.12/lib/maven-resolver-connector-basic-1.9.25.jar
constituent[18]: file:/usr/share/apache-maven-3.9.12/lib/plexus-cipher-2.0.jar
constituent[19]: file:/usr/share/apache-maven-3.9.12/lib/slf4j-api-1.7.36.jar
constituent[20]: file:/usr/share/apache-maven-3.9.12/lib/maven-shared-utils-3.4.2.jar
constituent[21]: file:/usr/share/apache-maven-3.9.12/lib/maven-settings-3.9.12.jar
constituent[22]: file:/usr/share/apache-maven-3.9.12/lib/commons-cli-1.11.0.jar
constituent[23]: file:/usr/share/apache-maven-3.9.12/lib/jspecify-1.0.0.jar
constituent[24]: file:/usr/share/apache-maven-3.9.12/lib/guice-5.1.0-classes.jar
constituent[25]: file:/usr/share/apache-maven-3.9.12/lib/maven-embedder-3.9.12.jar
constituent[26]: file:/usr/share/apache-maven-3.9.12/lib/maven-resolver-transport-file-1.9.25.jar
constituent[27]: file:/usr/share/apache-maven-3.9.12/lib/failureaccess-1.0.3.jar
constituent[28]: file:/usr/share/apache-maven-3.9.12/lib/maven-slf4j-provider-3.9.12.jar
constituent[29]: file:/usr/share/apache-maven-3.9.12/lib/wagon-provider-api-3.5.3.jar
constituent[30]: file:/usr/share/apache-maven-3.9.12/lib/httpclient-4.5.14.jar
constituent[31]: file:/usr/share/apache-maven-3.9.12/lib/maven-resolver-util-1.9.25.jar
constituent[32]: file:/usr/share/apache-maven-3.9.12/lib/maven-resolver-transport-wagon-1.9.25.jar
constituent[33]: file:/usr/share/apache-maven-3.9.12/lib/maven-compat-3.9.12.jar
constituent[34]: file:/usr/share/apache-maven-3.9.12/lib/maven-artifact-3.9.12.jar
constituent[35]: file:/usr/share/apache-maven-3.9.12/lib/maven-resolver-spi-1.9.25.jar
constituent[36]: file:/usr/share/apache-maven-3.9.12/lib/maven-core-3.9.12.jar
constituent[37]: file:/usr/share/apache-maven-3.9.12/lib/org.eclipse.sisu.plexus-0.9.0.M4.jar
constituent[38]: file:/usr/share/apache-maven-3.9.12/lib/asm-9.9.jar
constituent[39]: file:/usr/share/apache-maven-3.9.12/lib/maven-plugin-api-3.9.12.jar
constituent[40]: file:/usr/share/apache-maven-3.9.12/lib/maven-repository-metadata-3.9.12.jar
constituent[41]: file:/usr/share/apache-maven-3.9.12/lib/javax.annotation-api-1.3.2.jar
constituent[42]: file:/usr/share/apache-maven-3.9.12/lib/jansi-2.4.2.jar
constituent[43]: file:/usr/share/apache-maven-3.9.12/lib/error_prone_annotations-2.41.0.jar
constituent[44]: file:/usr/share/apache-maven-3.9.12/lib/guava-33.5.0-jre.jar
constituent[45]: file:/usr/share/apache-maven-3.9.12/lib/wagon-http-shared-3.5.3.jar
constituent[46]: file:/usr/share/apache-maven-3.9.12/lib/plexus-interpolation-1.29.jar
constituent[47]: file:/usr/share/apache-maven-3.9.12/lib/plexus-component-annotations-2.2.0.jar
constituent[48]: file:/usr/share/apache-maven-3.9.12/lib/plexus-sec-dispatcher-2.0.jar
constituent[49]: file:/usr/share/apache-maven-3.9.12/lib/httpcore-4.4.16.jar
constituent[50]: file:/usr/share/apache-maven-3.9.12/lib/javax.inject-1.jar
constituent[51]: file:/usr/share/apache-maven-3.9.12/lib/gson-2.13.2.jar
---------------------------------------------------
Exception in thread "main" BUG! exception in phase 'semantic analysis' in source unit 'inlineScript' Unsupported class file major version 69
	at org.codehaus.groovy.control.CompilationUnit$ISourceUnitOperation.doPhaseOperation(CompilationUnit.java:901)
	at org.codehaus.groovy.control.CompilationUnit.processPhaseOperations(CompilationUnit.java:692)
	at org.codehaus.groovy.control.CompilationUnit.compile(CompilationUnit.java:666)
	at groovy.lang.GroovyClassLoader.doParseClass(GroovyClassLoader.java:365)
	at groovy.lang.GroovyClassLoader.lambda$parseClass$2(GroovyClassLoader.java:314)
	at org.codehaus.groovy.runtime.memoize.StampedCommonCache.compute(StampedCommonCache.java:163)
	at org.codehaus.groovy.runtime.memoize.StampedCommonCache.getAndPut(StampedCommonCache.java:154)
	at groovy.lang.GroovyClassLoader.parseClass(GroovyClassLoader.java:314)
	at groovy.lang.GroovyShell.parseClass(GroovyShell.java:572)
	at groovy.lang.GroovyShell.parse(GroovyShell.java:585)
	at groovy.lang.GroovyShell.parse(GroovyShell.java:639)
	at groovy.lang.GroovyShell.parse(GroovyShell.java:643)
	at com.cloudbees.maven.license.ProcessMojo.execute(ProcessMojo.java:154)
	at org.apache.maven.plugin.DefaultBuildPluginManager.executeMojo(DefaultBuildPluginManager.java:126)
	at org.apache.maven.lifecycle.internal.MojoExecutor.doExecute2(MojoExecutor.java:328)
	at org.apache.maven.lifecycle.internal.MojoExecutor.doExecute(MojoExecutor.java:316)
	at org.apache.maven.lifecycle.internal.MojoExecutor.execute(MojoExecutor.java:212)
	at org.apache.maven.lifecycle.internal.MojoExecutor.execute(MojoExecutor.java:174)
	at org.apache.maven.lifecycle.internal.MojoExecutor.access$000(MojoExecutor.java:75)
	at org.apache.maven.lifecycle.internal.MojoExecutor$1.run(MojoExecutor.java:162)
	at org.apache.maven.plugin.DefaultMojosExecutionStrategy.execute(DefaultMojosExecutionStrategy.java:39)
	at org.apache.maven.lifecycle.internal.MojoExecutor.execute(MojoExecutor.java:159)
	at org.apache.maven.lifecycle.internal.LifecycleModuleBuilder.buildProject(LifecycleModuleBuilder.java:105)
	at org.apache.maven.lifecycle.internal.LifecycleModuleBuilder.buildProject(LifecycleModuleBuilder.java:73)
	at org.apache.maven.lifecycle.internal.builder.singlethreaded.SingleThreadedBuilder.build(SingleThreadedBuilder.java:53)
	at org.apache.maven.lifecycle.internal.LifecycleStarter.execute(LifecycleStarter.java:118)
	at org.apache.maven.DefaultMaven.doExecute(DefaultMaven.java:261)
	at org.apache.maven.DefaultMaven.doExecute(DefaultMaven.java:173)
	at org.apache.maven.DefaultMaven.execute(DefaultMaven.java:101)
	at org.apache.maven.cli.MavenCli.execute(MavenCli.java:919)
	at org.apache.maven.cli.MavenCli.doMain(MavenCli.java:285)
	at org.apache.maven.cli.MavenCli.main(MavenCli.java:207)
	at java.base/jdk.internal.reflect.DirectMethodHandleAccessor.invoke(DirectMethodHandleAccessor.java:104)
	at java.base/java.lang.reflect.Method.invoke(Method.java:565)
	at org.codehaus.plexus.classworlds.launcher.Launcher.launchEnhanced(Launcher.java:255)
	at org.codehaus.plexus.classworlds.launcher.Launcher.launch(Launcher.java:201)
	at org.codehaus.plexus.classworlds.launcher.Launcher.mainWithExitCode(Launcher.java:361)
	at org.codehaus.plexus.classworlds.launcher.Launcher.main(Launcher.java:314)
Caused by: java.lang.IllegalArgumentException: Unsupported class file major version 69
	at groovyjarjarasm.asm.ClassReader.<init>(ClassReader.java:200)
	at groovyjarjarasm.asm.ClassReader.<init>(ClassReader.java:180)
	at groovyjarjarasm.asm.ClassReader.<init>(ClassReader.java:166)
	at groovyjarjarasm.asm.ClassReader.<init>(ClassReader.java:288)
	at org.codehaus.groovy.ast.decompiled.AsmDecompiler.parseClass(AsmDecompiler.java:83)
	at org.codehaus.groovy.control.ClassNodeResolver.findDecompiled(ClassNodeResolver.java:255)
	at org.codehaus.groovy.control.ClassNodeResolver.tryAsLoaderClassOrScript(ClassNodeResolver.java:193)
	at org.codehaus.groovy.control.ClassNodeResolver.findClassNode(ClassNodeResolver.java:175)
	at org.codehaus.groovy.control.ClassNodeResolver.resolveName(ClassNodeResolver.java:129)
	at org.codehaus.groovy.control.ResolveVisitor.resolveToOuter(ResolveVisitor.java:782)
	at org.codehaus.groovy.control.ResolveVisitor.resolve(ResolveVisitor.java:423)
	at org.codehaus.groovy.control.ResolveVisitor.resolveFromDefaultImports(ResolveVisitor.java:577)
	at org.codehaus.groovy.control.ResolveVisitor.resolveFromDefaultImports(ResolveVisitor.java:541)
	at org.codehaus.groovy.control.ResolveVisitor.resolve(ResolveVisitor.java:422)
	at org.codehaus.groovy.control.ResolveVisitor.resolve(ResolveVisitor.java:384)
	at org.codehaus.groovy.control.ResolveVisitor.resolveOrFail(ResolveVisitor.java:352)
	at org.codehaus.groovy.control.ResolveVisitor.resolveOrFail(ResolveVisitor.java:341)
	at org.codehaus.groovy.control.ResolveVisitor.resolveOrFail(ResolveVisitor.java:337)
	at org.codehaus.groovy.control.ResolveVisitor.transform(ResolveVisitor.java:817)
	at org.codehaus.groovy.control.ResolveVisitor.transformDeclarationExpression(ResolveVisitor.java:1173)
	at org.codehaus.groovy.control.ResolveVisitor.transform(ResolveVisitor.java:805)
	at org.codehaus.groovy.ast.ClassCodeExpressionTransformer.visitExpressionStatement(ClassCodeExpressionTransformer.java:129)
	at org.codehaus.groovy.ast.stmt.ExpressionStatement.visit(ExpressionStatement.java:41)
	at org.codehaus.groovy.ast.CodeVisitorSupport.visitBlockStatement(CodeVisitorSupport.java:86)
	at org.codehaus.groovy.ast.ClassCodeVisitorSupport.visitBlockStatement(ClassCodeVisitorSupport.java:168)
	at org.codehaus.groovy.control.ResolveVisitor.visitBlockStatement(ResolveVisitor.java:1386)
	at org.codehaus.groovy.ast.stmt.BlockStatement.visit(BlockStatement.java:72)
	at org.codehaus.groovy.control.ResolveVisitor.transformClosureExpression(ResolveVisitor.java:1125)
	at org.codehaus.groovy.control.ResolveVisitor.transform(ResolveVisitor.java:811)
	at org.codehaus.groovy.ast.expr.Expression.transformExpressions(Expression.java:49)
	at org.codehaus.groovy.ast.expr.ArgumentListExpression.transformExpression(ArgumentListExpression.java:67)
	at org.codehaus.groovy.control.ResolveVisitor.transform(ResolveVisitor.java:818)
	at org.codehaus.groovy.control.ResolveVisitor.transformMethodCallExpression(ResolveVisitor.java:1147)
	at org.codehaus.groovy.control.ResolveVisitor.transform(ResolveVisitor.java:809)
	at org.codehaus.groovy.ast.ClassCodeExpressionTransformer.visitExpressionStatement(ClassCodeExpressionTransformer.java:129)
	at org.codehaus.groovy.ast.stmt.ExpressionStatement.visit(ExpressionStatement.java:41)
	at org.codehaus.groovy.ast.CodeVisitorSupport.visitBlockStatement(CodeVisitorSupport.java:86)
	at org.codehaus.groovy.ast.ClassCodeVisitorSupport.visitBlockStatement(ClassCodeVisitorSupport.java:168)
	at org.codehaus.groovy.control.ResolveVisitor.visitBlockStatement(ResolveVisitor.java:1386)
	at org.codehaus.groovy.ast.stmt.BlockStatement.visit(BlockStatement.java:72)
	at org.codehaus.groovy.ast.ClassCodeVisitorSupport.visitClassCodeContainer(ClassCodeVisitorSupport.java:142)
	at org.codehaus.groovy.ast.ClassCodeVisitorSupport.visitConstructorOrMethod(ClassCodeVisitorSupport.java:115)
	at org.codehaus.groovy.ast.ClassCodeExpressionTransformer.visitConstructorOrMethod(ClassCodeExpressionTransformer.java:87)
	at org.codehaus.groovy.control.ResolveVisitor.visitConstructorOrMethod(ResolveVisitor.java:329)
	at org.codehaus.groovy.ast.ClassCodeVisitorSupport.visitMethod(ClassCodeVisitorSupport.java:110)
	at org.codehaus.groovy.ast.ClassNode.visitMethods(ClassNode.java:1132)
	at org.codehaus.groovy.ast.ClassNode.visitContents(ClassNode.java:1125)
	at org.codehaus.groovy.control.ResolveVisitor.visitClass(ResolveVisitor.java:1315)
	at org.codehaus.groovy.control.ResolveVisitor.startResolving(ResolveVisitor.java:258)
	at org.codehaus.groovy.control.CompilationUnit.lambda$addPhaseOperations$4(CompilationUnit.java:218)
	at org.codehaus.groovy.control.CompilationUnit$ISourceUnitOperation.doPhaseOperation(CompilationUnit.java:897)
	... 37 more
