WARNING: A terminally deprecated method in sun.misc.Unsafe has been called
WARNING: sun.misc.Unsafe::staticFieldBase has been called by com.google.inject.internal.aop.HiddenClassDefiner (file:/home/poddingue/.sdkman/candidates/maven/current/lib/guice-5.1.0-classes.jar)
WARNING: Please consider reporting this to the maintainers of class com.google.inject.internal.aop.HiddenClassDefiner
WARNING: sun.misc.Unsafe::staticFieldBase will be removed in a future release
[INFO] Scanning for projects...
[INFO] 
[INFO] Using the MultiThreadedBuilder implementation with a thread count of 4
[INFO] 
[INFO] ---------------< org.jenkins-ci.plugins:ssh-credentials >---------------
[INFO] Building SSH Credentials Plugin 999999-SNAPSHOT
[INFO]   from pom.xml
[INFO] --------------------------------[ hpi ]---------------------------------
[INFO] 
[INFO] --- clean:3.4.1:clean (default-clean) @ ssh-credentials ---
[INFO] 
[INFO] --- hpi:3.61:validate (default-validate) @ ssh-credentials ---
[INFO] Created marker file /tmp/plugin-builds/ssh-credentials/target/java-level/17
[INFO] 
[INFO] --- hpi:3.61:validate-hpi (default-validate-hpi) @ ssh-credentials ---
[INFO] 
[INFO] --- enforcer:3.5.0:enforce (display-info) @ ssh-credentials ---
[INFO] Rule 0: io.jenkins.tools.incrementals.enforcer.RequireExtensionVersion passed
[INFO] Rule 1: org.apache.maven.enforcer.rules.version.RequireMavenVersion passed
[INFO] Rule 2: org.apache.maven.enforcer.rules.version.RequireJavaVersion passed
[INFO] Rule 3: org.codehaus.mojo.extraenforcer.dependencies.EnforceBytecodeVersion passed
[INFO] Rule 4: org.apache.maven.enforcer.rules.dependency.BannedDependencies passed
[INFO] Rule 5: org.apache.maven.enforcer.rules.dependency.BannedDependencies passed
[INFO] Rule 6: org.apache.maven.enforcer.rules.dependency.RequireUpperBoundDeps passed
[INFO] 
[INFO] --- enforcer:3.5.0:enforce (no-snapshots-in-release) @ ssh-credentials ---
[INFO] Rule 0: org.apache.maven.enforcer.rules.dependency.RequireReleaseDeps passed
[INFO] 
[INFO] --- localizer:1.31:generate (default) @ ssh-credentials ---
[INFO] 
[INFO] --- resources:3.3.1:resources (default-resources) @ ssh-credentials ---
[INFO] Copying 13 resources from src/main/resources to target/classes
[INFO] 
[INFO] --- flatten:1.7.0:flatten (flatten) @ ssh-credentials ---
[INFO] Generating flattened POM of project org.jenkins-ci.plugins:ssh-credentials:hpi:999999-SNAPSHOT...
[INFO] 
[INFO] --- compiler:3.14.0:compile (default-compile) @ ssh-credentials ---
[INFO] Recompiling the module because of changed source code.
[INFO] Compiling 15 source files with javac [debug parameters release 17] to target/classes
[INFO] com.cloudbees.jenkins.plugins.sshcredentials.impl.TrileadSSHPasswordAuthenticator.Factory indexed under org.jenkinsci.plugins.variant.OptionalExtension
[INFO] com.cloudbees.jenkins.plugins.sshcredentials.impl.TrileadSSHPublicKeyAuthenticator.Factory indexed under org.jenkinsci.plugins.variant.OptionalExtension
[INFO] com.cloudbees.jenkins.plugins.sshcredentials.impl.BasicSSHUserPrivateKey.DescriptorImpl indexed under hudson.Extension
[INFO] com.cloudbees.jenkins.plugins.sshcredentials.impl.BasicSSHUserPrivateKey.DirectEntryPrivateKeySource.DescriptorImpl indexed under hudson.Extension
[INFO] com.cloudbees.jenkins.plugins.sshcredentials.impl.SSHUserPrivateKeySnapshotTaker indexed under hudson.Extension
[INFO] /tmp/plugin-builds/ssh-credentials/src/main/java/com/cloudbees/jenkins/plugins/sshcredentials/impl/BasicSSHUserPrivateKey.java:[310,16] Generating com/cloudbees/jenkins/plugins/sshcredentials/impl/BasicSSHUserPrivateKey/DirectEntryPrivateKeySource.stapler
[INFO] /tmp/plugin-builds/ssh-credentials/src/main/java/com/cloudbees/jenkins/plugins/sshcredentials/impl/BasicSSHUserPrivateKey.java:[106,12] Generating com/cloudbees/jenkins/plugins/sshcredentials/impl/BasicSSHUserPrivateKey.stapler
[INFO] /tmp/plugin-builds/ssh-credentials/src/main/java/com/cloudbees/jenkins/plugins/sshcredentials/impl/BasicSSHUserPrivateKey.java:[364,35] Generating com/cloudbees/jenkins/plugins/sshcredentials/impl/BasicSSHUserPrivateKey/DirectEntryPrivateKeySource/DescriptorImpl/doCheckPrivateKey.stapler
[WARNING] /tmp/plugin-builds/ssh-credentials/src/main/java/com/cloudbees/jenkins/plugins/sshcredentials/SSHAuthenticator.java:[277,63] deprecated item is not annotated with @Deprecated
[WARNING] /tmp/plugin-builds/ssh-credentials/src/main/java/com/cloudbees/jenkins/plugins/sshcredentials/SSHAuthenticator.java:[427,26] deprecated item is not annotated with @Deprecated
[WARNING] /tmp/plugin-builds/ssh-credentials/src/main/java/com/cloudbees/jenkins/plugins/sshcredentials/SSHUserListBoxModel.java:[19,8] deprecated item is not annotated with @Deprecated
[INFO] /tmp/plugin-builds/ssh-credentials/src/main/java/com/cloudbees/jenkins/plugins/sshcredentials/SSHUserPrivateKey.java: Some input files use or override a deprecated API.
[INFO] /tmp/plugin-builds/ssh-credentials/src/main/java/com/cloudbees/jenkins/plugins/sshcredentials/SSHUserPrivateKey.java: Recompile with -Xlint:deprecation for details.
[INFO] 
[INFO] --- access-modifier-checker:1.34:enforce (default-enforce) @ ssh-credentials ---
[INFO] 
[INFO] --- hpi:3.61:insert-test (default-insert-test) @ ssh-credentials ---
[INFO] 
[INFO] --- antrun:3.1.0:run (createTempDir) @ ssh-credentials ---
[INFO] Executing tasks
[INFO]     [mkdir] Created dir: /tmp/plugin-builds/ssh-credentials/target/tmp
[INFO] Executed tasks
[INFO] 
[INFO] --- resources:3.3.1:testResources (default-testResources) @ ssh-credentials ---
[INFO] Not copying test resources
[INFO] 
[INFO] --- compiler:3.14.0:testCompile (default-testCompile) @ ssh-credentials ---
[INFO] Not compiling test sources
[INFO] 
[INFO] --- hpi:3.61:test-hpl (default-test-hpl) @ ssh-credentials ---
[INFO] Generating /tmp/plugin-builds/ssh-credentials/target/test-classes/the.hpl
[INFO] 
[INFO] --- hpi:3.61:resolve-test-dependencies (default-resolve-test-dependencies) @ ssh-credentials ---
[INFO] 
[INFO] --- hpi:3.61:test-runtime (default-test-runtime) @ ssh-credentials ---
[INFO] Tests are skipped.
[INFO] 
[INFO] --- surefire:3.5.2:test (default-test) @ ssh-credentials ---
[INFO] Tests are skipped.
[INFO] 
[INFO] --- license:165.v7e11f4e4a_325:process (default) @ ssh-credentials ---
[INFO] ------------------------------------------------------------------------
[INFO] BUILD FAILURE
[INFO] ------------------------------------------------------------------------
[INFO] Total time:  28.297 s (Wall Clock)
[INFO] Finished at: 2025-09-01T08:56:59+02:00
[INFO] ------------------------------------------------------------------------
[ERROR] BUG! exception in phase 'semantic analysis' in source unit 'inlineScript' Unsupported class file major version 69 -> [Help 1]
[ERROR] BUG! exception in phase 'semantic analysis' in source unit 'inlineScript' Unsupported class file major version 69
[ERROR] 
[ERROR] To see the full stack trace of the errors, re-run Maven with the -e switch.
[ERROR] Re-run Maven using the -X switch to enable full debug logging.
[ERROR] 
[ERROR] For more information about the errors and possible solutions, please read the following articles:
[ERROR] [Help 1] http://cwiki.apache.org/confluence/display/MAVEN/GroovyBugError
