WARNING: A restricted method in java.lang.System has been called
WARNING: java.lang.System::load has been called by org.fusesource.jansi.internal.JansiLoader in an unnamed module (file:/home/poddingue/.sdkman/candidates/maven/current/lib/jansi-2.4.1.jar)
WARNING: Use --enable-native-access=ALL-UNNAMED to avoid a warning for callers in this module
WARNING: Restricted methods will be blocked in a future release unless native access is enabled

WARNING: A terminally deprecated method in sun.misc.Unsafe has been called
WARNING: sun.misc.Unsafe::objectFieldOffset has been called by com.google.common.util.concurrent.AbstractFuture$UnsafeAtomicHelper (file:/home/poddingue/.sdkman/candidates/maven/current/lib/guava-33.2.1-jre.jar)
WARNING: Please consider reporting this to the maintainers of class com.google.common.util.concurrent.AbstractFuture$UnsafeAtomicHelper
WARNING: sun.misc.Unsafe::objectFieldOffset will be removed in a future release
[INFO] Scanning for projects...
[INFO] Inspecting build with total of 3 modules...
[INFO] Installing Nexus Staging features:
[INFO]   ... total of 1 executions of maven-deploy-plugin replaced with nexus-staging-maven-plugin
[INFO] ------------------------------------------------------------------------
[INFO] Reactor Build Order:
[INFO] 
[INFO] Warnings Plugin                                                    [hpi]
[INFO] UI Tests of Warnings Plugin                                        [jar]
[INFO] Aggregator for Warnings Plugin                                     [pom]
[INFO] 
[INFO] -------------------< io.jenkins.plugins:warnings-ng >-------------------
[INFO] Building Warnings Plugin 12.7.0-SNAPSHOT                           [1/3]
[INFO]   from plugin/pom.xml
[INFO] --------------------------------[ hpi ]---------------------------------
[INFO] 
[INFO] --- clean:3.4.1:clean (default-clean) @ warnings-ng ---
[INFO] 
[INFO] --- hpi:3.61:validate (default-validate) @ warnings-ng ---
[INFO] Created marker file /tmp/plugin-builds/warnings-ng/plugin/target/java-level/17
[INFO] 
[INFO] --- hpi:3.61:validate-hpi (default-validate-hpi) @ warnings-ng ---
[INFO] 
[INFO] --- enforcer:3.5.0:enforce (display-info) @ warnings-ng ---
[INFO] Rule 0: org.apache.maven.enforcer.rules.dependency.RequireUpperBoundDeps passed
[INFO] Rule 1: org.apache.maven.enforcer.rules.version.RequireMavenVersion passed
[INFO] Rule 2: org.apache.maven.enforcer.rules.version.RequireJavaVersion passed
[INFO] Rule 3: org.codehaus.mojo.extraenforcer.dependencies.EnforceBytecodeVersion passed
[INFO] Rule 4: org.apache.maven.enforcer.rules.dependency.BannedDependencies passed
[INFO] Rule 5: org.apache.maven.enforcer.rules.dependency.BannedDependencies passed
[INFO] 
[INFO] --- enforcer:3.5.0:enforce (no-snapshots-in-release) @ warnings-ng ---
[INFO] Rule 0: org.apache.maven.enforcer.rules.dependency.RequireReleaseDeps passed
[INFO] 
[INFO] --- localizer:1.31:generate (default) @ warnings-ng ---
[INFO] 
[INFO] >>> javadoc:3.11.2:javadoc (default) > generate-sources @ warnings-ng >>>
[INFO] 
[INFO] --- hpi:3.61:validate (default-validate) @ warnings-ng ---
[INFO] 
[INFO] --- hpi:3.61:validate-hpi (default-validate-hpi) @ warnings-ng ---
[INFO] 
[INFO] --- enforcer:3.5.0:enforce (display-info) @ warnings-ng ---
[INFO] Rule 0: org.apache.maven.enforcer.rules.dependency.RequireUpperBoundDeps passed
[INFO] Rule 3: org.codehaus.mojo.extraenforcer.dependencies.EnforceBytecodeVersion passed
[INFO] Rule 4: org.apache.maven.enforcer.rules.dependency.BannedDependencies passed
[INFO] Rule 5: org.apache.maven.enforcer.rules.dependency.BannedDependencies passed
[INFO] 
[INFO] --- enforcer:3.5.0:enforce (no-snapshots-in-release) @ warnings-ng ---
[INFO] Rule 0: org.apache.maven.enforcer.rules.dependency.RequireReleaseDeps passed
[INFO] 
[INFO] --- localizer:1.31:generate (default) @ warnings-ng ---
[INFO] 
[INFO] <<< javadoc:3.11.2:javadoc (default) < generate-sources @ warnings-ng <<<
[INFO] 
[INFO] 
[INFO] --- javadoc:3.11.2:javadoc (default) @ warnings-ng ---
[INFO] Skipping org.apache.maven.plugins:maven-javadoc-plugin:3.11.2:javadoc report goal
[INFO] 
[INFO] --- resources:3.3.1:resources (default-resources) @ warnings-ng ---
[INFO] Copying 237 resources from src/main/resources to target/classes
[INFO] 
[INFO] --- compiler:3.14.0:compile (default-compile) @ warnings-ng ---
[INFO] Recompiling the module because of changed source code.
[INFO] Compiling 271 source files with javac [debug parameters release 17] to target/classes
[WARNING] /tmp/plugin-builds/warnings-ng/plugin/src/main/java/io/jenkins/plugins/analysis/core/util/IssuesStatistics.java:[49,42] non-transient instance field of a serializable class declared with a non-serializable type
[WARNING] /tmp/plugin-builds/warnings-ng/plugin/src/main/java/io/jenkins/plugins/analysis/core/util/IssuesStatistics.java:[50,42] non-transient instance field of a serializable class declared with a non-serializable type
[WARNING] /tmp/plugin-builds/warnings-ng/plugin/src/main/java/io/jenkins/plugins/analysis/core/model/AnalysisResult.java:[68,40] non-transient instance field of a serializable class declared with a non-serializable type
[WARNING] /tmp/plugin-builds/warnings-ng/plugin/src/main/java/io/jenkins/plugins/analysis/core/model/AnalysisResult.java:[69,32] non-transient instance field of a serializable class declared with a non-serializable type
[WARNING] /tmp/plugin-builds/warnings-ng/plugin/src/main/java/io/jenkins/plugins/analysis/core/model/AnalysisResult.java:[70,32] non-transient instance field of a serializable class declared with a non-serializable type
[WARNING] /tmp/plugin-builds/warnings-ng/plugin/src/main/java/io/jenkins/plugins/analysis/core/model/AnalysisResult.java:[262,28] possible 'this' escape before subclass is fully initialized
[WARNING] /tmp/plugin-builds/warnings-ng/plugin/src/main/java/io/jenkins/plugins/analysis/core/model/AnalysisResult.java:[402,24] previous possible 'this' escape happens here via invocation
[WARNING] /tmp/plugin-builds/warnings-ng/plugin/src/main/java/io/jenkins/plugins/analysis/core/model/AnalysisResult.java:[408,50] previous possible 'this' escape happens here via invocation
[WARNING] /tmp/plugin-builds/warnings-ng/plugin/src/main/java/io/jenkins/plugins/analysis/core/model/AnalysisResult.java:[412,24] previous possible 'this' escape happens here via invocation
[WARNING] /tmp/plugin-builds/warnings-ng/plugin/src/main/java/io/jenkins/plugins/analysis/core/model/ReportXmlStream.java:[73,41] found raw type: java.lang.Class
  missing type arguments for generic class java.lang.Class<T>
[WARNING] /tmp/plugin-builds/warnings-ng/plugin/src/main/java/io/jenkins/plugins/analysis/core/model/ReportXmlStream.java:[80,59] found raw type: java.util.Collection
  missing type arguments for generic class java.util.Collection<E>
[WARNING] /tmp/plugin-builds/warnings-ng/plugin/src/main/java/io/jenkins/plugins/analysis/core/model/ReportXmlStream.java:[87,49] found raw type: java.lang.Class
  missing type arguments for generic class java.lang.Class<T>
[WARNING] /tmp/plugin-builds/warnings-ng/plugin/src/main/java/io/jenkins/plugins/analysis/core/model/ReportXmlStream.java:[109,41] found raw type: java.lang.Class
  missing type arguments for generic class java.lang.Class<T>
[WARNING] /tmp/plugin-builds/warnings-ng/plugin/src/main/java/io/jenkins/plugins/analysis/core/model/ReportXmlStream.java:[137,41] found raw type: java.lang.Class
  missing type arguments for generic class java.lang.Class<T>
[WARNING] /tmp/plugin-builds/warnings-ng/plugin/src/main/java/io/jenkins/plugins/analysis/core/steps/AnnotatedReport.java:[37,40] non-transient instance field of a serializable class declared with a non-serializable type
[WARNING] /tmp/plugin-builds/warnings-ng/plugin/src/main/java/io/jenkins/plugins/analysis/core/steps/IssuesScanner.java:[263,35] non-transient instance field of a serializable class declared with a non-serializable type
[WARNING] /tmp/plugin-builds/warnings-ng/plugin/src/main/java/io/jenkins/plugins/analysis/core/steps/IssuesScanner.java:[264,35] non-transient instance field of a serializable class declared with a non-serializable type
[WARNING] /tmp/plugin-builds/warnings-ng/plugin/src/main/java/io/jenkins/plugins/analysis/core/steps/IssuesScanner.java:[266,42] non-transient instance field of a serializable class declared with a non-serializable type
[WARNING] /tmp/plugin-builds/warnings-ng/plugin/src/main/java/io/jenkins/plugins/analysis/core/steps/IssuesRecorder.java:[866,59] found raw type: hudson.model.AbstractProject
  missing type arguments for generic class hudson.model.AbstractProject<P,R>
[WARNING] /tmp/plugin-builds/warnings-ng/plugin/src/main/java/io/jenkins/plugins/analysis/core/util/WarningsQualityGate.java:[64,28] possible 'this' escape before subclass is fully initialized
[WARNING] /tmp/plugin-builds/warnings-ng/plugin/src/main/java/io/jenkins/plugins/analysis/core/steps/PublishIssuesStep.java:[57,41] non-transient instance field of a serializable class declared with a non-serializable type
[WARNING] /tmp/plugin-builds/warnings-ng/plugin/src/main/java/io/jenkins/plugins/analysis/core/steps/PublishIssuesStep.java:[74,39] non-transient instance field of a serializable class declared with a non-serializable type
[WARNING] /tmp/plugin-builds/warnings-ng/plugin/src/main/java/io/jenkins/plugins/analysis/core/steps/RecordIssuesStep.java:[71,24] non-transient instance field of a serializable class declared with a non-serializable type
[WARNING] /tmp/plugin-builds/warnings-ng/plugin/src/main/java/io/jenkins/plugins/analysis/core/steps/RecordIssuesStep.java:[74,38] non-transient instance field of a serializable class declared with a non-serializable type
[WARNING] /tmp/plugin-builds/warnings-ng/plugin/src/main/java/io/jenkins/plugins/analysis/core/steps/RecordIssuesStep.java:[83,32] non-transient instance field of a serializable class declared with a non-serializable type
[WARNING] /tmp/plugin-builds/warnings-ng/plugin/src/main/java/io/jenkins/plugins/analysis/core/steps/RecordIssuesStep.java:[99,39] non-transient instance field of a serializable class declared with a non-serializable type
[WARNING] /tmp/plugin-builds/warnings-ng/plugin/src/main/java/io/jenkins/plugins/analysis/core/steps/ScanForIssuesStep.java:[241,42] non-transient instance field of a serializable class declared with a non-serializable type
[WARNING] /tmp/plugin-builds/warnings-ng/plugin/src/main/java/io/jenkins/plugins/analysis/core/steps/ScanForIssuesStep.java:[242,35] non-transient instance field of a serializable class declared with a non-serializable type
[WARNING] /tmp/plugin-builds/warnings-ng/plugin/src/main/java/io/jenkins/plugins/analysis/warnings/axivion/AxivionSuite.java:[213,36] <C>lookupCredentials(java.lang.Class<C>,hudson.model.Item,org.acegisecurity.Authentication,java.util.List<com.cloudbees.plugins.credentials.domains.DomainRequirement>) in com.cloudbees.plugins.credentials.CredentialsProvider has been deprecated
[WARNING] /tmp/plugin-builds/warnings-ng/plugin/src/main/java/io/jenkins/plugins/analysis/warnings/axivion/AxivionSuite.java:[367,40] <C>lookupCredentials(java.lang.Class<C>,hudson.model.Item,org.acegisecurity.Authentication,java.util.List<com.cloudbees.plugins.credentials.domains.DomainRequirement>) in com.cloudbees.plugins.credentials.CredentialsProvider has been deprecated
[WARNING] /tmp/plugin-builds/warnings-ng/plugin/src/main/java/io/jenkins/plugins/analysis/warnings/axivion/AxivionSuite.java:[405,65] <C>listCredentials(java.lang.Class<C>,hudson.model.Item,org.acegisecurity.Authentication,java.util.List<com.cloudbees.plugins.credentials.domains.DomainRequirement>,com.cloudbees.plugins.credentials.CredentialsMatcher) in com.cloudbees.plugins.credentials.CredentialsProvider has been deprecated
[WARNING] /tmp/plugin-builds/warnings-ng/plugin/src/main/java/io/jenkins/plugins/analysis/warnings/groovy/ParserConfiguration.java:[43,13] possible 'this' escape before subclass is fully initialized
[INFO] 
[INFO] --- access-modifier-checker:1.34:enforce (default-enforce) @ warnings-ng ---
[INFO] Skipping access modifier checks
[INFO] 
[INFO] --- hpi:3.61:insert-test (default-insert-test) @ warnings-ng ---
[INFO] 
[INFO] --- assertj:2.2.0:generate-assertions (default) @ warnings-ng ---
[INFO] 
[INFO] --- antrun:3.1.0:run (createTempDir) @ warnings-ng ---
[INFO] Executing tasks
[INFO]     [mkdir] Created dir: /tmp/plugin-builds/warnings-ng/plugin/target/tmp
[INFO] Executed tasks
[INFO] 
[INFO] --- resources:3.3.1:testResources (default-testResources) @ warnings-ng ---
[INFO] Copying 350 resources from src/test/resources to target/test-classes
[INFO] 
[INFO] --- compiler:3.14.0:testCompile (default-testCompile) @ warnings-ng ---
[INFO] Recompiling the module because of changed dependency.
[INFO] Compiling 472 source files with javac [debug parameters release 17] to target/test-classes
[WARNING] /tmp/plugin-builds/warnings-ng/plugin/target/generated-test-sources/assertj-assertions/io/jenkins/plugins/analysis/core/assertions/Assertions.java:[469,100] assertThat(io.jenkins.plugins.analysis.core.model.StaticAnalysisLabelProvider.AgeBuilder) in io.jenkins.plugins.analysis.core.assertions.Assertions is potentially ambiguous with assertThat(io.jenkins.plugins.analysis.core.model.ResultSelector) in io.jenkins.plugins.analysis.core.assertions.Assertions
[WARNING] /tmp/plugin-builds/warnings-ng/plugin/target/generated-test-sources/assertj-assertions/io/jenkins/plugins/analysis/core/assertions/Assertions.java:[337,108] assertThat(io.jenkins.plugins.analysis.core.model.LabelProviderFactory.StaticAnalysisToolFactory) in io.jenkins.plugins.analysis.core.assertions.Assertions is potentially ambiguous with assertThat(io.jenkins.plugins.analysis.core.model.DescriptionProvider) in io.jenkins.plugins.analysis.core.assertions.Assertions
[WARNING] /tmp/plugin-builds/warnings-ng/plugin/target/generated-test-sources/assertj-assertions/io/jenkins/plugins/analysis/core/columns/IssuesTotalColumnAssert.java:[62,60] found raw type: hudson.model.Descriptor
  missing type arguments for generic class hudson.model.Descriptor<T>
[WARNING] /tmp/plugin-builds/warnings-ng/plugin/target/generated-test-sources/assertj-assertions/io/jenkins/plugins/analysis/core/columns/IssuesTotalColumnAssert.java:[70,17] found raw type: hudson.model.Descriptor
  missing type arguments for generic class hudson.model.Descriptor<T>
[WARNING] /tmp/plugin-builds/warnings-ng/plugin/target/generated-test-sources/assertj-assertions/io/jenkins/plugins/analysis/core/columns/IssuesTotalColumnIssuesTablePortletDescriptorAssert.java:[93,53] static method should be qualified by type name, hudson.model.Descriptor, instead of by an expression
[WARNING] /tmp/plugin-builds/warnings-ng/plugin/target/generated-test-sources/assertj-assertions/io/jenkins/plugins/analysis/core/columns/IssuesTotalColumnIssuesTablePortletDescriptorAssert.java:[277,95] found raw type: org.kohsuke.stapler.lang.Klass
  missing type arguments for generic class org.kohsuke.stapler.lang.Klass<C>
[WARNING] /tmp/plugin-builds/warnings-ng/plugin/target/generated-test-sources/assertj-assertions/io/jenkins/plugins/analysis/core/columns/IssuesTotalColumnIssuesTablePortletDescriptorAssert.java:[285,29] found raw type: org.kohsuke.stapler.lang.Klass
  missing type arguments for generic class org.kohsuke.stapler.lang.Klass<C>
[WARNING] /tmp/plugin-builds/warnings-ng/plugin/target/generated-test-sources/assertj-assertions/io/jenkins/plugins/analysis/core/columns/IssuesTotalColumnIssuesTablePortletDescriptorAssert.java:[325,67] found raw type: java.lang.Class
  missing type arguments for generic class java.lang.Class<T>
[WARNING] /tmp/plugin-builds/warnings-ng/plugin/target/generated-test-sources/assertj-assertions/io/jenkins/plugins/analysis/core/columns/IssuesTotalColumnIssuesTablePortletDescriptorAssert.java:[333,5] found raw type: java.lang.Class
  missing type arguments for generic class java.lang.Class<T>
[WARNING] /tmp/plugin-builds/warnings-ng/plugin/target/generated-test-sources/assertj-assertions/io/jenkins/plugins/analysis/core/columns/IssuesTotalColumnIssuesTablePortletDescriptorAssert.java:[349,71] found raw type: java.lang.Class
  missing type arguments for generic class java.lang.Class<T>
[WARNING] /tmp/plugin-builds/warnings-ng/plugin/target/generated-test-sources/assertj-assertions/io/jenkins/plugins/analysis/core/columns/IssuesTotalColumnIssuesTablePortletDescriptorAssert.java:[357,5] found raw type: java.lang.Class
  missing type arguments for generic class java.lang.Class<T>
[WARNING] /tmp/plugin-builds/warnings-ng/plugin/target/generated-test-sources/assertj-assertions/io/jenkins/plugins/analysis/core/model/AnalysisHistoryAssert.java:[38,59] found raw type: java.util.Optional
  missing type arguments for generic class java.util.Optional<T>
[WARNING] /tmp/plugin-builds/warnings-ng/plugin/target/generated-test-sources/assertj-assertions/io/jenkins/plugins/analysis/core/model/AnalysisHistoryAssert.java:[46,14] found raw type: java.util.Optional
  missing type arguments for generic class java.util.Optional<T>
[WARNING] /tmp/plugin-builds/warnings-ng/plugin/target/generated-test-sources/assertj-assertions/io/jenkins/plugins/analysis/core/model/AnalysisHistoryAssert.java:[62,59] found raw type: java.util.Optional
  missing type arguments for generic class java.util.Optional<T>
[WARNING] /tmp/plugin-builds/warnings-ng/plugin/target/generated-test-sources/assertj-assertions/io/jenkins/plugins/analysis/core/model/AnalysisHistoryAssert.java:[70,14] found raw type: java.util.Optional
  missing type arguments for generic class java.util.Optional<T>
[WARNING] /tmp/plugin-builds/warnings-ng/plugin/target/generated-test-sources/assertj-assertions/io/jenkins/plugins/analysis/core/model/AnalysisHistoryAssert.java:[86,50] found raw type: java.util.Optional
  missing type arguments for generic class java.util.Optional<T>
[WARNING] /tmp/plugin-builds/warnings-ng/plugin/target/generated-test-sources/assertj-assertions/io/jenkins/plugins/analysis/core/model/AnalysisHistoryAssert.java:[94,14] found raw type: java.util.Optional
  missing type arguments for generic class java.util.Optional<T>
[WARNING] /tmp/plugin-builds/warnings-ng/plugin/target/generated-test-sources/assertj-assertions/io/jenkins/plugins/analysis/core/model/AnalysisHistoryAssert.java:[299,51] found raw type: java.util.Optional
  missing type arguments for generic class java.util.Optional<T>
[WARNING] /tmp/plugin-builds/warnings-ng/plugin/target/generated-test-sources/assertj-assertions/io/jenkins/plugins/analysis/core/model/AnalysisHistoryAssert.java:[307,14] found raw type: java.util.Optional
  missing type arguments for generic class java.util.Optional<T>
[WARNING] /tmp/plugin-builds/warnings-ng/plugin/target/generated-test-sources/assertj-assertions/io/jenkins/plugins/analysis/core/model/AnalysisModelParserAnalysisModelParserDescriptorAssert.java:[93,53] static method should be qualified by type name, hudson.model.Descriptor, instead of by an expression
[WARNING] /tmp/plugin-builds/warnings-ng/plugin/target/generated-test-sources/assertj-assertions/io/jenkins/plugins/analysis/core/model/AnalysisModelParserAnalysisModelParserDescriptorAssert.java:[361,98] found raw type: org.kohsuke.stapler.lang.Klass
  missing type arguments for generic class org.kohsuke.stapler.lang.Klass<C>
[WARNING] /tmp/plugin-builds/warnings-ng/plugin/target/generated-test-sources/assertj-assertions/io/jenkins/plugins/analysis/core/model/AnalysisModelParserAnalysisModelParserDescriptorAssert.java:[369,29] found raw type: org.kohsuke.stapler.lang.Klass
  missing type arguments for generic class org.kohsuke.stapler.lang.Klass<C>
[WARNING] /tmp/plugin-builds/warnings-ng/plugin/target/generated-test-sources/assertj-assertions/io/jenkins/plugins/analysis/core/model/AnalysisModelParserAnalysisModelParserDescriptorAssert.java:[577,70] found raw type: java.lang.Class
  missing type arguments for generic class java.lang.Class<T>
[WARNING] /tmp/plugin-builds/warnings-ng/plugin/target/generated-test-sources/assertj-assertions/io/jenkins/plugins/analysis/core/model/AnalysisModelParserAnalysisModelParserDescriptorAssert.java:[585,5] found raw type: java.lang.Class
  missing type arguments for generic class java.lang.Class<T>
[WARNING] /tmp/plugin-builds/warnings-ng/plugin/target/generated-test-sources/assertj-assertions/io/jenkins/plugins/analysis/core/model/AnalysisModelParserAnalysisModelParserDescriptorAssert.java:[625,74] found raw type: java.lang.Class
  missing type arguments for generic class java.lang.Class<T>
[WARNING] /tmp/plugin-builds/warnings-ng/plugin/target/generated-test-sources/assertj-assertions/io/jenkins/plugins/analysis/core/model/AnalysisModelParserAnalysisModelParserDescriptorAssert.java:[633,5] found raw type: java.lang.Class
  missing type arguments for generic class java.lang.Class<T>
[WARNING] /tmp/plugin-builds/warnings-ng/plugin/target/generated-test-sources/assertj-assertions/io/jenkins/plugins/analysis/core/model/AnalysisResultAssert.java:[1096,62] found raw type: java.util.Map
  missing type arguments for generic class java.util.Map<K,V>
[WARNING] /tmp/plugin-builds/warnings-ng/plugin/target/generated-test-sources/assertj-assertions/io/jenkins/plugins/analysis/core/model/AnalysisResultAssert.java:[1104,14] found raw type: java.util.Map
  missing type arguments for generic class java.util.Map<K,V>
[WARNING] /tmp/plugin-builds/warnings-ng/plugin/target/generated-test-sources/assertj-assertions/io/jenkins/plugins/analysis/core/model/AnalysisResultAssert.java:[1332,52] found raw type: hudson.model.Run
  missing type arguments for generic class hudson.model.Run<JobT,RunT>
[WARNING] /tmp/plugin-builds/warnings-ng/plugin/target/generated-test-sources/assertj-assertions/io/jenkins/plugins/analysis/core/model/AnalysisResultAssert.java:[1340,17] found raw type: hudson.model.Run
  missing type arguments for generic class hudson.model.Run<JobT,RunT>
[WARNING] /tmp/plugin-builds/warnings-ng/plugin/target/generated-test-sources/assertj-assertions/io/jenkins/plugins/analysis/core/model/AnalysisResultAssert.java:[1404,58] found raw type: java.util.Optional
  missing type arguments for generic class java.util.Optional<T>
[WARNING] /tmp/plugin-builds/warnings-ng/plugin/target/generated-test-sources/assertj-assertions/io/jenkins/plugins/analysis/core/model/AnalysisResultAssert.java:[1412,14] found raw type: java.util.Optional
  missing type arguments for generic class java.util.Optional<T>
[WARNING] /tmp/plugin-builds/warnings-ng/plugin/target/generated-test-sources/assertj-assertions/io/jenkins/plugins/analysis/core/model/AnalysisResultAssert.java:[1428,57] found raw type: java.util.Map
  missing type arguments for generic class java.util.Map<K,V>
[WARNING] /tmp/plugin-builds/warnings-ng/plugin/target/generated-test-sources/assertj-assertions/io/jenkins/plugins/analysis/core/model/AnalysisResultAssert.java:[1436,14] found raw type: java.util.Map
  missing type arguments for generic class java.util.Map<K,V>
[WARNING] /tmp/plugin-builds/warnings-ng/plugin/target/generated-test-sources/assertj-assertions/io/jenkins/plugins/analysis/core/model/AnalysisResultAssert.java:[1452,59] found raw type: java.util.Map
  missing type arguments for generic class java.util.Map<K,V>
[WARNING] /tmp/plugin-builds/warnings-ng/plugin/target/generated-test-sources/assertj-assertions/io/jenkins/plugins/analysis/core/model/AnalysisResultAssert.java:[1460,14] found raw type: java.util.Map
  missing type arguments for generic class java.util.Map<K,V>
[WARNING] /tmp/plugin-builds/warnings-ng/plugin/target/generated-test-sources/assertj-assertions/io/jenkins/plugins/analysis/core/model/BlamesModelBlamesRowAssert.java:[180,78] found raw type: io.jenkins.plugins.datatables.DetailedCell
  missing type arguments for generic class io.jenkins.plugins.datatables.DetailedCell<T>
[WARNING] /tmp/plugin-builds/warnings-ng/plugin/target/generated-test-sources/assertj-assertions/io/jenkins/plugins/analysis/core/model/BlamesModelBlamesRowAssert.java:[188,34] found raw type: io.jenkins.plugins.datatables.DetailedCell
  missing type arguments for generic class io.jenkins.plugins.datatables.DetailedCell<T>
[WARNING] /tmp/plugin-builds/warnings-ng/plugin/target/generated-test-sources/assertj-assertions/io/jenkins/plugins/analysis/core/model/ConsoleDetailAssert.java:[61,51] found raw type: hudson.model.Run
  missing type arguments for generic class hudson.model.Run<JobT,RunT>
[WARNING] /tmp/plugin-builds/warnings-ng/plugin/target/generated-test-sources/assertj-assertions/io/jenkins/plugins/analysis/core/model/ConsoleDetailAssert.java:[69,17] found raw type: hudson.model.Run
  missing type arguments for generic class hudson.model.Run<JobT,RunT>
[WARNING] /tmp/plugin-builds/warnings-ng/plugin/target/generated-test-sources/assertj-assertions/io/jenkins/plugins/analysis/core/model/DetailsTableModelTableRowAssert.java:[85,83] found raw type: io.jenkins.plugins.datatables.DetailedCell
  missing type arguments for generic class io.jenkins.plugins.datatables.DetailedCell<T>
[WARNING] /tmp/plugin-builds/warnings-ng/plugin/target/generated-test-sources/assertj-assertions/io/jenkins/plugins/analysis/core/model/DetailsTableModelTableRowAssert.java:[93,34] found raw type: io.jenkins.plugins.datatables.DetailedCell
  missing type arguments for generic class io.jenkins.plugins.datatables.DetailedCell<T>
[WARNING] /tmp/plugin-builds/warnings-ng/plugin/target/generated-test-sources/assertj-assertions/io/jenkins/plugins/analysis/core/model/FixedWarningsDetailAssert.java:[1232,57] found raw type: hudson.model.Run
  missing type arguments for generic class hudson.model.Run<JobT,RunT>
[WARNING] /tmp/plugin-builds/warnings-ng/plugin/target/generated-test-sources/assertj-assertions/io/jenkins/plugins/analysis/core/model/FixedWarningsDetailAssert.java:[1240,17] found raw type: hudson.model.Run
  missing type arguments for generic class hudson.model.Run<JobT,RunT>
[WARNING] /tmp/plugin-builds/warnings-ng/plugin/target/generated-test-sources/assertj-assertions/io/jenkins/plugins/analysis/core/model/ForensicsModelForensicsRowAssert.java:[179,84] found raw type: io.jenkins.plugins.datatables.DetailedCell
  missing type arguments for generic class io.jenkins.plugins.datatables.DetailedCell<T>
[WARNING] /tmp/plugin-builds/warnings-ng/plugin/target/generated-test-sources/assertj-assertions/io/jenkins/plugins/analysis/core/model/ForensicsModelForensicsRowAssert.java:[187,34] found raw type: io.jenkins.plugins.datatables.DetailedCell
  missing type arguments for generic class io.jenkins.plugins.datatables.DetailedCell<T>
[WARNING] /tmp/plugin-builds/warnings-ng/plugin/target/generated-test-sources/assertj-assertions/io/jenkins/plugins/analysis/core/model/HistoryAssert.java:[38,51] found raw type: java.util.Optional
  missing type arguments for generic class java.util.Optional<T>
[WARNING] /tmp/plugin-builds/warnings-ng/plugin/target/generated-test-sources/assertj-assertions/io/jenkins/plugins/analysis/core/model/HistoryAssert.java:[46,14] found raw type: java.util.Optional
  missing type arguments for generic class java.util.Optional<T>
[WARNING] /tmp/plugin-builds/warnings-ng/plugin/target/generated-test-sources/assertj-assertions/io/jenkins/plugins/analysis/core/model/HistoryAssert.java:[62,51] found raw type: java.util.Optional
  missing type arguments for generic class java.util.Optional<T>
[WARNING] /tmp/plugin-builds/warnings-ng/plugin/target/generated-test-sources/assertj-assertions/io/jenkins/plugins/analysis/core/model/HistoryAssert.java:[70,14] found raw type: java.util.Optional
  missing type arguments for generic class java.util.Optional<T>
[WARNING] /tmp/plugin-builds/warnings-ng/plugin/target/generated-test-sources/assertj-assertions/io/jenkins/plugins/analysis/core/model/HistoryAssert.java:[86,42] found raw type: java.util.Optional
  missing type arguments for generic class java.util.Optional<T>
[WARNING] /tmp/plugin-builds/warnings-ng/plugin/target/generated-test-sources/assertj-assertions/io/jenkins/plugins/analysis/core/model/HistoryAssert.java:[94,14] found raw type: java.util.Optional
  missing type arguments for generic class java.util.Optional<T>
[WARNING] /tmp/plugin-builds/warnings-ng/plugin/target/generated-test-sources/assertj-assertions/io/jenkins/plugins/analysis/core/model/HistoryAssert.java:[299,43] found raw type: java.util.Optional
  missing type arguments for generic class java.util.Optional<T>
[WARNING] /tmp/plugin-builds/warnings-ng/plugin/target/generated-test-sources/assertj-assertions/io/jenkins/plugins/analysis/core/model/HistoryAssert.java:[307,14] found raw type: java.util.Optional
  missing type arguments for generic class java.util.Optional<T>
[WARNING] /tmp/plugin-builds/warnings-ng/plugin/target/generated-test-sources/assertj-assertions/io/jenkins/plugins/analysis/core/model/IssuesDetailAssert.java:[1232,50] found raw type: hudson.model.Run
  missing type arguments for generic class hudson.model.Run<JobT,RunT>
[WARNING] /tmp/plugin-builds/warnings-ng/plugin/target/generated-test-sources/assertj-assertions/io/jenkins/plugins/analysis/core/model/IssuesDetailAssert.java:[1240,17] found raw type: hudson.model.Run
  missing type arguments for generic class hudson.model.Run<JobT,RunT>
[WARNING] /tmp/plugin-builds/warnings-ng/plugin/target/generated-test-sources/assertj-assertions/io/jenkins/plugins/analysis/core/model/IssuesModelIssuesRowAssert.java:[109,78] found raw type: io.jenkins.plugins.datatables.DetailedCell
  missing type arguments for generic class io.jenkins.plugins.datatables.DetailedCell<T>
[WARNING] /tmp/plugin-builds/warnings-ng/plugin/target/generated-test-sources/assertj-assertions/io/jenkins/plugins/analysis/core/model/IssuesModelIssuesRowAssert.java:[117,34] found raw type: io.jenkins.plugins.datatables.DetailedCell
  missing type arguments for generic class io.jenkins.plugins.datatables.DetailedCell<T>
[WARNING] /tmp/plugin-builds/warnings-ng/plugin/target/generated-test-sources/assertj-assertions/io/jenkins/plugins/analysis/core/model/NullAnalysisHistoryAssert.java:[38,63] found raw type: java.util.Optional
  missing type arguments for generic class java.util.Optional<T>
[WARNING] /tmp/plugin-builds/warnings-ng/plugin/target/generated-test-sources/assertj-assertions/io/jenkins/plugins/analysis/core/model/NullAnalysisHistoryAssert.java:[46,14] found raw type: java.util.Optional
  missing type arguments for generic class java.util.Optional<T>
[WARNING] /tmp/plugin-builds/warnings-ng/plugin/target/generated-test-sources/assertj-assertions/io/jenkins/plugins/analysis/core/model/NullAnalysisHistoryAssert.java:[62,63] found raw type: java.util.Optional
  missing type arguments for generic class java.util.Optional<T>
[WARNING] /tmp/plugin-builds/warnings-ng/plugin/target/generated-test-sources/assertj-assertions/io/jenkins/plugins/analysis/core/model/NullAnalysisHistoryAssert.java:[70,14] found raw type: java.util.Optional
  missing type arguments for generic class java.util.Optional<T>
[WARNING] /tmp/plugin-builds/warnings-ng/plugin/target/generated-test-sources/assertj-assertions/io/jenkins/plugins/analysis/core/model/NullAnalysisHistoryAssert.java:[86,54] found raw type: java.util.Optional
  missing type arguments for generic class java.util.Optional<T>
[WARNING] /tmp/plugin-builds/warnings-ng/plugin/target/generated-test-sources/assertj-assertions/io/jenkins/plugins/analysis/core/model/NullAnalysisHistoryAssert.java:[94,14] found raw type: java.util.Optional
  missing type arguments for generic class java.util.Optional<T>
[WARNING] /tmp/plugin-builds/warnings-ng/plugin/target/generated-test-sources/assertj-assertions/io/jenkins/plugins/analysis/core/model/NullAnalysisHistoryAssert.java:[299,55] found raw type: java.util.Optional
  missing type arguments for generic class java.util.Optional<T>
[WARNING] /tmp/plugin-builds/warnings-ng/plugin/target/generated-test-sources/assertj-assertions/io/jenkins/plugins/analysis/core/model/NullAnalysisHistoryAssert.java:[307,14] found raw type: java.util.Optional
  missing type arguments for generic class java.util.Optional<T>
[WARNING] /tmp/plugin-builds/warnings-ng/plugin/target/generated-test-sources/assertj-assertions/io/jenkins/plugins/analysis/core/model/ReportScanningToolAssert.java:[109,61] found raw type: hudson.model.Descriptor
  missing type arguments for generic class hudson.model.Descriptor<T>
[WARNING] /tmp/plugin-builds/warnings-ng/plugin/target/generated-test-sources/assertj-assertions/io/jenkins/plugins/analysis/core/model/ReportScanningToolAssert.java:[117,17] found raw type: hudson.model.Descriptor
  missing type arguments for generic class hudson.model.Descriptor<T>
[WARNING] /tmp/plugin-builds/warnings-ng/plugin/target/generated-test-sources/assertj-assertions/io/jenkins/plugins/analysis/core/model/ReportScanningToolReportScanningToolDescriptorAssert.java:[93,53] static method should be qualified by type name, hudson.model.Descriptor, instead of by an expression
[WARNING] /tmp/plugin-builds/warnings-ng/plugin/target/generated-test-sources/assertj-assertions/io/jenkins/plugins/analysis/core/model/ReportScanningToolReportScanningToolDescriptorAssert.java:[361,96] found raw type: org.kohsuke.stapler.lang.Klass
  missing type arguments for generic class org.kohsuke.stapler.lang.Klass<C>
[WARNING] /tmp/plugin-builds/warnings-ng/plugin/target/generated-test-sources/assertj-assertions/io/jenkins/plugins/analysis/core/model/ReportScanningToolReportScanningToolDescriptorAssert.java:[369,29] found raw type: org.kohsuke.stapler.lang.Klass
  missing type arguments for generic class org.kohsuke.stapler.lang.Klass<C>
[WARNING] /tmp/plugin-builds/warnings-ng/plugin/target/generated-test-sources/assertj-assertions/io/jenkins/plugins/analysis/core/model/ReportScanningToolReportScanningToolDescriptorAssert.java:[577,68] found raw type: java.lang.Class
  missing type arguments for generic class java.lang.Class<T>
[WARNING] /tmp/plugin-builds/warnings-ng/plugin/target/generated-test-sources/assertj-assertions/io/jenkins/plugins/analysis/core/model/ReportScanningToolReportScanningToolDescriptorAssert.java:[585,5] found raw type: java.lang.Class
  missing type arguments for generic class java.lang.Class<T>
[WARNING] /tmp/plugin-builds/warnings-ng/plugin/target/generated-test-sources/assertj-assertions/io/jenkins/plugins/analysis/core/model/ReportScanningToolReportScanningToolDescriptorAssert.java:[625,72] found raw type: java.lang.Class
  missing type arguments for generic class java.lang.Class<T>
[WARNING] /tmp/plugin-builds/warnings-ng/plugin/target/generated-test-sources/assertj-assertions/io/jenkins/plugins/analysis/core/model/ReportScanningToolReportScanningToolDescriptorAssert.java:[633,5] found raw type: java.lang.Class
  missing type arguments for generic class java.lang.Class<T>
[WARNING] /tmp/plugin-builds/warnings-ng/plugin/target/generated-test-sources/assertj-assertions/io/jenkins/plugins/analysis/core/model/SummaryModelAssert.java:[424,56] found raw type: java.util.Optional
  missing type arguments for generic class java.util.Optional<T>
[WARNING] /tmp/plugin-builds/warnings-ng/plugin/target/generated-test-sources/assertj-assertions/io/jenkins/plugins/analysis/core/model/SummaryModelAssert.java:[432,14] found raw type: java.util.Optional
  missing type arguments for generic class java.util.Optional<T>
[WARNING] /tmp/plugin-builds/warnings-ng/plugin/target/generated-test-sources/assertj-assertions/io/jenkins/plugins/analysis/core/model/ToolAssert.java:[85,47] found raw type: hudson.model.Descriptor
  missing type arguments for generic class hudson.model.Descriptor<T>
[WARNING] /tmp/plugin-builds/warnings-ng/plugin/target/generated-test-sources/assertj-assertions/io/jenkins/plugins/analysis/core/model/ToolAssert.java:[93,17] found raw type: hudson.model.Descriptor
  missing type arguments for generic class hudson.model.Descriptor<T>
[WARNING] /tmp/plugin-builds/warnings-ng/plugin/target/generated-test-sources/assertj-assertions/io/jenkins/plugins/analysis/core/model/ToolToolDescriptorAssert.java:[93,53] static method should be qualified by type name, hudson.model.Descriptor, instead of by an expression
[WARNING] /tmp/plugin-builds/warnings-ng/plugin/target/generated-test-sources/assertj-assertions/io/jenkins/plugins/analysis/core/model/ToolToolDescriptorAssert.java:[325,68] found raw type: org.kohsuke.stapler.lang.Klass
  missing type arguments for generic class org.kohsuke.stapler.lang.Klass<C>
[WARNING] /tmp/plugin-builds/warnings-ng/plugin/target/generated-test-sources/assertj-assertions/io/jenkins/plugins/analysis/core/model/ToolToolDescriptorAssert.java:[333,29] found raw type: org.kohsuke.stapler.lang.Klass
  missing type arguments for generic class org.kohsuke.stapler.lang.Klass<C>
[WARNING] /tmp/plugin-builds/warnings-ng/plugin/target/generated-test-sources/assertj-assertions/io/jenkins/plugins/analysis/core/model/ToolToolDescriptorAssert.java:[481,40] found raw type: java.lang.Class
  missing type arguments for generic class java.lang.Class<T>
[WARNING] /tmp/plugin-builds/warnings-ng/plugin/target/generated-test-sources/assertj-assertions/io/jenkins/plugins/analysis/core/model/ToolToolDescriptorAssert.java:[489,5] found raw type: java.lang.Class
  missing type arguments for generic class java.lang.Class<T>
[WARNING] /tmp/plugin-builds/warnings-ng/plugin/target/generated-test-sources/assertj-assertions/io/jenkins/plugins/analysis/core/model/ToolToolDescriptorAssert.java:[529,44] found raw type: java.lang.Class
  missing type arguments for generic class java.lang.Class<T>
[WARNING] /tmp/plugin-builds/warnings-ng/plugin/target/generated-test-sources/assertj-assertions/io/jenkins/plugins/analysis/core/model/ToolToolDescriptorAssert.java:[537,5] found raw type: java.lang.Class
  missing type arguments for generic class java.lang.Class<T>
[WARNING] /tmp/plugin-builds/warnings-ng/plugin/target/generated-test-sources/assertj-assertions/io/jenkins/plugins/analysis/core/model/ToolSelectionAssert.java:[37,56] found raw type: hudson.model.Descriptor
  missing type arguments for generic class hudson.model.Descriptor<T>
[WARNING] /tmp/plugin-builds/warnings-ng/plugin/target/generated-test-sources/assertj-assertions/io/jenkins/plugins/analysis/core/model/ToolSelectionAssert.java:[45,17] found raw type: hudson.model.Descriptor
  missing type arguments for generic class hudson.model.Descriptor<T>
[WARNING] /tmp/plugin-builds/warnings-ng/plugin/target/generated-test-sources/assertj-assertions/io/jenkins/plugins/analysis/core/model/ToolSelectionToolSelectionDescriptorAssert.java:[93,53] static method should be qualified by type name, hudson.model.Descriptor, instead of by an expression
[WARNING] /tmp/plugin-builds/warnings-ng/plugin/target/generated-test-sources/assertj-assertions/io/jenkins/plugins/analysis/core/model/ToolSelectionToolSelectionDescriptorAssert.java:[277,86] found raw type: org.kohsuke.stapler.lang.Klass
  missing type arguments for generic class org.kohsuke.stapler.lang.Klass<C>
[WARNING] /tmp/plugin-builds/warnings-ng/plugin/target/generated-test-sources/assertj-assertions/io/jenkins/plugins/analysis/core/model/ToolSelectionToolSelectionDescriptorAssert.java:[285,29] found raw type: org.kohsuke.stapler.lang.Klass
  missing type arguments for generic class org.kohsuke.stapler.lang.Klass<C>
[WARNING] /tmp/plugin-builds/warnings-ng/plugin/target/generated-test-sources/assertj-assertions/io/jenkins/plugins/analysis/core/model/ToolSelectionToolSelectionDescriptorAssert.java:[325,58] found raw type: java.lang.Class
  missing type arguments for generic class java.lang.Class<T>
[WARNING] /tmp/plugin-builds/warnings-ng/plugin/target/generated-test-sources/assertj-assertions/io/jenkins/plugins/analysis/core/model/ToolSelectionToolSelectionDescriptorAssert.java:[333,5] found raw type: java.lang.Class
  missing type arguments for generic class java.lang.Class<T>
[WARNING] /tmp/plugin-builds/warnings-ng/plugin/target/generated-test-sources/assertj-assertions/io/jenkins/plugins/analysis/core/model/ToolSelectionToolSelectionDescriptorAssert.java:[349,62] found raw type: java.lang.Class
  missing type arguments for generic class java.lang.Class<T>
[WARNING] /tmp/plugin-builds/warnings-ng/plugin/target/generated-test-sources/assertj-assertions/io/jenkins/plugins/analysis/core/model/ToolSelectionToolSelectionDescriptorAssert.java:[357,5] found raw type: java.lang.Class
  missing type arguments for generic class java.lang.Class<T>
[WARNING] /tmp/plugin-builds/warnings-ng/plugin/target/generated-test-sources/assertj-assertions/io/jenkins/plugins/analysis/core/util/AnalysisBuildResultAssert.java:[83,62] found raw type: java.util.Map
  missing type arguments for generic class java.util.Map<K,V>
[WARNING] /tmp/plugin-builds/warnings-ng/plugin/target/generated-test-sources/assertj-assertions/io/jenkins/plugins/analysis/core/util/AnalysisBuildResultAssert.java:[91,14] found raw type: java.util.Map
  missing type arguments for generic class java.util.Map<K,V>
[WARNING] /tmp/plugin-builds/warnings-ng/plugin/target/generated-test-sources/assertj-assertions/io/jenkins/plugins/analysis/core/util/IssuesStatisticsStatisticPropertiesAssert.java:[61,84] found raw type: java.util.function.Function
  missing type arguments for generic class java.util.function.Function<T,R>
[WARNING] /tmp/plugin-builds/warnings-ng/plugin/target/generated-test-sources/assertj-assertions/io/jenkins/plugins/analysis/core/util/IssuesStatisticsStatisticPropertiesAssert.java:[69,23] found raw type: java.util.function.Function
  missing type arguments for generic class java.util.function.Function<T,R>
[WARNING] /tmp/plugin-builds/warnings-ng/plugin/target/generated-test-sources/assertj-assertions/io/jenkins/plugins/analysis/core/util/StaticAnalysisRunAssert.java:[437,55] found raw type: hudson.model.Run
  missing type arguments for generic class hudson.model.Run<JobT,RunT>
[INFO] 
[INFO] --- hpi:3.61:test-hpl (default-test-hpl) @ warnings-ng ---
[INFO] Generating /tmp/plugin-builds/warnings-ng/plugin/target/test-classes/the.hpl
[INFO] 
[INFO] --- hpi:3.61:resolve-test-dependencies (default-resolve-test-dependencies) @ warnings-ng ---
[INFO] 
[INFO] --- hpi:3.61:test-runtime (default-test-runtime) @ warnings-ng ---
[INFO] Tests are skipped.
[INFO] 
[INFO] --- jacoco:0.8.12:prepare-agent (default) @ warnings-ng ---
[INFO] argLine set to -javaagent:/home/poddingue/.m2/repository/org/jacoco/org.jacoco.agent/0.8.12/org.jacoco.agent-0.8.12-runtime.jar=destfile=/tmp/plugin-builds/warnings-ng/plugin/target/jacoco.exec,includes=io/jenkins/plugins/**/*,excludes=**/JenkinsFacade.*:**/*BlameRunner.*:**/*FilesScanner.*:**/*Summary.class:**/NullAnalysisHistory.* -Djava.awt.headless=true -Xmx1024m -Djenkins.test.timeout=1000 --add-opens java.base/java.lang=ALL-UNNAMED
 --add-opens java.base/java.io=ALL-UNNAMED --add-opens java.base/java.util=ALL-UNNAMED --add-opens
 java.base/java.util.concurrent=ALL-UNNAMED
[INFO] 
[INFO] --- surefire:3.5.2:test (default-test) @ warnings-ng ---
[INFO] Tests are skipped.
[INFO] 
[INFO] --- license:165.v7e11f4e4a_325:process (default) @ warnings-ng ---
[INFO] ------------------------------------------------------------------------
[INFO] Reactor Summary:
[INFO] 
[INFO] Warnings Plugin 12.7.0-SNAPSHOT .................... FAILURE [ 23.864 s]
[INFO] UI Tests of Warnings Plugin UNVERSIONED ............ SKIPPED
[INFO] Aggregator for Warnings Plugin UNVERSIONED ......... SKIPPED
[INFO] ------------------------------------------------------------------------
[INFO] BUILD FAILURE
[INFO] ------------------------------------------------------------------------
[INFO] Total time:  25.840 s
[INFO] Finished at: 2025-05-22T13:21:34+02:00
[INFO] ------------------------------------------------------------------------
---------------------------------------------------
constituent[0]: file:/home/poddingue/.sdkman/candidates/maven/current/conf/logging/
constituent[1]: file:/home/poddingue/.sdkman/candidates/maven/current/lib/plexus-cipher-2.0.jar
constituent[2]: file:/home/poddingue/.sdkman/candidates/maven/current/lib/maven-shared-utils-3.4.2.jar
constituent[3]: file:/home/poddingue/.sdkman/candidates/maven/current/lib/wagon-provider-api-3.5.3.jar
constituent[4]: file:/home/poddingue/.sdkman/candidates/maven/current/lib/guice-5.1.0.jar
constituent[5]: file:/home/poddingue/.sdkman/candidates/maven/current/lib/httpclient-4.5.14.jar
constituent[6]: file:/home/poddingue/.sdkman/candidates/maven/current/lib/slf4j-api-1.7.36.jar
constituent[7]: file:/home/poddingue/.sdkman/candidates/maven/current/lib/commons-codec-1.17.1.jar
constituent[8]: file:/home/poddingue/.sdkman/candidates/maven/current/lib/maven-resolver-impl-1.9.22.jar
constituent[9]: file:/home/poddingue/.sdkman/candidates/maven/current/lib/maven-resolver-named-locks-1.9.22.jar
constituent[10]: file:/home/poddingue/.sdkman/candidates/maven/current/lib/maven-resolver-util-1.9.22.jar
constituent[11]: file:/home/poddingue/.sdkman/candidates/maven/current/lib/maven-resolver-transport-http-1.9.22.jar
constituent[12]: file:/home/poddingue/.sdkman/candidates/maven/current/lib/plexus-sec-dispatcher-2.0.jar
constituent[13]: file:/home/poddingue/.sdkman/candidates/maven/current/lib/maven-resolver-api-1.9.22.jar
constituent[14]: file:/home/poddingue/.sdkman/candidates/maven/current/lib/guava-33.2.1-jre.jar
constituent[15]: file:/home/poddingue/.sdkman/candidates/maven/current/lib/maven-settings-3.9.9.jar
constituent[16]: file:/home/poddingue/.sdkman/candidates/maven/current/lib/maven-resolver-transport-file-1.9.22.jar
constituent[17]: file:/home/poddingue/.sdkman/candidates/maven/current/lib/wagon-http-shared-3.5.3.jar
constituent[18]: file:/home/poddingue/.sdkman/candidates/maven/current/lib/maven-resolver-transport-wagon-1.9.22.jar
constituent[19]: file:/home/poddingue/.sdkman/candidates/maven/current/lib/plexus-interpolation-1.27.jar
constituent[20]: file:/home/poddingue/.sdkman/candidates/maven/current/lib/maven-model-3.9.9.jar
constituent[21]: file:/home/poddingue/.sdkman/candidates/maven/current/lib/maven-settings-builder-3.9.9.jar
constituent[22]: file:/home/poddingue/.sdkman/candidates/maven/current/lib/jansi-2.4.1.jar
constituent[23]: file:/home/poddingue/.sdkman/candidates/maven/current/lib/commons-cli-1.8.0.jar
constituent[24]: file:/home/poddingue/.sdkman/candidates/maven/current/lib/httpcore-4.4.16.jar
constituent[25]: file:/home/poddingue/.sdkman/candidates/maven/current/lib/maven-builder-support-3.9.9.jar
constituent[26]: file:/home/poddingue/.sdkman/candidates/maven/current/lib/maven-embedder-3.9.9.jar
constituent[27]: file:/home/poddingue/.sdkman/candidates/maven/current/lib/maven-artifact-3.9.9.jar
constituent[28]: file:/home/poddingue/.sdkman/candidates/maven/current/lib/maven-compat-3.9.9.jar
constituent[29]: file:/home/poddingue/.sdkman/candidates/maven/current/lib/wagon-http-3.5.3.jar
constituent[30]: file:/home/poddingue/.sdkman/candidates/maven/current/lib/maven-model-builder-3.9.9.jar
constituent[31]: file:/home/poddingue/.sdkman/candidates/maven/current/lib/aopalliance-1.0.jar
constituent[32]: file:/home/poddingue/.sdkman/candidates/maven/current/lib/maven-slf4j-provider-3.9.9.jar
constituent[33]: file:/home/poddingue/.sdkman/candidates/maven/current/lib/maven-resolver-connector-basic-1.9.22.jar
constituent[34]: file:/home/poddingue/.sdkman/candidates/maven/current/lib/maven-plugin-api-3.9.9.jar
constituent[35]: file:/home/poddingue/.sdkman/candidates/maven/current/lib/javax.annotation-api-1.3.2.jar
constituent[36]: file:/home/poddingue/.sdkman/candidates/maven/current/lib/org.eclipse.sisu.inject-0.9.0.M3.jar
constituent[37]: file:/home/poddingue/.sdkman/candidates/maven/current/lib/jcl-over-slf4j-1.7.36.jar
constituent[38]: file:/home/poddingue/.sdkman/candidates/maven/current/lib/plexus-xml-3.0.1.jar
constituent[39]: file:/home/poddingue/.sdkman/candidates/maven/current/lib/plexus-utils-3.5.1.jar
constituent[40]: file:/home/poddingue/.sdkman/candidates/maven/current/lib/maven-resolver-provider-3.9.9.jar
constituent[41]: file:/home/poddingue/.sdkman/candidates/maven/current/lib/org.eclipse.sisu.plexus-0.9.0.M3.jar
constituent[42]: file:/home/poddingue/.sdkman/candidates/maven/current/lib/maven-resolver-spi-1.9.22.jar
constituent[43]: file:/home/poddingue/.sdkman/candidates/maven/current/lib/javax.inject-1.jar
constituent[44]: file:/home/poddingue/.sdkman/candidates/maven/current/lib/maven-core-3.9.9.jar
constituent[45]: file:/home/poddingue/.sdkman/candidates/maven/current/lib/wagon-file-3.5.3.jar
constituent[46]: file:/home/poddingue/.sdkman/candidates/maven/current/lib/plexus-component-annotations-2.1.0.jar
constituent[47]: file:/home/poddingue/.sdkman/candidates/maven/current/lib/failureaccess-1.0.2.jar
constituent[48]: file:/home/poddingue/.sdkman/candidates/maven/current/lib/maven-repository-metadata-3.9.9.jar
---------------------------------------------------
Exception in thread "main" BUG! exception in phase 'semantic analysis' in source unit 'inlineScript' Unsupported class file major version 69
	at org.codehaus.groovy.control.CompilationUnit$ISourceUnitOperation.doPhaseOperation(CompilationUnit.java:901)
	at org.codehaus.groovy.control.CompilationUnit.processPhaseOperations(CompilationUnit.java:692)
	at org.codehaus.groovy.control.CompilationUnit.compile(CompilationUnit.java:666)
	at groovy.lang.GroovyClassLoader.doParseClass(GroovyClassLoader.java:365)
	at groovy.lang.GroovyClassLoader.lambda$parseClass$2(GroovyClassLoader.java:314)
	at org.codehaus.groovy.runtime.memoize.StampedCommonCache.compute(StampedCommonCache.java:163)
	at org.codehaus.groovy.runtime.memoize.StampedCommonCache.getAndPut(StampedCommonCache.java:154)
	at groovy.lang.GroovyClassLoader.parseClass(GroovyClassLoader.java:314)
	at groovy.lang.GroovyShell.parseClass(GroovyShell.java:572)
	at groovy.lang.GroovyShell.parse(GroovyShell.java:585)
	at groovy.lang.GroovyShell.parse(GroovyShell.java:639)
	at groovy.lang.GroovyShell.parse(GroovyShell.java:643)
	at com.cloudbees.maven.license.ProcessMojo.execute(ProcessMojo.java:154)
	at org.apache.maven.plugin.DefaultBuildPluginManager.executeMojo(DefaultBuildPluginManager.java:126)
	at org.apache.maven.lifecycle.internal.MojoExecutor.doExecute2(MojoExecutor.java:328)
	at org.apache.maven.lifecycle.internal.MojoExecutor.doExecute(MojoExecutor.java:316)
	at org.apache.maven.lifecycle.internal.MojoExecutor.execute(MojoExecutor.java:212)
	at org.apache.maven.lifecycle.internal.MojoExecutor.execute(MojoExecutor.java:174)
	at org.apache.maven.lifecycle.internal.MojoExecutor.access$000(MojoExecutor.java:75)
	at org.apache.maven.lifecycle.internal.MojoExecutor$1.run(MojoExecutor.java:162)
	at org.apache.maven.plugin.DefaultMojosExecutionStrategy.execute(DefaultMojosExecutionStrategy.java:39)
	at org.apache.maven.lifecycle.internal.MojoExecutor.execute(MojoExecutor.java:159)
	at org.apache.maven.lifecycle.internal.LifecycleModuleBuilder.buildProject(LifecycleModuleBuilder.java:105)
	at org.apache.maven.lifecycle.internal.LifecycleModuleBuilder.buildProject(LifecycleModuleBuilder.java:73)
	at org.apache.maven.lifecycle.internal.builder.singlethreaded.SingleThreadedBuilder.build(SingleThreadedBuilder.java:53)
	at org.apache.maven.lifecycle.internal.LifecycleStarter.execute(LifecycleStarter.java:118)
	at org.apache.maven.DefaultMaven.doExecute(DefaultMaven.java:261)
	at org.apache.maven.DefaultMaven.doExecute(DefaultMaven.java:173)
	at org.apache.maven.DefaultMaven.execute(DefaultMaven.java:101)
	at org.apache.maven.cli.MavenCli.execute(MavenCli.java:906)
	at org.apache.maven.cli.MavenCli.doMain(MavenCli.java:283)
	at org.apache.maven.cli.MavenCli.main(MavenCli.java:206)
	at java.base/jdk.internal.reflect.DirectMethodHandleAccessor.invoke(DirectMethodHandleAccessor.java:104)
	at java.base/java.lang.reflect.Method.invoke(Method.java:565)
	at org.codehaus.plexus.classworlds.launcher.Launcher.launchEnhanced(Launcher.java:255)
	at org.codehaus.plexus.classworlds.launcher.Launcher.launch(Launcher.java:201)
	at org.codehaus.plexus.classworlds.launcher.Launcher.mainWithExitCode(Launcher.java:361)
	at org.codehaus.plexus.classworlds.launcher.Launcher.main(Launcher.java:314)
Caused by: java.lang.IllegalArgumentException: Unsupported class file major version 69
	at groovyjarjarasm.asm.ClassReader.<init>(ClassReader.java:200)
	at groovyjarjarasm.asm.ClassReader.<init>(ClassReader.java:180)
	at groovyjarjarasm.asm.ClassReader.<init>(ClassReader.java:166)
	at groovyjarjarasm.asm.ClassReader.<init>(ClassReader.java:288)
	at org.codehaus.groovy.ast.decompiled.AsmDecompiler.parseClass(AsmDecompiler.java:83)
	at org.codehaus.groovy.control.ClassNodeResolver.findDecompiled(ClassNodeResolver.java:255)
	at org.codehaus.groovy.control.ClassNodeResolver.tryAsLoaderClassOrScript(ClassNodeResolver.java:193)
	at org.codehaus.groovy.control.ClassNodeResolver.findClassNode(ClassNodeResolver.java:175)
	at org.codehaus.groovy.control.ClassNodeResolver.resolveName(ClassNodeResolver.java:129)
	at org.codehaus.groovy.control.ResolveVisitor.resolveToOuter(ResolveVisitor.java:782)
	at org.codehaus.groovy.control.ResolveVisitor.resolve(ResolveVisitor.java:423)
	at org.codehaus.groovy.control.ResolveVisitor.resolveFromDefaultImports(ResolveVisitor.java:577)
	at org.codehaus.groovy.control.ResolveVisitor.resolveFromDefaultImports(ResolveVisitor.java:541)
	at org.codehaus.groovy.control.ResolveVisitor.resolve(ResolveVisitor.java:422)
	at org.codehaus.groovy.control.ResolveVisitor.resolve(ResolveVisitor.java:384)
	at org.codehaus.groovy.control.ResolveVisitor.resolveOrFail(ResolveVisitor.java:352)
	at org.codehaus.groovy.control.ResolveVisitor.resolveOrFail(ResolveVisitor.java:341)
	at org.codehaus.groovy.control.ResolveVisitor.resolveOrFail(ResolveVisitor.java:337)
	at org.codehaus.groovy.control.ResolveVisitor.transform(ResolveVisitor.java:817)
	at org.codehaus.groovy.control.ResolveVisitor.transformDeclarationExpression(ResolveVisitor.java:1173)
	at org.codehaus.groovy.control.ResolveVisitor.transform(ResolveVisitor.java:805)
	at org.codehaus.groovy.ast.ClassCodeExpressionTransformer.visitExpressionStatement(ClassCodeExpressionTransformer.java:129)
	at org.codehaus.groovy.ast.stmt.ExpressionStatement.visit(ExpressionStatement.java:41)
	at org.codehaus.groovy.ast.CodeVisitorSupport.visitBlockStatement(CodeVisitorSupport.java:86)
	at org.codehaus.groovy.ast.ClassCodeVisitorSupport.visitBlockStatement(ClassCodeVisitorSupport.java:168)
	at org.codehaus.groovy.control.ResolveVisitor.visitBlockStatement(ResolveVisitor.java:1386)
	at org.codehaus.groovy.ast.stmt.BlockStatement.visit(BlockStatement.java:72)
	at org.codehaus.groovy.control.ResolveVisitor.transformClosureExpression(ResolveVisitor.java:1125)
	at org.codehaus.groovy.control.ResolveVisitor.transform(ResolveVisitor.java:811)
	at org.codehaus.groovy.ast.expr.Expression.transformExpressions(Expression.java:49)
	at org.codehaus.groovy.ast.expr.ArgumentListExpression.transformExpression(ArgumentListExpression.java:67)
	at org.codehaus.groovy.control.ResolveVisitor.transform(ResolveVisitor.java:818)
	at org.codehaus.groovy.control.ResolveVisitor.transformMethodCallExpression(ResolveVisitor.java:1147)
	at org.codehaus.groovy.control.ResolveVisitor.transform(ResolveVisitor.java:809)
	at org.codehaus.groovy.ast.ClassCodeExpressionTransformer.visitExpressionStatement(ClassCodeExpressionTransformer.java:129)
	at org.codehaus.groovy.ast.stmt.ExpressionStatement.visit(ExpressionStatement.java:41)
	at org.codehaus.groovy.ast.CodeVisitorSupport.visitBlockStatement(CodeVisitorSupport.java:86)
	at org.codehaus.groovy.ast.ClassCodeVisitorSupport.visitBlockStatement(ClassCodeVisitorSupport.java:168)
	at org.codehaus.groovy.control.ResolveVisitor.visitBlockStatement(ResolveVisitor.java:1386)
	at org.codehaus.groovy.ast.stmt.BlockStatement.visit(BlockStatement.java:72)
	at org.codehaus.groovy.ast.ClassCodeVisitorSupport.visitClassCodeContainer(ClassCodeVisitorSupport.java:142)
	at org.codehaus.groovy.ast.ClassCodeVisitorSupport.visitConstructorOrMethod(ClassCodeVisitorSupport.java:115)
	at org.codehaus.groovy.ast.ClassCodeExpressionTransformer.visitConstructorOrMethod(ClassCodeExpressionTransformer.java:87)
	at org.codehaus.groovy.control.ResolveVisitor.visitConstructorOrMethod(ResolveVisitor.java:329)
	at org.codehaus.groovy.ast.ClassCodeVisitorSupport.visitMethod(ClassCodeVisitorSupport.java:110)
	at org.codehaus.groovy.ast.ClassNode.visitMethods(ClassNode.java:1132)
	at org.codehaus.groovy.ast.ClassNode.visitContents(ClassNode.java:1125)
	at org.codehaus.groovy.control.ResolveVisitor.visitClass(ResolveVisitor.java:1315)
	at org.codehaus.groovy.control.ResolveVisitor.startResolving(ResolveVisitor.java:258)
	at org.codehaus.groovy.control.CompilationUnit.lambda$addPhaseOperations$4(CompilationUnit.java:218)
	at org.codehaus.groovy.control.CompilationUnit$ISourceUnitOperation.doPhaseOperation(CompilationUnit.java:897)
	... 37 more
