WARNING: A restricted method in java.lang.System has been called
WARNING: java.lang.System::load has been called by org.fusesource.jansi.internal.JansiLoader in an unnamed module (file:/home/poddingue/.sdkman/candidates/maven/current/lib/jansi-2.4.1.jar)
WARNING: Use --enable-native-access=ALL-UNNAMED to avoid a warning for callers in this module
WARNING: Restricted methods will be blocked in a future release unless native access is enabled

WARNING: A terminally deprecated method in sun.misc.Unsafe has been called
WARNING: sun.misc.Unsafe::objectFieldOffset has been called by com.google.common.util.concurrent.AbstractFuture$UnsafeAtomicHelper (file:/home/poddingue/.sdkman/candidates/maven/current/lib/guava-33.2.1-jre.jar)
WARNING: Please consider reporting this to the maintainers of class com.google.common.util.concurrent.AbstractFuture$UnsafeAtomicHelper
WARNING: sun.misc.Unsafe::objectFieldOffset will be removed in a future release
[INFO] Scanning for projects...
[INFO] 
[INFO] -----< org.jenkins-ci.plugins.workflow:workflow-durable-task-step >-----
[INFO] Building Pipeline: Nodes and Processes 999999-SNAPSHOT
[INFO]   from pom.xml
[INFO] --------------------------------[ hpi ]---------------------------------
Downloading from repo.jenkins-ci.org: https://repo.jenkins-ci.org/public/io/jenkins/plugins/generic-environment-filters/1.2/generic-environment-filters-1.2.pom
Progress (1): 0.4/1.7 kBProgress (1): 1.7 kB                        Downloaded from repo.jenkins-ci.org: https://repo.jenkins-ci.org/public/io/jenkins/plugins/generic-environment-filters/1.2/generic-environment-filters-1.2.pom (1.7 kB at 2.8 kB/s)
Downloading from repo.jenkins-ci.org: https://repo.jenkins-ci.org/public/org/jenkins-ci/plugins/plugin/4.1/plugin-4.1.pom
Progress (1): 0.5/53 kBProgress (1): 1.9/53 kBProgress (1): 3.3/53 kBProgress (1): 4.7/53 kBProgress (1): 6.1/53 kBProgress (1): 7.5/53 kBProgress (1): 8.9/53 kBProgress (1): 10/53 kB Progress (1): 12/53 kBProgress (1): 13/53 kBProgress (1): 14/53 kBProgress (1): 16/53 kBProgress (1): 16/53 kBProgress (1): 17/53 kBProgress (1): 19/53 kBProgress (1): 20/53 kBProgress (1): 22/53 kBProgress (1): 23/53 kBProgress (1): 24/53 kBProgress (1): 26/53 kBProgress (1): 27/53 kBProgress (1): 29/53 kBProgress (1): 30/53 kBProgress (1): 31/53 kBProgress (1): 33/53 kBProgress (1): 34/53 kBProgress (1): 36/53 kBProgress (1): 37/53 kBProgress (1): 38/53 kBProgress (1): 40/53 kBProgress (1): 41/53 kBProgress (1): 43/53 kBProgress (1): 44/53 kBProgress (1): 45/53 kBProgress (1): 47/53 kBProgress (1): 48/53 kBProgress (1): 50/53 kBProgress (1): 51/53 kBProgress (1): 52/53 kBProgress (1): 53 kB                      Downloaded from repo.jenkins-ci.org: https://repo.jenkins-ci.org/public/org/jenkins-ci/plugins/plugin/4.1/plugin-4.1.pom (53 kB at 190 kB/s)
Downloading from repo.jenkins-ci.org: https://repo.jenkins-ci.org/public/org/jenkins-ci/main/jenkins-bom/2.248/jenkins-bom-2.248.pom
Progress (1): 0.4/26 kBProgress (1): 1.8/26 kBProgress (1): 3.2/26 kBProgress (1): 4.6/26 kBProgress (1): 6.0/26 kBProgress (1): 7.4/26 kBProgress (1): 8.8/26 kBProgress (1): 10/26 kB Progress (1): 12/26 kBProgress (1): 13/26 kBProgress (1): 14/26 kBProgress (1): 16/26 kBProgress (1): 16/26 kBProgress (1): 17/26 kBProgress (1): 19/26 kBProgress (1): 20/26 kBProgress (1): 22/26 kBProgress (1): 23/26 kBProgress (1): 24/26 kBProgress (1): 26/26 kBProgress (1): 26 kB                      Downloaded from repo.jenkins-ci.org: https://repo.jenkins-ci.org/public/org/jenkins-ci/main/jenkins-bom/2.248/jenkins-bom-2.248.pom (26 kB at 229 kB/s)
Downloading from repo.jenkins-ci.org: https://repo.jenkins-ci.org/public/io/jenkins/plugins/environment-filter-utils/1.0/environment-filter-utils-1.0.pom
Progress (1): 0.4/3.7 kBProgress (1): 1.8/3.7 kBProgress (1): 3.2/3.7 kBProgress (1): 3.7 kB                        Downloaded from repo.jenkins-ci.org: https://repo.jenkins-ci.org/public/io/jenkins/plugins/environment-filter-utils/1.0/environment-filter-utils-1.0.pom (3.7 kB at 35 kB/s)
Downloading from repo.jenkins-ci.org: https://repo.jenkins-ci.org/public/org/jenkins-ci/plugins/mock-slave/189.vca_72fb_1d2b_52/mock-slave-189.vca_72fb_1d2b_52.pom
Progress (1): 0.4/2.3 kBProgress (1): 1.8/2.3 kBProgress (1): 2.3 kB                        Downloaded from repo.jenkins-ci.org: https://repo.jenkins-ci.org/public/org/jenkins-ci/plugins/mock-slave/189.vca_72fb_1d2b_52/mock-slave-189.vca_72fb_1d2b_52.pom (2.3 kB at 22 kB/s)
Downloading from repo.jenkins-ci.org: https://repo.jenkins-ci.org/public/org/jenkins-ci/plugins/workflow/workflow-step-api/686.v603d058a_e148/workflow-step-api-686.v603d058a_e148-tests.jar
Progress (1): 0.4/45 kBProgress (1): 1.8/45 kBProgress (1): 3.2/45 kBProgress (1): 4.6/45 kBProgress (1): 6.0/45 kBProgress (1): 7.4/45 kBProgress (1): 8.8/45 kBProgress (1): 10/45 kB Progress (1): 12/45 kBProgress (1): 13/45 kBProgress (1): 14/45 kBProgress (1): 16/45 kBProgress (1): 17/45 kBProgress (1): 19/45 kBProgress (1): 20/45 kBProgress (1): 21/45 kBProgress (1): 23/45 kBProgress (1): 24/45 kBProgress (1): 26/45 kBProgress (1): 27/45 kBProgress (1): 28/45 kBProgress (1): 30/45 kBProgress (1): 31/45 kBProgress (1): 33/45 kBProgress (1): 34/45 kBProgress (1): 35/45 kBProgress (1): 37/45 kBProgress (1): 38/45 kBProgress (1): 40/45 kBProgress (1): 41/45 kBProgress (1): 42/45 kBProgress (1): 44/45 kBProgress (1): 45 kB                      Downloaded from repo.jenkins-ci.org: https://repo.jenkins-ci.org/public/org/jenkins-ci/plugins/workflow/workflow-step-api/686.v603d058a_e148/workflow-step-api-686.v603d058a_e148-tests.jar (45 kB at 235 kB/s)
Downloading from repo.jenkins-ci.org: https://repo.jenkins-ci.org/public/io/jenkins/plugins/generic-environment-filters/1.2/generic-environment-filters-1.2.jar
Downloading from repo.jenkins-ci.org: https://repo.jenkins-ci.org/public/io/jenkins/plugins/environment-filter-utils/1.0/environment-filter-utils-1.0.jar
Downloading from repo.jenkins-ci.org: https://repo.jenkins-ci.org/public/org/jenkins-ci/plugins/mock-slave/189.vca_72fb_1d2b_52/mock-slave-189.vca_72fb_1d2b_52.jar
Progress (1): 0.4/41 kBProgress (1): 1.8/41 kBProgress (1): 3.2/41 kBProgress (1): 4.6/41 kBProgress (1): 6.0/41 kBProgress (1): 7.4/41 kBProgress (1): 8.8/41 kBProgress (1): 10/41 kB Progress (1): 12/41 kBProgress (1): 13/41 kBProgress (1): 14/41 kBProgress (1): 16/41 kBProgress (1): 16/41 kBProgress (1): 17/41 kBProgress (1): 19/41 kBProgress (1): 20/41 kBProgress (1): 22/41 kBProgress (1): 23/41 kBProgress (1): 24/41 kBProgress (1): 26/41 kBProgress (1): 27/41 kBProgress (1): 29/41 kBProgress (1): 30/41 kBProgress (1): 31/41 kBProgress (1): 33/41 kBProgress (1): 34/41 kBProgress (1): 36/41 kBProgress (1): 37/41 kBProgress (1): 38/41 kBProgress (1): 40/41 kBProgress (1): 41/41 kBProgress (1): 41 kB                      Downloaded from repo.jenkins-ci.org: https://repo.jenkins-ci.org/public/org/jenkins-ci/plugins/mock-slave/189.vca_72fb_1d2b_52/mock-slave-189.vca_72fb_1d2b_52.jar (41 kB at 335 kB/s)
Progress (1): 0.4/28 kBProgress (1): 1.8/28 kBProgress (1): 3.2/28 kBProgress (1): 4.6/28 kBProgress (2): 4.6/28 kB | 0.4/40 kBProgress (2): 6.0/28 kB | 0.4/40 kBProgress (2): 7.4/28 kB | 0.4/40 kBProgress (2): 7.4/28 kB | 1.8/40 kBProgress (2): 7.4/28 kB | 3.2/40 kBProgress (2): 7.4/28 kB | 4.6/40 kBProgress (2): 7.4/28 kB | 6.0/40 kBProgress (2): 7.4/28 kB | 7.4/40 kBProgress (2): 8.8/28 kB | 7.4/40 kBProgress (2): 10/28 kB | 7.4/40 kB Progress (2): 10/28 kB | 8.8/40 kBProgress (2): 12/28 kB | 8.8/40 kBProgress (2): 13/28 kB | 8.8/40 kBProgress (2): 13/28 kB | 10/40 kB Progress (2): 14/28 kB | 10/40 kBProgress (2): 14/28 kB | 12/40 kBProgress (2): 16/28 kB | 12/40 kBProgress (2): 16/28 kB | 13/40 kBProgress (2): 17/28 kB | 13/40 kBProgress (2): 17/28 kB | 14/40 kBProgress (2): 19/28 kB | 14/40 kBProgress (2): 20/28 kB | 14/40 kBProgress (2): 20/28 kB | 16/40 kBProgress (2): 20/28 kB | 16/40 kBProgress (2): 21/28 kB | 16/40 kBProgress (2): 21/28 kB | 17/40 kBProgress (2): 23/28 kB | 17/40 kBProgress (2): 23/28 kB | 19/40 kBProgress (2): 24/28 kB | 19/40 kBProgress (2): 24/28 kB | 20/40 kBProgress (2): 26/28 kB | 20/40 kBProgress (2): 26/28 kB | 22/40 kBProgress (2): 27/28 kB | 22/40 kBProgress (2): 27/28 kB | 23/40 kBProgress (2): 28 kB | 23/40 kB   Progress (2): 28 kB | 24/40 kBProgress (2): 28 kB | 26/40 kBProgress (2): 28 kB | 27/40 kBProgress (2): 28 kB | 29/40 kBProgress (2): 28 kB | 30/40 kBProgress (2): 28 kB | 31/40 kBProgress (2): 28 kB | 33/40 kBProgress (2): 28 kB | 34/40 kBProgress (2): 28 kB | 36/40 kB                              Downloaded from repo.jenkins-ci.org: https://repo.jenkins-ci.org/public/io/jenkins/plugins/generic-environment-filters/1.2/generic-environment-filters-1.2.jar (28 kB at 59 kB/s)
Progress (1): 37/40 kBProgress (1): 38/40 kBProgress (1): 40/40 kBProgress (1): 40 kB                      Downloaded from repo.jenkins-ci.org: https://repo.jenkins-ci.org/public/io/jenkins/plugins/environment-filter-utils/1.0/environment-filter-utils-1.0.jar (40 kB at 72 kB/s)
[INFO] 
[INFO] --- clean:3.4.1:clean (default-clean) @ workflow-durable-task-step ---
[INFO] 
[INFO] --- hpi:3.61:validate (default-validate) @ workflow-durable-task-step ---
[INFO] Created marker file /tmp/plugin-builds/workflow-durable-task-step/target/java-level/17
[INFO] 
[INFO] --- hpi:3.61:validate-hpi (default-validate-hpi) @ workflow-durable-task-step ---
Downloading from repo.jenkins-ci.org: https://repo.jenkins-ci.org/public/org/jenkins-ci/main/jenkins-bom/2.204/jenkins-bom-2.204.pom
Progress (1): 0.4/15 kBProgress (1): 1.8/15 kBProgress (1): 3.2/15 kBProgress (1): 4.6/15 kBProgress (1): 6.0/15 kBProgress (1): 7.4/15 kBProgress (1): 8.8/15 kBProgress (1): 10/15 kB Progress (1): 12/15 kBProgress (1): 13/15 kBProgress (1): 14/15 kBProgress (1): 15 kB                      Downloaded from repo.jenkins-ci.org: https://repo.jenkins-ci.org/public/org/jenkins-ci/main/jenkins-bom/2.204/jenkins-bom-2.204.pom (15 kB at 151 kB/s)
[INFO] 
[INFO] --- enforcer:3.5.0:enforce (display-info) @ workflow-durable-task-step ---
[INFO] Rule 0: io.jenkins.tools.incrementals.enforcer.RequireExtensionVersion passed
[INFO] Rule 1: org.apache.maven.enforcer.rules.version.RequireMavenVersion passed
[INFO] Rule 2: org.apache.maven.enforcer.rules.version.RequireJavaVersion passed
[INFO] Rule 3: org.codehaus.mojo.extraenforcer.dependencies.EnforceBytecodeVersion passed
[INFO] Rule 4: org.apache.maven.enforcer.rules.dependency.BannedDependencies passed
[INFO] Rule 5: org.apache.maven.enforcer.rules.dependency.BannedDependencies passed
[INFO] Rule 6: org.apache.maven.enforcer.rules.dependency.RequireUpperBoundDeps passed
[INFO] 
[INFO] --- enforcer:3.5.0:enforce (no-snapshots-in-release) @ workflow-durable-task-step ---
[INFO] Rule 0: org.apache.maven.enforcer.rules.dependency.RequireReleaseDeps passed
[INFO] 
[INFO] --- localizer:1.31:generate (default) @ workflow-durable-task-step ---
[INFO] 
[INFO] --- resources:3.3.1:resources (default-resources) @ workflow-durable-task-step ---
[INFO] Copying 27 resources from src/main/resources to target/classes
[INFO] 
[INFO] --- flatten:1.7.0:flatten (flatten) @ workflow-durable-task-step ---
[INFO] Generating flattened POM of project org.jenkins-ci.plugins.workflow:workflow-durable-task-step:hpi:999999-SNAPSHOT...
[INFO] 
[INFO] --- compiler:3.14.0:compile (default-compile) @ workflow-durable-task-step ---
[INFO] Recompiling the module because of changed source code.
[INFO] Compiling 19 source files with javac [debug parameters release 17] to target/classes
[INFO] org.jenkinsci.plugins.workflow.steps.durable_task.BatchScriptStep.DescriptorImpl indexed under hudson.Extension
[INFO] org.jenkinsci.plugins.workflow.steps.durable_task.DurableTaskStep.AgentReconnectionListener indexed under hudson.Extension
[INFO] org.jenkinsci.plugins.workflow.steps.durable_task.PowerShellCoreScriptStep.DescriptorImpl indexed under hudson.Extension
[INFO] org.jenkinsci.plugins.workflow.steps.durable_task.PowershellScriptStep.DescriptorImpl indexed under hudson.Extension
[INFO] org.jenkinsci.plugins.workflow.steps.durable_task.ShellStep.DescriptorImpl indexed under hudson.Extension
[INFO] org.jenkinsci.plugins.workflow.support.pickles.ComputerPickle.Factory indexed under hudson.Extension
[INFO] org.jenkinsci.plugins.workflow.support.pickles.ExecutorPickle.Factory indexed under hudson.Extension
[INFO] org.jenkinsci.plugins.workflow.support.pickles.FilePathPickle.Factory indexed under hudson.Extension
[INFO] org.jenkinsci.plugins.workflow.support.pickles.WorkspaceListLeasePickle.Factory indexed under hudson.Extension
[INFO] org.jenkinsci.plugins.workflow.support.steps.AgentErrorCondition.DescriptorImpl indexed under hudson.Extension
[INFO] org.jenkinsci.plugins.workflow.support.steps.ExecutorStep.DescriptorImpl indexed under hudson.Extension
[INFO] org.jenkinsci.plugins.workflow.support.steps.ExecutorStepDynamicContext.FilePathTranslator indexed under hudson.Extension
[INFO] org.jenkinsci.plugins.workflow.support.steps.ExecutorStepDynamicContext.WorkspaceListLeaseTranslator indexed under hudson.Extension
[INFO] org.jenkinsci.plugins.workflow.support.steps.ExecutorStepDynamicContext.ExecutorTranslator indexed under hudson.Extension
[INFO] org.jenkinsci.plugins.workflow.support.steps.ExecutorStepDynamicContext.ComputerTranslator indexed under hudson.Extension
[INFO] org.jenkinsci.plugins.workflow.support.steps.ExecutorStepDynamicContext.NodeTranslator indexed under hudson.Extension
[INFO] org.jenkinsci.plugins.workflow.support.steps.ExecutorStepExecution.CancelledItemListener indexed under hudson.Extension
[INFO] org.jenkinsci.plugins.workflow.support.steps.ExecutorStepExecution.AnomalousStatus indexed under hudson.Extension
[INFO] org.jenkinsci.plugins.workflow.support.steps.ExecutorStepExecution.RemovedNodeListener indexed under hudson.Extension
[INFO] org.jenkinsci.plugins.workflow.support.steps.ExecutorStepExecution.PlaceholderTask.EnforceSelfLabel indexed under hudson.Extension
[INFO] org.jenkinsci.plugins.workflow.support.steps.ExecutorStepExecution.PlaceholderTask.AuthenticationFromBuild indexed under hudson.Extension
[INFO] org.jenkinsci.plugins.workflow.support.steps.ExecutorStepExecution.RunningTasks indexed under hudson.Extension
[INFO] org.jenkinsci.plugins.workflow.support.steps.FilePathDynamicContext indexed under hudson.Extension
[INFO] org.jenkinsci.plugins.workflow.support.steps.PushdStep.DescriptorImpl indexed under hudson.Extension
[INFO] org.jenkinsci.plugins.workflow.support.steps.WorkspaceStep.DescriptorImpl indexed under hudson.Extension
[INFO] /tmp/plugin-builds/workflow-durable-task-step/src/main/java/org/jenkinsci/plugins/workflow/steps/durable_task/BatchScriptStep.java:[42,34] Generating org/jenkinsci/plugins/workflow/steps/durable_task/BatchScriptStep.stapler
[INFO] /tmp/plugin-builds/workflow-durable-task-step/src/main/java/org/jenkinsci/plugins/workflow/steps/durable_task/PowerShellCoreScriptStep.java:[14,12] Generating org/jenkinsci/plugins/workflow/steps/durable_task/PowerShellCoreScriptStep.stapler
[INFO] /tmp/plugin-builds/workflow-durable-task-step/src/main/java/org/jenkinsci/plugins/workflow/steps/durable_task/PowershellScriptStep.java:[40,34] Generating org/jenkinsci/plugins/workflow/steps/durable_task/PowershellScriptStep.stapler
[INFO] /tmp/plugin-builds/workflow-durable-task-step/src/main/java/org/jenkinsci/plugins/workflow/steps/durable_task/ShellStep.java:[46,34] Generating org/jenkinsci/plugins/workflow/steps/durable_task/ShellStep.stapler
[INFO] /tmp/plugin-builds/workflow-durable-task-step/src/main/java/org/jenkinsci/plugins/workflow/support/steps/AgentErrorCondition.java:[52,34] Generating org/jenkinsci/plugins/workflow/support/steps/AgentErrorCondition.stapler
[INFO] /tmp/plugin-builds/workflow-durable-task-step/src/main/java/org/jenkinsci/plugins/workflow/support/steps/ExecutorStep.java:[73,34] Generating org/jenkinsci/plugins/workflow/support/steps/ExecutorStep.stapler
[INFO] /tmp/plugin-builds/workflow-durable-task-step/src/main/java/org/jenkinsci/plugins/workflow/support/steps/PushdStep.java:[48,34] Generating org/jenkinsci/plugins/workflow/support/steps/PushdStep.stapler
[INFO] /tmp/plugin-builds/workflow-durable-task-step/src/main/java/org/jenkinsci/plugins/workflow/support/steps/WorkspaceStep.java:[50,34] Generating org/jenkinsci/plugins/workflow/support/steps/WorkspaceStep.stapler
[INFO] /tmp/plugin-builds/workflow-durable-task-step/src/main/java/org/jenkinsci/plugins/workflow/support/steps/ExecutorStepExecution.java:[471,25] Generating org/jenkinsci/plugins/workflow/support/steps/ExecutorStepExecution/PlaceholderTask.javadoc
[INFO] /tmp/plugin-builds/workflow-durable-task-step/src/main/java/org/jenkinsci/plugins/workflow/support/steps/ExecutorStepExecution.java:[1068,22] Generating org/jenkinsci/plugins/workflow/support/steps/ExecutorStepExecution/PlaceholderTask/PlaceholderExecutable.javadoc
[INFO] /tmp/plugin-builds/workflow-durable-task-step/src/main/java/org/jenkinsci/plugins/workflow/steps/durable_task/DurableTaskStep.java:[159,31] Generating org/jenkinsci/plugins/workflow/steps/durable_task/DurableTaskStep/DurableTaskStepDescriptor/doCheckEncoding.stapler
[INFO] /tmp/plugin-builds/workflow-durable-task-step/src/main/java/org/jenkinsci/plugins/workflow/support/steps/ExecutorStep.java:[104,31] Generating org/jenkinsci/plugins/workflow/support/steps/ExecutorStep/DescriptorImpl/doCheckLabel.stapler
[INFO] /tmp/plugin-builds/workflow-durable-task-step/src/main/java/org/jenkinsci/plugins/workflow/steps/durable_task/DurableTaskStep.java:[171,31] Generating org/jenkinsci/plugins/workflow/steps/durable_task/DurableTaskStep/DurableTaskStepDescriptor/doCheckReturnStatus.stapler
[INFO] /tmp/plugin-builds/workflow-durable-task-step/src/main/java/org/jenkinsci/plugins/workflow/support/steps/ExecutorStep.java:[100,41] Generating org/jenkinsci/plugins/workflow/support/steps/ExecutorStep/DescriptorImpl/doAutoCompleteLabel.stapler
[INFO] /tmp/plugin-builds/workflow-durable-task-step/src/main/java/org/jenkinsci/plugins/workflow/steps/durable_task/DurableTaskStep.java:[178,31] Generating org/jenkinsci/plugins/workflow/steps/durable_task/DurableTaskStep/DurableTaskStepDescriptor/doCheckLabel.stapler
[WARNING] /tmp/plugin-builds/workflow-durable-task-step/src/main/java/org/jenkinsci/plugins/workflow/support/pickles/ComputerPickle.java: unknown enum constant com.google.j2objc.annotations.ReflectionSupport.Level.FULL
  reason: class file for com.google.j2objc.annotations.ReflectionSupport$Level not found
[INFO] /tmp/plugin-builds/workflow-durable-task-step/src/main/java/org/jenkinsci/plugins/workflow/support/steps/ExecutorStepExecution.java: /tmp/plugin-builds/workflow-durable-task-step/src/main/java/org/jenkinsci/plugins/workflow/support/steps/ExecutorStepExecution.java uses or overrides a deprecated API.
[INFO] /tmp/plugin-builds/workflow-durable-task-step/src/main/java/org/jenkinsci/plugins/workflow/support/steps/ExecutorStepExecution.java: Recompile with -Xlint:deprecation for details.
[INFO] /tmp/plugin-builds/workflow-durable-task-step/src/main/java/org/jenkinsci/plugins/workflow/support/steps/ExecutorStepExecution.java: /tmp/plugin-builds/workflow-durable-task-step/src/main/java/org/jenkinsci/plugins/workflow/support/steps/ExecutorStepExecution.java uses unchecked or unsafe operations.
[INFO] /tmp/plugin-builds/workflow-durable-task-step/src/main/java/org/jenkinsci/plugins/workflow/support/steps/ExecutorStepExecution.java: Recompile with -Xlint:unchecked for details.
[INFO] 
[INFO] --- access-modifier-checker:1.34:enforce (default-enforce) @ workflow-durable-task-step ---
[INFO] Skipping access modifier checks
[INFO] 
[INFO] --- hpi:3.61:insert-test (default-insert-test) @ workflow-durable-task-step ---
[INFO] 
[INFO] --- antrun:3.1.0:run (createTempDir) @ workflow-durable-task-step ---
[INFO] Executing tasks
[INFO]     [mkdir] Created dir: /tmp/plugin-builds/workflow-durable-task-step/target/tmp
[INFO] Executed tasks
[INFO] 
[INFO] --- resources:3.3.1:testResources (default-testResources) @ workflow-durable-task-step ---
[INFO] skip non existing resourceDirectory /tmp/plugin-builds/workflow-durable-task-step/src/test/resources
[INFO] 
[INFO] --- compiler:3.14.0:testCompile (default-testCompile) @ workflow-durable-task-step ---
[INFO] Recompiling the module because of changed dependency.
[INFO] Compiling 13 source files with javac [debug parameters release 17] to target/test-classes
[INFO] org.jenkinsci.plugins.workflow.steps.durable_task.ShellStepTest.NiceStep.DescriptorImpl indexed under org.jvnet.hudson.test.TestExtension
[INFO] org.jenkinsci.plugins.workflow.steps.durable_task.ShellStepTest.LogFile indexed under org.jvnet.hudson.test.TestExtension
[INFO] org.jenkinsci.plugins.workflow.steps.durable_task.ShellStepTest.MarkUpStep.DescriptorImpl indexed under org.jvnet.hudson.test.TestExtension
[INFO] org.jenkinsci.plugins.workflow.steps.durable_task.ShellStepTest.MyNodeLauncherDecorator indexed under org.jvnet.hudson.test.TestExtension
[INFO] org.jenkinsci.plugins.workflow.support.steps.AgentErrorConditionTest.HangStep.DescriptorImpl indexed under org.jvnet.hudson.test.TestExtension
[INFO] org.jenkinsci.plugins.workflow.support.steps.AgentErrorConditionTest.WaitWithoutAgentStep.DescriptorImpl indexed under org.jvnet.hudson.test.TestExtension
[INFO] org.jenkinsci.plugins.workflow.support.steps.AgentErrorConditionTest.RetryThis.DescriptorImpl indexed under org.jvnet.hudson.test.TestExtension
[INFO] org.jenkinsci.plugins.workflow.support.steps.ExecutorStep2Test.PipelineOnlyTaskDispatcher indexed under org.jvnet.hudson.test.TestExtension
[INFO] org.jenkinsci.plugins.workflow.support.steps.ExecutorStep2Test.TestCloud.DescriptorImpl indexed under org.jvnet.hudson.test.TestExtension
[INFO] org.jenkinsci.plugins.workflow.support.steps.ExecutorStep2Test.TestCloud.TestCloudSlave.DescriptorImpl indexed under org.jvnet.hudson.test.TestExtension
[INFO] org.jenkinsci.plugins.workflow.support.steps.ExecutorStep2Test.DelayX indexed under org.jvnet.hudson.test.TestExtension
[INFO] /tmp/plugin-builds/workflow-durable-task-step/src/test/java/org/jenkinsci/plugins/workflow/steps/durable_task/ShellStepTest.java:[263,38] Generating org/jenkinsci/plugins/workflow/steps/durable_task/ShellStepTest/NiceStep.stapler
[INFO] /tmp/plugin-builds/workflow-durable-task-step/src/test/java/org/jenkinsci/plugins/workflow/steps/durable_task/ShellStepTest.java:[532,38] Generating org/jenkinsci/plugins/workflow/steps/durable_task/ShellStepTest/MarkUpStep.stapler
[INFO] /tmp/plugin-builds/workflow-durable-task-step/src/test/java/org/jenkinsci/plugins/workflow/support/steps/AgentErrorConditionTest.java:[137,38] Generating org/jenkinsci/plugins/workflow/support/steps/AgentErrorConditionTest/HangStep.stapler
[INFO] /tmp/plugin-builds/workflow-durable-task-step/src/test/java/org/jenkinsci/plugins/workflow/support/steps/AgentErrorConditionTest.java:[313,38] Generating org/jenkinsci/plugins/workflow/support/steps/AgentErrorConditionTest/WaitWithoutAgentStep.stapler
[INFO] /tmp/plugin-builds/workflow-durable-task-step/src/test/java/org/jenkinsci/plugins/workflow/support/steps/AgentErrorConditionTest.java:[340,38] Generating org/jenkinsci/plugins/workflow/support/steps/AgentErrorConditionTest/RetryThis.stapler
[INFO] /tmp/plugin-builds/workflow-durable-task-step/src/test/java/org/jenkinsci/plugins/workflow/steps/durable_task/DurableTaskStepTest.java: /tmp/plugin-builds/workflow-durable-task-step/src/test/java/org/jenkinsci/plugins/workflow/steps/durable_task/DurableTaskStepTest.java uses or overrides a deprecated API.
[INFO] /tmp/plugin-builds/workflow-durable-task-step/src/test/java/org/jenkinsci/plugins/workflow/steps/durable_task/DurableTaskStepTest.java: Recompile with -Xlint:deprecation for details.
[INFO] 
[INFO] --- hpi:3.61:test-hpl (default-test-hpl) @ workflow-durable-task-step ---
[INFO] Generating /tmp/plugin-builds/workflow-durable-task-step/target/test-classes/the.hpl
[INFO] 
[INFO] --- hpi:3.61:resolve-test-dependencies (default-resolve-test-dependencies) @ workflow-durable-task-step ---
Downloading from repo.jenkins-ci.org: https://repo.jenkins-ci.org/public/io/jenkins/plugins/environment-filter-utils/1.0/environment-filter-utils-1.0.hpi
Progress (1): 0.4/31 kBProgress (1): 1.8/31 kBProgress (1): 3.2/31 kBProgress (1): 4.6/31 kBProgress (1): 6.0/31 kBProgress (1): 7.4/31 kBProgress (1): 8.8/31 kBProgress (1): 10/31 kB Progress (1): 12/31 kBProgress (1): 13/31 kBProgress (1): 14/31 kBProgress (1): 16/31 kBProgress (1): 16/31 kBProgress (1): 17/31 kBProgress (1): 19/31 kBProgress (1): 20/31 kBProgress (1): 22/31 kBProgress (1): 23/31 kBProgress (1): 24/31 kBProgress (1): 26/31 kBProgress (1): 27/31 kBProgress (1): 29/31 kBProgress (1): 30/31 kBProgress (1): 31 kB                      Downloaded from repo.jenkins-ci.org: https://repo.jenkins-ci.org/public/io/jenkins/plugins/environment-filter-utils/1.0/environment-filter-utils-1.0.hpi (31 kB at 94 kB/s)
Downloading from repo.jenkins-ci.org: https://repo.jenkins-ci.org/public/io/jenkins/plugins/generic-environment-filters/1.2/generic-environment-filters-1.2.hpi
Downloading from repo.jenkins-ci.org: https://repo.jenkins-ci.org/public/org/jenkins-ci/plugins/mock-slave/189.vca_72fb_1d2b_52/mock-slave-189.vca_72fb_1d2b_52.hpi
Progress (1): 0.4/37 kBProgress (1): 1.8/37 kBProgress (1): 3.2/37 kBProgress (1): 4.6/37 kBProgress (1): 6.0/37 kBProgress (2): 6.0/37 kB | 0.4/24 kBProgress (2): 6.0/37 kB | 1.8/24 kBProgress (2): 6.0/37 kB | 3.2/24 kBProgress (2): 6.0/37 kB | 4.6/24 kBProgress (2): 6.0/37 kB | 6.0/24 kBProgress (2): 6.0/37 kB | 7.4/24 kBProgress (2): 6.0/37 kB | 8.8/24 kBProgress (2): 6.0/37 kB | 10/24 kB Progress (2): 6.0/37 kB | 12/24 kBProgress (2): 6.0/37 kB | 13/24 kBProgress (2): 6.0/37 kB | 14/24 kBProgress (2): 6.0/37 kB | 16/24 kBProgress (2): 6.0/37 kB | 17/24 kBProgress (2): 6.0/37 kB | 19/24 kBProgress (2): 6.0/37 kB | 20/24 kBProgress (2): 6.0/37 kB | 21/24 kBProgress (2): 6.0/37 kB | 23/24 kBProgress (2): 6.0/37 kB | 24 kB                                  Downloaded from repo.jenkins-ci.org: https://repo.jenkins-ci.org/public/io/jenkins/plugins/generic-environment-filters/1.2/generic-environment-filters-1.2.hpi (24 kB at 167 kB/s)
Progress (1): 7.4/37 kBProgress (1): 8.8/37 kBProgress (1): 10/37 kB Progress (1): 12/37 kBProgress (1): 13/37 kBProgress (1): 14/37 kBProgress (1): 16/37 kBProgress (1): 16/37 kBProgress (1): 17/37 kBProgress (1): 19/37 kBProgress (1): 20/37 kBProgress (1): 22/37 kBProgress (1): 23/37 kBProgress (1): 24/37 kBProgress (1): 26/37 kBProgress (1): 27/37 kBProgress (1): 29/37 kBProgress (1): 30/37 kBProgress (1): 31/37 kBProgress (1): 33/37 kBProgress (1): 34/37 kBProgress (1): 35/37 kBProgress (1): 37 kB                      Downloaded from repo.jenkins-ci.org: https://repo.jenkins-ci.org/public/org/jenkins-ci/plugins/mock-slave/189.vca_72fb_1d2b_52/mock-slave-189.vca_72fb_1d2b_52.hpi (37 kB at 121 kB/s)
[INFO] 
[INFO] --- hpi:3.61:test-runtime (default-test-runtime) @ workflow-durable-task-step ---
[INFO] Tests are skipped.
[INFO] 
[INFO] --- surefire:3.5.2:test (default-test) @ workflow-durable-task-step ---
[INFO] Tests are skipped.
[INFO] 
[INFO] --- license:165.v7e11f4e4a_325:process (default) @ workflow-durable-task-step ---
[INFO] ------------------------------------------------------------------------
[INFO] BUILD FAILURE
[INFO] ------------------------------------------------------------------------
[INFO] Total time:  14.794 s
[INFO] Finished at: 2025-06-21T18:05:06+02:00
[INFO] ------------------------------------------------------------------------
---------------------------------------------------
constituent[0]: file:/home/poddingue/.sdkman/candidates/maven/current/conf/logging/
constituent[1]: file:/home/poddingue/.sdkman/candidates/maven/current/lib/plexus-cipher-2.0.jar
constituent[2]: file:/home/poddingue/.sdkman/candidates/maven/current/lib/maven-shared-utils-3.4.2.jar
constituent[3]: file:/home/poddingue/.sdkman/candidates/maven/current/lib/wagon-provider-api-3.5.3.jar
constituent[4]: file:/home/poddingue/.sdkman/candidates/maven/current/lib/guice-5.1.0.jar
constituent[5]: file:/home/poddingue/.sdkman/candidates/maven/current/lib/httpclient-4.5.14.jar
constituent[6]: file:/home/poddingue/.sdkman/candidates/maven/current/lib/slf4j-api-1.7.36.jar
constituent[7]: file:/home/poddingue/.sdkman/candidates/maven/current/lib/commons-codec-1.17.1.jar
constituent[8]: file:/home/poddingue/.sdkman/candidates/maven/current/lib/maven-resolver-impl-1.9.22.jar
constituent[9]: file:/home/poddingue/.sdkman/candidates/maven/current/lib/maven-resolver-named-locks-1.9.22.jar
constituent[10]: file:/home/poddingue/.sdkman/candidates/maven/current/lib/maven-resolver-util-1.9.22.jar
constituent[11]: file:/home/poddingue/.sdkman/candidates/maven/current/lib/maven-resolver-transport-http-1.9.22.jar
constituent[12]: file:/home/poddingue/.sdkman/candidates/maven/current/lib/plexus-sec-dispatcher-2.0.jar
constituent[13]: file:/home/poddingue/.sdkman/candidates/maven/current/lib/maven-resolver-api-1.9.22.jar
constituent[14]: file:/home/poddingue/.sdkman/candidates/maven/current/lib/guava-33.2.1-jre.jar
constituent[15]: file:/home/poddingue/.sdkman/candidates/maven/current/lib/maven-settings-3.9.9.jar
constituent[16]: file:/home/poddingue/.sdkman/candidates/maven/current/lib/maven-resolver-transport-file-1.9.22.jar
constituent[17]: file:/home/poddingue/.sdkman/candidates/maven/current/lib/wagon-http-shared-3.5.3.jar
constituent[18]: file:/home/poddingue/.sdkman/candidates/maven/current/lib/maven-resolver-transport-wagon-1.9.22.jar
constituent[19]: file:/home/poddingue/.sdkman/candidates/maven/current/lib/plexus-interpolation-1.27.jar
constituent[20]: file:/home/poddingue/.sdkman/candidates/maven/current/lib/maven-model-3.9.9.jar
constituent[21]: file:/home/poddingue/.sdkman/candidates/maven/current/lib/maven-settings-builder-3.9.9.jar
constituent[22]: file:/home/poddingue/.sdkman/candidates/maven/current/lib/jansi-2.4.1.jar
constituent[23]: file:/home/poddingue/.sdkman/candidates/maven/current/lib/commons-cli-1.8.0.jar
constituent[24]: file:/home/poddingue/.sdkman/candidates/maven/current/lib/httpcore-4.4.16.jar
constituent[25]: file:/home/poddingue/.sdkman/candidates/maven/current/lib/maven-builder-support-3.9.9.jar
constituent[26]: file:/home/poddingue/.sdkman/candidates/maven/current/lib/maven-embedder-3.9.9.jar
constituent[27]: file:/home/poddingue/.sdkman/candidates/maven/current/lib/maven-artifact-3.9.9.jar
constituent[28]: file:/home/poddingue/.sdkman/candidates/maven/current/lib/maven-compat-3.9.9.jar
constituent[29]: file:/home/poddingue/.sdkman/candidates/maven/current/lib/wagon-http-3.5.3.jar
constituent[30]: file:/home/poddingue/.sdkman/candidates/maven/current/lib/maven-model-builder-3.9.9.jar
constituent[31]: file:/home/poddingue/.sdkman/candidates/maven/current/lib/aopalliance-1.0.jar
constituent[32]: file:/home/poddingue/.sdkman/candidates/maven/current/lib/maven-slf4j-provider-3.9.9.jar
constituent[33]: file:/home/poddingue/.sdkman/candidates/maven/current/lib/maven-resolver-connector-basic-1.9.22.jar
constituent[34]: file:/home/poddingue/.sdkman/candidates/maven/current/lib/maven-plugin-api-3.9.9.jar
constituent[35]: file:/home/poddingue/.sdkman/candidates/maven/current/lib/javax.annotation-api-1.3.2.jar
constituent[36]: file:/home/poddingue/.sdkman/candidates/maven/current/lib/org.eclipse.sisu.inject-0.9.0.M3.jar
constituent[37]: file:/home/poddingue/.sdkman/candidates/maven/current/lib/jcl-over-slf4j-1.7.36.jar
constituent[38]: file:/home/poddingue/.sdkman/candidates/maven/current/lib/plexus-xml-3.0.1.jar
constituent[39]: file:/home/poddingue/.sdkman/candidates/maven/current/lib/plexus-utils-3.5.1.jar
constituent[40]: file:/home/poddingue/.sdkman/candidates/maven/current/lib/maven-resolver-provider-3.9.9.jar
constituent[41]: file:/home/poddingue/.sdkman/candidates/maven/current/lib/org.eclipse.sisu.plexus-0.9.0.M3.jar
constituent[42]: file:/home/poddingue/.sdkman/candidates/maven/current/lib/maven-resolver-spi-1.9.22.jar
constituent[43]: file:/home/poddingue/.sdkman/candidates/maven/current/lib/javax.inject-1.jar
constituent[44]: file:/home/poddingue/.sdkman/candidates/maven/current/lib/maven-core-3.9.9.jar
constituent[45]: file:/home/poddingue/.sdkman/candidates/maven/current/lib/wagon-file-3.5.3.jar
constituent[46]: file:/home/poddingue/.sdkman/candidates/maven/current/lib/plexus-component-annotations-2.1.0.jar
constituent[47]: file:/home/poddingue/.sdkman/candidates/maven/current/lib/failureaccess-1.0.2.jar
constituent[48]: file:/home/poddingue/.sdkman/candidates/maven/current/lib/maven-repository-metadata-3.9.9.jar
---------------------------------------------------
Exception in thread "main" BUG! exception in phase 'semantic analysis' in source unit 'inlineScript' Unsupported class file major version 69
	at org.codehaus.groovy.control.CompilationUnit$ISourceUnitOperation.doPhaseOperation(CompilationUnit.java:901)
	at org.codehaus.groovy.control.CompilationUnit.processPhaseOperations(CompilationUnit.java:692)
	at org.codehaus.groovy.control.CompilationUnit.compile(CompilationUnit.java:666)
	at groovy.lang.GroovyClassLoader.doParseClass(GroovyClassLoader.java:365)
	at groovy.lang.GroovyClassLoader.lambda$parseClass$2(GroovyClassLoader.java:314)
	at org.codehaus.groovy.runtime.memoize.StampedCommonCache.compute(StampedCommonCache.java:163)
	at org.codehaus.groovy.runtime.memoize.StampedCommonCache.getAndPut(StampedCommonCache.java:154)
	at groovy.lang.GroovyClassLoader.parseClass(GroovyClassLoader.java:314)
	at groovy.lang.GroovyShell.parseClass(GroovyShell.java:572)
	at groovy.lang.GroovyShell.parse(GroovyShell.java:585)
	at groovy.lang.GroovyShell.parse(GroovyShell.java:639)
	at groovy.lang.GroovyShell.parse(GroovyShell.java:643)
	at com.cloudbees.maven.license.ProcessMojo.execute(ProcessMojo.java:154)
	at org.apache.maven.plugin.DefaultBuildPluginManager.executeMojo(DefaultBuildPluginManager.java:126)
	at org.apache.maven.lifecycle.internal.MojoExecutor.doExecute2(MojoExecutor.java:328)
	at org.apache.maven.lifecycle.internal.MojoExecutor.doExecute(MojoExecutor.java:316)
	at org.apache.maven.lifecycle.internal.MojoExecutor.execute(MojoExecutor.java:212)
	at org.apache.maven.lifecycle.internal.MojoExecutor.execute(MojoExecutor.java:174)
	at org.apache.maven.lifecycle.internal.MojoExecutor.access$000(MojoExecutor.java:75)
	at org.apache.maven.lifecycle.internal.MojoExecutor$1.run(MojoExecutor.java:162)
	at org.apache.maven.plugin.DefaultMojosExecutionStrategy.execute(DefaultMojosExecutionStrategy.java:39)
	at org.apache.maven.lifecycle.internal.MojoExecutor.execute(MojoExecutor.java:159)
	at org.apache.maven.lifecycle.internal.LifecycleModuleBuilder.buildProject(LifecycleModuleBuilder.java:105)
	at org.apache.maven.lifecycle.internal.LifecycleModuleBuilder.buildProject(LifecycleModuleBuilder.java:73)
	at org.apache.maven.lifecycle.internal.builder.singlethreaded.SingleThreadedBuilder.build(SingleThreadedBuilder.java:53)
	at org.apache.maven.lifecycle.internal.LifecycleStarter.execute(LifecycleStarter.java:118)
	at org.apache.maven.DefaultMaven.doExecute(DefaultMaven.java:261)
	at org.apache.maven.DefaultMaven.doExecute(DefaultMaven.java:173)
	at org.apache.maven.DefaultMaven.execute(DefaultMaven.java:101)
	at org.apache.maven.cli.MavenCli.execute(MavenCli.java:906)
	at org.apache.maven.cli.MavenCli.doMain(MavenCli.java:283)
	at org.apache.maven.cli.MavenCli.main(MavenCli.java:206)
	at java.base/jdk.internal.reflect.DirectMethodHandleAccessor.invoke(DirectMethodHandleAccessor.java:104)
	at java.base/java.lang.reflect.Method.invoke(Method.java:565)
	at org.codehaus.plexus.classworlds.launcher.Launcher.launchEnhanced(Launcher.java:255)
	at org.codehaus.plexus.classworlds.launcher.Launcher.launch(Launcher.java:201)
	at org.codehaus.plexus.classworlds.launcher.Launcher.mainWithExitCode(Launcher.java:361)
	at org.codehaus.plexus.classworlds.launcher.Launcher.main(Launcher.java:314)
Caused by: java.lang.IllegalArgumentException: Unsupported class file major version 69
	at groovyjarjarasm.asm.ClassReader.<init>(ClassReader.java:200)
	at groovyjarjarasm.asm.ClassReader.<init>(ClassReader.java:180)
	at groovyjarjarasm.asm.ClassReader.<init>(ClassReader.java:166)
	at groovyjarjarasm.asm.ClassReader.<init>(ClassReader.java:288)
	at org.codehaus.groovy.ast.decompiled.AsmDecompiler.parseClass(AsmDecompiler.java:83)
	at org.codehaus.groovy.control.ClassNodeResolver.findDecompiled(ClassNodeResolver.java:255)
	at org.codehaus.groovy.control.ClassNodeResolver.tryAsLoaderClassOrScript(ClassNodeResolver.java:193)
	at org.codehaus.groovy.control.ClassNodeResolver.findClassNode(ClassNodeResolver.java:175)
	at org.codehaus.groovy.control.ClassNodeResolver.resolveName(ClassNodeResolver.java:129)
	at org.codehaus.groovy.control.ResolveVisitor.resolveToOuter(ResolveVisitor.java:782)
	at org.codehaus.groovy.control.ResolveVisitor.resolve(ResolveVisitor.java:423)
	at org.codehaus.groovy.control.ResolveVisitor.resolveFromDefaultImports(ResolveVisitor.java:577)
	at org.codehaus.groovy.control.ResolveVisitor.resolveFromDefaultImports(ResolveVisitor.java:541)
	at org.codehaus.groovy.control.ResolveVisitor.resolve(ResolveVisitor.java:422)
	at org.codehaus.groovy.control.ResolveVisitor.resolve(ResolveVisitor.java:384)
	at org.codehaus.groovy.control.ResolveVisitor.resolveOrFail(ResolveVisitor.java:352)
	at org.codehaus.groovy.control.ResolveVisitor.resolveOrFail(ResolveVisitor.java:341)
	at org.codehaus.groovy.control.ResolveVisitor.resolveOrFail(ResolveVisitor.java:337)
	at org.codehaus.groovy.control.ResolveVisitor.transform(ResolveVisitor.java:817)
	at org.codehaus.groovy.control.ResolveVisitor.transformDeclarationExpression(ResolveVisitor.java:1173)
	at org.codehaus.groovy.control.ResolveVisitor.transform(ResolveVisitor.java:805)
	at org.codehaus.groovy.ast.ClassCodeExpressionTransformer.visitExpressionStatement(ClassCodeExpressionTransformer.java:129)
	at org.codehaus.groovy.ast.stmt.ExpressionStatement.visit(ExpressionStatement.java:41)
	at org.codehaus.groovy.ast.CodeVisitorSupport.visitBlockStatement(CodeVisitorSupport.java:86)
	at org.codehaus.groovy.ast.ClassCodeVisitorSupport.visitBlockStatement(ClassCodeVisitorSupport.java:168)
	at org.codehaus.groovy.control.ResolveVisitor.visitBlockStatement(ResolveVisitor.java:1386)
	at org.codehaus.groovy.ast.stmt.BlockStatement.visit(BlockStatement.java:72)
	at org.codehaus.groovy.control.ResolveVisitor.transformClosureExpression(ResolveVisitor.java:1125)
	at org.codehaus.groovy.control.ResolveVisitor.transform(ResolveVisitor.java:811)
	at org.codehaus.groovy.ast.expr.Expression.transformExpressions(Expression.java:49)
	at org.codehaus.groovy.ast.expr.ArgumentListExpression.transformExpression(ArgumentListExpression.java:67)
	at org.codehaus.groovy.control.ResolveVisitor.transform(ResolveVisitor.java:818)
	at org.codehaus.groovy.control.ResolveVisitor.transformMethodCallExpression(ResolveVisitor.java:1147)
	at org.codehaus.groovy.control.ResolveVisitor.transform(ResolveVisitor.java:809)
	at org.codehaus.groovy.ast.ClassCodeExpressionTransformer.visitExpressionStatement(ClassCodeExpressionTransformer.java:129)
	at org.codehaus.groovy.ast.stmt.ExpressionStatement.visit(ExpressionStatement.java:41)
	at org.codehaus.groovy.ast.CodeVisitorSupport.visitBlockStatement(CodeVisitorSupport.java:86)
	at org.codehaus.groovy.ast.ClassCodeVisitorSupport.visitBlockStatement(ClassCodeVisitorSupport.java:168)
	at org.codehaus.groovy.control.ResolveVisitor.visitBlockStatement(ResolveVisitor.java:1386)
	at org.codehaus.groovy.ast.stmt.BlockStatement.visit(BlockStatement.java:72)
	at org.codehaus.groovy.ast.ClassCodeVisitorSupport.visitClassCodeContainer(ClassCodeVisitorSupport.java:142)
	at org.codehaus.groovy.ast.ClassCodeVisitorSupport.visitConstructorOrMethod(ClassCodeVisitorSupport.java:115)
	at org.codehaus.groovy.ast.ClassCodeExpressionTransformer.visitConstructorOrMethod(ClassCodeExpressionTransformer.java:87)
	at org.codehaus.groovy.control.ResolveVisitor.visitConstructorOrMethod(ResolveVisitor.java:329)
	at org.codehaus.groovy.ast.ClassCodeVisitorSupport.visitMethod(ClassCodeVisitorSupport.java:110)
	at org.codehaus.groovy.ast.ClassNode.visitMethods(ClassNode.java:1132)
	at org.codehaus.groovy.ast.ClassNode.visitContents(ClassNode.java:1125)
	at org.codehaus.groovy.control.ResolveVisitor.visitClass(ResolveVisitor.java:1315)
	at org.codehaus.groovy.control.ResolveVisitor.startResolving(ResolveVisitor.java:258)
	at org.codehaus.groovy.control.CompilationUnit.lambda$addPhaseOperations$4(CompilationUnit.java:218)
	at org.codehaus.groovy.control.CompilationUnit$ISourceUnitOperation.doPhaseOperation(CompilationUnit.java:897)
	... 37 more
