WARNING: A restricted method in java.lang.System has been called
WARNING: java.lang.System::load has been called by org.fusesource.jansi.internal.JansiLoader in an unnamed module (file:/home/poddingue/.sdkman/candidates/maven/current/lib/jansi-2.4.1.jar)
WARNING: Use --enable-native-access=ALL-UNNAMED to avoid a warning for callers in this module
WARNING: Restricted methods will be blocked in a future release unless native access is enabled

WARNING: A terminally deprecated method in sun.misc.Unsafe has been called
WARNING: sun.misc.Unsafe::objectFieldOffset has been called by com.google.common.util.concurrent.AbstractFuture$UnsafeAtomicHelper (file:/home/poddingue/.sdkman/candidates/maven/current/lib/guava-33.2.1-jre.jar)
WARNING: Please consider reporting this to the maintainers of class com.google.common.util.concurrent.AbstractFuture$UnsafeAtomicHelper
WARNING: sun.misc.Unsafe::objectFieldOffset will be removed in a future release
[INFO] Scanning for projects...
[INFO] 
[INFO] --------< org.jenkins-ci.plugins.workflow:workflow-basic-steps >--------
[INFO] Building Pipeline: Basic Steps 999999-SNAPSHOT
[INFO]   from pom.xml
[INFO] --------------------------------[ hpi ]---------------------------------
Downloading from repo.jenkins-ci.org: https://repo.jenkins-ci.org/public/org/jenkins-ci/plugins/javadoc/280.v050b_5c849f69/javadoc-280.v050b_5c849f69.pom
Progress (1): 0.4/1.7 kBProgress (1): 1.7 kB                        Downloaded from repo.jenkins-ci.org: https://repo.jenkins-ci.org/public/org/jenkins-ci/plugins/javadoc/280.v050b_5c849f69/javadoc-280.v050b_5c849f69.pom (1.7 kB at 2.2 kB/s)
Downloading from repo.jenkins-ci.org: https://repo.jenkins-ci.org/public/org/jenkins-ci/plugins/matrix-project/845.vffd7fa_f27555/matrix-project-845.vffd7fa_f27555.pom
Progress (1): 0.4/2.3 kBProgress (1): 1.8/2.3 kBProgress (1): 2.3 kB                        Downloaded from repo.jenkins-ci.org: https://repo.jenkins-ci.org/public/org/jenkins-ci/plugins/matrix-project/845.vffd7fa_f27555/matrix-project-845.vffd7fa_f27555.pom (2.3 kB at 22 kB/s)
Downloading from repo.jenkins-ci.org: https://repo.jenkins-ci.org/public/org/jenkins-ci/plugins/ansicolor/1.0.5/ansicolor-1.0.5.pom
Progress (1): 0.5/2.5 kBProgress (1): 1.9/2.5 kBProgress (1): 2.5 kB                        Downloaded from repo.jenkins-ci.org: https://repo.jenkins-ci.org/public/org/jenkins-ci/plugins/ansicolor/1.0.5/ansicolor-1.0.5.pom (2.5 kB at 24 kB/s)
Downloading from repo.jenkins-ci.org: https://repo.jenkins-ci.org/public/org/jenkins-ci/plugins/workflow/workflow-cps/4014.vcd7dc51d8b_30/workflow-cps-4014.vcd7dc51d8b_30-tests.jar
Progress (1): 16/496 kBProgress (1): 17/496 kBProgress (1): 33/496 kBProgress (1): 34/496 kBProgress (1): 51/496 kBProgress (1): 52/496 kBProgress (1): 68/496 kBProgress (1): 69/496 kBProgress (1): 85/496 kBProgress (1): 86/496 kBProgress (1): 103/496 kBProgress (1): 104/496 kBProgress (1): 120/496 kBProgress (1): 121/496 kBProgress (1): 138/496 kBProgress (1): 139/496 kBProgress (1): 155/496 kBProgress (1): 156/496 kBProgress (1): 172/496 kBProgress (1): 173/496 kBProgress (1): 190/496 kBProgress (1): 191/496 kBProgress (1): 207/496 kBProgress (1): 208/496 kBProgress (1): 225/496 kBProgress (1): 226/496 kBProgress (1): 242/496 kBProgress (1): 243/496 kBProgress (1): 260/496 kBProgress (1): 261/496 kBProgress (1): 277/496 kBProgress (1): 278/496 kBProgress (1): 294/496 kBProgress (1): 295/496 kBProgress (1): 312/496 kBProgress (1): 313/496 kBProgress (1): 329/496 kBProgress (1): 330/496 kBProgress (1): 347/496 kBProgress (1): 348/496 kBProgress (1): 364/496 kBProgress (1): 365/496 kBProgress (1): 381/496 kBProgress (1): 382/496 kBProgress (1): 399/496 kBProgress (1): 400/496 kBProgress (1): 416/496 kBProgress (1): 417/496 kBProgress (1): 434/496 kBProgress (1): 435/496 kBProgress (1): 451/496 kBProgress (1): 452/496 kBProgress (1): 468/496 kBProgress (1): 469/496 kBProgress (1): 486/496 kBProgress (1): 487/496 kBProgress (1): 496 kB                        Downloaded from repo.jenkins-ci.org: https://repo.jenkins-ci.org/public/org/jenkins-ci/plugins/workflow/workflow-cps/4014.vcd7dc51d8b_30/workflow-cps-4014.vcd7dc51d8b_30-tests.jar (496 kB at 494 kB/s)
Downloading from repo.jenkins-ci.org: https://repo.jenkins-ci.org/public/org/jenkins-ci/plugins/javadoc/280.v050b_5c849f69/javadoc-280.v050b_5c849f69.jar
Downloading from repo.jenkins-ci.org: https://repo.jenkins-ci.org/public/org/jenkins-ci/plugins/matrix-project/845.vffd7fa_f27555/matrix-project-845.vffd7fa_f27555.jar
Downloading from repo.jenkins-ci.org: https://repo.jenkins-ci.org/public/org/jenkins-ci/plugins/ansicolor/1.0.5/ansicolor-1.0.5.jar
Downloading from repo.jenkins-ci.org: https://repo.jenkins-ci.org/public/org/jenkins-ci/plugins/workflow/workflow-api/1363.v03f731255494/workflow-api-1363.v03f731255494-tests.jar
Progress (1): 0.4/39 kBProgress (1): 1.8/39 kBProgress (1): 3.2/39 kBProgress (1): 4.6/39 kBProgress (1): 6.0/39 kBProgress (2): 6.0/39 kB | 16/252 kBProgress (2): 6.0/39 kB | 17/252 kBProgress (2): 6.0/39 kB | 33/252 kBProgress (2): 6.0/39 kB | 34/252 kBProgress (2): 6.0/39 kB | 51/252 kBProgress (2): 6.0/39 kB | 52/252 kBProgress (2): 6.0/39 kB | 68/252 kBProgress (2): 6.0/39 kB | 69/252 kBProgress (2): 6.0/39 kB | 85/252 kBProgress (2): 6.0/39 kB | 86/252 kBProgress (2): 6.0/39 kB | 103/252 kBProgress (2): 6.0/39 kB | 104/252 kBProgress (2): 6.0/39 kB | 116/252 kBProgress (2): 6.0/39 kB | 133/252 kBProgress (2): 6.0/39 kB | 134/252 kBProgress (2): 6.0/39 kB | 150/252 kBProgress (2): 6.0/39 kB | 151/252 kBProgress (2): 6.0/39 kB | 168/252 kBProgress (2): 6.0/39 kB | 169/252 kBProgress (2): 6.0/39 kB | 185/252 kBProgress (2): 6.0/39 kB | 186/252 kBProgress (2): 6.0/39 kB | 188/252 kBProgress (2): 6.0/39 kB | 205/252 kBProgress (2): 6.0/39 kB | 206/252 kBProgress (2): 6.0/39 kB | 222/252 kBProgress (2): 6.0/39 kB | 223/252 kBProgress (2): 6.0/39 kB | 240/252 kBProgress (2): 6.0/39 kB | 241/252 kBProgress (2): 6.0/39 kB | 242/252 kBProgress (2): 6.0/39 kB | 252 kB    Progress (2): 7.4/39 kB | 252 kBProgress (2): 8.8/39 kB | 252 kBProgress (2): 10/39 kB | 252 kB Progress (2): 12/39 kB | 252 kBProgress (2): 13/39 kB | 252 kBProgress (2): 14/39 kB | 252 kBProgress (2): 16/39 kB | 252 kBProgress (2): 16/39 kB | 252 kBProgress (2): 17/39 kB | 252 kBProgress (2): 19/39 kB | 252 kBProgress (3): 19/39 kB | 252 kB | 0.4/175 kBProgress (3): 20/39 kB | 252 kB | 0.4/175 kBProgress (3): 22/39 kB | 252 kB | 0.4/175 kBProgress (3): 23/39 kB | 252 kB | 0.4/175 kBProgress (3): 23/39 kB | 252 kB | 1.8/175 kBProgress (3): 24/39 kB | 252 kB | 1.8/175 kBProgress (3): 24/39 kB | 252 kB | 3.2/175 kBProgress (3): 26/39 kB | 252 kB | 3.2/175 kBProgress (3): 26/39 kB | 252 kB | 4.6/175 kBProgress (3): 27/39 kB | 252 kB | 4.6/175 kBProgress (3): 27/39 kB | 252 kB | 6.0/175 kBProgress (3): 29/39 kB | 252 kB | 6.0/175 kBProgress (3): 29/39 kB | 252 kB | 7.4/175 kBProgress (3): 30/39 kB | 252 kB | 7.4/175 kB                                            Downloaded from repo.jenkins-ci.org: https://repo.jenkins-ci.org/public/org/jenkins-ci/plugins/matrix-project/845.vffd7fa_f27555/matrix-project-845.vffd7fa_f27555.jar (252 kB at 611 kB/s)
Progress (2): 30/39 kB | 8.8/175 kBProgress (2): 31/39 kB | 8.8/175 kBProgress (2): 31/39 kB | 10/175 kB Progress (2): 33/39 kB | 10/175 kBProgress (2): 34/39 kB | 10/175 kBProgress (2): 34/39 kB | 12/175 kBProgress (2): 36/39 kB | 12/175 kBProgress (2): 37/39 kB | 12/175 kBProgress (2): 37/39 kB | 13/175 kBProgress (2): 38/39 kB | 13/175 kBProgress (2): 39 kB | 13/175 kB   Progress (2): 39 kB | 14/175 kBProgress (2): 39 kB | 16/175 kBProgress (2): 39 kB | 16/175 kBProgress (2): 39 kB | 17/175 kBProgress (2): 39 kB | 19/175 kBProgress (2): 39 kB | 20/175 kBProgress (2): 39 kB | 21/175 kBProgress (2): 39 kB | 23/175 kBProgress (2): 39 kB | 24/175 kBProgress (2): 39 kB | 26/175 kBProgress (2): 39 kB | 27/175 kBProgress (2): 39 kB | 28/175 kB                               Downloaded from repo.jenkins-ci.org: https://repo.jenkins-ci.org/public/org/jenkins-ci/plugins/javadoc/280.v050b_5c849f69/javadoc-280.v050b_5c849f69.jar (39 kB at 83 kB/s)
Progress (1): 30/175 kBProgress (1): 31/175 kBProgress (1): 33/175 kBProgress (1): 34/175 kBProgress (1): 35/175 kBProgress (2): 35/175 kB | 0.5/77 kBProgress (2): 35/175 kB | 1.9/77 kBProgress (2): 35/175 kB | 3.3/77 kBProgress (2): 35/175 kB | 4.7/77 kBProgress (2): 35/175 kB | 6.1/77 kBProgress (2): 35/175 kB | 7.5/77 kBProgress (2): 37/175 kB | 7.5/77 kBProgress (2): 38/175 kB | 7.5/77 kBProgress (2): 40/175 kB | 7.5/77 kBProgress (2): 41/175 kB | 7.5/77 kBProgress (2): 42/175 kB | 7.5/77 kBProgress (2): 44/175 kB | 7.5/77 kBProgress (2): 45/175 kB | 7.5/77 kBProgress (2): 47/175 kB | 7.5/77 kBProgress (2): 48/175 kB | 7.5/77 kBProgress (2): 49/175 kB | 7.5/77 kBProgress (2): 51/175 kB | 7.5/77 kBProgress (2): 52/175 kB | 7.5/77 kBProgress (2): 54/175 kB | 7.5/77 kBProgress (2): 55/175 kB | 7.5/77 kBProgress (2): 56/175 kB | 7.5/77 kBProgress (2): 58/175 kB | 7.5/77 kBProgress (2): 59/175 kB | 7.5/77 kBProgress (2): 61/175 kB | 7.5/77 kBProgress (2): 62/175 kB | 7.5/77 kBProgress (2): 63/175 kB | 7.5/77 kBProgress (2): 65/175 kB | 7.5/77 kBProgress (2): 66/175 kB | 7.5/77 kBProgress (2): 68/175 kB | 7.5/77 kBProgress (2): 69/175 kB | 7.5/77 kBProgress (2): 70/175 kB | 7.5/77 kBProgress (2): 72/175 kB | 7.5/77 kBProgress (2): 73/175 kB | 7.5/77 kBProgress (2): 75/175 kB | 7.5/77 kBProgress (2): 76/175 kB | 7.5/77 kBProgress (2): 77/175 kB | 7.5/77 kBProgress (2): 79/175 kB | 7.5/77 kBProgress (2): 79/175 kB | 8.9/77 kBProgress (2): 79/175 kB | 10/77 kB Progress (2): 79/175 kB | 12/77 kBProgress (2): 79/175 kB | 13/77 kBProgress (2): 79/175 kB | 14/77 kBProgress (2): 79/175 kB | 16/77 kBProgress (2): 79/175 kB | 16/77 kBProgress (2): 79/175 kB | 17/77 kBProgress (2): 79/175 kB | 19/77 kBProgress (2): 79/175 kB | 20/77 kBProgress (2): 79/175 kB | 22/77 kBProgress (2): 79/175 kB | 23/77 kBProgress (2): 79/175 kB | 24/77 kBProgress (2): 79/175 kB | 26/77 kBProgress (2): 79/175 kB | 27/77 kBProgress (2): 79/175 kB | 29/77 kBProgress (2): 79/175 kB | 30/77 kBProgress (2): 79/175 kB | 31/77 kBProgress (2): 79/175 kB | 33/77 kBProgress (2): 79/175 kB | 34/77 kBProgress (2): 79/175 kB | 35/77 kBProgress (2): 79/175 kB | 37/77 kBProgress (2): 79/175 kB | 38/77 kBProgress (2): 79/175 kB | 40/77 kBProgress (2): 80/175 kB | 40/77 kBProgress (2): 82/175 kB | 40/77 kBProgress (2): 83/175 kB | 40/77 kBProgress (2): 84/175 kB | 40/77 kBProgress (2): 86/175 kB | 40/77 kBProgress (2): 87/175 kB | 40/77 kBProgress (2): 89/175 kB | 40/77 kBProgress (2): 90/175 kB | 40/77 kBProgress (2): 91/175 kB | 40/77 kBProgress (2): 93/175 kB | 40/77 kBProgress (2): 94/175 kB | 40/77 kBProgress (2): 96/175 kB | 40/77 kBProgress (2): 97/175 kB | 40/77 kBProgress (2): 98/175 kB | 40/77 kBProgress (2): 100/175 kB | 40/77 kBProgress (2): 101/175 kB | 40/77 kBProgress (2): 103/175 kB | 40/77 kBProgress (2): 104/175 kB | 40/77 kBProgress (2): 105/175 kB | 40/77 kBProgress (2): 107/175 kB | 40/77 kBProgress (2): 108/175 kB | 40/77 kBProgress (2): 110/175 kB | 40/77 kBProgress (2): 111/175 kB | 40/77 kBProgress (2): 112/175 kB | 40/77 kBProgress (2): 114/175 kB | 40/77 kBProgress (2): 115/175 kB | 40/77 kBProgress (2): 117/175 kB | 40/77 kBProgress (2): 118/175 kB | 40/77 kBProgress (2): 119/175 kB | 40/77 kBProgress (2): 121/175 kB | 40/77 kBProgress (2): 122/175 kB | 40/77 kBProgress (2): 124/175 kB | 40/77 kBProgress (2): 125/175 kB | 40/77 kBProgress (2): 126/175 kB | 40/77 kBProgress (2): 128/175 kB | 40/77 kBProgress (2): 129/175 kB | 40/77 kBProgress (2): 131/175 kB | 40/77 kBProgress (2): 132/175 kB | 40/77 kBProgress (2): 133/175 kB | 40/77 kBProgress (2): 135/175 kB | 40/77 kBProgress (2): 136/175 kB | 40/77 kBProgress (2): 138/175 kB | 40/77 kBProgress (2): 139/175 kB | 40/77 kBProgress (2): 139/175 kB | 41/77 kBProgress (2): 140/175 kB | 41/77 kBProgress (2): 140/175 kB | 42/77 kBProgress (2): 140/175 kB | 44/77 kBProgress (2): 142/175 kB | 44/77 kBProgress (2): 142/175 kB | 45/77 kBProgress (2): 143/175 kB | 45/77 kBProgress (2): 143/175 kB | 47/77 kBProgress (2): 143/175 kB | 48/77 kBProgress (2): 145/175 kB | 48/77 kBProgress (2): 145/175 kB | 49/77 kBProgress (2): 146/175 kB | 49/77 kBProgress (2): 146/175 kB | 51/77 kBProgress (2): 147/175 kB | 51/77 kBProgress (2): 147/175 kB | 52/77 kBProgress (2): 149/175 kB | 52/77 kBProgress (2): 149/175 kB | 54/77 kBProgress (2): 150/175 kB | 54/77 kBProgress (2): 150/175 kB | 55/77 kBProgress (2): 152/175 kB | 55/77 kBProgress (2): 152/175 kB | 56/77 kBProgress (2): 153/175 kB | 56/77 kBProgress (2): 154/175 kB | 56/77 kBProgress (2): 156/175 kB | 56/77 kBProgress (2): 157/175 kB | 56/77 kBProgress (2): 159/175 kB | 56/77 kBProgress (2): 160/175 kB | 56/77 kBProgress (2): 161/175 kB | 56/77 kBProgress (2): 163/175 kB | 56/77 kBProgress (2): 164/175 kB | 56/77 kBProgress (2): 165/175 kB | 56/77 kBProgress (2): 165/175 kB | 58/77 kBProgress (2): 166/175 kB | 58/77 kBProgress (2): 168/175 kB | 58/77 kBProgress (2): 169/175 kB | 58/77 kBProgress (2): 171/175 kB | 58/77 kBProgress (2): 172/175 kB | 58/77 kBProgress (2): 173/175 kB | 58/77 kBProgress (2): 175/175 kB | 58/77 kBProgress (2): 175/175 kB | 59/77 kBProgress (2): 175 kB | 59/77 kB    Progress (2): 175 kB | 61/77 kBProgress (2): 175 kB | 62/77 kBProgress (2): 175 kB | 63/77 kBProgress (2): 175 kB | 65/77 kBProgress (2): 175 kB | 66/77 kBProgress (2): 175 kB | 68/77 kBProgress (2): 175 kB | 69/77 kBProgress (2): 175 kB | 70/77 kBProgress (2): 175 kB | 72/77 kBProgress (2): 175 kB | 73/77 kBProgress (2): 175 kB | 75/77 kBProgress (2): 175 kB | 76/77 kBProgress (2): 175 kB | 77 kB                               Downloaded from repo.jenkins-ci.org: https://repo.jenkins-ci.org/public/org/jenkins-ci/plugins/workflow/workflow-api/1363.v03f731255494/workflow-api-1363.v03f731255494-tests.jar (175 kB at 265 kB/s)
Downloaded from repo.jenkins-ci.org: https://repo.jenkins-ci.org/public/org/jenkins-ci/plugins/ansicolor/1.0.5/ansicolor-1.0.5.jar (77 kB at 116 kB/s)
[INFO] 
[INFO] --- clean:3.4.1:clean (default-clean) @ workflow-basic-steps ---
[INFO] 
[INFO] --- hpi:3.61:validate (default-validate) @ workflow-basic-steps ---
[INFO] Created marker file /tmp/plugin-builds/workflow-basic-steps/target/java-level/17
[INFO] 
[INFO] --- hpi:3.61:validate-hpi (default-validate-hpi) @ workflow-basic-steps ---
[INFO] 
[INFO] --- enforcer:3.5.0:enforce (display-info) @ workflow-basic-steps ---
[INFO] Rule 0: io.jenkins.tools.incrementals.enforcer.RequireExtensionVersion passed
[INFO] Rule 1: org.apache.maven.enforcer.rules.version.RequireMavenVersion passed
[INFO] Rule 2: org.apache.maven.enforcer.rules.version.RequireJavaVersion passed
[INFO] Rule 3: org.codehaus.mojo.extraenforcer.dependencies.EnforceBytecodeVersion passed
[INFO] Rule 4: org.apache.maven.enforcer.rules.dependency.BannedDependencies passed
[INFO] Rule 5: org.apache.maven.enforcer.rules.dependency.BannedDependencies passed
[INFO] Rule 6: org.apache.maven.enforcer.rules.dependency.RequireUpperBoundDeps passed
[INFO] 
[INFO] --- enforcer:3.5.0:enforce (no-snapshots-in-release) @ workflow-basic-steps ---
[INFO] Rule 0: org.apache.maven.enforcer.rules.dependency.RequireReleaseDeps passed
[INFO] 
[INFO] --- localizer:1.31:generate (default) @ workflow-basic-steps ---
[INFO] 
[INFO] --- resources:3.3.1:resources (default-resources) @ workflow-basic-steps ---
[INFO] Copying 98 resources from src/main/resources to target/classes
[INFO] 
[INFO] --- flatten:1.7.0:flatten (flatten) @ workflow-basic-steps ---
[INFO] Generating flattened POM of project org.jenkins-ci.plugins.workflow:workflow-basic-steps:hpi:999999-SNAPSHOT...
[INFO] 
[INFO] --- compiler:3.14.0:compile (default-compile) @ workflow-basic-steps ---
[INFO] Recompiling the module because of changed source code.
[INFO] Compiling 34 source files with javac [debug parameters release 17] to target/classes
[INFO] org.jenkinsci.plugins.workflow.steps.ArtifactArchiverStep.DescriptorImpl indexed under hudson.Extension
[INFO] org.jenkinsci.plugins.workflow.steps.ArtifactUnarchiverStep.DescriptorImpl indexed under hudson.Extension
[INFO] org.jenkinsci.plugins.workflow.steps.CatchErrorStep.DescriptorImpl indexed under hudson.Extension
[INFO] org.jenkinsci.plugins.workflow.steps.CoreStep.DescriptorImpl indexed under hudson.Extension
[INFO] org.jenkinsci.plugins.workflow.steps.CoreWrapperStep.DescriptorImpl indexed under hudson.Extension
[INFO] org.jenkinsci.plugins.workflow.steps.DeleteDirStep.DescriptorImpl indexed under hudson.Extension
[INFO] org.jenkinsci.plugins.workflow.steps.EchoStep.DescriptorImpl indexed under hudson.Extension
[INFO] org.jenkinsci.plugins.workflow.steps.EnvStep.DescriptorImpl indexed under hudson.Extension
[INFO] org.jenkinsci.plugins.workflow.steps.ErrorStep.DescriptorImpl indexed under hudson.Extension
[INFO] org.jenkinsci.plugins.workflow.steps.FileExistsStep.DescriptorImpl indexed under hudson.Extension
[INFO] org.jenkinsci.plugins.workflow.steps.GetContextStep.DescriptorImpl indexed under hudson.Extension
[INFO] org.jenkinsci.plugins.workflow.steps.IsUnixStep.DescriptorImpl indexed under hudson.Extension
[INFO] org.jenkinsci.plugins.workflow.steps.MailStep.DescriptorImpl indexed under hudson.Extension
[INFO] org.jenkinsci.plugins.workflow.steps.PwdStep.DescriptorImpl indexed under hudson.Extension
[INFO] org.jenkinsci.plugins.workflow.steps.ReadFileStep.DescriptorImpl indexed under hudson.Extension
[INFO] org.jenkinsci.plugins.workflow.steps.RetryStep.DescriptorImpl indexed under hudson.Extension
[INFO] org.jenkinsci.plugins.workflow.steps.SleepStep.DescriptorImpl indexed under hudson.Extension
[INFO] org.jenkinsci.plugins.workflow.steps.SynchronousResumeNotSupportedErrorCondition.DescriptorImpl indexed under hudson.Extension
[INFO] org.jenkinsci.plugins.workflow.steps.TimeoutStep.DescriptorImpl indexed under hudson.Extension
[INFO] org.jenkinsci.plugins.workflow.steps.ToolStep.DescriptorImpl indexed under hudson.Extension
[INFO] org.jenkinsci.plugins.workflow.steps.UnstableStep.DescriptorImpl indexed under hudson.Extension
[INFO] org.jenkinsci.plugins.workflow.steps.WaitForConditionStep.DescriptorImpl indexed under hudson.Extension
[INFO] org.jenkinsci.plugins.workflow.steps.WarnErrorStep.DescriptorImpl indexed under hudson.Extension
[INFO] org.jenkinsci.plugins.workflow.steps.WithContextStep.DescriptorImpl indexed under hudson.Extension
[INFO] org.jenkinsci.plugins.workflow.steps.WriteFileStep.DescriptorImpl indexed under hudson.Extension
[INFO] org.jenkinsci.plugins.workflow.support.steps.stash.StashStep.DescriptorImpl indexed under hudson.Extension
[INFO] org.jenkinsci.plugins.workflow.support.steps.stash.UnstashStep.DescriptorImpl indexed under hudson.Extension
[INFO] /tmp/plugin-builds/workflow-basic-steps/src/main/java/org/jenkinsci/plugins/workflow/steps/ArtifactArchiverStep.java:[27,12] Generating org/jenkinsci/plugins/workflow/steps/ArtifactArchiverStep.stapler
[INFO] /tmp/plugin-builds/workflow-basic-steps/src/main/java/org/jenkinsci/plugins/workflow/steps/ArtifactUnarchiverStep.java:[26,34] Generating org/jenkinsci/plugins/workflow/steps/ArtifactUnarchiverStep.stapler
[INFO] /tmp/plugin-builds/workflow-basic-steps/src/main/java/org/jenkinsci/plugins/workflow/steps/CatchErrorStep.java:[64,34] Generating org/jenkinsci/plugins/workflow/steps/CatchErrorStep.stapler
[INFO] /tmp/plugin-builds/workflow-basic-steps/src/main/java/org/jenkinsci/plugins/workflow/steps/CoreStep.java:[63,34] Generating org/jenkinsci/plugins/workflow/steps/CoreStep.stapler
[INFO] /tmp/plugin-builds/workflow-basic-steps/src/main/java/org/jenkinsci/plugins/workflow/steps/CoreWrapperStep.java:[59,34] Generating org/jenkinsci/plugins/workflow/steps/CoreWrapperStep.stapler
[INFO] /tmp/plugin-builds/workflow-basic-steps/src/main/java/org/jenkinsci/plugins/workflow/steps/DeleteDirStep.java:[42,12] Generating org/jenkinsci/plugins/workflow/steps/DeleteDirStep.stapler
[INFO] /tmp/plugin-builds/workflow-basic-steps/src/main/java/org/jenkinsci/plugins/workflow/steps/EchoStep.java:[43,12] Generating org/jenkinsci/plugins/workflow/steps/EchoStep.stapler
[INFO] /tmp/plugin-builds/workflow-basic-steps/src/main/java/org/jenkinsci/plugins/workflow/steps/EnvStep.java:[50,34] Generating org/jenkinsci/plugins/workflow/steps/EnvStep.stapler
[INFO] /tmp/plugin-builds/workflow-basic-steps/src/main/java/org/jenkinsci/plugins/workflow/steps/ErrorStep.java:[39,34] Generating org/jenkinsci/plugins/workflow/steps/ErrorStep.stapler
[INFO] /tmp/plugin-builds/workflow-basic-steps/src/main/java/org/jenkinsci/plugins/workflow/steps/FileExistsStep.java:[43,34] Generating org/jenkinsci/plugins/workflow/steps/FileExistsStep.stapler
[INFO] /tmp/plugin-builds/workflow-basic-steps/src/main/java/org/jenkinsci/plugins/workflow/steps/GetContextStep.java:[41,34] Generating org/jenkinsci/plugins/workflow/steps/GetContextStep.stapler
[INFO] /tmp/plugin-builds/workflow-basic-steps/src/main/java/org/jenkinsci/plugins/workflow/steps/IsUnixStep.java:[39,34] Generating org/jenkinsci/plugins/workflow/steps/IsUnixStep.stapler
[INFO] /tmp/plugin-builds/workflow-basic-steps/src/main/java/org/jenkinsci/plugins/workflow/steps/MailStep.java:[76,12] Generating org/jenkinsci/plugins/workflow/steps/MailStep.stapler
[INFO] /tmp/plugin-builds/workflow-basic-steps/src/main/java/org/jenkinsci/plugins/workflow/steps/PwdStep.java:[55,34] Generating org/jenkinsci/plugins/workflow/steps/PwdStep.stapler
[INFO] /tmp/plugin-builds/workflow-basic-steps/src/main/java/org/jenkinsci/plugins/workflow/steps/ReadFileStep.java:[49,34] Generating org/jenkinsci/plugins/workflow/steps/ReadFileStep.stapler
[INFO] /tmp/plugin-builds/workflow-basic-steps/src/main/java/org/jenkinsci/plugins/workflow/steps/RetryStep.java:[50,12] Generating org/jenkinsci/plugins/workflow/steps/RetryStep.stapler
[INFO] /tmp/plugin-builds/workflow-basic-steps/src/main/java/org/jenkinsci/plugins/workflow/steps/SleepStep.java:[50,34] Generating org/jenkinsci/plugins/workflow/steps/SleepStep.stapler
[INFO] /tmp/plugin-builds/workflow-basic-steps/src/main/java/org/jenkinsci/plugins/workflow/steps/SynchronousResumeNotSupportedErrorCondition.java:[38,34] Generating org/jenkinsci/plugins/workflow/steps/SynchronousResumeNotSupportedErrorCondition.stapler
[INFO] /tmp/plugin-builds/workflow-basic-steps/src/main/java/org/jenkinsci/plugins/workflow/steps/TimeoutStep.java:[29,12] Generating org/jenkinsci/plugins/workflow/steps/TimeoutStep.stapler
[INFO] /tmp/plugin-builds/workflow-basic-steps/src/main/java/org/jenkinsci/plugins/workflow/steps/ToolStep.java:[61,34] Generating org/jenkinsci/plugins/workflow/steps/ToolStep.stapler
[INFO] /tmp/plugin-builds/workflow-basic-steps/src/main/java/org/jenkinsci/plugins/workflow/steps/UnstableStep.java:[47,12] Generating org/jenkinsci/plugins/workflow/steps/UnstableStep.stapler
[INFO] /tmp/plugin-builds/workflow-basic-steps/src/main/java/org/jenkinsci/plugins/workflow/steps/WaitForConditionStep.java:[48,34] Generating org/jenkinsci/plugins/workflow/steps/WaitForConditionStep.stapler
[INFO] /tmp/plugin-builds/workflow-basic-steps/src/main/java/org/jenkinsci/plugins/workflow/steps/WarnErrorStep.java:[56,12] Generating org/jenkinsci/plugins/workflow/steps/WarnErrorStep.stapler
[INFO] /tmp/plugin-builds/workflow-basic-steps/src/main/java/org/jenkinsci/plugins/workflow/steps/WithContextStep.java:[43,34] Generating org/jenkinsci/plugins/workflow/steps/WithContextStep.stapler
[INFO] /tmp/plugin-builds/workflow-basic-steps/src/main/java/org/jenkinsci/plugins/workflow/steps/WriteFileStep.java:[47,34] Generating org/jenkinsci/plugins/workflow/steps/WriteFileStep.stapler
[INFO] /tmp/plugin-builds/workflow-basic-steps/src/main/java/org/jenkinsci/plugins/workflow/support/steps/stash/StashStep.java:[59,34] Generating org/jenkinsci/plugins/workflow/support/steps/stash/StashStep.stapler
[INFO] /tmp/plugin-builds/workflow-basic-steps/src/main/java/org/jenkinsci/plugins/workflow/support/steps/stash/UnstashStep.java:[51,34] Generating org/jenkinsci/plugins/workflow/support/steps/stash/UnstashStep.stapler
[INFO] /tmp/plugin-builds/workflow-basic-steps/src/main/java/org/jenkinsci/plugins/workflow/steps/RetryStep.java:[100,31] Generating org/jenkinsci/plugins/workflow/steps/RetryStep/DescriptorImpl/doCheckCount.stapler
[INFO] /tmp/plugin-builds/workflow-basic-steps/src/main/java/org/jenkinsci/plugins/workflow/steps/ToolStep.java:[110,29] Generating org/jenkinsci/plugins/workflow/steps/ToolStep/DescriptorImpl/doFillNameItems.stapler
[INFO] /tmp/plugin-builds/workflow-basic-steps/src/main/java/org/jenkinsci/plugins/workflow/steps/WarnErrorStep.java:[120,31] Generating org/jenkinsci/plugins/workflow/steps/WarnErrorStep/DescriptorImpl/doCheckMessage.stapler
[INFO] /tmp/plugin-builds/workflow-basic-steps/src/main/java/org/jenkinsci/plugins/workflow/steps/CoreStep.java: Some input files use or override a deprecated API.
[INFO] /tmp/plugin-builds/workflow-basic-steps/src/main/java/org/jenkinsci/plugins/workflow/steps/CoreStep.java: Recompile with -Xlint:deprecation for details.
[INFO] 
[INFO] --- access-modifier-checker:1.34:enforce (default-enforce) @ workflow-basic-steps ---
[INFO] Skipping access modifier checks
[INFO] 
[INFO] --- hpi:3.61:insert-test (default-insert-test) @ workflow-basic-steps ---
[INFO] 
[INFO] --- antrun:3.1.0:run (createTempDir) @ workflow-basic-steps ---
[INFO] Executing tasks
[INFO]     [mkdir] Created dir: /tmp/plugin-builds/workflow-basic-steps/target/tmp
[INFO] Executed tasks
[INFO] 
[INFO] --- resources:3.3.1:testResources (default-testResources) @ workflow-basic-steps ---
[INFO] Copying 14 resources from src/test/resources to target/test-classes
[INFO] 
[INFO] --- compiler:3.14.0:testCompile (default-testCompile) @ workflow-basic-steps ---
[INFO] Recompiling the module because of changed dependency.
[INFO] Compiling 22 source files with javac [debug parameters release 17] to target/test-classes
[INFO] org.jenkinsci.plugins.workflow.steps.CoreStepTest.BuilderWithEnvironment.DescriptorImpl indexed under org.jvnet.hudson.test.TestExtension
[INFO] org.jenkinsci.plugins.workflow.steps.CoreStepTest.BuilderWithWorkspaceRequirement.DescriptorImpl indexed under org.jvnet.hudson.test.TestExtension
[INFO] org.jenkinsci.plugins.workflow.steps.CoreStepTest.BuilderWithoutWorkspaceRequirement.DescriptorImpl indexed under org.jvnet.hudson.test.TestExtension
[INFO] org.jenkinsci.plugins.workflow.steps.CoreWrapperStepTest.MockWrapper.DescriptorImpl indexed under org.jvnet.hudson.test.TestExtension
[INFO] org.jenkinsci.plugins.workflow.steps.CoreWrapperStepTest.OneVarWrapper.DescriptorImpl indexed under org.jvnet.hudson.test.TestExtension
[INFO] org.jenkinsci.plugins.workflow.steps.CoreWrapperStepTest.WrapperWithLogger.DescriptorImpl indexed under org.jvnet.hudson.test.TestExtension
[INFO] org.jenkinsci.plugins.workflow.steps.CoreWrapperStepTest.WrapperWithWorkspaceRequirement.DescriptorImpl indexed under org.jvnet.hudson.test.TestExtension
[INFO] org.jenkinsci.plugins.workflow.steps.CoreWrapperStepTest.WrapperWithoutWorkspaceRequirement.DescriptorImpl indexed under org.jvnet.hudson.test.TestExtension
[INFO] org.jenkinsci.plugins.workflow.steps.RetryStepTest.MyCondition.DescriptorImpl indexed under org.jvnet.hudson.test.TestExtension
[INFO] org.jenkinsci.plugins.workflow.steps.TimeoutStepTest.UnkillableStep.DescriptorImpl indexed under org.jvnet.hudson.test.TestExtension
[INFO] org.jenkinsci.plugins.workflow.steps.ToolStepTest.MockToolWithSymbol.MockToolWithSymbolDescriptor indexed under org.jvnet.hudson.test.TestExtension
[INFO] org.jenkinsci.plugins.workflow.steps.ToolStepTest.MockToolWithoutSymbol.MockToolWithoutSymbolDescriptor indexed under org.jvnet.hudson.test.TestExtension
[INFO] /tmp/plugin-builds/workflow-basic-steps/src/test/java/org/jenkinsci/plugins/workflow/steps/CoreStepTest.java:[179,16] Generating org/jenkinsci/plugins/workflow/steps/CoreStepTest/BuilderWithEnvironment.stapler
[INFO] /tmp/plugin-builds/workflow-basic-steps/src/test/java/org/jenkinsci/plugins/workflow/steps/CoreStepTest.java:[213,16] Generating org/jenkinsci/plugins/workflow/steps/CoreStepTest/BuilderWithWorkspaceRequirement.stapler
[INFO] /tmp/plugin-builds/workflow-basic-steps/src/test/java/org/jenkinsci/plugins/workflow/steps/CoreStepTest.java:[247,16] Generating org/jenkinsci/plugins/workflow/steps/CoreStepTest/BuilderWithoutWorkspaceRequirement.stapler
[INFO] /tmp/plugin-builds/workflow-basic-steps/src/test/java/org/jenkinsci/plugins/workflow/steps/CoreWrapperStepTest.java:[121,38] Generating org/jenkinsci/plugins/workflow/steps/CoreWrapperStepTest/MockWrapper.stapler
[INFO] /tmp/plugin-builds/workflow-basic-steps/src/test/java/org/jenkinsci/plugins/workflow/steps/CoreWrapperStepTest.java:[177,38] Generating org/jenkinsci/plugins/workflow/steps/CoreWrapperStepTest/OneVarWrapper.stapler
[INFO] /tmp/plugin-builds/workflow-basic-steps/src/test/java/org/jenkinsci/plugins/workflow/steps/CoreWrapperStepTest.java:[205,38] Generating org/jenkinsci/plugins/workflow/steps/CoreWrapperStepTest/WrapperWithLogger.stapler
[INFO] /tmp/plugin-builds/workflow-basic-steps/src/test/java/org/jenkinsci/plugins/workflow/steps/CoreWrapperStepTest.java:[289,38] Generating org/jenkinsci/plugins/workflow/steps/CoreWrapperStepTest/WrapperWithWorkspaceRequirement.stapler
[INFO] /tmp/plugin-builds/workflow-basic-steps/src/test/java/org/jenkinsci/plugins/workflow/steps/CoreWrapperStepTest.java:[335,38] Generating org/jenkinsci/plugins/workflow/steps/CoreWrapperStepTest/WrapperWithoutWorkspaceRequirement.stapler
[INFO] /tmp/plugin-builds/workflow-basic-steps/src/test/java/org/jenkinsci/plugins/workflow/steps/RetryStepTest.java:[246,38] Generating org/jenkinsci/plugins/workflow/steps/RetryStepTest/MyCondition.stapler
[INFO] /tmp/plugin-builds/workflow-basic-steps/src/test/java/org/jenkinsci/plugins/workflow/steps/TimeoutStepTest.java:[336,38] Generating org/jenkinsci/plugins/workflow/steps/TimeoutStepTest/UnkillableStep.stapler
[INFO] /tmp/plugin-builds/workflow-basic-steps/src/test/java/org/jenkinsci/plugins/workflow/steps/CatchErrorStepTest.java: Some input files use or override a deprecated API.
[INFO] /tmp/plugin-builds/workflow-basic-steps/src/test/java/org/jenkinsci/plugins/workflow/steps/CatchErrorStepTest.java: Recompile with -Xlint:deprecation for details.
[INFO] 
[INFO] --- hpi:3.61:test-hpl (default-test-hpl) @ workflow-basic-steps ---
[INFO] Generating /tmp/plugin-builds/workflow-basic-steps/target/test-classes/the.hpl
[INFO] 
[INFO] --- hpi:3.61:resolve-test-dependencies (default-resolve-test-dependencies) @ workflow-basic-steps ---
Downloading from repo.jenkins-ci.org: https://repo.jenkins-ci.org/public/org/jenkins-ci/plugins/ansicolor/1.0.5/ansicolor-1.0.5.hpi
Progress (1): 0.5/69 kBProgress (1): 1.9/69 kBProgress (1): 3.3/69 kBProgress (1): 4.7/69 kBProgress (1): 6.1/69 kBProgress (1): 7.5/69 kBProgress (1): 8.9/69 kBProgress (1): 10/69 kB Progress (1): 12/69 kBProgress (1): 13/69 kBProgress (1): 14/69 kBProgress (1): 16/69 kBProgress (1): 16/69 kBProgress (1): 17/69 kBProgress (1): 19/69 kBProgress (1): 20/69 kBProgress (1): 22/69 kBProgress (1): 23/69 kBProgress (1): 24/69 kBProgress (1): 26/69 kBProgress (1): 27/69 kBProgress (1): 29/69 kBProgress (1): 30/69 kBProgress (1): 31/69 kBProgress (1): 33/69 kBProgress (1): 34/69 kBProgress (1): 36/69 kBProgress (1): 37/69 kBProgress (1): 38/69 kBProgress (1): 40/69 kBProgress (1): 41/69 kBProgress (1): 43/69 kBProgress (1): 44/69 kBProgress (1): 45/69 kBProgress (1): 47/69 kBProgress (1): 48/69 kBProgress (1): 49/69 kBProgress (1): 51/69 kBProgress (1): 52/69 kBProgress (1): 54/69 kBProgress (1): 55/69 kBProgress (1): 56/69 kBProgress (1): 58/69 kBProgress (1): 59/69 kBProgress (1): 61/69 kBProgress (1): 62/69 kBProgress (1): 63/69 kBProgress (1): 65/69 kBProgress (1): 66/69 kBProgress (1): 67/69 kBProgress (1): 69/69 kBProgress (1): 69 kB                      Downloaded from repo.jenkins-ci.org: https://repo.jenkins-ci.org/public/org/jenkins-ci/plugins/ansicolor/1.0.5/ansicolor-1.0.5.hpi (69 kB at 240 kB/s)
Downloading from repo.jenkins-ci.org: https://repo.jenkins-ci.org/public/org/jenkins-ci/plugins/javadoc/280.v050b_5c849f69/javadoc-280.v050b_5c849f69.hpi
Downloading from repo.jenkins-ci.org: https://repo.jenkins-ci.org/public/org/jenkins-ci/plugins/matrix-project/845.vffd7fa_f27555/matrix-project-845.vffd7fa_f27555.hpi
Progress (1): 0.4/37 kBProgress (1): 1.8/37 kBProgress (1): 3.2/37 kBProgress (1): 4.6/37 kBProgress (1): 6.0/37 kBProgress (1): 7.4/37 kBProgress (1): 8.8/37 kBProgress (1): 10/37 kB Progress (1): 12/37 kBProgress (1): 13/37 kBProgress (1): 14/37 kBProgress (1): 16/37 kBProgress (1): 16/37 kBProgress (1): 17/37 kBProgress (1): 19/37 kBProgress (1): 20/37 kBProgress (1): 22/37 kBProgress (1): 23/37 kBProgress (1): 24/37 kBProgress (1): 26/37 kBProgress (1): 27/37 kBProgress (1): 29/37 kBProgress (1): 30/37 kBProgress (1): 31/37 kBProgress (1): 33/37 kBProgress (1): 34/37 kBProgress (1): 36/37 kBProgress (1): 37 kB                      Downloaded from repo.jenkins-ci.org: https://repo.jenkins-ci.org/public/org/jenkins-ci/plugins/javadoc/280.v050b_5c849f69/javadoc-280.v050b_5c849f69.hpi (37 kB at 346 kB/s)
Progress (1): 16/238 kBProgress (1): 17/238 kBProgress (1): 33/238 kBProgress (1): 34/238 kBProgress (1): 51/238 kBProgress (1): 52/238 kBProgress (1): 62/238 kBProgress (1): 69/238 kBProgress (1): 85/238 kBProgress (1): 86/238 kBProgress (1): 103/238 kBProgress (1): 104/238 kBProgress (1): 120/238 kBProgress (1): 121/238 kBProgress (1): 138/238 kBProgress (1): 139/238 kBProgress (1): 155/238 kBProgress (1): 156/238 kBProgress (1): 172/238 kBProgress (1): 173/238 kBProgress (1): 190/238 kBProgress (1): 191/238 kBProgress (1): 207/238 kBProgress (1): 208/238 kBProgress (1): 225/238 kBProgress (1): 226/238 kBProgress (1): 238 kB                        Downloaded from repo.jenkins-ci.org: https://repo.jenkins-ci.org/public/org/jenkins-ci/plugins/matrix-project/845.vffd7fa_f27555/matrix-project-845.vffd7fa_f27555.hpi (238 kB at 290 kB/s)
[INFO] 
[INFO] --- hpi:3.61:test-runtime (default-test-runtime) @ workflow-basic-steps ---
[INFO] Tests are skipped.
[INFO] 
[INFO] --- surefire:3.5.2:test (default-test) @ workflow-basic-steps ---
[INFO] Tests are skipped.
[INFO] 
[INFO] --- license:165.v7e11f4e4a_325:process (default) @ workflow-basic-steps ---
[INFO] ------------------------------------------------------------------------
[INFO] BUILD FAILURE
[INFO] ------------------------------------------------------------------------
[INFO] Total time:  17.054 s
[INFO] Finished at: 2025-06-21T18:06:02+02:00
[INFO] ------------------------------------------------------------------------
---------------------------------------------------
constituent[0]: file:/home/poddingue/.sdkman/candidates/maven/current/conf/logging/
constituent[1]: file:/home/poddingue/.sdkman/candidates/maven/current/lib/plexus-cipher-2.0.jar
constituent[2]: file:/home/poddingue/.sdkman/candidates/maven/current/lib/maven-shared-utils-3.4.2.jar
constituent[3]: file:/home/poddingue/.sdkman/candidates/maven/current/lib/wagon-provider-api-3.5.3.jar
constituent[4]: file:/home/poddingue/.sdkman/candidates/maven/current/lib/guice-5.1.0.jar
constituent[5]: file:/home/poddingue/.sdkman/candidates/maven/current/lib/httpclient-4.5.14.jar
constituent[6]: file:/home/poddingue/.sdkman/candidates/maven/current/lib/slf4j-api-1.7.36.jar
constituent[7]: file:/home/poddingue/.sdkman/candidates/maven/current/lib/commons-codec-1.17.1.jar
constituent[8]: file:/home/poddingue/.sdkman/candidates/maven/current/lib/maven-resolver-impl-1.9.22.jar
constituent[9]: file:/home/poddingue/.sdkman/candidates/maven/current/lib/maven-resolver-named-locks-1.9.22.jar
constituent[10]: file:/home/poddingue/.sdkman/candidates/maven/current/lib/maven-resolver-util-1.9.22.jar
constituent[11]: file:/home/poddingue/.sdkman/candidates/maven/current/lib/maven-resolver-transport-http-1.9.22.jar
constituent[12]: file:/home/poddingue/.sdkman/candidates/maven/current/lib/plexus-sec-dispatcher-2.0.jar
constituent[13]: file:/home/poddingue/.sdkman/candidates/maven/current/lib/maven-resolver-api-1.9.22.jar
constituent[14]: file:/home/poddingue/.sdkman/candidates/maven/current/lib/guava-33.2.1-jre.jar
constituent[15]: file:/home/poddingue/.sdkman/candidates/maven/current/lib/maven-settings-3.9.9.jar
constituent[16]: file:/home/poddingue/.sdkman/candidates/maven/current/lib/maven-resolver-transport-file-1.9.22.jar
constituent[17]: file:/home/poddingue/.sdkman/candidates/maven/current/lib/wagon-http-shared-3.5.3.jar
constituent[18]: file:/home/poddingue/.sdkman/candidates/maven/current/lib/maven-resolver-transport-wagon-1.9.22.jar
constituent[19]: file:/home/poddingue/.sdkman/candidates/maven/current/lib/plexus-interpolation-1.27.jar
constituent[20]: file:/home/poddingue/.sdkman/candidates/maven/current/lib/maven-model-3.9.9.jar
constituent[21]: file:/home/poddingue/.sdkman/candidates/maven/current/lib/maven-settings-builder-3.9.9.jar
constituent[22]: file:/home/poddingue/.sdkman/candidates/maven/current/lib/jansi-2.4.1.jar
constituent[23]: file:/home/poddingue/.sdkman/candidates/maven/current/lib/commons-cli-1.8.0.jar
constituent[24]: file:/home/poddingue/.sdkman/candidates/maven/current/lib/httpcore-4.4.16.jar
constituent[25]: file:/home/poddingue/.sdkman/candidates/maven/current/lib/maven-builder-support-3.9.9.jar
constituent[26]: file:/home/poddingue/.sdkman/candidates/maven/current/lib/maven-embedder-3.9.9.jar
constituent[27]: file:/home/poddingue/.sdkman/candidates/maven/current/lib/maven-artifact-3.9.9.jar
constituent[28]: file:/home/poddingue/.sdkman/candidates/maven/current/lib/maven-compat-3.9.9.jar
constituent[29]: file:/home/poddingue/.sdkman/candidates/maven/current/lib/wagon-http-3.5.3.jar
constituent[30]: file:/home/poddingue/.sdkman/candidates/maven/current/lib/maven-model-builder-3.9.9.jar
constituent[31]: file:/home/poddingue/.sdkman/candidates/maven/current/lib/aopalliance-1.0.jar
constituent[32]: file:/home/poddingue/.sdkman/candidates/maven/current/lib/maven-slf4j-provider-3.9.9.jar
constituent[33]: file:/home/poddingue/.sdkman/candidates/maven/current/lib/maven-resolver-connector-basic-1.9.22.jar
constituent[34]: file:/home/poddingue/.sdkman/candidates/maven/current/lib/maven-plugin-api-3.9.9.jar
constituent[35]: file:/home/poddingue/.sdkman/candidates/maven/current/lib/javax.annotation-api-1.3.2.jar
constituent[36]: file:/home/poddingue/.sdkman/candidates/maven/current/lib/org.eclipse.sisu.inject-0.9.0.M3.jar
constituent[37]: file:/home/poddingue/.sdkman/candidates/maven/current/lib/jcl-over-slf4j-1.7.36.jar
constituent[38]: file:/home/poddingue/.sdkman/candidates/maven/current/lib/plexus-xml-3.0.1.jar
constituent[39]: file:/home/poddingue/.sdkman/candidates/maven/current/lib/plexus-utils-3.5.1.jar
constituent[40]: file:/home/poddingue/.sdkman/candidates/maven/current/lib/maven-resolver-provider-3.9.9.jar
constituent[41]: file:/home/poddingue/.sdkman/candidates/maven/current/lib/org.eclipse.sisu.plexus-0.9.0.M3.jar
constituent[42]: file:/home/poddingue/.sdkman/candidates/maven/current/lib/maven-resolver-spi-1.9.22.jar
constituent[43]: file:/home/poddingue/.sdkman/candidates/maven/current/lib/javax.inject-1.jar
constituent[44]: file:/home/poddingue/.sdkman/candidates/maven/current/lib/maven-core-3.9.9.jar
constituent[45]: file:/home/poddingue/.sdkman/candidates/maven/current/lib/wagon-file-3.5.3.jar
constituent[46]: file:/home/poddingue/.sdkman/candidates/maven/current/lib/plexus-component-annotations-2.1.0.jar
constituent[47]: file:/home/poddingue/.sdkman/candidates/maven/current/lib/failureaccess-1.0.2.jar
constituent[48]: file:/home/poddingue/.sdkman/candidates/maven/current/lib/maven-repository-metadata-3.9.9.jar
---------------------------------------------------
Exception in thread "main" BUG! exception in phase 'semantic analysis' in source unit 'inlineScript' Unsupported class file major version 69
	at org.codehaus.groovy.control.CompilationUnit$ISourceUnitOperation.doPhaseOperation(CompilationUnit.java:901)
	at org.codehaus.groovy.control.CompilationUnit.processPhaseOperations(CompilationUnit.java:692)
	at org.codehaus.groovy.control.CompilationUnit.compile(CompilationUnit.java:666)
	at groovy.lang.GroovyClassLoader.doParseClass(GroovyClassLoader.java:365)
	at groovy.lang.GroovyClassLoader.lambda$parseClass$2(GroovyClassLoader.java:314)
	at org.codehaus.groovy.runtime.memoize.StampedCommonCache.compute(StampedCommonCache.java:163)
	at org.codehaus.groovy.runtime.memoize.StampedCommonCache.getAndPut(StampedCommonCache.java:154)
	at groovy.lang.GroovyClassLoader.parseClass(GroovyClassLoader.java:314)
	at groovy.lang.GroovyShell.parseClass(GroovyShell.java:572)
	at groovy.lang.GroovyShell.parse(GroovyShell.java:585)
	at groovy.lang.GroovyShell.parse(GroovyShell.java:639)
	at groovy.lang.GroovyShell.parse(GroovyShell.java:643)
	at com.cloudbees.maven.license.ProcessMojo.execute(ProcessMojo.java:154)
	at org.apache.maven.plugin.DefaultBuildPluginManager.executeMojo(DefaultBuildPluginManager.java:126)
	at org.apache.maven.lifecycle.internal.MojoExecutor.doExecute2(MojoExecutor.java:328)
	at org.apache.maven.lifecycle.internal.MojoExecutor.doExecute(MojoExecutor.java:316)
	at org.apache.maven.lifecycle.internal.MojoExecutor.execute(MojoExecutor.java:212)
	at org.apache.maven.lifecycle.internal.MojoExecutor.execute(MojoExecutor.java:174)
	at org.apache.maven.lifecycle.internal.MojoExecutor.access$000(MojoExecutor.java:75)
	at org.apache.maven.lifecycle.internal.MojoExecutor$1.run(MojoExecutor.java:162)
	at org.apache.maven.plugin.DefaultMojosExecutionStrategy.execute(DefaultMojosExecutionStrategy.java:39)
	at org.apache.maven.lifecycle.internal.MojoExecutor.execute(MojoExecutor.java:159)
	at org.apache.maven.lifecycle.internal.LifecycleModuleBuilder.buildProject(LifecycleModuleBuilder.java:105)
	at org.apache.maven.lifecycle.internal.LifecycleModuleBuilder.buildProject(LifecycleModuleBuilder.java:73)
	at org.apache.maven.lifecycle.internal.builder.singlethreaded.SingleThreadedBuilder.build(SingleThreadedBuilder.java:53)
	at org.apache.maven.lifecycle.internal.LifecycleStarter.execute(LifecycleStarter.java:118)
	at org.apache.maven.DefaultMaven.doExecute(DefaultMaven.java:261)
	at org.apache.maven.DefaultMaven.doExecute(DefaultMaven.java:173)
	at org.apache.maven.DefaultMaven.execute(DefaultMaven.java:101)
	at org.apache.maven.cli.MavenCli.execute(MavenCli.java:906)
	at org.apache.maven.cli.MavenCli.doMain(MavenCli.java:283)
	at org.apache.maven.cli.MavenCli.main(MavenCli.java:206)
	at java.base/jdk.internal.reflect.DirectMethodHandleAccessor.invoke(DirectMethodHandleAccessor.java:104)
	at java.base/java.lang.reflect.Method.invoke(Method.java:565)
	at org.codehaus.plexus.classworlds.launcher.Launcher.launchEnhanced(Launcher.java:255)
	at org.codehaus.plexus.classworlds.launcher.Launcher.launch(Launcher.java:201)
	at org.codehaus.plexus.classworlds.launcher.Launcher.mainWithExitCode(Launcher.java:361)
	at org.codehaus.plexus.classworlds.launcher.Launcher.main(Launcher.java:314)
Caused by: java.lang.IllegalArgumentException: Unsupported class file major version 69
	at groovyjarjarasm.asm.ClassReader.<init>(ClassReader.java:200)
	at groovyjarjarasm.asm.ClassReader.<init>(ClassReader.java:180)
	at groovyjarjarasm.asm.ClassReader.<init>(ClassReader.java:166)
	at groovyjarjarasm.asm.ClassReader.<init>(ClassReader.java:288)
	at org.codehaus.groovy.ast.decompiled.AsmDecompiler.parseClass(AsmDecompiler.java:83)
	at org.codehaus.groovy.control.ClassNodeResolver.findDecompiled(ClassNodeResolver.java:255)
	at org.codehaus.groovy.control.ClassNodeResolver.tryAsLoaderClassOrScript(ClassNodeResolver.java:193)
	at org.codehaus.groovy.control.ClassNodeResolver.findClassNode(ClassNodeResolver.java:175)
	at org.codehaus.groovy.control.ClassNodeResolver.resolveName(ClassNodeResolver.java:129)
	at org.codehaus.groovy.control.ResolveVisitor.resolveToOuter(ResolveVisitor.java:782)
	at org.codehaus.groovy.control.ResolveVisitor.resolve(ResolveVisitor.java:423)
	at org.codehaus.groovy.control.ResolveVisitor.resolveFromDefaultImports(ResolveVisitor.java:577)
	at org.codehaus.groovy.control.ResolveVisitor.resolveFromDefaultImports(ResolveVisitor.java:541)
	at org.codehaus.groovy.control.ResolveVisitor.resolve(ResolveVisitor.java:422)
	at org.codehaus.groovy.control.ResolveVisitor.resolve(ResolveVisitor.java:384)
	at org.codehaus.groovy.control.ResolveVisitor.resolveOrFail(ResolveVisitor.java:352)
	at org.codehaus.groovy.control.ResolveVisitor.resolveOrFail(ResolveVisitor.java:341)
	at org.codehaus.groovy.control.ResolveVisitor.resolveOrFail(ResolveVisitor.java:337)
	at org.codehaus.groovy.control.ResolveVisitor.transform(ResolveVisitor.java:817)
	at org.codehaus.groovy.control.ResolveVisitor.transformDeclarationExpression(ResolveVisitor.java:1173)
	at org.codehaus.groovy.control.ResolveVisitor.transform(ResolveVisitor.java:805)
	at org.codehaus.groovy.ast.ClassCodeExpressionTransformer.visitExpressionStatement(ClassCodeExpressionTransformer.java:129)
	at org.codehaus.groovy.ast.stmt.ExpressionStatement.visit(ExpressionStatement.java:41)
	at org.codehaus.groovy.ast.CodeVisitorSupport.visitBlockStatement(CodeVisitorSupport.java:86)
	at org.codehaus.groovy.ast.ClassCodeVisitorSupport.visitBlockStatement(ClassCodeVisitorSupport.java:168)
	at org.codehaus.groovy.control.ResolveVisitor.visitBlockStatement(ResolveVisitor.java:1386)
	at org.codehaus.groovy.ast.stmt.BlockStatement.visit(BlockStatement.java:72)
	at org.codehaus.groovy.control.ResolveVisitor.transformClosureExpression(ResolveVisitor.java:1125)
	at org.codehaus.groovy.control.ResolveVisitor.transform(ResolveVisitor.java:811)
	at org.codehaus.groovy.ast.expr.Expression.transformExpressions(Expression.java:49)
	at org.codehaus.groovy.ast.expr.ArgumentListExpression.transformExpression(ArgumentListExpression.java:67)
	at org.codehaus.groovy.control.ResolveVisitor.transform(ResolveVisitor.java:818)
	at org.codehaus.groovy.control.ResolveVisitor.transformMethodCallExpression(ResolveVisitor.java:1147)
	at org.codehaus.groovy.control.ResolveVisitor.transform(ResolveVisitor.java:809)
	at org.codehaus.groovy.ast.ClassCodeExpressionTransformer.visitExpressionStatement(ClassCodeExpressionTransformer.java:129)
	at org.codehaus.groovy.ast.stmt.ExpressionStatement.visit(ExpressionStatement.java:41)
	at org.codehaus.groovy.ast.CodeVisitorSupport.visitBlockStatement(CodeVisitorSupport.java:86)
	at org.codehaus.groovy.ast.ClassCodeVisitorSupport.visitBlockStatement(ClassCodeVisitorSupport.java:168)
	at org.codehaus.groovy.control.ResolveVisitor.visitBlockStatement(ResolveVisitor.java:1386)
	at org.codehaus.groovy.ast.stmt.BlockStatement.visit(BlockStatement.java:72)
	at org.codehaus.groovy.ast.ClassCodeVisitorSupport.visitClassCodeContainer(ClassCodeVisitorSupport.java:142)
	at org.codehaus.groovy.ast.ClassCodeVisitorSupport.visitConstructorOrMethod(ClassCodeVisitorSupport.java:115)
	at org.codehaus.groovy.ast.ClassCodeExpressionTransformer.visitConstructorOrMethod(ClassCodeExpressionTransformer.java:87)
	at org.codehaus.groovy.control.ResolveVisitor.visitConstructorOrMethod(ResolveVisitor.java:329)
	at org.codehaus.groovy.ast.ClassCodeVisitorSupport.visitMethod(ClassCodeVisitorSupport.java:110)
	at org.codehaus.groovy.ast.ClassNode.visitMethods(ClassNode.java:1132)
	at org.codehaus.groovy.ast.ClassNode.visitContents(ClassNode.java:1125)
	at org.codehaus.groovy.control.ResolveVisitor.visitClass(ResolveVisitor.java:1315)
	at org.codehaus.groovy.control.ResolveVisitor.startResolving(ResolveVisitor.java:258)
	at org.codehaus.groovy.control.CompilationUnit.lambda$addPhaseOperations$4(CompilationUnit.java:218)
	at org.codehaus.groovy.control.CompilationUnit$ISourceUnitOperation.doPhaseOperation(CompilationUnit.java:897)
	... 37 more
