WARNING: A terminally deprecated method in sun.misc.Unsafe has been called
WARNING: sun.misc.Unsafe::staticFieldBase has been called by com.google.inject.internal.aop.HiddenClassDefiner (file:/home/poddingue/.sdkman/candidates/maven/current/lib/guice-5.1.0-classes.jar)
WARNING: Please consider reporting this to the maintainers of class com.google.inject.internal.aop.HiddenClassDefiner
WARNING: sun.misc.Unsafe::staticFieldBase will be removed in a future release
[INFO] Scanning for projects...
[INFO] 
[INFO] Using the MultiThreadedBuilder implementation with a thread count of 4
[INFO] 
[INFO] ------------< org.jenkins-ci.plugins.workflow:workflow-job >------------
[INFO] Building Pipeline: Job 999999-SNAPSHOT
[INFO]   from pom.xml
[INFO] --------------------------------[ hpi ]---------------------------------
[INFO] 
[INFO] --- clean:3.4.1:clean (default-clean) @ workflow-job ---
[INFO] 
[INFO] --- hpi:3.65:validate (default-validate) @ workflow-job ---
[INFO] Created marker file /tmp/plugin-builds/workflow-job/target/java-level/17
[INFO] 
[INFO] --- hpi:3.65:validate-hpi (default-validate-hpi) @ workflow-job ---
[INFO] 
[INFO] --- enforcer:3.5.0:enforce (display-info) @ workflow-job ---
[INFO] Rule 0: io.jenkins.tools.incrementals.enforcer.RequireExtensionVersion passed
[INFO] Rule 1: org.apache.maven.enforcer.rules.version.RequireMavenVersion passed
[INFO] Rule 2: org.apache.maven.enforcer.rules.version.RequireJavaVersion passed
[INFO] Rule 3: org.codehaus.mojo.extraenforcer.dependencies.EnforceBytecodeVersion passed
[INFO] Rule 4: org.apache.maven.enforcer.rules.dependency.BannedDependencies passed
[INFO] Rule 5: org.apache.maven.enforcer.rules.dependency.BannedDependencies passed
[INFO] Rule 6: org.apache.maven.enforcer.rules.dependency.RequireUpperBoundDeps passed
[INFO] 
[INFO] --- enforcer:3.5.0:enforce (no-snapshots-in-release) @ workflow-job ---
[INFO] Rule 0: org.apache.maven.enforcer.rules.dependency.RequireReleaseDeps passed
[INFO] 
[INFO] --- localizer:1.31:generate (default) @ workflow-job ---
[INFO] 
[INFO] --- resources:3.3.1:resources (default-resources) @ workflow-job ---
[INFO] Copying 74 resources from src/main/resources to target/classes
[INFO] 
[INFO] --- flatten:1.7.0:flatten (flatten) @ workflow-job ---
[INFO] Generating flattened POM of project org.jenkins-ci.plugins.workflow:workflow-job:hpi:999999-SNAPSHOT...
[INFO] 
[INFO] --- compiler:3.14.0:compile (default-compile) @ workflow-job ---
[INFO] Recompiling the module because of changed source code.
[INFO] Compiling 15 source files with javac [debug parameters release 17] to target/classes
[INFO] org.jenkinsci.plugins.workflow.job.WorkflowJob.SCMListenerImpl indexed under hudson.Extension
[INFO] org.jenkinsci.plugins.workflow.job.WorkflowJob.DescriptorImpl indexed under hudson.Extension
[INFO] org.jenkinsci.plugins.workflow.job.WorkflowRun.SCMListenerImpl indexed under hudson.Extension
[INFO] org.jenkinsci.plugins.workflow.job.WorkflowRun.Checkouts indexed under hudson.Extension
[INFO] org.jenkinsci.plugins.workflow.job.console.NewNodeConsoleNote.DescriptorImpl indexed under hudson.Extension
[INFO] org.jenkinsci.plugins.workflow.job.properties.DisableConcurrentBuildsJobProperty.DescriptorImpl indexed under hudson.Extension
[INFO] org.jenkinsci.plugins.workflow.job.properties.DisableResumeJobProperty.DescriptorImpl indexed under hudson.Extension
[INFO] org.jenkinsci.plugins.workflow.job.properties.DurabilityHintJobProperty.DescriptorImpl indexed under hudson.Extension
[INFO] org.jenkinsci.plugins.workflow.job.properties.PipelineTriggersJobProperty.DescriptorImpl indexed under hudson.Extension
[INFO] org.jenkinsci.plugins.workflow.job.properties.PipelineTriggersJobProperty.Factory indexed under hudson.Extension
[INFO] org.jenkinsci.plugins.workflow.job.views.FlowGraphAction.Factory indexed under hudson.Extension
[INFO] org.jenkinsci.plugins.workflow.job.views.FlowGraphTableAction.Factory indexed under hudson.Extension
[INFO] /tmp/plugin-builds/workflow-job/src/main/java/org/jenkinsci/plugins/workflow/job/properties/DisableConcurrentBuildsJobProperty.java:[50,12] Generating org/jenkinsci/plugins/workflow/job/properties/DisableConcurrentBuildsJobProperty.stapler
[INFO] /tmp/plugin-builds/workflow-job/src/main/java/org/jenkinsci/plugins/workflow/job/properties/DisableResumeJobProperty.java:[21,12] Generating org/jenkinsci/plugins/workflow/job/properties/DisableResumeJobProperty.stapler
[INFO] /tmp/plugin-builds/workflow-job/src/main/java/org/jenkinsci/plugins/workflow/job/properties/DurabilityHintJobProperty.java:[54,12] Generating org/jenkinsci/plugins/workflow/job/properties/DurabilityHintJobProperty.stapler
[INFO] /tmp/plugin-builds/workflow-job/src/main/java/org/jenkinsci/plugins/workflow/job/properties/PipelineTriggersJobProperty.java:[62,12] Generating org/jenkinsci/plugins/workflow/job/properties/PipelineTriggersJobProperty.stapler
[INFO] /tmp/plugin-builds/workflow-job/src/main/java/org/jenkinsci/plugins/workflow/job/WorkflowJob.java:[105,14] Generating org/jenkinsci/plugins/workflow/job/WorkflowJob.javadoc
[INFO] /tmp/plugin-builds/workflow-job/src/main/java/org/jenkinsci/plugins/workflow/job/views/FlowGraphAction.java:[48,14] Generating org/jenkinsci/plugins/workflow/job/views/FlowGraphAction.javadoc
[INFO] /tmp/plugin-builds/workflow-job/src/main/java/org/jenkinsci/plugins/workflow/job/properties/DisableConcurrentBuildsJobProperty.java:[76,25] Generating org/jenkinsci/plugins/workflow/job/properties/DisableConcurrentBuildsJobProperty/CancelledCause.javadoc
[INFO] /tmp/plugin-builds/workflow-job/src/main/java/org/jenkinsci/plugins/workflow/job/WorkflowRun.java:[138,14] Generating org/jenkinsci/plugins/workflow/job/WorkflowRun.javadoc
[WARNING] /tmp/plugin-builds/workflow-job/src/main/java/org/jenkinsci/plugins/workflow/job/WorkflowRun.java: unknown enum constant com.google.j2objc.annotations.ReflectionSupport.Level.FULL
  reason: class file for com.google.j2objc.annotations.ReflectionSupport$Level not found
[WARNING] /tmp/plugin-builds/workflow-job/src/main/java/org/jenkinsci/plugins/workflow/job/WorkflowJob.java:[111,59] deprecated item is not annotated with @Deprecated
[WARNING] /tmp/plugin-builds/workflow-job/src/main/java/org/jenkinsci/plugins/workflow/job/WorkflowJob.java:[117,35] deprecated item is not annotated with @Deprecated
[INFO] /tmp/plugin-builds/workflow-job/src/main/java/org/jenkinsci/plugins/workflow/job/AfterRestartTask.java: Some input files use or override a deprecated API.
[INFO] /tmp/plugin-builds/workflow-job/src/main/java/org/jenkinsci/plugins/workflow/job/AfterRestartTask.java: Recompile with -Xlint:deprecation for details.
[INFO] /tmp/plugin-builds/workflow-job/src/main/java/org/jenkinsci/plugins/workflow/job/properties/PipelineTriggersJobProperty.java: /tmp/plugin-builds/workflow-job/src/main/java/org/jenkinsci/plugins/workflow/job/properties/PipelineTriggersJobProperty.java uses unchecked or unsafe operations.
[INFO] /tmp/plugin-builds/workflow-job/src/main/java/org/jenkinsci/plugins/workflow/job/properties/PipelineTriggersJobProperty.java: Recompile with -Xlint:unchecked for details.
[INFO] 
[INFO] --- access-modifier-checker:1.35:enforce (default-enforce) @ workflow-job ---
[INFO] 
[INFO] --- bridge-method-injector:1.31:process (default) @ workflow-job ---
[INFO] 
[INFO] --- hpi:3.65:insert-test (default-insert-test) @ workflow-job ---
[INFO] 
[INFO] --- antrun:3.1.0:run (createTempDir) @ workflow-job ---
[INFO] Executing tasks
[INFO]     [mkdir] Created dir: /tmp/plugin-builds/workflow-job/target/tmp
[INFO] Executed tasks
[INFO] 
[INFO] --- resources:3.3.1:testResources (default-testResources) @ workflow-job ---
[INFO] Not copying test resources
[INFO] 
[INFO] --- compiler:3.14.0:testCompile (default-testCompile) @ workflow-job ---
[INFO] Not compiling test sources
[INFO] 
[INFO] --- hpi:3.65:test-hpl (default-test-hpl) @ workflow-job ---
[INFO] Generating /tmp/plugin-builds/workflow-job/target/test-classes/the.hpl
[INFO] 
[INFO] --- hpi:3.65:resolve-test-dependencies (default-resolve-test-dependencies) @ workflow-job ---
[INFO] 
[INFO] --- hpi:3.65:test-runtime (default-test-runtime) @ workflow-job ---
[INFO] Tests are skipped.
[INFO] 
[INFO] --- surefire:3.5.3:test (default-test) @ workflow-job ---
[INFO] Tests are skipped.
[INFO] 
[INFO] --- license:165.v7e11f4e4a_325:process (default) @ workflow-job ---
[INFO] ------------------------------------------------------------------------
[INFO] BUILD FAILURE
[INFO] ------------------------------------------------------------------------
[INFO] Total time:  37.373 s (Wall Clock)
[INFO] Finished at: 2025-08-22T17:54:58+02:00
[INFO] ------------------------------------------------------------------------
[ERROR] BUG! exception in phase 'semantic analysis' in source unit 'inlineScript' Unsupported class file major version 69 -> [Help 1]
[ERROR] BUG! exception in phase 'semantic analysis' in source unit 'inlineScript' Unsupported class file major version 69
[ERROR] 
[ERROR] To see the full stack trace of the errors, re-run Maven with the -e switch.
[ERROR] Re-run Maven using the -X switch to enable full debug logging.
[ERROR] 
[ERROR] For more information about the errors and possible solutions, please read the following articles:
[ERROR] [Help 1] http://cwiki.apache.org/confluence/display/MAVEN/GroovyBugError
