WARNING: A terminally deprecated method in sun.misc.Unsafe has been called
WARNING: sun.misc.Unsafe::staticFieldBase has been called by com.google.inject.internal.aop.HiddenClassDefiner (file:/home/poddingue/.sdkman/candidates/maven/current/lib/guice-5.1.0-classes.jar)
WARNING: Please consider reporting this to the maintainers of class com.google.inject.internal.aop.HiddenClassDefiner
WARNING: sun.misc.Unsafe::staticFieldBase will be removed in a future release
[INFO] Scanning for projects...
[INFO] 
[INFO] Using the MultiThreadedBuilder implementation with a thread count of 4
[INFO] 
[INFO] --------< org.jenkins-ci.plugins.workflow:workflow-multibranch >--------
[INFO] Building Pipeline: Multibranch 999999-SNAPSHOT
[INFO]   from pom.xml
[INFO] --------------------------------[ hpi ]---------------------------------
[INFO] 
[INFO] --- clean:3.5.0:clean (default-clean) @ workflow-multibranch ---
[INFO] 
[INFO] --- hpi:3.66:validate (default-validate) @ workflow-multibranch ---
[INFO] Created marker file /tmp/plugin-builds/workflow-multibranch/target/java-level/17
[INFO] 
[INFO] --- hpi:3.66:validate-hpi (default-validate-hpi) @ workflow-multibranch ---
[INFO] 
[INFO] --- enforcer:3.5.0:enforce (display-info) @ workflow-multibranch ---
[INFO] Rule 0: io.jenkins.tools.incrementals.enforcer.RequireExtensionVersion passed
[INFO] Rule 1: org.apache.maven.enforcer.rules.version.RequireMavenVersion passed
[INFO] Rule 2: org.apache.maven.enforcer.rules.version.RequireJavaVersion passed
[INFO] Rule 3: org.codehaus.mojo.extraenforcer.dependencies.EnforceBytecodeVersion passed
[INFO] Rule 4: org.apache.maven.enforcer.rules.dependency.BannedDependencies passed
[INFO] Rule 5: org.apache.maven.enforcer.rules.dependency.BannedDependencies passed
[INFO] Ignoring requireUpperBoundDeps in org.ow2.asm:asm
[INFO] Rule 6: org.apache.maven.enforcer.rules.dependency.RequireUpperBoundDeps passed
[INFO] 
[INFO] --- enforcer:3.5.0:enforce (no-snapshots-in-release) @ workflow-multibranch ---
[INFO] Rule 0: org.apache.maven.enforcer.rules.dependency.RequireReleaseDeps passed
[INFO] 
[INFO] --- localizer:1.31:generate (default) @ workflow-multibranch ---
[INFO] 
[INFO] --- resources:3.3.1:resources (default-resources) @ workflow-multibranch ---
[INFO] Copying 27 resources from src/main/resources to target/classes
[INFO] 
[INFO] --- flatten:1.7.1:flatten (flatten) @ workflow-multibranch ---
[INFO] Generating flattened POM of project org.jenkins-ci.plugins.workflow:workflow-multibranch:hpi:999999-SNAPSHOT...
[INFO] 
[INFO] --- compiler:3.14.0:compile (default-compile) @ workflow-multibranch ---
[INFO] Recompiling the module because of changed source code.
[INFO] Compiling 14 source files with javac [debug parameters release 17] to target/classes
[INFO] org.jenkinsci.plugins.workflow.multibranch.AbstractWorkflowMultiBranchProjectFactory.PerFolderAdder indexed under hudson.Extension
[INFO] org.jenkinsci.plugins.workflow.multibranch.BranchJobProperty.DescriptorImpl indexed under hudson.Extension
[INFO] org.jenkinsci.plugins.workflow.multibranch.BranchJobProperty.AlternativeUiTextProviderImpl indexed under hudson.Extension
[INFO] org.jenkinsci.plugins.workflow.multibranch.DurabilityHintBranchProperty.DescriptorImpl indexed under hudson.Extension
[INFO] org.jenkinsci.plugins.workflow.multibranch.JobPropertyStep.DescriptorImpl indexed under hudson.Extension
[INFO] org.jenkinsci.plugins.workflow.multibranch.JobPropertyStep.HideSuperfluousBranchProperties indexed under hudson.Extension
[INFO] org.jenkinsci.plugins.workflow.multibranch.ReadTrustedStep.DescriptorImpl indexed under hudson.Extension
[INFO] org.jenkinsci.plugins.workflow.multibranch.ResolveScmStep.DescriptorImpl indexed under hudson.Extension
[INFO] org.jenkinsci.plugins.workflow.multibranch.SCMBinder.DescriptorImpl indexed under hudson.Extension
[INFO] org.jenkinsci.plugins.workflow.multibranch.SCMBinder.HideMeElsewhere indexed under hudson.Extension
[INFO] org.jenkinsci.plugins.workflow.multibranch.SCMBinder.WarningNote.DescriptorImpl indexed under hudson.Extension
[INFO] org.jenkinsci.plugins.workflow.multibranch.SCMVar indexed under hudson.Extension
[INFO] org.jenkinsci.plugins.workflow.multibranch.SCMVar.Pickler indexed under hudson.Extension
[INFO] org.jenkinsci.plugins.workflow.multibranch.WorkflowBranchProjectFactory.DescriptorImpl indexed under hudson.Extension
[INFO] org.jenkinsci.plugins.workflow.multibranch.WorkflowMultiBranchProject.DescriptorImpl indexed under hudson.Extension
[INFO] org.jenkinsci.plugins.workflow.multibranch.WorkflowMultiBranchProject.PerFolderAdder indexed under hudson.Extension
[INFO] org.jenkinsci.plugins.workflow.multibranch.WorkflowMultiBranchProjectFactory.DescriptorImpl indexed under hudson.Extension
[INFO] /tmp/plugin-builds/workflow-multibranch/src/main/java/org/jenkinsci/plugins/workflow/multibranch/DurabilityHintBranchProperty.java:[46,12] Generating org/jenkinsci/plugins/workflow/multibranch/DurabilityHintBranchProperty.stapler
[INFO] /tmp/plugin-builds/workflow-multibranch/src/main/java/org/jenkinsci/plugins/workflow/multibranch/JobPropertyStep.java:[75,34] Generating org/jenkinsci/plugins/workflow/multibranch/JobPropertyStep.stapler
[INFO] /tmp/plugin-builds/workflow-multibranch/src/main/java/org/jenkinsci/plugins/workflow/multibranch/ReadTrustedStep.java:[81,34] Generating org/jenkinsci/plugins/workflow/multibranch/ReadTrustedStep.stapler
[INFO] /tmp/plugin-builds/workflow-multibranch/src/main/java/org/jenkinsci/plugins/workflow/multibranch/ResolveScmStep.java:[91,12] Generating org/jenkinsci/plugins/workflow/multibranch/ResolveScmStep.stapler
[INFO] /tmp/plugin-builds/workflow-multibranch/src/main/java/org/jenkinsci/plugins/workflow/multibranch/WorkflowBranchProjectFactory.java:[52,34] Generating org/jenkinsci/plugins/workflow/multibranch/WorkflowBranchProjectFactory.stapler
[INFO] /tmp/plugin-builds/workflow-multibranch/src/main/java/org/jenkinsci/plugins/workflow/multibranch/WorkflowMultiBranchProjectFactory.java:[61,34] Generating org/jenkinsci/plugins/workflow/multibranch/WorkflowMultiBranchProjectFactory.stapler
[INFO] /tmp/plugin-builds/workflow-multibranch/src/main/java/org/jenkinsci/plugins/workflow/multibranch/BranchJobProperty.java:[46,8] Generating org/jenkinsci/plugins/workflow/multibranch/BranchJobProperty.javadoc
[INFO] /tmp/plugin-builds/workflow-multibranch/src/main/java/org/jenkinsci/plugins/workflow/multibranch/ResolveScmStep.java:[214,31] Generating org/jenkinsci/plugins/workflow/multibranch/ResolveScmStep/DescriptorImpl/doCheckTarget.stapler
[INFO] /tmp/plugin-builds/workflow-multibranch/src/main/java/org/jenkinsci/plugins/workflow/multibranch/JobPropertyStep.java: /tmp/plugin-builds/workflow-multibranch/src/main/java/org/jenkinsci/plugins/workflow/multibranch/JobPropertyStep.java uses or overrides a deprecated API.
[INFO] /tmp/plugin-builds/workflow-multibranch/src/main/java/org/jenkinsci/plugins/workflow/multibranch/JobPropertyStep.java: Recompile with -Xlint:deprecation for details.
[INFO] 
[INFO] --- access-modifier-checker:1.35:enforce (default-enforce) @ workflow-multibranch ---
[INFO] 
[INFO] --- bridge-method-injector:1.31:process (default) @ workflow-multibranch ---
[INFO] 
[INFO] --- hpi:3.66:insert-test (default-insert-test) @ workflow-multibranch ---
[INFO] 
[INFO] --- antrun:3.1.0:run (createTempDir) @ workflow-multibranch ---
[INFO] Executing tasks
[INFO]     [mkdir] Created dir: /tmp/plugin-builds/workflow-multibranch/target/tmp
[INFO] Executed tasks
[INFO] 
[INFO] --- resources:3.3.1:testResources (default-testResources) @ workflow-multibranch ---
[INFO] Not copying test resources
[INFO] 
[INFO] --- compiler:3.14.0:testCompile (default-testCompile) @ workflow-multibranch ---
[INFO] Not compiling test sources
[INFO] 
[INFO] --- hpi:3.66:test-hpl (default-test-hpl) @ workflow-multibranch ---
[INFO] Generating /tmp/plugin-builds/workflow-multibranch/target/test-classes/the.hpl
[INFO] 
[INFO] --- hpi:3.66:resolve-test-dependencies (default-resolve-test-dependencies) @ workflow-multibranch ---
[INFO] 
[INFO] --- hpi:3.66:test-runtime (default-test-runtime) @ workflow-multibranch ---
[INFO] Tests are skipped.
[INFO] 
[INFO] --- surefire:3.5.3:test (default-test) @ workflow-multibranch ---
[INFO] Tests are skipped.
[INFO] 
[INFO] --- license:165.v7e11f4e4a_325:process (default) @ workflow-multibranch ---
[INFO] ------------------------------------------------------------------------
[INFO] BUILD FAILURE
[INFO] ------------------------------------------------------------------------
[INFO] Total time:  18.827 s (Wall Clock)
[INFO] Finished at: 2025-08-22T17:57:20+02:00
[INFO] ------------------------------------------------------------------------
[ERROR] BUG! exception in phase 'semantic analysis' in source unit 'inlineScript' Unsupported class file major version 69 -> [Help 1]
[ERROR] BUG! exception in phase 'semantic analysis' in source unit 'inlineScript' Unsupported class file major version 69
[ERROR] 
[ERROR] To see the full stack trace of the errors, re-run Maven with the -e switch.
[ERROR] Re-run Maven using the -X switch to enable full debug logging.
[ERROR] 
[ERROR] For more information about the errors and possible solutions, please read the following articles:
[ERROR] [Help 1] http://cwiki.apache.org/confluence/display/MAVEN/GroovyBugError
