WARNING: A restricted method in java.lang.System has been called
WARNING: java.lang.System::load has been called by org.fusesource.jansi.internal.JansiLoader in an unnamed module (file:/home/poddingue/.sdkman/candidates/maven/current/lib/jansi-2.4.1.jar)
WARNING: Use --enable-native-access=ALL-UNNAMED to avoid a warning for callers in this module
WARNING: Restricted methods will be blocked in a future release unless native access is enabled

WARNING: A terminally deprecated method in sun.misc.Unsafe has been called
WARNING: sun.misc.Unsafe::objectFieldOffset has been called by com.google.common.util.concurrent.AbstractFuture$UnsafeAtomicHelper (file:/home/poddingue/.sdkman/candidates/maven/current/lib/guava-33.2.1-jre.jar)
WARNING: Please consider reporting this to the maintainers of class com.google.common.util.concurrent.AbstractFuture$UnsafeAtomicHelper
WARNING: sun.misc.Unsafe::objectFieldOffset will be removed in a future release
[INFO] Scanning for projects...
[INFO] ------------------------------------------------------------------------
[INFO] Reactor Build Order:
[INFO] 
[INFO] Pipeline: Groovy Parent                                            [pom]
[INFO] CpsDefaultGroovyMethods generator                                  [jar]
[INFO] Groovy CPS Execution                                               [jar]
[INFO] Pipeline: Groovy                                                   [hpi]
[INFO] 
[INFO] --------< org.jenkins-ci.plugins.workflow:workflow-cps-parent >---------
[INFO] Building Pipeline: Groovy Parent 999999-SNAPSHOT                   [1/4]
[INFO]   from pom.xml
[INFO] --------------------------------[ pom ]---------------------------------
[INFO] 
[INFO] --- clean:3.4.1:clean (default-clean) @ workflow-cps-parent ---
[INFO] 
[INFO] --- enforcer:3.5.0:enforce (display-info) @ workflow-cps-parent ---
[INFO] Rule 0: io.jenkins.tools.incrementals.enforcer.RequireExtensionVersion passed
[INFO] Rule 1: org.apache.maven.enforcer.rules.version.RequireMavenVersion passed
[INFO] Rule 2: org.apache.maven.enforcer.rules.version.RequireJavaVersion passed
[INFO] Rule 3: org.codehaus.mojo.extraenforcer.dependencies.EnforceBytecodeVersion passed
[INFO] Rule 4: org.apache.maven.enforcer.rules.dependency.BannedDependencies passed
[INFO] Rule 5: org.apache.maven.enforcer.rules.dependency.BannedDependencies passed
[INFO] Rule 6: org.apache.maven.enforcer.rules.dependency.RequireUpperBoundDeps passed
[INFO] 
[INFO] --- enforcer:3.5.0:enforce (no-snapshots-in-release) @ workflow-cps-parent ---
[INFO] Rule 0: org.apache.maven.enforcer.rules.dependency.RequireReleaseDeps passed
[INFO] 
[INFO] --- localizer:1.31:generate (default) @ workflow-cps-parent ---
[INFO] 
[INFO] --- flatten:1.7.0:flatten (flatten) @ workflow-cps-parent ---
[INFO] Generating flattened POM of project org.jenkins-ci.plugins.workflow:workflow-cps-parent:pom:999999-SNAPSHOT...
[INFO] 
[INFO] --- antrun:3.1.0:run (createTempDir) @ workflow-cps-parent ---
[INFO] Executing tasks
[INFO]     [mkdir] Created dir: /tmp/plugin-builds/workflow-cps/target/tmp
[INFO] Executed tasks
[INFO] 
[INFO] --- license:165.v7e11f4e4a_325:process (default) @ workflow-cps-parent ---
[INFO] 
[INFO] --- jar:3.4.2:test-jar (maybe-test-jar) @ workflow-cps-parent ---
[INFO] Skipping packaging of the test-jar
[INFO] 
[INFO] >>> spotbugs:4.9.3.0:check (spotbugs) > :spotbugs @ workflow-cps-parent >>>
[INFO] 
[INFO] --- spotbugs:4.9.3.0:spotbugs (spotbugs) @ workflow-cps-parent ---
[INFO] Skipping com.github.spotbugs:spotbugs-maven-plugin:4.9.3.0:spotbugs report goal
[INFO] 
[INFO] <<< spotbugs:4.9.3.0:check (spotbugs) < :spotbugs @ workflow-cps-parent <<<
[INFO] 
[INFO] 
[INFO] --- spotbugs:4.9.3.0:check (spotbugs) @ workflow-cps-parent ---
[INFO] Spotbugs plugin skipped
[INFO] 
[INFO] --- spotless:2.44.4:check (default) @ workflow-cps-parent ---
[INFO] Spotless check skipped
[INFO] 
[INFO] --- install:3.1.4:install (default-install) @ workflow-cps-parent ---
[INFO] Installing /tmp/plugin-builds/workflow-cps/target/workflow-cps-parent-999999-SNAPSHOT.pom to /home/poddingue/.m2/repository/org/jenkins-ci/plugins/workflow/workflow-cps-parent/999999-SNAPSHOT/workflow-cps-parent-999999-SNAPSHOT.pom
[INFO] 
[INFO] ----------------< com.cloudbees:groovy-cps-dgm-builder >----------------
[INFO] Building CpsDefaultGroovyMethods generator 999999-SNAPSHOT         [2/4]
[INFO]   from dgm-builder/pom.xml
[INFO] --------------------------------[ jar ]---------------------------------
Downloading from repo.jenkins-ci.org: https://repo.jenkins-ci.org/public/org/kohsuke/codemodel/codemodel/2.7/codemodel-2.7.pom
Downloading from incrementals: https://repo.jenkins-ci.org/incrementals/org/kohsuke/codemodel/codemodel/2.7/codemodel-2.7.pom
Downloading from central: https://repo.maven.apache.org/maven2/org/kohsuke/codemodel/codemodel/2.7/codemodel-2.7.pom
Progress (1): 1.4/3.1 kBProgress (1): 2.8/3.1 kBProgress (1): 3.1 kB                        Downloaded from central: https://repo.maven.apache.org/maven2/org/kohsuke/codemodel/codemodel/2.7/codemodel-2.7.pom (3.1 kB at 50 kB/s)
Downloading from repo.jenkins-ci.org: https://repo.jenkins-ci.org/public/org/kohsuke/codemodel/codemodel-project/2.7/codemodel-project-2.7.pom
Downloading from incrementals: https://repo.jenkins-ci.org/incrementals/org/kohsuke/codemodel/codemodel-project/2.7/codemodel-project-2.7.pom
Downloading from central: https://repo.maven.apache.org/maven2/org/kohsuke/codemodel/codemodel-project/2.7/codemodel-project-2.7.pom
Progress (1): 1.4/7.0 kBProgress (1): 2.8/7.0 kBProgress (1): 4.1/7.0 kBProgress (1): 5.5/7.0 kBProgress (1): 6.9/7.0 kBProgress (1): 7.0 kB                        Downloaded from central: https://repo.maven.apache.org/maven2/org/kohsuke/codemodel/codemodel-project/2.7/codemodel-project-2.7.pom (7.0 kB at 582 kB/s)
Downloading from repo.jenkins-ci.org: https://repo.jenkins-ci.org/public/org/codehaus/groovy/groovy/2.4.21/groovy-2.4.21.pom
Downloading from incrementals: https://repo.jenkins-ci.org/incrementals/org/codehaus/groovy/groovy/2.4.21/groovy-2.4.21.pom
Downloading from central: https://repo.maven.apache.org/maven2/org/codehaus/groovy/groovy/2.4.21/groovy-2.4.21.pom
Progress (1): 1.4/19 kBProgress (1): 2.8/19 kBProgress (1): 4.1/19 kBProgress (1): 5.5/19 kBProgress (1): 6.9/19 kBProgress (1): 8.3/19 kBProgress (1): 9.7/19 kBProgress (1): 11/19 kB Progress (1): 12/19 kBProgress (1): 14/19 kBProgress (1): 15/19 kBProgress (1): 17/19 kBProgress (1): 18/19 kBProgress (1): 19 kB                      Downloaded from central: https://repo.maven.apache.org/maven2/org/codehaus/groovy/groovy/2.4.21/groovy-2.4.21.pom (19 kB at 845 kB/s)
Downloading from repo.jenkins-ci.org: https://repo.jenkins-ci.org/public/org/kohsuke/codemodel/codemodel/2.7/codemodel-2.7.jar
Downloading from repo.jenkins-ci.org: https://repo.jenkins-ci.org/public/org/codehaus/groovy/groovy/2.4.21/groovy-2.4.21.jar
Downloading from repo.jenkins-ci.org: https://repo.jenkins-ci.org/public/org/codehaus/groovy/groovy/2.4.21/groovy-2.4.21-sources.jar
Downloading from incrementals: https://repo.jenkins-ci.org/incrementals/org/kohsuke/codemodel/codemodel/2.7/codemodel-2.7.jar
Downloading from incrementals: https://repo.jenkins-ci.org/incrementals/org/codehaus/groovy/groovy/2.4.21/groovy-2.4.21.jar
Downloading from incrementals: https://repo.jenkins-ci.org/incrementals/org/codehaus/groovy/groovy/2.4.21/groovy-2.4.21-sources.jar
Downloading from central: https://repo.maven.apache.org/maven2/org/kohsuke/codemodel/codemodel/2.7/codemodel-2.7.jar
Progress (1): 1.4/148 kBProgress (1): 2.8/148 kBProgress (1): 4.1/148 kBProgress (1): 5.5/148 kBProgress (1): 6.9/148 kBProgress (1): 8.3/148 kBProgress (1): 9.7/148 kBProgress (1): 11/148 kB Progress (1): 12/148 kBProgress (1): 14/148 kBProgress (1): 15/148 kBProgress (1): 17/148 kBProgress (1): 18/148 kBProgress (1): 19/148 kBProgress (1): 21/148 kBProgress (1): 22/148 kBProgress (1): 23/148 kBProgress (1): 25/148 kBProgress (1): 26/148 kBProgress (1): 28/148 kBProgress (1): 29/148 kBProgress (1): 30/148 kBProgress (1): 32/148 kBProgress (1): 33/148 kBProgress (1): 49/148 kBProgress (1): 66/148 kBProgress (1): 82/148 kBProgress (1): 98/148 kBProgress (1): 115/148 kBProgress (1): 131/148 kBProgress (1): 147/148 kBProgress (1): 148 kB                        Downloaded from central: https://repo.maven.apache.org/maven2/org/kohsuke/codemodel/codemodel/2.7/codemodel-2.7.jar (148 kB at 1.2 MB/s)
Downloading from central: https://repo.maven.apache.org/maven2/org/codehaus/groovy/groovy/2.4.21/groovy-2.4.21.jar
Downloading from central: https://repo.maven.apache.org/maven2/org/codehaus/groovy/groovy/2.4.21/groovy-2.4.21-sources.jar
Progress (1): 0/2.1 MBProgress (1): 0/2.1 MBProgress (1): 0/2.1 MBProgress (1): 0.1/2.1 MBProgress (1): 0.1/2.1 MBProgress (1): 0.1/2.1 MBProgress (1): 0.1/2.1 MBProgress (1): 0.1/2.1 MBProgress (1): 0.1/2.1 MBProgress (1): 0.2/2.1 MBProgress (1): 0.2/2.1 MBProgress (1): 0.2/2.1 MBProgress (1): 0.2/2.1 MBProgress (1): 0.2/2.1 MBProgress (1): 0.2/2.1 MBProgress (1): 0.3/2.1 MBProgress (1): 0.3/2.1 MBProgress (1): 0.3/2.1 MBProgress (1): 0.3/2.1 MBProgress (1): 0.3/2.1 MBProgress (1): 0.3/2.1 MBProgress (1): 0.4/2.1 MBProgress (1): 0.4/2.1 MBProgress (1): 0.4/2.1 MBProgress (1): 0.4/2.1 MBProgress (1): 0.4/2.1 MBProgress (1): 0.4/2.1 MBProgress (1): 0.5/2.1 MBProgress (1): 0.5/2.1 MBProgress (1): 0.5/2.1 MBProgress (1): 0.5/2.1 MBProgress (1): 0.5/2.1 MBProgress (1): 0.5/2.1 MBProgress (1): 0.6/2.1 MBProgress (1): 0.6/2.1 MBProgress (1): 0.6/2.1 MBProgress (1): 0.6/2.1 MBProgress (1): 0.6/2.1 MBProgress (1): 0.6/2.1 MBProgress (1): 0.7/2.1 MBProgress (1): 0.7/2.1 MBProgress (1): 0.7/2.1 MBProgress (1): 0.7/2.1 MBProgress (1): 0.7/2.1 MBProgress (1): 0.7/2.1 MBProgress (1): 0.7/2.1 MBProgress (1): 0.8/2.1 MBProgress (1): 0.8/2.1 MBProgress (1): 0.8/2.1 MBProgress (1): 0.8/2.1 MBProgress (1): 0.8/2.1 MBProgress (1): 0.8/2.1 MBProgress (1): 0.9/2.1 MBProgress (1): 0.9/2.1 MBProgress (1): 0.9/2.1 MBProgress (1): 0.9/2.1 MBProgress (1): 0.9/2.1 MBProgress (1): 0.9/2.1 MBProgress (1): 1.0/2.1 MBProgress (1): 1.0/2.1 MBProgress (1): 1.0/2.1 MBProgress (1): 1.0/2.1 MBProgress (1): 1.0/2.1 MBProgress (1): 1.0/2.1 MBProgress (1): 1.1/2.1 MBProgress (1): 1.1/2.1 MBProgress (1): 1.1/2.1 MBProgress (1): 1.1/2.1 MBProgress (1): 1.1/2.1 MBProgress (1): 1.1/2.1 MBProgress (1): 1.1/2.1 MBProgress (1): 1.2/2.1 MBProgress (1): 1.2/2.1 MBProgress (1): 1.2/2.1 MBProgress (1): 1.2/2.1 MBProgress (1): 1.2/2.1 MBProgress (1): 1.2/2.1 MBProgress (1): 1.3/2.1 MBProgress (2): 1.3/2.1 MB | 0/4.7 MBProgress (2): 1.3/2.1 MB | 0/4.7 MBProgress (2): 1.3/2.1 MB | 0/4.7 MBProgress (2): 1.3/2.1 MB | 0/4.7 MBProgress (2): 1.3/2.1 MB | 0/4.7 MBProgress (2): 1.3/2.1 MB | 0/4.7 MBProgress (2): 1.3/2.1 MB | 0/4.7 MBProgress (2): 1.3/2.1 MB | 0/4.7 MBProgress (2): 1.3/2.1 MB | 0/4.7 MBProgress (2): 1.3/2.1 MB | 0/4.7 MBProgress (2): 1.3/2.1 MB | 0/4.7 MBProgress (2): 1.3/2.1 MB | 0/4.7 MBProgress (2): 1.3/2.1 MB | 0/4.7 MBProgress (2): 1.3/2.1 MB | 0/4.7 MBProgress (2): 1.3/2.1 MB | 0/4.7 MBProgress (2): 1.3/2.1 MB | 0/4.7 MBProgress (2): 1.3/2.1 MB | 0/4.7 MBProgress (2): 1.4/2.1 MB | 0/4.7 MBProgress (2): 1.4/2.1 MB | 0/4.7 MBProgress (2): 1.4/2.1 MB | 0/4.7 MBProgress (2): 1.4/2.1 MB | 0/4.7 MBProgress (2): 1.4/2.1 MB | 0/4.7 MBProgress (2): 1.4/2.1 MB | 0/4.7 MBProgress (2): 1.4/2.1 MB | 0/4.7 MBProgress (2): 1.5/2.1 MB | 0/4.7 MBProgress (2): 1.5/2.1 MB | 0/4.7 MBProgress (2): 1.5/2.1 MB | 0/4.7 MBProgress (2): 1.5/2.1 MB | 0/4.7 MBProgress (2): 1.5/2.1 MB | 0/4.7 MBProgress (2): 1.5/2.1 MB | 0/4.7 MBProgress (2): 1.6/2.1 MB | 0/4.7 MBProgress (2): 1.6/2.1 MB | 0/4.7 MBProgress (2): 1.6/2.1 MB | 0/4.7 MBProgress (2): 1.6/2.1 MB | 0/4.7 MBProgress (2): 1.6/2.1 MB | 0/4.7 MBProgress (2): 1.6/2.1 MB | 0/4.7 MBProgress (2): 1.6/2.1 MB | 0/4.7 MBProgress (2): 1.6/2.1 MB | 0.1/4.7 MBProgress (2): 1.7/2.1 MB | 0.1/4.7 MBProgress (2): 1.7/2.1 MB | 0.1/4.7 MBProgress (2): 1.7/2.1 MB | 0.1/4.7 MBProgress (2): 1.7/2.1 MB | 0.1/4.7 MBProgress (2): 1.7/2.1 MB | 0.1/4.7 MBProgress (2): 1.7/2.1 MB | 0.1/4.7 MBProgress (2): 1.7/2.1 MB | 0.1/4.7 MBProgress (2): 1.7/2.1 MB | 0.1/4.7 MBProgress (2): 1.7/2.1 MB | 0.1/4.7 MBProgress (2): 1.8/2.1 MB | 0.1/4.7 MBProgress (2): 1.8/2.1 MB | 0.1/4.7 MBProgress (2): 1.8/2.1 MB | 0.1/4.7 MBProgress (2): 1.8/2.1 MB | 0.1/4.7 MBProgress (2): 1.8/2.1 MB | 0.1/4.7 MBProgress (2): 1.8/2.1 MB | 0.1/4.7 MBProgress (2): 1.9/2.1 MB | 0.1/4.7 MBProgress (2): 1.9/2.1 MB | 0.1/4.7 MBProgress (2): 1.9/2.1 MB | 0.1/4.7 MBProgress (2): 1.9/2.1 MB | 0.1/4.7 MBProgress (2): 1.9/2.1 MB | 0.1/4.7 MBProgress (2): 1.9/2.1 MB | 0.1/4.7 MBProgress (2): 1.9/2.1 MB | 0.1/4.7 MBProgress (2): 1.9/2.1 MB | 0.1/4.7 MBProgress (2): 2.0/2.1 MB | 0.1/4.7 MBProgress (2): 2.0/2.1 MB | 0.1/4.7 MBProgress (2): 2.0/2.1 MB | 0.1/4.7 MBProgress (2): 2.0/2.1 MB | 0.1/4.7 MBProgress (2): 2.0/2.1 MB | 0.1/4.7 MBProgress (2): 2.0/2.1 MB | 0.1/4.7 MBProgress (2): 2.0/2.1 MB | 0.1/4.7 MBProgress (2): 2.0/2.1 MB | 0.2/4.7 MBProgress (2): 2.1/2.1 MB | 0.2/4.7 MBProgress (2): 2.1/2.1 MB | 0.2/4.7 MBProgress (2): 2.1/2.1 MB | 0.2/4.7 MBProgress (2): 2.1/2.1 MB | 0.2/4.7 MBProgress (2): 2.1 MB | 0.2/4.7 MB    Progress (2): 2.1 MB | 0.2/4.7 MBProgress (2): 2.1 MB | 0.2/4.7 MBProgress (2): 2.1 MB | 0.2/4.7 MB                                 Downloaded from central: https://repo.maven.apache.org/maven2/org/codehaus/groovy/groovy/2.4.21/groovy-2.4.21-sources.jar (2.1 MB at 16 MB/s)
Progress (1): 0.3/4.7 MBProgress (1): 0.3/4.7 MBProgress (1): 0.3/4.7 MBProgress (1): 0.3/4.7 MBProgress (1): 0.3/4.7 MBProgress (1): 0.3/4.7 MBProgress (1): 0.4/4.7 MBProgress (1): 0.4/4.7 MBProgress (1): 0.4/4.7 MBProgress (1): 0.4/4.7 MBProgress (1): 0.4/4.7 MBProgress (1): 0.4/4.7 MBProgress (1): 0.5/4.7 MBProgress (1): 0.5/4.7 MBProgress (1): 0.5/4.7 MBProgress (1): 0.5/4.7 MBProgress (1): 0.5/4.7 MBProgress (1): 0.5/4.7 MBProgress (1): 0.6/4.7 MBProgress (1): 0.6/4.7 MBProgress (1): 0.6/4.7 MBProgress (1): 0.6/4.7 MBProgress (1): 0.6/4.7 MBProgress (1): 0.6/4.7 MBProgress (1): 0.7/4.7 MBProgress (1): 0.7/4.7 MBProgress (1): 0.7/4.7 MBProgress (1): 0.7/4.7 MBProgress (1): 0.7/4.7 MBProgress (1): 0.7/4.7 MBProgress (1): 0.8/4.7 MBProgress (1): 0.8/4.7 MBProgress (1): 0.8/4.7 MBProgress (1): 0.8/4.7 MBProgress (1): 0.8/4.7 MBProgress (1): 0.8/4.7 MBProgress (1): 0.8/4.7 MBProgress (1): 0.9/4.7 MBProgress (1): 0.9/4.7 MBProgress (1): 0.9/4.7 MBProgress (1): 0.9/4.7 MBProgress (1): 0.9/4.7 MBProgress (1): 0.9/4.7 MBProgress (1): 1.0/4.7 MBProgress (1): 1.0/4.7 MBProgress (1): 1.0/4.7 MBProgress (1): 1.0/4.7 MBProgress (1): 1.0/4.7 MBProgress (1): 1.0/4.7 MBProgress (1): 1.1/4.7 MBProgress (1): 1.1/4.7 MBProgress (1): 1.1/4.7 MBProgress (1): 1.1/4.7 MBProgress (1): 1.1/4.7 MBProgress (1): 1.1/4.7 MBProgress (1): 1.2/4.7 MBProgress (1): 1.2/4.7 MBProgress (1): 1.2/4.7 MBProgress (1): 1.2/4.7 MBProgress (1): 1.2/4.7 MBProgress (1): 1.2/4.7 MBProgress (1): 1.3/4.7 MBProgress (1): 1.3/4.7 MBProgress (1): 1.3/4.7 MBProgress (1): 1.3/4.7 MBProgress (1): 1.3/4.7 MBProgress (1): 1.3/4.7 MBProgress (1): 1.4/4.7 MBProgress (1): 1.4/4.7 MBProgress (1): 1.4/4.7 MBProgress (1): 1.4/4.7 MBProgress (1): 1.4/4.7 MBProgress (1): 1.4/4.7 MBProgress (1): 1.5/4.7 MBProgress (1): 1.5/4.7 MBProgress (1): 1.5/4.7 MBProgress (1): 1.5/4.7 MBProgress (1): 1.5/4.7 MBProgress (1): 1.5/4.7 MBProgress (1): 1.6/4.7 MBProgress (1): 1.6/4.7 MBProgress (1): 1.6/4.7 MBProgress (1): 1.6/4.7 MBProgress (1): 1.6/4.7 MBProgress (1): 1.6/4.7 MBProgress (1): 1.7/4.7 MBProgress (1): 1.7/4.7 MBProgress (1): 1.7/4.7 MBProgress (1): 1.7/4.7 MBProgress (1): 1.7/4.7 MBProgress (1): 1.7/4.7 MBProgress (1): 1.8/4.7 MBProgress (1): 1.8/4.7 MBProgress (1): 1.8/4.7 MBProgress (1): 1.8/4.7 MBProgress (1): 1.8/4.7 MBProgress (1): 1.8/4.7 MBProgress (1): 1.8/4.7 MBProgress (1): 1.9/4.7 MBProgress (1): 1.9/4.7 MBProgress (1): 1.9/4.7 MBProgress (1): 1.9/4.7 MBProgress (1): 1.9/4.7 MBProgress (1): 1.9/4.7 MBProgress (1): 2.0/4.7 MBProgress (1): 2.0/4.7 MBProgress (1): 2.0/4.7 MBProgress (1): 2.0/4.7 MBProgress (1): 2.0/4.7 MBProgress (1): 2.0/4.7 MBProgress (1): 2.1/4.7 MBProgress (1): 2.1/4.7 MBProgress (1): 2.1/4.7 MBProgress (1): 2.1/4.7 MBProgress (1): 2.1/4.7 MBProgress (1): 2.1/4.7 MBProgress (1): 2.2/4.7 MBProgress (1): 2.2/4.7 MBProgress (1): 2.2/4.7 MBProgress (1): 2.2/4.7 MBProgress (1): 2.2/4.7 MBProgress (1): 2.2/4.7 MBProgress (1): 2.3/4.7 MBProgress (1): 2.3/4.7 MBProgress (1): 2.3/4.7 MBProgress (1): 2.3/4.7 MBProgress (1): 2.3/4.7 MBProgress (1): 2.3/4.7 MBProgress (1): 2.4/4.7 MBProgress (1): 2.4/4.7 MBProgress (1): 2.4/4.7 MBProgress (1): 2.4/4.7 MBProgress (1): 2.4/4.7 MBProgress (1): 2.4/4.7 MBProgress (1): 2.5/4.7 MBProgress (1): 2.5/4.7 MBProgress (1): 2.5/4.7 MBProgress (1): 2.5/4.7 MBProgress (1): 2.5/4.7 MBProgress (1): 2.5/4.7 MBProgress (1): 2.6/4.7 MBProgress (1): 2.6/4.7 MBProgress (1): 2.6/4.7 MBProgress (1): 2.6/4.7 MBProgress (1): 2.6/4.7 MBProgress (1): 2.6/4.7 MBProgress (1): 2.7/4.7 MBProgress (1): 2.7/4.7 MBProgress (1): 2.7/4.7 MBProgress (1): 2.7/4.7 MBProgress (1): 2.7/4.7 MBProgress (1): 2.7/4.7 MBProgress (1): 2.7/4.7 MBProgress (1): 2.8/4.7 MBProgress (1): 2.8/4.7 MBProgress (1): 2.8/4.7 MBProgress (1): 2.8/4.7 MBProgress (1): 2.8/4.7 MBProgress (1): 2.8/4.7 MBProgress (1): 2.9/4.7 MBProgress (1): 2.9/4.7 MBProgress (1): 2.9/4.7 MBProgress (1): 2.9/4.7 MBProgress (1): 2.9/4.7 MBProgress (1): 2.9/4.7 MBProgress (1): 3.0/4.7 MBProgress (1): 3.0/4.7 MBProgress (1): 3.0/4.7 MBProgress (1): 3.0/4.7 MBProgress (1): 3.0/4.7 MBProgress (1): 3.0/4.7 MBProgress (1): 3.0/4.7 MBProgress (1): 3.1/4.7 MBProgress (1): 3.1/4.7 MBProgress (1): 3.1/4.7 MBProgress (1): 3.1/4.7 MBProgress (1): 3.1/4.7 MBProgress (1): 3.1/4.7 MBProgress (1): 3.2/4.7 MBProgress (1): 3.2/4.7 MBProgress (1): 3.2/4.7 MBProgress (1): 3.2/4.7 MBProgress (1): 3.2/4.7 MBProgress (1): 3.2/4.7 MBProgress (1): 3.3/4.7 MBProgress (1): 3.3/4.7 MBProgress (1): 3.3/4.7 MBProgress (1): 3.3/4.7 MBProgress (1): 3.3/4.7 MBProgress (1): 3.3/4.7 MBProgress (1): 3.4/4.7 MBProgress (1): 3.4/4.7 MBProgress (1): 3.4/4.7 MBProgress (1): 3.4/4.7 MBProgress (1): 3.4/4.7 MBProgress (1): 3.4/4.7 MBProgress (1): 3.5/4.7 MBProgress (1): 3.5/4.7 MBProgress (1): 3.5/4.7 MBProgress (1): 3.5/4.7 MBProgress (1): 3.5/4.7 MBProgress (1): 3.5/4.7 MBProgress (1): 3.6/4.7 MBProgress (1): 3.6/4.7 MBProgress (1): 3.6/4.7 MBProgress (1): 3.6/4.7 MBProgress (1): 3.6/4.7 MBProgress (1): 3.6/4.7 MBProgress (1): 3.7/4.7 MBProgress (1): 3.7/4.7 MBProgress (1): 3.7/4.7 MBProgress (1): 3.7/4.7 MBProgress (1): 3.7/4.7 MBProgress (1): 3.7/4.7 MBProgress (1): 3.7/4.7 MBProgress (1): 3.8/4.7 MBProgress (1): 3.8/4.7 MBProgress (1): 3.8/4.7 MBProgress (1): 3.8/4.7 MBProgress (1): 3.8/4.7 MBProgress (1): 3.8/4.7 MBProgress (1): 3.9/4.7 MBProgress (1): 3.9/4.7 MBProgress (1): 3.9/4.7 MBProgress (1): 3.9/4.7 MBProgress (1): 3.9/4.7 MBProgress (1): 3.9/4.7 MBProgress (1): 4.0/4.7 MBProgress (1): 4.0/4.7 MBProgress (1): 4.0/4.7 MBProgress (1): 4.0/4.7 MBProgress (1): 4.0/4.7 MBProgress (1): 4.0/4.7 MBProgress (1): 4.1/4.7 MBProgress (1): 4.1/4.7 MBProgress (1): 4.1/4.7 MBProgress (1): 4.1/4.7 MBProgress (1): 4.1/4.7 MBProgress (1): 4.1/4.7 MBProgress (1): 4.2/4.7 MBProgress (1): 4.2/4.7 MBProgress (1): 4.2/4.7 MBProgress (1): 4.2/4.7 MBProgress (1): 4.2/4.7 MBProgress (1): 4.2/4.7 MBProgress (1): 4.3/4.7 MBProgress (1): 4.3/4.7 MBProgress (1): 4.3/4.7 MBProgress (1): 4.3/4.7 MBProgress (1): 4.3/4.7 MBProgress (1): 4.3/4.7 MBProgress (1): 4.4/4.7 MBProgress (1): 4.4/4.7 MBProgress (1): 4.4/4.7 MBProgress (1): 4.4/4.7 MBProgress (1): 4.4/4.7 MBProgress (1): 4.4/4.7 MBProgress (1): 4.5/4.7 MBProgress (1): 4.5/4.7 MBProgress (1): 4.5/4.7 MBProgress (1): 4.5/4.7 MBProgress (1): 4.5/4.7 MBProgress (1): 4.5/4.7 MBProgress (1): 4.6/4.7 MBProgress (1): 4.6/4.7 MBProgress (1): 4.6/4.7 MBProgress (1): 4.6/4.7 MBProgress (1): 4.6/4.7 MBProgress (1): 4.6/4.7 MBProgress (1): 4.7/4.7 MBProgress (1): 4.7/4.7 MBProgress (1): 4.7/4.7 MBProgress (1): 4.7/4.7 MBProgress (1): 4.7 MB                        Downloaded from central: https://repo.maven.apache.org/maven2/org/codehaus/groovy/groovy/2.4.21/groovy-2.4.21.jar (4.7 MB at 22 MB/s)
[INFO] 
[INFO] --- clean:3.4.1:clean (default-clean) @ groovy-cps-dgm-builder ---
[INFO] 
[INFO] --- enforcer:3.5.0:enforce (display-info) @ groovy-cps-dgm-builder ---
[INFO] Rule 3: org.codehaus.mojo.extraenforcer.dependencies.EnforceBytecodeVersion passed
[INFO] Rule 4: org.apache.maven.enforcer.rules.dependency.BannedDependencies passed
[INFO] Rule 5: org.apache.maven.enforcer.rules.dependency.BannedDependencies passed
[INFO] Rule 6: org.apache.maven.enforcer.rules.dependency.RequireUpperBoundDeps passed
[INFO] 
[INFO] --- enforcer:3.5.0:enforce (no-snapshots-in-release) @ groovy-cps-dgm-builder ---
[INFO] Rule 0: org.apache.maven.enforcer.rules.dependency.RequireReleaseDeps passed
[INFO] 
[INFO] --- localizer:1.31:generate (default) @ groovy-cps-dgm-builder ---
[INFO] 
[INFO] --- resources:3.3.1:resources (default-resources) @ groovy-cps-dgm-builder ---
[INFO] Copying 1 resource from src/main/resources to target/classes
[INFO] 
[INFO] --- flatten:1.7.0:flatten (flatten) @ groovy-cps-dgm-builder ---
[INFO] Generating flattened POM of project com.cloudbees:groovy-cps-dgm-builder:jar:999999-SNAPSHOT...
[INFO] 
[INFO] --- compiler:3.14.0:compile (default-compile) @ groovy-cps-dgm-builder ---
[INFO] Recompiling the module because of changed source code.
[INFO] Compiling 2 source files with javac [debug parameters release 17] to target/classes
[INFO] /tmp/plugin-builds/workflow-cps/dgm-builder/src/main/java/com/cloudbees/groovy/cps/tool/Translator.java: /tmp/plugin-builds/workflow-cps/dgm-builder/src/main/java/com/cloudbees/groovy/cps/tool/Translator.java uses or overrides a deprecated API.
[INFO] /tmp/plugin-builds/workflow-cps/dgm-builder/src/main/java/com/cloudbees/groovy/cps/tool/Translator.java: Recompile with -Xlint:deprecation for details.
[INFO] 
[INFO] --- antrun:3.1.0:run (createTempDir) @ groovy-cps-dgm-builder ---
[INFO] Executing tasks
[INFO]     [mkdir] Created dir: /tmp/plugin-builds/workflow-cps/dgm-builder/target/tmp
[INFO] Executed tasks
[INFO] 
[INFO] --- resources:3.3.1:testResources (default-testResources) @ groovy-cps-dgm-builder ---
[INFO] skip non existing resourceDirectory /tmp/plugin-builds/workflow-cps/dgm-builder/src/test/resources
[INFO] 
[INFO] --- compiler:3.14.0:testCompile (default-testCompile) @ groovy-cps-dgm-builder ---
[INFO] No sources to compile
[INFO] 
[INFO] --- surefire:3.5.3:test (default-test) @ groovy-cps-dgm-builder ---
[INFO] Tests are skipped.
[INFO] 
[INFO] --- license:165.v7e11f4e4a_325:process (default) @ groovy-cps-dgm-builder ---
[INFO] 
[INFO] --- jar:3.4.2:jar (default-jar) @ groovy-cps-dgm-builder ---
[INFO] Building jar: /tmp/plugin-builds/workflow-cps/dgm-builder/target/groovy-cps-dgm-builder.jar
[INFO] 
[INFO] --- jar:3.4.2:test-jar (maybe-test-jar) @ groovy-cps-dgm-builder ---
[INFO] Skipping packaging of the test-jar
[INFO] 
[INFO] --- assembly:3.7.1:single (default) @ groovy-cps-dgm-builder ---
[INFO] Building jar: /tmp/plugin-builds/workflow-cps/dgm-builder/target/groovy-cps-dgm-builder-jar-with-dependencies.jar
[INFO] 
[INFO] >>> spotbugs:4.9.3.0:check (spotbugs) > :spotbugs @ groovy-cps-dgm-builder >>>
[INFO] 
[INFO] --- spotbugs:4.9.3.0:spotbugs (spotbugs) @ groovy-cps-dgm-builder ---
[INFO] Skipping com.github.spotbugs:spotbugs-maven-plugin:4.9.3.0:spotbugs report goal
[INFO] 
[INFO] <<< spotbugs:4.9.3.0:check (spotbugs) < :spotbugs @ groovy-cps-dgm-builder <<<
[INFO] 
[INFO] 
[INFO] --- spotbugs:4.9.3.0:check (spotbugs) @ groovy-cps-dgm-builder ---
[INFO] Spotbugs plugin skipped
[INFO] 
[INFO] --- spotless:2.44.4:check (default) @ groovy-cps-dgm-builder ---
[INFO] Spotless check skipped
[INFO] 
[INFO] --- install:3.1.4:install (default-install) @ groovy-cps-dgm-builder ---
[INFO] Installing /tmp/plugin-builds/workflow-cps/dgm-builder/target/groovy-cps-dgm-builder-999999-SNAPSHOT.pom to /home/poddingue/.m2/repository/com/cloudbees/groovy-cps-dgm-builder/999999-SNAPSHOT/groovy-cps-dgm-builder-999999-SNAPSHOT.pom
[INFO] Installing /tmp/plugin-builds/workflow-cps/dgm-builder/target/groovy-cps-dgm-builder.jar to /home/poddingue/.m2/repository/com/cloudbees/groovy-cps-dgm-builder/999999-SNAPSHOT/groovy-cps-dgm-builder-999999-SNAPSHOT.jar
[INFO] Installing /tmp/plugin-builds/workflow-cps/dgm-builder/target/groovy-cps-dgm-builder-jar-with-dependencies.jar to /home/poddingue/.m2/repository/com/cloudbees/groovy-cps-dgm-builder/999999-SNAPSHOT/groovy-cps-dgm-builder-999999-SNAPSHOT-jar-with-dependencies.jar
[INFO] 
[INFO] ----------------------< com.cloudbees:groovy-cps >----------------------
[INFO] Building Groovy CPS Execution 999999-SNAPSHOT                      [3/4]
[INFO]   from lib/pom.xml
[INFO] --------------------------------[ jar ]---------------------------------
Downloading from repo.jenkins-ci.org: https://repo.jenkins-ci.org/public/org/codehaus/mojo/exec-maven-plugin/3.5.0/exec-maven-plugin-3.5.0.pom
Downloading from incrementals: https://repo.jenkins-ci.org/incrementals/org/codehaus/mojo/exec-maven-plugin/3.5.0/exec-maven-plugin-3.5.0.pom
Downloading from central: https://repo.maven.apache.org/maven2/org/codehaus/mojo/exec-maven-plugin/3.5.0/exec-maven-plugin-3.5.0.pom
Progress (1): 14 kB                   Downloaded from central: https://repo.maven.apache.org/maven2/org/codehaus/mojo/exec-maven-plugin/3.5.0/exec-maven-plugin-3.5.0.pom (14 kB at 1.3 MB/s)
Downloading from repo.jenkins-ci.org: https://repo.jenkins-ci.org/public/org/codehaus/mojo/exec-maven-plugin/3.5.0/exec-maven-plugin-3.5.0.jar
Downloading from incrementals: https://repo.jenkins-ci.org/incrementals/org/codehaus/mojo/exec-maven-plugin/3.5.0/exec-maven-plugin-3.5.0.jar
Downloading from central: https://repo.maven.apache.org/maven2/org/codehaus/mojo/exec-maven-plugin/3.5.0/exec-maven-plugin-3.5.0.jar
Progress (1): 16/87 kBProgress (1): 33/87 kBProgress (1): 49/87 kBProgress (1): 66/87 kBProgress (1): 82/87 kBProgress (1): 87 kB                      Downloaded from central: https://repo.maven.apache.org/maven2/org/codehaus/mojo/exec-maven-plugin/3.5.0/exec-maven-plugin-3.5.0.jar (87 kB at 7.2 MB/s)
Downloading from repo.jenkins-ci.org: https://repo.jenkins-ci.org/public/org/kohsuke/groovy-sandbox/1.34/groovy-sandbox-1.34-tests.jar
Progress (1): 0.4/44 kBProgress (1): 1.8/44 kBProgress (1): 3.2/44 kBProgress (1): 4.6/44 kBProgress (1): 6.0/44 kBProgress (1): 7.4/44 kBProgress (1): 8.8/44 kBProgress (1): 10/44 kB Progress (1): 12/44 kBProgress (1): 13/44 kBProgress (1): 14/44 kBProgress (1): 16/44 kBProgress (1): 17/44 kBProgress (1): 19/44 kBProgress (1): 20/44 kBProgress (1): 21/44 kBProgress (1): 23/44 kBProgress (1): 24/44 kBProgress (1): 26/44 kBProgress (1): 27/44 kBProgress (1): 28/44 kBProgress (1): 30/44 kBProgress (1): 31/44 kBProgress (1): 33/44 kBProgress (1): 33/44 kBProgress (1): 34/44 kBProgress (1): 35/44 kBProgress (1): 37/44 kBProgress (1): 38/44 kBProgress (1): 40/44 kBProgress (1): 41/44 kBProgress (1): 42/44 kBProgress (1): 44/44 kBProgress (1): 44 kB                      Downloaded from repo.jenkins-ci.org: https://repo.jenkins-ci.org/public/org/kohsuke/groovy-sandbox/1.34/groovy-sandbox-1.34-tests.jar (44 kB at 59 kB/s)
[INFO] 
[INFO] --- clean:3.4.1:clean (default-clean) @ groovy-cps ---
[INFO] 
[INFO] --- enforcer:3.5.0:enforce (display-info) @ groovy-cps ---
[INFO] Rule 3: org.codehaus.mojo.extraenforcer.dependencies.EnforceBytecodeVersion passed
[INFO] Rule 4: org.apache.maven.enforcer.rules.dependency.BannedDependencies passed
[INFO] Rule 5: org.apache.maven.enforcer.rules.dependency.BannedDependencies passed
[INFO] Ignoring requireUpperBoundDeps in com.google.code.findbugs:jsr305
[INFO] Rule 6: org.apache.maven.enforcer.rules.dependency.RequireUpperBoundDeps passed
[INFO] 
[INFO] --- enforcer:3.5.0:enforce (no-snapshots-in-release) @ groovy-cps ---
[INFO] Rule 0: org.apache.maven.enforcer.rules.dependency.RequireReleaseDeps passed
[INFO] 
[INFO] --- localizer:1.31:generate (default) @ groovy-cps ---
[INFO] 
[INFO] --- dependency:3.8.1:copy (default) @ groovy-cps ---
[INFO] Configured Artifact: com.cloudbees:groovy-cps-dgm-builder:jar-with-dependencies:999999-SNAPSHOT:jar
[INFO] 
[INFO] --- exec:3.5.0:exec (default) @ groovy-cps ---
Downloading from repo.jenkins-ci.org: https://repo.jenkins-ci.org/public/org/apache/commons/commons-exec/1.4.0/commons-exec-1.4.0.pom
Downloading from incrementals: https://repo.jenkins-ci.org/incrementals/org/apache/commons/commons-exec/1.4.0/commons-exec-1.4.0.pom
Downloading from central: https://repo.maven.apache.org/maven2/org/apache/commons/commons-exec/1.4.0/commons-exec-1.4.0.pom
Progress (1): 9.5 kB                    Downloaded from central: https://repo.maven.apache.org/maven2/org/apache/commons/commons-exec/1.4.0/commons-exec-1.4.0.pom (9.5 kB at 794 kB/s)
Downloading from repo.jenkins-ci.org: https://repo.jenkins-ci.org/public/org/apache/commons/commons-exec/1.4.0/commons-exec-1.4.0.jar
Downloading from incrementals: https://repo.jenkins-ci.org/incrementals/org/apache/commons/commons-exec/1.4.0/commons-exec-1.4.0.jar
Downloading from central: https://repo.maven.apache.org/maven2/org/apache/commons/commons-exec/1.4.0/commons-exec-1.4.0.jar
Progress (1): 16/66 kBProgress (1): 33/66 kBProgress (1): 49/66 kBProgress (1): 66/66 kBProgress (1): 66 kB                      Downloaded from central: https://repo.maven.apache.org/maven2/org/apache/commons/commons-exec/1.4.0/commons-exec-1.4.0.jar (66 kB at 3.5 MB/s)
/tmp/plugin-builds/workflow-cps/lib/target/groovy-cps-dgm-builder-999999-SNAPSHOT-jar-with-dependencies.jar(/org/codehaus/groovy/runtime/DefaultGroovyMethods.java):389: warning: [removal] java.security.AccessController in java.security has been deprecated and marked for removal
                    AccessController.doPrivileged(new PrivilegedAction() {
                    ^
/tmp/plugin-builds/workflow-cps/lib/target/groovy-cps-dgm-builder-999999-SNAPSHOT-jar-with-dependencies.jar(/org/codehaus/groovy/runtime/DefaultGroovyMethods.java):11064: error: reference to plus is ambiguous
        return (T[]) plus(toList(left), toList(right)).toArray();
                     ^
  both method <T>plus(java.util.List<T>,java.util.Collection<T>) in org.codehaus.groovy.runtime.DefaultGroovyMethods and method <T>plus(java.util.List<T>,T) in org.codehaus.groovy.runtime.DefaultGroovyMethods match
/tmp/plugin-builds/workflow-cps/lib/target/groovy-cps-dgm-builder-999999-SNAPSHOT-jar-with-dependencies.jar(/org/codehaus/groovy/runtime/DefaultGroovyMethods.java):11100: error: reference to plus is ambiguous
        return (T[]) plus(toList(left), right).toArray();
                     ^
  both method <T>plus(java.util.List<T>,java.util.Collection<T>) in org.codehaus.groovy.runtime.DefaultGroovyMethods and method <T>plus(java.util.List<T>,T) in org.codehaus.groovy.runtime.DefaultGroovyMethods match
/tmp/plugin-builds/workflow-cps/lib/target/groovy-cps-dgm-builder-999999-SNAPSHOT-jar-with-dependencies.jar(/org/codehaus/groovy/runtime/DefaultGroovyMethods.java):11122: error: reference to plus is ambiguous
        return (T[]) plus(toList(left), toList(right)).toArray();
                     ^
  both method <T>plus(java.util.List<T>,java.util.Collection<T>) in org.codehaus.groovy.runtime.DefaultGroovyMethods and method <T>plus(java.util.List<T>,T) in org.codehaus.groovy.runtime.DefaultGroovyMethods match
[INFO] Registering compile source root /tmp/plugin-builds/workflow-cps/lib/target/generated-sources/dgm
[INFO] 
[INFO] --- resources:3.3.1:resources (default-resources) @ groovy-cps ---
[INFO] skip non existing resourceDirectory /tmp/plugin-builds/workflow-cps/lib/src/main/resources
[INFO] 
[INFO] --- flatten:1.7.0:flatten (flatten) @ groovy-cps ---
[INFO] Generating flattened POM of project com.cloudbees:groovy-cps:jar:999999-SNAPSHOT...
[INFO] 
[INFO] --- compiler:3.14.0:compile (default-compile) @ groovy-cps ---
[INFO] Recompiling the module because of changed source code.
[INFO] Compiling 97 source files with javac [debug parameters release 17] to target/classes
[INFO] /tmp/plugin-builds/workflow-cps/lib/target/generated-sources/dgm/com/cloudbees/groovy/cps/CpsStringGroovyMethods.java: /tmp/plugin-builds/workflow-cps/lib/target/generated-sources/dgm/com/cloudbees/groovy/cps/CpsStringGroovyMethods.java uses or overrides a deprecated API.
[INFO] /tmp/plugin-builds/workflow-cps/lib/target/generated-sources/dgm/com/cloudbees/groovy/cps/CpsStringGroovyMethods.java: Recompile with -Xlint:deprecation for details.
[INFO] /tmp/plugin-builds/workflow-cps/lib/src/main/java/com/cloudbees/groovy/cps/CpsTransformer.java: Some input files use unchecked or unsafe operations.
[INFO] /tmp/plugin-builds/workflow-cps/lib/src/main/java/com/cloudbees/groovy/cps/CpsTransformer.java: Recompile with -Xlint:unchecked for details.
[INFO] 
[INFO] --- antrun:3.1.0:run (createTempDir) @ groovy-cps ---
[INFO] Executing tasks
[INFO]     [mkdir] Created dir: /tmp/plugin-builds/workflow-cps/lib/target/tmp
[INFO] Executed tasks
[INFO] 
[INFO] --- resources:3.3.1:testResources (default-testResources) @ groovy-cps ---
[INFO] Copying 1 resource from src/test/resources to target/test-classes
[INFO] 
[INFO] --- compiler:3.14.0:testCompile (default-testCompile) @ groovy-cps ---
[INFO] Recompiling the module because of changed dependency.
[INFO] Compiling 17 source files with javac [debug parameters release 17] to target/test-classes
[INFO] /tmp/plugin-builds/workflow-cps/lib/src/test/java/com/cloudbees/groovy/cps/BasicTest.java: Some input files use or override a deprecated API.
[INFO] /tmp/plugin-builds/workflow-cps/lib/src/test/java/com/cloudbees/groovy/cps/BasicTest.java: Recompile with -Xlint:deprecation for details.
[INFO] /tmp/plugin-builds/workflow-cps/lib/src/test/java/com/cloudbees/groovy/cps/AbstractGroovyCpsTest.java: Some input files use unchecked or unsafe operations.
[INFO] /tmp/plugin-builds/workflow-cps/lib/src/test/java/com/cloudbees/groovy/cps/AbstractGroovyCpsTest.java: Recompile with -Xlint:unchecked for details.
[INFO] 
[INFO] --- surefire:3.5.3:test (default-test) @ groovy-cps ---
[INFO] Tests are skipped.
[INFO] 
[INFO] --- license:165.v7e11f4e4a_325:process (default) @ groovy-cps ---
[INFO] 
[INFO] --- jar:3.4.2:jar (default-jar) @ groovy-cps ---
[INFO] Building jar: /tmp/plugin-builds/workflow-cps/lib/target/groovy-cps.jar
[INFO] 
[INFO] --- jar:3.4.2:test-jar (maybe-test-jar) @ groovy-cps ---
[INFO] Building jar: /tmp/plugin-builds/workflow-cps/lib/target/groovy-cps-tests.jar
[INFO] 
[INFO] >>> spotbugs:4.9.3.0:check (spotbugs) > :spotbugs @ groovy-cps >>>
[INFO] 
[INFO] --- spotbugs:4.9.3.0:spotbugs (spotbugs) @ groovy-cps ---
[INFO] Skipping com.github.spotbugs:spotbugs-maven-plugin:4.9.3.0:spotbugs report goal
[INFO] 
[INFO] <<< spotbugs:4.9.3.0:check (spotbugs) < :spotbugs @ groovy-cps <<<
[INFO] 
[INFO] 
[INFO] --- spotbugs:4.9.3.0:check (spotbugs) @ groovy-cps ---
[INFO] Spotbugs plugin skipped
[INFO] 
[INFO] --- spotless:2.44.4:check (default) @ groovy-cps ---
[INFO] Spotless check skipped
[INFO] 
[INFO] --- install:3.1.4:install (default-install) @ groovy-cps ---
[INFO] Installing /tmp/plugin-builds/workflow-cps/lib/target/groovy-cps-999999-SNAPSHOT.pom to /home/poddingue/.m2/repository/com/cloudbees/groovy-cps/999999-SNAPSHOT/groovy-cps-999999-SNAPSHOT.pom
[INFO] Installing /tmp/plugin-builds/workflow-cps/lib/target/groovy-cps.jar to /home/poddingue/.m2/repository/com/cloudbees/groovy-cps/999999-SNAPSHOT/groovy-cps-999999-SNAPSHOT.jar
[INFO] Installing /tmp/plugin-builds/workflow-cps/lib/target/groovy-cps-tests.jar to /home/poddingue/.m2/repository/com/cloudbees/groovy-cps/999999-SNAPSHOT/groovy-cps-999999-SNAPSHOT-tests.jar
[INFO] 
[INFO] ------------< org.jenkins-ci.plugins.workflow:workflow-cps >------------
[INFO] Building Pipeline: Groovy 999999-SNAPSHOT                          [4/4]
[INFO]   from plugin/pom.xml
[INFO] --------------------------------[ hpi ]---------------------------------
Downloading from repo.jenkins-ci.org: https://repo.jenkins-ci.org/public/org/jenkins-ci/plugins/support-core/1671.v1a_d55b_86706a_/support-core-1671.v1a_d55b_86706a_.pom
Progress (1): 0.4/4.7 kBProgress (1): 1.8/4.7 kBProgress (1): 3.2/4.7 kBProgress (1): 4.6/4.7 kBProgress (1): 4.7 kB                        Downloaded from repo.jenkins-ci.org: https://repo.jenkins-ci.org/public/org/jenkins-ci/plugins/support-core/1671.v1a_d55b_86706a_/support-core-1671.v1a_d55b_86706a_.pom (4.7 kB at 8.1 kB/s)
Downloading from repo.jenkins-ci.org: https://repo.jenkins-ci.org/public/net/sf/uadetector/uadetector-resources/2014.10/uadetector-resources-2014.10.pom
Downloading from incrementals: https://repo.jenkins-ci.org/incrementals/net/sf/uadetector/uadetector-resources/2014.10/uadetector-resources-2014.10.pom
Downloading from central: https://repo.maven.apache.org/maven2/net/sf/uadetector/uadetector-resources/2014.10/uadetector-resources-2014.10.pom
Progress (1): 5.9 kB                    Downloaded from central: https://repo.maven.apache.org/maven2/net/sf/uadetector/uadetector-resources/2014.10/uadetector-resources-2014.10.pom (5.9 kB at 491 kB/s)
Downloading from repo.jenkins-ci.org: https://repo.jenkins-ci.org/public/net/sf/uadetector/uadetector-parent/2014.10/uadetector-parent-2014.10.pom
Downloading from incrementals: https://repo.jenkins-ci.org/incrementals/net/sf/uadetector/uadetector-parent/2014.10/uadetector-parent-2014.10.pom
Downloading from central: https://repo.maven.apache.org/maven2/net/sf/uadetector/uadetector-parent/2014.10/uadetector-parent-2014.10.pom
Progress (1): 16/17 kBProgress (1): 17 kB                      Downloaded from central: https://repo.maven.apache.org/maven2/net/sf/uadetector/uadetector-parent/2014.10/uadetector-parent-2014.10.pom (17 kB at 1.2 MB/s)
Downloading from repo.jenkins-ci.org: https://repo.jenkins-ci.org/public/net/sf/uadetector/uadetector-core/0.9.22/uadetector-core-0.9.22.pom
Downloading from incrementals: https://repo.jenkins-ci.org/incrementals/net/sf/uadetector/uadetector-core/0.9.22/uadetector-core-0.9.22.pom
Downloading from central: https://repo.maven.apache.org/maven2/net/sf/uadetector/uadetector-core/0.9.22/uadetector-core-0.9.22.pom
Progress (1): 6.5 kB                    Downloaded from central: https://repo.maven.apache.org/maven2/net/sf/uadetector/uadetector-core/0.9.22/uadetector-core-0.9.22.pom (6.5 kB at 649 kB/s)
Downloading from repo.jenkins-ci.org: https://repo.jenkins-ci.org/public/net/sf/qualitycheck/quality-check/1.3/quality-check-1.3.pom
Downloading from incrementals: https://repo.jenkins-ci.org/incrementals/net/sf/qualitycheck/quality-check/1.3/quality-check-1.3.pom
Downloading from central: https://repo.maven.apache.org/maven2/net/sf/qualitycheck/quality-check/1.3/quality-check-1.3.pom
Progress (1): 6.0 kB                    Downloaded from central: https://repo.maven.apache.org/maven2/net/sf/qualitycheck/quality-check/1.3/quality-check-1.3.pom (6.0 kB at 542 kB/s)
Downloading from repo.jenkins-ci.org: https://repo.jenkins-ci.org/public/net/sf/qualitycheck/quality-parent/1.3/quality-parent-1.3.pom
Downloading from incrementals: https://repo.jenkins-ci.org/incrementals/net/sf/qualitycheck/quality-parent/1.3/quality-parent-1.3.pom
Downloading from central: https://repo.maven.apache.org/maven2/net/sf/qualitycheck/quality-parent/1.3/quality-parent-1.3.pom
Progress (1): 6.9/16 kBProgress (1): 16 kB                       Downloaded from central: https://repo.maven.apache.org/maven2/net/sf/qualitycheck/quality-parent/1.3/quality-parent-1.3.pom (16 kB at 1.1 MB/s)
Downloading from repo.jenkins-ci.org: https://repo.jenkins-ci.org/public/org/jenkins-ci/plugins/metrics/4.2.21-464.vc9fa_a_0d6265d/metrics-4.2.21-464.vc9fa_a_0d6265d.pom
Progress (1): 0.4/6.0 kBProgress (1): 1.8/6.0 kBProgress (1): 3.2/6.0 kBProgress (1): 4.6/6.0 kBProgress (1): 6.0/6.0 kBProgress (1): 6.0 kB                        Downloaded from repo.jenkins-ci.org: https://repo.jenkins-ci.org/public/org/jenkins-ci/plugins/metrics/4.2.21-464.vc9fa_a_0d6265d/metrics-4.2.21-464.vc9fa_a_0d6265d.pom (6.0 kB at 9.4 kB/s)
Downloading from repo.jenkins-ci.org: https://repo.jenkins-ci.org/public/org/kohsuke/wordnet-random-name/1.6/wordnet-random-name-1.6.pom
Downloading from incrementals: https://repo.jenkins-ci.org/incrementals/org/kohsuke/wordnet-random-name/1.6/wordnet-random-name-1.6.pom
Downloading from central: https://repo.maven.apache.org/maven2/org/kohsuke/wordnet-random-name/1.6/wordnet-random-name-1.6.pom
Progress (1): 1.3 kB                    Downloaded from central: https://repo.maven.apache.org/maven2/org/kohsuke/wordnet-random-name/1.6/wordnet-random-name-1.6.pom (1.3 kB at 112 kB/s)
Downloading from repo.jenkins-ci.org: https://repo.jenkins-ci.org/public/org/jenkins-ci/plugins/pipeline-build-step/557.v95d96f77b_2b_8/pipeline-build-step-557.v95d96f77b_2b_8.pom
Progress (1): 0.4/2.8 kBProgress (1): 1.8/2.8 kBProgress (1): 2.8 kB                        Downloaded from repo.jenkins-ci.org: https://repo.jenkins-ci.org/public/org/jenkins-ci/plugins/pipeline-build-step/557.v95d96f77b_2b_8/pipeline-build-step-557.v95d96f77b_2b_8.pom (2.8 kB at 4.5 kB/s)
Downloading from repo.jenkins-ci.org: https://repo.jenkins-ci.org/public/org/jenkins-ci/plugins/support-core/1671.v1a_d55b_86706a_/support-core-1671.v1a_d55b_86706a_.jar
Progress (1): 16/544 kBProgress (1): 17/544 kBProgress (1): 33/544 kBProgress (1): 34/544 kBProgress (1): 51/544 kBProgress (1): 52/544 kBProgress (1): 68/544 kBProgress (1): 69/544 kBProgress (1): 85/544 kBProgress (1): 86/544 kBProgress (1): 103/544 kBProgress (1): 104/544 kBProgress (1): 120/544 kBProgress (1): 121/544 kBProgress (1): 138/544 kBProgress (1): 139/544 kBProgress (1): 155/544 kBProgress (1): 156/544 kBProgress (1): 172/544 kBProgress (1): 173/544 kBProgress (1): 190/544 kBProgress (1): 191/544 kBProgress (1): 207/544 kBProgress (1): 208/544 kBProgress (1): 225/544 kBProgress (1): 226/544 kBProgress (1): 242/544 kBProgress (1): 243/544 kBProgress (1): 260/544 kBProgress (1): 261/544 kBProgress (1): 277/544 kBProgress (1): 278/544 kBProgress (1): 294/544 kBProgress (1): 295/544 kBProgress (1): 312/544 kBProgress (1): 313/544 kBProgress (1): 329/544 kBProgress (1): 330/544 kBProgress (1): 347/544 kBProgress (1): 348/544 kBProgress (1): 364/544 kBProgress (1): 365/544 kBProgress (1): 381/544 kBProgress (1): 382/544 kBProgress (1): 399/544 kBProgress (1): 400/544 kBProgress (1): 416/544 kBProgress (1): 417/544 kBProgress (1): 434/544 kBProgress (1): 435/544 kBProgress (1): 451/544 kBProgress (1): 452/544 kBProgress (1): 468/544 kBProgress (1): 469/544 kBProgress (1): 486/544 kBProgress (1): 487/544 kBProgress (1): 503/544 kBProgress (1): 504/544 kBProgress (1): 521/544 kBProgress (1): 522/544 kBProgress (1): 538/544 kBProgress (1): 539/544 kBProgress (1): 544 kB                        Downloaded from repo.jenkins-ci.org: https://repo.jenkins-ci.org/public/org/jenkins-ci/plugins/support-core/1671.v1a_d55b_86706a_/support-core-1671.v1a_d55b_86706a_.jar (544 kB at 194 kB/s)
Downloading from repo.jenkins-ci.org: https://repo.jenkins-ci.org/public/net/sf/uadetector/uadetector-resources/2014.10/uadetector-resources-2014.10.jar
Downloading from repo.jenkins-ci.org: https://repo.jenkins-ci.org/public/net/sf/uadetector/uadetector-core/0.9.22/uadetector-core-0.9.22.jar
Downloading from repo.jenkins-ci.org: https://repo.jenkins-ci.org/public/net/sf/qualitycheck/quality-check/1.3/quality-check-1.3.jar
Downloading from repo.jenkins-ci.org: https://repo.jenkins-ci.org/public/org/jenkins-ci/plugins/metrics/4.2.21-464.vc9fa_a_0d6265d/metrics-4.2.21-464.vc9fa_a_0d6265d.jar
Downloading from repo.jenkins-ci.org: https://repo.jenkins-ci.org/public/org/kohsuke/wordnet-random-name/1.6/wordnet-random-name-1.6.jar
Progress (1): 0.4/181 kBProgress (1): 1.8/181 kBProgress (1): 3.2/181 kBProgress (1): 4.6/181 kBProgress (1): 6.0/181 kBProgress (1): 7.4/181 kBProgress (1): 8.8/181 kBProgress (1): 10/181 kB Progress (1): 12/181 kBProgress (1): 13/181 kBProgress (1): 14/181 kBProgress (1): 16/181 kBProgress (1): 17/181 kBProgress (1): 19/181 kBProgress (1): 20/181 kBProgress (1): 21/181 kBProgress (1): 23/181 kBProgress (1): 24/181 kBProgress (1): 26/181 kBProgress (1): 27/181 kBProgress (1): 28/181 kBProgress (1): 30/181 kBProgress (1): 31/181 kBProgress (1): 33/181 kBProgress (1): 33/181 kBProgress (1): 34/181 kBProgress (1): 35/181 kBProgress (1): 37/181 kBProgress (1): 38/181 kBProgress (1): 40/181 kBProgress (1): 41/181 kBProgress (1): 42/181 kBProgress (1): 44/181 kBProgress (1): 45/181 kBProgress (1): 47/181 kBProgress (1): 48/181 kBProgress (1): 49/181 kBProgress (1): 51/181 kBProgress (1): 52/181 kBProgress (1): 54/181 kBProgress (1): 55/181 kBProgress (1): 56/181 kBProgress (1): 58/181 kBProgress (1): 59/181 kBProgress (1): 61/181 kBProgress (1): 62/181 kBProgress (1): 63/181 kBProgress (1): 65/181 kBProgress (1): 66/181 kBProgress (1): 68/181 kBProgress (1): 69/181 kBProgress (1): 70/181 kBProgress (1): 72/181 kBProgress (1): 73/181 kBProgress (1): 75/181 kBProgress (1): 76/181 kBProgress (1): 77/181 kBProgress (1): 79/181 kBProgress (1): 80/181 kBProgress (1): 82/181 kBProgress (1): 83/181 kBProgress (1): 84/181 kBProgress (1): 86/181 kBProgress (1): 87/181 kBProgress (1): 89/181 kBProgress (1): 90/181 kBProgress (1): 91/181 kBProgress (1): 93/181 kBProgress (1): 94/181 kBProgress (1): 96/181 kBProgress (1): 97/181 kBProgress (1): 98/181 kBProgress (1): 100/181 kBProgress (1): 101/181 kBProgress (1): 103/181 kBProgress (1): 104/181 kBProgress (1): 105/181 kBProgress (1): 107/181 kBProgress (1): 108/181 kBProgress (1): 110/181 kBProgress (1): 111/181 kBProgress (1): 112/181 kBProgress (1): 114/181 kBProgress (1): 115/181 kBProgress (1): 117/181 kBProgress (1): 118/181 kBProgress (1): 119/181 kBProgress (1): 121/181 kBProgress (1): 122/181 kBProgress (1): 124/181 kBProgress (1): 125/181 kBProgress (1): 126/181 kBProgress (1): 128/181 kBProgress (1): 129/181 kBProgress (1): 131/181 kBProgress (1): 132/181 kBProgress (1): 133/181 kBProgress (1): 135/181 kBProgress (1): 136/181 kBProgress (1): 138/181 kBProgress (1): 139/181 kBProgress (1): 140/181 kBProgress (1): 142/181 kBProgress (1): 143/181 kBProgress (1): 145/181 kBProgress (1): 146/181 kBProgress (1): 147/181 kBProgress (1): 149/181 kBProgress (1): 150/181 kBProgress (1): 152/181 kBProgress (1): 153/181 kBProgress (1): 154/181 kBProgress (1): 156/181 kBProgress (1): 157/181 kBProgress (1): 159/181 kBProgress (1): 160/181 kBProgress (1): 161/181 kBProgress (1): 163/181 kBProgress (1): 164/181 kBProgress (1): 165/181 kBProgress (1): 166/181 kBProgress (1): 168/181 kBProgress (1): 169/181 kBProgress (1): 171/181 kBProgress (1): 172/181 kBProgress (1): 173/181 kBProgress (1): 175/181 kBProgress (1): 176/181 kBProgress (1): 178/181 kBProgress (1): 179/181 kBProgress (1): 180/181 kBProgress (1): 181 kB                        Downloaded from repo.jenkins-ci.org: https://repo.jenkins-ci.org/public/org/jenkins-ci/plugins/metrics/4.2.21-464.vc9fa_a_0d6265d/metrics-4.2.21-464.vc9fa_a_0d6265d.jar (181 kB at 261 kB/s)
Downloading from repo.jenkins-ci.org: https://repo.jenkins-ci.org/public/org/jenkins-ci/plugins/pipeline-build-step/557.v95d96f77b_2b_8/pipeline-build-step-557.v95d96f77b_2b_8.jar
Progress (1): 0.4/62 kBProgress (1): 1.8/62 kBProgress (1): 3.2/62 kBProgress (1): 4.6/62 kBProgress (1): 6.0/62 kBProgress (1): 7.4/62 kBProgress (1): 8.8/62 kBProgress (1): 10/62 kB Progress (1): 12/62 kBProgress (1): 13/62 kBProgress (1): 14/62 kBProgress (1): 16/62 kBProgress (1): 16/62 kBProgress (1): 17/62 kBProgress (1): 19/62 kBProgress (1): 20/62 kBProgress (1): 21/62 kBProgress (1): 23/62 kBProgress (1): 24/62 kBProgress (1): 26/62 kBProgress (1): 27/62 kBProgress (1): 28/62 kBProgress (1): 30/62 kBProgress (1): 31/62 kBProgress (1): 33/62 kBProgress (1): 34/62 kBProgress (1): 35/62 kBProgress (1): 37/62 kBProgress (1): 38/62 kBProgress (1): 40/62 kBProgress (1): 41/62 kBProgress (1): 42/62 kBProgress (1): 44/62 kBProgress (1): 45/62 kBProgress (1): 47/62 kBProgress (1): 48/62 kBProgress (1): 49/62 kBProgress (1): 51/62 kBProgress (1): 52/62 kBProgress (1): 54/62 kBProgress (1): 55/62 kBProgress (1): 56/62 kBProgress (1): 58/62 kBProgress (1): 59/62 kBProgress (1): 61/62 kBProgress (1): 62 kB                      Downloaded from repo.jenkins-ci.org: https://repo.jenkins-ci.org/public/org/jenkins-ci/plugins/pipeline-build-step/557.v95d96f77b_2b_8/pipeline-build-step-557.v95d96f77b_2b_8.jar (62 kB at 40 kB/s)
Downloading from incrementals: https://repo.jenkins-ci.org/incrementals/net/sf/uadetector/uadetector-resources/2014.10/uadetector-resources-2014.10.jar
Downloading from incrementals: https://repo.jenkins-ci.org/incrementals/net/sf/uadetector/uadetector-core/0.9.22/uadetector-core-0.9.22.jar
Downloading from incrementals: https://repo.jenkins-ci.org/incrementals/net/sf/qualitycheck/quality-check/1.3/quality-check-1.3.jar
Downloading from incrementals: https://repo.jenkins-ci.org/incrementals/org/kohsuke/wordnet-random-name/1.6/wordnet-random-name-1.6.jar
Downloading from central: https://repo.maven.apache.org/maven2/net/sf/uadetector/uadetector-resources/2014.10/uadetector-resources-2014.10.jar
Progress (1): 16/122 kBProgress (1): 33/122 kBProgress (1): 49/122 kBProgress (1): 66/122 kBProgress (1): 82/122 kBProgress (1): 98/122 kBProgress (1): 115/122 kBProgress (1): 122 kB                        Downloaded from central: https://repo.maven.apache.org/maven2/net/sf/uadetector/uadetector-resources/2014.10/uadetector-resources-2014.10.jar (122 kB at 7.2 MB/s)
Downloading from central: https://repo.maven.apache.org/maven2/net/sf/uadetector/uadetector-core/0.9.22/uadetector-core-0.9.22.jar
Downloading from central: https://repo.maven.apache.org/maven2/net/sf/qualitycheck/quality-check/1.3/quality-check-1.3.jar
Downloading from central: https://repo.maven.apache.org/maven2/org/kohsuke/wordnet-random-name/1.6/wordnet-random-name-1.6.jar
Progress (1): 16/207 kBProgress (1): 33/207 kBProgress (1): 49/207 kBProgress (1): 66/207 kBProgress (1): 81/207 kBProgress (1): 97/207 kBProgress (1): 114/207 kBProgress (1): 130/207 kBProgress (1): 146/207 kBProgress (1): 163/207 kBProgress (2): 163/207 kB | 16/43 kBProgress (2): 179/207 kB | 16/43 kBProgress (2): 179/207 kB | 33/43 kBProgress (2): 179/207 kB | 43 kB   Progress (2): 196/207 kB | 43 kBProgress (2): 207 kB | 43 kB                                Downloaded from central: https://repo.maven.apache.org/maven2/net/sf/qualitycheck/quality-check/1.3/quality-check-1.3.jar (43 kB at 2.5 MB/s)
Downloaded from central: https://repo.maven.apache.org/maven2/net/sf/uadetector/uadetector-core/0.9.22/uadetector-core-0.9.22.jar (207 kB at 11 MB/s)
Progress (1): 1.4/17 kBProgress (1): 2.8/17 kBProgress (1): 4.1/17 kBProgress (1): 5.5/17 kBProgress (1): 6.9/17 kBProgress (1): 8.3/17 kBProgress (1): 9.7/17 kBProgress (1): 11/17 kB Progress (1): 12/17 kBProgress (1): 14/17 kBProgress (1): 15/17 kBProgress (1): 17/17 kBProgress (1): 17 kB                      Downloaded from central: https://repo.maven.apache.org/maven2/org/kohsuke/wordnet-random-name/1.6/wordnet-random-name-1.6.jar (17 kB at 384 kB/s)
[INFO] 
[INFO] --- clean:3.4.1:clean (default-clean) @ workflow-cps ---
[INFO] 
[INFO] --- hpi:3.63:validate (default-validate) @ workflow-cps ---
[INFO] Created marker file /tmp/plugin-builds/workflow-cps/plugin/target/java-level/17
[INFO] 
[INFO] --- hpi:3.63:validate-hpi (default-validate-hpi) @ workflow-cps ---
[INFO] 
[INFO] --- enforcer:3.5.0:enforce (display-info) @ workflow-cps ---
[INFO] Rule 3: org.codehaus.mojo.extraenforcer.dependencies.EnforceBytecodeVersion passed
[INFO] Rule 4: org.apache.maven.enforcer.rules.dependency.BannedDependencies passed
[INFO] Rule 5: org.apache.maven.enforcer.rules.dependency.BannedDependencies passed
[INFO] Rule 6: org.apache.maven.enforcer.rules.dependency.RequireUpperBoundDeps passed
[INFO] 
[INFO] --- enforcer:3.5.0:enforce (no-snapshots-in-release) @ workflow-cps ---
[INFO] Rule 0: org.apache.maven.enforcer.rules.dependency.RequireReleaseDeps passed
[INFO] 
[INFO] --- localizer:1.31:generate (default) @ workflow-cps ---
[INFO] 
[INFO] --- frontend:1.15.1:install-node-and-corepack (install node and corepack) @ workflow-cps ---
[INFO] Installing node version v22.14.0
[INFO] Downloading https://repo.jenkins-ci.org/nodejs-dist/v22.14.0/node-v22.14.0-linux-x64.tar.gz to /home/poddingue/.m2/repository/com/github/eirslett/node/22.14.0/node-22.14.0-linux-x64.tar.gz
[INFO] No proxies configured
[INFO] No proxy was configured, downloading directly
[INFO] Unpacking /home/poddingue/.m2/repository/com/github/eirslett/node/22.14.0/node-22.14.0-linux-x64.tar.gz into /tmp/plugin-builds/workflow-cps/plugin/node/tmp
[INFO] Copying node binary from /tmp/plugin-builds/workflow-cps/plugin/node/tmp/node-v22.14.0-linux-x64/bin/node to /tmp/plugin-builds/workflow-cps/plugin/node/node
[INFO] Extracting NPM
[INFO] Installed node locally.
[INFO] No corepack executable found, creating symbolic link to /tmp/plugin-builds/workflow-cps/plugin/node/node_modules/corepack/dist/corepack.js.
[INFO] 
[INFO] --- frontend:1.15.1:corepack (yarn install) @ workflow-cps ---
[INFO] Running 'corepack yarn install' in /tmp/plugin-builds/workflow-cps/plugin
[INFO]  YN0000:  Yarn 4.9.1
[INFO]  YN0000:  Resolution step
[INFO]  YN0000:  Completed
[INFO]  YN0000:  Fetch step
[INFO]  YN0013:  A package was added to the project (+ 11.69 KiB).
[INFO]  YN0000:  Completed in 0s 824ms
[INFO]  YN0000:  Link step
[INFO]  YN0000:  Completed in 2s 439ms
[INFO]  YN0000:  Done in 3s 469ms
[INFO] 
[INFO] --- frontend:1.15.1:corepack (yarn mvnbuild) @ workflow-cps ---
[INFO] Running 'corepack yarn mvnbuild' in /tmp/plugin-builds/workflow-cps/plugin
[INFO] asset workflow-editor.js 662 KiB [emitted] [minimized] [big] (name: workflow-editor) 1 related asset
[INFO] asset workflow-editor.css 5.56 KiB [emitted] (name: workflow-editor)
[INFO] Entrypoint workflow-editor [big] 668 KiB = workflow-editor.css 5.56 KiB workflow-editor.js 662 KiB
[INFO] orphan modules 16.8 KiB (javascript) 1.01 KiB (runtime) [orphan] 14 modules
[INFO] runtime modules 941 bytes 5 modules
[INFO] cacheable modules 1.36 MiB (javascript) 5.56 KiB (css/mini-extract)
[INFO]   modules by path ./node_modules/ 1.35 MiB
[INFO]     modules by path ./node_modules/jquery-ui/ui/ 59.1 KiB
[INFO]       modules by path ./node_modules/jquery-ui/ui/*.js 22.3 KiB 4 modules
[INFO]       modules by path ./node_modules/jquery-ui/ui/widgets/*.js 36.8 KiB 2 modules
[INFO]     modules by path ./node_modules/ace-builds/src-noconflict/ 1.02 MiB
[INFO]       ./node_modules/ace-builds/src-noconflict/ace.js 878 KiB [built] [code generated]
[INFO]       + 3 modules
[INFO]     ./node_modules/jquery/dist/jquery.js 279 KiB [built] [code generated]
[INFO]   modules by path ./src/main/ 10.3 KiB (javascript) 5.56 KiB (css/mini-extract)
[INFO]     ./src/main/js/workflow-editor.js + 2 modules 10.3 KiB [built] [code generated]
[INFO]     ./src/main/less/workflow-editor.less 50 bytes [built] [code generated]
[INFO]     css ./node_modules/css-loader/dist/cjs.js!./node_modules/postcss-loader/dist/cjs.js!./node_modules/less-loader/dist/cjs.js!./src/main/less/workflow-editor.less 5.56 KiB [built] [code generated]
[INFO] 
[INFO] WARNING in asset size limit: The following asset(s) exceed the recommended size limit (244 KiB).
[INFO] This can impact web performance.
[INFO] Assets: 
[INFO]   workflow-editor.js (662 KiB)
[INFO] 
[INFO] WARNING in entrypoint size limit: The following entrypoint(s) combined asset size exceeds the recommended limit (244 KiB). This can impact web performance.
[INFO] Entrypoints:
[INFO]   workflow-editor (668 KiB)
[INFO]       workflow-editor.css
[INFO]       workflow-editor.js
[INFO] 
[INFO] WARNING in webpack performance recommendations: 
[INFO] You can limit the size of your bundles by using import() or require.ensure to lazy load some parts of your application.
[INFO] For more info visit https://webpack.js.org/guides/code-splitting/
[INFO] 
[INFO] webpack 5.99.5 compiled with 3 warnings in 4711 ms
[INFO] 
[INFO] --- resources:3.3.1:resources (default-resources) @ workflow-cps ---
[INFO] Copying 47 resources from src/main/resources to target/classes
[INFO] Copying 3 resources from target/generated-resources/adjuncts to target/classes
[INFO] 
[INFO] --- flatten:1.7.0:flatten (flatten) @ workflow-cps ---
[INFO] Generating flattened POM of project org.jenkins-ci.plugins.workflow:workflow-cps:hpi:999999-SNAPSHOT...
[INFO] 
[INFO] --- compiler:3.14.0:compile (default-compile) @ workflow-cps ---
[INFO] Recompiling the module because of changed dependency.
[INFO] Compiling 70 source files with javac [debug parameters release 17] to target/classes
[INFO] org.jenkinsci.plugins.workflow.cps.CpsFlowDefinition.DescriptorImpl indexed under hudson.Extension
[INFO] org.jenkinsci.plugins.workflow.cps.CpsFlowExecution.PipelineTimings indexed under hudson.Extension
[INFO] org.jenkinsci.plugins.workflow.cps.CpsFlowExecution.PipelineInternalCalls indexed under hudson.Extension
[INFO] org.jenkinsci.plugins.workflow.cps.CpsScmFlowDefinition.DescriptorImpl indexed under hudson.Extension
[INFO] org.jenkinsci.plugins.workflow.cps.CpsThreadDumpAction.PipelineThreadDump indexed under hudson.Extension
[INFO] org.jenkinsci.plugins.workflow.cps.EnvActionImpl.Binder indexed under hudson.Extension
[INFO] org.jenkinsci.plugins.workflow.cps.EnvActionImpl.Copier indexed under hudson.Extension
[INFO] org.jenkinsci.plugins.workflow.cps.EnvActionImpl.EnvActionImplPickleFactory indexed under hudson.Extension
[INFO] org.jenkinsci.plugins.workflow.cps.GlobalVariableSet.GlobalVariableProvider indexed under hudson.Extension
[INFO] org.jenkinsci.plugins.workflow.cps.GroovySample.Registry indexed under hudson.Extension
[INFO] org.jenkinsci.plugins.workflow.cps.GroovySample.Hello indexed under hudson.Extension
[INFO] org.jenkinsci.plugins.workflow.cps.GroovySample.GitHubMaven indexed under hudson.Extension
[INFO] org.jenkinsci.plugins.workflow.cps.GroovySample.Scripted indexed under hudson.Extension
[INFO] org.jenkinsci.plugins.workflow.cps.GroovySourceFileAllowlist.DefaultAllowlist indexed under hudson.Extension
[INFO] org.jenkinsci.plugins.workflow.cps.ParamsVariable indexed under hudson.Extension
[INFO] org.jenkinsci.plugins.workflow.cps.RunWrapperBinder indexed under hudson.Extension
[INFO] org.jenkinsci.plugins.workflow.cps.RunningFlowActions indexed under hudson.Extension
[INFO] org.jenkinsci.plugins.workflow.cps.Snippetizer indexed under hudson.Extension
[INFO] org.jenkinsci.plugins.workflow.cps.Snippetizer.PerJobAdder indexed under hudson.Extension
[INFO] org.jenkinsci.plugins.workflow.cps.SnippetizerLink.GeneratorLink indexed under hudson.Extension
[INFO] org.jenkinsci.plugins.workflow.cps.SnippetizerLink.StepReferenceLink indexed under hudson.Extension
[INFO] org.jenkinsci.plugins.workflow.cps.SnippetizerLink.GlobalsReferenceLink indexed under hudson.Extension
[INFO] org.jenkinsci.plugins.workflow.cps.SnippetizerLink.OnlineDocsLink indexed under hudson.Extension
[INFO] org.jenkinsci.plugins.workflow.cps.SnippetizerLink.ExamplesLink indexed under hudson.Extension
[INFO] org.jenkinsci.plugins.workflow.cps.SnippetizerLink.GDSLLink indexed under hudson.Extension
[INFO] org.jenkinsci.plugins.workflow.cps.config.CPSConfiguration indexed under hudson.Extension
[INFO] org.jenkinsci.plugins.workflow.cps.nodes.StepDescriptorCache indexed under hudson.Extension
[INFO] org.jenkinsci.plugins.workflow.cps.replay.ReplayAction.Factory indexed under hudson.Extension
[INFO] org.jenkinsci.plugins.workflow.cps.replay.ReplayFlowFactoryAction.StoredLoadedScripts indexed under hudson.Extension
[INFO] org.jenkinsci.plugins.workflow.cps.replay.ReplayPipelineCommand indexed under hudson.Extension
[INFO] org.jenkinsci.plugins.workflow.cps.steps.LoadStep.DescriptorImpl indexed under hudson.Extension
[INFO] org.jenkinsci.plugins.workflow.cps.steps.ParallelStep.DescriptorImpl indexed under hudson.Extension
[INFO] /tmp/plugin-builds/workflow-cps/plugin/src/main/java/org/jenkinsci/plugins/workflow/cps/CpsFlowDefinition.java:[92,12] Generating org/jenkinsci/plugins/workflow/cps/CpsFlowDefinition.stapler
[INFO] /tmp/plugin-builds/workflow-cps/plugin/src/main/java/org/jenkinsci/plugins/workflow/cps/CpsScmFlowDefinition.java:[81,34] Generating org/jenkinsci/plugins/workflow/cps/CpsScmFlowDefinition.stapler
[INFO] /tmp/plugin-builds/workflow-cps/plugin/src/main/java/org/jenkinsci/plugins/workflow/cps/steps/LoadStep.java:[25,12] Generating org/jenkinsci/plugins/workflow/cps/steps/LoadStep.stapler
[INFO] /tmp/plugin-builds/workflow-cps/plugin/src/main/java/org/jenkinsci/plugins/workflow/cps/view/InterpolatedSecretsAction.java:[42,8] Generating org/jenkinsci/plugins/workflow/cps/view/InterpolatedSecretsAction.javadoc
[INFO] /tmp/plugin-builds/workflow-cps/plugin/src/main/java/org/jenkinsci/plugins/workflow/cps/view/InterpolatedSecretsAction.java:[91,19] Generating org/jenkinsci/plugins/workflow/cps/view/InterpolatedSecretsAction/InterpolatedWarnings.javadoc
[INFO] /tmp/plugin-builds/workflow-cps/plugin/src/main/java/org/jenkinsci/plugins/workflow/cps/EnvActionImpl.java:[60,8] Generating org/jenkinsci/plugins/workflow/cps/EnvActionImpl.javadoc
[INFO] /tmp/plugin-builds/workflow-cps/plugin/src/main/java/org/jenkinsci/plugins/workflow/cps/CpsFlowDefinition.java:[188,31] Generating org/jenkinsci/plugins/workflow/cps/CpsFlowDefinition/DescriptorImpl/doCheckScript.stapler
[INFO] /tmp/plugin-builds/workflow-cps/plugin/src/main/java/org/jenkinsci/plugins/workflow/cps/Snippetizer.java:[487,25] Generating org/jenkinsci/plugins/workflow/cps/Snippetizer/doGenerateSnippet.stapler
[INFO] /tmp/plugin-builds/workflow-cps/plugin/src/main/java/org/jenkinsci/plugins/workflow/cps/replay/ReplayAction.java:[400,27] Generating org/jenkinsci/plugins/workflow/cps/replay/ReplayAction/doCheckScript.stapler
[INFO] /tmp/plugin-builds/workflow-cps/plugin/src/main/java/org/jenkinsci/plugins/workflow/cps/replay/ReplayAction.java:[405,17] Generating org/jenkinsci/plugins/workflow/cps/replay/ReplayAction/doCheckScriptCompile.stapler
[WARNING] /tmp/plugin-builds/workflow-cps/plugin/src/main/java/org/jenkinsci/plugins/workflow/cps/CpsFlowExecution.java: unknown enum constant com.google.j2objc.annotations.ReflectionSupport.Level.FULL
  reason: class file for com.google.j2objc.annotations.ReflectionSupport$Level not found
[INFO] /tmp/plugin-builds/workflow-cps/plugin/src/main/java/org/jenkinsci/plugins/workflow/cps/CpsFlowExecution.java: Some input files use or override a deprecated API.
[INFO] /tmp/plugin-builds/workflow-cps/plugin/src/main/java/org/jenkinsci/plugins/workflow/cps/CpsFlowExecution.java: Recompile with -Xlint:deprecation for details.
[INFO] /tmp/plugin-builds/workflow-cps/plugin/src/main/java/org/jenkinsci/plugins/workflow/cps/CpsFlowExecution.java: Some input files use unchecked or unsafe operations.
[INFO] /tmp/plugin-builds/workflow-cps/plugin/src/main/java/org/jenkinsci/plugins/workflow/cps/CpsFlowExecution.java: Recompile with -Xlint:unchecked for details.
[INFO] 
[INFO] --- access-modifier-checker:1.34:enforce (default-enforce) @ workflow-cps ---
[INFO] Skipping access modifier checks
[INFO] 
[INFO] --- hpi:3.63:insert-test (default-insert-test) @ workflow-cps ---
[INFO] 
[INFO] --- antrun:3.1.0:run (createTempDir) @ workflow-cps ---
[INFO] Executing tasks
[INFO]     [mkdir] Created dir: /tmp/plugin-builds/workflow-cps/plugin/target/tmp
[INFO] Executed tasks
[INFO] 
[INFO] --- resources:3.3.1:testResources (default-testResources) @ workflow-cps ---
[INFO] Copying 25 resources from src/test/resources to target/test-classes
[INFO] 
[INFO] --- compiler:3.14.0:testCompile (default-testCompile) @ workflow-cps ---
[INFO] Recompiling the module because of changed dependency.
[INFO] Compiling 82 source files with javac [debug parameters release 17] to target/test-classes
[INFO] org.jenkinsci.plugins.workflow.DynamicEnvironmentExpanderTest.DynamicEnvStep.DescriptorImpl indexed under org.jvnet.hudson.test.TestExtension
[INFO] org.jenkinsci.plugins.workflow.DynamicEnvironmentExpanderTest.EnvAdder indexed under org.jvnet.hudson.test.TestExtension
[INFO] org.jenkinsci.plugins.workflow.DynamicEnvironmentExpanderTest.StepEnvAdder indexed under org.jvnet.hudson.test.TestExtension
[INFO] org.jenkinsci.plugins.workflow.DynamicEnvironmentExpanderTest.PrintEnvStep.DescriptorImpl indexed under org.jvnet.hudson.test.TestExtension
[INFO] org.jenkinsci.plugins.workflow.GraphListenerTest.TestGraphListener indexed under org.jvnet.hudson.test.TestExtension
[INFO] org.jenkinsci.plugins.workflow.SerializationTest.PersistenceProblemStep.DescriptorImpl indexed under org.jvnet.hudson.test.TestExtension
[INFO] org.jenkinsci.plugins.workflow.StepListenerTest.TestStepListener indexed under org.jvnet.hudson.test.TestExtension
[INFO] org.jenkinsci.plugins.workflow.WorkflowTest.CheckAuth.DescriptorImpl indexed under org.jvnet.hudson.test.TestExtension
[INFO] org.jenkinsci.plugins.workflow.WorkflowTest.CheckAuthSync.DescriptorImpl indexed under org.jvnet.hudson.test.TestExtension
[INFO] org.jenkinsci.plugins.workflow.WorkflowTest.FlowStartNodeListener indexed under org.jvnet.hudson.test.TestExtension
[INFO] org.jenkinsci.plugins.workflow.cps.ContextVariableSetTest.DecoratorContext indexed under org.jvnet.hudson.test.TestExtension
[INFO] org.jenkinsci.plugins.workflow.cps.ContextVariableSetTest.DecoratorStep.DescriptorImpl indexed under org.jvnet.hudson.test.TestExtension
[INFO] org.jenkinsci.plugins.workflow.cps.ContextVariableSetTest.GetMessageStep.DescriptorImpl indexed under org.jvnet.hudson.test.TestExtension
[INFO] org.jenkinsci.plugins.workflow.cps.ContextVariableSetTest.WithStaticMessageStep.DescriptorImpl indexed under org.jvnet.hudson.test.TestExtension
[INFO] org.jenkinsci.plugins.workflow.cps.ContextVariableSetTest.DC indexed under org.jvnet.hudson.test.TestExtension
[INFO] org.jenkinsci.plugins.workflow.cps.ContextVariableSetTest.WithDynamicMessageStep.DescriptorImpl indexed under org.jvnet.hudson.test.TestExtension
[INFO] org.jenkinsci.plugins.workflow.cps.CpsBodyExecutionTest.SynchronousExceptionInBodyStep.DescriptorImpl indexed under org.jvnet.hudson.test.TestExtension
[INFO] org.jenkinsci.plugins.workflow.cps.CpsBodyExecutionTest.RetainsBodyStep.DescriptorImpl indexed under org.jvnet.hudson.test.TestExtension
[INFO] org.jenkinsci.plugins.workflow.cps.CpsFlowDefinition2Test.UnsafeParameterStep.DescriptorImpl indexed under org.jvnet.hudson.test.TestExtension
[INFO] org.jenkinsci.plugins.workflow.cps.CpsFlowExecutionTest.SlowToResume.DescriptorImpl indexed under org.jvnet.hudson.test.TestExtension
[INFO] org.jenkinsci.plugins.workflow.cps.CpsFlowExecutionTest.BadThingPickleFactory indexed under org.jvnet.hudson.test.TestExtension
[INFO] org.jenkinsci.plugins.workflow.cps.CpsFlowExecutionTest.TrustedShell indexed under org.jvnet.hudson.test.TestExtension
[INFO] org.jenkinsci.plugins.workflow.cps.CpsFlowExecutionTest.UntrustedShellDecorator indexed under org.jvnet.hudson.test.TestExtension
[INFO] org.jenkinsci.plugins.workflow.cps.CpsFlowExecutionTest.BrokenDecorator indexed under org.jvnet.hudson.test.TestExtension
[INFO] org.jenkinsci.plugins.workflow.cps.CpsFlowExecutionTest.TestAllowlist indexed under org.jvnet.hudson.test.TestExtension
[INFO] org.jenkinsci.plugins.workflow.cps.CpsFlowExecutionTest.BadBodyCallback.DescriptorImpl indexed under org.jvnet.hudson.test.TestExtension
[INFO] org.jenkinsci.plugins.workflow.cps.CpsStepContextTest.FailingStepListener indexed under org.jvnet.hudson.test.TestExtension
[INFO] org.jenkinsci.plugins.workflow.cps.CpsStepContextTest.BadBlockStep.DescriptorImpl indexed under org.jvnet.hudson.test.TestExtension
[INFO] org.jenkinsci.plugins.workflow.cps.CpsStepContextTest.PassthroughStep.DescriptorImpl indexed under org.jvnet.hudson.test.TestExtension
[INFO] org.jenkinsci.plugins.workflow.cps.CpsStepContextTest.ClosureCounter indexed under org.jvnet.hudson.test.TestExtension
[INFO] org.jenkinsci.plugins.workflow.cps.CpsThreadTest.UnkillableStep.DescriptorImpl indexed under org.jvnet.hudson.test.TestExtension
[INFO] org.jenkinsci.plugins.workflow.cps.DSLTest.MyJoinStep.DescriptorImpl indexed under org.jvnet.hudson.test.TestExtension
[INFO] org.jenkinsci.plugins.workflow.cps.DSLTest.Pojo.DescriptorImpl indexed under org.jvnet.hudson.test.TestExtension
[INFO] org.jenkinsci.plugins.workflow.cps.DSLTest.Pops.DescriptorImpl indexed under org.jvnet.hudson.test.TestExtension
[INFO] org.jenkinsci.plugins.workflow.cps.DSLTest.CLStep.DescriptorImpl indexed under org.jvnet.hudson.test.TestExtension
[INFO] org.jenkinsci.plugins.workflow.cps.RunningFlowActionsTest.TestNotARunningFlowAction indexed under org.jvnet.hudson.test.TestExtension
[INFO] org.jenkinsci.plugins.workflow.cps.SnippetizerTest.AdvancedStep.DescriptorImpl indexed under org.jvnet.hudson.test.TestExtension
[INFO] org.jenkinsci.plugins.workflow.cps.actions.ArgumentsActionImplTest.NopStep.DescriptorImpl indexed under org.jvnet.hudson.test.TestExtension
[INFO] org.jenkinsci.plugins.workflow.cps.steps.RestartingLoadStepTest.InjectedVariable indexed under org.jvnet.hudson.test.TestExtension
[INFO] org.jenkinsci.plugins.workflow.SubtypeInjectingStep.DescriptorImpl indexed under hudson.Extension
[INFO] org.jenkinsci.plugins.workflow.TestDurabilityHintProvider indexed under hudson.Extension
[INFO] org.jenkinsci.plugins.workflow.testMetaStep.AmbiguousEchoLowerStep.DescriptorImpl indexed under hudson.Extension
[INFO] org.jenkinsci.plugins.workflow.testMetaStep.AmbiguousEchoUpperStep.DescriptorImpl indexed under hudson.Extension
[INFO] org.jenkinsci.plugins.workflow.testMetaStep.California.DescriptorImpl indexed under hudson.Extension
[INFO] org.jenkinsci.plugins.workflow.testMetaStep.Circle.DescriptorImpl indexed under hudson.Extension
[INFO] org.jenkinsci.plugins.workflow.testMetaStep.Colorado.DescriptorImpl indexed under hudson.Extension
[INFO] org.jenkinsci.plugins.workflow.testMetaStep.CurveMetaStep.DescriptorImpl indexed under hudson.Extension
[INFO] org.jenkinsci.plugins.workflow.testMetaStep.DisplaynameWithEscapeCharState.DescriptorImpl indexed under hudson.Extension
[INFO] org.jenkinsci.plugins.workflow.testMetaStep.EchoResultStep.DescriptorImpl indexed under hudson.Extension
[INFO] org.jenkinsci.plugins.workflow.testMetaStep.EchoStringAndDoubleStep.DescriptorImpl indexed under hudson.Extension
[INFO] org.jenkinsci.plugins.workflow.testMetaStep.Hawaii.DescriptorImpl indexed under hudson.Extension
[INFO] org.jenkinsci.plugins.workflow.testMetaStep.Island.DescriptorImpl indexed under hudson.Extension
[INFO] org.jenkinsci.plugins.workflow.testMetaStep.MonomorphicData.DescriptorImpl indexed under hudson.Extension
[INFO] org.jenkinsci.plugins.workflow.testMetaStep.MonomorphicDataWithSymbol.DescriptorImpl indexed under hudson.Extension
[INFO] org.jenkinsci.plugins.workflow.testMetaStep.MonomorphicListStep.DescriptorImpl indexed under hudson.Extension
[INFO] org.jenkinsci.plugins.workflow.testMetaStep.MonomorphicListWithSymbolStep.DescriptorImpl indexed under hudson.Extension
[INFO] org.jenkinsci.plugins.workflow.testMetaStep.MonomorphicStep.DescriptorImpl indexed under hudson.Extension
[INFO] org.jenkinsci.plugins.workflow.testMetaStep.MonomorphicWithSymbolStep.DescriptorImpl indexed under hudson.Extension
[INFO] org.jenkinsci.plugins.workflow.testMetaStep.MultiShape.DescriptorImpl indexed under hudson.Extension
[INFO] org.jenkinsci.plugins.workflow.testMetaStep.Nevada.DescriptorImpl indexed under hudson.Extension
[INFO] org.jenkinsci.plugins.workflow.testMetaStep.NewYork.DescriptorImpl indexed under hudson.Extension
[INFO] org.jenkinsci.plugins.workflow.testMetaStep.OrStep.DescriptorImpl indexed under hudson.Extension
[INFO] org.jenkinsci.plugins.workflow.testMetaStep.Oregon.DescriptorImpl indexed under hudson.Extension
[INFO] org.jenkinsci.plugins.workflow.testMetaStep.Polygon.DescriptorImpl indexed under hudson.Extension
[INFO] org.jenkinsci.plugins.workflow.testMetaStep.StateMetaStep.DescriptorImpl indexed under hudson.Extension
[INFO] org.jenkinsci.plugins.workflow.testMetaStep.chemical.CarbonMonoxide.DescriptorImpl indexed under hudson.Extension
[INFO] org.jenkinsci.plugins.workflow.testMetaStep.chemical.DetectionMetaStep.DescriptorImpl indexed under hudson.Extension
[INFO] /tmp/plugin-builds/workflow-cps/plugin/src/test/java/org/jenkinsci/plugins/workflow/DynamicEnvironmentExpanderTest.java:[87,38] Generating org/jenkinsci/plugins/workflow/DynamicEnvironmentExpanderTest/DynamicEnvStep.stapler
[INFO] /tmp/plugin-builds/workflow-cps/plugin/src/test/java/org/jenkinsci/plugins/workflow/DynamicEnvironmentExpanderTest.java:[183,16] Generating org/jenkinsci/plugins/workflow/DynamicEnvironmentExpanderTest/PrintEnvStep.stapler
[INFO] /tmp/plugin-builds/workflow-cps/plugin/src/test/java/org/jenkinsci/plugins/workflow/SerializationTest.java:[68,16] Generating org/jenkinsci/plugins/workflow/SerializationTest/PersistenceProblemStep.stapler
[INFO] /tmp/plugin-builds/workflow-cps/plugin/src/test/java/org/jenkinsci/plugins/workflow/SubtypeInjectingStep.java:[15,12] Generating org/jenkinsci/plugins/workflow/SubtypeInjectingStep.stapler
[INFO] /tmp/plugin-builds/workflow-cps/plugin/src/test/java/org/jenkinsci/plugins/workflow/WorkflowTest.java:[185,38] Generating org/jenkinsci/plugins/workflow/WorkflowTest/CheckAuth.stapler
[INFO] /tmp/plugin-builds/workflow-cps/plugin/src/test/java/org/jenkinsci/plugins/workflow/WorkflowTest.java:[241,38] Generating org/jenkinsci/plugins/workflow/WorkflowTest/CheckAuthSync.stapler
[INFO] /tmp/plugin-builds/workflow-cps/plugin/src/test/java/org/jenkinsci/plugins/workflow/cps/ContextVariableSetTest.java:[158,38] Generating org/jenkinsci/plugins/workflow/cps/ContextVariableSetTest/DecoratorStep.stapler
[INFO] /tmp/plugin-builds/workflow-cps/plugin/src/test/java/org/jenkinsci/plugins/workflow/cps/ContextVariableSetTest.java:[212,38] Generating org/jenkinsci/plugins/workflow/cps/ContextVariableSetTest/GetMessageStep.stapler
[INFO] /tmp/plugin-builds/workflow-cps/plugin/src/test/java/org/jenkinsci/plugins/workflow/cps/ContextVariableSetTest.java:[230,38] Generating org/jenkinsci/plugins/workflow/cps/ContextVariableSetTest/WithStaticMessageStep.stapler
[INFO] /tmp/plugin-builds/workflow-cps/plugin/src/test/java/org/jenkinsci/plugins/workflow/cps/ContextVariableSetTest.java:[268,38] Generating org/jenkinsci/plugins/workflow/cps/ContextVariableSetTest/WithDynamicMessageStep.stapler
[INFO] /tmp/plugin-builds/workflow-cps/plugin/src/test/java/org/jenkinsci/plugins/workflow/cps/CpsBodyExecutionTest.java:[107,16] Generating org/jenkinsci/plugins/workflow/cps/CpsBodyExecutionTest/SynchronousExceptionInBodyStep.stapler
[INFO] /tmp/plugin-builds/workflow-cps/plugin/src/test/java/org/jenkinsci/plugins/workflow/cps/CpsBodyExecutionTest.java:[177,38] Generating org/jenkinsci/plugins/workflow/cps/CpsBodyExecutionTest/RetainsBodyStep.stapler
[INFO] /tmp/plugin-builds/workflow-cps/plugin/src/test/java/org/jenkinsci/plugins/workflow/cps/CpsFlowDefinition2Test.java:[932,16] Generating org/jenkinsci/plugins/workflow/cps/CpsFlowDefinition2Test/UnsafeParameterStep.stapler
[INFO] /tmp/plugin-builds/workflow-cps/plugin/src/test/java/org/jenkinsci/plugins/workflow/cps/CpsFlowExecutionTest.java:[446,38] Generating org/jenkinsci/plugins/workflow/cps/CpsFlowExecutionTest/SlowToResume.stapler
[INFO] /tmp/plugin-builds/workflow-cps/plugin/src/test/java/org/jenkinsci/plugins/workflow/cps/CpsFlowExecutionTest.java:[875,16] Generating org/jenkinsci/plugins/workflow/cps/CpsFlowExecutionTest/BadBodyCallback.stapler
[INFO] /tmp/plugin-builds/workflow-cps/plugin/src/test/java/org/jenkinsci/plugins/workflow/cps/CpsStepContextTest.java:[101,16] Generating org/jenkinsci/plugins/workflow/cps/CpsStepContextTest/BadBlockStep.stapler
[INFO] /tmp/plugin-builds/workflow-cps/plugin/src/test/java/org/jenkinsci/plugins/workflow/cps/CpsStepContextTest.java:[133,16] Generating org/jenkinsci/plugins/workflow/cps/CpsStepContextTest/PassthroughStep.stapler
[INFO] /tmp/plugin-builds/workflow-cps/plugin/src/test/java/org/jenkinsci/plugins/workflow/cps/CpsThreadTest.java:[78,38] Generating org/jenkinsci/plugins/workflow/cps/CpsThreadTest/UnkillableStep.stapler
[INFO] /tmp/plugin-builds/workflow-cps/plugin/src/test/java/org/jenkinsci/plugins/workflow/cps/DSLTest.java:[113,38] Generating org/jenkinsci/plugins/workflow/cps/DSLTest/MyJoinStep.stapler
[INFO] /tmp/plugin-builds/workflow-cps/plugin/src/test/java/org/jenkinsci/plugins/workflow/cps/DSLTest.java:[155,38] Generating org/jenkinsci/plugins/workflow/cps/DSLTest/Pojo.stapler
[INFO] /tmp/plugin-builds/workflow-cps/plugin/src/test/java/org/jenkinsci/plugins/workflow/cps/DSLTest.java:[161,38] Generating org/jenkinsci/plugins/workflow/cps/DSLTest/Pops.stapler
[INFO] /tmp/plugin-builds/workflow-cps/plugin/src/test/java/org/jenkinsci/plugins/workflow/cps/DSLTest.java:[670,38] Generating org/jenkinsci/plugins/workflow/cps/DSLTest/CLStep.stapler
[INFO] /tmp/plugin-builds/workflow-cps/plugin/src/test/java/org/jenkinsci/plugins/workflow/cps/SnippetizerTest.java:[190,38] Generating org/jenkinsci/plugins/workflow/cps/SnippetizerTest/AdvancedStep.stapler
[INFO] /tmp/plugin-builds/workflow-cps/plugin/src/test/java/org/jenkinsci/plugins/workflow/cps/actions/ArgumentsActionImplTest.java:[709,16] Generating org/jenkinsci/plugins/workflow/cps/actions/ArgumentsActionImplTest/NopStep.stapler
[INFO] /tmp/plugin-builds/workflow-cps/plugin/src/test/java/org/jenkinsci/plugins/workflow/testMetaStep/AmbiguousEchoLowerStep.java:[45,12] Generating org/jenkinsci/plugins/workflow/testMetaStep/AmbiguousEchoLowerStep.stapler
[INFO] /tmp/plugin-builds/workflow-cps/plugin/src/test/java/org/jenkinsci/plugins/workflow/testMetaStep/AmbiguousEchoUpperStep.java:[44,12] Generating org/jenkinsci/plugins/workflow/testMetaStep/AmbiguousEchoUpperStep.stapler
[INFO] /tmp/plugin-builds/workflow-cps/plugin/src/test/java/org/jenkinsci/plugins/workflow/testMetaStep/California.java:[22,12] Generating org/jenkinsci/plugins/workflow/testMetaStep/California.stapler
[INFO] /tmp/plugin-builds/workflow-cps/plugin/src/test/java/org/jenkinsci/plugins/workflow/testMetaStep/Circle.java:[34,34] Generating org/jenkinsci/plugins/workflow/testMetaStep/Circle.stapler
[INFO] /tmp/plugin-builds/workflow-cps/plugin/src/test/java/org/jenkinsci/plugins/workflow/testMetaStep/Colorado.java:[21,12] Generating org/jenkinsci/plugins/workflow/testMetaStep/Colorado.stapler
[INFO] /tmp/plugin-builds/workflow-cps/plugin/src/test/java/org/jenkinsci/plugins/workflow/testMetaStep/CurveMetaStep.java:[41,34] Generating org/jenkinsci/plugins/workflow/testMetaStep/CurveMetaStep.stapler
[INFO] /tmp/plugin-builds/workflow-cps/plugin/src/test/java/org/jenkinsci/plugins/workflow/testMetaStep/DisplaynameWithEscapeCharState.java:[15,12] Generating org/jenkinsci/plugins/workflow/testMetaStep/DisplaynameWithEscapeCharState.stapler
[INFO] /tmp/plugin-builds/workflow-cps/plugin/src/test/java/org/jenkinsci/plugins/workflow/testMetaStep/EchoResultStep.java:[21,12] Generating org/jenkinsci/plugins/workflow/testMetaStep/EchoResultStep.stapler
[INFO] /tmp/plugin-builds/workflow-cps/plugin/src/test/java/org/jenkinsci/plugins/workflow/testMetaStep/EchoStringAndDoubleStep.java:[22,12] Generating org/jenkinsci/plugins/workflow/testMetaStep/EchoStringAndDoubleStep.stapler
[INFO] /tmp/plugin-builds/workflow-cps/plugin/src/test/java/org/jenkinsci/plugins/workflow/testMetaStep/Hawaii.java:[20,12] Generating org/jenkinsci/plugins/workflow/testMetaStep/Hawaii.stapler
[INFO] /tmp/plugin-builds/workflow-cps/plugin/src/test/java/org/jenkinsci/plugins/workflow/testMetaStep/Island.java:[21,12] Generating org/jenkinsci/plugins/workflow/testMetaStep/Island.stapler
[INFO] /tmp/plugin-builds/workflow-cps/plugin/src/test/java/org/jenkinsci/plugins/workflow/testMetaStep/MonomorphicData.java:[14,12] Generating org/jenkinsci/plugins/workflow/testMetaStep/MonomorphicData.stapler
[INFO] /tmp/plugin-builds/workflow-cps/plugin/src/test/java/org/jenkinsci/plugins/workflow/testMetaStep/MonomorphicDataWithSymbol.java:[15,12] Generating org/jenkinsci/plugins/workflow/testMetaStep/MonomorphicDataWithSymbol.stapler
[INFO] /tmp/plugin-builds/workflow-cps/plugin/src/test/java/org/jenkinsci/plugins/workflow/testMetaStep/MonomorphicListStep.java:[25,12] Generating org/jenkinsci/plugins/workflow/testMetaStep/MonomorphicListStep.stapler
[INFO] /tmp/plugin-builds/workflow-cps/plugin/src/test/java/org/jenkinsci/plugins/workflow/testMetaStep/MonomorphicListWithSymbolStep.java:[25,12] Generating org/jenkinsci/plugins/workflow/testMetaStep/MonomorphicListWithSymbolStep.stapler
[INFO] /tmp/plugin-builds/workflow-cps/plugin/src/test/java/org/jenkinsci/plugins/workflow/testMetaStep/MonomorphicStep.java:[25,12] Generating org/jenkinsci/plugins/workflow/testMetaStep/MonomorphicStep.stapler
[INFO] /tmp/plugin-builds/workflow-cps/plugin/src/test/java/org/jenkinsci/plugins/workflow/testMetaStep/MonomorphicWithSymbolStep.java:[23,12] Generating org/jenkinsci/plugins/workflow/testMetaStep/MonomorphicWithSymbolStep.stapler
[INFO] /tmp/plugin-builds/workflow-cps/plugin/src/test/java/org/jenkinsci/plugins/workflow/testMetaStep/MultiShape.java:[38,34] Generating org/jenkinsci/plugins/workflow/testMetaStep/MultiShape.stapler
[INFO] /tmp/plugin-builds/workflow-cps/plugin/src/test/java/org/jenkinsci/plugins/workflow/testMetaStep/Nevada.java:[19,12] Generating org/jenkinsci/plugins/workflow/testMetaStep/Nevada.stapler
[INFO] /tmp/plugin-builds/workflow-cps/plugin/src/test/java/org/jenkinsci/plugins/workflow/testMetaStep/NewYork.java:[23,12] Generating org/jenkinsci/plugins/workflow/testMetaStep/NewYork.stapler
[INFO] /tmp/plugin-builds/workflow-cps/plugin/src/test/java/org/jenkinsci/plugins/workflow/testMetaStep/OrStep.java:[20,12] Generating org/jenkinsci/plugins/workflow/testMetaStep/OrStep.stapler
[INFO] /tmp/plugin-builds/workflow-cps/plugin/src/test/java/org/jenkinsci/plugins/workflow/testMetaStep/Oregon.java:[20,12] Generating org/jenkinsci/plugins/workflow/testMetaStep/Oregon.stapler
[INFO] /tmp/plugin-builds/workflow-cps/plugin/src/test/java/org/jenkinsci/plugins/workflow/testMetaStep/Polygon.java:[36,34] Generating org/jenkinsci/plugins/workflow/testMetaStep/Polygon.stapler
[INFO] /tmp/plugin-builds/workflow-cps/plugin/src/test/java/org/jenkinsci/plugins/workflow/testMetaStep/StateMetaStep.java:[28,12] Generating org/jenkinsci/plugins/workflow/testMetaStep/StateMetaStep.stapler
[INFO] /tmp/plugin-builds/workflow-cps/plugin/src/test/java/org/jenkinsci/plugins/workflow/testMetaStep/chemical/CarbonMonoxide.java:[20,12] Generating org/jenkinsci/plugins/workflow/testMetaStep/chemical/CarbonMonoxide.stapler
[INFO] /tmp/plugin-builds/workflow-cps/plugin/src/test/java/org/jenkinsci/plugins/workflow/testMetaStep/chemical/DetectionMetaStep.java:[24,12] Generating org/jenkinsci/plugins/workflow/testMetaStep/chemical/DetectionMetaStep.stapler
[WARNING] /tmp/plugin-builds/workflow-cps/plugin/src/test/java/org/jenkinsci/plugins/workflow/cps/CpsFlowExecutionTest.java: unknown enum constant com.google.j2objc.annotations.ReflectionSupport.Level.FULL
  reason: class file for com.google.j2objc.annotations.ReflectionSupport$Level not found
[INFO] /tmp/plugin-builds/workflow-cps/plugin/src/test/java/org/jenkinsci/plugins/workflow/DynamicEnvironmentExpanderTest.java: Some input files use or override a deprecated API.
[INFO] /tmp/plugin-builds/workflow-cps/plugin/src/test/java/org/jenkinsci/plugins/workflow/DynamicEnvironmentExpanderTest.java: Recompile with -Xlint:deprecation for details.
[INFO] /tmp/plugin-builds/workflow-cps/plugin/src/test/java/org/jenkinsci/plugins/workflow/cps/FlowDurabilityTest.java: Some input files use unchecked or unsafe operations.
[INFO] /tmp/plugin-builds/workflow-cps/plugin/src/test/java/org/jenkinsci/plugins/workflow/cps/FlowDurabilityTest.java: Recompile with -Xlint:unchecked for details.
[INFO] 
[INFO] --- hpi:3.63:test-hpl (default-test-hpl) @ workflow-cps ---
[INFO] Generating /tmp/plugin-builds/workflow-cps/plugin/target/test-classes/the.hpl
[INFO] 
[INFO] --- hpi:3.63:resolve-test-dependencies (default-resolve-test-dependencies) @ workflow-cps ---
Downloading from repo.jenkins-ci.org: https://repo.jenkins-ci.org/public/org/jenkins-ci/plugins/metrics/4.2.21-464.vc9fa_a_0d6265d/metrics-4.2.21-464.vc9fa_a_0d6265d.hpi
Progress (1): 16/363 kBProgress (1): 17/363 kBProgress (1): 33/363 kBProgress (1): 34/363 kBProgress (1): 51/363 kBProgress (1): 52/363 kBProgress (1): 68/363 kBProgress (1): 69/363 kBProgress (1): 85/363 kBProgress (1): 86/363 kBProgress (1): 103/363 kBProgress (1): 104/363 kBProgress (1): 120/363 kBProgress (1): 121/363 kBProgress (1): 138/363 kBProgress (1): 139/363 kBProgress (1): 155/363 kBProgress (1): 156/363 kBProgress (1): 172/363 kBProgress (1): 173/363 kBProgress (1): 190/363 kBProgress (1): 191/363 kBProgress (1): 207/363 kBProgress (1): 208/363 kBProgress (1): 225/363 kBProgress (1): 226/363 kBProgress (1): 242/363 kBProgress (1): 243/363 kBProgress (1): 260/363 kBProgress (1): 261/363 kBProgress (1): 277/363 kBProgress (1): 278/363 kBProgress (1): 294/363 kBProgress (1): 295/363 kBProgress (1): 312/363 kBProgress (1): 313/363 kBProgress (1): 329/363 kBProgress (1): 330/363 kBProgress (1): 347/363 kBProgress (1): 348/363 kBProgress (1): 363 kB                        Downloaded from repo.jenkins-ci.org: https://repo.jenkins-ci.org/public/org/jenkins-ci/plugins/metrics/4.2.21-464.vc9fa_a_0d6265d/metrics-4.2.21-464.vc9fa_a_0d6265d.hpi (363 kB at 260 kB/s)
Downloading from repo.jenkins-ci.org: https://repo.jenkins-ci.org/public/org/jenkins-ci/plugins/pipeline-build-step/557.v95d96f77b_2b_8/pipeline-build-step-557.v95d96f77b_2b_8.hpi
Downloading from repo.jenkins-ci.org: https://repo.jenkins-ci.org/public/org/jenkins-ci/plugins/support-core/1671.v1a_d55b_86706a_/support-core-1671.v1a_d55b_86706a_.hpi
Progress (1): 0.4/54 kBProgress (1): 1.8/54 kBProgress (1): 3.2/54 kBProgress (1): 4.6/54 kBProgress (1): 6.0/54 kBProgress (1): 7.4/54 kBProgress (1): 8.8/54 kBProgress (1): 10/54 kB Progress (1): 12/54 kBProgress (1): 13/54 kBProgress (1): 14/54 kBProgress (1): 16/54 kBProgress (1): 16/54 kBProgress (1): 17/54 kBProgress (1): 19/54 kBProgress (1): 20/54 kBProgress (1): 21/54 kBProgress (1): 23/54 kBProgress (1): 24/54 kBProgress (1): 26/54 kBProgress (1): 27/54 kBProgress (1): 28/54 kBProgress (1): 30/54 kBProgress (1): 31/54 kBProgress (1): 33/54 kBProgress (1): 34/54 kBProgress (1): 35/54 kBProgress (1): 37/54 kBProgress (1): 38/54 kBProgress (1): 40/54 kBProgress (1): 41/54 kBProgress (1): 42/54 kBProgress (1): 44/54 kBProgress (1): 45/54 kBProgress (1): 47/54 kBProgress (1): 48/54 kBProgress (1): 49/54 kBProgress (1): 51/54 kBProgress (1): 52/54 kBProgress (1): 54/54 kBProgress (1): 54 kB                      Downloaded from repo.jenkins-ci.org: https://repo.jenkins-ci.org/public/org/jenkins-ci/plugins/pipeline-build-step/557.v95d96f77b_2b_8/pipeline-build-step-557.v95d96f77b_2b_8.hpi (54 kB at 203 kB/s)
Progress (1): 16/864 kBProgress (1): 17/864 kBProgress (1): 33/864 kBProgress (1): 34/864 kBProgress (1): 51/864 kBProgress (1): 52/864 kBProgress (1): 68/864 kBProgress (1): 69/864 kBProgress (1): 85/864 kBProgress (1): 86/864 kBProgress (1): 103/864 kBProgress (1): 104/864 kBProgress (1): 120/864 kBProgress (1): 121/864 kBProgress (1): 138/864 kBProgress (1): 139/864 kBProgress (1): 155/864 kBProgress (1): 156/864 kBProgress (1): 172/864 kBProgress (1): 173/864 kBProgress (1): 188/864 kBProgress (1): 197/864 kBProgress (1): 214/864 kBProgress (1): 215/864 kBProgress (1): 231/864 kBProgress (1): 232/864 kBProgress (1): 249/864 kBProgress (1): 250/864 kBProgress (1): 266/864 kBProgress (1): 267/864 kBProgress (1): 283/864 kBProgress (1): 284/864 kBProgress (1): 301/864 kBProgress (1): 302/864 kBProgress (1): 314/864 kBProgress (1): 331/864 kBProgress (1): 332/864 kBProgress (1): 348/864 kBProgress (1): 349/864 kBProgress (1): 366/864 kBProgress (1): 367/864 kBProgress (1): 377/864 kBProgress (1): 384/864 kBProgress (1): 400/864 kBProgress (1): 401/864 kBProgress (1): 418/864 kBProgress (1): 419/864 kBProgress (1): 435/864 kBProgress (1): 436/864 kBProgress (1): 453/864 kBProgress (1): 454/864 kBProgress (1): 470/864 kBProgress (1): 471/864 kBProgress (1): 487/864 kBProgress (1): 488/864 kBProgress (1): 505/864 kBProgress (1): 506/864 kBProgress (1): 522/864 kBProgress (1): 523/864 kBProgress (1): 540/864 kBProgress (1): 541/864 kBProgress (1): 557/864 kBProgress (1): 558/864 kBProgress (1): 574/864 kBProgress (1): 575/864 kBProgress (1): 592/864 kBProgress (1): 593/864 kBProgress (1): 609/864 kBProgress (1): 610/864 kBProgress (1): 627/864 kBProgress (1): 628/864 kBProgress (1): 644/864 kBProgress (1): 645/864 kBProgress (1): 662/864 kBProgress (1): 663/864 kBProgress (1): 679/864 kBProgress (1): 680/864 kBProgress (1): 696/864 kBProgress (1): 697/864 kBProgress (1): 714/864 kBProgress (1): 715/864 kBProgress (1): 731/864 kBProgress (1): 732/864 kBProgress (1): 749/864 kBProgress (1): 750/864 kBProgress (1): 766/864 kBProgress (1): 767/864 kBProgress (1): 783/864 kBProgress (1): 784/864 kBProgress (1): 801/864 kBProgress (1): 802/864 kBProgress (1): 818/864 kBProgress (1): 819/864 kBProgress (1): 836/864 kBProgress (1): 837/864 kBProgress (1): 853/864 kBProgress (1): 854/864 kBProgress (1): 864 kB                        Downloaded from repo.jenkins-ci.org: https://repo.jenkins-ci.org/public/org/jenkins-ci/plugins/support-core/1671.v1a_d55b_86706a_/support-core-1671.v1a_d55b_86706a_.hpi (864 kB at 525 kB/s)
[INFO] 
[INFO] --- hpi:3.63:test-runtime (default-test-runtime) @ workflow-cps ---
[INFO] Tests are skipped.
[INFO] 
[INFO] --- surefire:3.5.3:test (default-test) @ workflow-cps ---
[INFO] Tests are skipped.
[INFO] 
[INFO] --- frontend:1.15.1:corepack (yarn mvntest) @ workflow-cps ---
[INFO] Skipping execution.
[INFO] 
[INFO] --- license:165.v7e11f4e4a_325:process (default) @ workflow-cps ---
[INFO] 
[INFO] --- hpi:3.63:hpi (default-hpi) @ workflow-cps ---
[INFO] Generating /tmp/plugin-builds/workflow-cps/plugin/target/workflow-cps/META-INF/MANIFEST.MF
[INFO] Checking for attached .jar artifact ...
[INFO] Generating jar /tmp/plugin-builds/workflow-cps/plugin/target/workflow-cps.jar
[INFO] Building jar: /tmp/plugin-builds/workflow-cps/plugin/target/workflow-cps.jar
[INFO] Exploding webapp...
[INFO] Copy webapp webResources to /tmp/plugin-builds/workflow-cps/plugin/target/workflow-cps
[INFO] Assembling webapp workflow-cps in /tmp/plugin-builds/workflow-cps/plugin/target/workflow-cps
[INFO] Bundling direct dependency diff4j-1.3.jar
[INFO] Bundling direct dependency groovy-cps-999999-SNAPSHOT.jar
[INFO] Generating hpi /tmp/plugin-builds/workflow-cps/plugin/target/workflow-cps.hpi
[INFO] Building jar: /tmp/plugin-builds/workflow-cps/plugin/target/workflow-cps.hpi
[INFO] 
[INFO] --- jar:3.4.2:test-jar (maybe-test-jar) @ workflow-cps ---
[INFO] Building jar: /tmp/plugin-builds/workflow-cps/plugin/target/workflow-cps-tests.jar
[INFO] 
[INFO] >>> spotbugs:4.9.3.0:check (spotbugs) > :spotbugs @ workflow-cps >>>
[INFO] 
[INFO] --- spotbugs:4.9.3.0:spotbugs (spotbugs) @ workflow-cps ---
[INFO] Skipping com.github.spotbugs:spotbugs-maven-plugin:4.9.3.0:spotbugs report goal
[INFO] 
[INFO] <<< spotbugs:4.9.3.0:check (spotbugs) < :spotbugs @ workflow-cps <<<
[INFO] 
[INFO] 
[INFO] --- spotbugs:4.9.3.0:check (spotbugs) @ workflow-cps ---
[INFO] Spotbugs plugin skipped
[INFO] 
[INFO] --- spotless:2.44.4:check (default) @ workflow-cps ---
[INFO] Spotless check skipped
[INFO] 
[INFO] --- install:3.1.4:install (default-install) @ workflow-cps ---
[INFO] Installing /tmp/plugin-builds/workflow-cps/plugin/target/workflow-cps-999999-SNAPSHOT.pom to /home/poddingue/.m2/repository/org/jenkins-ci/plugins/workflow/workflow-cps/999999-SNAPSHOT/workflow-cps-999999-SNAPSHOT.pom
[INFO] Installing /tmp/plugin-builds/workflow-cps/plugin/target/workflow-cps.hpi to /home/poddingue/.m2/repository/org/jenkins-ci/plugins/workflow/workflow-cps/999999-SNAPSHOT/workflow-cps-999999-SNAPSHOT.hpi
[INFO] Installing /tmp/plugin-builds/workflow-cps/plugin/target/workflow-cps.jar to /home/poddingue/.m2/repository/org/jenkins-ci/plugins/workflow/workflow-cps/999999-SNAPSHOT/workflow-cps-999999-SNAPSHOT.jar
[INFO] Installing /tmp/plugin-builds/workflow-cps/plugin/target/workflow-cps-tests.jar to /home/poddingue/.m2/repository/org/jenkins-ci/plugins/workflow/workflow-cps/999999-SNAPSHOT/workflow-cps-999999-SNAPSHOT-tests.jar
[INFO] ------------------------------------------------------------------------
[INFO] Reactor Summary for Pipeline: Groovy Parent 999999-SNAPSHOT:
[INFO] 
[INFO] Pipeline: Groovy Parent ............................ SUCCESS [  2.498 s]
[INFO] CpsDefaultGroovyMethods generator .................. SUCCESS [ 12.407 s]
[INFO] Groovy CPS Execution ............................... SUCCESS [ 17.380 s]
[INFO] Pipeline: Groovy ................................... SUCCESS [ 41.935 s]
[INFO] ------------------------------------------------------------------------
[INFO] BUILD SUCCESS
[INFO] ------------------------------------------------------------------------
[INFO] Total time:  01:15 min
[INFO] Finished at: 2025-06-22T14:52:55+02:00
[INFO] ------------------------------------------------------------------------
