WARNING: A restricted method in java.lang.System has been called
WARNING: java.lang.System::load has been called by org.fusesource.jansi.internal.JansiLoader in an unnamed module (file:/home/poddingue/.sdkman/candidates/maven/current/lib/jansi-2.4.1.jar)
WARNING: Use --enable-native-access=ALL-UNNAMED to avoid a warning for callers in this module
WARNING: Restricted methods will be blocked in a future release unless native access is enabled

WARNING: A terminally deprecated method in sun.misc.Unsafe has been called
WARNING: sun.misc.Unsafe::objectFieldOffset has been called by com.google.common.util.concurrent.AbstractFuture$UnsafeAtomicHelper (file:/home/poddingue/.sdkman/candidates/maven/current/lib/guava-33.2.1-jre.jar)
WARNING: Please consider reporting this to the maintainers of class com.google.common.util.concurrent.AbstractFuture$UnsafeAtomicHelper
WARNING: sun.misc.Unsafe::objectFieldOffset will be removed in a future release
[INFO] Scanning for projects...
[INFO] 
[INFO] ----------< org.jenkins-ci.plugins.workflow:workflow-support >----------
[INFO] Building Pipeline: Supporting APIs 999999-SNAPSHOT
[INFO]   from pom.xml
[INFO] --------------------------------[ hpi ]---------------------------------
[WARNING] The POM for org.codehaus.groovy:groovy-all:jar:4.0.15 is missing, no dependency information available
[INFO] ------------------------------------------------------------------------
[INFO] BUILD FAILURE
[INFO] ------------------------------------------------------------------------
[INFO] Total time:  1.491 s
[INFO] Finished at: 2025-06-21T18:59:35+02:00
[INFO] ------------------------------------------------------------------------
[ERROR] Failed to execute goal on project workflow-support: Could not resolve dependencies for project org.jenkins-ci.plugins.workflow:workflow-support:hpi:999999-SNAPSHOT
[ERROR] dependency: org.codehaus.groovy:groovy-all:jar:4.0.15 (provided)
[ERROR] 	org.codehaus.groovy:groovy-all:jar:4.0.15 was not found in https://repo.jenkins-ci.org/public/ during a previous attempt. This failure was cached in the local repository and resolution is not reattempted until the update interval of repo.jenkins-ci.org has elapsed or updates are forced
[ERROR] 	org.codehaus.groovy:groovy-all:jar:4.0.15 was not found in https://repo.jenkins-ci.org/incrementals/ during a previous attempt. This failure was cached in the local repository and resolution is not reattempted until the update interval of incrementals has elapsed or updates are forced
[ERROR] 	org.codehaus.groovy:groovy-all:jar:4.0.15 was not found in https://repo.maven.apache.org/maven2 during a previous attempt. This failure was cached in the local repository and resolution is not reattempted until the update interval of central has elapsed or updates are forced
[ERROR] 
[ERROR] -> [Help 1]
[ERROR] 
[ERROR] To see the full stack trace of the errors, re-run Maven with the -e switch.
[ERROR] Re-run Maven using the -X switch to enable full debug logging.
[ERROR] 
[ERROR] For more information about the errors and possible solutions, please read the following articles:
[ERROR] [Help 1] http://cwiki.apache.org/confluence/display/MAVEN/DependencyResolutionException
