WARNING: A terminally deprecated method in sun.misc.Unsafe has been called
WARNING: sun.misc.Unsafe::staticFieldBase has been called by com.google.inject.internal.aop.HiddenClassDefiner (file:/home/poddingue/.sdkman/candidates/maven/current/lib/guice-5.1.0-classes.jar)
WARNING: Please consider reporting this to the maintainers of class com.google.inject.internal.aop.HiddenClassDefiner
WARNING: sun.misc.Unsafe::staticFieldBase will be removed in a future release
[INFO] Scanning for projects...
[INFO] 
[INFO] Using the MultiThreadedBuilder implementation with a thread count of 4
[INFO] 
[INFO] ---------< org.jenkins-ci.plugins.workflow:workflow-step-api >----------
[INFO] Building Pipeline: Step API 999999-SNAPSHOT
[INFO]   from pom.xml
[INFO] --------------------------------[ hpi ]---------------------------------
[INFO] 
[INFO] --- clean:3.4.1:clean (default-clean) @ workflow-step-api ---
[INFO] 
[INFO] --- hpi:3.61:validate (default-validate) @ workflow-step-api ---
[INFO] Created marker file /tmp/plugin-builds/workflow-step-api/target/java-level/17
[INFO] 
[INFO] --- hpi:3.61:validate-hpi (default-validate-hpi) @ workflow-step-api ---
[INFO] 
[INFO] --- enforcer:3.5.0:enforce (display-info) @ workflow-step-api ---
[INFO] Rule 0: io.jenkins.tools.incrementals.enforcer.RequireExtensionVersion passed
[INFO] Rule 1: org.apache.maven.enforcer.rules.version.RequireMavenVersion passed
[INFO] Rule 2: org.apache.maven.enforcer.rules.version.RequireJavaVersion passed
[INFO] Rule 3: org.codehaus.mojo.extraenforcer.dependencies.EnforceBytecodeVersion passed
[INFO] Rule 4: org.apache.maven.enforcer.rules.dependency.BannedDependencies passed
[INFO] Rule 5: org.apache.maven.enforcer.rules.dependency.BannedDependencies passed
[INFO] Rule 6: org.apache.maven.enforcer.rules.dependency.RequireUpperBoundDeps passed
[INFO] 
[INFO] --- enforcer:3.5.0:enforce (no-snapshots-in-release) @ workflow-step-api ---
[INFO] Rule 0: org.apache.maven.enforcer.rules.dependency.RequireReleaseDeps passed
[INFO] 
[INFO] --- localizer:1.31:generate (default) @ workflow-step-api ---
[INFO] 
[INFO] --- resources:3.3.1:resources (default-resources) @ workflow-step-api ---
[INFO] Copying 1 resource from src/main/resources to target/classes
[INFO] 
[INFO] --- flatten:1.7.0:flatten (flatten) @ workflow-step-api ---
[INFO] Generating flattened POM of project org.jenkins-ci.plugins.workflow:workflow-step-api:hpi:999999-SNAPSHOT...
[INFO] 
[INFO] --- compiler:3.14.0:compile (default-compile) @ workflow-step-api ---
[INFO] Recompiling the module because of changed source code.
[INFO] Compiling 29 source files with javac [debug parameters release 17] to target/classes
[WARNING] /tmp/plugin-builds/workflow-step-api/src/main/java/org/jenkinsci/plugins/workflow/steps/BodyInvoker.java:[100,30] deprecated item is not annotated with @Deprecated
[WARNING] /tmp/plugin-builds/workflow-step-api/src/main/java/org/jenkinsci/plugins/workflow/structs/DescribableHelper.java:[82,8] deprecated item is not annotated with @Deprecated
[INFO] /tmp/plugin-builds/workflow-step-api/src/main/java/org/jenkinsci/plugins/workflow/steps/BodyInvoker.java: Some input files use or override a deprecated API.
[INFO] /tmp/plugin-builds/workflow-step-api/src/main/java/org/jenkinsci/plugins/workflow/steps/BodyInvoker.java: Recompile with -Xlint:deprecation for details.
[INFO] /tmp/plugin-builds/workflow-step-api/src/main/java/org/jenkinsci/plugins/workflow/steps/ContextParameterModule.java: Some input files use unchecked or unsafe operations.
[INFO] /tmp/plugin-builds/workflow-step-api/src/main/java/org/jenkinsci/plugins/workflow/steps/ContextParameterModule.java: Recompile with -Xlint:unchecked for details.
[INFO] 
[INFO] --- access-modifier-checker:1.34:enforce (default-enforce) @ workflow-step-api ---
[INFO] 
[INFO] --- hpi:3.61:insert-test (default-insert-test) @ workflow-step-api ---
[INFO] 
[INFO] --- antrun:3.1.0:run (createTempDir) @ workflow-step-api ---
[INFO] Executing tasks
[INFO]     [mkdir] Created dir: /tmp/plugin-builds/workflow-step-api/target/tmp
[INFO] Executed tasks
[INFO] 
[INFO] --- resources:3.3.1:testResources (default-testResources) @ workflow-step-api ---
[INFO] Not copying test resources
[INFO] 
[INFO] --- compiler:3.14.0:testCompile (default-testCompile) @ workflow-step-api ---
[INFO] Not compiling test sources
[INFO] 
[INFO] --- hpi:3.61:test-hpl (default-test-hpl) @ workflow-step-api ---
[INFO] Generating /tmp/plugin-builds/workflow-step-api/target/test-classes/the.hpl
[INFO] 
[INFO] --- hpi:3.61:resolve-test-dependencies (default-resolve-test-dependencies) @ workflow-step-api ---
[INFO] 
[INFO] --- hpi:3.61:test-runtime (default-test-runtime) @ workflow-step-api ---
[INFO] Tests are skipped.
[INFO] 
[INFO] --- surefire:3.5.2:test (default-test) @ workflow-step-api ---
[INFO] Tests are skipped.
[INFO] 
[INFO] --- license:165.v7e11f4e4a_325:process (default) @ workflow-step-api ---
[INFO] ------------------------------------------------------------------------
[INFO] BUILD FAILURE
[INFO] ------------------------------------------------------------------------
[INFO] Total time:  37.244 s (Wall Clock)
[INFO] Finished at: 2025-08-22T17:48:59+02:00
[INFO] ------------------------------------------------------------------------
[ERROR] BUG! exception in phase 'semantic analysis' in source unit 'inlineScript' Unsupported class file major version 69 -> [Help 1]
[ERROR] BUG! exception in phase 'semantic analysis' in source unit 'inlineScript' Unsupported class file major version 69
[ERROR] 
[ERROR] To see the full stack trace of the errors, re-run Maven with the -e switch.
[ERROR] Re-run Maven using the -X switch to enable full debug logging.
[ERROR] 
[ERROR] For more information about the errors and possible solutions, please read the following articles:
[ERROR] [Help 1] http://cwiki.apache.org/confluence/display/MAVEN/GroovyBugError
